196
194
193
193
193
196
196
182
0
196
193
0
0
184
190
0
196
196
196
192
190
191
196
196
196
190
193
190
187
196
0
190
196
196
196
196
180
196
196
192
196
195
196
196
190
196
196
196
196
196
196
194
196
196
196
193
196
0
196
190
0
0
196
193
187
0
196
196
194
195
196
196
194
193
190
0
196
0
0
196
0
0
194
196
194
0
196
189
196
0
190
0
196
196
190
196
195
196
196
0
184
0
196
0
196
196
194
0
196
190
187
0
183
0
187
193
196
193
194
196
0
195
0
193
196
193
0
0
0
196
187
192
190
182
0
196
196
196
0
0
190
196
196
0
0
196
0
192
196
190
0
196
0
0
193
183
196
196
0
196
196
192
190
196
196
196
196
196
192
196
194
196
196
196
183
192
196
0
196
193
0
196
0
183
193
190
196
196
0
196
196
0
0
196
0
196
196
196
196
196
189
193
0
195
0
196
0
190
196
196
194
190
0
0
196
193
196
193
196
193
187
196
196
193
196
190
186
195
0
196
193
0
196
193
196
196
0
195
0
196
194
0
0
0
0
190
195
0
196
190
196
196
196
196
196
196
193
0
194
196
196
196
196
0
196
196
194
0
196
196
191
0
196
196
0
196
196
196
193
196
0
195
0
196
0
196
190
196
0
195
0
0
0
193
194
190
0
196
194
196
190
196
196
196
196
0
189
196
0
190
196
196
196
195
193
0
0
196
196
0
0
0
191
191
189
193
196
196
196
186
0
196
0
185
0
0
0
196
0
191
196
189
196
196
195
190
196
0
196
190
0
196
195
194
194
0
196
196
196
0
187
193
196
196
0
194
196
196
196
196
0
193
196
196
0
194
196
191
185
196
195
0
196
195
0
0
196
191
0
191
196
0
196
0
190
0
196
190
196
196
182
0
194
193
195
196
196
196
194
196
0
196
0
0
194
0
196
196
196
196
196
193
0
193
191
194
0
195
190
0
0
196
196
196
196
196
0
181
0
189
191
196
0
175
0
196
196
189
0
196
193
196
196
196
195
0
0
0
196
196
196
196
196
194
0
196
196
196
196
196
196
196
196
196
193
0
0
196
196
188
196
196
193
196
0
188
196
196
195
196
196
190
195
195
196
196
196
196
190
181
196
0
196
196
191
195
195
196
182
0
0
0
196
196
0
190
196
