0
5178
5282
5190
5054
5061
5214
5246
5247
5188
5266
5274
5294
0
5234
5241
5014
5195
5289
5217
5082
5045
0
5157
4942
5256
5092
5284
5246
0
0
5208
5206
5265
5290
5094
5207
0
5251
0
0
5163
5245
5039
5250
5254
5093
4927
5241
5265
5228
5028
4917
0
0
5248
0
0
5230
5069
5117
0
4663
4879
5150
4613
5292
4949
0
4304
4917
0
4933
4895
5153
4875
5247
4710
5228
4971
0
0
5170
0
5286
5040
0
4860
5247
5089
5232
0
0
5244
0
0
4505
4828
0
0
4925
5174
3979
5226
0
0
5164
5163
0
4986
5100
4136
5120
5207
0
0
5249
5256
5187
0
5140
5246
4950
5016
0
5259
5058
0
0
5294
0
5249
5253
5185
5055
4984
5221
0
5106
4950
5244
5134
4908
5064
0
5083
5078
5141
5178
0
4709
5231
5258
5036
5299
5298
4953
5078
5218
0
0
0
5295
4878
4914
4645
