153
148
148
144
153
153
151
0
153
150
151
153
153
0
153
151
154
152
150
148
154
154
153
150
153
154
153
153
151
153
0
151
0
153
150
153
153
150
153
153
150
153
0
152
150
153
154
153
148
153
154
153
153
0
153
151
153
150
139
151
151
154
150
0
154
151
153
151
154
0
150
153
151
0
151
153
153
150
153
153
150
154
144
151
153
151
0
153
153
153
151
0
153
151
146
0
153
153
150
150
151
154
153
0
153
153
0
153
151
153
0
0
148
153
153
154
151
0
153
144
153
0
150
0
151
0
153
153
153
151
0
0
151
154
0
153
153
151
153
0
153
0
152
151
0
150
153
153
144
0
153
0
153
146
153
153
153
0
154
0
151
150
148
151
153
154
154
152
153
150
153
153
151
153
0
154
0
153
151
0
153
151
0
151
153
150
0
154
153
154
153
153
0
150
150
153
151
0
150
153
153
153
153
154
153
153
154
151
150
0
151
153
154
151
151
153
153
153
151
151
153
153
150
151
154
154
146
0
0
151
151
151
0
154
148
153
154
151
150
151
0
151
153
153
150
146
153
153
153
0
150
146
152
0
154
149
153
153
152
150
154
153
154
0
153
150
0
151
0
0
150
154
150
0
0
153
154
151
0
136
153
148
0
0
0
151
0
153
153
0
0
0
153
0
0
0
140
153
0
150
154
151
153
146
0
153
0
154
150
153
150
153
151
0
151
150
144
151
0
152
153
0
151
154
153
153
151
151
151
150
153
153
150
0
153
0
153
0
150
0
151
0
153
0
150
150
153
0
150
150
153
0
153
153
0
154
153
153
150
0
151
140
0
153
149
153
0
153
154
152
154
152
154
150
152
153
150
154
153
0
0
150
153
153
0
154
150
151
151
0
150
153
146
0
150
154
0
150
151
153
153
151
150
0
154
150
150
150
0
153
154
0
0
150
0
153
0
153
153
153
153
151
0
0
153
151
0
154
146
153
150
150
151
154
153
154
153
153
153
0
150
153
153
151
154
146
150
150
0
153
154
151
153
153
153
0
0
153
0
151
154
0
154
150
0
151
150
0
149
0
0
144
151
0
154
150
153
153
153
153
153
150
154
152
150
0
153
0
0
154
154
150
0
154
