5234
5164
5284
0
5291
5302
5302
5304
0
5313
5302
5114
5278
5302
5184
5091
5213
5281
5326
5108
5313
5197
5195
5265
5212
5262
0
5222
5213
5314
5323
5202
5316
5231
5274
5216
5323
5249
0
5206
5323
5122
5208
5087
5323
5300
5316
5236
5309
0
5278
5274
5314
5199
5278
5273
5217
5312
5323
0
5251
5299
5194
5224
5163
0
5278
5292
5318
5304
0
5278
5313
0
5249
5245
5211
5317
5195
5237
5313
0
5249
5244
5226
0
5249
5278
0
0
5298
5224
0
5308
5292
5282
5278
5267
5243
5325
5312
5272
5292
5265
5278
5302
5262
5273
5301
5302
5311
5253
5058
5199
5253
5254
5312
5302
5302
5317
5273
5272
0
5308
5160
5317
5234
5292
4993
5199
5326
0
5247
5313
5321
5207
5207
5283
5312
5216
5322
5286
5326
0
5283
5276
5245
5208
5148
5310
5197
5263
5063
5318
5322
5307
5195
5172
0
5200
5262
5248
5300
5322
5310
5317
5298
5185
0
5299
5321
5311
5323
5287
5272
5293
5307
5310
5322
5187
5324
5315
0
5159
5264
5311
5248
5197
5298
5312
5160
5297
5090
0
5307
5272
5215
5193
5215
5175
5309
5300
5307
5286
5325
5277
5185
5298
5325
5311
5284
5298
5166
5221
5301
5313
5309
5207
5301
5322
5307
0
5086
5298
5257
5276
5301
5283
5117
5228
5316
5298
5196
5244
5262
5218
5063
5298
5291
0
5290
5155
5211
5210
5217
5318
5301
0
5309
0
5324
5313
5316
0
5240
0
0
5261
5272
5261
5223
5274
5210
5277
5236
5205
0
5276
5290
5298
5274
0
5102
0
0
5312
5311
5271
5298
5301
5271
5283
5208
5292
5321
5315
5223
5323
5261
5297
5278
5065
5253
5217
5316
5324
5310
0
5298
5316
5197
5315
5044
5198
5098
5310
5311
0
5198
5315
5235
5189
5301
5316
5301
5277
5324
5310
5223
5279
5311
5248
5323
5290
5290
5187
5301
0
5300
5322
5310
5317
5122
5173
0
0
5194
5216
5171
5238
5250
5307
5295
0
4826
5213
4967
5301
5264
4849
5076
5134
5317
5187
5325
5301
5250
5298
5316
5166
5315
5168
5225
5197
5077
5195
5260
5261
5299
5316
5325
5177
5189
5298
5324
5194
5313
5317
5238
5165
0
5324
5185
5277
5310
5324
0
5273
5197
5208
0
5236
5272
5283
5113
0
0
5309
5301
5220
5303
5293
5322
5293
5253
5196
0
5317
0
5316
5297
5298
5272
5322
0
5187
5285
5316
5252
5277
5238
5255
5252
5124
5316
5250
5240
5215
5228
0
5281
5311
5274
5248
5322
5046
5298
5189
5303
5144
5288
0
5017
5274
5309
5216
4976
5292
5298
5068
5198
5252
5145
5279
5117
5189
5132
5151
5317
5307
5292
5043
5233
5207
5316
5316
5324
5271
5298
5309
5311
5187
5121
5270
5298
5147
5276
5316
5258
5260
5066
5323
5261
5212
5282
5175
5298
5172
5322
5301
5260
5165
5285
5199
5316
0
5307
5313
5165
5290
5311
0
5134
5308
0
5174
5102
5212
5281
5279
5102
5216
5235
5208
5146
5189
5200
5021
5288
5323
5311
5324
5299
5277
5223
5299
5312
5260
5257
5315
5233
5318
5299
5301
5029
5291
5323
5308
5304
5322
5277
0
5200
0
5260
5298
5299
5276
5316
0
5303
5219
5260
5291
5118
5277
5228
5310
5095
5186
5304
5324
5285
5307
5197
5289
5301
5128
5297
5184
5283
5298
5271
5301
5316
5315
5193
0
5253
5298
5324
5309
5317
5235
5234
5308
5317
5190
5215
5303
0
5222
5168
5220
5278
5325
5326
5317
5236
5219
5323
4988
5317
5317
5318
5299
5278
5313
5302
5236
5216
5195
5321
5130
5284
5263
5272
5230
5273
5032
5233
5310
5216
5154
5321
0
5216
0
5302
5273
5308
5265
5277
5299
5317
5226
5280
5198
5206
5195
5315
5324
5299
0
5281
5277
5277
5262
4815
5259
5172
5301
5216
5324
5102
5318
5262
5251
5261
4970
5326
5321
5311
5243
5217
5315
5211
5274
0
5286
5310
5249
5247
5216
5278
5251
5278
5317
5293
5323
5066
5211
5140
5317
5197
5222
5077
0
5312
5206
5302
5168
5256
5309
5201
5219
5216
5273
5082
5275
5314
5326
5273
5230
0
5221
5265
5299
5292
5265
5291
5273
5298
0
0
0
5315
0
5285
5294
5026
5098
4992
5044
0
5188
5147
5274
5310
5161
5275
5278
5196
5322
5310
5291
5249
5308
5190
5299
5323
0
5278
5319
5278
0
5152
5317
5299
5152
5308
5281
5284
5321
5243
5302
5195
5308
5326
5279
5300
5135
4812
5302
5299
5318
5317
5197
0
5321
5165
5290
5046
5313
5323
5299
5102
5313
5249
5200
5131
5301
5151
5277
5325
5284
5317
5284
5319
5262
5155
5317
5308
5273
5311
5314
5190
5263
5229
5327
4984
5243
5284
5121
5317
5024
5265
5209
5179
5289
5308
5151
5310
5258
5268
5274
5311
5190
5299
0
5127
5317
5277
5186
5317
5286
5302
5302
5314
5199
5317
5211
5160
5317
5249
5279
5266
5184
5254
5135
5317
5318
5301
5321
0
5224
5209
5317
5190
5187
5273
5317
5261
5279
4953
5144
0
5141
0
5317
5282
5323
5190
5241
5209
5317
5029
5194
0
5206
5254
5286
5318
5163
5284
5314
5148
5310
5160
5308
5294
5286
5323
5300
5323
5262
5184
5101
5226
5318
0
5095
5317
5249
0
5317
5314
5226
5195
5259
5312
5184
0
5229
5279
5012
5019
5317
5317
5293
5229
5317
5229
0
5219
5210
5249
5165
5208
0
5169
5298
5273
