83
85
0
80
0
77
85
85
83
84
82
84
85
0
85
85
85
85
0
84
84
85
84
83
84
81
84
83
85
0
85
0
84
82
85
85
85
82
85
83
82
84
83
84
84
83
85
0
81
0
85
85
0
84
85
84
85
85
78
83
83
85
84
78
81
81
85
85
85
84
84
0
80
85
85
85
83
82
83
85
85
85
85
74
81
82
85
85
83
84
85
84
0
82
85
0
85
84
81
85
84
85
84
83
84
85
0
0
83
0
0
0
85
85
0
0
85
83
85
0
84
81
0
80
0
82
0
81
84
82
0
77
0
83
84
82
85
84
84
0
79
80
85
85
85
85
83
83
84
83
0
85
84
84
85
85
77
0
0
85
85
85
84
85
83
82
85
80
85
83
0
80
85
85
0
84
84
0
83
85
82
85
0
0
0
85
85
80
85
84
0
84
83
83
0
83
83
0
0
85
85
85
85
83
82
85
84
84
80
84
0
81
83
84
85
0
0
80
84
81
85
84
83
85
85
85
85
84
0
85
85
0
0
83
84
0
83
85
81
81
83
85
84
85
85
84
0
80
81
84
85
82
81
81
84
80
83
81
83
0
85
83
85
83
0
85
0
84
85
84
85
0
83
0
84
0
0
0
0
85
0
82
82
84
85
85
85
84
83
0
0
82
83
0
83
85
85
0
85
85
85
0
83
0
83
0
84
81
81
85
85
85
85
0
85
0
0
0
80
0
81
84
84
80
84
81
0
0
0
0
0
84
81
85
0
0
0
85
81
85
82
0
84
81
84
85
83
83
83
85
85
85
0
84
0
85
0
82
84
83
81
84
83
0
0
83
84
84
0
78
84
0
85
80
0
77
0
0
85
85
85
84
0
84
85
84
81
0
85
83
83
85
81
80
0
84
82
85
83
84
83
83
83
0
0
84
85
81
85
80
0
84
84
85
84
83
85
80
84
84
0
85
82
83
85
85
0
0
0
81
0
0
82
85
83
84
0
84
0
84
0
0
84
0
0
0
0
85
0
85
83
82
84
0
84
85
84
85
0
85
84
0
85
84
83
0
85
0
82
83
85
0
84
81
85
0
0
85
81
84
0
85
0
77
0
83
0
85
85
0
83
84
83
85
0
84
83
0
82
0
