5279
5059
5176
5298
0
4234
5111
5142
5222
5286
5298
4940
4761
0
5298
0
5293
5150
5251
5300
5357
0
4941
0
5358
0
5340
5213
5129
5336
4724
5165
5298
0
4830
0
0
4879
5141
5152
4759
5204
0
5175
5200
5279
5220
5281
5293
5324
0
5357
5303
4936
0
5129
0
0
4894
5286
0
5022
4952
0
5328
5115
5027
5055
5196
0
5314
5198
0
4921
5188
5120
4753
5220
4971
5303
5310
5338
4886
4753
5317
5196
4932
5150
0
0
4858
5035
5313
5241
0
0
5131
5046
5299
4906
5366
0
0
0
5271
0
5258
0
4635
5162
4528
0
5130
5223
5348
5302
5294
5287
5315
4432
0
5339
5186
0
5234
5044
5298
5038
5304
0
5294
5082
4647
5330
5287
5258
5333
4912
0
5358
5325
5313
5268
5358
5343
4879
5064
0
0
5314
5224
0
5027
5300
5300
4769
5189
0
0
5238
4598
5154
0
4871
0
0
0
5232
5193
0
5205
4608
5334
5123
4474
0
5314
5173
5322
5205
0
0
0
5213
5053
0
5064
0
5298
5355
0
5347
5298
4920
5135
5333
4903
5366
5195
5322
0
5357
0
4356
5312
0
5352
5246
5264
0
5281
0
5023
5151
5199
0
5352
5188
5297
4823
4526
0
0
4943
0
5126
0
5257
5307
5044
0
5330
5052
0
5033
0
5218
5140
4938
0
0
0
5152
0
0
0
0
4823
0
4947
4989
5045
5316
4947
5270
5274
5143
5185
5257
4957
5309
5306
5218
4870
5251
5255
0
5264
4884
5257
0
5143
0
0
0
5059
5077
5272
5029
5053
4972
5325
5022
5335
5251
5315
4770
5326
5058
5359
5329
0
0
0
5190
5055
5267
4219
5148
5155
4971
5354
0
4837
5311
5071
5318
5360
5192
5202
5174
4745
5351
0
5258
0
5054
5289
5300
4576
0
4782
4538
5148
0
5242
0
0
5204
0
0
4877
5142
4588
5251
4835
0
0
5317
0
5351
5294
5203
5139
0
5157
5002
0
0
5294
4841
4702
5306
5352
5053
5294
0
5088
5317
5204
5289
5272
5190
5153
5351
5353
5261
0
0
4957
0
0
0
5029
5293
0
5357
4812
5141
0
5113
5031
5097
5350
5264
5292
5313
5098
5319
5323
5296
4560
0
4970
4202
0
5153
5233
0
0
5105
4618
5255
5249
5326
4523
4982
5028
0
5153
5123
0
0
5183
5246
5028
5153
5266
5258
0
5294
5314
5357
4865
0
0
4964
5009
5051
5353
5282
4756
4815
5137
5283
4974
5069
5247
5062
5191
0
5294
5306
5294
4969
4656
0
5184
5294
5051
0
0
0
5220
0
5315
0
5229
5203
4837
5066
0
4970
5141
0
5299
5165
5294
5104
4999
5126
4782
0
5229
5099
5121
5007
5191
5325
5141
5290
4999
5126
5253
0
4765
0
5314
0
0
0
5284
0
5253
0
4286
5346
0
5161
0
4581
5321
4961
5146
5219
4769
0
5104
5295
4610
5339
0
0
5315
5015
5247
5350
5242
5141
5346
0
4286
5351
5277
4779
5066
0
5104
4960
4962
