363
360
363
0
365
365
365
366
360
0
0
349
0
366
0
363
365
365
363
365
365
0
365
366
347
0
366
363
365
365
0
365
365
365
363
0
363
366
365
365
365
363
0
0
363
0
0
0
366
0
359
351
365
365
365
365
0
351
363
363
366
351
365
365
361
365
365
365
359
361
365
359
0
363
0
366
363
0
366
363
364
365
363
366
363
359
366
360
363
365
0
365
0
365
0
362
365
362
359
366
0
365
338
0
366
365
337
363
365
366
365
366
361
340
363
0
356
0
0
366
338
366
0
366
363
365
365
0
365
0
0
351
362
363
363
360
365
365
365
365
365
365
363
365
0
0
357
363
366
366
365
340
352
363
350
341
361
361
365
350
0
0
363
341
350
363
357
363
365
365
366
0
365
0
363
365
363
0
363
362
365
363
365
366
0
336
361
363
363
363
363
365
365
365
0
365
341
0
0
350
365
365
0
365
336
0
353
365
363
361
365
357
365
365
366
366
341
366
365
363
363
0
365
366
0
365
356
366
365
0
365
365
0
363
0
365
365
357
363
341
365
363
0
356
365
365
363
364
353
365
357
358
366
344
0
363
365
366
364
361
365
366
361
361
363
0
366
365
351
365
363
341
0
353
0
357
365
349
365
365
0
359
0
360
365
0
366
365
366
361
360
366
0
0
0
361
365
365
365
351
366
0
365
340
0
338
339
0
363
365
361
365
0
0
365
362
365
350
366
366
361
350
0
365
363
366
0
363
0
0
366
0
365
365
0
363
361
0
0
0
0
0
348
365
365
365
365
365
365
0
349
365
363
365
361
0
0
363
362
365
366
366
0
363
363
365
365
365
366
366
0
349
362
366
0
365
0
365
350
365
366
360
0
0
365
365
363
362
365
0
364
365
0
365
365
336
357
363
366
363
0
361
0
365
0
350
0
363
0
0
365
365
0
366
0
365
363
366
0
365
366
360
0
363
366
342
365
358
353
363
363
352
350
366
365
366
363
0
365
366
366
357
363
366
361
366
0
365
366
363
366
365
0
352
0
365
0
363
365
363
363
363
365
365
0
365
353
366
0
366
365
363
0
363
365
365
363
0
363
357
0
366
0
365
0
