17702
16700
0
15010
15492
14775
14950
13764
16192
17366
17295
14894
15205
15805
17229
15920
15283
0
17550
0
17458
14841
16731
16827
17703
0
17699
17447
16919
17399
16920
16190
17721
17686
17461
17149
14600
17705
0
15995
16675
15997
16599
0
0
17699
17788
15439
0
17668
14885
17485
16475
16908
0
15561
15782
12343
16840
0
0
16531
16923
0
15912
16438
16878
16362
16955
14868
0
15620
16949
15965
11617
17229
0
17498
15488
17577
17014
0
16746
12778
16773
14454
16979
16447
17613
14070
17512
15644
0
0
0
0
0
0
17083
0
0
0
16665
0
15112
17530
17034
0
0
16077
16375
16731
14220
17366
16323
0
17696
17450
17331
0
14083
16431
0
0
14424
0
0
0
17526
16059
16172
17216
14141
0
0
13299
16150
12618
17329
16010
0
0
17226
17699
17722
0
16261
0
16085
17457
0
15658
16027
17208
0
15961
0
14651
15808
0
0
17144
17061
0
16858
16692
17231
0
0
17647
16035
17493
0
17763
0
14468
16782
17257
14233
0
0
17704
17194
11919
16568
17207
17129
10657
16813
16324
16248
17757
0
0
16148
0
12746
16931
16393
0
15175
13625
16477
0
14973
0
17731
17021
0
0
17670
16216
17519
17576
0
0
15959
16604
16650
0
0
17755
13596
17666
0
15769
17705
16928
15913
17469
17183
14586
15789
15824
14292
17451
0
17097
16947
17039
17399
16649
0
0
17050
0
0
14402
17620
16742
0
17126
17742
0
17030
0
17448
0
15619
14755
16347
17275
17751
0
0
16113
17117
17781
17412
15089
13896
12318
16042
17200
0
0
17504
17580
17060
17106
17585
0
0
0
14619
15696
0
12629
0
0
16596
15157
16497
0
17432
15994
17444
17351
16042
9621
0
0
15987
16415
12563
17130
16478
17696
17045
16535
10577
16848
0
0
15891
17373
16738
17673
16263
17704
13952
17185
17321
16368
16493
17647
0
17527
17359
15633
17562
15195
0
0
16724
17457
16481
16309
11400
16155
0
16508
14859
17635
0
16745
17513
17268
14063
17334
15277
10703
0
15613
0
17265
14630
0
14516
15366
14988
12762
13144
0
17302
17692
0
17304
16969
17681
0
14971
0
17185
12549
15551
16294
14420
13338
15520
16892
14597
15820
16595
17095
14421
17229
0
16683
0
16404
17596
17667
14453
17206
10870
0
17182
16668
0
17453
0
15952
16964
16926
0
0
16552
16009
15415
17457
17147
17331
0
17205
15579
13499
0
17515
16159
16815
0
16215
17407
13817
14988
0
17466
15945
17004
15169
0
16298
0
17378
16373
17451
13245
0
13732
17783
0
17574
16732
17318
17696
16545
14093
17547
13570
17028
16686
11667
0
15244
0
17525
0
17426
0
17582
15892
17690
0
16710
14074
0
17088
0
15467
16862
13335
0
14639
17296
17711
16241
0
0
0
17619
17717
17571
14844
17478
17572
17662
17186
14574
15483
16629
15829
16082
0
14995
10194
15108
15094
15403
17549
15709
16371
0
0
