5249
0
5120
0
5158
5198
4997
0
5200
4750
4731
5299
0
0
5306
4797
5088
5088
5119
5281
4884
4834
5159
5328
5254
5225
0
5231
0
5286
0
5021
0
4818
0
5257
5244
5321
5062
5102
0
5325
0
5317
5199
0
4921
4985
5128
4901
5271
5056
5115
4938
5289
0
0
4688
5267
5183
5326
4960
5089
4303
0
4994
5099
0
4997
0
0
5180
5267
5156
5138
0
5125
0
4905
0
4925
5067
0
5194
0
5315
5303
4892
4853
5287
5222
5115
5119
0
4992
5036
5228
5283
5316
5056
5240
4920
5303
3974
4559
5035
5297
5025
5047
4893
5288
4445
5138
5167
4128
0
0
5283
5112
5199
5063
5200
5282
5132
5034
4803
4916
4798
5312
0
5246
0
5316
4893
5296
5287
4590
5038
5302
0
0
5303
4730
5178
5162
5182
4656
4044
5069
0
0
0
4435
5122
5048
5203
0
0
5334
5258
4161
5269
0
5164
0
5298
4407
0
5032
4449
0
0
5287
5169
5123
5319
5186
5119
0
4104
5172
3366
4647
4619
4942
0
0
0
0
4859
5061
5328
5011
5288
4675
4720
5068
4975
4834
5289
5154
4899
5209
0
5009
5266
5299
5269
4983
4989
5017
5224
5076
0
5185
5253
5273
0
4797
4921
0
0
5312
5135
5209
4644
5293
5295
4995
5310
5325
5077
4832
4888
5130
5301
4548
4597
5137
5328
0
5141
5101
5035
5248
5068
0
5203
5321
4876
5333
5300
4817
0
5137
0
5282
5324
5331
4499
4951
4864
5072
0
5168
4635
0
4420
5064
0
0
4995
4124
5202
4890
5299
0
4481
4980
0
5215
0
0
5119
5214
5124
0
5097
4888
5037
4959
5070
5232
4714
5261
0
5095
4940
0
0
5128
0
4600
5255
4878
5033
5039
4803
5272
5266
0
4714
5256
5206
4893
5110
5234
4589
4472
4826
5292
4873
5322
5268
5280
4909
5256
4869
5055
5278
4989
0
0
4001
5051
5297
5292
5009
5316
5119
5181
4965
4662
4649
5084
5031
0
4975
0
0
5311
4910
0
4784
5270
4991
5232
5242
5203
5324
0
5313
4848
5262
5231
5277
5296
5228
0
4199
0
0
0
5299
0
5244
5335
5190
5267
5029
5331
5236
5043
0
0
4948
5287
5240
4675
0
5027
4948
4997
5060
5194
5192
0
0
0
0
4723
5286
0
0
0
4910
0
5062
4491
0
5225
0
5189
5309
0
0
4681
4940
4998
0
4766
4971
5318
5126
0
0
5047
4903
4086
0
0
0
5045
5115
0
5102
5283
4694
5016
5210
4775
5196
0
5299
5309
5288
5252
5114
5150
4934
5279
0
5180
4680
5327
5290
5302
5204
5197
4873
4005
5063
5001
0
5296
5138
5081
0
0
5256
5325
4974
0
5238
4730
5076
5147
5051
0
5100
0
0
5313
4238
0
0
0
0
5248
5084
5234
0
5295
0
5221
5320
5136
0
5159
5143
4952
5342
4995
5322
4476
5142
5301
5007
4991
5262
5350
5250
5238
0
5340
5123
5077
0
5081
5234
4686
0
5143
4993
0
0
5278
5344
5312
5122
5195
5236
5174
5307
0
0
4850
0
5040
5220
0
5347
4363
4921
0
0
4815
5314
5292
4954
5327
4969
0
5225
5083
0
4919
5202
5110
0
4502
4785
5257
0
4589
5150
5201
0
5101
4594
5335
5232
0
0
5090
4601
5224
0
5310
5184
5184
0
5239
4877
5049
5047
5285
0
5262
4530
5291
5088
5210
0
0
5290
5086
0
0
5183
5182
5196
5103
5187
0
5053
4511
4632
0
5291
0
4035
0
5345
4906
5062
5144
4976
5337
5305
5342
4894
0
0
5082
5090
0
4956
5005
5176
0
0
4982
4729
0
5296
5185
5076
0
0
5109
4954
5161
4855
5325
5274
0
5242
4648
0
5294
5230
3920
5170
5005
5197
5257
0
0
0
4892
4771
4858
0
5307
5107
0
0
5016
5004
4836
4716
0
4938
5138
5246
4887
5272
5342
5258
0
5097
5134
5312
0
0
5215
5303
0
5258
5231
5054
5204
5085
0
4524
5279
0
5173
4847
0
0
5248
5006
5174
4994
5342
4833
4581
5283
5181
4383
4302
5080
5261
0
5318
5260
5249
5219
4830
5129
5172
5293
5279
5073
0
0
4673
5322
5309
4899
4479
5038
0
5022
0
5296
5286
5234
5272
5127
5137
5284
4752
5310
5236
5042
5040
4898
5216
5302
5129
0
5286
0
5249
5096
5180
3916
5297
5330
0
5207
4965
0
5137
0
0
0
5124
5040
5147
4881
5249
5270
0
5261
0
0
4868
5286
0
0
5215
5178
5153
5332
0
5163
5181
5080
5275
5267
5056
5224
0
5342
0
5292
5142
5254
5043
5308
5203
0
5336
5224
5277
0
5050
5068
5086
0
5345
5127
5229
5087
5292
0
5336
5225
4399
0
0
5337
0
5031
0
0
0
4796
0
5244
0
5284
5089
5137
5266
0
0
5337
5099
5261
0
5203
5012
5337
5255
5290
5154
5301
0
0
5338
5247
5263
4827
4524
5004
4815
0
0
5037
4986
4524
0
0
5348
0
0
0
4940
5282
4804
5165
5252
5335
5281
5330
4469
0
0
5317
5000
4967
5324
5300
5209
5019
5267
5235
5276
0
5321
4823
0
5228
5322
5222
5260
0
0
5318
3998
4712
5293
0
5134
0
5355
5057
5301
0
5264
5229
4982
5316
5301
5267
5298
5059
0
0
5316
5024
5184
5202
0
0
5201
5332
5180
5310
5260
5079
5156
5205
5299
5332
4917
5320
5199
0
5338
5012
5226
5296
5318
0
5258
0
5249
5339
5312
5207
5276
5092
0
0
5102
5270
4866
4806
5153
4922
5081
4736
0
5317
5105
5278
0
5134
5192
4989
5266
5179
0
4401
0
5219
5144
4971
5327
5342
5206
5264
5291
5080
4931
5204
0
5267
0
5088
4930
4898
4994
5037
5300
5203
5263
4754
0
5243
5227
5327
4995
0
0
5164
4882
5338
0
5244
5205
5202
5309
0
5334
0
5084
5118
0
5229
4405
0
4357
5189
0
4800
5343
5224
5124
0
5097
5279
0
5228
0
0
0
4887
0
5329
4866
5338
5206
5006
5312
5184
5134
5084
5344
5067
0
5089
4831
5156
5338
0
0
0
5205
5333
5225
0
4892
5222
0
4577
4565
4695
5291
0
5033
0
0
5139
5338
5254
5261
5290
5235
5188
5134
5247
5127
5015
5004
4910
5337
5299
5053
5317
4953
0
5310
5031
5153
0
4253
5279
0
4959
5208
5137
5232
5274
5345
4971
5013
5245
0
4927
0
5206
5200
0
4858
5282
5011
5333
4993
4983
5315
5128
4455
0
5113
4928
5337
0
5180
5046
5308
0
5337
5025
5002
5312
4987
0
5293
0
4822
0
4869
5280
5237
5131
4953
0
5294
5248
5322
5270
5335
5358
5315
5079
0
5246
0
5094
4715
5293
0
0
5199
5091
5125
0
5339
4818
5270
4909
4987
0
4934
0
0
5203
4763
5344
5328
5293
5243
5135
0
0
5189
5210
5228
4896
5193
0
5211
4654
5270
4804
4805
4387
5261
0
5006
0
0
4905
4825
4734
4677
5272
5126
5018
5244
0
5235
5248
0
5330
0
5070
5193
4543
5318
5145
4932
4520
5321
5019
0
4188
5103
0
5190
4997
5249
5018
5271
5260
5105
0
0
5241
4697
5104
0
5332
5150
0
0
5337
0
5329
0
5037
5339
0
5329
5346
5210
5189
4766
5224
0
4897
0
4840
5309
5294
5268
4788
5069
0
5316
5172
5086
0
5097
5203
5320
4957
5204
0
5114
5313
5062
5244
5162
4827
4911
4711
5017
5281
4964
4850
4932
5281
4467
4846
4588
5192
5065
0
5287
0
5332
4977
5261
0
5214
0
0
5107
4765
5339
0
5287
4022
0
5313
5319
5312
5272
4468
5301
5331
5170
5321
5317
4850
4685
5023
5331
5321
5236
0
0
5092
5354
5294
5191
4954
0
5088
5172
5214
5284
5228
5338
4933
0
5285
5284
0
4831
0
4992
5170
0
4968
5002
5337
4255
5172
5242
5238
5170
5321
5245
5142
5211
5299
5047
0
0
5284
4879
5056
5243
0
5006
0
0
4966
4861
4919
5346
5064
4999
4735
0
0
0
5142
5265
4367
4101
4958
5263
5008
5204
0
5276
0
5348
5232
5057
5300
4527
0
4468
0
4999
0
5088
0
5340
5139
4852
5169
0
5344
5250
4964
5193
5285
5205
4999
0
5172
5312
5045
5333
5281
5260
5123
5209
5268
5150
5291
4965
5299
0
5335
4853
5310
5266
0
5066
5338
5210
4709
4815
5003
4924
5330
0
4641
4950
5287
5328
5091
4760
0
0
5250
5329
0
5256
4668
5113
5297
5249
0
5063
5136
5294
0
4581
4861
4958
5150
5344
5036
5293
5291
0
4555
0
5209
4697
5301
0
5284
4507
5020
4955
0
5343
0
5092
4998
0
5101
5011
0
4876
4719
4676
5153
5315
0
0
0
4923
4926
5259
4864
0
0
5317
5287
5262
0
5107
5288
5057
5177
5273
0
4985
5056
0
5330
5270
5266
5051
5235
0
5323
5295
4807
4127
4962
5102
0
5212
5349
0
5233
5317
0
5345
0
0
5056
0
5292
5219
5152
5111
5148
0
5334
5321
5301
4778
0
5303
4961
5225
4587
5201
5349
0
5241
5121
0
0
5195
0
5142
0
5269
5063
5330
5336
5315
5114
5280
0
5174
5290
4917
4674
5290
5034
4970
4989
5315
5354
4840
5149
5003
5298
5275
5293
4980
5205
5352
5254
5276
0
0
4977
5220
0
5196
4457
4448
5300
5249
4135
0
3865
5335
0
4962
0
4892
5079
0
0
0
5256
5296
5276
5073
0
5269
5297
0
5217
0
5161
0
5055
0
0
5320
0
5331
0
0
4870
5347
4922
0
4617
0
5125
5302
4723
0
0
5149
5305
4998
5239
5332
0
5160
5343
5270
5139
0
0
4722
5251
4926
5241
0
5265
5302
5234
4775
0
0
4924
0
5231
4739
5244
4970
5026
5119
5024
5255
4663
5343
0
5147
5153
5349
0
0
5233
4861
0
5354
5050
5334
4858
4811
0
5313
0
0
5072
0
5129
5119
5210
5264
5298
0
5278
5095
0
0
5213
0
5014
5309
0
0
5074
5093
5230
4983
4948
5338
0
5256
5092
0
5339
5055
5353
5112
4956
0
0
2723
5358
4835
0
5302
5274
5007
5324
5040
4475
5075
4616
3610
5030
5101
5327
0
0
5315
0
5307
5325
5235
5019
5364
5323
5274
5349
0
4973
5323
4771
4904
4779
5319
5298
5267
0
5294
5144
0
0
5272
5093
5285
0
0
5302
4071
5026
5106
4995
5138
0
0
5003
5216
0
5168
5109
4825
5351
0
5196
5241
0
4703
5200
5058
0
5125
5150
5173
5220
5215
5030
5265
5321
5025
4609
4795
0
5219
5258
5316
5304
0
5041
5355
0
5295
5070
5302
5217
5318
0
5016
0
5018
4426
5352
5268
4983
0
0
4001
5047
0
5107
5352
0
4243
5319
5304
4927
5263
5173
5146
4849
4640
5232
0
0
5061
0
4839
5074
5171
5308
5353
4669
4978
0
5204
5028
5108
5311
5216
5329
0
4322
5324
4815
5116
0
5206
4469
4841
5322
5282
5011
5156
5099
5329
5150
5354
5174
0
5227
5272
5272
0
5324
5129
0
5340
0
4349
0
5128
0
5158
5335
4639
5261
0
5083
0
4856
5101
5196
5180
0
0
0
0
5179
5239
5217
5236
0
5189
4951
5218
0
5337
4622
5095
4411
0
0
0
0
0
3993
5325
5298
5219
5260
5039
5043
5189
4915
5165
5235
0
5067
5152
5270
5084
0
5211
0
5252
5173
0
5157
5317
5362
0
5304
4919
5316
5185
3813
5153
4949
5364
0
4983
0
5088
5331
0
0
5147
0
4947
5370
5248
5078
4810
0
0
0
0
5303
5036
5073
0
5090
5099
5242
5177
5160
5009
5225
4747
5117
5248
5295
5061
0
5283
5324
0
5227
5145
5273
5192
4992
5312
0
0
0
5317
5365
5332
5285
5115
5181
0
5227
5071
5084
0
5334
4982
0
5161
5060
5330
4848
0
5348
5119
0
0
4932
4883
5357
5335
5116
5119
5171
5280
5328
0
4892
4874
5363
5327
3776
0
5272
5291
0
5334
5361
0
5347
5366
5171
5369
5326
5286
5095
5327
4706
5263
5342
5368
0
5132
0
4830
0
4963
0
4929
4779
5118
0
5182
5136
5328
4797
0
5095
4466
0
5146
5083
4959
0
5213
5365
5102
5288
4990
4465
5195
5188
0
5276
0
5314
5326
4903
0
4975
5207
0
0
4839
4492
4950
0
0
5115
5166
5342
4655
0
0
0
5345
5347
5334
5248
5222
0
5295
5335
4911
4748
5146
4982
0
0
4916
4706
5262
5081
4862
0
0
0
5133
5355
5347
5291
4994
4609
5280
5152
5262
5190
0
5112
5169
5154
5327
5275
0
5326
4258
5349
5186
5191
5154
5130
5245
5329
5095
5223
5348
4463
4947
0
5096
5271
5342
5361
0
5225
0
5186
4860
0
5320
5091
0
5328
5206
0
4447
4542
4741
5093
4979
5011
5223
5295
5221
5086
4833
0
0
0
5064
5110
5259
0
0
0
0
0
0
5026
0
0
4928
0
5245
5361
0
5305
4413
5359
4508
4950
0
5224
5022
5344
4953
4953
4719
4350
4943
5343
0
5135
0
5282
5156
5132
5200
5294
5336
4789
5169
5297
5248
0
0
5327
5326
4147
5195
5367
4843
5300
5295
5249
5150
0
0
5326
0
4699
5065
4613
5315
4434
5248
0
5282
4473
0
5251
5366
5048
4928
5291
5174
4719
5286
5173
5342
0
5329
5345
4980
4693
4954
5205
5325
5265
5347
5284
4719
5356
4862
5060
5239
5356
0
5306
4927
5348
0
5329
0
0
0
0
5297
5249
5283
5186
5292
5298
5244
4848
5281
5008
0
0
5157
5284
0
0
5184
0
0
5333
5356
4780
5232
5344
0
0
5135
0
5247
5334
4776
5312
5296
5294
0
5308
5215
0
0
4775
5020
5289
0
4793
5322
0
5356
5125
0
0
4991
0
5100
5349
5246
0
5175
5326
0
0
5308
5315
0
4693
0
5142
5178
5239
5223
5348
5213
0
5114
5182
5373
5048
0
0
5300
5332
5007
0
5361
5000
0
5140
5042
5300
5311
4958
0
0
5022
0
5159
5244
5207
0
5318
5169
5374
5213
0
0
5362
5286
5337
0
0
0
5336
5329
5048
0
5338
4825
5088
0
5352
4984
0
4801
5347
4900
5182
5229
0
0
5128
5040
0
0
0
3859
4783
5123
5367
5251
0
5248
5222
4963
5202
5042
5361
5226
5029
0
0
5198
5283
5039
0
5167
5359
5355
5125
0
5167
5212
0
0
0
5097
5259
0
5102
5094
5362
5151
0
5308
0
5175
5246
0
5196
0
5364
0
5292
4523
5326
5356
5293
0
5221
5162
5329
5346
0
5295
4979
0
4878
5281
4831
0
0
5261
0
0
5345
0
5325
5064
5110
5278
0
5087
0
5271
0
5257
4529
5175
4744
4343
5297
5303
5083
0
5106
0
0
5278
0
5071
5343
5349
5045
5303
4802
5256
5111
5243
0
5296
4665
0
5198
5272
0
5297
0
5292
5211
5320
0
5116
5042
5194
5219
0
5026
4933
5301
5357
4599
5342
5299
0
5266
4540
4776
4646
5296
5235
0
4861
0
5354
5067
4576
5271
0
5322
3945
0
5365
0
5324
5247
5285
5305
5293
4931
0
5354
0
5221
5327
5239
5291
5297
0
0
5257
5319
5303
5101
5278
4377
4960
5365
5168
5148
5185
5244
4652
4929
5345
5278
5325
0
0
4905
5328
4806
5053
5331
5323
5213
0
0
4730
5300
5325
4533
0
0
0
5215
5205
5188
5234
0
5281
5358
4937
0
5323
0
5277
4916
5252
5262
0
5142
5368
4943
0
0
4796
0
0
5264
0
5292
5324
5306
5360
0
4969
0
4768
5248
0
5273
5356
0
5141
5016
4916
5281
5315
5275
0
5184
5044
5125
5154
5194
5050
5339
5284
5211
5308
5363
5288
5143
4995
4385
5052
4624
5268
4953
5084
0
0
5273
4975
5199
5322
0
0
5260
5270
0
5345
5138
5041
5361
4032
5291
5116
5013
5316
5330
0
0
5351
5193
5157
4841
4924
0
4848
5136
5121
5062
5117
4979
4004
5368
4700
4873
0
0
5010
0
0
5294
5210
0
5103
5153
4833
5305
0
0
5235
5259
0
5124
0
5184
4224
5070
5280
5284
5268
4392
4999
5286
4982
5220
4928
5101
4561
5286
4747
5344
5297
5367
0
0
4857
4993
5059
5292
0
5278
0
0
5193
5280
5076
5220
4168
5050
4954
5085
5179
5292
5256
5300
5298
5331
5317
5297
5112
4739
5210
5307
5300
5334
5071
5153
5276
5331
4975
0
4496
4995
5252
0
5137
5329
0
3967
0
5252
5097
4714
5332
5329
5328
5293
5121
0
5315
5334
0
4996
5351
5087
0
0
0
5310
5262
5315
5333
5320
0
5282
4900
4921
4916
5221
5318
5349
5179
5366
0
5351
5351
5235
4706
5220
5110
5141
5197
5315
5265
0
5234
0
4953
4992
5245
5161
0
5322
0
5285
0
5334
0
0
0
4978
5115
5268
0
5002
5311
4275
5193
5352
0
4932
5284
5219
5145
5353
5305
5366
5327
0
5165
0
4865
5137
0
5145
4633
0
5212
5309
4778
5220
5042
5364
5288
5198
4928
4982
0
5188
5146
4965
5189
0
4399
5215
0
5309
4951
5308
5290
5168
5302
5348
5061
5180
5103
5276
0
5357
5027
0
4970
4328
5330
4962
0
4876
0
5310
0
5329
0
5323
4943
5336
5371
5304
0
5218
5176
5332
5339
5176
5074
5087
5364
0
5288
0
0
5131
4700
0
0
5318
5319
5332
5272
4927
5087
0
5315
0
5341
4827
5332
0
5300
5372
5302
5226
0
0
5340
0
0
5368
5311
5157
5112
5196
5365
4388
4815
0
4864
5310
5371
5147
5206
5112
5170
4986
0
5172
5115
5132
5131
0
4568
5371
0
0
0
0
4791
0
5296
5010
0
5159
5090
5338
5329
4915
5150
5294
5371
5233
5128
0
5230
5237
0
4883
4485
5279
4605
4938
5301
5179
4875
5289
5301
0
5314
5369
5333
5089
0
4952
5308
5316
0
5039
5309
5177
5373
0
5273
0
0
0
4872
0
4351
5112
5375
5354
5330
5335
5182
0
5278
5373
0
5333
4668
4380
0
0
4778
4936
5100
5284
5353
5281
5022
5105
5352
0
4781
4796
0
5060
5235
0
5275
5218
5253
5222
4834
4991
5114
5287
5321
0
0
4368
0
5283
5197
0
5368
5330
5200
5333
0
0
0
4898
4760
5232
5336
0
5270
0
4594
5148
5060
4920
5213
4866
0
4898
0
5337
0
4969
5148
0
0
0
5320
5307
0
5374
0
5328
0
4986
5111
0
0
0
5301
0
5193
5152
0
4853
0
5330
4467
5172
0
0
5258
5300
5339
5006
5271
0
5176
5177
5352
4921
5198
5155
4923
5195
5340
5330
0
0
5366
5311
5284
5210
5076
0
5183
4451
5243
4800
4939
4728
5370
5193
5183
5264
5264
4943
5277
0
0
5287
5257
5345
5052
5264
0
0
5337
5027
0
4923
0
4476
5112
5253
4688
0
5190
5314
5345
5198
5363
0
5180
5239
5229
0
4863
4676
5055
4648
5355
5075
5335
5363
0
4726
5007
4830
4725
5222
5318
4963
0
5222
5188
0
5313
5274
5326
5336
5133
0
4977
0
4235
5153
5179
4262
5157
5251
4859
4937
0
5263
5205
5323
5319
4977
5232
5292
5356
5069
5280
0
0
5316
0
4963
5374
5269
5189
0
5346
4712
0
5346
5346
5285
5218
5209
0
0
5033
5190
5225
5266
5210
4768
4624
5245
0
5171
0
0
5219
5267
5034
5387
5159
5266
5068
5102
5153
5321
0
5236
5085
5383
5363
4878
5078
4528
5246
4987
4659
0
5161
0
4929
5341
4998
5130
5200
5192
0
5350
5189
5193
5362
4447
4702
5097
4865
5165
0
5036
4961
5364
5343
0
4950
5268
5167
0
5176
4468
5308
5162
5372
5311
4823
0
5039
0
5176
0
5145
5150
5342
0
5318
5375
5310
4926
0
5254
0
5278
4996
0
5164
5021
5229
5240
5207
5282
5373
5379
0
0
0
5052
4823
5373
0
5335
4321
0
4656
5138
5017
5137
4691
0
5280
5128
0
0
4883
5103
5171
4910
0
5315
4493
4568
5054
4956
5275
5342
5377
4422
5144
5344
5370
5246
3961
0
0
5336
4602
4575
5367
0
5369
5055
5343
5321
0
5208
0
5264
4890
5080
5315
5362
4509
5339
5335
0
0
5164
5227
5372
4552
5270
5093
5318
4992
0
4935
0
0
5336
5370
4921
5372
0
5118
0
5371
4140
5360
5155
5349
5114
5085
5311
5197
5251
5311
5311
5191
4390
0
4972
0
4961
4927
5198
5300
5309
5084
5269
5098
4477
4747
5014
0
5331
5318
0
5057
5361
5287
5081
5296
5146
0
5351
5147
5382
5320
4923
0
5247
0
0
5235
5153
0
5376
0
5167
5208
0
0
5269
4927
5349
5376
5375
0
5297
0
0
5157
0
0
5140
0
5173
5342
4841
5285
5036
4815
4874
5318
5056
5284
5096
0
5342
0
5287
4651
5353
5173
0
0
5117
5146
5255
0
0
0
5278
5070
4573
5084
5229
5374
5235
5058
5179
5306
5303
5286
0
5210
5316
0
0
0
4928
4854
0
0
5013
5135
4271
5271
3899
5376
0
4428
5373
5074
4978
0
0
0
5040
5173
5385
5297
4805
5315
5359
0
5213
4926
5338
5287
5381
5374
4523
4846
0
5361
0
5105
4837
5337
5296
5327
5261
5129
5215
0
5342
5156
0
4830
5280
5328
5102
5109
5187
5337
4640
5274
5311
5247
5222
4046
0
5349
5280
5280
5336
0
4614
0
5153
4547
5348
5287
5371
5030
5357
0
0
0
5335
5339
5013
5243
0
5324
5324
5185
4671
0
0
5380
0
5234
5140
5377
4861
0
5165
0
4989
0
5316
5370
5313
5289
5305
5192
4918
5347
5307
5320
5380
5347
5267
4621
5339
5204
0
5249
5191
5333
4687
0
5185
0
5136
0
5323
5098
4826
0
5278
0
5338
5290
5311
5218
5339
4567
5054
4836
5351
4956
0
5176
4534
4861
5157
5229
5250
5209
4827
5280
4833
5099
5248
4670
4927
5367
5289
5038
0
5310
5262
5345
5262
5294
5208
0
5137
5282
4187
0
0
5303
0
0
4849
0
0
5309
4368
0
5316
5281
5319
5254
5337
0
5358
5009
5326
4954
0
5141
5350
0
5146
5246
5031
5375
5263
0
5365
0
0
5291
5228
5211
0
5156
5360
5228
0
5308
5345
0
5096
4915
5239
5272
0
5135
5289
4929
5235
5011
5153
5256
4991
5093
5289
5143
0
5344
5351
4877
5376
4174
5219
5203
5054
4667
0
5198
4914
4670
5284
0
4953
5386
5151
4915
5364
5385
5382
5293
0
5362
5137
0
5256
5247
5117
0
0
0
0
4997
5019
5387
0
4846
5228
0
5147
0
4011
5387
0
0
0
5187
4703
5049
0
5291
5353
5205
5266
5060
5328
5367
5207
5293
0
0
5088
5328
5159
4844
0
5296
5147
0
5031
5356
0
0
5146
4934
5086
5381
5293
0
4680
5313
0
5186
5248
5124
5264
5351
5000
0
5368
0
5285
5322
0
5344
5274
5232
5329
5281
4930
0
5290
5026
4904
5313
0
4907
5212
5192
5259
0
0
0
5197
5328
5154
5206
5346
4265
5251
4915
4747
4984
5096
5390
5354
0
5367
5226
5383
5367
0
0
5346
4767
5145
4499
5308
5163
4768
0
0
4934
5343
5361
5046
5310
0
5280
4999
0
5368
0
5165
0
5274
0
5226
4419
5100
5372
5245
0
0
4948
0
0
0
5204
5197
4969
5095
5124
5118
5159
0
0
0
0
0
4773
5196
0
0
5264
5287
0
0
0
5329
4869
5351
5049
5291
5325
5186
5301
5062
4429
0
5362
5166
5283
5354
5197
5226
0
5127
0
4827
0
0
0
0
4971
0
0
4909
5379
5322
4470
5320
5073
5278
0
4574
0
5160
5068
5185
0
5273
5347
5088
0
5043
5149
5275
5158
5289
5317
5073
4491
5384
5239
5300
5350
0
0
0
5397
5100
5284
5164
5353
0
4971
5234
5325
5227
5324
5091
0
5390
4994
5113
0
3905
5318
5378
5127
4976
5346
5178
4853
5308
5315
5389
5256
4417
5068
0
5235
5128
5229
5334
5351
0
0
5162
4278
5325
5080
0
5380
0
5029
0
0
5394
5272
5320
5317
4053
4759
4662
5330
0
5269
5372
5068
4490
4857
5225
5053
0
5346
5289
5065
0
5320
5289
5296
5348
5213
5279
5364
5227
0
0
5358
0
4785
5196
5268
5281
0
5236
0
5272
5124
5246
5053
4947
5072
5359
5396
5146
0
4962
5046
4999
0
0
5306
4478
5163
4937
5188
5329
0
4945
0
5278
4704
0
0
0
4836
5329
5239
5301
5385
5220
5133
5292
0
4952
5236
5108
0
5025
0
5246
4883
4710
5385
5235
5352
5233
4948
5197
4729
5276
0
0
5254
5329
5198
0
5069
5216
0
5380
4943
0
5268
0
0
0
5229
5314
0
5337
5067
4938
4570
4887
5178
0
5260
5139
5160
0
0
4794
5022
4666
5150
4892
5132
0
5382
0
5188
5092
5233
0
5281
5231
5352
4805
5194
5289
0
5182
0
0
4844
5308
5297
5272
4984
4794
5102
5127
4980
5342
5355
4802
5171
5381
0
5048
4951
0
0
0
4070
5192
5230
4866
4580
4701
5052
5213
5175
0
0
0
5229
4378
0
0
0
0
5138
5120
5230
0
5269
5347
5126
4961
4500
5311
0
5335
5181
4237
0
0
5272
0
0
0
0
5119
5098
0
5327
4455
0
5278
0
4876
5317
4413
0
5248
5349
4796
5389
5049
4839
0
5392
5218
5189
5099
5297
0
0
5325
5262
0
5172
4896
5385
5181
5362
5400
5163
5286
5354
5203
5305
5354
5115
5300
4932
5390
0
5084
0
5386
5174
5375
5146
4768
5383
5354
5329
0
4856
5397
0
4855
5345
4786
5213
5219
5352
5364
0
5151
5156
5277
5185
5030
5073
4837
0
0
4814
4955
5336
5358
0
5369
5249
4873
4625
4878
5219
5250
5148
0
5292
0
5231
0
5284
5246
0
5166
0
0
0
5354
5094
5223
5389
5163
0
0
4472
5159
0
5199
0
0
5353
5083
5171
5384
5383
5215
5139
5171
5084
5345
5278
5277
5233
5210
5383
5142
5170
5233
5288
5260
0
5210
4995
0
0
4868
4778
5327
5376
5334
0
5290
4856
5209
0
5311
4814
5236
4905
5131
5330
0
5042
5353
0
5262
5176
5063
5330
5357
0
5229
5223
5327
5204
4997
5263
5393
4832
5301
5225
4870
5393
0
5228
5305
5259
5237
0
0
5217
5291
4475
0
5172
5276
5152
4488
4470
0
0
4563
5352
0
0
0
5356
0
5218
5322
0
4980
5216
4984
0
5400
0
5321
0
5220
5169
4662
4963
4852
4411
0
5139
5261
0
0
5146
4451
4973
4673
5356
5161
5342
5296
0
0
5289
4548
0
4706
4872
4985
0
5117
5161
0
5292
0
5355
5132
0
5115
0
5324
0
5209
0
5323
0
5324
0
4360
5400
0
5103
5145
5031
5346
5092
5189
0
5253
5386
0
4803
0
0
5288
0
5326
5249
4740
5173
5270
0
5332
5222
5235
0
0
0
0
0
5275
5121
0
0
0
5386
4891
0
0
0
5255
5383
0
0
5224
5171
5378
5212
5064
5219
5110
5263
0
5068
0
0
0
0
0
5051
0
5381
5353
5252
5194
5318
5137
5361
5356
0
0
0
5015
0
0
5384
5381
5380
5201
5045
4878
0
4744
3981
4841
5378
4325
5207
5228
5117
5229
5003
5345
5328
5337
5155
4598
4019
5043
0
5236
0
5127
5284
4760
4713
5348
5385
5236
5120
5166
0
5359
5344
5278
0
4939
0
0
5164
5236
5294
5325
5185
4927
5327
0
5188
5139
0
0
5287
5215
5145
4830
5386
5140
5238
0
5358
5227
5206
5228
4484
0
5253
5351
4371
0
0
5011
5352
0
5327
5345
4903
5267
5102
5120
5162
5253
5319
5093
4648
5116
4484
5155
5190
5190
5299
5293
0
5398
5388
5029
0
5344
5205
5233
0
0
5073
4865
5236
4947
4658
5099
5332
5233
0
5287
5075
0
4984
5280
5205
5160
5124
5323
5234
5158
0
0
5324
0
4789
0
5318
0
4746
5198
5256
5187
0
0
0
5265
5387
4681
5283
0
0
5116
5046
5237
5270
5077
0
4752
0
0
5307
0
0
5351
5378
0
5394
5388
5391
5278
0
5370
5329
5323
5355
0
5104
5228
4336
0
0
4812
5237
5041
4973
5360
5212
5201
4457
5228
0
0
5329
4358
4831
0
5026
5282
4751
5317
5082
5330
5301
5282
5359
5207
0
5388
5357
0
5115
5387
5357
0
4645
5126
5211
5351
4793
5198
5082
5211
5381
0
4860
0
5221
0
4726
5239
5142
4536
4986
5158
5283
0
5193
5351
5130
5346
5319
5332
4965
5240
5116
5290
5146
5380
5374
0
5179
5213
0
5261
5245
5307
5120
0
5215
5195
5189
5328
5009
3953
5350
0
0
5021
4800
5364
5311
5145
0
4538
5375
4715
4864
5389
5202
5386
4907
3474
4961
4993
0
5181
5322
0
5303
5159
0
5213
0
5400
0
0
5175
5199
0
5282
5286
5337
5174
0
4834
0
0
5357
5273
5351
5111
5002
5309
5180
0
0
5284
5319
0
5386
0
0
0
5178
0
4664
5177
4561
5288
5307
0
5331
5098
5246
5110
5400
5399
5235
5349
4227
0
5385
5347
5398
5159
5015
0
5239
5369
5031
5307
5384
0
5284
5319
4701
5279
5284
5398
5089
0
4198
5271
5097
5247
5282
0
5202
5199
0
5394
5349
5289
5087
4001
0
4915
5305
5035
5309
5384
5225
0
0
5137
5157
0
5324
5324
0
4853
0
5155
5175
5159
5356
5396
5364
5194
4994
5320
5058
5319
0
4614
5359
5172
5355
0
4975
5296
5085
0
0
0
0
0
4961
5200
4585
4769
5355
4884
5383
0
0
5123
5231
5219
5132
0
0
5286
0
5187
5327
5350
5231
5111
5346
4947
0
4939
0
5239
5104
5090
0
5134
5260
4885
4874
5178
5360
5271
5278
5099
3539
5330
5352
5126
5015
5012
5399
0
5277
0
4168
5327
0
5392
0
5142
5395
0
5328
5210
0
5107
5325
0
4902
4971
0
5276
5349
5098
5200
0
5214
5271
5115
5329
5229
4644
5387
5079
5228
4852
5350
5333
5292
5282
5286
4820
5380
5211
5114
0
5149
5330
5297
4859
4974
5348
4237
5199
5173
5340
0
0
4954
5332
5309
4883
5075
5160
5381
5315
0
5347
5335
5183
5390
5344
5183
5327
5272
0
5088
5040
5352
0
5023
5191
5212
5133
0
5332
5240
3954
5276
4931
5240
5218
5261
5203
4464
4907
5239
5084
0
5105
5212
4682
5392
5179
5355
5355
5211
0
5161
0
5329
5265
0
5245
5193
4270
5189
4973
0
5315
4901
5357
5341
5180
5366
5349
5107
0
0
4793
5316
4951
0
5362
5317
5345
5299
3834
5382
4976
4823
4689
5391
5145
0
5259
5380
4682
5263
5116
5133
5369
5110
4668
5289
5315
4909
5215
5345
4873
0
5345
5211
4572
0
5129
5289
5070
5373
0
5359
5347
5366
5377
5356
5388
5301
5187
0
0
4761
0
0
5282
5347
0
4596
0
0
4409
5199
5367
0
0
5024
5303
0
5081
5077
5344
5286
0
4673
5345
0
5218
0
5304
5117
5325
5269
5085
4624
5327
0
5158
0
5371
4877
5286
5290
5167
5126
5354
5242
5091
5343
5326
0
5355
5280
5285
5382
5284
4994
4786
0
4848
5193
0
5362
0
0
0
5390
5381
4910
5315
5289
5176
4600
5317
5215
5352
4682
5238
5300
0
5260
5318
0
5101
4529
5043
5270
0
5266
5314
5098
0
4727
5252
4990
5383
5272
0
5165
5296
0
0
0
5367
5389
4862
0
5393
0
5213
5231
0
4306
5094
4980
3283
5354
5335
5371
5298
5367
0
0
0
4567
0
5029
5318
5322
5260
0
5388
5194
5243
5366
5394
4543
0
5104
5195
0
0
4892
5190
0
5262
0
5142
5140
5274
5044
5363
0
0
5363
0
5316
0
4873
4964
5342
0
5163
0
0
5351
0
5351
5223
5095
4984
5158
5390
0
0
4200
5359
0
4985
5344
0
4459
0
5219
5389
5116
0
4962
5148
5308
5001
5172
0
5210
5382
5218
5274
4803
4813
5383
5160
0
5329
5178
0
0
0
4813
0
0
5316
0
0
5259
5188
0
4097
0
5238
5011
5205
0
5330
5215
5180
4819
0
5059
4969
5133
5080
5263
5275
5278
5344
5325
0
5351
0
5110
4904
5351
5239
5156
0
3698
5051
5338
5342
0
5282
0
4783
5237
5227
5371
0
5233
0
0
5370
5360
4040
0
5295
4817
5352
0
0
5253
0
5045
5245
0
5291
5105
0
0
4962
0
3622
4957
5350
4671
3848
5029
4727
5186
5192
5285
5321
0
0
0
5282
5308
0
4923
0
5339
0
5308
5304
4756
5334
5156
0
5375
4494
4848
5267
0
5228
4875
5217
4801
5370
5220
0
4328
5357
0
5307
4957
5280
0
5230
4866
5173
4983
5382
5188
5332
5028
5134
0
0
5362
4145
0
5304
5156
5227
5226
0
5310
5310
5350
0
4819
0
5097
4491
5295
0
5248
5002
5300
5331
5296
0
0
0
0
5358
5323
5299
0
5354
5154
4854
4223
4984
5206
5338
0
5133
5214
5151
5348
0
0
5379
4650
5306
4854
5185
0
5175
5340
5288
0
5373
5078
5034
5146
5313
0
5147
4871
5164
4455
5152
5320
0
0
5320
0
5028
5314
5360
0
5102
4469
5197
5239
0
0
5315
0
0
0
4960
5358
5338
0
5310
5212
0
5013
5343
0
5277
0
0
5283
5224
5230
5335
5334
0
5079
5148
5379
5125
5167
0
5353
4877
5227
0
5143
0
5343
5282
0
0
5322
5170
5277
5239
5010
5179
0
4569
4948
0
5078
5292
5276
5365
5077
4846
5143
5298
5204
4998
0
4866
5037
5305
0
5028
5254
0
5252
0
0
5120
5292
5266
0
5277
0
5285
5291
5346
5036
0
4633
5369
5176
4513
4881
0
5314
5305
0
5025
0
5249
5368
5374
5157
0
5343
5059
5371
5360
5026
5273
5283
5294
0
0
0
5195
5199
5061
4866
5213
5019
5237
5342
0
5083
5132
5274
5328
5309
5069
0
5358
5344
5077
5093
5323
0
5275
5377
0
5310
5315
4597
4801
5018
5353
5085
0
4966
0
5116
5153
5117
0
5353
5308
0
5165
0
5113
4917
5149
5002
5069
5305
5366
0
5364
5197
5364
0
4826
5350
4309
5264
0
5221
5230
5303
0
0
5377
5345
4652
5114
0
0
5365
5085
0
5334
4141
0
0
0
0
4833
5000
0
5239
0
5032
5130
5338
5169
4972
0
5233
0
5001
0
5116
5138
5233
5016
5139
0
5334
4924
5138
5121
5283
0
5296
5034
5060
5146
5166
5282
0
5367
0
0
0
5058
5261
5078
5295
5374
5356
4856
0
5337
4879
5264
5286
0
5147
5212
4066
5338
4985
0
4817
5163
5092
0
0
5303
5058
5347
4958
5000
5269
4684
5028
0
4621
5071
5093
4811
5293
0
5015
5319
4859
0
5045
4474
0
5274
4573
5304
4547
0
5336
0
5218
5381
5168
5262
5206
5168
5357
0
0
4907
0
5328
5263
5267
0
5145
0
5303
4885
5269
4777
0
0
0
0
0
5331
5273
5246
5371
5304
4972
0
0
5164
0
0
0
5383
5221
5197
5168
5334
5373
5351
0
5282
5150
4959
5067
5076
5171
5382
5317
5196
0
5300
5192
4968
0
5347
4398
4867
0
5076
5174
5083
5369
5057
0
4361
5213
5259
5344
5054
5254
0
4894
0
5001
4954
4822
5354
5082
4719
0
5257
5212
5281
5367
0
5277
5202
0
5302
5274
4883
5334
5170
0
5307
5331
0
0
4829
5349
5221
5284
4954
5266
5330
4561
0
5272
5366
5043
5157
5367
5132
5371
5220
0
0
5375
0
0
5133
5194
0
5345
5251
5214
0
5262
5186
0
5044
5319
5211
0
4140
5260
5124
5201
0
5091
4794
5018
5277
0
5184
0
5279
5029
5098
5381
5362
4744
5184
4834
0
5297
5278
0
5329
5201
5367
0
0
5068
5378
0
5364
4648
0
5355
5275
5132
5289
0
0
0
0
0
4840
5293
5220
5274
4711
5330
5110
5252
0
0
5078
4316
4925
5111
5131
5209
3968
5193
5372
0
5263
5136
5228
5226
5082
5277
5258
5295
5332
5162
0
5178
0
0
5354
0
5366
0
5331
5331
5189
5315
4546
5290
5334
4670
0
5172
5301
4467
5027
5065
5303
4650
4875
5295
4819
0
5282
4952
0
4797
0
0
0
5267
5141
0
5127
0
5030
5236
4132
0
0
5147
4505
5286
5307
5262
4921
5270
5366
5195
5339
5144
4466
5160
0
5093
0
0
4786
5135
5326
5370
5289
5380
5302
5344
5145
4690
5330
4432
5320
0
5237
5273
5047
5183
5137
0
0
0
5354
5252
5031
5365
0
5044
5182
5154
4994
4793
5326
5287
5351
0
0
5040
5054
5301
0
5297
4875
0
5311
0
5319
0
5171
5366
5048
0
0
5284
0
5284
0
4891
0
5189
3166
0
0
4839
5252
5190
0
5201
5104
0
4736
0
5178
5016
5021
5299
0
0
5273
5262
5373
5179
0
5209
5110
5305
0
4946
5154
5057
0
5336
5025
5336
4394
5299
5285
0
5311
5270
5024
5308
0
5303
5290
5091
5249
5294
4296
5041
5112
0
4191
0
5331
0
5307
5149
5320
5243
4803
5144
0
5093
5225
0
4970
5025
5231
0
5241
5127
0
4819
5234
0
5346
5059
5192
5043
0
4805
0
4908
5261
5216
5070
4458
5040
5066
5253
0
5286
5306
0
5038
5013
0
5165
4751
5367
4848
5332
0
5262
5201
5312
5104
5108
0
0
4991
5375
0
5344
0
5119
0
5204
5365
5299
5346
5056
0
5377
5109
5080
0
0
0
5045
0
0
5288
5200
5336
5313
5025
5379
5308
5069
5210
4750
5335
4905
5211
5172
5304
0
0
5205
5267
5009
0
0
5134
0
0
5361
5171
4469
0
5336
5040
5159
5370
5332
4938
0
5139
5196
0
0
5266
5039
5141
4372
0
5146
4486
4900
4528
5046
5136
5348
0
4306
5382
5075
5159
5344
5215
5232
0
5178
5386
0
0
4993
0
4952
5328
5143
5299
5312
5288
5101
5315
5323
5004
5291
0
5157
5301
5248
0
5165
5216
5352
0
0
5096
0
5384
5220
5310
0
5194
5375
5184
5300
5380
5138
0
0
5250
0
0
5008
0
0
0
5366
5336
5024
5302
0
4728
5154
5272
5272
5173
5369
5206
0
5035
0
5359
0
4975
5370
5046
4710
0
5267
5310
0
0
0
5304
4923
4495
4397
5181
5047
4619
5080
0
0
5303
5376
5161
4697
5392
5277
0
5363
0
5312
5240
5273
0
5357
5346
5113
5106
4975
5009
0
5211
5288
5364
0
5367
4944
5375
0
5204
0
0
5195
5208
5017
5348
5385
5286
5299
5002
5292
5159
0
0
5278
5018
4732
0
0
5368
5340
0
5311
0
0
5353
0
5373
4812
5267
0
0
5357
5218
4647
5270
0
0
0
5069
5211
5388
5162
0
5382
5164
5122
0
5262
4989
4919
5356
0
5320
5362
5158
5206
0
0
0
0
5261
4951
5348
4902
0
4881
4553
4993
5337
5263
5219
0
5176
0
5314
4816
5051
5349
4992
0
5358
5232
4848
0
0
5296
5289
0
5039
4882
0
5051
5357
0
5023
5088
0
5183
4554
5354
5219
0
5337
5332
5209
0
5255
0
5375
5176
5336
0
5011
5378
0
0
5280
5171
5371
5271
0
5215
0
5132
0
5274
5367
5339
5292
0
0
5283
5039
4603
5249
4747
0
5328
5304
0
5283
5228
5299
0
0
0
0
0
5074
5297
5351
4915
0
4747
0
5289
5292
4691
5116
0
5206
5283
4774
5293
0
5141
5044
4860
5143
0
5375
5298
5318
5217
5278
0
4804
5173
5249
5342
5372
5269
5133
0
5261
4991
0
5356
0
0
5228
5175
0
0
5189
0
5369
0
5029
5211
5142
5151
5337
5333
4738
5302
5235
5236
5146
0
4732
5206
0
0
0
5267
4775
5324
5188
4951
0
5374
5361
5338
0
5211
4988
0
4982
5012
5214
5374
0
4642
4802
5298
5243
5329
5294
5163
0
0
4999
5292
5369
5146
5296
4771
0
0
5295
5149
4979
5070
5041
5196
0
0
4403
5132
5172
0
4584
5155
5321
5224
4943
5326
5367
5092
4970
0
4770
5272
5198
5272
5359
4588
5099
5008
5329
5133
4829
4978
0
5288
5338
0
5310
5123
0
4925
5179
4966
5374
0
5309
5302
5368
5145
5248
5139
0
4848
5341
0
0
0
0
0
5315
5021
5275
5000
0
0
0
0
5243
5279
4973
5228
4814
5260
0
5207
5117
0
5303
5165
0
4649
5343
5139
5045
5303
5306
0
4927
0
4680
5273
5042
4667
5034
5354
0
3927
4823
5372
0
5155
4961
5280
5323
5255
5272
0
5297
5329
0
4882
5333
0
5373
0
5353
4452
5326
5247
5161
5339
5184
4125
5235
4738
5204
4771
4686
4666
5023
5269
5185
0
4901
5302
5040
5004
0
4470
5254
0
5109
4990
5331
5272
0
5092
5212
0
5333
4769
0
5231
5170
5353
4924
5269
4917
5322
5055
5143
5021
0
5157
4758
5086
0
0
5347
5324
0
4677
0
5068
0
5352
5254
5200
0
5153
5111
0
5134
4999
5366
5204
5258
4924
4915
5053
4576
5246
0
4683
5141
5139
5226
0
5240
0
0
5232
4813
4962
5337
0
0
5160
4210
4945
0
5351
0
5342
5287
0
5344
0
5357
4781
5314
0
4952
5374
5240
5013
5173
0
5222
5361
5314
0
0
5218
5178
5210
0
5322
0
5278
0
4819
5291
5356
0
5076
0
4835
0
5300
5277
5286
5335
5182
0
5220
4968
4941
5355
0
0
0
5282
5222
5090
5345
4977
0
0
5012
0
4888
4920
0
5123
5307
5058
5182
5343
4627
0
0
5165
0
5319
5207
5076
4892
5131
4906
0
5302
5015
4151
5373
5239
5343
5003
4943
0
5299
5362
4864
0
5155
5377
5283
4935
0
4837
0
5189
4616
5315
5211
5238
5141
5327
5321
5327
5201
3029
0
5140
5370
4770
5264
0
5369
5305
5292
5167
5343
5313
5006
0
5341
0
0
4976
5141
5218
5308
5256
3982
5307
5212
5370
5183
5315
5140
0
5287
5050
5332
4738
5268
4852
4769
5169
5168
5353
5141
0
4953
5283
5235
5057
5174
5367
5180
5297
4873
0
0
4921
4128
4922
5208
5184
0
5143
5194
5268
5176
5207
5195
0
5292
5340
5149
4976
5278
4928
5355
5062
4319
5203
5078
4768
0
5258
5197
5234
5280
5195
5184
4813
5242
5144
5356
5258
5105
5222
4651
5032
5336
0
5343
5367
5130
5292
5144
5258
5241
0
5332
5004
4657
5046
5344
5210
5144
2854
0
5044
0
5293
4394
0
5267
5311
4609
5106
5356
4575
0
0
5021
5290
5259
5263
4179
5088
4930
0
5319
0
5204
4802
5154
5046
5199
5306
5126
0
5361
5268
5104
5194
5368
5052
4659
0
5337
4906
4951
5295
5308
5297
5270
0
5332
4929
5004
5363
5220
5196
5363
5284
4603
5121
5294
0
5312
5327
5058
5209
0
5058
5306
0
5335
5185
5297
5264
0
5176
4539
5274
0
5014
4757
0
4742
5217
5204
0
5184
5165
0
4939
4884
4880
5220
5118
5274
0
5145
5168
5351
5220
0
5155
5322
5117
0
0
5331
5335
0
5316
5345
5376
5142
5078
4810
5174
0
5214
5291
5219
5181
5263
5268
5015
5310
4435
5363
0
0
4586
5052
5202
5247
0
5199
5341
5321
5159
5371
5352
5270
5244
0
5203
5195
5305
5213
5302
5240
5284
5312
0
0
0
5174
0
4896
0
5165
0
5270
4790
5231
5297
4387
5181
5042
5160
5214
5349
0
5255
5351
5118
5360
4882
5367
0
5117
0
0
4946
0
4708
4926
5335
4849
5359
5266
5013
4787
5178
5333
5092
5295
0
0
0
5257
5281
5331
0
5269
0
5331
4340
5365
0
4970
5255
5008
5165
4785
5165
5281
5051
5236
5346
5168
5261
5297
5152
0
5261
4277
4757
5293
5332
5073
4938
5045
0
5324
0
5059
0
0
5038
5326
5307
5331
5058
4728
0
0
5022
0
5343
5150
5308
5061
0
4488
0
5009
4922
5330
0
5361
5042
4487
5110
0
5324
5364
0
5338
4946
5134
5088
5264
5189
5291
5330
5362
5343
5333
5112
5360
5076
5284
4980
5304
0
0
5106
0
0
5210
5249
4938
5173
5159
0
5314
0
5301
0
5351
5326
0
5185
5007
5356
5041
4997
4913
0
5129
5232
5312
5153
5161
0
5020
0
5355
5318
5326
0
5356
5183
5352
5211
5305
4763
5327
5097
0
0
5341
5266
5329
0
5359
5328
0
5296
0
4937
5325
5322
5329
5125
5130
4333
5213
5304
5354
5258
5188
5237
5193
5099
5031
0
0
5350
4917
5260
4984
0
5347
5331
5043
5194
5177
5215
5276
0
0
5169
0
0
5308
0
5362
5293
4913
5126
5176
5330
5344
5135
0
4979
5193
0
0
5008
5180
0
0
5003
0
5210
4858
5192
5257
5277
4824
4962
5319
5283
5123
5197
5320
5211
5284
4997
5283
5187
5068
5143
0
0
4441
0
4069
5055
0
5156
0
5216
5306
5362
5301
0
0
5356
5352
5062
5070
0
5156
5118
5060
5296
5215
5343
5053
4486
5364
0
5317
4685
5093
5261
5137
5272
5251
5301
5317
0
5303
5140
4778
4818
0
5244
0
4989
5249
5354
4767
5285
0
0
5260
5189
4369
5249
4869
0
5171
5134
5253
4870
5242
5122
5324
5267
4608
0
4840
5210
4705
5285
5237
5240
5164
5075
0
5304
5291
5272
5235
5236
5290
5249
4873
5282
0
5282
5262
5238
5120
5000
5297
5335
0
0
0
4831
4970
5218
4317
0
4887
4339
4995
5073
5305
0
5153
5015
5306
0
0
5042
5067
0
0
0
5070
5245
5288
4929
4555
4853
0
5366
5257
5148
5326
5041
5331
0
5297
5068
5270
5187
5145
5073
5298
5236
0
0
5342
5249
5018
5186
5031
4745
5285
5308
5128
0
5367
0
5221
4850
0
5300
4998
5305
5273
5362
5285
5201
5365
4797
0
4531
4915
5261
0
4527
0
0
5348
5012
4884
5213
5305
5325
5257
5198
5337
5273
5247
0
5322
5193
5021
5344
5337
0
5308
0
5012
5319
5253
4916
0
5307
0
0
0
4949
5103
5251
5156
5153
0
5306
0
5216
5150
5311
0
0
5336
5359
4926
4917
0
4742
5316
5364
5324
0
0
0
5367
5278
3887
0
4909
4919
0
5026
4524
5134
0
5016
5366
5319
5055
5190
5057
5191
0
5300
4835
5264
4347
4641
4887
5279
4999
5303
4652
5342
4823
5149
0
0
4987
0
5090
4607
0
5292
5069
5368
0
5330
4984
5142
4564
5283
5228
0
0
0
5267
5186
4795
5272
5363
5194
5112
0
5007
0
5174
5207
0
5244
4986
5048
0
5298
5196
0
5207
5373
4871
0
5338
5079
5251
4838
0
4763
4277
5336
5286
5342
5311
5017
5145
4836
0
5349
5336
5019
5094
5200
5328
0
5183
0
5255
4931
5009
0
4738
5193
4219
0
5167
5156
5345
5199
5283
5300
5284
5311
0
5255
5369
4956
5041
5214
5235
0
5320
0
0
0
5243
5082
0
5370
5115
5305
5073
5367
5113
5349
5104
0
0
4801
5296
0
5328
5370
0
0
5251
5264
5314
4652
5117
5283
0
5367
5330
4168
5057
5301
4842
0
5233
5307
5267
0
4901
4501
5368
5181
5284
4240
0
0
4650
5277
0
5316
0
0
5294
0
4915
0
5190
5155
4340
0
5320
4865
5348
5331
5126
0
5252
4628
5369
5178
5140
5369
5367
4941
5367
0
4822
5367
5123
5012
0
5210
5016
0
0
0
5161
5362
5201
5305
0
0
5270
0
4762
5067
5103
4760
0
4964
5221
5320
5295
5300
0
5305
4796
4565
5192
5146
5292
0
0
5233
5134
5313
5034
4535
0
5344
5189
4659
0
5019
5137
5265
0
5302
0
0
5172
5342
0
4899
5249
4493
5035
5205
5051
4871
5331
0
5148
5299
5357
5304
0
4558
5114
0
0
5229
5143
5243
5232
5142
5358
5086
5364
5311
5305
5280
5243
5088
5342
4735
5077
5363
5095
5184
5156
5067
5133
5317
5252
5362
5239
5340
5063
0
5302
5316
5215
0
4907
5252
0
0
4605
5344
5184
0
5262
0
4953
5236
5100
5134
0
5230
5166
4923
5270
5285
5313
5061
5267
0
5229
5244
5189
5114
5318
4990
5327
5041
4579
5292
5337
5197
4937
5165
0
5359
5067
5335
5283
4737
5294
5281
0
4943
5191
5291
5106
5304
0
4608
5185
5198
5257
4813
5124
5362
5111
5063
0
5305
5110
5097
4446
5121
5206
5281
0
5164
5063
5217
5287
5133
5133
4873
5094
4798
0
5185
5138
5252
0
5097
0
5256
4956
5363
5305
0
5256
5154
4288
5197
5270
5258
0
5185
5338
0
4887
5017
4583
5332
5284
0
5306
5221
5210
5191
5344
0
5283
4839
5113
5284
5264
5362
5337
5259
5040
5222
5352
0
0
0
0
4795
5108
0
0
5218
5335
0
5357
0
5297
5360
5315
5177
5245
0
5267
5299
5029
4884
5268
4848
5074
5012
0
4942
5137
5251
5235
5347
5146
5359
5150
4488
5319
5280
5134
0
4396
5331
0
4778
5192
5290
4941
4775
5201
5098
5157
5352
5178
5286
5236
4796
5263
0
5061
0
5179
5040
4468
0
5271
0
5217
0
5244
0
3260
5336
5239
4813
0
5315
4760
0
0
4939
5210
4842
5344
4982
5246
4984
5163
5338
5289
4886
5090
0
5346
5048
0
0
5101
5110
5068
0
0
0
5240
5314
4916
0
5078
5305
5119
4721
5022
4858
0
5156
5301
5336
5352
4926
0
0
5263
0
5051
4912
5124
5008
5086
5144
0
5341
0
5300
0
5284
5217
0
0
5315
5315
0
5136
5309
5240
5288
5325
5273
0
5303
0
5128
0
5092
5343
5229
5108
4873
5228
5294
5334
5324
0
0
5305
5262
5288
5295
0
5120
5152
4965
5248
0
4757
5139
5329
5313
5006
5323
0
5314
0
5310
5087
5179
5087
5317
5291
4814
5312
5120
5041
5197
5288
4992
0
0
4672
5283
0
0
0
4537
5210
4967
5281
5220
5192
5238
0
5083
0
4647
0
3278
5131
5155
5340
0
4894
4838
5304
0
0
0
0
5273
0
4673
5327
5304
5083
5315
0
5161
4357
0
5095
0
5224
5242
0
0
5325
4790
5172
0
0
5340
0
5204
0
4870
0
0
0
5235
4912
0
5200
5179
0
5314
4950
4844
5241
4919
5056
5133
0
5046
0
5328
0
5101
5130
5314
0
4832
0
5333
5313
5305
0
0
5058
5188
5236
5149
5304
5319
5265
5252
4823
5225
0
5017
5263
5219
4780
0
0
5238
4950
4812
5227
5316
0
0
5336
3885
5263
5228
0
5163
4899
4422
0
5183
5293
4622
5285
5245
5057
5197
5146
5186
0
5001
5348
4742
5258
4961
0
5239
0
5134
5265
5347
5297
5083
5173
5164
0
4768
5201
4850
4921
0
4950
4764
4501
4830
5314
5350
0
5189
5285
5281
0
5007
0
5202
5103
0
4951
5281
5244
0
5006
0
5063
0
0
5002
4911
5336
5069
0
0
5357
0
0
0
5015
0
4880
5356
5315
5332
5104
5222
5308
5308
4883
5278
0
5306
5040
5221
5265
0
5233
0
5032
0
5352
4920
5351
5342
4837
5247
5291
5306
0
5215
5097
0
5249
5070
5254
0
0
0
5304
4555
5348
4971
5131
5195
4668
0
5119
0
5314
5032
5074
5239
5331
4994
5188
0
5288
0
5345
5102
5195
5102
0
5139
5267
4862
4959
5132
5306
5315
0
0
5247
5164
5219
5333
0
5352
0
0
4657
0
0
5138
4976
5286
5274
0
5267
5148
0
0
5063
5010
5269
4979
5259
4557
0
0
5276
5186
5233
5156
5244
5066
4971
5215
4988
5129
5234
5015
5119
4957
5026
5127
5261
5279
0
5345
5236
5258
5095
4513
5052
0
5171
5169
5295
5078
4968
5002
0
5065
5064
5047
5101
5144
5171
0
4124
5063
5259
0
5323
5145
0
4892
5100
4941
5232
5146
5347
4572
0
0
5296
4836
5059
0
0
5062
5267
5345
5336
0
5238
5069
5265
4184
4824
5072
5229
4258
0
5208
0
0
0
4469
5051
0
5165
5256
5195
5232
5072
0
5064
5218
0
5083
0
0
4690
5229
5308
5280
5090
0
5155
4644
5313
5131
5347
5019
0
5139
4943
4920
5342
5300
5218
4369
5077
5355
5234
4985
5090
4785
5082
5079
5354
5087
0
5209
5088
5298
0
0
5036
0
5323
4470
4783
0
5156
0
0
0
0
5287
5240
5036
0
4931
5053
5208
5282
5024
4633
5331
5324
5319
5170
0
5318
4968
5241
4789
0
5334
4989
4899
5047
4938
5116
5287
0
0
0
0
0
5220
5253
5155
5272
5337
0
4789
5352
0
5215
0
5293
5314
0
0
5130
4770
5318
5154
5252
5261
5014
4685
5261
0
0
0
4021
0
4580
5245
5248
5275
5288
5328
5154
5171
5140
5002
0
0
5312
0
4861
4955
4168
5297
0
5260
5269
5084
5354
5220
0
5059
5197
5324
4655
5056
0
5130
0
5345
5326
5278
4920
5090
5290
5158
5113
5301
5302
5317
0
4775
0
0
0
5353
5339
5287
5214
5323
5039
5288
4982
5016
5190
5284
5088
5027
5358
4778
5356
5216
5133
5275
5079
5166
0
0
4780
5071
5261
5357
5281
0
0
5035
5253
5129
5298
5029
5057
5306
5094
5045
0
5316
3951
5153
4460
4589
5306
5008
4991
5168
5299
5238
5130
5058
4415
5126
5316
0
0
5172
0
4777
5317
5038
5109
0
0
4990
0
0
0
0
4911
5299
5264
5343
5260
5278
5330
4567
5268
4841
5202
5352
0
5320
4603
5292
5155
0
4916
5241
4644
4895
0
3968
4938
0
0
4133
4787
0
0
0
0
5172
4921
5271
5305
5091
5289
0
0
4853
5346
0
5317
5346
5089
5117
0
5059
5275
0
4912
0
5338
5354
0
5162
5242
0
0
5339
4407
0
0
0
4871
5006
0
5171
5037
5246
5356
5317
5167
5317
5363
0
5252
0
5203
5347
5075
5301
5330
0
0
0
0
0
0
5313
5299
5256
0
0
5301
5267
4753
5169
5265
5177
5221
4933
5186
0
4769
5273
0
5024
5366
5030
5265
5358
5292
0
4606
5080
0
4869
5135
5247
4750
5297
0
0
0
0
5274
5235
5277
4963
0
5322
5304
4783
5192
3737
5322
0
0
0
5296
5330
5315
5257
0
4791
5329
5016
0
5310
4968
0
0
5189
5217
5231
5202
5059
4584
5108
0
5188
0
5226
5236
5362
5180
5321
5254
5146
5295
5361
5082
5245
0
5226
5035
0
0
5302
5058
5313
5251
0
5063
0
0
5132
3618
4570
5311
5208
4474
4998
5263
5241
5148
4822
0
5083
0
5091
5029
5331
3968
5183
5354
4966
0
4299
5191
5284
5229
0
5348
5189
5312
5135
0
0
5245
4907
0
5330
4482
5331
0
4577
0
5228
4930
0
0
0
5310
4915
5188
5297
0
0
5354
0
4620
5349
0
5033
5191
5153
5301
0
5354
0
5263
5334
5275
0
5081
4976
4652
5044
5208
5027
0
0
4882
0
4906
5169
5128
5144
5258
5055
5215
5299
0
5276
0
5361
4802
4777
4550
5130
0
5020
5197
5169
3746
5002
5281
5354
0
5175
5309
5338
5125
5276
4519
5301
5346
0
5127
5112
5201
5256
4662
4850
0
5281
0
5357
5359
5237
5190
5232
5278
5300
0
4788
0
0
5318
5285
5117
5341
5216
5256
5097
4770
4770
5277
0
5346
0
5255
4645
5353
5327
0
5056
0
5361
0
0
5340
5286
5241
0
5263
0
0
5059
5178
5101
5363
5334
5210
5125
0
5019
5348
5088
5310
4851
0
0
0
5258
0
5192
5278
5236
5108
0
4577
5361
5018
4790
5234
4821
0
5257
0
5074
5303
5266
5156
4508
0
5192
0
0
4780
5339
5029
5104
0
0
5356
5359
4260
4900
5175
0
0
0
5253
5350
4851
5325
0
5229
5174
5270
5171
0
5360
5060
5355
5170
5005
0
5244
0
5338
5230
5324
5300
5012
5356
5358
0
0
5316
5194
5345
5111
5357
0
5302
5035
5104
5363
0
0
5160
5277
5301
5252
0
3417
4884
5210
5060
5363
4377
0
4553
5189
5188
4845
5055
0
0
5290
5320
0
5275
0
4900
0
0
5092
5154
5098
0
0
5097
5353
0
5061
4948
0
4651
4920
0
4921
5080
0
5059
0
4908
5265
5354
0
5214
5123
0
0
0
5126
0
0
4689
5256
5357
0
5137
0
5082
5302
4983
4634
5294
5080
5234
5055
0
4639
0
0
5363
0
5253
5234
0
5044
0
4987
5231
0
5236
5159
5236
5079
5088
4956
5045
4909
5299
4843
5213
5254
5213
0
0
5305
4845
5294
4777
5127
0
5312
0
5059
4918
5009
5138
5087
5171
0
0
5355
5160
5299
5237
0
5368
0
5324
5174
0
0
0
0
5306
4735
0
5358
4496
5262
5314
4874
4877
5048
5364
0
5283
5298
5190
0
5150
4993
5073
5260
0
0
0
3909
5042
0
4536
5370
5255
4963
0
5315
0
5263
0
5294
5369
4688
5292
0
5270
4746
5307
4805
5073
5194
4921
0
5128
4576
5315
5358
5136
5292
4066
5314
4589
4718
4724
5126
5144
5194
0
0
0
4968
0
5290
4818
5034
5361
0
4920
4598
5030
5208
5206
5361
5081
5087
5246
0
4793
5276
5362
4350
5174
5280
5008
5228
5363
5290
4986
0
4609
5197
5064
4916
5359
5224
5097
5222
5182
5319
0
5361
4968
0
0
4549
4980
0
5320
5257
3967
5132
0
4788
5165
0
4956
5333
5122
5228
0
0
5097
5172
5175
5314
5249
0
0
4766
0
5238
5062
5297
4896
5238
4945
4910
5094
5007
0
3977
5086
0
5191
4693
5126
4960
5165
5293
5300
5360
5203
0
0
5262
5236
5362
5257
4913
5221
0
0
4991
4342
5249
5358
5362
0
4329
5235
0
4907
5126
5314
0
5150
4956
5240
0
5246
5251
5296
5193
4833
5364
4780
4895
5293
5320
5342
0
5187
5070
4673
5192
5131
0
5124
4883
4614
0
5262
5050
0
5297
4923
0
0
5222
5223
5357
5127
5360
5326
5336
5357
5026
5256
5332
5292
5202
4746
5040
5290
5311
4980
5263
0
0
5004
4922
5367
0
5311
0
5311
5011
0
4403
0
5042
5334
0
4853
5250
0
0
0
5342
0
5351
5035
5171
5092
0
5295
0
5348
4523
5335
5059
5251
5139
5353
5365
4930
5126
5200
5258
0
5225
4803
5010
0
5161
0
5046
0
5282
4893
4995
5363
5041
4751
0
5136
5238
4836
5234
5304
5323
5306
5333
5287
5037
5308
5289
5351
0
5320
5171
4708
5088
0
5229
5170
0
0
0
5331
0
0
4038
5282
0
5136
5304
4673
5291
5259
5256
4863
0
5297
4210
4922
5050
0
4711
0
5277
0
5248
5267
5249
5360
0
5032
5250
5168
0
5349
4449
5148
5190
5323
0
0
4553
5360
5294
5193
5327
5300
4038
5128
5212
5275
0
0
5122
5316
4528
0
5166
5021
5221
3672
0
5348
0
0
5256
5351
0
4923
5357
0
5262
5318
5054
5267
5223
4937
0
4778
0
5119
4749
5316
0
5290
5169
4937
5188
5165
5056
4994
5285
5087
5288
5220
4430
4968
5330
5232
5330
4732
0
5272
5241
0
4787
5168
4909
5294
5259
5329
5289
5313
5339
5299
5260
5320
5261
5246
5331
5061
4843
5165
5300
4321
0
5198
5199
5357
5136
5300
4941
4643
0
0
4983
0
5061
5052
0
0
0
5010
0
0
5265
4558
0
0
5040
5236
5201
0
5296
5355
0
0
5132
5093
5021
0
5175
0
5287
5278
5257
4790
5269
0
0
5278
5312
5217
0
5318
5040
0
0
4853
5331
5334
4520
4507
0
0
0
3881
5289
5317
5229
0
4783
5280
4721
5269
0
4776
0
0
5169
5254
5294
0
5305
5058
5322
5194
5364
4693
5277
5297
0
5194
4646
5200
5359
4794
0
4467
5264
5338
5250
5157
5092
4952
5319
5101
0
0
5356
0
5193
5228
4843
0
0
0
5225
5315
0
4877
5013
0
4959
5205
4936
5317
5292
0
0
5301
5291
5077
0
5320
0
0
5209
0
5187
5009
0
4761
5230
5030
0
4774
0
0
4131
5232
4803
5254
0
5206
5021
5150
5204
5314
5085
5229
4761
0
0
5113
4573
0
5125
4702
5298
4531
5079
5114
5252
5321
0
4935
4312
0
4835
5270
4632
5286
0
4617
4989
4763
5101
4967
0
5258
5209
4719
0
4966
4915
5263
0
4965
5183
5322
5212
5222
5125
0
5307
0
5266
5273
5272
5155
5239
5028
5315
5166
5301
4840
4838
5345
5258
5284
4968
5137
5185
5324
5270
4861
0
5283
4663
5330
5157
0
5288
5355
0
5067
5251
0
5193
0
0
0
5340
4991
4882
4821
5049
5331
5348
5326
0
0
5222
5186
5300
0
5066
5262
5245
0
5100
5013
0
0
5276
5318
5137
0
5033
4982
5176
0
0
5167
5317
5255
5356
5038
5169
4921
0
5361
5039
5106
0
0
0
5164
4955
5110
4992
0
5231
5124
4958
5176
0
0
5321
5012
5283
4828
5095
0
0
4680
5099
5348
0
5341
5084
4336
5275
5310
0
0
0
5127
5204
0
5049
5070
0
5306
0
5262
5304
0
0
4704
5355
5080
5322
0
5254
0
5210
0
5084
5157
5207
5252
0
0
0
0
5247
4978
5024
0
5207
4902
5165
0
5159
5269
5025
0
5155
4988
5132
4645
4806
5127
5346
5363
5330
5261
5117
5229
5199
0
0
0
5287
4975
5029
0
5352
5159
5217
5316
5273
0
5183
0
0
0
0
4825
5323
5277
5001
5044
4642
4948
0
5099
0
4929
4460
5023
5301
5181
5144
5204
0
4840
0
5183
0
5168
5242
5228
5106
4971
0
5258
0
0
5281
5256
5068
4830
0
5142
5270
0
5197
0
5274
5359
5356
5357
5313
5325
5247
5269
5111
0
0
0
0
4979
4993
4404
5311
0
4675
0
0
0
5061
5320
4638
5313
5336
0
5220
5257
5250
4628
4844
0
5354
4985
0
5086
0
4869
0
5292
0
5121
5320
0
5086
5306
5310
4940
5186
0
5302
4680
0
0
5273
5309
5274
0
5356
0
5323
5097
5155
0
5356
5129
5294
5356
5275
5170
5237
5146
0
5103
5138
4645
5128
4620
5153
5132
5204
5245
0
0
0
5321
0
5297
5279
5259
4758
4967
0
5026
5323
5268
5231
0
5291
5275
4996
5024
5223
5018
5092
4804
5121
5145
5169
4975
4696
5046
5207
5308
4896
5076
4733
0
5013
0
0
0
5359
5296
5348
5289
5302
5010
5239
5024
5360
5044
5347
5223
5353
5195
5237
5318
4999
0
4093
0
5195
0
5220
4494
5225
5127
5161
5224
0
0
5200
5345
0
5323
0
5240
5361
5050
0
0
0
5180
5323
5272
5064
0
5183
5292
4456
4522
5326
5312
0
5192
4531
0
5053
4224
5263
5316
5108
4165
0
4598
5243
0
5293
0
5354
5337
4947
0
5263
5318
4947
4753
0
5237
5236
5367
5024
5013
5257
5050
5310
5104
4995
4906
0
5270
5122
0
4943
5131
5316
5151
5201
5015
4602
5272
0
4754
5209
0
4884
5280
5097
4948
4523
5117
0
5054
5134
0
5315
4743
5287
0
0
5011
5332
5197
5114
5253
0
4882
5074
5230
5286
0
5265
5112
0
5270
5129
5253
5359
0
4479
4614
5086
5138
5291
5041
0
4962
5306
5169
0
0
5289
5294
5265
5023
0
5229
5350
0
5284
5265
4689
0
5366
4728
0
0
4592
0
5334
0
5285
0
4522
5081
4891
5205
4396
5368
5203
4393
0
5227
5366
0
5301
5246
5224
4569
4662
5214
5250
5168
0
5172
0
5301
5286
5299
5323
4538
5214
4920
5287
0
0
0
5050
4885
4877
5356
5355
5234
5294
0
0
4353
5217
0
4456
5306
5288
0
4828
5113
5226
4704
5021
5123
5117
5226
4943
5049
4593
5122
5195
0
0
5347
5235
0
0
5369
0
5055
5032
5287
5164
4020
0
5162
0
5189
5345
0
5084
5264
5324
0
0
0
4957
0
4279
5248
5051
5366
5197
5330
4953
0
5039
5131
5348
5231
0
5292
4933
5144
5348
0
5049
5198
5090
5104
5349
0
0
0
5215
4448
4588
4973
4169
4594
5083
5239
0
5174
5352
4799
0
4713
4974
0
0
5111
0
5092
5166
4957
4946
5060
5289
5108
5191
0
5305
5250
5265
5284
5158
5029
5352
4912
4568
5323
0
5298
5111
5075
5157
5303
4982
5258
0
5329
5289
5290
0
4862
5020
4899
5052
5053
5205
5123
0
0
5063
0
0
4949
5033
5014
0
5084
4674
5312
5129
0
5357
5362
5324
4632
0
5022
5312
4344
5097
0
5326
0
5285
5333
5091
0
5146
5337
4782
4405
5200
5364
4883
0
0
4784
0
0
5345
5260
0
5331
0
5223
5097
0
0
5327
5332
5033
0
0
0
5270
0
0
0
5169
5284
4743
5084
5231
0
5141
5035
5269
4685
4815
5361
4994
0
5306
0
4936
5071
4816
4481
0
4719
5311
4655
0
5339
4969
5085
5256
5326
5110
5299
5240
4176
4594
0
5012
5281
5343
5241
5288
4882
5258
5361
5277
0
5155
4617
5306
5163
5354
5358
5077
0
5281
0
5035
4598
0
5030
4808
5301
5285
5223
0
5151
5288
5044
0
5309
5180
0
5154
5128
5358
0
5192
0
5171
0
5340
0
5369
5273
0
4737
4452
5220
0
5025
5326
5079
2898
5354
5184
0
5286
5161
4914
5249
5236
5308
5010
5211
5017
5191
5000
5138
0
0
5021
0
0
5163
0
0
0
5269
5322
5002
4785
5318
0
0
4784
5356
5343
0
5323
0
4959
5324
5309
4721
5328
0
5264
4819
5243
5319
0
0
5093
0
0
5218
4779
5118
5085
0
0
5024
5331
0
0
5123
5142
5332
5309
5245
5310
0
5281
5193
5327
5167
5098
4552
5323
4956
5337
5222
5317
5010
0
0
0
5145
5282
5162
0
4914
5091
5309
5332
5180
5200
0
5243
0
4620
5008
5356
5325
5323
5135
5082
5048
4318
5313
5352
4780
4878
5298
5254
0
0
4832
4833
3771
0
0
5022
5017
5281
5290
5245
5033
5027
5072
0
5249
4910
5296
5210
5120
5298
0
5168
5231
5302
5330
5219
5328
5297
5189
5184
0
5046
5329
4914
0
5259
0
0
5299
0
4795
5117
0
4946
4657
4571
0
5081
0
4912
4652
5160
4836
0
4300
0
5319
4685
0
0
5135
4989
5016
0
5358
5335
0
5332
0
0
5285
0
5192
5356
4914
0
0
5286
0
0
5052
4339
4851
5298
4412
5209
5305
4856
5228
0
5191
5183
5201
0
5166
4565
0
4775
5302
0
5228
0
5355
4279
5220
5055
0
4840
0
4961
0
5084
5355
4871
5263
5206
5338
5276
5200
4880
5141
0
0
5306
5361
0
0
4887
0
4770
4700
4393
0
5261
0
5243
4972
5247
5282
5203
4974
5273
5017
0
0
5061
5219
4892
5223
5253
5339
0
0
5191
0
5240
4957
0
0
0
5205
5333
5137
5291
0
5365
5105
0
4993
4688
4502
0
5131
0
5121
5001
5190
0
0
5136
5064
0
0
0
5310
0
5361
4976
0
5221
4770
0
4969
5270
4997
4917
5215
5315
5313
5302
5139
5262
5268
5188
0
5080
0
0
4799
4700
5259
5317
4769
4944
5302
5303
0
5302
0
0
0
5208
0
5266
5307
5327
5296
5246
0
0
5084
5078
0
5254
5297
5299
5269
0
5004
5286
5059
5255
0
4845
4017
5174
0
5074
0
4975
0
0
5156
4951
5329
5228
5339
0
0
4758
5079
5040
5035
5063
0
0
5264
5262
5249
0
0
0
4925
0
5341
0
5055
0
5205
4583
0
5078
4529
5317
0
4947
5208
0
5115
4367
5355
4806
5282
4885
5090
4879
4940
5205
5087
4747
5197
0
5175
4972
4885
5151
4980
5320
5039
5208
4965
0
5350
0
5232
4554
5029
5330
4983
5325
5081
4720
0
0
5363
5307
0
5181
4153
5267
4931
5304
5284
5226
5274
5246
5279
5064
5018
5339
5283
5322
5355
4859
5318
5296
0
5296
5080
5164
5018
5286
4895
5328
0
5225
0
0
4763
5355
5048
5235
5246
5342
5329
5196
0
4058
0
5144
0
5263
4838
5257
0
5025
5325
5250
5006
0
5208
0
0
5235
5305
5261
0
5355
4944
0
5331
5165
0
5354
4890
5293
5206
5353
0
5300
4696
0
0
5242
4907
5295
5357
5164
0
5236
5172
5248
5236
5334
4845
4819
5053
0
5143
0
0
5205
5073
5260
5188
4890
5288
5002
5221
0
5294
5334
5243
0
5276
5318
5064
5159
0
0
5031
0
5348
0
5263
5304
0
0
5356
5243
4986
5058
5287
5197
4617
5027
5357
5113
4869
5090
5132
4725
4290
5071
4660
5193
5039
5356
4969
5161
5056
0
5329
4855
0
5349
0
5121
5301
4919
5119
5294
5266
5102
0
4776
0
5128
5152
4961
0
5356
5248
0
0
5349
4897
5306
0
0
5192
5159
0
4977
4818
5175
5151
5302
0
4649
5276
5259
5117
5332
5044
5257
4147
5214
5333
5137
4929
5334
5319
5247
4795
5055
5219
5325
0
5214
0
0
5106
5347
4950
0
3970
5295
5278
4955
5202
5247
5128
5082
4952
5301
0
4928
0
5233
0
0
5163
5296
0
5351
5151
5342
5220
0
5301
0
5296
5022
0
5342
5167
5058
5110
5303
4786
5260
0
4920
0
4938
4854
5020
5242
5053
0
4970
0
0
5203
5275
0
5261
5077
4982
5219
0
5292
5039
5083
0
4841
5219
5165
5011
0
4914
5353
5300
5272
4857
5349
5040
4969
5259
5307
4797
5230
5332
0
0
4630
0
5356
5232
5231
4701
0
5050
5296
4231
4779
5308
5038
0
0
0
4893
5010
5014
3954
4760
5043
5343
5199
5261
5211
5319
5276
4636
5296
5164
5067
4937
5345
5311
5285
4712
5266
4264
5305
5191
0
0
5305
0
5335
5192
5141
3869
5050
5214
5348
5071
5050
5235
5219
5278
5320
5282
4910
5359
0
5356
5091
5322
0
0
0
5063
0
5199
5299
5210
5102
0
5070
5226
5221
0
0
4888
4996
4970
5269
0
5005
5032
0
0
0
5283
5306
4930
5298
0
4963
5354
0
0
5324
5350
5226
4952
0
3832
4185
0
0
5361
5302
0
5110
0
5149
5319
5217
5274
5337
4980
0
5036
0
5247
4514
5322
0
5037
0
5305
4963
4901
4999
5137
5061
0
5048
4807
0
0
4943
5357
5255
0
0
5248
4855
5291
5290
0
0
5352
5239
0
0
0
5310
5325
5096
5293
0
5268
5020
5306
0
4730
3344
5071
5278
5358
0
0
0
5306
4954
5306
5329
5049
5348
5314
5241
5363
5091
5202
5115
5196
5307
0
5300
5227
5276
0
0
0
5285
5262
5246
4661
5360
4914
5239
0
5275
5307
4989
5257
5321
5226
0
5340
5301
0
5218
0
4998
0
5101
5226
4998
0
4984
4845
5132
5275
0
4857
4292
0
0
0
4633
0
5226
5357
5347
0
5284
0
5355
5310
5194
0
0
0
5344
4408
0
5222
5303
5036
4799
5321
5158
5277
5209
5256
0
0
4411
0
5265
5054
5147
4897
5193
5128
0
5212
5277
5294
0
5164
4713
5078
5275
5168
5194
4681
5269
0
0
5021
5204
0
5317
5058
0
4966
0
5305
5300
5090
5355
5246
4974
5179
5357
5217
0
5248
5304
0
5359
5061
5315
5321
4782
5001
5152
0
0
0
5214
5071
5249
4651
5134
0
5321
4966
5303
5178
5310
5269
5201
5312
4961
4666
0
5318
0
5346
0
5250
4964
0
4747
4856
4841
0
5096
4299
0
5210
0
0
5220
5057
5352
5133
5300
5291
5325
0
5138
5268
0
5078
5301
5260
5301
5151
5071
4857
5202
4552
4465
0
5327
5247
4710
5183
5060
5222
5234
5070
0
5323
4319
5257
5214
5351
0
4400
5351
5234
5158
0
5308
0
0
0
5072
0
5303
5359
4857
5292
0
4679
5362
5291
5298
0
0
5009
5144
5348
5320
0
4868
0
0
5325
3997
5314
5240
4793
3951
5291
0
5188
0
5204
0
5104
5328
4893
0
0
5157
5282
4930
5313
0
4869
5332
5327
5327
0
5059
5281
5347
4794
5327
0
5115
5181
5196
4168
0
0
5326
5166
4811
4846
5081
5327
4940
5325
5330
5084
4917
4985
4048
0
0
5354
4890
5295
5332
5062
5279
5308
0
0
0
4677
5321
5143
0
0
5325
5028
5241
0
0
5010
0
5043
0
0
4472
4561
4445
5202
4821
5356
0
5267
5038
4853
0
5262
0
5167
5324
4868
4952
5207
0
5000
0
0
0
0
5202
5053
5144
5038
5145
5319
5144
4216
4516
0
5343
5254
4681
4862
5331
5188
0
5109
5339
5300
0
5333
5231
0
4863
5201
5143
0
4711
4998
5325
5143
5305
5178
0
0
5064
5357
0
5258
0
5361
4918
0
4850
5350
0
5354
5320
0
5351
5270
5095
5270
5351
4462
0
5205
4762
0
5240
5311
5200
5179
5142
0
0
4702
4967
0
5328
5132
5226
5347
5055
5136
5166
5145
5327
5324
5054
5320
0
4378
5101
5209
5276
5307
5211
5280
5330
0
0
5258
5353
0
5229
0
5277
5318
4988
0
5231
5180
0
5183
5226
5214
0
5210
5113
5241
4942
0
4780
5286
4940
5217
4818
5244
0
5238
5267
5230
0
5076
0
5158
5180
5205
5281
4817
5221
5309
5032
0
5342
5329
5273
0
0
5262
5319
4941
5170
4843
0
5329
5151
5212
4778
5254
5262
5044
0
0
5327
5263
5279
5311
5264
5305
4813
0
5317
4780
5347
5355
4999
0
5239
5318
5279
5187
0
5308
5290
4789
4515
4817
5292
5300
4378
5113
0
3207
4907
0
0
5332
5339
5285
5067
0
5281
0
5338
0
5332
5222
5354
5331
5009
0
4252
0
5291
5352
5332
5252
4939
4900
0
5121
5297
5305
5061
0
0
0
0
5011
0
5310
5308
5087
5085
0
5272
5270
5022
4824
4909
5317
4224
5203
5178
4994
5328
0
4829
5302
0
5354
5353
5254
5208
5046
5360
4853
5058
4393
0
5295
0
5149
0
5200
5258
5019
0
5082
0
5234
0
5197
5326
4494
5333
4914
5318
0
0
5331
5240
3726
0
4668
5272
5301
5180
0
4491
4402
5240
5000
5298
4840
5274
5248
0
5259
4652
4841
5303
5193
5306
4858
4968
0
0
5329
5174
5302
0
0
5265
0
0
4905
5083
5287
4495
5193
5301
5324
4753
0
5051
5222
5166
4782
4661
0
4834
5032
5320
4356
4877
5273
5181
5193
4849
5006
5314
4664
0
5279
5218
5173
0
0
4847
5289
5060
4526
5282
4978
5263
5319
5302
5221
4995
0
5300
4944
5221
5199
0
5319
5273
4208
5076
5357
4089
0
5343
5290
5355
4973
0
5320
5344
0
4959
0
5198
0
0
5272
5226
5342
4668
5323
4316
5215
0
4710
5073
5080
5347
4603
0
5123
5201
5259
5067
4973
5113
5050
5198
5281
0
5209
4799
5350
5337
5264
5296
5256
5142
5283
0
5312
0
5297
5320
5283
5222
5108
0
0
0
0
0
0
0
5281
0
0
4900
5352
0
5025
5242
5274
5195
0
5079
0
5230
5331
5304
5259
5018
5330
0
5098
5256
4901
4983
4906
5357
5120
5284
5141
5176
5236
5076
5259
5299
0
5175
5146
3879
5288
4786
0
5236
5242
0
5289
5353
5145
4995
4558
0
5310
0
5154
5274
0
5078
0
5090
0
0
0
5044
4751
5273
5326
5171
5319
0
0
5215
5257
4682
4240
5043
4986
0
0
5199
5218
5293
4786
4873
0
5064
5290
5295
4978
0
5214
4603
5041
5089
0
0
5258
4958
5301
4802
5199
0
5002
5316
5235
5299
5121
4602
5234
5330
5148
5043
5238
0
0
5265
5184
5294
5294
4620
0
5357
5178
4055
5326
4248
5312
4840
4483
5018
4785
5254
0
5330
4837
4888
0
5024
4848
0
5356
5302
5226
0
5199
5268
4570
5295
4982
5334
5258
4398
5343
0
0
0
4995
5147
5080
5050
5032
5167
0
0
0
0
0
5329
5292
4806
5011
0
4990
0
0
5348
5336
5286
0
4745
5136
5251
4641
4957
5112
0
5304
0
5348
4785
4993
4900
4676
5245
5349
4726
5270
5051
4418
5236
0
5202
4991
5107
0
5305
5304
5233
0
5318
5199
0
5111
5259
4869
5334
5005
4946
5222
5006
4647
5178
5233
4999
5304
4896
0
5203
4790
5204
4707
0
0
4524
5222
0
4962
4679
0
5243
5150
5113
0
0
4964
5306
5274
5115
5304
5276
4937
5048
5262
0
4968
4842
5203
5238
5200
5359
5212
5021
5357
0
5073
5127
0
5199
0
0
0
0
0
0
4586
0
5153
4970
5313
5015
5151
0
5307
0
0
0
0
0
4915
5034
0
5325
0
5231
5319
5202
5307
0
5294
4854
5164
5232
5304
5273
5350
5307
0
5324
5138
5169
4767
5138
5334
5277
4810
5003
5220
5125
5350
5219
5203
5211
5203
0
0
5234
4711
5347
5086
0
5277
4792
5318
5331
5331
5276
5259
0
5261
5330
0
4833
4888
5320
0
5069
5278
5358
5086
5182
5001
3847
0
4664
0
5292
0
5248
5245
4968
0
5349
0
5333
5258
0
5182
0
4981
0
5306
4977
5084
0
5017
5244
5182
0
5228
5285
5265
4475
4513
5358
5119
5227
0
5019
5149
0
4300
4749
5346
5127
5358
5027
5140
0
5186
4848
4917
5350
0
5227
5092
0
5303
4902
0
0
5357
4715
5273
4603
5317
5126
5226
0
5112
5288
0
5235
0
5058
4957
0
0
5319
5159
5319
5310
0
0
5327
5291
0
4915
5244
5173
5289
4767
4909
0
5185
4901
0
5335
5132
0
4942
5332
0
5197
5336
5293
0
4869
5293
4469
5180
5204
5314
0
4928
5233
5101
5197
0
5069
5210
5258
5301
5348
5253
5234
0
0
5049
5040
5223
5222
0
0
4801
0
0
5227
0
5339
0
5316
4969
5301
5351
5299
0
0
5047
5248
4962
0
0
4815
4782
5244
5284
0
4860
5313
5202
0
5127
0
0
5284
5263
0
5210
5151
4730
4936
0
0
5262
5049
0
5214
5299
4232
5273
5343
5293
0
5316
5272
4792
5012
0
5219
5241
5213
4501
0
5132
5113
5259
0
5133
4449
5318
5353
5318
0
4582
5235
5288
5231
0
5131
5290
5221
5057
5245
4974
5130
5203
0
4848
0
5302
5348
0
0
5260
0
5132
0
4660
5140
4922
0
5268
5224
5280
5004
5170
5129
5345
4449
4522
5348
0
0
5278
5179
5310
5208
0
5031
5309
5334
0
5211
5332
0
4408
5255
5334
5307
5289
5229
5299
5357
5354
0
5156
5316
5218
0
0
5241
4976
5262
5152
5269
5296
5239
5355
5316
5237
5261
5218
4947
4980
5236
0
5183
5000
0
5320
5345
5341
4686
0
0
5345
5253
0
0
0
5155
5079
5250
5144
5059
0
0
3743
5253
0
5307
0
5126
5132
5199
5332
5003
0
4699
0
5267
5321
5161
5275
5296
4777
5211
5271
4994
4955
5354
4690
5162
4952
5006
4770
4540
5294
0
0
0
5297
5130
5224
0
5095
5209
0
5167
0
0
5084
0
0
0
5210
5346
0
5327
0
0
0
5245
5111
5251
5331
5348
0
5175
5325
5310
5120
5272
5296
5204
0
5132
5300
5308
0
5272
4946
5322
5090
5328
5348
5345
4912
4695
5260
5230
4989
5328
0
0
5304
5183
0
5209
5100
0
5209
0
5348
0
5091
0
5288
5259
0
5106
5324
5094
5254
5331
5302
5130
0
5070
5259
5286
5212
5191
0
5363
0
5313
4925
4989
5024
5315
0
4392
0
5288
4858
5213
5087
4900
5175
0
0
5328
5256
5323
0
4924
5348
5339
5329
0
0
5238
0
5131
5339
5208
5285
4534
4939
5316
4693
5217
4964
5331
0
5234
5331
5314
4568
0
5310
5323
0
0
5270
5074
4932
5244
5129
0
5088
0
5269
5362
0
5123
0
5221
5055
0
0
5286
4984
4927
5314
5356
5261
4855
5137
0
5315
4671
0
5211
5300
5187
5068
5336
5237
4769
4986
5168
0
5274
5070
5099
5330
0
5341
5067
0
5213
4919
5327
4536
5236
5337
5137
0
5330
5267
5212
0
5346
5311
5337
5268
5357
5324
0
5300
0
5111
4910
5256
5331
5324
5038
5329
4841
0
5242
5352
5213
0
3977
0
4702
4530
0
5347
5088
5362
5289
5361
5117
5158
0
5191
4803
5285
0
5339
5249
5188
5249
5351
4913
4941
5289
0
5128
5336
5289
4833
4668
0
5313
0
5251
5022
4302
5038
5329
5117
5240
5302
5208
5055
5266
0
0
5008
0
5207
4857
5312
5007
4719
5125
5164
4600
5178
5157
0
5256
0
0
0
0
5311
5313
5116
4955
5295
0
5229
0
5329
5327
0
5345
0
5066
0
4928
5042
0
5281
5331
5200
5311
0
4528
5114
5035
5125
5215
4826
5279
0
4985
5180
0
5334
0
0
0
5208
0
0
0
4420
4956
5312
5175
0
5075
5088
4012
5044
5213
5329
5323
4891
5359
5363
5049
5334
4869
5353
0
0
0
5099
5140
5118
5023
4937
5211
5125
0
5262
5271
0
4430
5329
0
0
5332
4794
5266
0
4810
5107
5306
0
5143
5231
5252
0
5099
5221
5078
4908
5206
5329
0
5359
0
5286
5217
5330
0
4920
4934
5180
5148
5292
5178
5331
5302
4682
4948
4988
5315
4774
0
0
4746
5138
5328
5333
0
5179
5113
5020
5084
0
5210
5184
5287
5302
5283
4840
5210
5141
5331
5325
5269
4937
5240
5343
0
5332
4686
4679
0
5227
5051
5102
4931
5107
0
0
4854
5113
5331
5182
5223
5237
0
4548
4912
0
5064
0
5106
0
5283
5228
5180
0
5158
0
5149
4453
5064
0
5324
5081
5336
5353
5156
0
0
5191
5137
5346
5235
5117
4843
4942
5060
4969
0
5256
5155
5253
5311
5360
5330
5333
0
0
5135
5271
0
5118
5190
5058
5310
5211
5272
5224
5338
4368
0
4961
0
5287
0
0
5273
5323
0
5297
5229
5184
4930
0
5182
5244
5237
4741
0
5224
5304
4775
5309
5192
0
5352
5169
5245
5300
5312
0
5125
5037
5345
4916
5225
5321
5349
0
5112
4891
5321
5003
5319
0
5321
5343
0
0
5343
5140
5216
0
5207
4673
5235
5264
0
5260
5139
5223
0
5330
5248
4693
5102
5358
5329
5164
4906
5038
0
5310
5179
5321
4921
5245
5214
0
5360
0
0
5292
5226
5363
4992
5143
5332
5322
0
4804
5103
5204
5002
0
5093
4985
5311
4752
5128
0
4949
5226
0
5304
5310
5274
5303
5342
0
0
0
3100
4880
5270
4995
5135
0
4093
5286
4338
5317
5254
5305
5305
0
5326
5022
5254
5245
4605
0
5277
5071
5343
5023
5217
5327
0
0
5228
0
5141
4959
0
5230
0
5313
0
0
5326
5255
0
5024
0
5360
5075
0
5265
4955
0
5073
0
0
4755
5053
5246
5282
5108
0
5332
0
5144
0
0
5247
0
5314
5269
5196
0
0
5194
5035
5354
4841
5278
5292
4847
5072
5333
5310
0
5092
5301
5250
0
5296
5320
4813
5315
5180
0
0
5305
5191
0
0
4916
5333
0
5217
0
4810
5264
4390
5065
0
4869
5151
5333
4641
5288
5350
4807
0
5021
5320
5346
5087
5304
5310
5311
5265
4692
5348
5300
0
5280
4946
5218
4496
0
5284
5185
0
0
0
5240
5166
4866
5319
4990
5122
5344
4710
5290
5281
5228
4862
4923
0
5317
5345
0
4602
5102
4917
5041
5154
0
5312
5257
0
5258
5250
5228
5173
0
5275
0
0
5136
5087
5310
5349
5327
4770
5330
5125
5226
5248
5343
0
4920
0
5293
0
5240
4425
4463
0
5251
5235
5164
5279
5291
5248
5222
4669
0
0
5223
0
3444
0
5237
5227
5200
0
0
5318
5090
5051
4565
0
0
5173
5208
4353
5302
0
5342
5295
0
5219
5348
0
0
5282
5318
5041
0
5340
5320
5275
4782
5028
0
5133
5326
0
4943
4701
0
5297
5322
5022
0
0
5064
4065
0
5269
5097
0
4970
5066
5095
5115
5273
5304
0
0
5185
5233
5089
5244
5081
5329
0
0
0
4751
5183
5170
5350
5261
5330
5313
5030
5187
5322
4852
5172
0
5305
5085
0
5356
5347
5262
4770
0
0
0
5281
0
4514
4234
0
0
5320
5256
5181
0
5180
5224
4752
5325
5279
5281
4919
0
0
0
5352
0
0
5046
5012
0
4982
5093
0
4967
0
4893
0
0
5260
5288
0
0
0
0
4609
0
0
5245
0
5236
0
5062
5225
5328
5315
5090
5270
5112
5062
0
0
5134
5335
5285
5047
0
5301
4621
4774
4903
5229
0
5220
5341
5227
5344
5132
5237
4734
5342
5258
5332
5289
0
5233
5272
4984
5340
4931
4893
0
5352
4431
5046
5076
4982
0
5310
5285
4842
0
4893
5178
5235
4967
5099
5090
5247
5301
5220
5226
0
5098
5257
0
5306
5178
5350
5300
5128
5174
5274
0
4949
4316
5303
0
0
5353
5339
0
0
4501
4976
5230
5262
5225
5107
5353
5294
5243
5290
5176
0
0
0
4816
5022
4875
5275
0
0
5280
5175
0
5300
5198
5020
4479
5290
5161
5199
4903
5205
5202
5137
5127
5230
0
0
0
0
5119
5072
5205
0
5290
5350
0
4693
5075
5236
0
0
5025
0
4306
4893
0
4552
0
5289
5035
5348
5089
0
0
5328
5343
5328
5343
5235
4873
5243
5339
4814
0
5343
5175
5276
5079
0
5206
5162
4836
5116
4771
5339
5342
5300
5277
5011
4756
4786
5291
4792
5335
5279
5272
0
5245
5181
5310
5145
5342
4648
5313
5259
4938
0
5271
5273
5255
5042
5250
5243
5232
5106
5259
5049
5224
4547
5334
0
0
0
0
4918
4944
0
5318
5328
5312
0
5305
5327
4362
5049
5240
0
0
0
0
5344
5160
0
5252
4864
0
5335
5295
5305
5286
5281
0
0
0
5294
5155
0
5287
0
4938
5346
5213
0
5321
0
0
5267
0
4715
5281
5068
0
4833
4931
5240
5294
5129
5336
4967
4861
0
0
5266
5006
0
4777
5337
4899
0
4944
0
4827
0
5098
5289
5346
4834
4496
0
4447
5227
5337
5082
0
5214
5313
5267
5189
4772
0
5198
5169
0
5209
5237
5285
0
4854
5245
5265
5307
5237
5336
5276
0
4874
5313
5321
5294
5090
5339
5269
5338
0
5200
5108
0
5297
5122
5324
4240
0
5039
5200
5327
0
5293
5329
5191
5266
0
5132
5195
5292
5213
5221
0
4535
5305
0
4798
5082
5239
5337
5057
4919
5122
5295
4861
5132
5310
5068
4821
5281
4618
0
5334
5249
5249
5229
4923
4926
0
5342
4828
0
5230
0
5309
5322
0
0
4766
5235
0
0
5322
5291
5280
0
5100
0
0
4897
5099
4991
5313
4912
5330
5107
5332
5149
0
0
5306
5312
5149
5247
5209
5306
5275
5193
5029
5215
5265
5241
5277
5166
5336
0
5298
5237
0
5225
5192
0
0
4993
4867
0
5277
4457
5094
5170
4819
5289
5259
5091
5307
4208
4984
5162
0
4902
5063
4629
4722
5163
5233
5276
5091
0
5017
5203
0
5283
0
5296
4615
5223
5177
0
0
5326
5303
5178
5026
0
0
5325
0
5302
5204
5230
5028
5209
5333
5264
5045
0
0
5154
5318
5259
5334
5330
0
0
5190
5330
5326
5066
5330
0
5299
0
5205
4979
5303
5238
5200
5293
5299
5258
5174
5162
5306
4924
0
4980
0
4820
5198
5241
4969
5254
5245
5236
0
0
4977
0
0
0
0
5312
5255
0
5235
0
4836
5282
0
4851
5036
0
5311
4892
4430
4952
4796
5298
5180
5327
5132
5064
5303
5259
4871
5145
5326
5031
4944
5008
5306
0
5303
5327
5250
4728
0
5097
4303
0
0
4961
4999
0
5025
4458
5142
4907
5266
5104
5148
4983
5255
0
5212
5284
5302
5191
5218
5259
5283
5166
5182
5189
5178
4580
0
5273
5212
0
4369
5275
0
5163
5284
5180
5171
5240
4953
0
5215
5026
4993
0
5097
0
5242
5313
5033
5065
4858
0
0
0
5208
4651
5249
5033
0
5329
5280
5076
5131
5316
4416
5235
0
5223
4672
5314
5292
5154
5205
4798
4739
5260
0
5037
5185
0
4902
5238
4725
0
0
4589
0
4766
0
4966
5179
5196
4942
4642
5041
0
4820
0
0
5283
5168
0
0
5302
5286
5188
0
5297
0
5287
5097
5106
4910
5318
4884
0
5287
0
5336
5111
5291
5298
5082
5238
0
4630
0
5243
0
5305
5086
0
4890
5242
5296
5165
0
0
5166
5082
5216
4568
4875
0
5288
4998
5283
4648
0
4865
5342
5118
0
0
0
4770
0
5008
5184
0
5165
5334
0
0
4913
5222
5319
0
5210
5104
5268
5205
0
5247
4921
0
5308
5191
5198
5318
5264
5334
5186
5152
0
5130
4470
5183
5322
5089
0
0
5305
0
0
5258
4882
5189
5216
5195
0
5235
0
0
5281
4977
4977
4476
0
4683
5223
5294
5012
4363
5257
5306
5226
5200
4803
5327
0
4914
5206
5120
0
5076
5302
5052
5304
5193
4844
0
0
5327
4716
5188
5026
5200
4172
5162
4774
5143
5156
0
0
5269
5108
0
5231
0
4832
5209
5103
4713
4951
5310
5271
4822
5118
4927
5318
5155
0
5018
4929
5165
5309
0
5334
5334
0
5267
5239
5300
5237
4999
5182
0
5241
5007
0
4785
5177
0
5199
4907
5113
0
5240
5298
5199
5289
5184
5082
5282
4898
4852
0
5271
5183
5259
4882
0
4644
0
4801
4079
5186
0
0
5300
5239
5185
0
5293
4988
0
4961
5126
5329
5144
5305
5260
5287
5335
5329
4696
5185
5283
5268
0
5306
4880
4507
4972
5193
5080
0
0
5122
0
5298
5254
4912
4746
0
5231
4690
5223
4974
5222
0
0
3586
4775
4976
0
5183
5150
5298
4672
5312
5162
5272
5077
0
5163
5272
5185
0
0
5130
4737
0
5190
4661
5041
5251
5277
0
5090
5276
4648
5094
5241
5252
4831
0
0
5111
0
4770
0
5308
5309
5158
5249
0
5263
0
0
0
0
4679
4993
5218
5261
5193
0
5149
0
4761
5334
4761
5195
4758
5276
0
5061
4766
5179
4760
0
4774
5329
5085
4759
5207
5235
0
0
4867
5087
5091
0
5176
4948
5124
5325
4466
0
4912
4981
0
0
5316
4881
4876
5202
4508
5275
0
5074
5277
5045
0
0
5326
0
0
0
4899
5053
5152
0
5032
5215
0
5335
5261
5291
5198
5260
5251
5328
5327
5170
0
0
5305
0
0
4873
5165
4999
5210
5260
5266
5198
5232
4892
0
5218
4995
5299
4916
0
5267
5278
0
0
5273
5323
0
4894
0
4861
5181
5262
5150
5290
4904
5304
5063
0
0
0
5271
5057
5213
0
5214
4423
5303
5027
4619
4889
0
5020
5258
4278
5253
0
5112
5175
5079
5329
5251
5270
5211
5267
5269
4619
0
5180
5187
5278
5255
0
4943
5252
0
4942
0
5330
4977
5193
0
5204
5298
4990
4626
4621
0
5064
0
5266
5022
0
5326
5321
5288
5068
5203
5096
0
5330
0
5048
5333
5298
0
5306
5302
0
5207
4774
4891
5087
5033
0
4904
5255
5196
5097
0
5218
5073
0
0
5245
5196
0
5292
5191
5298
5329
5043
0
5182
0
0
5328
5316
4917
0
5282
5322
5227
0
4830
0
5274
5274
5331
0
5255
0
4419
5102
5217
5281
5147
5267
5064
4996
5265
5297
5276
5152
0
5327
4302
5035
0
5175
5228
4758
5201
0
5224
5019
5017
5142
5136
5132
4850
5146
5241
5086
0
0
0
0
5122
0
0
0
5248
4906
5322
5331
0
5179
5201
5325
4678
5153
5318
4993
5242
0
4332
5198
5168
0
4515
4940
5206
5172
5292
5320
4914
5280
5204
5111
5259
5288
0
5311
5103
5231
5262
5295
5033
5035
0
5052
5175
0
5321
5264
0
5225
5296
5296
0
5325
4928
5319
0
5194
4979
0
5147
0
0
5284
5059
0
0
5017
0
0
5172
5124
5268
4744
5289
5217
5235
5023
5191
0
0
5213
0
0
0
5320
0
5034
5209
5097
5313
0
5033
5316
0
5269
5026
0
5196
5305
5262
4897
0
5201
5183
5269
4108
5203
5283
5157
4453
5248
5226
4924
5196
0
5080
5228
4936
5082
0
5026
0
5257
0
5126
0
4458
5131
5297
0
5083
0
5100
5227
5271
5193
5289
5088
5034
5169
5075
4662
5326
3786
0
0
0
0
0
0
5032
5186
5014
0
0
4773
5102
5104
0
5022
5295
5241
5117
0
5314
4624
5073
5244
5309
4998
4965
5279
0
5278
5227
5323
0
5290
0
4703
0
0
5005
5261
0
5133
5172
5018
5133
0
5134
0
0
5027
0
4743
0
0
5296
5146
4995
5229
4894
0
0
5018
5242
5322
5223
5223
5290
5190
5145
4875
5139
0
0
5294
4846
5182
0
4728
5316
0
5295
5021
5168
0
5309
0
4976
5128
4959
5194
0
5328
5129
0
5193
4986
5193
5049
5178
0
5188
0
5044
5115
5308
4843
0
5289
5028
5292
5236
5246
5138
0
4950
0
0
5164
0
5325
0
0
3917
5271
5002
5251
4578
5193
5078
5318
5293
4068
5277
5178
0
4691
0
5123
5266
5147
4897
5265
5215
0
0
0
5170
5175
4735
0
5166
4769
0
5238
0
5266
0
4791
4875
0
0
5199
5318
5029
4591
5016
5181
0
5102
5281
0
5002
0
4740
5239
0
0
5166
0
5272
5196
5321
5210
0
5088
4960
0
5149
5141
4969
4967
0
5183
5268
0
5018
5292
5256
5040
5295
0
5038
5071
5172
4984
5095
4823
5194
4682
0
5239
5292
0
4960
5104
4434
4957
0
5288
5239
0
5239
5322
5032
5202
0
4719
5261
0
5320
5096
4702
4637
4836
5307
5011
5260
4979
5118
5214
0
0
5163
5179
5282
5163
5231
5076
0
5069
4906
5168
0
5196
5194
5216
4932
0
5093
4542
5000
5230
0
0
0
0
0
0
5139
4611
0
5296
0
5125
4960
5048
5267
0
5165
4558
5200
0
4951
4936
5290
0
5053
0
5284
4460
5296
0
5230
5284
5258
5042
5324
5100
5025
0
5078
5084
4981
4676
5036
5146
0
0
0
4892
5080
5112
5073
4904
4861
5216
5122
5309
5244
0
0
4746
5265
5258
5258
0
5248
5007
5115
0
0
5089
0
0
5012
5068
5305
5300
5037
5297
5202
0
5130
5062
5040
5302
0
5196
5054
0
5120
5129
5272
5285
4712
5185
4269
5252
0
5183
0
4892
5267
0
5301
5052
5225
0
4943
4863
0
5241
4727
5253
5207
0
4775
0
5177
4828
5057
5107
0
0
0
4732
4978
0
5248
0
4972
0
5203
5275
5067
5330
0
0
5300
5328
4824
5312
5008
4846
5118
5049
0
4980
5223
5299
5016
5288
5269
0
5111
5104
5245
5237
0
5301
5182
0
5064
5110
0
5285
5090
5030
5204
5225
5231
0
5332
5185
5280
4987
4917
5241
4928
5225
3679
5288
4973
5148
5041
0
5069
5266
0
5247
5105
0
5185
5132
0
0
5306
5172
5193
0
0
0
4751
5184
5213
4960
0
0
5237
5176
5304
5111
0
4819
4784
4537
5121
0
0
5254
5064
0
5270
5087
5249
5326
5064
0
5008
4669
5226
4845
5286
0
4894
5179
5228
0
0
5236
0
5281
5176
4993
5125
5207
0
0
5201
5242
0
0
4750
5131
5327
5334
0
0
0
0
5299
5183
0
0
5108
5057
5068
5184
0
5257
0
4948
4749
5221
4804
5028
4818
0
0
0
0
5117
0
0
4954
5159
5259
0
4913
4477
5295
5278
0
0
5084
5246
4937
5171
5284
0
4976
5287
0
5196
0
5052
5285
5192
5042
5246
5295
5104
5311
4987
5299
5272
5220
0
5299
4810
0
5180
5035
0
0
3952
5264
0
4920
5104
0
4635
5095
5099
5055
0
0
5269
5268
5219
0
5081
0
0
5327
5297
5286
5132
0
0
0
4602
5047
5078
5227
4919
0
5188
5122
4950
5065
5229
4939
0
5123
5319
0
5046
5317
5107
5194
3541
0
4753
4359
5221
5336
5330
4831
0
5268
5297
5296
4857
5274
5215
0
4995
0
0
5250
5261
5220
0
4455
0
0
0
5143
5034
5196
5183
5240
5206
5299
5119
0
4870
0
5295
0
4492
5197
0
0
5300
0
5289
5231
5196
5294
5201
5265
4821
5239
0
5271
0
0
5182
0
5148
5249
5073
0
0
4675
5321
5125
5303
4392
0
5276
5221
0
4917
0
5205
5298
5170
5185
5207
4974
5131
4872
4971
4289
5205
5140
4982
5333
5228
5164
5097
5141
5121
5223
4754
0
5298
0
5330
5316
5296
0
0
5242
0
0
5145
0
4798
5136
5164
5312
5255
5297
5221
4874
5111
5080
0
0
0
5291
5216
0
0
5138
4812
4320
5221
5191
5201
5257
5261
5166
5051
5306
5205
5262
4672
5005
5195
0
4987
0
5160
0
5221
5282
5299
5097
4746
0
0
4698
4472
5290
0
4976
4864
0
4966
5271
5010
5329
5263
5242
0
4276
5184
5214
5116
5224
0
5130
5154
5198
0
0
5000
5120
0
0
5155
5257
4839
5117
5110
5262
4977
5165
4937
5263
5257
0
0
5312
5323
0
5322
5255
5241
4634
4649
4988
5269
5269
5332
0
5206
5299
0
5111
5299
