4870
1
4682
5075
4758
5338
5183
4988
5287
5264
4367
0
5131
4902
5165
4847
0
5286
5030
5269
4844
5232
5286
5196
0
5153
5223
0
5095
5289
1
5071
0
5210
5201
4880
5222
5174
5239
4203
0
4657
5021
5191
4938
5266
0
0
0
4879
3797
4974
5097
5173
4902
5240
1
5214
4854
4760
5101
5245
5077
5216
5092
0
4871
0
5180
4991
5298
0
4
0
5194
5164
0
5323
5214
0
0
5325
5241
4507
0
2
1
5262
5332
1
0
5201
4166
5267
0
0
0
4893
0
5307
4904
5264
0
5283
4936
1
5070
5182
0
4559
4847
0
4515
4907
5164
0
5338
5047
4755
4701
4972
0
5201
5079
4775
5294
3
0
4801
4707
0
0
5093
0
5180
5202
0
4770
5073
5277
5314
5325
4659
5215
4611
0
1
0
0
2
5247
4925
4799
0
0
3994
5341
5322
0
1
4593
0
4909
0
4781
4729
0
5219
0
0
3257
0
0
0
4202
5268
5338
4879
5003
5288
4710
4739
0
4008
5013
0
4191
5232
5115
5194
2
5218
5314
5164
0
4569
0
5078
0
1
5131
5140
0
5349
0
5277
0
5142
5255
4254
0
5314
4811
5191
5072
5256
5071
0
4518
4998
0
5256
5119
0
5099
0
0
5314
0
5050
5028
4294
5245
5021
0
5223
0
5145
5166
5271
5220
4887
5191
5038
5019
5321
5077
0
4854
5053
5342
4775
0
0
5216
5190
5221
0
5029
5279
0
0
5331
5294
2
1
5239
5250
5293
4156
5309
5109
5342
5186
5084
4978
0
5026
5294
5038
4703
0
1
0
5328
1
3965
2
4823
0
4709
5133
5080
0
0
0
3913
4785
4981
5079
5177
4444
1
5228
5312
1
0
5060
4900
5202
4942
5350
5058
4153
4427
0
5234
5203
5195
4959
0
4874
5269
5324
5330
5349
5317
4838
5138
5331
5177
5204
5178
5203
5006
5278
5135
0
0
4059
1
5332
0
0
5172
5003
0
0
1
0
0
5321
5304
5191
0
0
5156
1
5325
0
2
5103
5291
5320
4850
0
5257
4804
0
5262
0
5114
1
5069
4619
0
4919
0
0
5235
5299
0
1
4999
0
0
5278
0
5248
0
5199
5225
4306
4038
4767
0
0
0
5272
5134
5145
1
5219
5303
0
5168
5255
0
5113
0
5145
4477
5031
5310
4652
4154
0
5226
5278
5177
5181
0
5314
5187
4860
5290
0
4799
5349
5294
4967
5220
5215
5038
5183
5107
5046
4917
5266
0
2
4963
5188
4423
0
5333
5294
5337
5056
5254
4856
4646
5137
5225
5253
5195
0
5289
5172
5278
5122
0
1
5203
0
4808
0
5127
0
0
5230
5351
5333
5342
5127
5111
5276
5298
0
5349
5203
4878
5206
0
5321
5281
5206
5246
4636
5222
4822
5015
5187
4567
0
3852
5260
0
5201
5214
0
4446
5133
5301
4781
4853
5215
5267
0
4048
4321
4670
4889
5332
5265
5254
0
5056
0
5208
5187
0
0
4667
5177
0
5251
0
5197
0
5187
5293
5178
4926
5189
5252
0
0
0
5068
5337
4979
5232
1
5235
5313
0
5327
4803
4717
5107
5130
4022
4630
5311
4860
5216
4263
0
3
1
5169
0
5321
5041
0
2
5216
5278
4859
2
5239
1
4794
4806
0
5177
5205
5331
5275
5082
5199
4700
5058
4923
5286
0
5084
4909
5037
5029
4977
5255
4648
5089
0
0
5213
5084
4991
5058
0
5205
5097
0
5204
5020
5301
1
5351
5259
4766
5353
0
5095
0
0
5195
2
4873
5194
5329
0
5197
0
5184
4827
5033
5286
0
4744
4690
4897
4908
5308
4877
5216
0
0
5321
5252
4826
1
4733
0
5014
5270
4699
5095
4789
1
5049
4982
0
4551
3
5053
4999
5128
1
5210
5227
4568
5312
5216
5072
0
5148
4735
1
4574
5295
4001
5205
4102
5191
0
5299
5028
0
0
4942
0
5090
5017
0
0
0
1
5040
0
0
0
4848
5287
5232
3
5308
5063
0
4670
5318
0
5326
0
0
5215
2
4842
0
5346
4854
5160
4836
5286
1
5131
0
0
5342
5355
4936
2
4578
4903
5343
4616
5037
5340
0
0
4738
4599
0
0
5279
5312
4418
5232
5042
5252
5312
5327
1
5122
1
5314
4874
4859
0
4519
4951
5361
5180
5153
5339
4760
0
0
5100
4806
5310
5316
5151
1
5289
4941
5231
0
0
4906
5343
5174
4671
5092
0
4932
0
5244
5289
5217
5269
0
1
5239
4925
5355
0
4741
5263
5287
5294
5056
0
5177
5179
5237
5205
5120
5335
5336
5087
5235
5147
0
5321
5330
5038
3518
5100
4854
5095
4860
1
5087
0
1
4967
0
5238
3778
0
0
0
5271
5135
5255
0
0
5266
4805
5146
0
0
2
0
0
5172
0
5127
0
0
4578
5110
4715
0
5199
5214
1
0
5339
5271
5246
5216
5305
4695
4708
0
0
4844
5087
0
5145
5129
0
0
5192
4590
5137
5297
5359
0
4696
0
5328
5239
0
5136
0
0
3630
0
4951
0
5240
5283
0
2
5339
5132
1
5267
2
5094
4775
5211
0
5225
5225
4117
3
5348
0
5304
5371
0
0
5266
0
5251
5106
1
5302
5103
5256
0
0
5300
5027
5154
5138
0
4437
5097
0
5161
0
4
0
5284
4671
0
4797
5313
4715
5188
5340
1
4713
0
5321
0
0
5364
5087
5269
4614
5256
4343
5193
5190
5286
4894
4894
4853
4732
0
5292
1
0
4813
5297
0
5109
5000
4931
5304
5241
5150
5236
4828
0
5105
5242
4683
0
5320
5360
5276
5329
0
0
1
0
5334
4583
4853
4836
5265
0
5083
5222
5060
0
5053
0
5189
5185
0
5357
1
0
5289
5317
5264
0
2
5192
5234
5221
0
0
5109
0
5331
0
2
5189
4770
4936
5174
0
4499
0
0
0
0
5143
2
4704
5114
5256
5097
5352
4959
5033
5356
3
0
0
0
5263
4258
4549
0
4631
5221
5357
4949
5133
5178
5099
4761
0
4595
5097
4814
5175
5004
0
5184
4550
5148
5212
5313
4782
4726
4175
5201
0
4664
5161
4905
0
5300
0
0
0
5024
4726
5317
5232
5080
1
5232
5223
4921
0
4615
0
5120
1
0
5316
4048
0
4931
0
0
4986
4495
5303
5352
5255
5234
4782
4861
5229
5038
5354
5257
5205
5285
4949
5333
5256
4894
0
2
5204
1
0
0
5054
5257
3885
4893
3721
0
5229
4803
0
4777
5125
5230
5348
5081
5019
5102
5244
0
5071
4959
5170
4880
5221
5280
5008
4720
5348
4763
4922
5055
0
0
1
0
5009
5232
5230
5030
5155
0
3664
4877
0
0
4327
5009
4
4935
5199
4666
4629
5322
5200
5347
4819
0
4973
4984
4884
0
5294
5095
5311
0
5061
2
5288
0
1
0
5036
0
0
5175
5079
5170
0
0
1
0
0
0
5196
4691
4933
5170
0
0
0
5182
4800
5146
4
4811
5041
5174
2
5040
5252
0
5109
5275
5087
1
5049
3
5230
4
0
5146
0
5236
5022
5351
4742
5334
0
5109
4675
0
5186
5292
5340
0
5236
5046
0
5309
2
5340
5360
3552
5199
5130
5332
0
3
0
2
5266
4963
0
5359
2
4179
5323
5052
5212
5289
5343
5286
0
5297
0
5263
0
5224
1
5295
5254
5084
5056
4883
5180
4713
5049
4948
5298
5322
0
0
5270
5203
5176
0
0
0
5017
5257
4637
4694
5134
4536
0
4258
4389
5098
4811
5315
5063
4834
4400
5320
5171
5193
5320
4876
5243
3
1
4286
4321
5091
5326
0
0
5128
5164
5058
5366
5127
5181
0
5281
4582
0
0
1
5117
5329
5288
4166
5239
0
4678
0
5085
5188
1
0
5070
0
2
0
4446
5070
5206
5308
5225
5205
5054
5232
0
0
5087
0
0
5016
5231
5017
1
5187
5061
5347
5071
4348
4965
5171
5027
0
5045
4776
4951
0
0
4847
5342
0
0
5171
5333
5246
5325
1
5109
5333
5180
4931
5333
4261
5168
2
5297
0
1
4752
5279
5242
0
0
0
5326
0
5166
5094
5044
0
5257
4796
5213
4743
4883
5277
5162
0
5176
4284
0
5206
5083
5253
4331
5117
0
0
0
5163
2
4735
5325
1
0
5101
4176
0
5115
5084
4668
5179
5300
0
5300
5308
3366
2
5269
5063
1
5343
5324
4335
4965
0
5248
5333
0
5155
5228
5134
5129
5088
4743
0
0
0
0
4238
4763
5173
5365
5220
5367
0
0
5113
5129
4788
3713
5366
4744
5258
0
5270
5304
0
5094
5114
5164
0
0
0
2
4670
1
4196
4887
0
5052
4914
5328
0
0
5350
5181
4918
5169
0
0
5113
5042
0
5326
4997
4743
0
5262
5251
5267
0
5335
5336
5318
0
0
0
0
0
5246
5364
4695
4762
4962
5027
4557
5265
4246
0
5041
4832
4515
4557
5183
5362
5081
0
5185
5264
4871
0
0
0
0
4790
1
5007
5243
5242
0
0
4075
0
0
4733
4904
5313
0
0
1
4966
5191
5350
5367
5370
0
5206
4896
5335
4727
0
4909
5084
0
2
5173
5329
4397
5271
4868
0
5283
5190
5219
5104
4921
4963
4805
4755
0
4464
0
0
4945
5257
0
0
4590
5172
0
5101
4918
5204
5190
4933
5284
4828
5259
4687
0
4786
5215
4837
5190
5179
4829
0
5029
5283
5203
5340
0
5294
5341
4872
5172
0
5082
0
4869
5250
1
0
0
5316
5316
5155
5209
0
0
0
0
5365
5254
0
4659
5184
0
5347
1
5244
5086
5261
5328
5212
0
5163
1
0
0
5126
5292
5005
5254
0
5008
5234
4614
0
5353
4962
5336
5260
5321
5241
5102
5203
4882
0
1
4612
0
4657
5193
1
4409
2
0
1
1
0
5201
0
0
5236
0
1
5047
3
5320
0
0
4657
5223
5289
4836
4881
0
0
5265
5260
5099
5069
5365
0
5337
5056
5147
5269
0
4144
5015
5240
0
0
4956
4390
5362
5335
5059
3440
4894
5144
0
5210
5050
5034
5307
4910
5214
5332
5160
0
5150
0
5258
2
0
5245
0
0
5312
5123
5091
4674
5298
5243
0
4696
0
4943
4512
4759
4786
0
5208
5150
4729
5322
5087
5168
5038
0
4024
0
0
5101
5102
5040
2
5087
4622
4556
5228
5075
4905
5249
5179
0
0
0
0
5206
5347
0
0
2868
0
5272
5238
5162
0
1
4380
5330
0
5172
5073
4930
5337
5337
0
4963
0
0
5210
5297
2
5021
5094
5200
5250
0
1
4968
0
4801
0
5279
4766
0
5275
4948
0
5344
5186
0
5363
4865
5245
5038
5278
4975
5232
5296
5092
5159
1
0
0
0
5052
5207
4805
4806
0
0
5293
4929
4741
0
0
4969
5344
4236
5132
0
5354
5173
5194
0
0
5266
4761
5222
0
5311
5279
4955
5089
0
4818
0
5348
0
0
5274
5273
0
5154
5174
5004
0
5213
5213
5154
5289
5325
4325
5116
4701
5294
4846
0
5319
5273
5088
5026
1
4840
0
5105
5365
0
1
5298
5326
4870
1
0
5329
1
0
0
5258
0
4851
5352
0
4968
0
0
4311
4601
4927
5301
4730
5102
5186
2
5193
5241
1
0
5035
0
0
5304
3753
4242
4576
4638
5312
4457
5001
0
5340
5089
5337
0
0
4660
5339
5121
5041
5321
5210
0
0
5340
5206
5023
5368
0
5323
0
4634
0
5355
0
5213
5189
1
5298
0
0
5236
5283
0
0
0
3
5217
4837
4646
5205
5234
0
5108
4910
5128
5340
0
0
5238
5311
0
4815
5249
5108
5099
4759
5325
5211
4231
0
4248
5329
5261
0
0
4861
2
1
5205
2
5164
5314
1
5309
5371
0
4957
5250
5368
4950
4731
5321
5326
5129
5232
0
0
5208
0
5279
2
0
5219
1
5133
4720
4639
0
0
5324
5184
5319
5048
0
5203
5026
5076
5363
4281
5305
0
5347
5355
0
5276
5361
2
4853
5069
5355
4772
5369
0
0
4291
4
5161
5258
5096
5087
5177
5143
5266
5256
5306
4925
0
0
0
5161
0
0
4720
5003
4745
4890
5213
5208
5364
5313
4588
5069
0
0
0
4860
5135
5356
4817
4555
4876
5221
5244
5251
4929
1
4656
0
5329
0
4728
5273
5357
4867
5241
0
5177
5096
5113
4889
5283
5118
5046
3812
0
0
5341
0
4942
5340
5145
5365
5270
0
5194
0
1
0
5219
5073
5283
4890
5223
4513
5270
5216
5352
0
5243
5352
5317
5011
0
5270
4607
0
4437
5105
5343
5206
0
4579
5219
5367
5128
5044
5030
5056
0
5203
1
5128
4747
0
0
5340
0
4716
5243
0
5357
5267
5284
5109
5155
0
0
5325
5321
0
0
5183
5087
5092
5365
5128
0
2
0
5322
5195
4745
4530
4970
4685
5365
2
0
5336
5353
0
4691
5300
0
5215
5355
5208
5198
5125
5204
0
5255
0
0
5323
4967
5361
5120
5180
4972
0
5203
5301
5186
4469
5171
4710
0
5162
1
5314
4711
5257
5052
0
0
5196
0
5192
4880
5361
5364
5290
4954
5148
1
5324
5095
0
4952
5219
0
0
5234
5030
5298
5215
4991
0
5054
5089
5053
0
5302
4218
5085
0
2
1
0
5036
5249
5235
5181
0
5344
5213
1
5329
0
5125
5227
5297
0
5147
0
2
4906
5274
5189
4625
5364
0
0
0
5361
5328
5277
5212
5235
0
5143
0
4689
5286
5212
5170
5212
0
0
5117
0
5226
0
4871
1
0
0
5240
5364
5365
5364
5149
5164
0
5234
5338
5281
5281
5080
5080
5344
0
5210
0
0
4922
0
0
5014
5244
0
5320
5338
5273
5369
5304
5335
0
5256
0
0
5143
0
4993
4663
5334
5253
4814
4665
4868
5288
5223
4940
4996
4914
5115
5312
5273
0
4570
5025
4643
4597
0
5058
0
5223
0
4282
5174
5272
4678
5015
4869
4853
5026
0
5016
5261
4967
5144
0
5115
5227
5067
5245
0
0
0
0
2
5300
0
0
4964
0
1
5165
0
4197
5232
0
0
5017
5149
5205
4611
5127
5220
1
1
5365
5276
5315
1
5311
5207
5329
5180
4906
5104
5271
0
5366
5330
0
4752
0
5082
5362
5335
5085
5315
0
0
5250
5266
0
5068
5345
0
5265
4560
0
0
4962
4279
5035
0
5244
5232
1
5286
5041
1
0
5316
5048
5274
1
1
5084
5056
0
0
0
5324
0
0
3537
5234
0
0
0
5142
0
5218
5035
1
5363
4785
4856
4615
5313
0
4880
0
4238
4562
5299
3549
5263
5117
0
4989
0
0
5353
5346
0
5291
0
0
0
4214
0
5364
4584
0
5135
5048
1
5346
4543
4772
5223
0
1
4887
0
5364
5278
5018
0
5263
5354
4196
5183
0
4945
5223
0
5269
5321
5300
5327
0
0
0
5117
4890
5300
2
5031
5238
5247
0
5175
5231
5264
5223
0
3
5022
0
5271
4941
5309
0
5314
2715
5165
5269
0
0
5246
4758
5083
1
5333
0
0
5119
5107
5300
5170
0
4375
4884
5315
5215
4817
0
5161
5126
0
0
5220
5282
0
0
0
5317
4959
5212
4907
0
3670
5369
0
4966
5362
0
4552
5361
5013
5243
0
0
5128
5212
4029
0
5185
0
4888
4779
5300
0
5273
5183
2
5351
4719
4829
5244
4652
5232
0
0
5173
4889
0
0
0
5241
5249
5060
4839
4843
0
5133
4679
5330
0
3
5163
5363
5118
5146
1
0
5067
0
5213
4997
5318
5287
5155
5336
5191
5149
5328
0
0
5364
4761
0
1
5268
5016
2
5225
0
0
0
5046
0
3788
4637
5062
4729
5115
5043
5313
5040
5070
5329
4257
5245
5306
4579
2
0
5278
5338
4410
5064
5338
0
4293
0
4682
5345
0
3
0
5172
5057
0
5274
4447
0
5141
4757
5340
5355
5174
5001
4802
4969
5298
5174
5231
4952
5366
0
5341
5162
4990
4686
4686
0
5213
5254
0
4974
0
5121
5054
5215
5065
4310
5302
5098
0
5044
1
5104
0
5369
0
5252
4533
0
5350
3783
2
1
0
0
5272
5238
5106
0
4
5297
0
2
5343
4750
5171
5247
4844
5349
0
5362
5051
4232
0
4724
5190
5229
0
5325
5242
5365
5060
0
4544
0
5199
4850
1
5048
0
5335
5364
0
0
0
5135
4936
5214
4717
4920
0
4762
5248
5296
5122
0
0
5266
2
0
5322
5189
5224
5197
0
1
5182
5337
4709
4892
4873
5364
5279
5244
5362
5054
0
0
5324
5278
4659
1
5161
5326
0
5085
0
1
0
4950
5314
0
5061
4897
0
0
5201
0
4816
5235
0
5184
4707
4529
5348
5175
4384
4455
5098
5304
5290
5107
5321
4553
5161
5093
0
5301
4765
4539
0
5353
5350
4351
4875
4736
4790
5137
5024
0
0
5171
4
5123
5339
5159
0
5342
5277
0
5003
0
0
0
5044
0
5247
5283
4615
5215
4710
5274
5241
5220
5280
5026
5347
0
5335
0
4755
5369
0
5259
5147
5180
5138
1
5198
0
4795
5219
0
5024
5343
5322
5166
5231
3
5190
2
0
5309
0
0
0
5199
0
5346
5122
5147
0
0
5261
5280
5292
5340
0
5307
5280
4937
4632
5047
0
0
4877
4579
0
5195
4680
5352
0
0
5196
1
3854
5058
5004
5236
0
0
4977
5032
0
5252
5337
5290
0
0
5124
5206
5049
5256
0
2
4861
5160
5356
0
0
4916
5306
5305
0
5286
5266
4312
5089
0
1
0
5344
5349
4163
5194
5249
0
0
0
5119
4896
5371
4758
5347
5222
5344
0
5371
0
5266
5333
5190
5161
5342
0
5282
4779
4939
2
4976
4286
5193
4989
5372
0
0
0
4052
2
5285
5125
5300
0
5348
4977
3114
4842
5190
5149
5329
5198
5237
5372
5324
5219
0
5194
5343
0
5371
5252
4921
5326
0
4917
5361
4337
1
0
0
0
0
0
5194
5232
0
1
4712
4973
4902
3602
0
5284
5225
0
0
5216
5261
5351
5296
5147
5292
5374
0
5047
4983
0
4660
4521
0
0
5257
4696
5270
5364
5172
5344
4865
5178
5238
5258
5177
5205
4912
2
5299
4901
5053
0
4870
1
0
4884
5305
3998
5301
4341
0
4879
4730
5093
0
0
5307
4872
5160
4919
4791
0
5154
5147
5307
5297
5344
5216
5327
4925
1
0
5187
2
4582
5071
5217
0
0
0
5036
5308
5373
5195
5064
4725
1
5110
5050
0
0
4382
5217
5103
4928
0
5264
4910
5322
5323
4985
5278
5231
5364
0
4808
5068
4759
5282
5237
5149
5228
5041
4906
0
4890
5307
0
5231
5289
4832
5336
5225
4953
0
3
5244
0
4601
0
4711
5367
2
4875
5052
5346
5193
5255
5065
0
5371
4692
4696
4910
5335
4972
4900
1
0
4255
5351
5033
0
4879
5138
5346
4882
4700
4708
5315
5333
5213
5306
5342
5227
5369
5086
4437
5157
5234
5099
5040
0
5252
5234
0
0
5164
5229
3790
4613
5192
5362
5149
4882
5371
3
0
5251
5174
5325
0
0
4700
5321
4559
5369
5213
5000
5054
0
5122
5113
0
4685
4783
0
4914
0
5247
5314
5140
5212
5187
4761
5284
5227
4892
1
5368
4681
5045
1
4244
5150
5219
5276
5250
5278
5254
3693
4830
5329
0
0
1
3983
4962
0
5243
5169
4128
0
5047
0
5306
4271
0
4935
5322
5234
5270
4973
5119
0
5351
4650
5297
5312
1
1
5322
0
4999
0
0
5308
0
5279
4596
5278
0
4802
5202
5205
5275
5183
4864
4721
5281
5165
0
5124
0
5040
0
5162
5213
0
5233
5343
5048
4904
5058
0
4829
5322
0
0
5288
5326
4926
4982
0
4739
0
4933
5286
4415
3
5349
5315
0
4889
0
5336
4510
4616
0
0
5057
5023
5219
3276
5009
0
5049
5140
5369
5173
5262
5226
0
5231
5285
5160
0
0
4997
5196
5153
5304
5368
0
0
5022
0
4481
5226
0
0
5340
5331
5208
0
4879
1
5210
5231
5372
1
5181
4991
4198
5092
0
4810
5061
5259
5273
5256
0
4704
5252
5276
5335
1
0
5136
5091
5354
4438
5331
5338
4691
5184
0
4873
4957
5061
5291
0
3
0
5277
0
5167
5133
5360
5032
5167
5048
5055
0
4592
5154
2
5236
5345
4439
4981
5234
5355
5348
5084
4733
5223
5062
4695
5150
5123
5278
0
0
4744
0
0
3921
5317
4547
5240
0
0
5137
5338
5334
4819
4920
0
0
0
0
1
5348
1
5240
5213
0
0
0
5284
4884
0
5013
5357
0
4934
5331
5350
5055
0
4986
5312
2
5121
4764
0
5257
0
3909
5362
1
0
0
5261
4388
0
3603
5183
5281
5348
4911
5335
4952
0
0
4846
5280
0
5355
5325
4894
5159
5035
5184
0
1
0
5064
5120
5347
5331
5204
5339
4885
5183
4967
4057
5119
5074
5306
0
0
5126
5220
0
4292
0
0
5230
4952
4779
5116
0
0
0
4712
5344
4680
0
4978
5330
5074
5299
0
0
5033
5169
0
0
5196
5271
5245
5259
5154
4482
5123
4565
1
5229
5240
5219
1
5347
5144
5323
4936
5055
4831
5074
5261
5289
0
2
5180
5241
4952
0
5315
5352
5055
5107
0
5069
0
5349
5261
1
5333
5353
1
5292
5217
5344
5121
5172
5280
0
5270
5257
4992
5107
1
5362
5300
0
5353
5209
5329
4568
4747
5221
5368
0
5367
4824
5330
5054
5336
4959
5266
0
5085
0
4439
5286
5353
5149
0
4892
5208
5346
0
2
5341
5146
4897
0
4969
0
5265
0
5347
5066
5302
4305
5369
0
4860
4787
5248
4799
5354
5358
0
5282
0
5261
5243
4740
5276
0
5335
5115
5191
4832
0
5101
0
4752
5229
5318
0
4804
0
3801
1
5368
4983
5114
5369
0
5378
5039
0
5178
0
0
5060
5192
5132
0
1
5342
0
3816
4863
0
4692
5296
5119
1
5382
4348
0
5335
5349
5349
5163
0
1
4998
0
5248
4812
5097
3657
5234
0
5382
5227
0
4819
5344
5381
5058
5169
5323
0
5237
4217
0
4918
0
5172
4861
1
4899
0
5162
0
5324
0
5356
0
1
2
5292
0
2
5264
5265
5000
5293
0
5344
5236
5032
1
5275
5248
5184
5099
5356
4940
5323
1
5209
0
0
0
5335
4896
5369
0
5328
5380
5380
5102
5125
5243
0
0
5079
0
1
5295
4131
4895
0
5321
5181
5336
5096
4681
4996
4906
5132
3
0
0
5266
5346
5068
5161
5267
0
5323
5192
4677
5162
5381
0
4950
0
5255
5327
5320
5366
5123
0
0
0
5266
5224
0
5357
5287
5244
5298
5253
0
5351
3628
0
5140
5178
5033
5156
5191
0
5065
5056
4808
0
5090
5002
2
0
5287
3
0
0
5231
5089
0
4851
5314
5142
0
4902
0
1
5354
5028
5352
5284
4817
5292
5232
0
0
4895
4501
4986
4980
0
0
5066
5156
5332
5344
0
2
5119
5294
5219
3
0
5179
0
5053
5261
5300
5069
5097
0
4840
5021
0
0
5311
0
5299
4904
0
0
4316
5257
0
0
5114
5352
5262
5201
5327
4801
0
5339
0
5021
5096
4845
5312
4944
4804
5146
2
5192
0
5259
5108
5137
5378
5291
4007
4978
5256
4774
5122
5020
0
2
0
5339
4586
0
0
0
5354
5306
4987
5158
5165
5169
2
5268
4702
5029
5185
0
5107
5073
1
4404
5373
0
0
4799
4572
0
0
5023
5351
0
0
5337
5121
5154
0
4899
5187
5339
0
5310
4976
5372
5374
5297
4742
0
5225
5160
5346
0
0
4839
4579
5338
5198
4842
5151
0
5375
5218
5263
5371
4928
5243
5329
2
2
5281
0
5143
4665
5247
5096
5064
1
4610
0
0
5128
5095
0
5018
0
4896
5273
5143
0
5237
5127
5312
0
0
4486
1
0
4874
0
0
4776
5372
5340
0
4660
4543
4697
0
5006
0
0
5306
3899
0
0
0
5003
5370
4294
5294
5272
5344
5260
1
5328
5229
0
5344
0
0
5057
5224
5370
0
0
3992
5195
4738
5259
5334
5260
5329
4783
5252
5089
5360
4123
5252
1
0
0
0
0
5204
5309
5095
5372
5343
5267
5158
4915
5281
5106
0
0
0
1
0
4917
4947
4839
5347
4363
5276
5292
0
0
2
5196
0
5246
1
4825
4491
5288
5259
4945
5052
4872
0
0
5373
5262
5178
5093
3
5119
5332
4721
1
0
0
5344
5280
5305
5054
0
4780
5313
4730
0
5352
5148
5261
0
4729
5159
5056
4298
5312
0
0
5374
5374
5269
4886
0
4950
5318
5289
5333
0
5052
4879
0
5061
0
5142
5311
3425
5191
0
0
1
5358
4656
4809
5193
5319
0
5161
5111
5045
3
0
0
5127
0
5320
0
5134
5116
5220
5360
5346
5236
5046
5201
0
5260
5025
5315
5334
5061
5308
5077
4933
5156
5291
4766
5298
1
0
5278
5290
0
5151
0
0
5036
5122
0
5336
5182
4940
0
4998
0
0
5309
1
0
5344
0
5234
4938
0
5136
5122
5312
0
0
0
4804
4906
0
5213
5345
5328
4822
5297
5241
5191
5308
5241
5053
5299
5293
5346
1
0
5305
5186
3
5153
5021
1
0
5254
1
0
5335
4621
5060
0
5073
5060
0
5279
5113
5104
5294
4898
0
5167
4611
0
5231
4927
0
0
5178
2
5174
4923
5357
4837
4305
5248
5104
5237
4049
3097
0
0
5234
4941
5280
4903
5269
5315
4786
5361
5327
5321
5369
5352
0
4342
5100
5371
5065
0
5188
5358
5238
4991
5276
5247
0
0
0
0
0
0
0
5002
5206
5089
5137
1
5329
5303
0
5173
5307
0
5033
0
5205
4990
0
5330
4480
0
5115
5227
5314
5219
5043
3472
1
0
1
4416
5329
0
0
0
5334
4862
0
0
4475
5163
5369
0
5134
3
4178
5250
4982
5114
4223
5229
4863
1
0
4739
0
0
0
5285
0
5236
1
4991
5352
0
5255
5128
0
0
5103
5218
0
5355
0
5116
5292
3172
0
0
0
5253
5129
5257
4021
5303
4938
0
4930
4697
4600
5343
5272
4818
4475
5359
1
4962
5232
5226
0
2
0
5126
0
5232
5168
0
0
5024
5195
0
4993
5226
3
5368
0
4764
4530
5347
5092
5256
4961
5323
5065
0
4034
5297
5227
5231
5317
4907
4930
5344
5125
5281
5020
4984
4905
5227
4120
0
1
0
5258
5121
4826
4392
5281
0
4685
0
4803
4859
4616
5016
5288
4268
0
5285
5127
5029
5365
4791
5011
5171
0
4838
5117
5325
5275
5253
5213
5343
0
5330
3916
5278
5103
5244
5309
5300
0
4897
5044
5063
4101
0
5324
5068
5187
4877
0
4900
0
0
4673
5257
5049
0
4916
5181
5046
0
5109
0
5307
4937
5052
5329
5361
5214
5091
5364
0
0
5315
5193
0
0
5139
0
0
0
5218
1
5363
5319
0
5262
0
0
4731
4569
5170
0
0
0
5259
5123
5045
0
5325
5007
5259
0
5092
5017
0
0
3773
4138
5244
5277
5211
5144
5354
5332
0
0
0
4280
4640
0
3771
5277
5252
5357
5130
0
4853
5330
5119
5241
5272
4646
5020
1
0
5176
5323
5322
0
4855
5322
5106
4798
5193
5159
1
5003
4972
4833
0
5333
5358
5266
5258
5289
4
5309
5302
0
5156
0
5347
0
0
5313
4945
0
5142
4929
5290
5109
5305
5254
5067
5330
4804
0
5014
5003
0
1
5258
5200
5153
0
4897
5120
0
4984
5163
4807
5311
5100
5352
0
5069
5355
5355
4588
0
5329
5251
0
5220
4909
5052
5309
5174
5329
0
5147
5194
5181
1
0
4727
0
5280
0
5266
5336
5288
5175
5355
5179
5081
3479
0
5197
4775
5321
5209
0
5047
5047
4960
4415
5049
5328
4279
5349
0
4857
5303
5093
0
5260
5028
4666
5225
5320
5310
0
5269
0
0
5281
1
5236
4573
4945
5201
5317
5122
0
0
1
5332
5324
2
0
5116
4566
0
0
0
1
3122
5251
5144
5206
0
0
0
4946
5331
5203
5249
5227
5062
0
1
5078
5205
4911
0
5353
5270
5155
4855
5322
5264
5354
4354
5322
5201
0
0
5047
5355
5347
4744
0
3
0
5307
5355
5142
4880
0
0
0
5094
5020
5099
5034
5187
5269
5312
5242
0
5224
5300
1
0
5238
4925
4869
5198
5080
0
0
5276
5295
5081
5290
4789
4079
0
4317
5034
5293
4747
5330
5073
0
5167
4809
5173
0
0
5084
0
1
5148
4
5307
0
5234
0
5014
0
5011
5313
0
0
0
5199
5033
4955
4970
1
5339
5150
0
0
0
5353
2
5007
0
1
5271
5098
5067
0
5150
4941
0
5200
0
5236
4058
0
0
0
0
5174
5278
5292
5136
5245
5335
5272
5333
4630
5094
0
0
0
0
1
5114
4867
5308
0
5263
5261
0
0
5345
4879
4921
5331
5301
4734
1
3951
5313
5275
5235
5348
5236
4701
4233
0
4982
0
2
5123
5237
5311
4725
0
4775
0
5292
5341
5213
5346
5317
5080
4700
5198
0
5230
5095
5329
0
4440
4833
5336
5033
0
3208
4970
0
2
4994
0
0
5234
5341
0
0
5086
1
1
5149
5193
4118
0
5311
4385
5077
4592
0
4922
4967
5170
5080
5139
4886
0
4922
4971
5141
0
0
0
5324
5351
5235
5319
0
5339
0
0
5317
5032
5313
2
4746
5301
4935
4640
4991
0
4889
0
2
0
1
5100
5311
3
5198
5215
5077
5230
4463
0
5111
5121
5312
2
5289
5327
5289
0
5134
4689
5339
4853
4849
5023
0
0
4813
5096
2
0
5303
5207
0
4910
5344
5145
5313
5205
0
5229
4420
4381
1
5264
0
3812
5045
5139
4690
5264
5103
5269
5062
5101
0
1
0
5102
4760
4560
5177
5206
0
0
5079
4880
5144
5218
0
0
5322
5152
5282
5259
5102
4995
5238
4545
1
0
5123
5318
5108
3848
5265
0
4913
5272
5259
5120
2
5328
5164
2
5238
0
5124
5199
5318
5272
4845
4892
4920
4636
0
5133
5205
0
0
2
5266
0
5230
0
4984
5262
5325
0
5105
5302
5072
5325
0
0
0
3319
5271
5163
0
4015
0
4592
5167
0
5200
5134
0
1
0
4429
5075
5327
5317
2
4728
4851
5295
5324
4983
5232
5209
4820
5094
0
4286
5035
4318
4908
4716
5338
5351
5189
5337
5188
0
5108
5321
5107
0
2
5273
0
5262
0
0
5335
5086
4601
3136
0
4915
0
0
2831
2744
4754
1
0
5194
5353
5343
5293
0
4397
4945
5349
0
0
0
5290
5273
0
4109
4457
5336
0
5346
4571
5187
5115
5169
5333
0
0
0
5356
5102
5345
4979
0
0
5254
5223
1
5346
5228
5172
5345
5351
5351
4847
4560
4939
5225
5105
5238
4604
0
4583
5318
0
5147
3
5290
0
0
5207
4895
5317
0
5271
0
0
5332
0
5039
0
0
5332
5253
5268
4676
3563
0
0
0
5248
5102
5306
5255
5341
5041
5084
5109
5232
5218
3503
0
5097
5340
0
4220
0
5205
5332
0
5347
5329
5285
0
4603
4885
5287
2
5019
4884
0
5344
5304
4680
5271
5276
5301
4890
4433
5318
3813
0
4989
4928
5096
5244
4900
1
4811
5270
4755
4815
3
4395
5007
5278
5041
5246
0
5323
5044
5189
5025
5226
5128
5169
0
0
5118
4947
5327
4233
5336
5222
4528
3
0
5031
5224
5153
2552
1
4657
4699
5250
5257
4846
0
4286
0
4803
5322
4925
5335
0
0
2
0
4718
0
0
0
5318
4876
0
4759
5104
5236
1
5277
4779
5127
3
4888
5169
5199
5313
5264
5238
4839
0
5270
5250
5255
0
4295
0
2
5101
0
5124
0
5232
0
0
5206
0
5237
5089
4453
5234
5249
0
5233
5318
5206
5242
5209
1
5154
5286
5337
4858
0
5292
5263
5298
5215
5310
4844
4754
5214
4776
5310
5294
5337
5340
4843
5270
5200
0
4861
5106
5342
4978
5279
4012
1
5291
5237
0
5200
5320
5335
5091
5341
5186
0
2
4851
4632
5208
0
5013
4805
0
0
5104
5164
4292
5343
5243
5143
0
4709
5236
5242
1
5242
5315
1
5088
5278
0
5212
0
0
5311
4606
5332
1
2
5105
1
5110
4568
1
4666
0
5324
5167
5326
0
5343
5074
0
5211
0
4927
5093
2
5153
5336
0
5198
0
4703
5164
4778
0
5255
5300
5216
0
5336
5315
0
0
5237
5210
5283
5010
4674
5329
5005
5330
5328
0
4289
5269
2
1
5248
5318
5219
3
5331
0
5337
5314
4714
4451
1
5123
4899
4747
5239
4890
5330
5318
5039
5314
4982
5136
5287
5122
4993
5213
0
5274
5108
5117
4133
5330
5269
5280
0
5323
5323
5003
0
5288
0
5167
5305
0
4910
5175
3234
5031
5143
4887
0
5344
0
5316
5304
4881
5219
4942
0
0
5251
5052
5263
5050
0
5215
1
0
5313
1
5217
5343
5129
5201
0
5306
5218
5325
0
5128
0
5217
0
1
0
5182
5343
5076
5270
0
4899
5324
0
5268
5270
0
1
5327
5082
5342
4903
0
0
4718
4563
5243
5246
0
0
5186
5113
5319
5213
4662
5096
5317
5068
5117
4224
5284
4731
2
0
5303
0
5345
4937
5328
5188
5302
5182
5080
5320
5249
5122
5345
4221
2
0
5289
2
5015
5241
0
5102
4973
5085
0
5213
0
5160
5217
5004
5223
5061
5088
5187
0
5159
5291
5039
4567
0
5260
3
5324
5240
4648
5282
0
0
5323
1
4771
4
5083
5019
4935
5301
0
1
0
0
0
0
0
4872
5152
0
5290
2
5017
5152
0
5325
4391
0
0
5320
4272
4819
0
5324
4538
5191
5139
5112
5231
3
1
0
5074
5237
0
5046
5245
5159
5101
0
0
5106
5150
1
5019
0
5319
4634
5148
2
5214
5328
0
5324
5207
4755
5318
4127
0
4677
1
1
5161
5326
5157
5309
0
0
0
5266
5348
5074
0
5245
5139
5319
4793
4847
0
0
5263
0
5305
0
5331
0
5112
5078
5348
5319
5349
0
5254
5160
5223
1
5224
0
5047
5276
5183
5114
5328
4473
5209
2
0
0
0
4600
4914
0
5326
4496
0
5224
5211
5342
5347
0
4679
5128
5055
4032
5320
5329
5199
5279
5319
1
0
4984
4660
4876
5343
4802
4996
0
5142
4462
5223
5326
4100
3857
0
0
5292
5324
5181
4429
0
0
5174
5010
0
4940
5335
5322
5290
1
5223
5330
5244
5326
0
5302
5290
4039
0
4478
5348
4899
5328
0
4464
5009
4398
4842
0
4944
4883
5240
1
0
4102
0
4838
5173
5277
1
5343
5274
5292
0
4903
0
5068
5236
5254
4834
0
5289
0
4804
5239
4889
5076
4975
3529
5088
0
0
5061
5306
5288
5076
0
5301
4834
5317
0
4633
0
4869
4890
0
5306
5311
4449
4771
5210
5224
0
0
5206
5297
5324
0
4991
4749
5327
5303
3
5221
0
5001
0
5022
0
5061
4822
5319
0
4976
4948
4367
1
5291
2
0
0
1
5241
5002
4885
5180
5235
0
5316
5239
0
4907
0
5057
4969
1
5308
5047
5213
5269
5207
3564
0
0
5302
4522
5114
5046
5040
5319
5211
5220
4966
5047
4953
5043
5046
5226
1
5304
5084
4617
4921
5330
5115
5285
5257
4900
5226
5218
0
2
5311
5325
5136
2
5112
0
5246
4819
4860
4836
5216
5338
5339
0
5148
5173
4135
5269
0
3671
5284
4910
4019
0
4991
5260
1
5222
5200
5298
4185
5216
5155
5127
0
5206
4995
0
4565
5132
5342
0
4332
2
5132
0
0
4248
5307
5132
0
5332
0
0
5148
0
5219
5033
2
5118
0
0
0
5134
5173
5318
4
0
4933
4344
0
0
5115
5116
5266
1
4644
4563
5160
2
5239
5236
5298
4884
4350
0
4756
5211
5129
4708
5300
0
0
5117
5168
5173
0
4101
5340
5117
5040
0
4758
5236
0
0
5127
0
5119
0
4993
5235
5238
0
5104
0
5206
5186
5278
4866
5104
0
1
4885
0
5081
5128
5110
1
2
1
0
5040
5206
5329
0
0
5305
5307
5095
5067
5235
5101
4989
4677
0
5152
5322
5171
5288
5115
5263
5089
5227
5336
5323
0
0
5276
2945
0
4578
5315
5268
5306
4026
0
0
1
5338
5268
0
4653
5173
0
5120
5211
5060
4732
5124
0
5329
0
0
0
5277
5027
5339
5286
4974
0
3
5233
4462
5207
5340
4309
5208
5091
5270
5277
5218
5329
4828
5089
5099
4347
0
0
0
5146
5243
5236
3
0
5309
0
0
5141
5159
4974
5318
3589
0
5216
4946
5286
4365
4918
4762
5317
4861
5216
4986
5173
0
0
0
5141
1
4567
0
3
0
5263
5270
5004
5182
4657
5246
5337
5321
1
0
5171
4776
0
5201
5304
5239
4898
0
5256
5328
5317
5191
0
5216
0
4461
1
5220
5213
5116
5048
0
5109
4699
4967
0
5145
4909
5339
5298
0
5296
5301
5214
5319
4294
4988
5312
0
5179
5117
5255
0
5309
5213
5126
0
5148
5229
5266
3511
4298
5167
4925
0
4655
5312
5107
0
5337
5189
0
4993
0
0
5112
5313
0
0
5162
0
0
4658
5159
5083
4933
4875
5334
0
0
5216
0
0
0
5307
5251
5317
4430
5214
4438
0
0
5157
5310
5132
0
0
5279
5071
5282
0
5310
0
0
5193
0
5011
0
5092
0
3960
4884
4420
0
5222
5231
4910
5301
5175
4921
0
0
5192
4912
5199
4929
5070
5249
5235
4757
0
0
0
5208
5245
5113
0
5307
1
4953
0
5064
5145
5328
0
4761
0
0
5164
4959
5031
5316
0
5099
1
5334
0
5122
1
4988
1
1
5276
0
4132
0
5158
5093
4822
5297
5316
5064
0
0
1
0
0
4856
0
4043
5305
5318
5296
5041
0
0
4940
0
5231
5235
5106
5325
5237
5160
0
0
5214
5292
5157
0
5130
5225
5216
5265
5108
0
5315
0
5240
5137
0
5293
5011
0
0
0
5206
5090
5086
5320
5333
5232
5000
4773
5264
0
4915
4430
0
5316
0
5236
0
0
5160
4172
5335
5037
4948
1
0
4966
5237
4278
5208
5118
5024
2
5084
5244
5243
5315
4659
5232
4704
0
4916
0
5322
5314
5164
4859
5210
4619
5252
0
5168
1
1
5336
5136
1
4969
4889
0
5334
4736
4614
5316
5288
0
5036
0
5003
0
0
4706
0
5333
5304
5332
0
4850
4988
0
1
5157
4802
5238
5175
0
5042
4866
4570
0
0
5090
5087
5086
3907
4965
5315
0
2
0
2
5314
0
1
5322
5278
4975
0
0
4868
5099
1
5231
0
4825
5210
0
0
0
5299
0
5313
5199
4871
0
4971
5279
5294
5256
4892
5315
5298
5157
5252
5092
1
5060
4421
5255
5274
5265
5041
5232
0
4166
4941
5290
5304
4771
0
2
2
5087
5092
4297
0
5289
4990
5281
0
5035
5155
0
5303
4378
0
5196
5325
0
5108
5059
5289
5329
0
5324
1
0
4459
5091
5280
0
1
5313
5101
5110
5320
4788
0
5263
5269
0
4336
4522
5324
5272
5284
5336
4844
5290
5040
4604
5208
5149
5299
4835
5322
4848
4993
5035
5286
5147
5059
5339
2
5256
5063
0
0
0
0
5339
5086
4358
4688
5296
5327
4743
5324
0
5091
5254
5206
5335
1
5336
4960
4778
5315
4026
0
0
1
0
5174
0
0
5218
0
5239
5264
4530
5294
4688
0
5216
0
0
5285
0
2
4953
0
4830
5283
0
5264
0
5270
0
4862
1
5303
0
5141
0
5090
0
5090
4835
4599
3
5151
0
5136
5282
4894
4756
5157
1
4720
5335
3993
1
1
0
5213
0
4165
4979
0
5284
5189
0
5236
5141
5198
5290
0
0
5035
0
5106
0
1
5315
0
0
0
5236
5202
5259
5101
4444
0
0
5149
0
5290
5318
1
0
5146
4928
0
2
0
0
2
4755
5219
4906
5266
0
1
5260
4978
0
5281
4226
0
5331
5142
5214
0
5333
0
0
0
5327
4758
5161
0
5255
4988
0
4989
4922
4829
5306
0
5311
0
4991
4460
4765
5094
0
0
0
4986
5153
4031
4991
0
4254
0
4709
4832
5237
5319
0
5038
5205
5218
5242
5176
0
5106
5252
0
4027
0
4788
5184
5330
5329
5316
5090
0
5186
5049
5288
5132
0
4429
5219
0
5139
0
5326
5200
0
5310
5166
4932
5202
5257
4920
5294
0
4877
5248
5273
0
4912
0
5258
5296
5291
4876
4462
5201
5090
4812
5154
5317
0
4792
5198
4935
5025
5325
5050
0
0
4765
5163
4982
5245
5118
1
4771
4939
4862
5103
5217
4714
1
5332
0
5289
5330
1
5262
5292
1
4540
5279
0
0
4907
5308
4879
5223
5333
0
1
4868
5333
0
5214
5145
0
5118
5142
0
4303
5218
5260
4854
5105
4225
5338
5078
4447
5138
4950
5106
5332
0
4833
5188
0
5280
4520
5088
1
5236
5171
4890
0
4889
5090
0
5098
0
4806
5117
5118
4795
5266
0
4846
5098
0
5335
5107
3
5068
5258
5126
0
4793
0
5090
5009
0
4946
0
4207
0
5331
4981
5220
5332
0
5033
0
0
0
5337
5102
1
0
5296
0
1
0
5333
0
4531
5296
0
1
0
5177
5128
0
5305
4824
0
5215
0
5081
0
5318
5092
4373
5217
0
5315
0
5304
0
4798
4974
4497
4625
4763
0
0
5194
0
5334
4710
5096
5288
5019
5189
0
4974
5321
5177
5330
5072
5330
5320
0
0
5199
4982
5270
4644
4188
0
5058
5275
5330
5143
5010
5257
1
5084
5171
4753
4803
0
5284
1
5082
5184
5148
5162
5189
0
5184
5120
4641
0
5301
5133
5222
5048
4924
4985
0
5320
5248
5302
5076
0
5274
0
4910
5296
1
0
5224
4808
0
5151
5240
4730
0
5064
0
5017
0
5242
5191
5248
4444
5098
5273
5278
5026
5135
5044
5228
0
5229
0
1
1
0
0
4748
5077
4777
4920
5298
4805
0
0
5002
5325
0
0
5304
5261
5093
5308
5084
5212
4984
4892
5136
4891
5162
0
5112
0
0
0
5070
1
5209
4666
5253
5106
5000
4913
1
0
5170
2
0
0
5325
5079
5304
5314
5325
5153
5188
5253
5058
4301
5330
0
0
5095
4697
5300
0
1
5045
5100
5101
5154
5243
5305
5279
5111
4720
5195
0
0
1
5115
5167
5021
1
0
0
4719
5304
5055
2
5111
4642
4664
4709
5227
5114
0
4781
5264
5209
4633
4719
2
5236
5328
0
5157
4754
5300
5006
4856
1
5105
5307
5301
5307
4546
0
5231
5238
3400
5283
5330
1
0
5307
4429
5031
5229
5283
5219
0
5017
0
0
0
5133
5105
4106
4935
0
4685
2
0
4968
5184
2
5300
5183
0
4195
5158
0
5093
0
4499
0
4792
0
5023
0
5018
4690
5145
5288
0
4761
4854
4801
3
0
0
5106
0
5287
4611
5055
0
5307
5096
1
4865
0
5206
0
5156
0
5159
5153
4433
5058
5293
4696
5136
5283
4
0
5309
4879
2
4947
5201
5058
0
4510
4912
4964
5194
0
0
5177
5296
0
0
5151
5154
5151
1
5024
5289
5103
5278
5226
0
0
4923
5170
5125
4722
4826
5292
5309
5072
5222
5316
5206
5240
4789
0
5044
0
4891
5
4929
5129
5257
0
5247
2
4991
5152
5323
5158
5103
4641
0
5203
5279
5297
4826
4349
2
5207
5201
5310
5290
5004
5205
4615
5246
5101
5323
5154
5299
5207
5124
0
0
5136
5298
0
5206
5049
5293
5227
0
0
3785
0
4908
0
5009
5070
5147
5128
5079
5138
5292
5256
5215
0
5320
0
5273
5250
0
0
5258
5264
4386
5220
5175
2
5178
5047
2
4940
5057
4884
5258
4662
5043
4248
5149
5072
5157
0
4975
4799
0
5251
5097
4557
5292
5044
5264
0
0
5298
5000
3
0
2
4944
0
5177
5102
0
4995
0
0
4183
2609
5298
4337
5157
5257
0
1
5293
0
0
0
0
5198
5099
4922
5120
0
0
0
5320
5031
5184
5268
0
5187
4028
0
0
5226
5249
5292
0
5202
5246
5168
1
5325
0
0
0
0
4543
4644
5260
5297
5279
5322
5248
0
5099
5312
5193
5117
2
0
5167
0
1
5319
0
5090
0
0
4972
5319
0
5188
0
0
5135
0
5185
4994
4501
5200
5260
1
5127
5283
5279
5100
5110
5017
5269
5275
5297
5147
0
0
4869
5190
5280
4829
4821
0
5144
5031
5228
0
1
5244
4182
5284
5239
5308
4451
5117
5296
4800
0
5084
4909
0
5286
4891
5308
4961
5240
4559
5280
5305
1
4569
5096
5207
5001
0
5303
4636
5186
0
5057
5239
4870
5262
5135
5186
5244
5228
4982
5291
4711
5311
0
1
5002
5029
5140
4474
4958
0
5125
1
5307
0
3814
0
4928
2
5293
0
5234
0
4880
5292
5306
4989
1
4851
0
4463
0
5294
5145
5242
5116
5314
5251
0
5127
0
0
4372
0
4932
0
2
4845
5087
5236
5259
5277
0
5254
4672
5018
5029
0
5231
4532
5242
5141
5179
5046
4681
5092
3465
0
4871
1
0
0
5080
4843
0
0
5305
1
2
5177
0
5249
5223
3
5152
0
4907
5072
0
5316
5233
5060
5104
5279
5217
5297
5217
5214
5214
4346
4483
4814
4985
5084
4937
0
0
0
2
0
0
5173
5316
4919
4414
0
5282
4328
4698
4955
1
5088
0
4675
0
5046
5260
2986
0
3790
1
4747
5241
5231
5045
5282
5263
4943
5238
0
1
0
5156
5245
5323
5323
5200
5262
2959
5226
5200
4967
4476
5196
5189
0
4892
5319
4238
0
5321
5031
4858
0
0
5319
5189
5175
4411
4357
5149
5065
5065
5278
4779
5263
4844
5077
5243
4793
5263
5284
4024
0
5199
5284
0
5265
5093
5240
4750
5301
0
0
5218
4889
4931
5219
4849
5064
5240
0
4676
0
4927
5223
5091
5090
4925
0
0
5127
5202
4816
5296
0
5316
5211
0
0
4789
4980
1
5204
4766
5088
5240
5071
0
5322
5319
4420
4801
0
4859
4327
5240
5130
0
5114
4827
4973
2
5069
5039
5235
5269
5083
0
5124
1
4578
4852
4722
5289
0
5313
5095
4917
5233
5284
5251
5044
0
5190
5208
0
0
5022
4735
5282
5180
4873
5267
0
1
5265
4425
5039
1
5305
0
0
4643
1
0
4725
4630
5312
5316
4969
0
5100
4509
0
5285
0
5285
5282
4642
0
5246
4699
4791
4840
5077
5138
1
1
0
5069
1
5214
5158
0
0
5140
0
0
0
5288
5116
0
4689
5076
1
5111
4740
5285
5107
5155
0
4985
5184
5227
5317
5304
0
5254
5291
4776
5171
0
5085
0
5045
0
4920
5270
5287
5232
0
5089
0
5029
5265
1
5263
5213
0
0
5247
0
5135
0
0
0
5210
0
5306
5152
0
5311
0
4427
5308
1
0
4715
4850
5232
0
5288
0
5250
0
5195
4037
5179
4801
5227
5311
5232
0
4943
4584
2
5308
0
5272
4841
5082
5090
0
0
0
5253
4894
0
5285
5096
5161
5103
4971
5067
4801
4886
0
1
5284
5197
4912
4480
5180
4098
4713
2
5181
4844
5167
4631
4447
5107
5076
0
5092
5009
0
4897
5267
5272
0
5189
4744
4684
0
5090
5252
5074
4411
0
5280
4493
2
5025
5091
5058
0
5252
0
4523
5008
5249
5284
5268
0
0
4530
5221
0
5280
4638
0
5151
2
5103
1
4905
5128
0
0
5077
0
5170
5282
5290
5083
5090
4
5314
3533
0
0
5284
5130
5110
4708
5135
4903
0
5275
5272
0
5210
5268
5014
0
1
5251
1
1
5271
5189
5063
1
5168
5049
5153
4515
5090
5205
0
4443
4586
4436
0
0
0
4971
5015
0
0
4950
0
5163
5291
0
5175
4937
5232
5284
4973
5280
4798
4879
5278
0
0
5279
5312
5093
5002
4063
5176
5242
5288
0
5086
0
5145
5167
5158
0
4972
5123
4981
5246
5214
4519
4976
4928
0
4963
5099
4972
4974
5055
0
5029
5240
5016
4549
0
5125
5224
0
2
0
0
5238
5150
5289
5281
0
2
5278
5224
0
0
0
5091
1
4128
1
4842
5156
5202
5281
0
0
5038
5240
5066
5246
5219
5238
5175
5124
4392
0
0
0
4184
5292
4456
5134
5182
4896
5228
5154
5222
5103
5230
4350
4924
4950
5169
1
4645
5080
5061
0
5274
4632
0
5083
4890
0
5200
5150
1
0
4167
5153
1
0
0
5277
0
4792
5226
1
5281
4973
5241
5306
0
5253
1
5087
5156
4531
5019
5221
0
5303
0
5172
0
5286
5118
5014
0
5255
4910
5184
0
5016
5288
0
0
5300
5181
5090
5109
4714
5106
5119
4640
4986
4872
5251
5279
5176
0
0
0
5269
4927
5147
5289
5144
5097
5033
0
4983
5153
0
0
0
4482
5227
5281
0
4569
5286
5256
5153
5246
5281
0
0
0
4684
4802
5186
4957
5174
5115
5132
0
0
1
4972
0
0
5191
5229
5271
5081
0
4699
4881
0
5019
5038
5176
0
5259
5143
4852
5176
0
5062
5017
5212
5115
5221
5294
0
0
5306
4735
4937
5280
5306
4899
5210
0
4844
5259
5075
5280
5282
5092
0
5087
5036
5274
5194
5004
5286
5075
5228
4934
5178
5282
5292
5210
0
5069
4514
5247
4584
2
0
5222
5115
5194
3843
5177
4878
5267
5238
0
0
5307
4967
5145
5283
5107
2
5231
5309
5157
4900
0
4476
5181
0
0
5058
5158
0
0
5158
0
5275
5068
5195
5181
5194
5024
0
5263
4488
4623
5043
0
5279
5295
0
5180
5253
5196
5220
5243
4767
5213
0
3845
4845
4765
5137
5078
0
4711
0
4803
5225
4665
5235
0
5182
5192
5162
5307
0
4698
0
4879
0
0
0
5156
5308
4621
5198
0
0
4904
4958
4517
5294
2
0
2
0
5043
3963
5051
5303
0
5059
3
5100
5264
4980
0
4587
5083
5252
0
0
0
4899
5056
4963
5262
0
5284
0
5218
5213
4917
0
5075
4848
5283
0
4820
5284
5070
0
4491
5017
0
4630
0
4977
5083
3797
5234
5312
5307
5306
5276
5161
5266
5090
5153
0
3
2
5307
0
4786
4667
0
5158
5032
5307
1
5261
4374
0
5000
5241
5288
0
5310
4831
0
0
4810
5207
0
0
4800
5069
1
1
4881
5186
5079
0
5250
4565
4965
5082
0
4905
5210
4171
4294
1
5284
5049
0
0
5162
4775
5290
5232
0
5163
5231
5038
5306
0
5180
0
5276
4988
5269
0
0
0
5113
5258
3
5304
0
0
0
0
0
4760
4771
0
5162
0
4975
5015
5282
5267
0
5205
4847
1
0
5241
5103
5306
4758
4701
5287
5060
4950
5012
5252
5192
4845
4611
5103
5253
4862
5279
4974
5111
0
5278
5007
4929
5172
5193
4299
0
5096
5083
5286
5212
4737
0
0
0
3332
5156
5139
4969
5090
5085
5285
5222
4731
5308
5265
4865
2
5228
0
4768
5091
4671
0
0
4449
3
4468
0
0
5184
5304
5240
5244
3546
0
2
4500
5160
5317
5169
5282
5202
5285
3
4917
3
4574
5036
2
5277
5163
0
0
4090
5247
4996
5177
4564
1
5278
2
0
4994
0
4691
2
0
1
5014
1
0
0
5298
0
5156
2453
5286
5080
5221
5215
5052
4881
5132
0
0
5256
0
5031
4646
0
5102
0
1
5299
5218
0
5255
5114
5173
5199
5037
5288
5289
5289
0
5217
0
4864
4984
5262
4988
5204
0
5217
0
5093
5093
5306
5293
4738
0
1
0
5315
1
0
5097
4967
5298
0
5174
5277
0
4769
5158
5193
0
0
5229
0
4
5173
5120
2
1
2
0
0
5268
0
0
5286
5108
0
5204
5174
4473
0
5144
5220
0
5277
0
5294
5186
0
0
5242
0
5299
0
0
5165
5240
4712
4999
4835
5284
5084
0
0
5236
5245
5147
0
1
4657
4572
3
5243
0
5287
5038
5163
4937
4868
2
4624
0
0
5289
4500
5246
4740
5321
5252
5031
5272
5097
5300
5109
5059
4546
4998
5076
1
4975
0
4901
5199
5204
4036
0
4763
5036
5289
4352
5296
5191
0
3917
5276
5003
4907
1
1
5282
0
5083
5176
5303
5285
5312
5266
5180
5283
5285
5249
0
5198
5267
5205
0
4881
4815
4900
0
5140
5243
5139
1
5298
4099
5066
5232
1
0
1
5073
4810
5211
0
5293
0
5189
5044
5203
0
5259
2
4920
0
5024
0
5002
5310
5314
4689
0
5199
4566
5086
4971
0
2
5110
4969
0
4907
5220
0
0
5176
0
0
5283
5123
5281
0
4764
4906
0
5256
5201
2
5219
0
4893
0
0
4872
5209
0
5284
5304
5179
5243
5139
0
0
5313
5318
5066
5260
0
5165
5298
0
5287
0
5045
5208
5314
5139
5267
0
0
5314
0
4908
5297
0
5026
5258
5148
2
4721
4772
5164
5286
5016
1
4941
4848
5298
4956
5264
1
5276
5289
5264
4982
0
4747
5277
0
4742
5173
5173
4116
5136
5307
0
4949
5279
5193
0
4727
0
5167
0
0
5073
5219
5254
4969
5248
5307
4965
0
5191
0
0
0
4564
5276
0
4498
4721
0
5296
0
4744
5224
5164
0
0
5302
4592
5230
5319
5065
0
4505
0
5208
0
5248
5277
0
4759
4490
5146
0
5090
0
5296
0
5137
5274
4193
4901
0
4982
0
5240
5243
0
4934
0
5300
5316
5100
5217
0
0
0
4705
5255
1
5220
5229
0
4971
4991
4145
4881
0
0
5293
1
4900
0
5015
5313
0
5040
5287
1
5174
0
1
0
0
5134
4951
3643
5249
5232
5308
5171
4464
5191
5267
0
5194
4856
0
5188
5239
5296
5041
4991
0
4770
0
5056
4211
0
5223
5185
4979
4951
5221
5223
1
4584
5248
5249
5306
5188
4425
0
5225
5313
5314
3
5163
5038
5313
5136
0
5204
5100
5251
5223
5105
5263
5089
0
5075
5271
5326
4840
2
4527
5131
5117
1
0
5313
5156
0
1
5283
5027
4892
4362
5318
5108
5158
5292
5324
5306
0
4734
5267
5298
0
4608
4409
5323
0
5274
5248
0
5001
2869
4697
0
0
5039
0
5160
5148
4940
0
5175
0
5220
4919
5283
5083
0
0
0
0
4457
0
5070
1
5270
0
5327
5300
5209
5249
1
5119
5307
5319
0
0
1
4657
1
4746
5167
5140
4144
5048
5308
4709
0
0
5263
4617
0
5238
5225
0
5283
5275
2
0
5315
5077
4706
0
5304
0
4981
0
4564
4715
1
4793
5191
5294
5242
0
5111
5258
5219
4582
1
5062
4981
5177
4459
4870
4241
5137
0
5180
5302
5106
0
5201
0
5280
3836
5305
5286
5105
5300
0
0
4863
5144
5189
3284
5283
4748
0
0
5197
0
0
5224
4861
5321
0
5266
5243
0
0
5237
0
4475
5104
5175
5210
5306
0
5327
3
5243
5123
5175
4615
4943
5087
5096
0
4658
5088
0
1
0
0
3307
4730
5085
4978
4914
4318
5286
4925
5231
0
5306
4568
5199
0
5248
5086
4439
4733
5097
4583
5306
1
4707
5268
5136
5248
0
0
5189
1
0
2
5010
5283
0
5222
5075
0
0
5087
5189
2
5321
5242
5209
5299
1
4970
0
5175
4406
5228
5256
4928
0
4934
4902
5268
2
4900
0
5277
5264
5017
0
5216
4977
1
3769
0
0
4889
4819
5120
5304
0
5065
5197
5187
5228
4951
1
5170
5265
0
4820
5300
0
1
4863
5202
0
0
5262
5126
5037
1
5242
0
0
0
4884
1
4795
0
3
0
5132
5190
0
5125
5226
5039
5021
5309
5291
5120
5170
0
0
5188
0
4408
5121
4744
4904
0
5295
0
0
4620
0
0
3424
0
5215
5165
5120
4970
0
5264
5290
5183
5178
0
5173
0
4661
3246
4966
0
4857
0
5304
4368
5171
0
0
5292
0
0
0
0
5239
4784
3
4089
0
0
1
5253
0
5298
4896
5177
0
5280
4734
4436
4367
0
5299
0
5134
5091
5310
4743
0
5165
3280
5000
5004
4844
5258
5296
5020
5289
5037
5189
0
0
5214
5304
5237
0
0
5071
5290
5013
0
5094
5083
4915
4877
4791
5263
5284
0
4901
0
0
5216
5265
0
5194
5306
4913
0
0
5272
0
5082
4926
4060
5231
4963
5276
5291
4403
5083
0
4712
5263
0
5039
0
5200
0
5174
5132
0
4763
5130
5092
0
5312
4917
5203
0
5052
0
4973
4879
5036
5238
4976
5239
0
4955
5077
5036
5184
5281
5283
0
0
0
5199
5298
5271
0
5171
0
0
5297
5089
5296
4839
4519
5097
4628
5213
4667
5273
5188
0
0
5081
0
5135
0
5274
0
5206
4850
5246
0
5134
5140
0
1
0
5190
1
5181
5308
5247
0
4291
5267
4893
5222
5249
4926
0
4358
4959
0
5211
4910
5150
5151
5224
5317
5238
4974
4527
5275
5274
5321
5322
5287
5135
5176
5318
5052
5318
5177
0
5283
5082
0
5301
0
5295
5164
0
5276
5123
5203
4919
5202
0
5317
4897
0
0
0
5173
5279
5201
4800
5257
5081
4523
4844
4826
0
4497
4901
5079
5271
4389
0
5060
5303
0
0
5186
0
0
0
5266
5156
0
5241
5205
0
5147
5318
0
0
5009
0
3
5197
0
0
0
4829
5298
4929
4736
5270
0
5200
5299
1
5308
4898
4784
4987
4620
5128
0
5184
4928
5218
4570
5037
4692
5201
5197
4969
5171
5245
5299
2
0
5292
0
5004
5013
4228
4918
5272
5186
4435
5030
4822
4954
0
5262
3
0
0
1
5052
4471
5301
5220
5237
5261
0
4969
5108
5319
4054
5096
5299
4900
5096
0
0
4935
5293
5293
4704
5282
5306
4
5082
2805
0
5268
5186
5268
5236
5215
0
0
5277
4981
5291
0
0
0
5217
5034
5296
5186
5229
0
0
4523
5109
5293
0
5275
5243
4923
3725
0
4749
4620
5321
5119
5316
4916
1
5300
5110
5244
5206
5167
2
4972
5253
4724
5291
0
5272
0
5040
4545
0
4035
5273
5285
0
5208
5270
5314
4872
0
0
4992
0
4087
5138
4766
5186
2
5202
0
5188
4359
0
5014
5295
4918
5223
5304
5139
0
5305
5296
5318
4820
5208
5224
1
5041
4762
5073
5144
5282
5288
4974
0
4775
5175
0
0
0
0
5167
0
0
5265
5298
5054
5099
0
4425
0
0
0
4888
0
5265
5273
5137
5251
5184
0
1
0
1
5225
4972
5193
4714
5277
4374
0
5245
5110
0
5207
5101
4706
0
4885
5308
5321
5253
5195
0
5320
1
4529
5304
4991
5022
5213
5187
0
5323
5231
5186
5002
5048
5194
5002
1
0
0
5204
0
2
0
0
2
5162
5230
0
4919
4514
4062
0
5184
5324
5227
5153
5311
5228
1
5327
5222
5160
5327
5157
0
0
5210
5213
5311
5312
4247
5016
4937
5099
1
5312
0
5169
4991
5092
4921
4386
5083
0
4973
4605
5123
0
5275
0
4907
5075
0
5328
0
5308
5250
4848
4722
1
5298
0
0
0
0
5274
5298
5330
5301
0
4480
0
4825
5115
2
5056
5221
4621
5323
4652
0
5310
3382
0
4653
4605
4169
5277
5324
5145
0
0
5321
5192
5122
2
5328
5012
0
4324
4765
5322
0
0
0
3264
0
4928
3963
5218
4919
5221
0
5262
4758
5273
5129
4907
5080
5102
5219
5007
5078
0
4468
5306
0
5211
4914
0
2
5272
4859
3186
5181
4481
4090
0
5306
5063
5256
5208
5295
4977
5288
5064
3
2
0
4577
4993
5217
5183
5200
4620
0
4921
0
5297
4888
5177
0
3425
2
5070
0
4470
0
5220
4644
4847
5321
5177
5197
4882
5037
5254
5321
5321
5271
5211
1
0
5311
4447
4651
5262
3676
5223
5159
5263
4370
4410
5246
5244
5325
4821
0
5175
5201
0
2
5056
0
5304
4973
0
5
5166
4991
5214
4558
4819
5210
0
5221
0
0
0
3803
5088
5177
4917
0
0
4414
4951
5217
5206
4919
5318
5129
5079
5275
4
5280
0
5293
5304
5076
4918
4485
2
5304
5174
4749
0
0
4481
4631
5276
2
0
5241
5164
5241
0
5305
0
5086
5084
5285
5280
0
4503
0
4512
5247
5166
0
5299
4922
5222
0
0
5215
5201
5137
4569
4615
5069
4268
5133
4982
5178
5220
4257
0
0
4112
4551
0
5305
5212
5148
5324
5174
2
5262
4858
5199
5218
0
0
2
0
0
4966
5221
5091
0
5288
5263
0
0
5319
5157
5245
5101
4905
0
5058
2
5238
5137
4956
2
4205
0
5175
3877
4489
5196
4951
5181
5274
5197
3803
3
4801
5321
4651
5064
5248
0
4621
5296
5264
4876
5245
0
0
5298
5219
0
5284
4913
5271
0
5153
4764
1
0
5200
5262
3978
0
5198
0
5246
5135
0
4934
3730
5094
0
5308
1
5124
5051
1
5109
5205
0
5302
5185
5233
5300
4721
4854
5028
5159
0
5300
4935
5002
0
5293
0
5192
0
5098
5126
5258
3851
4840
4943
0
5215
5217
0
0
5148
5012
0
0
4781
4409
5214
5255
4966
5304
5174
4985
5160
4774
5205
5179
0
5192
0
5069
0
5115
5040
0
4874
4985
4970
5321
5023
4893
4857
0
5191
5127
5304
0
4398
5092
5309
0
5295
4610
5243
0
5175
3970
5100
5127
5303
5305
0
2
1
4979
4885
5111
5299
5174
4520
0
5133
4885
0
5246
5242
5182
0
5245
5015
4618
5258
0
5312
0
5063
5259
1
4544
0
5174
5275
4934
4933
0
0
5059
4984
2670
0
5201
4811
5146
5244
4227
5261
0
5282
1
5198
5238
1
4489
5027
5272
5212
2
5136
4993
0
5269
4933
5290
0
5291
5292
4502
5196
5065
5235
5292
3
0
5060
5051
4704
4972
5025
5296
0
5092
5227
3825
4262
4954
5315
5239
0
4930
5258
5310
0
4997
0
5275
5148
4729
5213
5094
5212
0
0
5105
5313
5271
4940
0
4858
5149
1
1
0
5210
5288
5134
1
0
0
1
0
5294
5040
0
5096
0
5060
5012
4454
5297
5265
0
5251
4778
0
0
0
4974
5295
0
5011
5047
5263
0
5298
4721
5229
2
5015
0
4983
1
5294
4847
5053
1
5212
4010
5100
0
3352
5200
0
1
5165
5063
5054
0
5259
4511
5065
0
1
5052
4857
5231
5132
0
5293
0
5053
2
5068
5295
0
5090
5010
5171
1
5305
5049
0
5209
4842
5117
0
4673
0
5294
5309
5263
4745
0
5138
5286
0
2
5308
5235
5057
5286
5259
5283
5209
5153
4952
5230
5287
5270
5179
5211
1
5188
5257
5004
1
5167
5178
2
5182
5200
4773
4807
5259
0
0
5302
5214
4828
1
5302
4992
0
0
0
5315
0
4900
4480
4894
5094
5309
1
4893
0
0
0
5312
5211
5145
0
4963
5190
0
0
5228
0
4737
5284
4416
5257
5146
4709
5217
5055
4569
4318
4742
4950
5173
0
5312
5206
0
0
5309
0
0
5043
5186
4382
5074
0
4921
5207
0
0
0
0
4322
5036
5210
5263
5195
5290
5037
5311
0
5001
5130
0
4911
0
5206
0
5264
0
0
1
4934
5078
4526
4546
0
5074
5301
5138
5288
0
5021
5187
5234
4682
4733
5303
4922
4951
5265
5190
5208
4975
4
5178
0
0
0
5186
5086
5294
5205
4695
4926
5102
0
5190
0
0
1
0
0
0
5308
0
5246
0
4596
1
5219
5290
4902
0
0
0
0
0
0
4806
1
1
5269
5283
4903
0
5065
0
5250
1
4922
5124
0
0
4872
5291
5279
0
4995
4782
0
4861
0
0
5125
2
4975
4933
0
5297
4959
4410
0
0
5184
0
5309
5253
0
5277
4007
5249
5125
0
5286
4186
3790
2
0
4088
0
4214
1
5136
5203
5234
5303
5048
2756
0
0
5273
0
0
4283
5297
5115
0
4686
0
1
4972
5263
5197
5170
0
4785
5019
5287
5259
5282
0
5269
5240
4688
5158
0
5017
5094
4960
0
5308
0
4546
2
5108
5261
4359
4972
2
5261
5027
1
4565
4903
5048
4974
0
4391
0
5108
5127
0
4700
5255
4952
2
5289
5120
5076
5135
5305
5183
1
5282
4621
5229
5284
5260
0
5222
4889
5020
0
4874
0
5093
4985
5281
4996
4047
5292
5152
4448
4763
0
4913
0
4885
4863
0
0
5291
0
0
4809
0
5042
4623
5286
5240
5185
5267
0
4492
5193
4861
0
5199
4764
5038
5200
4966
0
5031
0
5179
5271
2
4698
0
4282
4956
5305
0
5071
5249
5286
5306
5259
0
4846
4995
5144
5223
5127
0
4922
5040
4979
4853
5148
4961
5102
0
5306
5259
4984
5293
5246
4682
5288
5306
5304
0
5200
5266
0
4669
5305
5145
4518
5199
1
5220
5189
4967
0
5288
5165
5190
5180
5262
5042
5112
5283
0
5165
0
5082
4553
5117
2
4773
0
0
5181
4738
5244
5205
4911
0
5260
0
5204
0
4739
5206
5150
5047
5065
5290
5282
4744
0
5204
0
5221
0
0
5021
5258
4911
5133
5180
5248
0
0
5103
5290
5098
5125
0
2
4347
4962
4700
5168
1
0
5072
0
0
5178
5290
5294
5196
5266
5073
4447
4755
5285
4784
0
0
5112
0
5149
4931
5140
5056
0
4496
4948
4850
5158
4744
5306
1
5289
4071
4876
5215
4883
4769
1
4997
5284
0
0
5264
0
5077
0
5212
5128
5115
2
4861
5298
4935
5252
5066
5207
5313
5211
1
0
4263
5220
5265
4759
5294
4901
0
4938
5281
4969
4377
4537
4378
4572
4580
1
5293
5156
5295
5047
0
5091
5300
2
5293
5292
4731
0
0
5292
2
4993
5283
5291
0
0
5225
5304
5104
5003
5304
5259
5154
5206
0
5284
4085
5171
5281
0
0
1
5058
4
5226
5204
0
4682
4738
5300
5070
5198
0
0
5081
4081
4865
5204
4943
5182
5174
0
5086
5204
0
5107
5202
5212
0
4582
0
5200
5245
4737
5195
5233
5293
5082
5275
5039
4784
5303
0
4903
0
2
5115
4957
5282
5248
4882
5285
5229
0
4861
2
4909
5065
5106
5201
3141
5098
5223
5131
5241
5012
5295
0
0
5142
0
5276
0
4945
1
5187
5189
2
5289
4703
5066
5194
5119
4993
5298
5022
4608
0
5253
5217
0
5282
4974
0
5232
0
5127
3
5003
5205
5096
0
0
0
5177
5071
5074
0
0
4865
2
4060
2
4961
5223
5040
0
5023
4633
5047
5016
4879
5170
5295
0
5207
4909
5170
5017
5233
4754
4980
4627
4608
0
0
5306
4977
5139
5279
5017
4499
4862
4009
5095
5072
5293
5286
5231
0
5056
1
4869
0
5259
5253
5276
0
5221
1
5204
0
5205
5189
4568
5276
0
4559
5302
5138
3873
5253
0
5258
4975
4848
0
0
5287
5236
4170
5186
5255
5138
4601
0
5145
5250
0
0
0
0
0
5142
0
5045
5306
4785
5115
4958
4868
0
0
5066
5014
3954
5181
4976
5031
0
5065
5277
5168
3
5294
4782
4596
5286
0
5284
5182
5040
1
0
5274
4985
5248
0
5158
5209
3765
0
3
5250
4928
5016
0
4488
0
5140
4976
5133
4878
5187
2
5233
4862
0
0
4569
4791
4960
5256
5204
0
5249
5237
5256
5088
5198
4748
1
0
4352
0
0
5257
5187
5165
4785
5289
0
5217
5144
5248
5124
5222
5275
4683
4709
0
4853
0
5015
4721
5164
5258
4862
4738
5171
5138
4065
4287
5162
0
4938
5177
5288
5282
5276
4519
4562
5240
4940
5199
5290
5151
4980
0
5210
4865
4550
5290
0
4692
5287
4982
5303
0
0
5251
0
4977
5016
5290
5170
0
0
0
0
5298
0
0
4948
5049
5161
5261
4858
5183
3733
5264
5227
5199
5290
5190
3
3880
5207
5015
4457
5130
5095
5211
5160
1
0
4702
4828
5287
0
5282
5292
5164
5034
0
0
5209
5030
4759
0
5124
0
5262
5293
5210
4872
2
5046
0
0
0
0
4705
0
4479
5229
5039
0
0
0
0
5134
4592
5272
0
0
5245
0
0
5178
0
5291
0
5262
4533
0
5146
0
4989
4483
0
5168
5293
0
4721
0
5284
4498
0
5289
5036
5264
4964
5193
5233
5253
5098
4886
0
5114
0
0
1
5138
0
5281
1
0
4968
5073
4566
5270
5303
5288
5311
0
5250
5073
5266
5272
4986
4995
5312
4731
5092
4802
0
4760
4891
4750
5200
5117
0
5261
5043
5187
5288
4794
3788
4971
0
5249
4885
1
4735
5167
5257
4958
5299
0
5188
4839
5309
0
5263
5013
5307
5309
5091
5166
4841
4015
5289
0
4526
0
4843
4662
5051
4428
5263
4596
0
5128
5177
5286
5032
4756
5268
5213
0
4724
0
5265
4352
4889
5268
3
0
0
1
5278
0
5214
4889
4452
5192
0
0
5051
4615
4438
4902
5239
4645
0
0
5084
5176
5127
0
5302
5267
0
0
4793
4875
0
0
4633
0
0
5070
5171
4810
2
0
5117
5263
4714
0
0
0
0
0
0
5247
5040
5163
0
5186
5027
5174
0
4352
5057
5162
5305
4780
5283
4994
0
5302
0
4862
0
0
5240
4714
5042
5069
5109
4984
5164
5103
5304
0
5251
0
5069
0
4380
0
5200
5234
5111
5277
5303
5304
4233
5165
0
2
0
4936
4008
5291
4851
0
0
5304
5157
5234
4783
0
5291
0
4787
4947
5097
0
4628
5072
0
4509
5039
0
5293
4456
5083
4446
5265
0
0
0
0
5309
5290
0
0
0
1
5193
5268
4631
0
0
5086
5188
5306
0
5308
5213
4296
0
5245
4977
0
5265
0
5294
4409
5209
0
0
2
4891
5072
5312
0
0
5140
5284
5071
0
0
4825
1
4824
0
4620
0
5095
5183
5312
5043
5092
5296
5066
5158
0
0
5301
0
0
4714
4948
4962
0
5192
0
5267
1
2
5160
0
5019
5186
4513
5305
4204
4963
5138
4927
5185
5235
0
1
5291
5282
0
5057
5208
1
5267
0
5206
5232
5181
5154
5182
5138
0
5062
5020
4701
0
5187
5137
3958
5255
5308
5203
5141
5312
5010
5085
0
0
5084
4634
5159
5237
0
5002
5047
4743
0
0
5247
0
5306
4886
5039
5207
4705
5297
0
5257
5155
5192
2
5139
0
2
0
5265
0
0
0
0
4221
0
5111
0
5055
2
5201
5294
4068
4624
5166
0
5140
0
0
4726
5306
5212
0
0
5293
5160
3774
5047
0
1
4769
0
5235
0
2
4875
0
5213
5155
5092
4820
5082
5144
0
3844
5117
5189
0
0
4876
5168
0
4862
5293
5181
3756
5206
5239
0
0
5014
5257
5220
5017
5184
5273
5294
4836
5014
0
0
4961
0
0
1
4981
4638
5195
0
0
3847
5285
5217
4874
5041
2
5033
5209
0
0
5287
5280
5278
5068
0
0
5171
5269
5191
5068
0
4809
5313
0
0
0
5062
4336
0
0
5232
4614
5181
5272
4689
4981
0
5045
4836
4971
1
5029
5128
4932
0
3656
0
5314
4869
2
4025
4996
5086
5011
5264
5276
4752
0
5243
0
4901
5263
0
4458
5232
0
5073
0
4889
3
0
5133
4930
0
5210
0
0
0
0
0
5123
5184
5302
5195
5307
4962
5049
1
4250
5120
5173
0
5309
2928
5303
0
4627
0
5258
4700
5282
1
5094
1
4900
2
5006
5166
0
4659
0
0
5207
5259
1
4955
3295
4745
5286
1
4298
4674
4651
5071
0
0
4689
5307
5159
5147
0
5268
5235
1
5140
0
4743
5272
5250
0
5303
5300
0
5180
0
4910
5235
5270
3667
0
0
0
0
0
5259
5164
5260
0
5087
4762
4595
0
4951
5142
5016
5141
0
5317
4911
0
5246
0
5296
0
4901
4869
5312
0
0
1
5298
4596
5177
4945
5297
4536
5075
5221
5288
5213
4308
5291
5038
0
4979
0
0
5265
4915
4852
1
0
5312
0
4978
4650
0
0
4660
0
3
4896
4921
5173
5174
5228
4257
0
0
4515
0
4992
5169
4939
5213
5227
5185
5320
0
4848
0
0
5318
5285
0
0
4565
0
5288
0
5010
0
5315
4995
5075
0
5261
0
0
5185
5170
0
5262
4528
5210
5239
0
5276
5123
4577
0
4706
0
1
5031
0
3953
4168
1
1
5291
5186
2
5076
5273
0
5294
5290
0
4901
5311
5312
5291
0
2
4732
5256
4986
4829
4851
0
5077
5192
5248
0
0
0
1
4987
1
5126
3269
4841
5167
0
5172
5155
0
5126
5213
4910
5189
5215
0
0
4922
1
0
5102
5298
5247
4656
0
5278
4593
0
5262
5236
5297
5213
0
5317
0
5218
5132
0
0
5317
0
5236
5053
0
4787
0
5008
5220
5182
1
5244
4889
2
4908
5261
0
0
0
5198
4992
4978
5315
4981
5021
4715
2
0
5249
0
0
5127
4221
4917
1
5322
4978
5084
5096
5301
5316
0
5083
5320
0
4667
4633
0
5148
3601
0
0
0
5058
5313
5149
5076
0
5218
5301
5162
5293
5252
5192
4785
0
5210
5294
5173
5309
5196
1
4982
4803
5236
0
0
5216
0
0
4980
0
4177
2
5235
5215
0
5299
4888
0
5317
5280
5152
5162
5287
5218
0
4818
0
4893
5320
0
5164
4891
4903
5264
4946
0
5194
5215
2
4836
5136
3
4988
5302
5176
1
4499
0
5142
1
0
0
0
0
0
5192
1
5088
5123
5253
5270
0
5314
4713
0
4933
0
4560
4556
5249
2994
2
5244
0
0
4197
4532
5272
0
0
5269
5052
4908
0
1
3745
5270
5164
5302
0
5085
5256
5139
4842
5144
4829
5269
1
0
4529
5091
4690
5084
2
1
0
0
0
4395
5298
0
5224
0
4999
5077
5324
4385
5223
3312
5272
5304
0
4889
5244
5307
5050
0
4974
4463
5177
4521
5270
0
5130
5276
5055
1
5322
5221
4862
0
4818
5318
5273
0
5023
0
4986
0
4979
0
5202
0
4802
4899
5001
0
2
4997
5305
0
4724
2
5017
5055
5307
0
4842
5064
5318
5305
0
5264
5302
0
0
4753
5173
5075
4667
0
5253
5073
0
0
5116
5269
4458
0
5035
4978
5304
0
4683
5116
4901
4962
5302
5160
5196
5145
5156
4955
5197
5293
5222
1
4998
4890
5287
5198
0
0
5260
1
4985
5153
0
0
0
0
4666
0
2
5152
5296
5183
5327
5260
0
5083
5256
4264
4707
5285
5042
5102
5323
0
4797
5084
0
5191
5066
4597
0
2
0
5176
0
1
0
5269
5312
4949
0
4710
0
0
5068
0
5274
0
5098
0
5293
0
0
5313
5262
5256
3
5224
0
4694
4781
5329
4663
1
5003
5306
4901
0
5236
4391
5245
5128
5274
4727
5309
5298
4728
2
4815
4529
0
5302
1
0
4801
5249
5084
0
5096
5321
4910
5275
4648
4497
5057
5257
5296
4960
5005
0
4934
5249
5014
0
2
5194
4947
5192
4799
5253
0
0
0
0
0
0
0
5273
3153
5299
5143
5222
0
3812
5178
5079
0
0
5035
5248
5119
5327
5303
0
5072
4913
4361
1
5327
5275
5015
5327
4816
5260
5224
5250
5064
5169
0
0
4966
0
4885
4888
0
0
4749
4794
4553
5048
5085
5261
5058
5163
5160
5264
4924
5305
0
5178
4759
1
0
5155
4
4881
5283
4993
4643
5221
5246
1
4989
5308
5308
0
1
5117
0
4836
5307
5167
2
4939
4770
5115
0
0
5069
0
4841
5321
5029
5082
5301
5197
5218
5051
5163
4743
4372
5219
4986
5267
0
5321
0
5302
4869
5001
5260
5220
5085
4765
4836
4998
5319
0
1
4641
0
0
4765
5198
5170
5268
4545
0
0
5319
4831
0
5319
4958
0
5063
0
5244
0
5264
1
0
0
4993
0
0
5270
5253
5020
4946
5259
5158
5268
5089
4937
4879
1
5267
5229
4889
4890
5300
0
5174
0
2
4189
5240
5228
5322
4817
4150
4864
1
5180
4759
0
2
4910
5197
4424
5083
5192
5264
4905
0
5324
3444
5214
0
4860
5016
4755
5013
4893
5214
5085
4914
5326
5086
5289
0
5306
5294
5269
5259
0
4442
5265
4930
5298
0
4481
5324
0
5216
5048
1
4930
1
5152
0
5083
0
4736
5280
0
4700
5276
4746
5065
0
0
4569
5318
5054
4697
0
5101
5313
4974
3912
5196
5191
5233
0
5280
0
4752
5266
5184
5089
0
5317
5309
5214
5263
4860
4792
5171
4975
4998
5065
0
5316
0
5080
4527
0
5288
0
5311
5316
1
0
4941
5308
0
0
1
4832
4991
5261
5231
5288
5305
0
4824
0
5215
4988
1
5176
0
1
5186
3450
4943
4995
4448
5278
4718
5263
0
5260
0
5314
3
1
0
5286
5237
5213
4483
4795
4557
5308
3331
4949
5305
5258
5065
0
5199
4462
5213
0
5265
5195
5285
4769
5307
5315
5240
4898
4833
0
5056
4768
0
0
5236
5265
0
1
5292
1
5262
0
5262
4905
0
5259
0
0
5188
0
5250
5200
5248
0
5261
0
5136
5164
4389
5256
5069
5018
5313
4847
5209
0
5296
4934
4975
5139
0
0
4059
1
5088
5295
0
5162
0
4050
5150
0
0
4788
5004
5212
0
5169
0
1
0
4641
4838
0
3823
5300
3687
5063
5074
4898
0
5297
5074
0
4941
5063
0
4963
5311
5281
4973
0
5012
4907
0
4993
2
4285
1
1
5261
5307
5313
5047
5072
0
5227
0
4524
0
0
4773
4087
0
5285
0
0
4745
5050
0
1
4910
0
0
0
5289
4377
0
4699
4696
4487
4424
5267
5293
5260
4875
0
5175
5138
5131
3969
5266
1
0
1
5191
2
4807
0
5218
0
0
2
5100
0
5267
4899
5157
5041
5268
4778
4954
5322
4361
0
2
0
5287
5088
4908
0
4435
5278
5158
5257
5201
5026
1
5147
5182
5082
5189
5279
0
5145
0
5162
4763
5209
4602
4737
0
0
5314
4809
0
3844
5084
0
5015
5315
4806
0
0
1
5247
5247
5170
5080
5089
5180
5189
4959
1
5254
4287
5118
5296
4641
0
5262
5275
4840
5313
0
5094
5285
5262
4958
5297
1
0
4402
0
0
5295
5255
4962
5111
5260
0
0
4526
0
4991
5152
4565
5275
5296
5074
2
5213
0
5207
5314
4748
5308
5000
0
5059
1
0
5285
5156
0
0
5285
0
5213
5295
4876
0
0
5089
5176
5216
3758
5208
5218
4905
0
5139
0
0
5182
5219
0
5220
4777
1
5174
5122
0
0
4596
5268
0
5035
0
0
0
4899
5328
5287
2
5110
0
1
5315
5323
0
5327
1
5315
5306
1
4981
4944
0
5278
5233
0
0
5134
5106
5013
5289
5272
5113
5301
5256
5104
4436
0
1
5123
4983
4421
0
1
1
1
4674
5027
5322
5289
4389
0
5151
5287
5116
4967
5195
5129
5204
5182
5221
0
0
0
5085
4855
1
5120
0
5203
5207
4448
0
4778
5217
5093
4966
5319
0
4928
4814
0
0
5085
5053
0
5282
0
5291
5233
5097
5241
5274
0
0
5290
5233
5318
5146
0
4845
5251
0
5250
4646
4056
4549
0
5147
5243
4987
5221
4891
5192
0
4316
1
5191
0
4687
0
5070
5168
5252
0
4435
5269
5271
5154
0
0
5171
5321
4757
5145
0
0
1
0
0
4917
5149
4634
1
0
5301
4973
0
5290
0
5319
5321
5198
0
5303
5068
5172
4889
0
5303
4682
5099
4916
5121
5081
0
1
4852
5247
5091
4924
5234
5199
4674
4522
5267
5030
5265
4956
5135
4356
0
4891
5050
5304
0
1
1
4938
0
0
4984
0
5247
5261
5266
4941
4368
5323
3
5300
5162
5174
5263
5062
0
0
5245
0
0
0
5290
0
0
4753
4915
5262
4815
4964
5268
5045
5326
5089
5244
0
0
0
0
5216
4990
5089
5219
5321
5073
5185
4893
5183
5313
0
5200
5215
5163
4986
5010
0
5322
5022
5230
5080
3636
5249
5176
5284
4784
4763
5307
4878
5050
5126
0
0
1
5061
5301
1
0
5276
1
0
5269
5030
4039
5119
4241
0
0
5198
4884
5227
5213
4873
0
5266
4805
5264
5118
5219
5322
0
0
1
1
0
4705
5322
0
4721
0
5217
0
0
5098
5204
1
5291
5155
0
2
3669
0
0
5057
0
5032
5082
0
5235
0
5253
5243
0
0
5134
0
5273
5265
5243
0
5195
5174
4381
0
5034
0
4596
5172
1
5092
0
5089
5092
5329
0
5207
5239
5013
1
5225
5188
5101
4874
5204
0
5215
0
0
2
0
5167
4980
5249
1
5047
0
0
0
5109
5271
0
0
5303
5261
4803
4953
4723
4824
0
1
4761
4980
0
5289
5302
4955
0
5255
5124
0
4725
0
4982
0
5143
0
5244
5205
5201
5283
5151
0
5297
0
2
2
5315
4625
4886
4894
5200
5287
0
0
0
5077
5212
2
4993
5195
5317
5218
5288
0
0
5175
5234
5231
0
4985
0
5153
3875
1
5257
5199
4912
0
4453
1
0
4169
0
0
4434
5082
5294
0
5163
4991
4334
4844
2
5058
5299
5170
4980
4008
5218
5144
5196
0
5191
5318
5289
4982
4928
5187
0
5215
5109
5013
0
5037
5268
5108
0
2
5123
5303
5306
4799
0
4522
5087
1
5075
5235
5145
4900
4938
0
4475
0
0
5246
5155
4686
0
5253
5223
0
0
1
0
5222
5241
4606
0
5020
5191
5310
0
0
0
4795
0
5192
4918
0
4596
4845
0
0
5165
5256
4709
4755
5202
4636
5099
5314
2846
5179
5271
5270
1
5196
0
5223
5167
4876
4861
5167
0
4915
5168
5272
0
0
0
3
5322
0
5326
5321
0
0
1
0
5245
5088
5321
5170
4327
5155
0
0
4397
0
5219
0
4913
5152
0
5223
0
5000
5025
5244
5301
5267
5205
5165
5266
5307
5123
5287
0
5046
5317
5106
5173
5187
5305
4787
4472
0
0
5217
0
0
0
5218
0
0
4861
0
4626
5290
5115
4831
1
4775
5308
4937
1
4778
4730
0
4971
4779
1
5009
4687
5105
5020
5219
5058
0
0
4872
5318
0
4846
0
4758
5054
5176
4851
0
4287
5166
5215
5253
4975
5245
5160
5307
5279
0
5264
5215
4963
2
5249
5026
0
4384
3783
4800
5268
4595
5271
4435
0
5050
5189
5250
5142
5184
0
1
5288
4743
0
5295
4959
1
0
0
0
4412
5224
5271
5274
4820
5273
0
5300
4500
5172
0
4734
4986
5304
5302
5163
5216
5316
0
0
5089
5092
5168
5301
4330
0
0
5102
5258
3
5256
0
0
0
0
0
0
5317
5311
5070
5165
0
4602
0
0
5240
0
5115
5041
4983
1
5241
5219
5217
0
0
5022
5292
5091
0
5226
5283
5026
5187
5212
5265
4979
0
5301
0
5094
1
5115
4816
5189
0
5212
5107
0
5016
0
4505
5069
4575
4491
5095
5168
0
0
4179
0
4625
4938
5306
0
5264
5133
5301
0
5059
4939
5095
4702
0
5178
5243
5243
0
1
4246
5133
3927
4656
4390
5304
4915
5161
4402
4891
4681
5199
0
0
5251
4740
1
4668
5211
0
3213
0
0
5308
5282
0
5101
5198
5075
3
5314
5093
5188
4591
5314
0
0
0
5314
0
5245
5290
4978
4777
5049
0
5187
4945
5314
5238
0
4889
4847
0
5154
5238
0
5160
5314
5008
0
0
5284
5313
5308
5165
5318
5174
5301
0
5177
0
5214
5258
5245
1
5298
2
5075
0
4476
0
5301
0
3982
5255
4658
5268
2
5074
4938
4430
4315
0
5087
5042
4765
5214
0
5060
5040
4848
5172
0
0
0
5034
5214
0
0
0
5185
0
1
4674
5109
5160
0
5129
2
0
0
1
5283
0
5219
4387
0
0
0
5075
5194
4522
4632
0
0
5286
0
4676
5293
1
3
2
5173
0
4587
0
5074
5147
0
0
1
5017
4892
0
5255
3
0
0
0
5185
5231
4903
5312
0
0
0
5285
0
5109
4851
5236
5210
5291
4293
5310
0
5036
0
0
4930
5163
4062
5237
0
5060
5197
0
5041
0
4919
5042
5153
3162
5307
5172
5206
0
2
5301
0
5304
0
4622
4968
0
5131
5132
5255
0
5051
0
5075
5279
1
0
5273
5135
1
5282
0
0
1
0
0
5240
0
5164
0
0
5064
5280
0
5059
4486
5285
5299
4824
4629
0
0
1
5309
5062
4081
5046
5152
4496
0
4952
5153
5277
5007
5251
5274
4857
0
5150
5261
5167
0
5010
4627
5074
4974
5125
0
0
0
5312
4582
0
5013
5140
5249
0
5207
5207
4490
5065
5279
5003
5013
5255
4532
0
0
1
5073
4972
4630
0
0
4537
5227
5182
4872
4980
4200
5010
5250
0
4944
5079
0
1
4646
0
1
1
1
4968
4891
4972
4973
4614
4686
0
0
5152
5308
4400
0
4949
5024
0
0
5039
5190
5204
0
4841
5300
0
5099
0
0
4963
5265
5278
1
5250
5100
5214
5274
5152
0
4877
0
0
5247
5282
0
0
1
4944
0
0
5205
5301
4713
0
5245
4777
0
1
5252
4960
5310
5202
0
0
5289
5200
5217
5284
5306
0
5008
0
0
5214
5296
0
4665
5144
0
1
5139
0
5025
5078
5308
0
0
4814
5256
0
4739
5267
4980
5309
0
5255
4280
5304
4925
0
5260
4957
5262
5255
4905
5243
0
0
5308
5201
0
0
0
4825
5076
5152
5157
0
2
4795
0
5106
5196
5046
5287
0
0
5283
4930
4964
4515
0
4869
5225
5244
0
0
3274
0
5171
5178
0
0
0
4885
4636
5295
0
5304
5268
4761
0
0
0
5201
0
5230
0
4758
4828
5276
5145
5254
5280
5161
0
0
0
5049
5059
5253
5183
0
5240
5143
5291
0
5229
5302
5131
5018
4822
5304
5303
5206
4272
0
5198
5251
5138
5128
5249
1
0
0
5075
4862
0
4781
5157
5184
5231
4949
0
5299
5104
0
4645
0
4983
0
5248
0
0
0
5248
5005
0
4971
5153
4302
5270
1
4782
4971
5193
0
4675
4419
4886
5066
5153
4827
4563
0
5217
0
4840
4456
4970
0
5157
5257
0
5000
2
4962
5062
5163
0
5272
0
5159
5137
1
5069
4926
0
5061
4822
4693
5158
4847
5107
5275
4627
5172
0
1
4800
5081
4906
0
0
4682
0
5144
4821
5042
2
0
0
5288
4259
5006
5279
5056
5033
5269
4496
4965
5158
5040
5198
5281
5070
2
4924
0
0
1
2
5070
4675
0
5018
0
4833
0
5235
2
5220
1
4971
0
5130
0
5069
5199
4885
4890
5301
0
5282
0
5268
0
0
0
0
0
4499
4635
5153
5242
0
5303
4643
0
5244
5298
5291
0
5222
5271
5166
0
5162
4918
5082
0
0
4959
0
5082
0
5289
5277
0
5092
5149
5176
0
5207
5191
0
5269
0
5245
5270
5277
0
5277
5006
0
4440
3
5248
5248
4465
4990
5088
1
5261
0
5143
4253
0
0
4705
0
0
5277
5237
5138
5160
5274
0
4919
4500
5238
4319
4645
0
4268
0
3984
5154
0
4982
5129
5288
5261
5152
4222
4977
4905
1
0
5133
0
4604
4192
5139
4504
5191
5062
4209
5293
5115
0
0
0
5293
5235
4809
5142
4786
4586
0
1
5157
4594
5237
4967
0
0
0
4844
2
1
0
5095
1
1
5038
4193
5242
0
0
5088
4779
4562
0
4213
0
5239
5221
0
0
5272
0
5278
4847
0
5182
5294
5106
5194
5001
0
4946
5152
5276
5207
4808
4964
5084
0
4761
5264
4981
5194
5156
4522
0
0
0
4895
3470
5234
5049
5213
0
0
5140
4232
5223
4822
5181
5181
5272
5261
5250
5296
0
0
5059
5279
5186
4968
5010
4330
4813
0
4874
5149
0
5189
5205
4767
5246
1
5051
4963
4966
5238
4973
5224
5265
4931
0
4648
4853
5145
4842
4532
5084
5145
5150
4257
0
5292
5074
2
0
5266
5087
5163
5061
5280
4645
5124
5209
0
5089
2
4940
3
4179
5198
5253
5147
5152
4507
4527
5192
5247
5061
5302
5061
5205
4665
4986
4963
5270
0
4526
5255
5216
5270
4817
5273
5264
5293
4961
5034
0
0
0
5034
5062
5193
1
5276
4802
5095
0
5199
5298
2
5093
5161
5276
4586
5272
5239
5119
5299
5222
4680
5208
4608
5039
5304
4706
5262
4901
2
0
5273
5193
0
5052
0
4562
0
5189
5156
0
5182
4864
5052
1
4557
4850
5265
1
4993
5217
0
0
5044
5050
4909
3
0
0
0
0
4993
4739
5297
0
5300
4466
5046
5213
0
1
5225
5236
1
5093
4919
5132
5303
5142
5217
0
5200
5166
5054
4759
5060
5063
5119
1
5276
0
5148
4859
4868
0
5262
5182
2
5050
0
0
5276
5130
4999
5166
0
4874
0
5233
5212
0
5293
4976
4874
5227
5107
4647
5156
4697
4733
0
3979
5270
0
4946
5282
5154
5116
1
5299
0
5105
0
5223
0
5169
0
5265
0
0
0
5261
5177
5029
4583
0
4672
5196
4673
5271
5145
1
0
5242
5105
5129
5064
4978
5070
0
4837
0
5182
4
0
5155
0
5282
0
5264
5093
5013
5165
1
5132
4512
5068
4326
5095
0
5218
4381
5176
5032
0
4898
4923
0
4963
5167
5183
5267
5228
0
5202
5023
5020
5199
5125
5117
0
5237
5253
5117
4875
0
5245
0
5038
0
4463
0
5228
0
0
3
5016
4900
0
5245
5271
5298
1
5230
5229
4418
2
5237
4785
0
5012
0
0
5017
5183
0
0
4978
0
4960
5194
4864
5276
5242
5214
5269
4964
5269
5243
5119
4985
2
4856
5281
5008
0
5008
5048
2
4977
4477
5000
5287
0
0
4751
0
5253
0
4920
5091
5283
0
5242
4937
4617
5153
5302
5167
0
5067
5204
5101
5165
0
5045
5104
4873
5257
4981
5154
5298
4744
4785
5285
0
4744
5024
0
4889
4759
5249
5161
0
5067
5298
4341
4983
5259
0
5305
4934
4990
5147
0
0
5280
5059
2
5202
0
5195
0
5247
0
0
0
0
0
5294
5198
5225
5174
5224
5255
5162
5211
5306
5300
5200
5226
1
5275
4890
4835
3
4382
0
5304
0
4963
0
5177
5071
4819
5302
0
4701
5187
5105
0
0
5265
0
4665
2
5248
4871
5174
5108
1
5231
4795
4928
5202
0
0
1
5293
0
3357
4426
4890
5271
0
5178
4984
5187
5271
1
4939
5017
5287
0
3006
5109
0
0
4766
5271
0
2
5069
5096
4996
4655
5071
4586
5161
5294
5210
5054
5033
5152
4210
0
4961
0
0
5229
4577
0
4547
5084
4608
3610
5221
5246
0
4563
5270
0
5172
5212
5053
0
4821
5272
5146
0
5095
0
0
0
0
4560
0
5284
4385
5164
3
5284
4921
5206
5198
4865
4971
4413
5305
0
2
5306
5284
0
4151
5298
4704
4694
5001
4988
5276
4936
5231
5270
0
4968
4792
5252
5280
5093
5114
5225
0
5165
0
5136
5210
5237
5186
0
5220
5166
4797
5257
0
4802
5210
5257
5018
3994
5197
5189
4600
4865
4672
0
0
0
4865
5269
5225
4458
4939
0
5249
4727
5226
4672
5069
5192
0
5239
5290
5061
4808
5302
1
4625
4333
4902
4864
0
5244
5051
0
5219
5259
5219
5083
5176
5199
5310
0
5210
5068
5271
4855
4704
5163
5199
5199
4751
0
3911
0
0
5251
0
0
0
0
4503
4967
0
0
2
4991
5275
4542
5308
0
0
0
5067
5251
0
0
4836
5121
5214
0
5031
5208
5122
4518
5008
0
0
5293
4941
1
4306
5031
4765
4897
0
0
5005
5020
5311
4646
5200
0
4871
4993
4719
0
0
5025
5242
3
0
5074
5060
5204
5292
4079
4864
5256
4971
4770
5294
5285
2
4985
2
0
0
5112
4875
5263
4626
5013
5165
5272
4930
0
0
5299
5021
3101
4601
5181
4236
1
5245
5304
5292
5134
0
0
5052
0
0
5241
5256
0
0
5032
5297
5301
0
0
5300
4973
4756
0
4457
1
5087
5281
0
0
0
3832
5304
0
0
5226
5233
0
5098
5254
1
5266
0
1
5223
5305
5305
1
0
4996
5063
5276
0
5111
5077
0
1
5293
0
2827
5198
5195
5253
5131
5194
0
4525
5238
5261
2
3388
2
5024
0
5227
5179
5197
5289
5114
5204
5276
5292
0
3339
5174
4069
0
4994
5298
4712
4887
5282
4724
0
0
0
4912
5046
5199
5271
4898
4191
5195
5110
5065
5176
5239
0
5074
4654
5127
5218
5147
5151
2
5311
5027
0
5230
5276
5055
5273
5307
5292
5278
4565
1
5182
5150
5000
5308
0
5254
5211
4848
5187
5068
5288
3165
5257
0
1
0
5248
4999
5319
5060
0
5287
5257
4415
5239
0
4671
5313
5305
5184
4988
0
5264
4574
5246
0
0
0
5205
5117
5262
0
5221
5203
4485
4710
0
1
4394
5059
5299
5198
3
0
1
4920
4343
4874
4520
0
3870
0
0
0
5069
5317
5282
1
0
2
0
5248
5183
4373
4943
4294
0
4583
0
0
5262
5268
0
5205
5303
4345
4867
5201
0
4900
0
5103
5150
4868
4888
0
5322
5203
5266
5273
5232
0
1
5278
5279
5034
0
0
2
5204
0
5196
5266
5066
5169
0
4460
0
4983
5208
0
0
3987
0
5316
5267
0
0
5310
5220
5187
4795
2
5273
1
5215
5111
5309
4656
5209
0
5283
3910
4069
0
4927
4703
0
0
5241
4991
5030
5057
0
5296
4736
4690
5159
1
5265
5107
0
5307
0
5235
4901
5206
0
4706
4784
0
5321
0
0
4961
5077
5091
5220
5178
0
5066
5224
5219
0
5298
5315
5031
5297
1
0
5182
0
0
0
0
5015
5201
0
5112
5298
5252
0
4998
4975
4511
0
5283
0
5219
5258
4864
4771
4797
4646
4855
5291
5237
5164
0
5069
5282
5272
5257
0
0
5162
5028
5239
0
0
4968
5286
4966
4734
5113
3321
0
5305
4635
1
0
5265
5315
5285
0
4913
0
5268
0
5248
4863
5229
0
0
0
5246
4991
4590
2
4989
4769
0
1
5173
5219
4583
0
5281
0
5241
1
5151
5267
4944
5079
5319
4932
5000
5307
4771
0
4213
5240
5176
0
1
5282
0
5319
5315
5227
5265
4728
5204
0
3687
5221
0
5270
5238
5191
0
4347
5321
0
3
0
0
5315
5301
4885
5049
0
3
5312
5265
5232
5133
5059
0
5315
1
4945
4044
1
0
5300
5268
5267
5221
0
0
5127
1
5261
5315
5203
4776
5090
5220
0
5304
5078
0
5298
5177
5044
0
5269
0
5194
5222
0
5221
4571
4529
4940
4903
4793
4951
0
4608
0
4724
5313
0
2
4996
5111
0
0
0
4964
0
4904
4855
4635
4686
5071
5302
5241
4860
5197
5216
4997
5276
5315
5204
4644
5193
0
5232
4278
5092
5278
0
0
4847
4563
5249
5138
4857
0
0
5313
5068
5266
5092
0
5111
1
0
5154
5302
5230
0
2
4055
5068
1
5244
5122
5316
5304
0
4263
4561
4365
0
5250
5095
4982
4401
5075
1
5245
5190
5075
0
0
2
5176
5295
5312
0
5318
1
0
4654
5130
3
5267
0
0
0
5199
4872
5284
5259
5270
5011
5067
5176
5056
4951
0
5126
5254
5242
3941
5081
5222
0
5312
5102
0
5113
5152
5281
4936
5277
4881
5256
4909
5023
5282
5022
5091
4820
5284
5312
0
5280
4562
0
4864
4784
0
