3
4
7
8
15
16
21
22
25
29
31
33
35
36
39
42
45
46
49
51
52
57
59
65
69
70
71
73
74
77
78
80
83
84
87
89
90
94
95
99
100
103
106
107
108
110
112
114
116
117
118
125
127
129
130
132
133
134
135
140
141
142
145
149
151
154
161
162
171
174
175
177
181
182
185
186
187
188
189
191
194
199
204
206
209
210
213
218
219
221
223
224
227
228
229
231
233
237
238
240
242
248
249
252
255
256
265
268
270
271
274
279
282
285
288
289
290
293
297
298
299
301
303
306
307
308
309
311
313
314
321
322
325
327
333
334
335
337
338
339
340
341
342
344
351
353
357
358
359
361
363
367
370
374
375
378
380
381
384
385
389
395
397
400
402
405
407
408
410
413
415
423
424
425
426
431
432
435
436
438
439
444
445
451
455
457
458
461
462
465
466
467
469
470
472
475
481
485
486
492
493
494
495
497
498
499
500
503
505
510
511
513
516
518
