3
4
7
9
10
12
15
18
19
20
21
22
24
27
28
29
31
36
41
45
47
48
50
54
55
57
60
63
64
67
69
77
83
84
88
90
92
94
96
100
102
104
105
106
108
110
114
115
121
124
127
128
133
134
135
136
137
141
142
143
144
145
148
150
157
159
163
164
167
171
172
174
179
183
185
188
190
198
199
202
204
209
215
216
220
222
226
229
237
241
244
246
247
251
252
253
254
255
256
258
260
261
262
263
268
269
270
272
273
277
280
289
290
292
294
296
299
300
301
302
308
311
312
314
318
322
323
329
330
331
333
334
339
340
343
348
349
351
352
354
355
357
360
365
366
370
372
375
376
382
383
384
385
386
388
389
392
393
394
395
397
400
401
402
408
411
415
418
421
422
423
425
428
429
433
434
435
443
445
447
448
455
465
468
473
474
475
476
477
479
481
483
487
488
491
492
493
494
495
499
501
502
504
511
513
517
523
524
525
528
540
541
545
547
558
559
561
562
570
580
585
587
591
597
598
599
601
602
603
605
606
607
608
609
614
615
620
623
624
625
628
630
636
637
643
644
652
655
656
666
668
672
674
676
677
684
691
701
703
704
705
710
711
713
716
717
718
720
727
728
729
730
731
733
735
738
740
742
743
745
746
747
748
749
754
757
758
759
772
773
774
780
781
784
788
791
792
793
798
800
802
804
