4
8
10
13
14
17
19
20
23
27
29
38
39
41
44
54
62
68
69
75
77
80
92
99
103
107
112
113
123
128
138
142
145
149
153
163
178
180
189
199
204
209
213
218
221
223
228
233
244
259
260
261
267
268
273
279
284
290
308
309
328
332
334
345
356
361
373
378
380
384
387
391
393
397
406
415
416
417
420
421
437
444
449
458
461
462
464
467
469
473
478
481
482
485
486
487
495
500
501
506
516
519
528
529
535
536
538
550
552
558
559
566
571
579
586
593
595
606
608
616
618
628
630
633
636
642
651
658
661
667
675
680
681
682
684
685
686
688
692
693
694
699
708
710
711
726
732
736
