2
5
6
8
10
11
13
15
21
25
27
29
40
41
45
48
49
50
51
52
55
56
60
66
69
70
71
72
76
85
87
90
91
92
94
103
104
105
111
114
115
124
130
142
146
149
152
153
156
157
158
161
162
164
166
170
171
174
176
180
181
183
186
190
192
194
195
196
199
205
207
208
209
210
221
225
226
227
229
232
233
238
239
240
241
243
244
256
257
260
263
265
266
268
271
272
273
275
279
280
286
287
288
295
297
298
301
303
307
311
325
332
339
340
344
345
347
349
355
363
364
365
367
368
373
375
382
383
385
388
391
395
397
401
403
404
407
413
419
425
435
438
440
441
442
443
444
445
451
453
457
458
468
473
474
478
482
488
491
496
510
516
525
527
