138
77
191
151
188
20
61
32
161
164
5
195
45
39
90
52
29
73
68
6
83
18
28
190
42
11
7
85
154
180
145
69
25
147
4
123
111
10
94
41
159
81
158
49
114
59
168
71
82
183
153
125
86
108
91
110
54
140
179
37
131
178
24
115
66
175
15
124
148
35
67
44
16
113
121
40
174
9
14
98
58
186
3
136
105
55
163
133
166
171
122
23
97
196
38
50
33
135
95
152
181
48
93
169
65
187
155
184
104
130
103
27
134
189
127
128
75
17
193
46
126
116
74
194
2
53
101
165
36
167
21
150
141
176
160
139
112
199
13
47
197
143
80
79
144
100
63
119
149
62
51
22
109
118
89
31
56
34
172
8
173
177
142
157
200
146
106
182
88
137
26
57
170
96
120
12
78
76
30
19
156
107
1
129
64
162
192
102
99
185
72
92
60
43
70
132
84
198
87
117
