15393816
19286792
11057773
14717853
17168413
16537170
13498908
14442083
8849182
19217866
13380866
21250507
21233686
14629483
14004942
15366158
15952609
15638256
12756948
11005196
16357660
14294542
8779954
11757742
14595730
10584374
23678917
17461160
18642282
21854937
23061133
14569070
22985565
17721832
12758846
16318047
9148069
18428792
15318968
11963921
19595861
15502035
7976301
4753773
10520290
14087594
18024233
11660019
17394493
23295184
13156762
11835418
15947160
16363571
20865383
14217566
11434340
21144431
6092013
20745608
22055671
18811627
19761747
10548637
19959564
15581074
12793549
20280847
10529086
15275260
16405992
12241868
20961223
15893066
21447043
19007722
13447161
16134770
9855800
23573020
20163338
16836582
16836481
20697730
7696465
14281806
20987366
19373160
10457764
18197087
11074431
6188011
19735774
14218578
6420886
17105723
21296524
16181814
18096314
22527781
8591160
23133526
18787021
22350379
12204791
10950473
21879878
13735726
13535699
22572703
19207211
14153712
22837484
21050996
15687087
21104596
12503713
21593981
22708082
13991432
21315507
16328506
22197377
18789165
20966946
17897604
20049544
12032606
14574877
9273720
23276344
9628501
11866891
15827127
22599324
12504867
13187407
19639418
10062521
20427097
16487209
6651372
18199863
9712392
18852189
10222399
20885836
16849947
22192709
14529174
22776590
20183974
18044450
16117039
11846210
22312581
20638134
17499648
19193843
9503347
13289784
21312739
19585186
20085376
12055807
19511012
21375685
12555318
21938623
12798443
10977433
18177006
19995525
9862860
19667112
10310639
17417798
16871480
21158220
7482855
23498976
13996597
18349557
15561465
22229750
11825077
18791509
17858462
15859612
23390348
8753627
15982047
18937433
9548843
15917063
13502478
14562881
23071053
21108255
16121215
8061541
10729873
21735620
20975034
16871145
21789207
14590035
17576226
20397182
16086944
11553982
21520393
10565077
23212288
18186359
16544789
23213968
18116194
4924364
13216930
17921424
22282907
12711076
23051757
12818394
18290615
20680219
6348161
15088106
12069555
19017078
17778381
16980248
15986759
20371824
16388963
17573873
11762866
21568955
20608882
21094265
16828224
21570893
19647337
18051862
19868855
20305923
14229293
11127365
19563125
12222231
13772837
13154003
11678035
23709659
21628074
15768645
12714050
16584320
22732587
18242956
13182623
18708879
7616607
21310679
14237256
23089642
17041333
16583462
16556632
16810527
18867531
5177742
14265288
23569959
9950063
7965472
18432929
17457068
11824070
21871794
17565041
14186369
14519495
13442817
9493455
17432931
13005684
6841543
13219721
9249986
16610606
15962067
12337322
18540276
18577340
20316775
14838597
22567255
24632157
6097873
16808101
6713828
16025883
20010897
15256593
23556359
21039036
17155913
13394306
19262619
14140407
14840649
8559566
21763106
20085318
19492292
17173240
17838993
14133122
20257437
16076571
12047567
9226757
17702674
17319404
24407140
19972751
19244179
10336431
22924869
24351591
23052155
14945109
16198583
16190648
16100600
17474681
15343267
22118843
8959855
18485373
15498870
24651842
10747202
13603459
17239629
22682700
20705875
14823070
21143109
20425920
15856884
6732208
21229611
23272708
23847812
13310963
18340622
16194476
11225915
12861534
11757090
15459258
6348482
22433818
23462507
11871295
19331542
16688517
11257312
22540624
19261849
14454128
14239877
19902464
20943801
19924099
11944034
13650242
21307433
18677947
18720110
18379864
11954721
24500639
12771771
18991429
12178098
23704806
10702954
5336671
9370534
17553779
16825886
20531933
22278965
18448929
19541206
14273219
12719266
18901428
17474878
19215999
19709618
21427118
9046065
15049912
17107235
13849417
22511418
21810884
15201627
19728406
10608787
9000417
16206977
15971257
14059641
24033606
22525577
11991410
13154247
22566962
18270760
16509426
15553254
18656363
23272082
23826054
11946224
17462852
17892361
3899564
22896894
20931235
14080722
15191933
8527404
11254379
16906284
17777061
19030925
16580888
20614623
18423180
23852827
24190534
10914694
13224650
22789004
11029017
23109865
8516087
13317049
16960691
21207984
13198735
17388875
15351753
20478288
16043095
20559982
19449592
10245251
18378266
14583551
14367852
19247562
16493530
19419522
13225331
10994761
19926139
12241954
17705712
20291170
17541226
13710903
17138923
19998704
16887895
10013276
20142513
23905127
17910049
19648420
19788489
17046847
22848810
17118280
18309471
16565019
16833622
18886977
18207011
20108222
14142620
22460331
17415359
8795698
15043407
21727553
19634147
21943753
24595769
11665386
18235520
21456122
17541678
16622812
19266241
13910429
11360973
16897959
21454085
21964043
17645640
8881957
22210229
19178460
19937171
17575143
21841323
19375202
16306529
21434997
23262836
17769119
16238120
18079477
21191068
14866530
10723433
7884239
10734505
10303602
14360635
6275354
19014013
23514219
20371445
20739210
12252109
21318565
20892208
21580439
5310346
12009623
15160114
19974600
13205284
20191025
12715435
21638470
16832434
10565188
17132403
17055627
18092808
18871031
17267576
23213045
17193964
22608427
19798489
19854284
20146157
12903338
20266801
11557180
22998485
21668630
9354605
21151450
18602265
24009066
16504023
18545790
12234537
19731595
17861473
6569202
15352241
21025629
20064241
19943382
21460732
13952632
24038657
18814340
21745111
15711301
19529865
14113821
17437279
19000092
17510730
18378444
17838595
19747915
19279802
23831933
18522037
10945491
16769678
12134255
17159671
11771650
20208784
18780955
24301994
21990861
23241870
12971651
23263343
16056819
20473880
18501115
14552355
18620837
18422934
14500813
13495916
11030194
23753170
15391549
11568976
14973816
23987387
18449437
5317004
23683820
19514855
16743379
18063822
19381091
18393921
10164270
9258742
12296166
22654599
16086490
16881445
18113214
17630401
23406513
14353963
18740315
21095756
13872462
10706968
22914555
8418032
24547326
11352052
9833856
13946788
10451267
9974232
6262705
18195858
9124658
18004228
20615903
21448600
17873376
18247872
20419748
17283085
18177540
15592635
19507901
20048173
22643619
18154844
8790237
18392249
17441603
20319333
20864567
10430285
17868176
20291194
17660535
22620792
22734670
12821018
19345867
14197955
12284520
15799711
12803863
12212113
14342927
20277144
11459422
21518705
17141719
23057432
19435727
13576482
19698733
14666073
17945771
11210766
12721155
12616413
13573022
18995830
16657766
11246592
7848154
22484673
20385107
12653356
18205545
21564541
15854516
21769628
22297332
24187439
14029821
18915361
19367020
21000883
16304072
10632815
6730977
20482044
18285619
11613977
14702609
22783294
22682004
20556042
16692508
14470988
24734334
20705887
8512602
22476614
5858852
13497939
20219936
9644748
18615696
20691052
23350680
17179397
17471179
23856814
19857486
12250980
9878758
21714523
21881567
15254660
12040866
15998033
16032264
17572928
10071840
16561400
22470633
18445781
21021956
18831858
15687082
21440299
13858009
6347637
20496294
20656891
16281032
8554301
10862712
22060603
19240611
20344999
8014083
16169715
3958832
20141742
21184857
22356752
16965148
20496161
15978371
17478872
18304051
18978340
19391457
22355284
12247559
14470440
12295497
22157165
21005557
22112207
16469975
20505876
16455110
17004995
19588493
19470477
11925971
15074477
14030632
10757458
18356540
22149226
15987141
18235528
18834491
24869044
17610649
16149219
19165278
12028354
18245471
17723263
17395037
14898864
13424002
18720761
12443877
17337838
18171753
22923363
18021933
21729561
19226035
13209672
15245251
21904047
12844666
14523407
13119226
20651252
16262726
18431995
10748988
19664807
16985025
18884661
17301211
14563603
13793787
17106345
16361726
22048852
10913594
11226388
18206725
15878576
18422088
11732455
14953249
11735558
7855152
22130116
15998928
19700124
8804564
19572770
16551169
12328670
20832588
22167569
9928379
22727916
17649952
20035351
18726548
18179753
12828471
20411597
17360484
16985459
5479293
20622288
19478302
10033074
22353828
23946919
17175405
11947291
11682644
18402235
11037820
21439901
14213174
20617374
18737729
13009266
14260500
17690058
10440958
12757197
16945172
20054517
8442162
16552054
15989748
18035856
13066393
18360445
18217541
22615028
16171588
24788099
18120510
18224396
19615731
18133673
17251261
11264414
15430302
17245581
11806508
12772789
20682329
13893006
19448458
16493396
13038998
15602613
20019098
13926816
17953961
17785353
23318236
16782156
11402068
17507584
20076173
21216775
18319197
18702301
5777885
20883060
12970871
18595791
18217631
9806205
19200540
7934087
11144453
18245233
9674150
10542849
22236868
21581424
16311503
16554602
9487540
21970776
11910986
17797225
21684855
23180261
24790725
16688449
16647392
22141593
18528955
14523025
15250919
22415790
12960972
6469312
8319223
14245377
10225466
17080600
14994466
13400420
15509670
17700151
21094554
15807247
15948218
14284570
15480532
17838108
15757472
9852696
14139920
16788629
18211980
18356268
19831684
10607854
13388192
11625357
17313262
16515985
17684989
23114110
16256966
11601418
19603304
13970131
12091471
23843255
16880486
7817414
12415881
23956112
20174600
17691349
21312057
18777989
20468121
22139310
15482001
16043158
18947923
14448077
23039911
15812760
17406286
12440076
18680558
10950179
22984858
14458027
9016575
14389381
17572486
23169627
15146921
14534619
20972784
14333592
12752593
14206254
9299612
22943082
18548542
23818019
19397659
22197170
14299300
20995244
15877922
4007212
9433902
19569780
15998813
16693295
19656422
17035660
19707501
17607528
6863447
20264945
11105001
21325650
14038075
22692022
17600854
11635321
11580445
23614220
13037236
19697914
20248331
11590580
24645508
17177993
17083950
24129624
18500850
18447843
18657103
12311605
14590534
16288923
15191644
23983145
14211241
22383183
17803660
9824561
6725619
18797952
19504990
22170835
8911175
20096475
8196255
21632101
14927115
15515239
13194591
9048155
22502258
15631263
22776992
17602724
23624025
9092134
21369330
13375108
18454121
19359076
12538596
14886364
10754278
17067721
19711968
13235550
22323002
21190641
19669685
17099183
21129079
9034126
21431832
20408058
21275379
14673436
21987824
14134941
22574921
22010949
12462098
14866322
19126597
17313862
9608450
20020025
18406718
9574707
14188384
14482786
23421964
19166635
6673769
19871575
18776049
19847475
13032155
20034204
19379113
21496758
19030304
22503167
22907632
16516434
14009506
21307365
16938339
16496839
18832785
17411008
21500929
15559280
24112109
8402970
13653983
11888248
10898523
15488235
15520758
11295642
12169435
22594323
13270602
18815106
16992229
14219832
8962734
13333884
19653843
15589274
15046976
23212358
12683591
22363338
17376419
16476561
19465462
8151287
20970870
19062809
18808539
8820339
17927016
13530920
15385737
19309987
18177977
23095250
19821023
22680597
21958092
15949340
16284409
21618473
16959326
8941402
18772545
18728079
23440272
22558342
18440395
15393330
9813504
13501421
15958716
14146376
9687529
3970958
17384058
11133422
22667702
15370799
19072791
13772524
15858245
21815583
3823590
17768815
15839552
7236727
19671632
21548037
20213480
22479872
20841769
17957667
12694283
20423116
9709439
21755697
20647951
22226555
21570555
15189266
21302279
13920143
23782613
14708612
12280057
12016534
22485005
20547061
17189210
23018782
8407412
13065321
11050529
23946226
17581263
11832606
19520263
8566840
8177856
14530981
18264746
23635341
15873116
17907201
20235132
21303795
13106035
12775435
15196584
7967509
14444916
13867898
19620243
10466922
14357730
16431726
19348468
15641540
15083206
11184521
16875671
18039224
10943866
9901310
21113268
14312695
19523476
19777983
18291752
6857450
12389859
13625583
18672914
16739341
18016304
23171331
23811163
8388812
18668747
21303402
11855626
18184918
16149854
12284183
18598952
15997714
17793405
17933650
20999653
9664825
21834669
13309269
18109618
20003520
10525299
19450741
13055506
23895645
23088367
16185496
12283882
19012168
19852146
14695042
16363729
15957225
24566436
22181067
23984726
17033512
13821667
21414513
22855841
18209877
20440132
23204142
22010546
10983733
15080222
22071696
22110208
18067741
15726329
18439436
15114170
21497943
19036383
16322771
23485968
8758719
15260733
21634200
20737454
7322884
10923741
9416746
12858682
11830526
15355761
12396714
20502355
15649671
20345994
15961134
14438987
13180519
12888189
4493401
14561269
16846233
20209299
20048580
16641826
14499125
17910329
22727180
14339911
17949646
22282707
14452566
19025952
20515912
20013944
20324794
9916262
19501264
21202029
21209941
24241130
20604138
20379050
19917887
22079061
17993642
15868597
17640098
21171624
17865249
10078746
16118210
17599689
8874500
20304108
21789616
21506299
20175523
20828393
18522293
13062118
13630043
15519602
16325909
15732542
15506766
19001070
16864812
18103654
17546275
8313001
19353294
12248211
20558588
21761856
18176653
15182733
21116844
14430367
12919751
19420781
17542236
17574448
17663651
17849869
10988985
9537769
17708930
14835647
21493649
13896743
3747645
16217339
7901055
20434553
12869474
16966758
18586190
16886853
22727500
16873717
16775850
9873205
11465325
15856420
14101082
15398202
15343530
17741415
15233631
16322673
16388515
19254875
9531945
15867450
21345118
10787818
13368671
10477235
16257579
15895674
13538418
18694654
16703800
18915907
17429656
12380147
18999791
21953999
23102564
23645257
15203120
18541803
12564610
15801181
14959152
21350869
8668741
18766575
16549827
16879493
13325279
19959074
12637106
1995647
19658567
14996987
17682704
14041841
18350751
17299835
21669912
18664046
17227252
11550491
18317024
22644928
21860448
23803526
11770620
17983555
4396423
16997573
13057092
9935546
19044133
16692310
22296345
12307617
19103612
14004586
20363632
16339114
12349592
17172853
11871153
18889905
22169256
21520271
14018847
19232376
10212089
14620943
21333588
16003850
12271894
15351347
19393306
16719251
19621940
16709527
14206447
13661173
20295510
15054910
18427120
11553753
17300178
19337439
17269537
4671551
22154034
14187481
18101220
6634281
15871999
12918764
18337236
10373467
14946913
20845129
22875167
22602393
20266044
12708769
16875824
20262395
18236849
9076927
14140396
20255053
18242549
10925313
20103044
13852607
8988447
21443627
22117740
16701469
19232346
6651377
21252495
17477869
19306522
14821224
8770085
20185646
23464539
15470424
20308143
21178917
8889147
10548621
10440228
20501964
19262956
12824428
16559044
24160266
15610882
20009757
19744887
19498310
14845063
17387202
16621816
19350267
10487544
17065103
19325372
15856894
14816701
21902441
23707909
17146519
20991932
14246154
9549345
11540859
15611428
14268810
18823289
19445095
20658944
18578185
19145227
20967639
13932144
13529674
13624744
17212471
17489127
14542110
17392206
20832434
15173321
19110794
11605577
20634208
18373991
18064814
19122402
13934169
20812891
19427365
15125062
13207719
20617109
13169628
16725622
16905641
10196358
23537877
15616958
8904590
22554595
17687244
16248036
12749629
22180476
14549048
14090034
15348452
23262892
17880518
15495054
21825784
17674911
15070567
15069631
10601770
17558911
16570767
16423169
20176138
4700864
13694851
15274113
20893996
16587023
20975876
16319823
22929947
16791783
18943767
20712065
15975244
19581444
12138185
16898756
17717213
12334798
14983250
8716504
15574846
20587908
20905799
20392480
12463887
15735985
24275453
16281375
20493741
23639786
21344517
23914919
13931019
17709283
14700411
13838905
14473231
20873524
23064201
23937036
16279026
6316207
18611168
19245936
14602611
14449631
16919730
18423169
15324168
11988170
15118727
14512283
18459938
23904202
20127945
17611557
16650597
20753192
23218776
15104128
14515365
16182845
16923144
22476272
23012260
19673285
15633846
15445076
17402004
20972011
14959067
22963223
19891932
17808589
18433379
10373571
13454529
20007102
19557271
14367202
21010585
12658239
17873515
11816652
16227777
12221208
18933995
19999014
19368775
18627605
15174899
6208956
8762760
14409785
15089223
16057158
19385702
20754779
23640299
14738898
23919162
15521535
17544965
20920713
6084133
10814666
18538256
11165882
6300042
10409667
20077653
17830022
11066600
21954005
15235175
10168953
9112110
17060093
18026517
20373857
20123701
22063605
14196544
9775614
15557734
14108383
16694608
17589500
21324080
23058965
19303764
15394500
12838911
19552392
9515682
16332442
17547832
24085537
18506745
18446543
23182936
13884994
18180780
8654068
9042079
18208236
19274652
15937591
15538345
16875033
17901420
13283732
8174512
16828294
19130601
17795915
15306668
19553705
17393231
16595687
11596581
16834313
18344541
16493506
8218621
8669521
18055740
23687213
19566857
17978808
9710198
8224159
19637739
15293300
20436568
19936733
10047772
19202059
11557856
17355218
17332722
21219432
9277522
14480257
20117555
11225492
23044016
16223186
10595789
24305272
15739754
14502393
15875994
22025338
7808401
13371658
19385365
9321198
21820913
13019686
10052552
22204642
19650694
15735681
18508913
8514172
20030379
15572839
16591503
24568335
17978761
14486032
6668153
13964459
21453778
18552157
9991934
21531077
19921831
14935671
13301423
15295620
18973238
13581058
15234611
16783302
23645957
21118026
12345240
15264098
24544199
22104386
8934699
21154647
18892965
13183804
21937534
22011381
20017010
19763640
9496835
14620628
16311619
13650121
16533232
15393729
21275022
22278125
7094994
22219045
17088001
9723618
22893700
17518903
7234174
19138990
13841628
22755823
11478415
16995003
13283010
23577782
19433367
15975487
15834448
21386289
14237777
16473694
18167723
18154643
21113379
5039004
18121669
16395053
17943362
17960724
19664373
16805877
9884744
20377880
21133605
19542108
16860242
15585714
17760651
15329858
16628921
17367544
23476178
15985769
15962471
21314052
14812609
15057615
16576576
18343357
12126010
8805691
20576924
23675906
19916652
21710774
19300444
13410768
19384569
18355625
14663859
10490929
14411423
15565555
13624707
20212087
23188162
17483331
17242772
15837396
19400721
21930348
14247325
6506989
20081259
14082578
19115352
15017365
18201544
6741936
15885923
15205897
21842010
11780647
18263216
21593968
22970155
14044631
17693373
18182117
13061144
16819110
14148889
14597968
24499820
23088098
21423681
21652285
19888596
21369430
19504559
8589780
22373461
17933122
6052969
9988629
21356043
15034829
15535496
16362341
17154299
16187008
20535100
15566052
13170179
17018357
9614281
18579856
10874752
10348451
13595152
9469027
18335851
23099121
10573009
20946359
20081019
22565265
17095138
9507610
16407871
19044823
22524257
16322241
16469611
20005989
12020862
19924941
9220113
21199663
14563220
16243744
18952932
21960387
20157779
17653746
23654212
14605452
22463725
14626406
16122169
15733400
10943778
10966037
6600655
12934785
11743951
21693379
17599508
8953529
15839875
13653377
23841245
23767556
16505668
12572862
19728089
15374218
14908750
15611754
8117581
19043099
16555233
17479960
7816587
17083244
14428933
2734235
19761859
11444920
17705550
12337581
18668582
18410092
23276469
15492002
16255191
17110789
20471903
13967137
13747007
17275975
15728727
16815186
13640372
19309465
19398459
18246488
17284807
22927661
2751192
17822654
19189988
19411565
24067593
18893994
13819591
13278735
17523292
17714094
17005097
20882019
16918167
17966570
11680363
6846523
17392008
20657772
13323830
20657267
15950859
20825464
12969744
14994369
20933871
15580326
12778295
13211591
24605824
4585366
10789072
22730233
15671835
11985486
12802463
14435353
16804314
15610951
15234222
8611826
19867562
18401746
16010235
21967156
23361747
9614855
17163651
17009664
23631855
8431208
7701244
22479047
22859748
14850497
16567957
20450809
19550066
13586135
17431407
14997241
15712616
12286504
8695372
9732326
9960566
23013905
7189773
10862100
14894736
20023231
20669605
24311739
11159477
15469081
13973066
20101617
18820210
21880187
12265979
16114984
6180023
22882770
20688067
19246049
18357696
9132721
10129648
12211284
24436191
7106169
7282868
22925203
17565494
21947017
23762574
13445624
19387555
20078551
15887560
16238982
12470361
22451216
12129731
8093592
11508214
15598226
20965973
15932793
16750367
10916595
22973549
12142983
15893039
16316126
17283425
18440910
21634333
17528242
15476612
10580401
20131262
10394856
13367064
16082824
22740344
20874328
23672082
13173323
17156995
22161707
13585471
16571129
18126984
17300845
13399894
21971022
13524904
14184582
16859132
12880349
17361467
17458024
24218957
18640306
10197510
14280324
15326852
21703233
23140414
13418063
20891650
17549803
12181726
20023726
13752956
13747050
22702903
11458787
16708715
11610245
17290791
16173317
21013212
20079593
11566714
17920772
13908107
14381311
17264669
12112623
13527344
9147182
18501818
20017839
12309668
21466977
21934258
23246020
18410965
16688485
13408817
7461703
14215045
10704255
14508825
19326728
20351921
18355269
9732494
12783845
14492280
12534240
14013608
20605201
15940093
11383245
14924653
9866438
23835849
20023159
12623358
17311982
13486398
19634958
22581984
10795625
12354070
14014760
10281740
13745889
18872799
10088769
7983578
13044104
20563258
23697281
17972427
20718301
15071853
14375600
7317388
10940440
16875854
22082658
15309409
21325440
11806420
10977986
10141937
17028474
14155315
16972182
20939018
21456004
23887812
21635931
20625527
8993129
13443878
17007771
10730598
15559184
12275971
10781071
12299096
19793986
22976106
20723828
19635218
23285353
6375262
23577452
21054295
19802716
21671549
22525830
22136946
16818769
18815269
10986550
10643511
20287248
22572113
10111536
17073387
24450057
10948699
5343559
11739799
20876355
21655132
16667864
17908083
16748536
10698263
12580447
14686430
16206072
10278352
12267781
20873869
19403082
22876949
22267341
11571901
18017110
14178480
17337247
22718985
8199016
19694093
9842760
20981374
18722168
15683700
20838131
20559623
14786541
19033573
17225215
20057879
22363859
14111552
19092375
21563093
19630768
8073407
21938021
14443519
21750880
20554394
24469518
14876780
19478975
23624247
14588685
15254685
14630628
15609594
13147546
22558341
19164149
16356707
15756236
14301614
13016917
13526553
20176381
11775765
17793365
21413463
7902434
17999611
14256558
11514833
22011669
20774289
16177412
13810186
21723416
12501981
10927691
21343147
11368976
8056068
9532711
14354592
13255410
20126064
20724402
14327847
21335728
13030769
16075738
18658325
16900076
15410891
22918027
16390288
22908246
11101023
22252273
19453345
21592107
18769757
14953996
13204260
14905594
18766655
19674936
16572884
17223157
17879163
16479075
17496481
16785953
24622332
13837795
17835766
17304608
14204926
21210682
19738394
10662359
10723376
22181178
13521254
20620162
15852063
22274283
2972603
16724959
21402591
20959580
18704574
20005071
7938336
23665928
12257064
20049759
21705425
20052030
22253254
13925194
18997560
20765990
18099410
10844551
22239927
11624373
21026712
17375579
20771654
19564325
20287249
12039398
8713333
14161949
15229788
14108763
14501288
17722439
5378201
14716222
22861604
15911584
18640611
15745500
11479848
17935381
23546884
16894880
15949893
21216539
14004117
12429162
19229015
18591676
19701155
15735285
13983533
21275813
5734135
21615696
15336130
17515916
18991347
15349543
17031014
20960306
10446440
12223670
12028530
19981453
17286977
21488540
17446978
24775194
11664961
17183941
18827303
19775125
14064152
21589737
16556575
16252273
12307425
17342124
15099511
20422289
18303712
16412555
19178230
20685712
19036618
7266085
15225842
24027032
16053594
22608440
18555420
18568067
6942845
12364134
15455697
17777393
20703468
19850912
15348022
18892564
19019932
9493935
22750176
15222068
15239834
23796343
6408177
18336584
13942374
21912155
18178752
19809987
19259867
16735291
15574868
18194624
11902757
6101259
21894249
16166434
14135250
19566920
20889811
22365895
19130819
18039901
14359954
20396536
13726347
6747703
15241258
20150290
21519152
23384307
17453284
18075871
11595605
20365723
13966095
19497872
13862322
5934760
14271271
11483439
17698774
24482656
16516623
19269383
12451363
18282443
22170778
13473918
23194447
15923156
22623265
22040725
10335924
14880239
17253023
10375575
16493741
20313327
15520221
9005726
8496230
15695810
23569455
23149876
21378265
8576823
24210767
22549487
18416928
21411102
20667224
18152214
20266910
21620951
14816047
15563130
12115407
10833029
13318249
15044361
6726878
15306956
19265936
24127201
17465379
13514988
21324480
17963435
21622752
23269060
17506479
19244620
22416345
21907669
19279943
13802603
6495617
15143747
11682293
17316837
20215243
19610996
16456520
21010799
5603783
19285896
19248144
10489730
19266934
7333399
19564083
22373982
15376709
16553228
17021039
17548750
19618237
12647452
16123346
15192813
17929020
16807504
18818580
15943990
14158793
14134733
20909872
15423690
14912645
17691351
18663525
14735586
18203076
20268241
22160763
18237498
12649831
21286591
13473341
9503385
20206843
18123622
20202726
20534798
20157744
16284443
20631709
14881762
20545541
17433555
16636396
20092039
18492965
15932643
22482989
12681026
10053306
14914338
17384358
11128909
17280251
7428106
18708997
21692298
23742040
21816560
16373930
14994674
23103872
19853452
4876607
23205798
16838994
20623374
19037674
10647385
22731069
5131020
20599085
20043773
22895433
15022582
13517235
14373202
19356498
11817329
21619001
14675103
5123213
16081342
11829401
18513972
18608289
20094327
23684915
16771338
11671425
15931753
17801096
18635554
18470107
21210886
16602960
13957155
18185505
13578899
20191330
20683571
5504618
13867650
20378491
21019217
22610440
12867222
23560386
20855678
12381414
11502204
21136414
19791296
21401000
15538775
16183782
12022982
22191019
15650075
23683391
13088573
21253591
16257844
12249105
17253277
14080300
14197477
20189756
24471071
19074067
17853262
14678264
18698312
9460164
12859060
17761434
21533031
20426069
13514299
20934244
20320983
21323430
10051359
14708633
16030463
14079816
20667606
18199804
15336902
22701616
16957081
15194545
17776714
18976860
20253363
10500852
4194701
20958304
21186695
16096696
18333255
16945592
14971722
21695198
20478691
19353752
17956853
19418442
23501766
12193511
18609148
12773086
19588818
15648207
15394508
19035006
18769740
18240322
15777209
17929414
16615130
11545081
14877569
16808029
13627313
18062175
14464595
20864083
17491718
20523997
14416160
20947839
14938016
14853663
15184340
20372604
19948501
15203785
8452307
21081042
21683243
17540242
17862632
20293544
20725546
17982229
15625926
19072163
13327311
16219678
19852718
19722752
13554767
14783209
23110060
13762293
10062790
21487211
11965549
14959975
9062397
8909432
20360165
8408694
10836590
19414781
14072202
16178890
12038208
21529677
13640137
19426597
19291294
11982672
20711300
14273474
18756195
16261221
10008220
20396120
20694004
4789356
23982737
11770129
18495426
22357431
12356974
19060016
16181622
7730437
23296613
22797524
6649611
13882223
14384722
15001743
22458321
22121804
17337780
10077070
12826084
9078669
14250671
13555708
21209263
22331382
15101857
22466357
7535159
19033993
22784427
15750282
20217349
12067592
20493457
22010559
15460687
13704897
24072237
21567649
19309218
20876602
7530655
18851531
21847807
20767631
14236109
23782836
8559588
14584134
19463446
19888434
15198450
13318334
11511209
20724347
17796725
21514149
20842246
19757695
11072264
10985843
23620229
18801792
20995658
11859127
18854414
22274850
22833492
18105457
19716720
14537566
19221562
13899485
15326948
17540895
22903452
18894280
14916886
21694574
16932294
18124111
19723123
17787473
22761640
17550030
19705324
20645264
11315867
19476710
17208356
13856672
13120916
18465650
21451406
12229856
18932080
14743724
20868802
15286135
8094117
12671779
18026211
20746931
19311689
10803390
12669337
21602110
14931822
13635514
18569376
7159029
17247833
21535040
12681047
19967371
21980759
15203019
21689180
22452044
21705204
20756141
19308434
23286138
15891249
24801789
16545920
9967314
12901736
22753265
17966118
13612494
12562565
20632607
17223722
19827436
13606788
21425997
21400518
13726319
7866149
9236479
16934367
22288846
21864120
18125665
11855286
24025308
10380276
17655872
23852547
15749778
22683670
17278070
17334700
17804793
24595367
20164058
10856898
6765860
18761849
17461008
12982250
12346071
23130298
9124487
19919905
21544706
17352110
14469089
17515115
20660408
15325924
22121795
15826121
13229076
14640947
21690629
16690335
21379427
13259542
24166175
23705511
16689471
22112522
13308410
23218781
18545335
9414799
15695954
24750925
20584262
12292227
22734911
21546158
19781777
8084199
10856615
13286543
16739673
9295172
13306081
8747343
14403590
16043311
23278069
23284864
12846526
17991097
12588729
10468420
17942059
16941685
17453061
15093306
20881241
9337246
23248924
21295519
8183326
6822655
17266567
17291055
11056266
15562365
14648147
12479626
18977188
16195657
23504698
18206473
14476590
20742684
16986953
17287646
22916216
11522580
15337406
17756091
23774911
21055589
17118965
13126724
20234874
14536749
20638568
21472488
22597122
17546434
21830788
10971890
21704086
16676034
22970925
15532331
17038528
13749894
15976661
22999931
24603697
17939525
20273097
15562604
11539874
15475458
13123249
21750500
22548547
18786992
14105619
14407224
16497363
18132961
22939580
19077374
23948473
20293399
14205090
17614576
16179895
21158710
18496863
15553663
17428840
19589695
21030941
18729543
12865628
15844112
17536858
12172971
11251870
18201241
20240715
16427864
20511792
9376373
12849825
13096839
13875748
17950886
19894822
17605094
19023734
24264900
19292228
9898606
24250635
11716027
16871843
3187874
16083812
22009673
20715577
18510602
17959815
13855465
16902009
19505520
15827286
23222087
21529858
16506337
15721572
12513873
22256458
21146246
13070561
20021368
24870368
13214411
21508545
12502655
20647521
24190697
12470519
9569033
18802773
17153986
14963699
12936082
20531424
16484322
12834055
12221933
19816380
10843058
16793730
20774068
17949012
16407267
19158017
17936056
20923909
17237058
16118401
22098855
12470426
18203133
14058549
19312344
11605587
12534432
10175680
5810497
16449968
17423105
21070300
22753565
19019903
19532027
8016812
10340716
20228817
21028467
19270152
13805020
18102883
22311330
15127446
17575699
20156146
20431177
16694289
16221832
24120787
18406285
17473595
14653666
12689419
19789623
8887721
21294557
19986971
10140351
19810039
17080382
5661839
16288458
20329019
15981086
19820784
22499955
18990456
16110081
12303341
10814927
18333725
14610808
17158409
20502513
23397960
12477396
8331222
10299673
21248124
17803936
20372158
18486290
20699497
22921773
17535135
14464576
4667695
22374642
14098538
14842519
20544722
21283661
12533699
19142781
17185939
23233198
15714518
20730402
20339162
18652312
18200206
21063372
16541839
11069583
18831305
19673546
21080469
15646864
23021271
20738449
19035110
16415536
18121367
7341097
10457885
18824729
8020571
20238545
19470051
17490588
18101411
22262932
14941028
20584080
18079078
14965464
23814092
17816634
13674177
19946685
19651874
22556777
15814104
8174163
10850266
8125862
12190922
9392011
20598568
19818322
13429965
11074207
17377924
11722080
16737310
6806688
20641252
10303830
13860188
14791882
13435728
18383703
18035331
11481382
17963346
14080419
15448613
17993214
14570033
16759341
10691524
8848978
19631294
8957687
15840526
10168554
6213435
22246792
13849229
19393467
17267283
17154841
17568613
22277574
18490602
15897642
18628605
19192344
9409152
10764552
9445488
12536145
20490933
10693708
18677700
23124131
17324602
17031274
13509235
13035380
20027215
22587430
22117208
7433421
16702150
18086267
22958287
14576335
11600564
19985031
15230851
9932633
22532730
17196323
3069585
15889317
12246947
22586162
8531451
22398066
21375103
21454910
7965625
21546623
18606440
17556363
9146486
20984767
11063403
21717287
14119410
19530108
6302137
12441586
21176852
13864991
20095535
23095505
22535233
19973297
23504034
21030495
17932464
21765285
11656576
15235158
12099865
10784798
21809107
16406835
14333092
16749621
11139908
16128881
24408194
17787268
12673541
15879397
15750226
19271358
17297754
21204152
21509961
20466833
19713469
20495906
16464726
22584343
8107993
10843172
13535025
11870288
18353961
22500692
16282991
17581636
20600898
15271586
22391581
21140918
12844455
21373470
19060269
21076605
17671175
15686373
11654685
21046575
10165864
11797380
18137650
17673398
13717919
13434243
8833142
10249185
21476742
15140507
19831625
16718082
5022313
16772882
14975473
9391445
17286413
17482407
18830963
23653855
9837527
21199025
9166519
11747967
18264272
13124196
8843877
10825267
23075645
17314493
19322557
19254504
7605664
14722293
22014637
18097799
16512067
6556117
20276890
21159009
8925500
11739808
18900119
13300979
14589635
5003475
11135935
16064099
19009554
20506591
20498808
16664035
20265662
17930286
14826486
13648400
17663298
19961172
18603462
21890726
14268141
17279676
13531768
19724198
9046083
17569296
15159335
22835382
17713413
17382236
19350728
18856924
12675108
16524925
19612752
21240070
11638536
12900462
16188564
21919127
9515295
15660463
23607898
20570455
7857736
23090146
20249807
16358578
17960299
18086216
17247924
19938408
19577251
21664904
20390610
17875424
14913581
16707815
23782508
10328875
19872303
10863856
23939416
23145501
17814221
16374499
16485279
7609388
9273894
15684731
14281684
18584251
20981734
10944200
12716912
16996388
21777607
22356754
19528562
18242849
12826094
18234026
20071231
15191461
16538431
18046568
21371985
22142618
8075770
24374816
22706636
21734505
19271886
22179708
19248411
16715551
12114358
9558668
12650134
20722825
21446605
19267701
19755816
21037356
14521190
18620368
14169974
14644408
18109468
19901784
22390492
8148080
14865130
24438488
22831491
21412957
14677729
22818676
19914368
17455694
13764156
16108852
12682647
22275433
20447025
19818407
20904961
13103666
14670064
21728657
18242847
14793773
13330972
18430377
11647537
20448631
14343745
20111718
6326948
11937200
12139635
8112067
23275028
3849071
7928082
17974483
7657656
21524080
7412092
15131987
17414188
12428227
18181922
18699133
22415234
21777486
13174815
18429166
12851277
15581002
11277564
16861355
19826679
24171418
14628818
15147829
21268544
19391320
15878182
19988523
15000740
19575887
23543684
15896468
12111545
5074621
14677856
20601872
17523940
22625516
21588396
15724586
23933414
19840641
24309643
18647029
18417270
20710285
16596115
21167459
14597161
16446931
14495435
21739748
17123488
23979947
16719505
20373523
6051961
18755071
20868310
13857148
12301752
22546420
20054906
18039041
17026820
7086045
11411974
12100815
19321809
14472243
19583718
21347776
22104659
21424997
9804569
17644609
9979589
22120955
13669231
10994139
13714789
14833057
23682719
20620181
22341820
20273185
7080893
7487230
5403146
15694033
13170652
16422621
11707384
13926581
5025504
11815246
14767582
9840491
19202583
19040519
18544308
18686267
21638172
14513625
22398587
15987969
20387814
16649557
12813500
15774252
18127216
15324421
12771478
14323005
18269632
14164286
11787427
18813079
23252041
19595887
13360665
23172407
19719350
19164260
11931951
19174073
14990555
18343001
15385661
18217306
10628476
16447335
16203088
21273631
5418763
5006682
17700995
12339216
21414745
23036444
21900283
8290616
17673554
9137108
12644886
19162730
18720815
15252021
20570894
16038255
7732491
5985471
23006276
20916360
14475803
23498294
11911699
16415162
19629079
21077784
23083775
15307666
17947196
22851530
17100805
20657403
15620271
15603821
14005075
19138775
15091729
12079093
23483393
21687189
18356783
13383990
13786129
15577953
16244559
14280973
10612817
23319119
15917389
11697707
14502302
17187080
20203951
22511680
17811844
16593715
15288365
18162366
16240079
13606983
13679952
10334222
18539672
22736721
16354973
20100076
22591271
15469998
13810465
12434332
9779939
13913971
11298321
5603870
17581532
15924837
22553133
20671739
22720717
19857994
17085445
18138871
19021142
14989680
10251316
15824504
22902506
17688251
19258169
8102444
20204390
2908014
19109275
15117544
19479827
20313276
21374543
20856676
11109613
21696883
18461947
17541757
19983032
20453192
14362548
12343746
8370563
14521057
19870567
17406179
16909423
24287143
20552908
20465799
14761469
10393549
16954875
14390839
16047727
17326283
16599985
19046585
8683113
14010158
20049819
8148569
17780232
19920804
20374003
6969026
20244832
22851279
23291441
7320164
16811133
20590182
19873082
9931276
21565010
18921572
24925396
14035654
13241958
12792564
23201301
11471112
11745513
20848422
16203264
19433171
7937980
12424965
15364401
14990392
20439039
14821659
23413328
11728345
18854638
20486532
9808035
9824181
13158692
9536200
17520944
21013175
17469063
17722488
17609185
8520874
15264612
9960152
6387108
15297600
12166929
13428326
18535437
14647868
23788412
17146323
17167657
15054443
22234035
14427761
9216162
16438964
13036708
23366124
22141004
21691401
24409846
20850252
20020768
14185177
17348954
22122346
18439065
20351870
19655911
12005416
5771900
4803172
23236686
14521210
17879596
16217394
17173675
14084945
14493157
19060132
11979705
16040308
14731188
13649616
20379442
16300942
18299912
13228516
14089387
19099236
20573074
20024688
9828913
14242135
18061569
12564261
8325869
18226021
11565076
20412625
18952251
14418676
20273528
18170832
20538821
15927920
19832126
18450836
18945049
23712908
13125012
17902609
14327762
18433371
14377146
13060938
12549233
14873917
18033548
21899255
15857046
15221523
19197008
14805235
20676954
15215696
15561630
21768196
21720430
21971243
13633899
14367498
21391850
13047869
12432679
19823468
21932795
10995931
13313437
14551475
13926779
10744679
17300766
17943829
12169152
12826981
10864831
21671049
17639915
16498920
16341538
18552673
13446429
15109498
6886763
20719647
16164159
21810941
12024316
23614717
21807691
19004519
20062138
22723948
17896198
17521877
15866917
23376397
12460360
17020363
17655131
8930889
18405350
15260989
22629001
20970240
16570646
16441941
19226719
13056397
9588814
16627024
21198748
10063562
15680160
16314592
15782157
18539738
15272201
24614038
22641140
16424180
4826675
13205841
14449246
11359725
18083659
10958873
21787064
13033479
11005858
11701319
19717029
11295177
20091504
21394884
19364719
17330923
13836549
17193580
20438483
9860669
16564956
17522133
21659835
17549895
14269177
21564208
13213846
18637443
23291383
11720663
17532428
19862202
17477387
19683157
12271265
14630320
20321337
18989887
18426049
17784882
23364960
7838891
18577472
19827395
8231614
19176836
22981635
13469073
12877400
20320880
18992681
19093194
20286051
2742679
19050097
15460285
17100054
13939290
10617573
15169640
16223433
13444645
18261823
14207873
11682353
17960670
19265043
11289057
10112539
24332083
21287421
21605298
20772198
16863921
13397441
23972308
13896427
15996279
13040682
15683560
11591023
17948332
22732418
16553733
21878126
14923292
18918812
17437776
2874190
17903772
15853450
15866282
22871692
19207803
20423590
15803471
20546754
15976179
14743092
15175173
15207255
9489697
15976605
8617752
14319432
12135928
11713619
11096087
14963719
7640396
14554002
21378776
12667093
14698015
17342254
24417788
11659865
16741174
10261461
10037910
11680388
15918710
13273027
18552307
21817778
18639601
19724174
14913290
7553181
16016818
21190640
12621955
19487587
21740752
8194882
23544513
15624648
23332196
12178577
17815720
13539534
17234598
18600184
12842150
16785691
21705994
13935005
17552258
5954231
12248755
17066162
12353229
9122677
14410887
21752524
22594102
21262184
15908872
21048378
18397954
17507467
13383234
22020323
13088649
22297321
10678032
13500808
19132224
20308036
21126231
22239128
19203793
13064886
13102140
5292519
13397563
13511702
21102129
24442470
11915486
16096306
17339675
17764582
19905433
16896492
22548104
10886667
15539912
14073142
20208850
22184508
13962981
19454398
15584547
23253866
12855255
15488314
17961532
19616562
13303868
22387178
19981728
17035185
20590619
20463464
16634024
21285886
16608633
13035436
15617995
18494420
16851182
12593211
11570205
17090083
18210831
8699597
7697933
22654426
20334537
16247571
20666971
19650201
11986879
9712349
24232456
15705121
15312740
11004795
20063890
6761623
17648105
4535904
21423822
19678939
17147158
11159015
13521774
17801880
18872166
18979053
16400491
20614555
20402742
16994963
12909179
22476433
16684066
20510864
13229385
11707614
9787141
21545453
19164521
18610876
7570233
12395314
12022717
21236614
21499620
14164243
18912506
12590407
12466493
19991035
19615183
21381222
21362669
18820113
19632426
16172535
14385658
16163625
12547276
12424367
23751644
14288406
15402132
15229411
14656050
13099833
15365831
20973214
23189328
23459006
18016984
16549414
17412226
17283356
22220454
22853278
17765844
18204547
7982665
19459024
22994028
16632424
23021293
21628166
22293408
16225970
18046932
8050556
12399339
16828618
11926132
23593974
20244628
19865291
23488633
13501140
19757919
13086705
20178366
16923678
21737340
19633415
19252648
11364535
17195197
20591703
14050593
11985614
16290883
18221892
16431647
19314250
17540148
15836583
17133072
17886613
20197590
8970932
15413120
18715459
12040112
16224801
18137281
19494083
7576844
18214312
18252583
14176934
19198238
6340985
23728942
15806867
18564126
22587916
17675933
21092156
13864263
20662648
24721936
13587712
14011713
12454613
14453063
15958872
21387423
8179970
13078696
18123224
14520012
15116759
20350738
20596386
9223440
18986385
14399735
14194312
14078684
14988876
14829080
17220727
22022661
18539234
6384748
16126494
22556891
22573695
21156318
17355512
7398611
11657160
15688716
7867207
15113200
7884401
21264012
21832805
18320777
17481830
23380821
17405816
16274645
19201533
17176152
20182046
21859826
13386569
21922152
19675009
22231285
17280770
20200543
18429625
19055835
9285536
15100111
20353704
15252352
21929351
15589391
21302859
18966735
16895242
20393061
9986918
11755966
16585397
20082974
12312672
7384958
12243779
12694689
12870821
17004684
14244615
22850660
17418903
12345478
11783242
10173185
12720198
19413640
22177593
13635630
22002659
18845694
20682081
9526741
17757117
15150749
9496246
17675457
20145384
15257438
12057698
21603440
15396079
18980901
18693997
10506030
9316212
24143408
17582806
15464420
16627419
9426839
7459602
22699751
12390683
18599404
23173878
18398321
22942640
15015244
20632521
11748928
22780677
14097324
17785293
14968047
15415508
16660960
17259602
9764794
8482312
15844570
22046503
15561362
12290615
4677771
16069294
20819224
20425669
14346656
23035890
9444951
19695954
16881888
16820574
11189346
19165879
11344529
17145619
18169166
17204121
8936282
18300518
15468505
19154368
16899916
11018549
16664050
19230803
11222100
20629013
13321408
18239782
18914896
18079393
18681211
7561291
17677903
14475108
6530413
18772071
15460385
15717291
22922148
11160628
17406498
15157515
20445206
22672984
14696551
16744687
14232054
19251183
5352574
14305881
20743736
18309629
10507929
22929516
13573871
19722412
11563017
12141698
19523299
13790175
11281438
17246134
21788180
22437617
20689918
11990234
18383051
23036557
17281522
23253026
15207540
22860584
15737194
19148372
21269144
7151096
22030863
16802315
18420548
18163406
13638472
14859079
13986815
17720691
16395632
9768826
12533220
19871177
20483015
24229004
18347025
12796488
15509066
22030198
14444560
10487207
22371764
13457347
18260649
18257097
18540370
13207017
23321911
14098686
19747028
22621286
18167503
17224247
9727447
9374566
9620261
13821790
16605342
10019894
19629158
16968422
17917611
21392669
13756915
20703747
13813453
15870268
18925729
12740458
8114473
21928258
13955227
23722496
18088402
17964620
16585638
20159371
6117911
20557770
21542412
6367593
21797899
10765006
10094514
10973962
20593405
20599731
21086764
15128533
19867849
15521268
22607170
13117912
7573857
15711368
16835023
17470749
19748151
21382028
21472075
14911460
23967650
18809355
13288236
22310658
16283107
10649163
16731847
19634578
16185617
18703444
19615101
5825546
18923301
11138386
6411121
8581121
21241997
18285637
13516393
17216493
5625212
19618117
9160924
6819170
12646379
16249410
18108859
15872987
15786392
19731027
23403080
18377534
16577424
23432218
22720572
19991926
23499201
11335993
15303745
13694200
19830831
12591935
17545757
17192988
13942643
21820947
15054396
11097891
21375939
18075816
20430151
20332444
10060711
16244838
22064918
8431948
10927223
16163412
8698514
23411215
13294489
22471052
19320963
19895710
12538440
19270991
5843416
14162825
17786970
14418208
15326307
24359530
18078894
22794630
12523003
17489949
14006940
22560392
21776124
12584927
22650595
16629189
18385241
16484713
13522553
13356000
13524309
19008367
14239749
21796362
18524038
18196070
13947164
17275697
22056090
8579406
13974805
10028313
14783812
20029024
13015062
6846389
16915929
14516115
17331202
17239271
21631006
17798370
18455639
15834569
6622773
18650026
18483871
19567407
15040433
20177687
13058405
15835456
20799725
11388991
20497388
20355083
8748322
10243123
17639587
17393234
14715421
17070755
18588573
18982228
13694474
21721726
18332375
20081897
21487656
14393444
14874979
17133471
13746804
12892024
16519794
17748133
8560998
20478546
20186910
6245680
18266991
22368292
17415962
22612876
17696580
17791738
13028779
17550751
17943529
18497326
22372518
15009229
18526803
13263482
6587388
22300381
13655248
19780616
18487756
9513370
19745436
19539682
8473601
22592045
14366524
14318622
12109128
13181307
22924285
15909205
22945689
15563078
18300096
22414767
10328756
3392203
18375014
10030827
22465547
14376890
16577725
17190171
22340799
19608163
11638332
16954173
14298147
19162250
18808173
9609209
21236606
20121035
19412862
20823935
19258837
21090498
9472185
19744888
13807075
20746217
9725688
23082734
16174960
19993722
19380061
20128234
19687579
21786643
21691644
16649014
10787324
23495859
14990415
21186806
18590775
21532658
18963687
18116077
10302284
8764623
18813871
23515484
17096627
10761172
20009391
18542735
12197345
13875147
18053868
21331075
13560712
17910978
16069968
22352126
14829059
20091858
24393585
14191645
17335173
18041962
22992883
16986494
22767153
20978611
21969546
8079022
21585774
13731783
7989115
18700030
17397382
18243654
14559714
13710203
22061517
16898415
15099601
14846317
15920169
22697436
18432125
16840879
23727281
13153478
21940138
17105623
22120797
16288800
24321287
18856570
20662403
17346610
16522511
12151730
17629723
22467134
21659980
11659751
20007698
16793455
13383311
17007040
10795096
20435002
20609439
16520937
16831680
15187116
21641618
14321768
18178239
20862841
12598898
20488366
22400485
23047724
20293288
13752972
14566733
21085428
10788662
21539133
16970859
15422995
19136727
8336527
19742030
14401095
14621613
22352554
19989435
22519838
21142505
15504637
22256951
21186519
9373783
11338012
21836439
17275923
5265772
21998297
20896397
18400349
14440316
18971863
17566962
14669126
23207954
19054745
23792064
15562355
22076869
23091990
17107184
14501323
17374362
20989436
14973935
24196569
21490067
19188440
14270933
21402730
18488650
17375832
18486042
19634886
15782244
17602278
23188341
15620717
13784428
22889790
10349733
23816893
14848455
12768621
10528425
11184963
13729856
23396681
19103368
17856479
22171731
13161855
14210520
16161359
16830341
21352626
9040897
16621305
11158140
19590688
19901969
19150046
20315082
23412998
9180809
12173234
11221545
12282424
15877079
15179967
12655193
15509327
9589571
17141258
21282982
11030747
14908983
21449763
19889967
8277143
21784840
19450830
20825062
8400001
23002161
21632148
17606800
24466318
14855077
18058978
22779595
16800718
23373374
11357617
20239906
20210379
21044959
20180786
12505095
19107477
21506189
17327804
23406469
20028051
20392767
19207362
9972927
21462072
17548440
14474010
17696210
18910488
23542489
15280115
12773015
14768391
22055972
18996874
19073412
19392999
12572460
14292841
20697120
19456985
13314095
15148398
21060503
16644774
15815042
9032632
16162334
12311248
19081193
17659571
14284386
18841165
16643923
18953843
19976511
16578170
6169697
19617319
19761400
20461847
21547530
16512739
18630870
13689031
14606647
23328723
18315781
6629280
13664204
11540048
22216284
21757682
17942657
13771153
7019141
18262912
13149723
20343551
19063301
8842241
13031912
6647317
10426597
13107932
15629239
18435111
22396760
14219084
20420393
15327126
18180431
21873722
22028533
18387345
15905160
17501827
16290913
11208889
22329243
15984608
12832419
20569547
18073374
23349985
19086136
17733694
23446464
19612738
19906121
19917056
21386100
12064117
22040253
21864654
18871924
18770024
22382396
14477868
12939192
14722725
24778163
22288376
9455490
21027499
16378135
22553136
21538270
14709414
21697552
20021346
16409890
13142698
22307088
15600124
11217035
13957639
21510323
21267461
17168333
18457471
20906644
12953157
21733517
14426508
22474245
19917911
24854537
23141085
20273361
17118937
13520481
11620471
12925784
24057035
14030525
10197080
17122414
15020498
17765996
20149280
18246496
18010793
14443363
16854477
22779383
21152761
18613167
9107347
18691891
21338118
20870223
14670564
11658721
13446003
17913389
19081364
18918277
20648910
15422666
10480922
19726841
22041911
15429436
20962772
12790485
22319606
10822949
20264716
18769034
19697275
12266093
17940280
12273620
19123238
10223033
19587687
14664291
19660668
11557572
21635934
12423368
15459438
20601168
21888886
13235256
15129967
19730715
17013549
18201244
15932580
21002328
6946248
11714583
5582074
14976695
19160318
22463714
21512088
12745862
19857302
18763358
13168830
16803477
16099322
5028075
12088378
15710405
6416925
13181457
16723276
23318412
20270396
17368050
19924091
16700801
13118303
16165750
19119702
12619145
21493523
17631701
11222579
18544298
18604715
18304612
10135402
20882720
22479446
7494466
14707743
17981434
17232066
13707961
22681153
16942142
12177132
18986253
21988815
13388836
9790331
18067052
16088747
16315935
14310274
21739204
11870255
16753946
13169431
18124763
21869137
17903621
11876502
17222597
11271225
10101100
13613860
15433165
21253650
21944013
17206022
6944886
19889114
21897653
10244249
16669354
18781705
19992113
17549181
16363793
10447372
19090122
13277012
18885570
15978005
15310466
18923151
12220209
16884592
16190151
10496865
11567867
22142281
24189211
12419418
21853373
20850564
17862969
18470786
20101560
17605885
19896666
14490357
12812207
19014039
10457379
19988708
15129646
17167946
8770060
17723946
19321818
16830146
10947706
19300342
16500781
21272893
8904067
16980961
12481807
10539430
14622437
19629030
19765327
19666660
13701659
19241873
19492178
17673299
8660755
20462525
17986493
11565570
12522459
8327513
9565821
14538633
12523630
14575914
10700187
9605337
16286157
16876786
18369150
16797861
21440706
14124120
16261969
9734624
16376797
16960710
4865912
15753101
13637761
10709305
17422040
17697473
17507672
11867757
23130053
12925759
21306819
13022196
20857200
19976997
8159521
12664113
22467372
21410600
18171292
17403858
11984152
16437488
13342030
23748895
11607902
20205687
17452065
14916469
17910346
13323831
17365970
23747618
21575509
21489549
19917734
11871655
21000400
13934892
22758819
10164372
13613250
21155341
17446257
16973352
15901432
20296768
18266439
16465386
21807345
21793631
10741262
19152981
20861758
18960961
9978974
23170559
19752719
14245282
12802705
21681517
13332728
12123025
15556904
12083835
22549521
22396747
23114412
8894303
17792705
18905876
11654405
23406107
18655076
19839304
16509246
9547651
15724533
12129753
18975349
19506092
13571403
12520664
14505670
11242487
14014430
6289702
20506507
18248303
20747837
16116965
8385661
11276225
16881118
18066759
13301611
9724299
21571463
23307127
11846357
19481219
16807372
19537030
15382078
18561579
21429712
16179654
17612490
14170814
13677804
8494698
10530659
16973275
13370976
11202222
20626672
11780897
15769071
15958865
19597631
22303912
20466668
15266413
19641248
21933420
19975797
18377755
10136637
13547112
19136212
17843089
17729210
18193454
18131106
14921382
12570351
13851709
12825702
15197271
11795167
8564706
16811408
22012616
19387485
20086365
21082659
12792369
17238480
13535758
16246922
13151337
18062871
8753021
19277800
21184775
14736386
22900757
18073073
18614724
15218908
16248887
20142783
13279079
15831834
15661575
10279975
19262554
12550817
17878625
10082115
19114748
14664530
19722785
17111836
19804312
23375199
14111098
14192366
18404107
19162045
14092850
11014645
8274237
8596675
23859805
10946918
19596384
6783440
11726571
10580148
16980496
16774352
23729503
23224204
21414528
17018621
16666024
17355717
20206885
17112259
14767992
16505439
16555141
15966228
16799235
17952099
18109679
21725075
17773246
23403221
17039983
9741817
20495800
18206622
20597239
13816098
15237224
13047715
18221008
18105925
22256612
11993155
23876987
21547931
15726456
14809264
8961740
10268251
13134873
17012012
22059666
22098637
10910847
11784438
12517527
14469201
19176848
18327482
17056861
10390257
15392077
19775918
22532657
21682961
21026304
20783822
14215158
22049839
14225396
10205824
23684593
13147316
7969231
10608426
18507020
16924705
23161196
16746068
21515317
14074012
9511499
20070304
15185733
16028014
22258458
20313415
13963159
14306991
10827750
15996422
20082472
18396247
23050767
13007579
5770502
17320355
11383484
14143784
24046522
18267083
17583430
20779843
18112294
15711714
23369923
21554400
22916063
16421168
14768109
20341572
23074388
19704286
18703473
16091241
20255609
18553042
9581734
19397395
20224412
16385234
14479574
8705467
21389056
12190893
21818809
24248518
18832660
20756917
12764931
20350817
10551742
16141869
4705226
19052399
21871397
18860701
21933504
18471003
18644955
14220118
10118611
10016015
8292864
13689813
9106653
16478163
17859142
9443551
20830045
15578013
17853165
18147398
17387565
14064100
20300773
17507705
22019207
8046136
11222435
11216500
21157389
10284749
21568530
22073717
21681824
14932232
12056094
21017573
22212025
16211951
16844357
19521586
12085269
22324004
19799963
21811951
21479782
9309911
22745292
19381026
16992119
15807390
10302279
21389997
17165406
19201647
12136546
14343134
10858319
22823518
19507157
19337532
7164987
14024684
17486029
21852165
5812661
13044308
15806168
8572878
14427758
20800305
15360785
21290751
9798091
13935130
13423589
11841426
16813511
13939689
14874622
20643072
20254155
17177085
18081401
20111616
20208219
23082829
20302467
10634112
15034202
13089124
9448945
17561400
18163306
18224584
24423577
19944218
18338575
17930093
21464233
18495451
11172412
6497538
17809854
7479169
13183137
16988101
10232510
22494710
20930604
19806824
9101333
19990085
11942811
18284206
20966078
10344080
10919608
15272036
18850533
9896938
22099507
9450397
19010393
9340015
19499791
11211119
19684794
19735737
14757485
22271596
14120666
12561056
10062957
20869665
21912348
9984912
21987089
13120589
16547704
16316130
13019723
21424593
15749256
12883875
10831872
17577876
12629894
21280864
16829811
13625298
16247699
19424584
11804598
13128598
17753501
11577027
14076674
9381175
17077895
14661486
12390376
16393487
15681083
19006846
6589264
21522926
20559470
9312272
7739026
12754201
13192413
17989488
16664249
17027385
13582894
14744912
20861689
16794049
12265743
20018458
14209065
17688199
21334438
13089710
16318220
9494907
18523993
22699285
6234562
21891576
16114966
23168604
23261433
22014437
17199968
6550385
21774033
24544367
17065974
20523528
14740746
15022738
17173757
16623303
16534081
18366075
19616851
10151024
19385984
16286375
18510768
11716683
10586240
16715464
13253064
14752940
20458967
14622469
19806233
13572853
14202805
6163588
10964165
11174488
21014654
23456873
22933997
19442285
24708966
17331188
8886762
16642637
22344498
21010695
22723850
11389124
19832980
18520067
10235799
19793365
9600194
15401518
23864188
17859655
17589674
18403081
12476819
19238538
13003197
13906483
13234163
21820704
24552200
15991071
14843017
19166238
15300119
14834501
17174234
20837801
11749614
19450104
9322687
17828107
18149458
13202537
20100398
20805428
14097082
14887708
13583970
13992814
17019714
10343132
18498259
21540406
14038920
12692754
17738460
16646337
22776943
22256077
19026371
14722017
19983154
18615798
22838826
24288969
5176298
14422961
13875338
19868079
21571288
22668611
22768919
16544259
11646800
15726325
20363371
15802106
20788228
20046745
16273665
21424763
16828751
17121332
23348158
20506611
23850767
21067706
16631539
18815700
18819375
20567583
18847191
8986956
15922177
15184939
13041928
11196685
20887504
16479296
16757414
17761672
8984023
20897565
21110807
17844483
19008547
13985159
20894117
10389286
23850535
14626100
18692033
22209244
11396554
8913533
17010211
14921556
20236383
6998971
9866235
14626243
21342740
20369463
13525746
19853553
20858762
7841554
6762820
20508756
16976630
22549881
15220144
22792625
17382541
20922558
20840814
23358271
14665461
20365436
12944900
18824403
21564388
8450126
7410389
16219368
18556379
20994889
20695783
14814791
15044968
19259596
21894722
6280922
21011588
7007237
17999805
22691722
20319980
17342250
19992796
19245801
8031029
22360516
19770688
17546063
20142099
22672507
17493129
17931062
12308944
17295471
22978411
15043870
17262994
17676216
11687091
15358967
12191940
20443898
23232774
17678210
20328773
19009212
13688767
14065175
9448361
24004759
18626814
22669401
11329171
14642516
20296649
19282689
17128402
17283249
18224255
18948962
17223080
12169320
15837510
9702227
6841936
12518313
17280652
8345379
19354845
16594609
18955384
17872438
16815955
16129357
16176980
12478712
24016482
17559797
19239877
21506179
15599698
13431337
17545910
13166025
22640077
22518831
10709007
16633031
21564932
21124623
19115782
8216038
18055648
18869736
17494581
10659158
18179204
19477312
21823959
10848733
12458360
8393526
11596976
6852204
13634654
10806418
16147219
20531741
12456158
18095118
10986334
20211285
11791264
12921950
15376362
20459678
17466989
18297860
23295148
19941646
18964160
19462772
6153865
15223231
23717991
19180622
14439314
15405376
22738267
20212118
17721263
16351109
20769592
8760403
18928952
20906139
18136963
17584175
20831053
12623174
17783088
20300357
10041640
8684968
16733257
18068127
12156101
17518374
15518736
12812039
17629282
16595801
13575716
22910701
19215271
19851953
18962719
22039078
21866353
15872493
9211629
20732858
13456036
11821559
12806268
17162184
21628919
17539565
17415140
22685834
21260609
22563775
15112844
8771482
19766322
13679241
10835201
19250349
12026610
19745594
19194739
18413605
16785368
19799167
22752453
13082602
16602396
21833608
23008362
11013478
19137222
6300820
24102546
13474487
22123298
20756526
15193476
12988646
17960792
20112448
18457981
21102503
18680067
15114237
19005209
16056912
22419195
18343222
19257877
22729051
16161102
16352523
23828182
21399790
22955628
19610019
11546369
16746615
10830436
15947969
21383510
18157900
17854809
20902591
13295301
21155153
22894380
18618770
10971533
15334618
21957259
19824584
17723759
18478754
21532510
15535495
17209017
18470073
10605434
9573171
13609399
14142460
12997281
17710531
21805171
17771827
15668345
17559217
20964640
18219641
12777660
21772389
23316475
18604462
7384352
13170842
21322940
15611537
20674180
8114582
21118833
16493901
19230203
5797850
16240465
7600569
18885755
19320353
11296291
21472170
12732248
14212484
17685832
16822792
12778372
18634232
18626040
20422517
7094088
15603338
16623622
16321508
20854082
17406571
23316905
15782461
10064579
17039900
18735858
18932996
12599109
17429015
14516462
18621402
10753167
12120477
17621572
10847245
14122393
19425653
20936854
13876223
18318391
12664861
15316833
19996866
13722751
13185827
23254294
12063708
22146047
19998670
16650477
9900198
15511292
14005257
11593889
24410589
12058038
12692678
20337634
22286451
19065166
11674606
16272428
9735918
17239414
21790850
20988512
19379662
18680556
5644397
16698765
14145600
15724882
17871508
16774408
16461860
20519181
21573058
23338087
17652681
18713382
14320559
21264004
22032498
21386184
13093833
19414321
16613577
17997259
19079194
16377904
13815698
22571948
19961516
19924408
9846905
17842303
10640635
19949708
17126491
23855368
16528058
20936748
13469590
15050431
8888356
14238522
23726573
22199621
19885353
19662932
6236093
22047356
9923260
17436245
24167603
18719540
14528554
17080369
14485519
21826906
4995969
15198390
10191468
12559069
23469279
14884219
17469199
10868910
19944306
22069725
14768886
14753475
18671359
14330632
16898578
10231890
19890908
10454926
19765707
21651403
17770398
21574652
18648718
10650104
22540394
17627449
23077579
19386119
22603043
21264828
19295208
8295553
17428056
18396917
15000316
14867379
22324821
19724047
12157100
16902051
14030089
13393423
18160821
18455991
14098912
19587078
22461170
16234251
19778477
16499667
22158700
21135687
11006680
23580253
15532456
18117881
17555558
15123802
8957536
18878970
17755908
19723221
15972924
9139608
15403952
12898223
18460435
17398240
13170160
21918060
18225261
22749882
16309254
13975137
18932385
8592553
9213956
21495000
19320874
18675314
21942370
19052745
22040111
13808981
12983901
8554334
13434489
16677826
20607743
15367736
15289199
15242191
24101799
12701513
17720478
7901755
9345806
10477269
14500523
20927779
8543145
13910972
10567644
12011063
21019960
12002921
17218834
16666639
13539527
14748807
11573315
19691158
12216559
19456310
3430475
19438796
12922837
11012388
4477253
21385839
20346804
14961653
5962628
17775060
21373564
22374968
17640849
20450684
9319794
22037037
16290122
14711476
19660468
20265859
18006492
19347804
22237069
16953975
20322855
12407127
22929659
18027821
10989021
19677749
21812857
20873790
13900386
10673651
21882756
12204198
12923891
15726341
11302470
10689189
10815680
12491029
15213434
18312548
16019357
23269608
17634906
20933768
12666304
8204428
23098797
7062123
16743441
20711619
18751845
14668544
17860896
20387635
17325180
8238119
21939303
19051941
15779412
18082955
13456664
20596504
18618749
19182666
17548630
12155804
15326117
21451606
12679708
21696053
12574395
24192044
14456770
9390726
24095111
18239061
16319946
17999616
11781892
20208791
18306718
10603306
14305181
10667665
12888762
11027005
17916643
16027868
24803928
14662713
21997456
10393809
21305716
19951001
18376783
18162778
14316303
17823910
13348547
21874113
10438316
16527761
16748841
12766520
15061740
14039833
20614630
16647228
22524851
13757625
17978762
7209560
21873745
19768456
15377974
16290139
20300912
5789771
20455873
17868102
9349217
10838887
21054157
19365430
18501329
18768055
20106544
13826988
15965577
15035358
13097317
21664510
21953030
17763730
21160906
12426463
15087366
18498814
18020443
16656734
22903739
15527098
20237159
22549973
17899286
15628801
3874280
15694163
13819110
16173101
20912833
5373224
24010051
11201171
11093635
15025242
16217431
23534557
11327394
19738575
15990760
14377205
15895223
21900066
17456351
17234603
17136620
14827875
19729217
16377673
18418785
19448185
16766042
18422187
20435809
17696170
8285728
17242263
12157652
14586632
12498364
9312112
15489757
18156478
13460903
18610482
22834177
20185723
20102690
19012572
23190963
6747051
13296307
24105543
20597845
17831423
15862821
18576817
15666581
14784970
22114122
13513892
23254582
13856314
12661200
23778725
13617193
18151366
22098921
11181180
7624277
20284514
15505140
17884671
20437500
18859092
19990816
15585476
20693944
10670043
22146817
19954174
18573134
14683285
14658544
10218515
19845163
23430589
19521979
10280649
14777074
19252843
13378622
11350409
9340553
15565292
14178681
13683461
14147613
18854698
19508344
8691435
16042271
9989021
9799752
17379124
12957941
23062861
18260049
19504381
23318825
22713519
20438784
11112135
10198109
11108536
19420548
16544524
10999491
14164159
24527380
14896124
17825885
20803074
17431641
18989149
23923788
14711440
21354773
22454799
13575842
18267921
16798873
18775611
11570479
20837596
14647545
18148831
13359430
18414242
17657655
18302538
3731280
22299874
10783860
24278214
18341948
21002485
17520633
18002773
19123245
18628151
17885919
12811992
17054974
7033985
22981835
4198506
17616595
16431528
11031335
12039308
7724916
12832533
21240212
20631426
17768814
18134049
15824550
22984177
17315594
18517884
21356583
5291901
19020516
18860677
19851358
15833203
18444936
21971502
16049116
21872383
16423379
20635732
20420825
17481039
10349645
18856932
19637581
21366213
8126120
16669023
18223474
18713491
19085606
13489901
17484919
18607705
19982340
14711540
22480490
21487481
13347704
22356735
16059994
16353101
15467077
21182489
9867415
14070345
16859751
17303458
18418756
18102891
17581514
18557997
10150650
13164644
17089662
11739616
11034165
19811569
8035655
15631355
21070532
22452822
18864388
12961328
15892934
16525891
14484047
22906755
23206830
21171450
17090449
21667419
19096442
21920253
17176200
18214086
13364570
11696355
18004760
14105871
20878502
17719390
13251819
19914120
15112427
20508682
9880405
15482682
12098910
12936485
21009114
16593411
10875092
23067860
15163642
18713515
16797889
11321762
19060239
7788366
10930496
11940309
16999340
14231546
19110833
16197080
18624882
6737292
21344173
24435600
18505920
14552590
9581104
17925551
17397316
18330404
16834019
17863177
15028661
17873236
22162671
21952148
12423356
13191560
14004751
23211009
10442692
7235875
20442733
19431355
14176906
14339123
16145458
11836394
23781205
14451529
11939271
14633972
17853472
16048345
21997027
18686813
7347635
23692419
21402965
16354364
16554254
16270427
8633964
12726738
14558433
10247043
7880122
14676215
16092048
15460351
9836980
18949775
22882174
21963477
14160397
19760884
23970761
18288152
16214814
14483645
8843885
12450380
10250750
21604165
15596134
14709631
20281486
18971753
22985012
14421776
15433081
20317724
10009815
9877900
14415246
13724257
8849683
13974801
14298136
19490887
18229728
13568911
24734132
17990669
18865103
16209472
23395116
17578879
7025459
10724037
18625198
17697312
18729717
12766218
18141700
13868990
18020754
6316066
20216311
14525448
21925043
22435687
16420957
12274580
18102180
8655637
21054293
23235078
17698583
8535652
11954025
18451234
14520906
14211972
22770454
12623922
20671158
11753368
18560748
11163002
17430530
19374716
8976352
19027858
18614011
13303835
18330057
13230808
10528606
11706589
14395542
16112119
24768093
8964465
21362313
19401480
19885074
20445147
20799759
18546531
11991429
15321563
19353091
13138383
17643273
11234121
12977833
18733649
11246047
17541741
20843123
14356661
22493554
15749117
21927180
12755865
20350813
17766227
20583663
7766176
18430610
16026804
21307450
18396597
10501669
17618139
15615401
13484038
16133656
13691577
19919127
7138622
19805429
21431377
22250028
14007742
14230579
10795678
24021257
15853071
11475926
8980429
19337038
15644353
14299076
17371596
22382956
12709269
22426618
15889239
16210504
19587781
10124334
15403080
18352068
7919849
19077724
22164250
23352228
21979987
20203387
23988383
19740786
17173100
21364697
18472588
21992200
15241886
19198285
8661660
11428408
14037082
24381462
14555597
11564746
24257964
24611146
16837341
19967099
15435671
18462545
17542402
18005099
17208745
22871853
12498927
21343095
21122480
22911646
11498506
12287632
7712610
11683769
22973128
22951280
11197469
15587870
21145886
13818795
22464743
15548087
20190401
19017379
16856731
14607225
18907493
19318711
22310253
18465710
9103978
17128028
6455082
20559301
19460767
18610025
14989797
20630844
22326119
22614906
13649731
10483529
15299012
18685012
19475169
17673314
15964229
19981586
4981607
17125667
16500658
11660873
17393598
12267688
20640299
16846222
20031658
15715042
19939921
15045032
15227759
19638469
15443880
8033743
19073722
7715132
23582151
10304000
16993250
15802952
23446566
16041429
20897978
23569743
17459020
15807349
20381566
21859379
21704720
14889876
13976651
19471445
14903624
23440230
6548756
7919156
13605549
20309687
19872253
14108746
16720900
21559148
13343364
17486937
14858924
23114415
5767426
20348085
8813958
14942740
16637990
11997469
13594543
10345444
19244448
13047992
21692174
21698522
18745517
21169158
19233087
9938951
18194434
11932009
19355485
14664085
8879549
16282311
9943505
22698074
24510586
20835412
18996753
11594551
15849186
13343334
22157389
15277749
13478428
11351879
9723743
18418664
17140826
18523565
19265499
20293572
23363789
11480237
17532952
12260042
16303967
17360658
18586752
20166422
14628595
19587846
14456403
19123488
18717757
18599880
20644031
17741272
21051267
6818227
13074364
17207378
17252490
18390192
19009583
18498370
23226947
14454522
18785609
9068637
19571903
22286441
20119254
12146326
18727987
17051126
7722247
18944775
10664954
13586566
14616053
8900184
20220909
18220436
22005536
11098644
22047039
16937828
17762017
16412789
21165281
21208132
16705534
19809191
17360877
24485472
16016235
14669583
11295646
14606248
19098213
22557128
23408600
19632030
17389506
10935244
11265984
17756712
13386510
20567399
20085358
21577002
14839836
19193902
15292045
14507429
21458055
9918237
13070767
20045815
15247277
10650027
21526206
14721805
16054779
19622579
16356930
20169498
10888652
14771122
7340293
11199460
18409158
17271262
7443184
17612809
8769816
17898757
17208106
18012473
21566984
20383976
23476472
14005161
19817645
24312943
13706789
16515135
9190472
20596178
20411716
15761287
16893598
20176285
19281531
23253859
16382267
13269253
13285356
18292292
16402773
20119083
15885819
21118614
15386491
11287193
16640196
14592800
22867468
21543163
20466156
12734741
12775850
14269184
11053286
20765852
12824365
20076809
18078389
13438904
21268352
20914698
18566103
19143694
7498266
18256886
16380484
15953527
22686170
19113416
13408043
17403621
4877202
9254422
12021372
22671468
10390467
13722216
11753290
17367377
16015875
24269740
21779121
12640770
15408454
14381189
7840353
10285358
12822800
20727240
16942064
23355439
14418932
18170458
22968191
11562421
23290677
19747866
17401394
20951789
16175879
13328616
23405727
21633681
13126706
18681727
22813128
21415056
14191284
22563907
11388353
7340961
15551993
17083593
13346906
23176361
22948779
18198579
10857136
19466600
18710889
21313235
12776884
21281251
15481265
13468592
17030355
24775718
21929909
18755307
16410522
17550430
18008288
12657649
14824875
16048346
11659128
18444767
14519740
17434356
20464964
19183070
17078162
21849944
16343506
21330755
21004921
18744171
18635217
12843848
11986663
22965477
10281351
9571764
17349235
12749978
18122341
15808473
10138894
21214390
19936800
17867398
17347260
10126209
21464313
8932904
15901979
15339007
20356334
18035965
19736993
20326000
21809800
21317098
15047196
13146577
17255930
16807678
20599074
14158152
22319401
21346738
13042550
12797117
14647710
17433668
23865103
18878315
19509783
13241771
18176867
10088838
15614791
9324310
17157274
17771393
11240261
16800479
11099345
13866346
21585943
20369120
18617784
17724252
18465633
16851165
22726897
21390034
14079254
10746029
8296814
11013871
19384226
23733821
20675313
22064315
8146256
14381573
17472539
18155186
17845739
21737710
9465270
16259676
18987351
22951726
17647236
18347383
21506723
23475934
21640282
19914463
18107207
18220761
12836171
15520414
22942991
13064483
8659430
18458118
11911065
13482812
12764793
19187796
12809452
11741619
17391465
16008703
18127488
18375947
18795576
19074230
13130276
19623385
17309859
13684076
16184673
22483777
18336571
14636161
13705908
7727927
16532628
12461194
17385138
13086508
15778770
21372482
16365438
22838829
20749797
21447808
15803107
22545003
16272275
20263669
13825799
20484774
15276308
11896977
21690883
17179686
20933590
9364433
21720314
8994491
10946136
11472816
9383238
17521145
20168077
17184701
18558342
22035620
16645658
15095551
9044941
14957652
14141919
19782002
21145800
14890673
20256153
15801396
21929779
17107979
13173247
19506339
13454902
15643338
14787949
18253036
11468050
17229698
12086800
23940361
15388714
23904082
12860261
19224525
8304428
10513307
10911755
6604684
22009098
19217252
23476457
14960865
14116968
15597458
16142934
20031737
8350044
15841791
15367715
22054499
18492674
13551698
9770360
16231056
15892334
20161386
5471266
19540813
12225795
20427935
12446623
17851614
10291126
14733008
14474885
11271613
15260897
19381947
19142895
9835645
6971888
11126353
11262886
14847262
16241656
13089226
19108191
9280709
16201163
16196111
19100191
17749847
21540390
11779842
14413596
6585483
11168091
12884439
13219306
22755854
7927552
18012324
16309581
16292085
19836570
10532034
20120206
20839700
17678484
17160575
20195076
9280304
23878890
13594787
19188622
18313750
14898646
10672331
14421799
20224462
15865163
15713222
14412700
16827751
19637098
22065651
16904136
13425237
17426712
18577310
18675025
14362696
22443668
18550068
20797114
12277087
10683467
6206079
12434934
17270888
20571373
15521629
23148883
21039912
16512168
19066165
20576181
18973190
17282333
22222889
18952979
14011700
22855763
17352799
18930170
19476748
21263592
12450611
21147574
22098730
16087759
16789145
15407663
14174881
16693377
10583163
15771932
14486100
13078214
13982890
20486593
22647830
16808931
19531326
18413276
19656436
8631815
17898890
23764568
13326760
23193661
13961120
10267638
21340747
13270193
14920281
7961898
19428970
13079077
15639440
7416564
14457217
18678290
7297662
5191513
21717837
20107966
14408195
19504267
15041227
4405670
22544093
20160470
5209923
8981834
21947422
11714999
18230670
20995214
18361405
7840926
17868779
11875350
17650573
15441934
19646306
15388332
11178301
9887483
19575023
18574080
21798494
23354391
12732357
15288854
21056845
19365896
18840562
13977020
19045696
19750684
7023218
14789390
23733399
9157835
14770089
9399742
18060388
20712607
21541169
21672024
15400414
18797714
16366473
14193010
8301154
21145764
12926293
20416270
19449184
24060773
18401458
22269264
16841255
22895791
21715829
17195739
18808402
15106460
16733322
18284972
12377532
8581967
6746245
20044245
19930888
20409921
22143953
11325809
13398896
15306662
15243103
22423752
19465958
20134799
17950084
10239810
14938418
11596905
15018469
12976823
22057599
22022709
18463483
19105892
17858691
14183384
23749102
17608059
10802646
9326332
7251864
20295869
13189532
17335528
14923543
5827659
16237408
13718062
18214729
12416725
14940880
12276266
10646560
14174713
19793317
11809544
14978021
23597097
17526536
9584799
13484654
17303026
19970836
8150466
20706123
18488340
16423304
12377969
17438032
19102087
21240445
16806744
21314571
22049039
19976038
13274311
19560161
19586773
15685783
13855899
23622133
17023772
19457174
17293193
6038985
21049769
19992413
19007061
21701749
17505088
16146736
16073944
19381076
17485415
21221341
19548857
13618967
18701894
20920744
8786413
19993878
8388786
17050962
20743821
16439578
18506493
16377403
6902916
15170716
17485125
16931062
9074854
12922750
23636721
22714044
9302536
20259014
17840682
12568029
10514714
23425393
22390636
21315087
18298785
20186922
23336106
13464321
15524142
10989376
18739259
8831660
18417752
11406129
11514057
20139786
20134261
19427350
13847786
9468232
20983849
17575727
13114229
16240188
12919098
9413668
20887878
15457056
17795276
20088637
21726037
14380473
15578793
15301861
19810818
18208705
17545068
20996458
15273926
20195365
15533097
17802968
16247937
10168340
18168111
14109489
21063249
15528703
18744994
16080498
15642708
18942591
10608571
19332484
17110585
19193927
19357320
24200466
11495395
11028642
16098765
13078152
19491648
14825160
13572412
10862822
17909604
21717185
7310789
12390055
15899083
18380852
20618924
21360694
17213621
8419261
18605383
18990446
11033532
22619004
14204273
15567508
17531978
20388667
21740539
23476071
11791800
21027729
13393126
17405851
17811012
16304820
22310285
20439426
22990459
22153162
20116288
18246328
16987383
22728483
23411265
20614816
17033511
15345723
22731560
23806188
13906475
11717598
20741777
6217376
10142956
20077521
11401840
15906647
11194317
22961304
19350078
14388508
12930371
10330364
17640834
13995489
13421371
22810437
15128312
18502278
24140750
11795828
13426384
10024462
21661739
23321086
15689989
18255510
9024165
11933984
18849988
23062759
17298765
12688113
11208148
23569301
11001049
23217156
11888961
14765362
21787964
13468108
17666232
18573110
23479179
19002198
2726146
6364567
13614358
21342908
14313837
20758868
21571451
21734630
5030238
20299975
5529739
20506554
19951596
10904034
16996632
22643028
8025116
22755618
13479947
21153729
15945880
22805631
17963503
14926410
23330554
18811259
11455064
21197066
13912395
21141047
16195345
16218214
9827879
14709361
17744524
6917498
11887189
15841829
16680426
23716474
17866375
23208788
13762828
13007677
12218863
19030927
16068408
17922068
12164766
15069324
12970314
20017965
12236020
16566584
17344896
22182559
15932349
19656456
7680525
16781383
18192017
16292825
19447777
19523631
8745217
16418268
19335818
17874924
18150122
13789449
12299910
17550191
19695819
20496667
17113323
14296325
18827457
5265752
21545024
22456193
19179071
17445713
20483788
14564461
19531612
17518959
18833231
15698409
11840098
18892444
9870991
18147378
17868078
17178953
23222019
21911621
11430853
18270053
23368606
13707996
18640700
20684031
14249764
15457723
18979956
22831837
22744229
14835910
6849667
12354132
12058646
14600656
21547292
15673528
15616883
11815745
22562317
19423393
24116752
20655862
16275107
20304663
22957448
17690373
19368603
7540591
18056526
14562528
16202552
16675053
12990274
17575160
17873891
10531964
11774262
16937494
16648634
13452048
12701950
19206518
20114176
22321242
22757637
15996734
16403276
21324767
21224426
13209636
17276583
6273162
17300017
3759408
21011231
13164774
21188728
17078715
18493312
24713430
14419465
20816463
19426944
20572530
20117748
19502589
18500295
18813262
19290768
13540510
21142512
14316301
15272952
11789076
14430372
20553298
19604455
23286503
17417988
22389426
15316947
18300578
12049267
22658978
15553633
17920243
20631094
19105962
16759724
11268131
15398526
14814708
17602969
17634280
17324224
11507836
18466008
18085918
17070292
18508209
24397569
13361543
15968379
17163662
23567382
11524779
19224662
15695293
17023779
14029116
19233255
12669131
22329992
21214153
15967482
17909009
18744641
10101644
22204400
19647262
13128928
16818595
21573008
11388623
14712379
14855885
20193962
20223821
13193303
16674667
16469506
13835101
17339663
16657201
13585902
21395640
16061644
12641196
9304797
16213124
19270862
15883249
12156059
21637232
4421764
12639433
14310767
16823358
19444800
21328911
19323683
6702504
7493212
16824628
15336652
15050854
20164604
19984038
18243011
16862649
12911063
12485162
24301134
20323229
19788732
13896533
16076995
6492792
8140663
15696661
23474024
10307617
17673694
13186614
10623952
13084532
19210859
15981290
20639268
11464190
9879784
22771999
6600799
24039424
22809290
14665955
16216788
18162759
15208657
14936020
20822845
12918689
15459299
10624196
20164341
12259825
11426503
22748813
16848502
19694246
17452580
19194144
21740668
17870418
21178739
20188916
16518486
22385703
16314135
20872033
12864347
21512271
5990991
10246505
18550618
19553178
18498683
20529248
21372085
20314530
11526724
16220962
16234630
12136358
16910165
22298885
21603002
14925856
15280759
20650793
22555968
15902415
18068302
3729993
11338523
21146386
14255637
18759465
22572809
13027884
11843770
14601006
13282755
24064829
7153387
16793277
16030248
21959920
20789163
13389967
15678348
20030464
12828342
22191963
18522217
20012789
16471517
10045057
18791129
19538418
13026306
19699829
16352748
23718553
16951889
8310374
17398085
13459023
16067345
19460168
22528910
12754656
16517913
15708271
16102670
21215076
11180431
21493232
22939670
14397146
11078738
22066104
20215444
22110987
14129778
10077282
20325049
21751966
16209379
11074960
17063147
18134173
22780422
8794998
7636530
24035403
15895713
13741802
17752070
19326166
20156042
13504683
22910103
19223512
11404135
18292229
17427556
15726619
21374447
13378735
8333263
12523249
9621816
20745491
13323807
21843700
10337148
8939070
18915302
16927991
12866397
16095996
18500150
16264225
21927005
18934133
17748736
23442242
10122520
14350191
17911961
16407652
18875751
23912761
20740939
23054110
21325349
23784126
14788364
20732703
19840894
24561007
12352544
18170505
11337617
5440866
24553202
12884360
17330913
21604145
23170994
14561998
18902844
21231495
13793087
18634186
12086733
21328418
13229573
22273827
18382773
23037265
13385811
22129309
23577427
21050500
15354622
21926509
22210757
21194296
13152329
20933283
18571493
19186987
9161001
18300637
11998696
15963700
15340708
12196688
17056126
19311688
22142649
14302126
15862599
17003105
5543665
14646465
18273091
18070997
15635565
12377748
16265494
7941634
19837913
12703772
20683313
18337887
17145078
3537981
20312988
21520643
12630621
15818386
17835486
11272204
15987814
14743030
6030710
21584463
18634119
13206463
11201410
18666371
19594362
21419723
10762855
7178538
14243152
21333537
15743090
7769519
15465797
18570507
21917637
13770219
18227791
15255412
12548739
14580813
19428148
14262700
23582479
15455906
19069144
19607643
8501182
23874861
10339973
18393757
12892409
14481379
7040514
13836072
23039980
19925549
22515174
15954003
23688338
12043508
7822277
10000567
23155100
20918132
14740782
16999905
14303421
14282578
20143921
21932298
17754194
14103189
11221792
12243073
16556109
19071260
23311143
17439452
17730146
10814296
17010907
15143051
19668776
16038151
20922140
5686335
18295166
13915911
12719544
15951637
14341113
14429643
12403599
12647748
9782013
17505077
13591100
13839326
15149125
15534681
20409991
20310275
17191112
10544467
10161162
22383371
11764570
10263885
11787234
21961857
16591959
15083665
18066709
21020140
13182290
16314521
15368975
23731407
4999474
14241903
19512716
14006735
12969586
18998257
16116666
22860110
16597267
23287196
18456491
19036729
14582387
12116192
12250407
23178324
19622035
9699897
21134088
19908580
20153593
24299578
6983672
22857034
19731889
14733763
20790505
12766826
21406823
23746455
17704823
15032096
23902341
18060479
20661093
18377273
23936438
22973503
9521952
21098478
23042757
16865570
13588380
18782516
17750643
17810529
11085779
17545444
4750965
5740924
17658524
20238313
15382329
20848907
20178608
22582151
13453172
10250155
18517336
13753783
13749748
8699382
15132483
14665336
8698696
9715778
8198918
9890928
15532862
11912621
17943924
23109222
16147539
13684247
20842688
11723879
16011711
18731678
16318831
12781355
8457206
14252196
20494141
20502789
11865495
22435739
11704573
19379344
17780931
15958787
22566540
4643273
8273167
15759573
21125703
21238411
21427062
20218512
16501300
22232703
20316866
17257923
16597298
20159834
20213976
20794524
16698062
14510932
9274995
13240040
6745435
12575304
24383694
4898592
21638233
20439028
11022641
19345652
22553666
9911305
19476547
10240214
8643993
17315725
21894635
21202734
14603563
21113106
16417345
22249480
19217061
13503909
18120372
18555907
21433370
16353571
8144173
18432433
17516450
13010109
22489312
18770103
22111956
17530092
15552157
21353161
14242772
20099146
17877867
13276301
12398961
21800891
22388222
10357069
12285192
12804077
15462227
18481881
16700559
13056170
14622136
14436781
14860317
14105635
14476027
16387831
20939250
20455610
16624411
11333223
23798360
22326293
14286619
16251293
10034495
15533212
10223969
11673795
13423541
10458243
6191258
17990964
15919128
16822731
20753135
12584063
16877056
21201253
12334214
18851112
18274303
18561745
20311769
20614402
14726272
19751488
21000004
19559932
21325427
21433891
24351823
20803929
13704701
18453768
11330264
20531054
6083616
11473176
14167881
14842858
21100630
11459700
21140422
21703820
22190502
7232477
16368024
24187188
21169228
16345307
19586520
19958949
15876133
17070088
6393904
21904426
22692105
20247744
14116964
22470848
16268849
22967817
17693564
17464382
24409766
11664690
19706929
22937295
10998051
19597938
19148156
16662586
19390381
14435773
14934909
16050591
21887236
19193724
20812768
15897579
15116820
7188022
12395927
9219855
21636056
14135720
20267435
8640588
11585055
12928570
18070655
18121322
20511020
19627674
16808911
14826063
20637196
16750711
14546899
22498041
12434889
13797206
18659942
11582600
21919446
15951112
21396294
15599761
16333461
15968203
16081325
8534906
21715899
6275002
17735210
22825540
24213960
16918861
14589716
15951553
13911074
15822602
17964482
21668534
15403191
16197998
16766616
21294712
17582845
22519801
19685004
20987530
21609170
20094729
14032119
22513160
8856468
17612645
10185515
15468242
21831148
21553813
23466582
14414250
21336869
15600237
19737967
20141358
22475218
18528228
13261921
10526733
13171575
16982906
18724424
17793324
23554621
21729897
18236360
21809733
18400903
12563115
13194725
15804006
15375278
11909578
6145629
12771686
11208011
18901516
15339409
21395452
19529488
20133529
19221306
19802644
16656175
20593511
17166512
18882727
18726972
16230652
15668541
17153440
19535316
8559800
22137417
23340741
19003721
21652758
21324063
24300166
17211499
18314555
18780748
22415566
15484685
10877947
21576088
18909778
18606030
18663353
18393817
6108385
13980796
18057266
16880795
13896855
9921991
20920946
13555625
20361145
21450011
20463358
3815120
7876927
22273230
15645965
22191045
10655358
18252484
13579626
8372748
14845384
14383018
19287444
17040670
14419143
10083991
12077447
15239858
18729683
14724915
19422410
21635510
22219888
16806371
16343787
16152178
14254519
13498463
19629590
19749438
19245199
10520697
18562527
15289901
19619463
21257753
14820711
2852405
18377949
16677923
22781080
6098974
16013979
17965323
22859048
10191943
22537631
18124379
11111679
21199648
15316543
19830982
14749131
21816058
13929741
17326086
17809010
16262354
22482801
18994923
20105611
20121319
5888645
10505202
21610130
22770696
17868305
13502892
14180239
12094533
10194973
18944188
13895752
19830409
14377034
9950414
14131887
18856879
16457780
11454604
14458210
16441340
19903531
8207845
19642696
20500559
17523518
11279588
10709324
21475120
14450677
22878036
18513295
15978840
8918426
19410787
10447387
9532181
24050284
19436876
19293173
14855115
17924921
11798308
10344792
17112617
20979031
15820391
18439624
22233740
17329132
6290653
17935585
22160735
20956309
22695914
22296885
15932046
12159578
11506773
12233145
21832155
15310360
9500147
21015526
9317920
23722586
5445473
16622435
13699395
22056138
20326697
17500412
13930440
21125415
17314845
16230838
14868935
23359291
18157532
18802943
10794826
15458623
23518529
14003823
17503353
15359566
18413165
13272132
12680679
18206259
17786724
14871251
9997129
18830780
16597687
17184707
9853348
16128978
15544254
13895291
20358274
18047356
19631104
20740348
20694611
14413858
14500234
14674508
16028493
16158437
21660901
18916473
16833337
12557854
21259008
17981654
16774390
20610752
9503389
14347998
19925568
20219352
22315485
22397962
18048547
19452753
17836144
22740759
17082572
21615029
13197358
20829262
7482032
18579694
15838592
13242905
20107918
14022014
11540666
16640775
20931410
7869585
9481323
23804608
21603602
22902991
10173512
14261419
13717575
6873066
12770822
16079462
13406598
17530560
8891976
10699154
17709867
22584515
19306119
17240755
13623226
10589766
22149336
18788209
15839782
15320685
21948123
21482493
22927782
8172342
18271591
19062063
19054904
16167250
14475321
17749778
19291626
11687025
9965464
21475698
20721013
7497538
19255117
10584252
13410587
11765434
22417395
21436697
19248349
17151050
12990280
8661775
23562456
7561053
13945286
11363794
18332301
21021911
11619245
19231898
21956552
20030996
16754898
21872191
20705853
12213599
11575250
11817950
16745711
16098361
15535261
10977385
20381307
15273262
12357348
8521482
11713583
18114756
20974343
15111041
19607060
13750027
15542591
21188861
9610220
11002275
13561112
22593822
20598468
17678027
15915221
12969157
9570342
19708707
24563876
10007994
21757020
19592692
11333057
18773766
21126242
23322066
20503905
12688334
15430206
15464506
9035570
23437662
18152017
15357464
16307504
19830479
12672919
13947196
11511512
13904676
20496196
16467927
16341401
15459920
12437458
18246365
21528879
23452428
17597820
16363072
16804127
23028913
17754663
19913843
15155242
8868621
20595011
20552036
8195435
21234089
7483417
15902950
22121080
16852093
17090892
16762977
13124740
8884585
19554865
17441735
15674207
20271143
17664204
15323278
23096273
19145757
6011720
14144007
15418938
13183375
11057587
22750150
10875376
15470357
4282480
17682912
14165498
24088565
14221043
18603416
9607882
17154312
21932815
19700929
7545946
18665877
17375717
20742545
19633059
17497182
21944467
8724999
7188328
21486570
13063052
12395233
10995034
6793905
13834408
23789948
14637185
19774208
19748706
7321280
18355783
9668015
23542570
14137577
16857612
21167802
13644058
22446242
21569172
19508382
8009303
14233654
21065890
11049881
15723319
22050402
18476413
14538876
23005847
12774634
9707867
22584057
14258002
18226359
17626290
16486009
16414247
21009705
8747648
20194430
8849877
18120626
16301540
15139511
9889275
18084948
21597680
9703003
15503939
18292368
20805059
18237749
20717622
21352797
18944034
21061676
18951774
13464171
12077656
22369319
21006058
20586488
19296144
20935177
22194048
22618103
20407587
13108724
18317083
21177813
12764209
22969516
14031275
12588562
15296799
15959313
13867371
12128222
21304577
20231916
18200379
21709510
12053954
6070523
17287200
19446613
22575374
17602885
16006622
17956689
22126555
13216900
18962883
6336348
11823446
22514221
16830156
17266315
7214225
15782912
15068840
12286752
17372051
19363897
22502952
20669259
19426406
13725140
11289312
20847313
20325947
18151198
22183466
18144912
17051739
3685474
14959740
19109589
20523660
16139280
13540940
10381203
19666427
16846192
16289107
22927455
24339128
23391927
17224284
13984816
8973826
23443662
17463713
16321194
7383281
23057701
18749920
16658595
19144138
12868143
16849112
17030670
11340042
14801970
16080982
11496248
14363508
18543768
19730159
12804940
22104075
14862352
15293826
20317921
11093694
15833603
16847527
17532853
16478650
20645679
11185614
12732961
15512253
20738751
15552143
21736736
12182403
18780753
21443560
8453332
22935822
18027375
22213244
15452784
21102473
9817190
12651029
20625112
20667021
16998068
17242843
21802237
19628406
22771265
15231949
21211247
19485026
11709794
13837329
13284029
18722675
3509478
19933982
9453445
21381366
16943032
18983532
17048932
18796124
16488642
