16359511
10426754
23235505
19453823
19146126
10573768
8988403
13550035
12092049
18393671
15804756
6332816
15855132
20447359
18303202
18589862
16851306
24427442
10511869
16449664
18866429
15088644
14205630
22038557
22088080
7921330
18074882
15455218
10560552
17869158
17671193
23659769
22993676
15268873
18907537
17192860
16351982
15898138
9948309
18562673
19395237
22220062
8463989
21264996
17550956
19639252
23078265
7203294
19291412
10647227
9531102
21051046
21067260
19273784
14124366
8939115
14405325
24340980
13147173
19554031
18796581
8124115
14984773
14238448
19259814
20200865
17330645
14235600
16025344
21785161
11628921
17222583
18123661
18846594
21394471
20240712
19683319
17651922
15032855
20794626
17350340
11061103
18860804
21595364
13916180
21587357
15912349
23570028
13853405
15380386
20152366
21350650
17180517
20227394
16250576
15506521
13845780
20932632
19016639
17399401
17390577
12430838
12496189
13096551
18324848
14559974
19298048
11476625
19582476
19639428
19772138
17412161
24135053
22822701
20059159
14597657
21845678
21665073
19327118
17285669
22406580
16454318
21596619
15567399
4058847
5474309
7711358
16767254
21088065
23151685
18608318
9803144
20777777
16819778
17526709
14454305
14037681
17642547
21767438
23569779
20385375
19186903
9396234
12428953
22030227
8253020
17806859
19206579
17689889
12155730
20401651
17864566
18525311
19997810
17321039
4329479
9486836
14429737
19365825
15462459
22977097
21417119
19192157
13632640
13265280
18526921
20613357
8250391
17001365
22957359
11520654
18415397
20096259
15477883
18339884
17477548
8509692
5355436
6019771
19822152
16603848
19514184
11140207
22991479
11987073
21701233
16376696
23447333
14365007
17787203
7482613
17580012
17872412
20757219
19862003
19499543
20343134
15504512
11506063
13850398
15919020
12836867
22364496
19321372
13428267
19235342
20536632
13347819
19575019
14052883
6929082
14615919
6748909
17007431
22518661
20762620
15405851
14005891
17462945
18488184
12115176
13612860
14835093
19426249
17671997
18305818
13924052
10496543
8900819
20414321
7626451
24358088
19833783
21108134
22432435
14170182
20717412
12292409
17772353
20564627
9119860
15965108
19819058
17932971
5812025
12125141
16655698
16279606
15565098
12827519
17312047
19996505
20743241
13860660
15832661
16494305
16809662
14964906
14426867
17112612
18273588
18338854
16068051
19843541
10216388
16578725
15624967
18872683
11996618
13131606
19880591
11758722
14047376
9132825
21168306
19299400
17866772
9042256
20718856
16085142
20712479
7459412
12469118
21898227
20817655
17167066
11751137
12791797
20153796
14923164
13471014
14782630
17168368
15244072
5215885
18399312
24166785
23239091
14720556
17216474
8302584
23242024
19341158
11383570
22648803
21791835
19180618
19498347
21269508
13050317
16706095
19651874
20847154
22409319
18076968
14564783
21525773
20736797
12627348
12428452
6963113
23995662
17362493
10229507
10359294
17510791
4788847
19511996
17265692
12990602
21224463
18147071
16271665
19221911
12435188
21128803
21209107
22423630
20930623
16536736
6504616
18694276
18925913
20051379
24274579
17752666
11452139
17290191
14950843
13418824
18051558
6619475
18700372
18417684
16413491
15471108
18707360
20679004
15662027
20403376
21859915
24693190
11676480
11149581
17076542
12236526
12220120
13793309
15371850
19994417
14673564
16302367
15231133
17207215
19603967
9934713
22857524
21278023
18479469
11161165
15293111
14727298
21130383
12073170
9835941
15986451
11830619
18402744
23370409
16718302
18832905
15506767
18853356
15476556
19651397
18581334
8596002
19399921
23914111
13573848
21382998
22754340
21246676
16924584
13485844
14514236
20754459
10746423
16395559
15558497
23015776
10824621
16368539
12413286
20240695
13104296
18428329
22575881
21594976
18837335
12498524
11670718
17477818
22260836
15155998
16219845
21468097
19935482
12827589
24149429
20625767
14041212
21925078
14054870
20961504
20989511
19588806
11736206
13105003
22159521
20898290
13714832
20879650
17238021
22125710
22647134
10049391
12271039
17778822
21674093
10148080
17559923
16957351
10697270
13819030
8330896
6471861
20530383
22182051
21363280
11125957
16902355
15886580
18094016
17162736
19536524
12411275
19157886
21382547
7609566
17631148
20838676
20277389
20889131
16264157
12155621
18875210
13183975
9659597
20255730
11169951
16346066
17451391
21375275
20086899
13146969
19400630
14805815
24294902
11993962
22053857
13751656
22987315
20125002
20263188
15376960
17408241
16563416
17787730
24387514
7745458
24242641
18469923
15939828
14824262
23375012
8978414
18438797
22950382
10738733
19428371
17293821
18217960
16601659
15198929
20223050
19824009
8247047
18225380
10974216
17940605
18648520
17310695
22409773
9270736
13739051
18517843
9515711
22339486
21640646
23768719
14956481
16236238
13912290
17114127
19461903
15855527
20522889
22342720
16233622
12644743
11237007
16668292
16698517
12979918
19782747
10423314
24431004
12345218
12141346
15155064
21946737
9751574
17313933
11675975
21876668
10932174
15491486
12525564
10413518
13370598
8817668
18575437
15958690
5332223
15992962
19307426
23895741
21866297
14319582
15422302
16508614
17143492
20251828
19277405
15820909
14376778
17336937
8504347
21297939
19194001
16383104
16960490
15664363
22081985
18025256
21797802
17822861
20356878
15241026
22546019
17964572
10334788
12926420
19944023
17444300
20441292
22050424
20688419
21895544
17829840
20336880
11821852
10438852
8339440
15858484
24340846
16239795
13485435
20590978
20948895
17138074
18777605
8355401
5918384
13553291
18664803
19616905
16280496
12579645
15681507
17029124
15561104
22749500
14962519
16726837
18033037
15811770
19081936
13559925
11586746
23585620
22660722
15883641
22726971
14419815
15521763
11028054
22700187
19008365
11976929
9566150
19266177
21703580
22035224
21201342
18744388
8113397
20990355
14231606
22023284
18468073
16125712
12745596
12149966
16892562
14339370
17614398
19870172
16176949
10499078
11275239
11390258
21288988
21446527
16879249
11657097
11409576
13587547
19510036
20271447
21123031
11454330
12538743
21804759
23666551
16061720
20589685
14373441
13253471
9107529
6644059
16439827
19159009
12467325
10138712
15494218
9907468
17314067
18886433
19573237
21535026
21107971
16200496
17823539
18260650
19020029
18573981
8861742
17939857
8075280
9374782
15647915
20108388
17818139
14272189
21470365
20329528
10250587
11878816
11473414
17681700
21336231
17619611
13486849
15462576
18354528
12327995
14361730
18563850
17257069
22881107
22652643
14943744
17465249
13185124
22716715
12507386
21317066
12097453
22785167
6474112
19163492
15728715
21648723
12541367
17078968
17529158
16954411
13213093
19469716
19855612
21135606
11197039
12134376
19219546
22506016
17394429
16163353
9370665
21444755
15630162
13803987
15755910
8946535
12167691
19298885
24011636
10985125
14789501
14561477
15203359
8388102
15505941
18035173
11193135
8914649
12391412
16459960
23468830
18383603
12868475
18125535
16628329
16085115
15093553
18222052
17253089
13876065
15014095
21502400
18019467
20532382
18715351
13901763
14554444
17570849
17026217
16598709
15225013
10219572
15368048
20250969
16826002
21778089
15529607
19759832
21558319
19376249
21764847
17564520
13678989
16388888
17879446
17180441
17967932
23343508
14228427
22427044
16362659
16604411
13450013
15193046
18163624
19267290
18521416
19012021
12246830
15068586
18833642
11668958
6908356
20945903
14413425
24391264
16277714
20482918
6141669
10697265
16928892
14958556
8279839
20776086
8107432
19134535
15370193
18993058
18409505
6321547
17080188
17343834
16043125
13139985
22395534
21063164
16582458
17555394
15572990
13367561
22193929
16353807
10536746
21146710
16246821
18726028
23004970
19021701
21189198
24327419
13992036
7358802
13852697
14577038
12432476
22601419
9749852
15162307
17345820
16336469
7839432
14312628
10945671
12765041
15938281
14796631
14760663
10573221
19250489
9337860
14143129
17902659
12850187
16739203
15832178
19060305
15922337
14176248
16649004
22195415
10910026
19285372
15401818
9502697
18627950
17575360
14018136
11234960
12756219
17099929
10114334
17281876
16190323
8777571
16075492
21806659
15919814
16951684
21508465
17239442
21755276
23252374
10635021
18442727
14884902
14065837
13201372
21352897
21153388
19686972
19187609
10253162
21934820
7445739
16299538
21419375
19459645
9876835
16852333
12268078
19619013
10572802
11531663
10893378
13633694
17081407
14344105
23868112
22525237
23404575
21897305
22810303
14088481
10520267
15579050
15535936
19831159
13892311
13374603
13690705
14901270
19390316
20326392
23908668
16585872
6487431
15911525
19035705
12105614
16747470
19267108
21645996
19649939
14871653
12477505
22001472
22089264
12457186
17185674
18032090
18575050
21754428
17965380
9937084
23098673
14954629
19404593
20540217
14178896
18356977
18516817
19900954
16649430
16907281
20338931
15386790
14311677
21161604
21412619
23916626
15672821
12372352
15087083
12642919
13019629
14365767
13907620
22983189
12051306
11694131
8245939
15804216
14258234
21342833
15842187
17123669
22641837
15094576
11093062
20079905
17287851
9294268
14601483
13436640
17735500
19738669
17700117
19107993
20303113
7124913
19731503
8708295
21191017
19419017
20707954
9579285
19701731
11320054
17010376
18943953
17971264
12412655
17641696
15421975
22047995
11974393
18684490
14500205
12699000
22553345
19658753
20360516
20781638
14436428
16398675
19129033
23416857
18966405
8766148
18894499
13929105
14356270
12624021
21657784
12171807
17513188
16693780
14097095
12771455
12895701
18071963
17189317
19861897
11085116
20700965
16816515
19988215
12050449
15167729
12640219
5863780
12084989
11349994
5079742
17015606
16034489
21996384
12356309
18704638
17714882
18838861
13443341
15593793
19195713
20959911
20480159
24799262
23205507
18343855
20627997
19794985
18872998
18640919
16544716
11071122
17888431
16976811
5438357
15395287
14712295
18182316
19739092
18442112
24104671
7447331
16776655
15219590
21489431
10885786
3987487
16738217
19287474
17117451
10087312
12162069
21417394
14299151
18320307
19448058
20170157
18505965
17710081
18082323
20644881
6089397
13687266
19376780
15968647
9336179
16576917
19026018
19614873
17288282
16933007
16344219
16808129
15418132
10469912
10909913
17986005
21695513
10729740
18940751
6934279
5404595
20101310
20254312
17149534
16877224
21500029
12517748
16808099
16007328
23024103
20690034
19778099
14399089
15983797
14719830
14421323
11733292
22128732
16190006
17232849
22218857
15605103
15831090
13149913
13700485
17596233
23516046
20427210
21911810
14459863
22310708
14852391
12785657
15354212
11175382
23636693
14093374
12931366
8491150
19805101
16547069
16146482
11645630
22194372
7208058
14782226
15002594
14779021
12811220
19297054
21839708
15014495
12683235
20434347
10612915
9407639
22862327
19312665
17836130
21566658
18973898
16168862
17418294
12257244
18044813
17091680
20441571
19747691
17104225
21591565
20133067
8561840
17950384
3888404
20754791
23594168
22203765
16369820
5080746
21623024
20879835
17925572
15742103
6505781
16354259
15386999
19148224
20238546
19563496
18357581
21685479
18689012
19819347
14586222
19603376
17347405
16676502
17115767
24440849
11858190
19435743
18198144
23846713
11421636
21544300
23216249
20763014
21712839
10893554
17458985
19084241
21926009
12383995
18232787
17772603
23308018
17254532
19281893
18551747
22807600
23112942
11115813
17418481
9332935
13779858
11167093
19926517
21491776
20848973
22116299
12990311
19166635
13445135
20141757
4464190
15901836
9184048
20983530
20417099
12386694
6617841
15888294
20471728
15176630
13875334
18007906
14190815
24067371
15526517
18508880
14342269
21814985
15171872
15204563
22103668
11513142
20747073
20495627
18026323
14256448
21385940
19654586
21471229
16440799
11345289
23632026
18102877
5703125
21941550
17567666
12992575
15811533
20095791
19112919
20122155
10007904
8561808
12451853
14427792
17119343
10349141
18779209
18453893
11604169
12634181
17149960
17440305
20801410
10365942
7448377
15346368
13301599
7877809
16138206
14896077
16287671
7390053
19673513
13595687
21433932
22173128
15273593
12572150
10418279
21487162
16518522
12949202
11750277
15698797
18356909
14477998
14609256
22008897
20892505
16924510
10335110
17089847
22814770
18131789
19234991
18446650
22773446
18873087
21746937
14733563
15792631
9436388
24622593
20655589
17320216
16130121
22894923
20938948
17216867
14579630
11145463
6907065
22932225
19329116
16580941
7697650
21954557
10911815
10801527
20185032
19426782
19296522
18534197
13381597
21574211
11933569
9502478
14546085
15178226
18582671
17587843
8408363
14173940
24439483
15831232
17120138
15298538
18043716
21060181
12661872
21573739
4276458
21867462
19972763
10341299
19644112
14436666
19467672
15289399
7896494
18382505
8739063
20399114
21672348
20381874
13561842
21668400
18053659
21197486
17224179
19992075
14968429
18841832
19416542
22221900
11804444
20853154
22488499
20391333
12537735
12709728
22466272
17558425
10327557
13729113
14972149
15465665
19507299
22546683
17797560
15372375
20634820
21308682
15904046
16972734
21134796
24869555
21695998
22162006
12656217
23882095
13779091
15119181
17159209
23439265
6012247
23582020
14111604
17371982
21418470
18411624
10521243
16470754
12471962
22147618
20322459
20199257
9484107
16316152
18267877
21039020
18407835
15803140
20774281
23817658
19323712
12508661
22886365
16092018
16742486
23071966
18011178
7911812
18598594
22788434
11841224
14122906
12271119
12026270
16891524
18841057
11406804
13177126
20678843
19888481
19717840
16843041
16673405
11203117
21031079
15304884
22490184
19419074
24023134
20134813
11078067
13866750
20407029
14500016
15004571
10079991
8677098
16570816
23713852
15540637
15912999
15282277
22028994
13147358
20055810
3654273
19054316
5658023
21171422
12997076
12546814
18651178
20972253
7697586
17595941
21828539
18723510
14871302
17462827
11573960
11973166
22154393
23050742
8357882
15104307
18127498
18214692
12433959
10457940
18555347
11143486
13000005
8395863
24279107
23007545
23018759
23619491
22914033
10942839
21370639
18717122
17475244
22942886
22910389
21369577
15827440
18933084
9861732
20680579
19355224
18681237
17675902
10729214
16275363
22335033
22899214
18162681
19331581
22455419
13670696
20534536
15212889
20430524
21704254
17567235
18980013
16913757
23179219
22366919
12661396
13562446
8742852
18705163
18674163
20003406
18457075
18787837
17461563
3706427
22017045
7770342
12405360
18991837
16264587
19863492
21327669
21435244
20845493
15783201
13054720
14778597
7644429
12606612
15187712
11729826
19470591
17948212
17602977
21147403
22331574
21811179
18325745
18688429
14239929
23248525
12948764
13959411
19076832
15031008
19386770
17193015
16883561
21032324
11054064
18043976
20006001
22996300
17206356
15951227
13773283
13843044
14178093
15682454
15506921
20142801
11021243
22804983
14451722
7732228
22783140
17215921
18240859
21948484
21472095
20465226
23405123
15184021
13529252
12623275
23774531
22890917
20001006
16298828
22132754
11225264
4794138
21860667
11209842
13361127
19151206
18298706
17848270
17239573
19299945
20143669
17914814
16728739
17574424
13956485
17446933
18810430
19728029
10538574
12231082
20061496
18755658
23034487
18147334
9234449
16248864
19819815
20973727
11582537
16447469
8343513
22937587
19320822
21211797
16782096
19725178
11099041
19478071
20038432
16424455
11609841
18648979
20699270
11341456
18920285
14106324
20956697
11390389
12719155
15441275
19147871
21663465
14642637
10257222
10914290
22054821
20017658
23173097
18194027
19196310
19779253
13829437
14955435
20969750
19538158
21329438
11812004
9616813
18361464
17215409
15483401
17146379
15242153
17049850
12363292
23553772
22215063
20270698
17207163
14338925
16917956
19181858
8486786
8948439
17697010
23250177
13461007
13401267
18041214
16350072
17757109
17587057
21108904
22509153
23263038
22444116
22792617
21368551
6623576
6590629
11613057
8290613
21270723
22319343
21131579
12516976
13385830
15768440
16044735
11441058
18879241
15410848
20319021
16269399
18979833
16565333
18789164
18446942
19673896
13638060
13418208
16375801
14043872
13539993
17675981
18171858
20131963
12225464
22053187
21233551
19040356
13943334
16099583
18016834
16778356
20441736
20062953
6848799
20751445
13387174
10399549
17399159
6119937
18993432
16020416
20775363
22381561
15516765
5228529
20815323
19929122
15297851
8927859
19860785
19260151
17422742
21087681
8195776
22697397
18296065
22454651
12631026
19313878
24118130
22014559
15962034
16750471
13603156
12398619
18002177
13420739
17371367
17431977
18413066
14146965
15113841
16390106
18657198
16148536
10486373
13234427
20882473
22179238
11271382
21257984
12212646
13913164
20379133
16861420
13970625
21047353
15770014
21940887
16916868
23123357
23953780
14635293
12120320
7032691
18126391
20938128
19727578
18895775
22345148
17973410
13429042
15163581
20794668
14721112
22053848
14388955
19402565
19973655
18173123
13767408
10378885
17314083
16661250
13554649
24430888
16457145
14350952
15253360
14239361
18059204
7801017
15932470
18567924
16500012
22929600
19397822
20219994
12006598
16930247
21253788
12717395
10464168
11104001
8356010
17734583
14145199
16992466
17842021
20559152
15286077
6372232
11778823
23161846
18513128
15938026
19909737
16417267
18406978
19965643
7784385
20670251
16666284
19708822
9900879
20075219
24552238
15499439
16283944
21149530
6591897
14992144
6836746
22741951
19688303
17263748
17142954
20069255
16769193
14947190
18172010
10586437
19919496
20454973
19232392
17754060
18507042
19128749
19796227
23531333
10476383
12934676
15704490
13688686
10200883
18809254
11507689
15532171
15122092
18027976
17635429
18152335
21307084
20300884
23117059
9372106
15337869
8602483
16009969
17379371
17202821
15629314
10255437
17998034
22844186
16543570
16215968
17252451
16949504
13802911
17149718
24444731
23863977
6317828
5541680
17973390
19775979
13491338
16768869
16697551
14601932
21652781
17684661
20579438
21707249
19249625
22713003
19201945
12871980
20982117
13981712
22995321
17876974
7532117
10012986
17301386
11454676
16561190
15733457
17934062
17902955
20782531
12135758
13104906
14726825
22636522
19335132
16407200
17615164
16533468
9937589
16217231
13656655
17675472
23053367
22095959
13794334
5694814
15778322
15094379
7255124
15825896
11386305
21652486
17911082
19921295
16489682
12474186
9793329
17154216
23471037
9455949
17638175
17270007
21536571
6707495
16210495
16111460
18587109
22374422
11722396
9674660
18873153
22417226
16225943
17043642
19644758
22510391
20511686
17841569
18496473
18306588
19694376
21642595
19229347
23493607
21082971
18335250
11391259
6697759
13635701
22071101
18963428
22950506
11672016
14104413
16387032
7176079
11696261
22770392
14798246
14559426
21838275
17913046
20485919
20704221
12458290
19098473
20602472
23542388
20381983
17256525
12651200
19050590
23248188
12100580
17865360
15038685
17383072
13079334
20842803
16672053
21417032
8344421
10908582
17260708
11928087
23611775
22705417
19356579
15141746
17917665
14490902
12860775
20482126
22262633
20000994
18363752
13927468
15315271
10236322
14588639
16571634
21251800
15489280
18450732
8022071
16119776
12091622
18536965
13324987
15875509
22577028
13345344
19950549
21164534
14246500
16994849
15845840
19282803
14353229
17025535
20694889
19047059
13806568
9211584
18597427
8610818
10978440
10491020
13480040
9842517
13851417
16968088
14306408
19613483
22085728
24439955
15154679
21337105
17140256
21554031
16591040
14330955
24576275
19129560
15230866
22840416
19619881
20435874
24025245
11793355
19992171
20331066
20886339
17537539
18060067
20339364
16787643
11852713
21264451
13788007
7288459
21418849
12211624
21632556
17405795
20245632
17801106
21042831
11414723
20040353
13462081
16965919
18556053
20035577
16021988
15443381
21552219
15741567
20614454
12709477
10449613
19097936
11642150
20637954
12076294
19190231
11927775
18776723
20679992
17280113
15387022
18781304
13572506
19117382
22229005
14865567
20402238
7260458
5569700
14142026
17446059
12966874
7777108
12785062
22040154
19612924
10352548
15460957
13901938
20612257
12047111
21265755
21851507
14961257
17234354
18389888
17916377
14294396
21301638
17974181
10039355
15956369
19276674
9940206
22508588
12038911
21960769
14530823
19317647
13165586
8871626
22500013
13529605
7715616
16095637
15878920
22764562
17112025
20843737
7963266
21958709
16718363
17546287
24302730
16341255
15278555
6806500
13510892
9242366
14245051
17494475
16984521
19000819
18408937
16812445
10329997
15084770
20207642
20886200
16528703
6681146
9949056
20990263
8310495
19597910
18952103
17921832
22677294
21270630
22783636
14224595
17127969
20450499
16764864
16407808
10057269
16949259
12945418
11186329
9011871
15592917
23840302
15337453
21213859
22873094
4521101
16537798
22032093
16452622
9820847
18551832
22863661
10218115
16280006
14713572
21124721
23367700
20226789
20175978
9989583
18193792
20077831
15794309
19058295
11194833
15103792
17455214
14767587
10667790
17259766
19693767
16524535
11346251
21834888
21296326
19775919
19517272
16901689
20937271
16544321
22243209
23263374
15771440
9134070
8389243
18165784
19853732
22926061
12020390
11206385
18816981
18031335
10973582
21332102
14702716
15572517
14079075
17724270
12659203
10185255
14225126
19400534
16203000
20406351
20194599
16262725
17843208
23105064
9786953
23733846
15263007
16041851
20796433
23490508
10442308
22369550
10797418
14560611
13820302
21767062
19514257
16771253
18222119
14110916
15824743
18188052
21139342
15616740
17406253
15997257
20409383
21213800
18724391
15794460
15350506
13101386
13654834
17666790
16539797
15570673
19049614
14444693
17345790
15275282
12680568
17942700
20922078
22202976
11904550
24206572
19415914
23480073
10342032
17312130
14379046
18421762
15831355
5742288
18477924
18712126
19653704
7569079
21704465
11491517
16398105
23866513
22163684
19778916
24010861
17782634
12504543
21175026
14216143
19106316
10462084
14502622
18264311
7908899
23991390
19257318
14069220
22134426
15652908
15006906
19083235
10267755
12598739
18301751
15028006
22517439
21599359
15425369
12592393
16674877
11892207
7829744
14641747
14307161
15507664
23669989
21975259
12085902
14460834
14692625
11316170
21470654
16643645
15128525
9901637
20094581
20391926
11862796
19535005
14919184
24083076
19046886
9643695
17670879
16754573
9569734
23252429
17134235
16406504
19486058
13630493
18284921
14458447
11049555
12089154
21157485
12236221
9955884
13342564
13751854
16603014
17341146
12302396
22614068
21707175
10775434
16076267
8252085
10921487
16174057
13608664
16941430
16483254
20227633
8799912
17103891
21865553
20163368
16440136
11533448
19059428
19740111
21298059
15389964
16051389
9069658
15108426
19016397
5516885
11840361
20786358
13501845
14713071
21898926
11556261
21389219
18768529
4777555
22600942
17444367
17349952
12108453
15311610
6584386
21179614
20468170
6143059
8329301
16887056
19705140
20483588
23517138
19788733
18265751
20192326
15449372
10948335
13529440
20260366
12983354
17705125
23034246
22044530
17318999
10726527
23183636
17125935
17678338
20415716
17127808
19311662
14219909
23948270
19084966
17260027
11334624
19660803
18919566
13960918
18790983
15236637
15063885
10917300
18089471
14721140
10561865
18507966
16991020
15380990
13636574
21482777
19460853
13672755
18033137
19499967
7098036
12768364
21129097
18400916
10457980
10437716
23999042
21300906
22208354
16515249
13476671
15698199
18396340
17480421
12480900
18460708
19488061
7962493
9687461
16588931
20631214
15019017
16958979
18356636
6571109
19336033
17454029
19218957
15248544
10573849
12302465
19860756
23049179
19578891
17722620
22350565
8281531
16082494
12375178
16611199
22400149
16600775
11663338
19814518
18354598
16680285
21292976
17487517
21719189
15084522
12712720
14388752
23429572
15622545
12047510
21340081
18731098
14756835
18505978
22105843
21832272
18000135
16496215
19283029
14668642
13392570
19278684
18763146
17995861
6483577
19419062
19011316
18872385
10975517
13032233
18266323
21383091
18759105
20153908
17695222
18545021
16928412
16429646
18966609
20805873
22108629
6422829
19508196
17097720
20158492
10856440
19452585
10151574
17014901
7002748
15088122
23239402
14538908
23162452
12966221
11757338
11181371
20617709
18630725
9846038
11158723
21175026
14934161
23763181
15608388
6647382
16051008
23030297
14365359
21473934
15951466
9327185
23000686
7083438
11252913
11819968
20130271
20455224
21087062
20557095
18516771
11260339
20219385
22284036
21629126
14356338
15224261
20547574
8620522
13269711
23278781
18825574
18972926
19676457
21052978
13558486
22045037
21308272
22297818
19643172
5503196
21350871
16984659
14572879
14526838
13239968
8844644
19640653
5016991
16608980
18317805
22995908
20292378
8358749
9521347
16446657
18383362
15719560
19118035
17616198
12976656
15671835
22377758
12312829
13748328
9752145
18196728
22665220
16771099
21481082
15699888
22621057
14800311
17412662
20846852
11340790
19005439
10949509
18525532
20325177
20138972
21022565
11033239
10759123
18746592
18061170
12671122
13102502
13082100
16298073
17618242
23798526
21560420
16129066
16693397
21382347
21240606
14910979
11392363
14130184
12139583
19541696
10606769
21171099
22674974
21663122
17459296
14860069
20628075
14592687
20417345
9289078
20130498
8462560
22740191
16867464
15912495
16852535
22697364
16692843
20622361
17667921
19866000
18797669
22346466
15054332
24173706
8821201
19374403
20061678
19753313
14564718
10557919
16489327
16959486
13495186
21079869
20694015
22543184
19213044
8088732
21006694
21761560
14946764
17726392
17206094
10840617
19027217
22214902
20298919
12062190
8745056
7572609
15354899
14683088
22996429
15558752
18964183
22155379
23522551
18615024
12525577
18206976
18399359
8471650
14797172
11992115
20789347
17717333
9617142
17950499
17573464
13387188
19626050
14152330
10957437
12633224
17092822
15619825
22072861
22806028
18753235
14613623
15625017
13623258
19406844
19453213
16324187
21214371
17169280
14786462
9879476
8712432
14321630
16838482
21775572
5209331
17018500
12851270
14055121
21407132
16675834
18411587
14587051
15768433
18815666
19709994
20524233
18671710
15185261
18590288
18303968
9526572
18722928
17266247
23179318
8258747
15257921
14804225
20336490
20949879
12065208
14724002
4363803
5705579
23150066
20891881
10684270
18450771
18843924
10198381
14052197
22915146
20872745
21046631
17446635
15835525
14269277
16630092
19819189
17485554
14662198
14323140
13844974
14462967
15584261
18241749
17524877
13196843
14118467
21737677
21937060
9241809
22821699
19112144
19417241
23613139
17456021
16404856
21269823
21442666
21428945
14210189
3365902
23009222
14416897
19811614
17246376
17532969
23273653
20803670
19048314
12857349
23339612
14638899
14668956
11368425
8214071
20618988
12076892
23154824
19207044
15091725
15588699
16353334
12503770
20212551
9418302
18038273
20013768
22801231
21409477
20278944
21985448
17990971
23873507
7870568
20999843
17971394
11137904
18546426
16185065
13859675
9762602
17049671
21082103
11661315
18421562
14213361
22222066
13514732
14137769
20975736
18826295
14431386
18417314
18418485
19046974
23075657
12389421
16649613
15606409
6887138
16596446
20703282
20023923
22380528
12875508
20659048
14315096
20922387
12821924
8876874
17335450
21583916
21927632
9945376
11644079
22130415
8712015
18059003
10794580
24321738
18961435
17976959
12799460
21095623
7048609
14871236
16012002
18641414
7302686
17835191
9260727
20847406
19329086
20286125
16707331
19150986
18840421
21254888
4804914
9435137
15473225
19788379
10625961
19738370
24149847
17660969
14201580
22273973
21645846
22915598
13745547
13428711
21933070
15924634
17086819
21823842
16181101
11572527
15619601
20770578
18237538
18957886
16836263
19141321
18977482
21953910
19713594
5273374
10358839
15753201
10413462
22242752
17695296
18926454
11417951
13862312
21621906
14342228
14557458
13328913
20856928
11984129
20978045
13924719
19681568
10375640
11600035
16017220
19851417
19358521
19022062
8064718
22540537
21345354
16927048
14189578
22858979
21993628
20370503
18260848
10612870
22257021
18816435
9134159
17158697
15187923
21581037
18006532
19682509
12678585
17658278
21965209
19207663
9097224
18695951
17108214
14441228
22476608
9425549
19019090
15703903
14041172
16470171
16984446
18844375
18158774
6413450
19602036
16227937
21425158
19922537
18958581
11853350
17987207
12852255
14454729
18888916
13395893
19704206
12254689
13318716
16751219
17965184
23274113
17208690
15432251
22504397
19222250
18230025
15270509
12089895
18362714
18661429
12522099
12359688
16039914
12787363
21372743
13117393
19727216
18450117
15007810
15047365
9319756
21965059
11323232
21593155
18671807
10805787
13700792
12281052
21786445
19436512
19475767
14829872
9344483
22799729
6254563
22924085
16317482
19107225
17263645
13211272
11717878
21333675
19455021
16087286
19643008
15994388
22477295
23169991
17834674
23361257
20636935
20611248
16952983
17424187
21609360
10452630
15860536
17868431
16921808
21547323
13843464
18632794
13585732
19160147
18177969
14578059
16936162
14770234
18305455
19079933
16126802
15174840
20580882
14893282
15910659
21719343
23012979
15682995
17835797
15953322
10898624
16803471
18559490
20016820
19678908
21363793
19935072
17073887
17269200
19062802
16422628
12826735
13928548
11226165
11203321
20737622
20209175
19041074
22694428
23680846
22438943
19315625
14363770
12632439
14615074
18088600
20248051
22827505
20232425
14504512
10523708
14198566
18823630
21242914
8850801
11736298
19555776
23229750
16720336
11866908
7485974
19540402
16675968
12784579
16839165
21803992
5747173
11277712
20902513
15887509
22488761
17553504
15559202
6940593
22832225
8786118
15187857
12186059
21775128
18532616
21536012
15156330
21599702
13225962
16734894
16946553
22809106
13063514
15888283
23055761
21070262
13639624
12599456
19837168
19880089
8869832
22143552
9004909
12093711
17922422
20955985
15242895
15533999
14887290
14188506
20484340
15832635
16661611
24269068
23701504
9707651
11526628
17163639
20005941
15302918
19987694
8089494
22821062
11738874
17559710
21225117
14142455
7135580
20517823
11050900
22359281
18878298
17288170
22635416
12683310
15257764
19931336
12425302
22508594
8964349
21811213
9951604
8087905
14540314
10241982
11613742
12879747
6795802
10558186
16653128
24223449
20365259
16858302
14277636
13477793
16691339
16465484
15125482
9830800
17805431
14627127
20354433
17422751
17715702
11029162
20388979
16844152
16160636
10021798
20635048
23210614
8048320
20605543
21705092
22870775
12190027
20676862
24795563
19642681
16495319
15588093
20017647
9306433
16825335
13246366
12234605
22829723
16449586
15880575
10868434
7010054
11665833
17862104
17068480
8031290
15723241
10912725
12643942
15020497
23465453
12634573
20224303
14167791
15238479
15318318
12939354
12640418
22550450
4197429
2934094
17558790
17807499
18289523
16096254
22034348
22527755
13860464
11338970
12630644
20817864
22644749
13190180
9661622
24171215
16458608
13666560
19828061
17048724
21403334
16271153
13391835
11574236
18234936
19390937
12641729
21985635
20925823
14534309
11387945
20199177
12147568
22110627
19336493
21983557
17488737
13913821
21187279
12143844
17999819
10623688
18585493
15326799
10503083
13452509
21342525
16155856
23951959
2705776
16963386
23800633
20680947
20338866
11960799
15775193
17153486
16898745
19595267
21746912
18895423
14996658
16579371
21884412
11724133
15555583
20678500
13631738
16785748
19424267
6102920
12634185
12031342
12071509
21640094
11141519
12400506
12952985
17131634
21164096
17512665
22754853
22457176
14043296
13846070
18398122
14069609
21396837
18311040
8836961
7769678
22124109
18663743
11917149
19131088
20660469
21137061
22608933
22393477
17529388
21340630
18447875
16425795
20566052
24189214
20194949
5440840
18660630
13912521
19673146
14985200
18591383
10868818
19428876
20956406
16490186
14500883
12303165
6942484
17876772
8243765
5369538
18727898
20826147
9009784
15084540
15517882
19352260
12840400
17703344
2819433
8234794
10001230
17756712
12891721
13895001
19378320
15841512
7021239
24087337
14831627
9576054
15729417
14797376
21531979
13702572
13453099
12379057
8425623
11881330
22365176
20559001
18082065
18473152
18344077
10734739
9194922
10031361
19591971
19344472
19048827
18675718
7878066
11429683
17980766
22020831
11874934
15011268
12850194
15445875
21996510
19782214
16192848
22944273
12521792
19536120
23839794
9904595
13286867
19486177
10318814
12869752
4780541
11815780
13380808
20072527
21502080
22272879
10479653
18602673
18486004
15047849
14123927
21186712
13211259
16313292
12462438
18861282
6753538
21288595
23181176
16833570
17443537
10715929
17568791
13006889
18183518
23898071
20718752
19825611
23094255
17794946
15241832
11953694
19797832
22785716
9273018
12846088
13427367
19605586
21151672
12038713
14076071
21826034
17349844
11870225
18598130
19047643
13282591
21264491
18341017
19858044
16176248
17608781
22785645
17859306
23217841
22395170
11838220
13092838
13278346
7917919
22688560
19163054
23434692
16458604
15513082
19546936
14345810
19794161
22175059
9269203
23508449
9360103
20890510
19163542
10608872
19127170
13577738
22960954
22156149
14593571
8854033
19630790
21021084
11895206
20932857
11983366
17043197
11250623
16584439
11904365
16275090
18426051
15604440
17654751
12586392
16951295
14937463
22109400
10518691
12006180
18956650
18131863
15743254
16586416
22191019
17510237
21450139
20486261
18072537
16845992
22092953
16382147
17246262
17150149
10563931
22636100
7231158
5121349
18385157
11212168
7114563
10584035
14476940
17409038
18482957
18004918
11169084
8741512
20696473
12841035
9096392
18263055
8578341
17734640
19044467
19160746
23710857
9777431
14770749
17478845
19621152
20438841
16235147
16434846
18226330
8654026
14127245
20443125
16785414
17161710
23046003
17908759
9346564
19392678
19744624
18139344
11208172
17469733
21925696
17489601
20544567
15880788
19419756
18641723
18061598
12339457
9744677
21578847
10373363
18872742
17845282
18635273
17007202
21343210
22406776
8493755
18335618
12557781
10258428
6043590
14673585
13001331
18589940
17109339
19413791
12452723
12829476
9139337
20525680
20424920
17371285
15165963
19703202
17576799
16463708
21737822
13611211
14756897
17372374
10298554
22141007
11890831
14403866
10853648
18591720
17936986
11047641
22402654
19784989
21662813
22550767
15769381
14251280
20962602
17385512
21783419
17670622
19610283
15214344
12896531
18365051
17784057
16099022
19172142
16568215
22026503
14023423
24504098
18467452
12469755
16985999
22712039
18189588
18700797
17192527
21052355
19393365
19933737
15257449
16913476
15677101
15524941
17178409
6599386
14737152
15801340
17106772
12059191
17077976
18015572
13971045
23680908
14615542
24388717
16724307
14069196
19579258
13615655
21464530
17746912
18391740
16962640
18839259
21993092
22606959
19337347
18378618
17468770
16356892
16426956
19440080
14934236
16993661
8733903
10948434
17422341
14614973
15362276
16302572
20318423
13921056
12935032
7009063
14299464
14689198
15902208
20006571
19987742
14457024
22587986
15093693
11242803
16494573
16783800
11392862
22161663
19927908
16094148
16444454
23722003
9836954
14536528
16750376
20675712
22676697
17250036
12903472
16446362
21208709
19120819
22205648
14065061
20740792
10985363
17889634
20407430
17396011
11065984
16861059
10639972
11151249
9723220
15719431
10915916
10257119
12524236
17445369
21911290
19124535
21882543
12297406
16835253
21416737
20512892
14883499
21439797
19337886
23622433
11340827
20277827
20000437
18818191
15348657
7523149
5633243
20385260
16592527
14024095
21917361
13378188
20463894
23802893
17890551
14388684
18350122
10788374
10899663
9257735
13556700
23159729
18329262
20194283
14858877
15305818
21172442
20677772
20719604
18614645
13737903
13720976
18453419
10885661
21653749
19066866
14758189
22729514
9946909
8323223
14581353
12989851
10296124
18938747
9936102
19531891
18894259
15917349
22615853
7352366
20793716
21866554
22624635
16962889
18422570
17221048
13991996
14016848
20700115
14055110
6178788
21987435
20921367
20351770
23890414
17521778
21384697
22471070
22526828
17897138
19284983
19826040
20277007
20195242
21756022
19500407
15738829
12782317
23535387
12733142
12822437
18284924
24739488
20814254
18450354
13824750
17874169
14019326
15932601
23717003
8480439
9841331
16823902
24529340
17863430
8548907
13579679
9468025
19146265
14466683
17303940
10343345
20151831
17294721
10375817
11297073
11241026
15772096
15484759
14945742
19075432
15415389
15317566
10595666
11444241
13653540
18877546
16724088
15064888
16238629
11765676
14588145
15682897
10561054
9916549
8344825
13722070
20723020
11160263
18121687
22797749
18749157
17010910
14985059
12152306
15240065
5610184
20190788
19711032
19110400
18079205
23875599
18628681
14517136
20259043
14769876
15139216
11514228
18004989
10818883
15341520
23116867
15082000
15682987
20610435
21824953
21189347
21946277
19338673
16506503
10813382
15324961
18106135
19477716
22802966
15482770
10331289
20585229
23750146
20798338
21897756
13148671
22562270
17095810
20408985
15735958
16171515
13896905
9017222
14119295
21623018
22399601
19270082
16040286
20885192
20205557
10961417
12026203
20218130
18737880
17666565
12926644
17883296
17587479
21450887
21273316
15470694
21008758
23382069
14115254
17770686
19519213
15762316
17199365
19466502
18038516
14291708
23568820
16835179
15337249
10079795
14542712
13933152
18069820
20784151
10897277
19302354
13731049
11530831
12310407
14126196
15741142
19965331
16999501
9897693
18080560
15625579
15851014
22499531
8516813
14170885
18820387
17046904
18740235
8640929
20463987
19899404
20207756
19131651
16800528
21746175
23509076
21866066
2052682
19476076
19908802
18315633
19314613
14452224
22865119
21379691
17742708
21660696
10666249
14790984
15546857
14754100
15224451
14443516
22558876
17187287
18645239
16078663
13266991
21578613
16329072
17490383
9633607
19976583
20068524
21420736
4875387
14018073
11604179
12990394
18731994
16640003
14946893
20459172
22220750
23718403
17235216
16553487
20849843
14941629
18450058
13504877
18924081
21870081
19226240
7920771
20783638
16135890
22585988
14484041
14212709
11237293
20381550
12654034
13848304
14577191
20379845
16010019
10743206
21325711
14460290
12020263
18089795
21779902
18253416
18650264
15304686
24514380
20634063
22718647
16150862
12282074
23710914
7291022
7222812
15950555
17253176
19443739
17956023
8850668
17486315
20734018
22518030
10564407
12878461
15008506
18266662
17393557
17806100
19688724
14289953
21377385
14731445
21472831
10038318
20264581
20061494
9099441
22704494
15381432
11964286
23378434
17917247
15096032
11252461
11960915
17668794
17892754
14504034
23563443
18448822
11200368
15445966
23018515
14962107
19432943
6579406
14924454
13617195
16469067
12742857
11653270
13981927
19968954
8323998
19431616
8276374
13412829
16235792
16760256
23567566
17700326
15225075
17819727
19841325
20096373
20114845
20957277
12147766
13255732
8972745
14666819
16689859
22367737
13792129
7909126
22287321
7466228
10845077
15388482
21959790
14409266
15131975
18580245
13530516
18236746
23616899
15284341
13978502
20312564
12347570
16644191
12720747
13486162
20076787
9068500
18189772
18654472
12032594
8851886
15919214
15874103
21545656
22993392
19421137
14970515
19925289
22707835
14922871
20699241
13101572
17211526
13516407
13377282
19990083
15163390
17771786
7790270
16855866
21373772
19297038
17321269
20066023
11132907
14053032
18266859
16095356
10924147
21752863
16647426
16985607
20099028
18921506
18454249
20683473
13285912
16188080
8456126
17849710
20439584
21512699
20146970
21459475
23253755
13754735
17840503
17727455
16157787
19389814
23378426
13554274
18374282
10527446
19346060
19364782
21717257
16397578
15638162
17870797
14787891
12595052
22586818
16369312
13164781
21344460
11799826
12343629
7051294
19389662
14778048
18922390
12085447
12633950
23592381
16068569
13875924
15052589
17815010
17797258
18778801
20282975
19001739
18558043
17979327
16163458
17008877
20760009
12228612
14638749
12138257
13194741
8796165
19926425
18413385
20906803
13501001
21382426
17412204
16535902
17702352
17279083
6533850
19523305
23765478
18907843
14856708
13816188
13795868
21778497
19365591
17676716
23921347
19996660
12098784
21547078
16247124
14790322
17007211
18019965
12840789
16861316
17685130
24420322
22660138
16169850
10380563
20877745
7078343
20006141
20461904
11630532
16091936
20315777
12228300
19822313
19793781
21756473
19391888
11185072
13155966
16808460
20277905
13690529
16156335
17113958
20692153
20619853
20972469
16538967
22069249
5442801
12517043
19726915
14265899
24433453
21113391
18759844
13748754
20127689
14559418
20708283
21328398
15350507
21683182
18640970
14862124
19774862
20179773
17416693
14737655
15553073
15601864
20915671
15996231
21091973
22813563
15850392
16225409
20087416
14282150
11234404
18814704
24561474
12083751
24018528
19212055
14739934
23188718
11922655
23541003
17953885
17952425
17249070
15908630
19462091
13239553
18881607
12169177
11187547
13416488
18204219
15838332
21810629
24528021
20866960
14924829
15345795
12146022
10948603
21800796
20558387
12658088
19990045
19931795
15668736
11536023
22108524
18171976
18145889
10554553
22390627
16179322
16192451
13540334
10516160
23035846
22748636
17355923
11867077
17335437
19632162
12810530
20360704
18306511
18198573
20955228
16868930
21696431
19203686
5450885
21758339
21713814
7931447
19112201
23940835
15234540
8463568
21810879
14374841
21887505
20146666
19362210
19430061
20426275
23532531
11841089
23247329
20021143
20371175
21383535
23060109
13490123
16007895
10806619
17427244
18568978
14834069
8876887
19392017
12118331
11710296
9683976
13914304
14283050
17216929
16874668
17759130
19272051
10088329
13077316
16131014
22286383
18575341
20915539
23254118
21102505
15296897
8571930
8115153
12275751
12493822
20887018
15037616
19754446
20497974
17750043
19274608
19871617
13823605
18138368
14601758
17336541
13418024
16367831
17318042
20074494
19855275
17828509
16607970
14380757
20077975
19364181
10297560
16842510
12691602
11602200
13636885
21430346
11615656
16517515
16757635
17867914
14743108
13717338
16895142
14472035
18369105
18436537
11274196
23254002
11800448
21383779
20377100
22949710
13320548
10936330
7267824
4834903
23186726
16447714
12459387
23605944
16631697
10191744
7539926
13757182
11886879
14725497
14127771
17171733
19336152
19158143
15303041
12309606
12719128
14365525
19301884
12795431
20925761
15656899
22923298
21213513
21161221
21007989
20672096
18588800
18950178
13946484
19035509
10280318
22584392
12931676
13944188
12035447
20689699
13523683
17427556
13782149
7286188
23990771
8515515
22509247
20999096
19056889
14632081
15702490
24302993
23086157
18613416
17488644
16716112
9021576
13290405
11463255
13786253
12391284
15681746
20276327
21063657
24124952
13849059
14254434
18882096
8480799
21857060
6515371
20577192
15153847
21853476
18967023
17213757
23594291
23421659
16149791
16160769
14000417
19530361
13553606
14354641
15485898
13832618
12080030
13394969
14138351
21215025
15129239
16474837
12062787
21599104
8792237
20954018
20582275
16466328
21875652
16368741
9346602
17680479
13158297
13161311
8017386
20214403
15174101
18205159
19321612
8082141
15167804
11180205
18688980
12022107
10987268
16862060
13718089
21202890
12700003
23845767
16759949
22040802
18138288
18586607
21947232
22226867
21340908
17329105
9974413
21057003
19900923
15151003
13520825
17444156
18835446
18423576
12370435
17249675
20287869
13071282
8192321
15764287
16753120
9883812
18292896
18073871
12715404
16112494
13259336
20976731
19764957
19883390
22902458
21906440
17805443
18115357
15701806
18288842
13751696
17161553
20893586
19602124
22837693
22719108
18585387
12293194
10441157
15790352
16736070
14882024
14524494
18664882
14080630
15997658
17622020
23157769
23450897
21093549
20175854
10016297
15761251
13488928
16572621
22697651
12575028
9758741
14721168
17414993
24054756
18156909
12770946
18024825
14014366
20196531
13042844
14624281
16405051
16084107
12669812
5307460
17913267
13706629
11813234
18497980
12690737
18123770
12402768
13414870
23968572
16924913
14779627
4715783
22435018
6590918
17212120
17674707
19771594
19687459
23163347
17815136
16487213
18045210
11656263
13599506
7079813
14381168
14088852
20559993
14836984
12825787
7159154
19869329
13743610
14410608
21723191
22560967
17593109
7639702
19880777
15153915
13013556
15588975
11426510
15347584
17531631
17130980
20197975
20721260
18507979
14257321
17040332
7370044
22882253
8614418
18343430
13632811
21708891
21932772
20933392
12365264
24008668
23107677
18927599
12613811
21435159
17199573
8706718
15566314
20406123
18208718
4759426
15154023
5990373
13271511
20954943
17694669
14695136
20801678
7419188
21094691
15286232
12355897
17115567
21146656
16761408
20413259
9257834
22818442
16592627
9327756
13014577
9381154
22042011
12878227
12478942
19610735
17798218
12462622
14406837
13481432
17762280
19662513
16566106
23952994
16862886
14944615
8100609
16839208
14872319
16272958
19755217
16114731
15222795
13113493
24074457
18340839
17334105
21556505
18207811
21204417
18019330
7314869
18312555
19707292
18577425
11211966
20872944
22642815
20729073
24420593
9602045
18948648
5346815
18836323
20458865
12562677
9811772
17705915
23347751
13920683
16084207
20634719
11785598
12861283
21974003
16363997
20638869
18867983
16088216
19749221
15525864
12957817
5260250
22792523
16498081
14514436
17354371
20167649
17847006
9200025
18919329
12108304
19780080
19792898
6593072
12039897
17680706
17936787
15316331
12562293
3623856
20820744
24164116
9041497
24352608
20405287
22668546
15548862
17742450
14837225
13027596
19298976
17244679
21833079
23675236
18616789
7222104
17695958
18241318
20168520
9915770
15567362
12317683
19157698
14701038
18423217
15531048
13749003
10836461
17368071
21632748
16378961
18287714
18223858
15726025
21088900
19333345
10643071
21625311
15392479
8802396
22475546
10454588
19730528
6894271
18388482
22147203
14753962
20271345
10433447
13873956
13034680
17988316
20924571
22281766
12036003
21310039
14840857
21448753
15175483
12326615
19190175
23751271
15804136
12776425
16318677
18995732
17855522
19174001
22522925
18397266
13868322
14628344
21372791
22033719
11883285
17146688
15722082
16761670
6536979
21583321
16285063
17885285
18258720
11468789
16178777
8374439
20938555
20404119
19705614
10359732
15909350
6156314
13056301
18156748
11675364
18116229
18426754
11441131
10522319
17463055
13044977
17350439
17110920
10879745
21836006
11698625
20057415
14547460
13471994
16491557
23384141
20111553
21260489
17453206
18125572
15297085
16668344
17707661
20283442
9717498
16313295
9727150
20859366
24533526
9696132
17481151
13156666
19624186
20197826
16995284
13845443
19257149
16676526
8618848
23703577
13308325
23859889
7625715
6103966
15655268
18336329
19275143
17501984
12410298
23099338
15145624
22911348
16044557
19548537
15147578
14012159
20752115
13782624
22540583
7386478
17607682
17537427
21716486
10336853
17434732
16800796
18595559
15431115
19822759
4503362
14459219
20240127
20639260
22846661
18449662
20212499
14504302
18459684
6045201
11588459
13766393
13982305
20097715
17931385
17772502
22276872
15642309
14788106
20029424
17074079
19346994
15405517
12475308
14940518
21996845
18650811
18506606
6839635
8918962
22530682
20422808
9338054
20681841
16127803
23384142
16750894
16580113
16178517
19554454
16257296
16565365
14281811
18030365
24500311
21606981
12964738
23771291
12842397
15942079
10511869
11203837
10755515
5316369
17773474
20125884
18887900
23115522
20727759
20751469
19621082
20217587
5712316
20681152
8200360
18463686
13530230
20955734
11747263
12638726
15021406
9039590
16106539
13684369
16869592
16129369
19442467
17542635
7890430
21304354
21454825
22500951
13519615
22261166
23990840
18199886
12711354
17129109
7491682
23121403
15120237
21063092
22750386
13108753
10990528
15062308
18275654
23154813
22222153
19884435
16632776
20516997
16780879
12386390
11469509
7161113
16406440
17730369
16827254
24197693
21956140
13850230
12881212
17207684
19990722
20663416
20348233
17669829
17781051
9123156
18737112
20043022
23348520
10682098
13643774
16235893
18303278
13208519
20335332
14395924
11846314
14794791
12390499
8584902
15809505
21928721
11662914
11895931
14947224
11612978
10174828
19662933
11992741
19253258
15310528
18357746
13285961
18051354
11768470
21242436
18764501
14387644
15101986
20660604
12409664
17538569
11530367
15853677
12679052
22434388
20483612
16218064
22159582
21190627
16259300
17151022
18849987
21047468
13733482
9464485
14824195
18847436
12835693
21898364
23596754
7065219
23197868
21070181
16773557
10089472
23372682
12704443
7961922
12933370
16300402
9295240
20692176
20326979
14224483
9418361
16183320
16338146
10471909
14325958
20694781
16653616
17585114
18159920
6992128
12994728
15228359
23811891
13529291
17859975
18774931
16679093
19416407
13287142
18921523
22392722
22592221
19109465
18626728
17333675
10156528
21913242
9242359
15648095
12822058
21627213
18322745
16357055
11980472
14927237
18970977
10261177
14759936
21051287
15888874
22698412
22494549
14086633
10410415
23071723
14919756
16486860
23968785
20795987
13615507
22576043
15974356
14620870
12278382
16515558
9714373
14235162
18029290
10090398
17399779
19834920
5794633
24191237
17396168
22562124
15674520
24045395
21162971
10677659
14461788
21228080
19088371
15330973
15078344
18337462
19632000
17659794
19029019
17619564
16316934
23819874
18454634
13195231
19033982
16280142
20835290
20974718
11485555
15567467
12831501
12734331
18585411
21977140
10242582
15009252
20520845
16525415
18183192
14914626
21996900
17541210
12025697
7099707
10814230
10365811
14074111
19924640
13505578
17554367
16236887
21430290
20585647
19722855
20765869
18482876
24324881
14049511
21379413
16721418
18703961
17744124
18025362
16231247
12669742
16036590
14720420
24149176
14019250
15696757
22800080
12767654
20925019
10222086
13886879
21022695
15040670
11268346
11711462
18210011
19543687
14580783
20265196
22312536
23209697
19749747
16272044
12623992
10592374
13343227
21041468
19647501
17709021
13801821
11620664
23589223
23411030
21379701
10225536
22708888
9847669
17431723
17344966
15181913
20072225
22707740
9992200
20810454
18853758
20724209
9670307
20671018
18100132
13160717
14952752
14446062
23295250
12478620
19348464
23250456
22905564
17582167
19717026
7229761
21389805
14207161
10313718
15130047
20633709
8819240
14765103
16480523
19745521
11587893
12250736
17839097
11317187
16740187
13626425
19907325
13143799
22288393
16354103
20304261
17208205
14552745
20672278
21900312
7903662
16463301
19507771
14794937
18112325
8862083
10795646
20078455
17215520
22354062
7106446
22208731
23514315
21668976
4553498
11147110
15983129
15141351
19768374
21654412
18094766
14479289
22898307
20058602
8650381
17734172
17753942
18020993
13406742
17072769
22701916
13399106
15571973
20415529
18853018
11634045
21032975
13887649
16501614
19676275
11085919
20950007
12242038
8979710
18383157
9659868
21014232
10854723
13992247
16164020
14089700
23213527
22283758
21291578
12771920
15250068
20858760
22291581
23214517
12732844
20156880
11108541
18770106
17543822
15060670
20001119
12680877
15170621
19044431
23354660
12740821
18856524
16144236
22672251
22537105
7324068
22750454
5552263
18354758
22164268
16317899
16116667
21947048
20876046
12606971
21466202
14399768
12916526
13831731
16897723
19036512
14974175
5640818
21082171
13390202
16520550
23015303
23304955
19157347
14795405
14246175
9969672
11440582
14355840
21752092
23260292
17551405
18822353
16044666
12251612
14874264
12297765
21796502
17841262
21194843
15353055
16677809
7584905
22348638
14886448
15854567
18719665
22504796
19236372
9005047
12522142
13248662
20683621
16358147
18839888
14953729
24608553
19010214
16054548
21469632
16217141
17875494
10106870
19972709
23199793
15759253
11835679
23408253
15162803
23392690
22562842
21887104
20557896
13714375
22039589
19103848
11034970
15230393
13809612
16646078
21204274
12040294
16664711
17584277
18049679
14881548
13372605
15721035
7126995
18251662
14503235
17261753
21872758
9955757
20127678
14546548
19948481
24101991
19635478
23707499
21740093
20004735
20377043
18968569
15102177
18085519
7342336
22624063
22249591
16384625
18416508
23938421
10852452
14840410
13553573
14392064
14838723
17967316
21515779
20146858
21567276
19858782
9171130
15093290
18088608
21221259
23966431
16360720
12300174
18692137
14654368
14454873
9051763
22367706
14406008
20891575
21395168
21508806
15591708
18752681
19131899
15321557
18182752
22270431
17864232
23769753
7137184
22309360
19655249
14192379
9200617
20565672
18856237
15551380
14945170
12883011
15950477
15576669
22795933
15612562
4946387
12015441
12239674
23061894
17776889
16818809
16572332
19413996
18701572
7618825
23192561
22501639
11473459
22119884
22874102
9634341
18969904
13334344
14696335
23608385
18732331
17052969
22811618
12116520
18417006
12377846
19071237
13219600
12836498
20480377
21762727
16184296
13087925
17980094
8847948
10218159
13456933
15220611
11296887
17726884
17097641
21664656
19206224
19351614
9370826
12282795
13345596
19116053
8289572
23180321
18224310
13832079
20209581
23483917
12912490
16506851
16911257
17579014
21070590
13732792
16311379
17258071
10719564
18861040
14270506
17873105
21888949
16991039
17286208
14331068
23539423
18438587
13472668
15047823
14253587
14234892
11913214
8634842
21198203
20589486
18103830
17042130
19198288
19297900
23644159
18818260
14822807
16869119
14699986
19077980
18893002
14610161
22083822
12293084
19522389
12352482
19253279
11441631
7157008
18339003
14657827
19979042
20916745
18202263
21844025
11784618
19864293
17732706
16762660
17472069
13889722
22500878
16621925
17872184
13886114
20432474
5980692
23239329
17060237
24503132
12691331
17951566
22407692
14259991
16448417
12322715
13633290
13470855
19382579
22613126
11546793
20898027
20080793
8750038
23113081
24201542
21376464
23555798
10162510
19140461
19945747
19069900
18328853
17016973
16321073
10132338
18236269
19740814
20775012
10301340
21340217
10632759
21367087
12692347
8606206
17065098
22336083
15976339
24367088
15863392
16929806
13506415
19124533
22584076
15970492
9862125
10257070
12859153
12005596
20104696
15402744
19001323
21288175
11566291
3423047
9765817
16694504
14348669
17579649
20535814
13928201
11861348
18284645
16320293
20057774
11594875
21963282
18480696
4645002
18404992
22812458
14193579
20302301
24390126
6670598
7849963
13234755
14520719
11488785
13366021
16953606
8014256
23085278
16438451
18568610
15013942
19331636
19057192
21863461
12819175
17861014
16903644
10490304
19995669
15582719
23035973
18995399
6154351
8809076
15205927
22658189
10021326
11349682
23651147
10272874
16670353
12802033
10260358
8974493
18934600
13948179
16662541
23122099
23197376
10570279
15083765
14433427
17614797
17312225
16843430
9831055
23750185
9479749
18742698
4336845
16565184
19747295
19152085
18176109
21796896
10778806
23252507
21615551
19680728
20315511
16490518
19268812
20941558
10468217
10703846
22247848
10804896
9514587
17292336
14917935
18160472
20345705
20575682
20551979
15314616
15201479
21173297
20571765
5321151
20842531
21933621
20552285
16043327
12205830
14933920
17933192
18467541
15005190
17280372
21690820
21057157
21407903
19903866
10703207
22445577
13046188
18798812
20585092
9706557
22282264
15052692
23816861
18409571
10802985
14157470
21335223
16094287
17167760
17419640
17013010
12666918
22514272
17484232
13311010
10878063
20387715
22492463
13690678
19940791
13463062
10784222
16451653
20948967
14993601
10706924
18015528
15530233
8674038
11877955
17918470
8943072
20682927
22456054
8137363
20408468
11153446
7436782
21058914
4006229
13069095
22246995
21177876
14726383
14815128
15701997
21128887
20438648
15804956
20412782
9911087
15812221
22279284
17013045
16736170
19358855
16066594
21182579
5670028
16302542
23832188
18768217
19220355
7315583
15513540
17847669
21634132
13311483
12845613
17428923
18422227
21975471
19017265
20766440
18005377
21751276
16142518
9233421
15470536
24436384
19109602
22736511
16047416
4744195
16729693
19821366
21616532
19312972
9208735
20541124
15766347
20951480
22125626
19975566
6660190
16955261
17035894
12663797
19908013
19372783
9130133
13819133
12492894
21689513
17265675
21020733
15836640
19451794
13117486
22748188
18549501
20415372
20495238
22603479
23553566
9056797
15210563
18230935
5215457
19000056
13633795
9892343
14810726
12110571
20230554
19994019
17558104
23086155
13093768
10724720
11982392
19206443
19542394
11697347
16508950
6747834
9285232
18727086
12609081
15938846
13008089
19404668
24339637
20557293
11776736
17176194
18789982
10470440
20184666
16489362
20539118
17773327
15557994
18474789
15234805
13384360
19954997
17965676
16644159
22683574
10967286
12748238
8386052
18175023
21313294
7940671
17205551
19397269
20871211
14568404
15402334
19749450
24671635
21952943
16564470
17227594
15286319
18004079
20483967
7406992
17619895
16749196
19295046
21838907
12157392
19196654
9948121
23635030
18972537
18717958
20035229
17725932
13883362
9262110
7812267
11209160
20472965
22849244
20851652
10005308
20442915
23434789
20554781
16075506
14555259
23596458
13046548
15398916
20556063
15641374
16232025
18845821
15069796
16226520
17902344
16606591
23527135
22998892
21945578
21333558
3604883
18422150
19111557
18774906
17432640
20455213
16294123
8478412
11220416
16286995
7130486
17354901
19219269
15217430
19546005
22295630
16229861
20476911
13215388
16595215
18714070
16583957
8536076
22424141
19269480
17013918
16735178
11972356
12205213
19418798
12700445
19226727
20171575
21999031
9525341
16958336
22312347
16968212
21281146
21004706
13054123
19090416
13842705
14621664
22223489
11891659
23142816
16883863
10902746
16342965
16041546
21303825
17166568
18964029
18205971
17535605
19230400
18866011
19820699
23559657
22002402
10182646
18317591
18753065
16492219
11304203
20375694
12118690
13353622
23891648
19870755
18820790
22789357
19424885
11582186
21534469
16957403
10876172
20999113
16806647
18308142
16553519
14522573
6377155
6315014
11895730
15663735
14685660
13946749
18266133
20453391
13773410
22573359
18709278
21357656
14347987
21978274
15855757
19010911
21121044
12663753
19836043
23447864
16668215
20471609
23815438
16851201
18107333
16744632
18485583
13407258
17655894
12056992
10433986
17236662
6777193
11219303
17847552
13602477
16622359
18777041
12608343
12678418
12776490
17723221
23761434
22063354
17540669
19571756
16812937
19425530
21119188
12968553
6355743
19498372
15868307
23127692
14417913
12152221
23922386
14015122
22256735
7324258
20352378
16775635
21019095
17457353
21287726
16998013
10555981
13590953
12735855
6863993
20916267
16042013
23357269
17856628
12212385
18698071
17212604
8914774
21590682
10976300
7738944
12514759
14386389
17889249
20632263
17880048
19071612
22471318
17113881
17574442
11962104
16361553
12153926
12582665
22838080
19618476
21302541
8892308
12824321
11140011
8468749
23740904
16251793
12194315
20295408
22605900
22417545
19966947
17212295
20370721
12866699
10428853
20828898
20209881
15605606
22477765
17419808
20539480
17930633
21396683
19109720
18524842
18744683
18876055
10282350
24621971
19461321
13728023
16419012
22479984
14687220
13256286
20089085
19959010
22520127
6075776
17592965
18982924
20011133
18566927
22693977
11215386
22060802
22981218
20150941
13495042
10147066
20928172
15831768
7869035
20872402
22137536
15791352
4568821
11069897
12117893
8678291
20117196
21053209
22633582
17526496
14034619
18342438
16608981
6050844
18870868
15272536
18896269
14663878
23326608
16648476
14017603
15715061
21518885
17518667
20020391
21955750
20965394
22032325
8107417
10931078
12672668
14284764
13053914
14734338
11742834
18985890
11806814
15771351
23936152
15805930
23845357
16386129
22113431
19256313
21960587
13581458
13884102
14703349
20517400
14208002
20728348
19582648
16763697
10780967
18154316
17166686
22770213
17827836
19178853
14700941
13969751
19916962
23585539
16056531
22747726
17151424
18366487
16732878
16926012
20408086
18945999
10497308
15106777
21811494
9985383
17595070
14770277
14819194
17616583
18213399
11367522
12135749
12866659
19882900
14493972
21876654
11356814
10344481
19947135
16695002
10960400
15616824
9701182
21288938
16809979
19572519
7227154
23347092
10318622
11642845
13042397
19485279
21389424
13745781
17842660
14558283
20753985
18369883
22420556
22909779
13759094
15430161
16997469
18558500
12708371
7245293
20495353
15394341
12712770
22670208
17957708
21378639
16549199
10957504
16726038
19564666
6542629
11953222
21673273
12675007
20527214
12207044
13278288
11385928
11119686
19906757
9324010
16258592
19932332
21896581
21122592
14746315
14599911
18713073
8727218
19305772
15142319
11609607
17764710
17824931
14788977
10944002
8590581
10564920
17882924
20865123
19145658
23482207
17377235
17145683
10413038
13959249
18036821
21730098
21737337
16640506
17700979
13766495
18780154
19529267
22084898
12302653
19031302
19591137
16858789
20629577
15241168
20803420
13679103
6824954
14577199
13113285
13086588
7553207
13420899
23202100
21539959
12554132
14225147
13429872
19735728
17560183
19279688
22339915
21628429
12764196
19325074
17632059
23279765
11323547
16638900
18439673
21884705
10363698
22072785
17105825
14013267
10226468
17469811
21142172
22062029
22000732
13145731
12808432
12379017
20005753
8140477
23411567
19024402
8435963
16611955
20270935
14642336
16534118
22853654
14212961
13470414
17680126
13400524
13017008
24187692
11722892
23388759
24156103
20674153
18829425
18197315
11054224
21548603
24329977
20317185
11910948
20371363
22218803
9765633
21562573
19889405
14569765
19708465
21786021
19212363
14191725
6462475
19968693
20817256
18786669
16045758
19832881
9160868
17535587
15458306
6664522
10806043
5122451
19128791
21628391
18442459
18570894
15290606
20643084
16992010
16900028
15438080
11526617
19906763
11325485
12201816
15237359
20766901
18719064
10913786
10904403
17359587
17005350
21626485
11431984
16718585
11551613
19234740
21146294
20632680
21074888
20671503
10908853
15902743
17731533
11196952
19234423
16235651
1254445
17165649
10027741
18782785
15119720
10921792
14292069
8762208
16282806
19510391
22420804
8124654
18947904
12030887
12807875
11412217
22739751
14790441
16527897
10604112
12106290
21898673
15739250
17308788
16637636
9934649
15803529
20983929
18006890
19867483
23737656
15570605
20795510
16853036
23089126
19161969
19096342
10391313
14369151
20423193
14662751
18648456
8512051
15069252
15592052
16624929
16327509
20925901
20972854
15337401
14587588
10181939
15724489
19171364
19413447
19902254
16605238
22682168
12060811
10220858
22121334
16862664
24592468
19972495
7274904
21488536
22071695
13763554
16657447
18178685
12481714
21503345
18542172
22336580
20042734
11583098
15235420
18214822
22753642
22012878
11368705
8326278
13702866
9037843
21743426
19683930
16431507
11513396
10422544
14078881
19322164
18585342
15439997
24086347
13374814
13502694
22314669
13369189
19817066
15606638
13290381
21170588
20366908
22046526
22638046
21563792
17858798
7401357
23522535
16724806
22000458
19993880
15172620
15709572
18648422
19243797
21121271
19126636
23010580
3848339
17395814
22042983
17619928
8106974
9562019
21485708
19656650
17749488
9999329
11537493
8833880
14573250
14953063
15197888
22750809
19290288
18039775
17558605
13222705
17493403
18084641
17444526
15892696
16264719
18575655
17030210
17799303
20718921
13706546
18455899
14549574
17225112
19398058
17198521
18005220
20311815
11958069
20054872
17071631
16686351
14317902
19402366
21684125
19199206
8724028
22310487
8275036
13438145
10600206
16003849
20895993
16288529
12455801
22493848
21937841
8211335
13978031
23083447
18596111
19568001
22856754
24263868
22893567
22875891
21247643
11915897
15762917
12430775
20778615
21154909
10650943
13698317
20619523
18292172
18867200
19804254
18142277
18081383
11558859
23484584
19486893
17470570
19021252
17680521
14094826
16814584
24702057
21402113
18552215
18495622
19339005
15286559
19275003
23537969
9631616
10945797
20933971
16755736
8054695
13836169
14732396
17341276
15930399
7635866
23232448
18465176
13931534
20231897
16768329
16300605
15847224
20155551
14853778
17352080
10714074
14210377
10762510
20543356
15673077
21770213
24201842
8800571
20022693
15711425
21336665
11118141
9780096
18766816
14727083
7839552
18696868
19200801
20847250
7305608
9813736
20672100
12079841
17457594
12451684
14557197
12048881
12263406
13548706
16709203
21971317
15860414
19155161
19454237
22587601
20003364
19049606
15192939
16992296
19539437
10593033
14206975
20088500
7155913
18638410
11308428
16661063
15200821
22017097
20220462
21954031
22911570
10289455
17657686
18834551
14322609
23919401
15395577
21837600
18075895
20944479
20748847
16189262
18674586
22449751
15178129
18094767
23657585
24104611
8919547
13342567
22416399
10526558
14095830
14442724
23268481
15374710
23821070
20847228
13839650
19022990
17815139
17094827
19696674
21836707
15536293
13950857
15226587
18966747
22558467
15082518
15147095
23545219
18964701
16085822
11185549
14864409
18100457
13879304
10785459
23404129
13765133
15195131
15156452
22058470
21965746
16826528
21507913
11794473
12441526
21078611
18097555
12611734
9931080
22839632
15105027
17909046
8378956
11475011
11975949
5054460
8830058
11483228
19385977
13711779
19015418
23524239
18428463
16415067
16568760
20563045
16881884
13745523
17131267
18330767
19228672
17031206
15142255
14837467
13686497
18588414
16972336
21311126
16438372
17192281
17937913
19584631
19514102
17153839
20663804
20133638
20895725
13069741
13492064
12406401
14029928
17737814
18841232
7975995
17370136
18677687
22448510
23781461
20387413
22291391
21719338
20925012
12569241
16416832
13563782
15317921
14456244
10195026
16498361
19513168
17727550
18124946
16184268
24612221
8432788
19420804
17594756
18873433
20172213
10540144
17711569
11822974
17233361
18038823
8009407
21484344
16265249
18862007
11707761
10286868
8816420
19049307
20053423
20816319
21058656
15424555
12225549
21160202
21511822
19809488
21220664
24058990
20116283
5335231
14929848
9771958
12166530
12810373
14513444
15447687
11755158
8252248
19450696
13370396
20892038
23686407
16909711
22331666
15267557
13188392
17016763
23064240
18235806
17864983
7300771
9138758
14752291
15815308
21687529
19086214
20739481
12228590
12129976
13742435
12534317
15002263
22021670
21397653
18210965
21927015
18622210
22251555
13196454
13333194
8235886
10496196
18879140
12337939
14460927
19607788
16756846
12754827
15214323
15348973
18112658
19242342
16869534
22761983
10552939
10862138
7295207
18426048
15141988
10663608
14591920
18143472
18587869
20498929
21136290
12049148
10903796
10861296
24464183
14441845
13949144
19225798
17353709
10065741
10579266
14924671
10848454
14904595
17366545
22108693
22826389
15717673
17097413
14366870
12859273
23450105
16516014
20344862
19519773
17921542
13710480
18337952
18464327
23924185
21356231
13994068
17638088
22508829
21076331
15577401
20752121
15665885
21315037
16322814
13223499
18863526
13669525
14906794
19756237
12579117
14283068
20086650
19075267
14797662
14260449
19710301
20741823
15003732
17654788
15407775
13396992
20631488
21583076
20723910
24899171
21874500
13950027
18025774
22505671
17146717
15383160
23153422
16457036
17167691
16629337
21378814
9759820
15899418
16157034
20440097
12527938
24175655
20650909
17774099
10223950
16343678
9415122
14048577
21850955
24792988
12717972
20656275
15381432
8043212
14191327
17941142
9856456
13337059
22588090
11373928
17802251
18152777
17766140
21545637
10684955
9020018
17497955
21149698
16112878
18666931
18081646
16058368
15702233
19805164
17682981
18751589
16856412
11736704
17767913
22936132
21804875
12316643
12192912
8989797
19043147
15744786
23984372
18844181
20849832
20826428
15394545
19946370
21181259
7217374
18982939
17053404
19500770
10066893
18645323
19954243
9770067
16525174
17151996
8228687
19841363
10461756
21044678
14284706
10721340
24064877
18527228
21906304
15358788
22632475
21592819
18575185
12407000
20932153
10806266
22291022
15322594
16624424
19169313
12989153
20909127
21936207
18430595
17342397
22593082
20100558
15311084
10040650
24310877
16989019
16442153
21525491
10896249
23321959
14247938
11332720
14159677
21449257
19260932
20122237
11055063
16102625
19404486
20486975
19354400
19709336
21118786
16959234
17605622
19650560
12834026
8320659
21853940
14948194
17583406
9604222
20186646
16190686
22954309
7310498
19828793
13780099
12170535
17849895
17864280
11831810
19512444
16064798
8334311
11040825
15275027
19097785
11842120
24093152
11960336
14128002
16513534
3914886
17671657
21944934
15099213
23147652
22414585
16290176
24465726
9268982
18133961
16258236
20682919
14846536
17696117
18435179
11736444
21519544
15732615
15883386
18973700
16311941
17927578
21345272
11331161
10505977
21841123
17285001
17010097
13787231
7348299
15479200
5990060
17768943
11065423
15508175
24005862
20607360
15633405
18641491
16742527
15552948
12899063
16915807
22799077
6273870
11434152
11915998
19465585
14567319
14971960
20498431
22939076
11508044
21925099
14228535
18660381
18730708
14750415
18977358
11546068
20794638
14997347
9724723
18169218
11360864
22029217
22921881
17728335
19704664
16902601
20411380
23082109
19319128
16046720
18953168
21449610
19036848
16766843
14131128
17797404
14139232
18532064
10643951
23168745
23731559
12257347
8843146
23124198
12701709
21706806
9710467
14616525
17401704
18505548
16667854
11513842
22861285
15453585
12732271
14464548
14563088
10134848
18935864
15111228
19378401
10841053
18584333
13085046
10622802
17370337
22850490
5991425
22737897
18196056
14607670
11361727
8651867
16897347
14196876
18945372
17685683
8512329
12153840
18489030
6925262
18797860
8698310
15888453
19034445
13414193
18173196
22013287
13633299
20674993
18722224
13260804
18594586
21316790
15331679
14448168
14552967
19789667
19648275
23113297
19866803
20401214
14682373
13284568
15208993
13412395
10050461
12584375
19961776
19719745
16684046
21070891
20796309
10516283
21906465
17517758
16829654
11812312
20951532
18721528
21167708
19498342
9161441
20722067
10560184
14154794
23394295
16668647
22159097
22598235
19486443
10722877
9484681
19561945
16605932
22744618
20639011
18506449
17925010
11466630
16087221
23708974
16723704
20700908
23387974
14175467
20594864
16832173
6535253
19658045
20584448
9936116
18117949
23132232
13153265
22701276
9101212
18647126
21346528
9604581
19608480
16868751
22866019
20577798
16031515
8480601
16464744
15151225
8242030
14689394
21871949
12673382
11068076
21154203
22019271
20877198
21544041
4911073
24128708
16630198
1413777
6833678
17378994
14062882
19992890
20811090
15589492
18969469
16789259
23615710
18029998
15468575
13641874
14527649
5698560
20933004
19638261
5076587
10212606
11094838
15886160
7937857
17020236
11252181
14812542
8152460
21476869
20804574
18587847
23959175
10489911
19944478
12841868
19452319
16547424
18614396
11787064
23182591
15093673
22207887
22187882
14878461
7880490
17592450
5137483
16569765
18176418
13613330
18086811
12622640
19663055
18359725
13510685
19248003
17808334
16574471
10888410
16226726
9163810
13155354
14738799
16239374
11968955
18050646
9897144
22260724
18037412
16611780
17319447
16171423
17933183
18142847
20344223
9373199
8790365
21525476
22610565
20519042
5615986
14472658
21586103
20782875
16324381
12429016
9330603
19323484
21707583
20164655
15780854
18252469
15254871
13013451
19435342
10437624
23575350
5345704
19392681
15331044
11215117
15695324
11802635
18127721
16181133
19787226
20310457
15415366
13782471
19573040
23859433
7983691
11461775
10039364
17420355
8758236
16079374
12262825
19792188
17243963
18264139
15577981
16631820
11678092
15540040
23505704
17212382
10658523
21511183
18611299
22503564
21625630
10763005
20181143
11798696
17935426
24005136
15034507
17558947
21913036
15137475
19354461
6994553
17482480
17286464
22681547
22746403
12393437
15490282
20572605
22479643
4832207
15342427
15662819
9379458
20718475
10090863
18501337
12595489
10507907
16662519
10809758
17986377
23007558
12561513
14668823
18099310
20047072
11431197
14282278
12409786
16987846
8108650
16817126
18443586
20404957
19142000
17436903
11150946
22855674
19195884
24167302
20440087
10530030
20509412
13258356
21165023
15496941
19652409
18800474
9601787
16001670
16470436
18096878
18462899
18998539
20906624
11878219
11741282
16201546
23354631
16925974
14158689
5993758
22437527
8334541
17161747
7997060
13769994
8593326
16623890
21477890
13068303
11099513
20154449
20321718
22687539
16486580
19670738
12758575
9486356
19578059
15373247
19486269
22268582
18226596
20929070
16046766
22021442
18569608
19984082
15987195
22127430
11162185
14152411
16993562
14184687
22359325
18605111
11983860
9643502
10688219
12759364
16652672
22719488
23168903
21928764
13502781
7268274
18860127
14350934
19473969
17465360
10715394
23287610
19584212
19954712
15250488
20771178
13710180
12821219
13636043
19794205
16366477
16527220
13368657
15206603
20504880
20117364
9575691
10805452
11770168
15550173
19684421
10203407
18267918
23191505
13620149
15320617
18257386
17090201
15100521
22405877
18073790
11175545
16133905
21362931
22923274
20359719
23031121
16747667
17606720
21418886
11857336
13579690
12989639
17402816
20464551
15098859
18936988
10693419
21574071
17115567
18786737
19923085
16563157
13992132
19779712
18694842
6793017
17941037
18167642
14582350
17722300
18456250
13716436
19862693
20178257
21797268
15171028
19347094
10591066
19138413
19111781
17513187
20645730
24186183
17584401
14803418
20341352
15283097
11143776
18250450
14718164
21056333
18058772
18190787
11683489
12740164
19574479
18562268
18553929
14699337
10620352
16443510
13073159
23122633
16752703
13415173
20149574
15496989
13258121
14400594
17903044
12063043
15887076
20441099
12846622
24282115
22647848
17210206
11563789
21398257
21663233
12141466
5919804
19101342
21385145
14797664
11575789
10844228
4681391
19525057
11943644
21885735
12293501
12884286
8920556
20859415
18783272
14521130
11405849
12884853
17602168
13873007
17914816
8331649
6120084
19068311
14698493
22394973
17765984
16161215
19157528
16034414
12683082
15584678
18064836
23903433
13188555
11475506
20212150
22519420
22529144
20109277
20987727
19479015
22531767
20833321
12764854
16408005
13225270
22621759
8005957
17117141
11105403
22429472
17030590
8731460
18504628
20202068
14992165
15090061
23721914
18764056
7148607
12764427
23843296
18388334
18764869
18261627
22316646
16517115
8796609
10808116
13667840
22015632
21959693
15400205
8873161
19649659
19108764
19165949
16202880
14817586
13438018
12534644
14765541
22124708
17117468
23275919
14863276
13331763
13279022
17685431
22918022
20155860
8798903
20922350
10296397
20692134
18989714
17787304
8868200
18059486
21377669
21000734
19999020
9035911
9301035
15841398
18272939
17623011
17237856
13963991
13941890
11633099
19906244
21179981
23146058
23837564
17032144
14014883
14406300
23445905
17048702
10635078
13945200
11007327
17254497
20849499
18947161
11838984
12546962
21793387
19134483
23256153
12299361
23409629
13111472
12416441
23318593
20127654
24622154
16669888
5507876
15993689
14916826
14776120
21138439
13899143
18545110
10839931
19758503
21282091
22289656
21721260
21292298
20987124
13807980
19725708
12774666
24111841
11754132
14218626
21919229
7103062
21853605
7852580
13408487
17174779
24115944
18307461
24118247
19262383
21040692
12212829
15823554
19637298
18113457
22460973
16887090
4360244
12171181
20267215
9083241
18404884
13732230
9202804
23626961
21361717
20788756
14602080
18823896
19241426
22104588
18195467
19786211
20905201
20563618
18214780
19724519
16237734
9479882
12945737
8642286
19976570
20051498
22035063
9311023
12106212
13075673
14689303
12022655
23293236
15023302
16184221
10817754
13888962
18011961
17220302
12290095
15909515
14338750
22208903
13808146
24690073
6090727
17632894
21464888
13338080
10131915
13384769
22171826
17742457
16406707
22648460
12442727
14379802
14037336
22450851
18215969
18685933
21158765
14512618
20024196
19563351
15884186
17845710
18439149
19287922
17404286
22475008
22976426
22375418
8545513
22879334
21977459
19176943
19628785
15389870
11620599
18564083
19798704
10003170
10482451
9404285
19124908
18325360
14379157
12628097
12761035
13206008
22616879
21980754
17371033
19949733
11194616
21363973
13100957
22689870
14631240
20511634
19143725
21429151
18962784
19387708
16027849
1729454
17496016
13406265
9218440
20254664
8197615
13067030
5221630
18138542
20338652
15270948
14946832
17650639
21950605
23901570
13073037
22367809
23126914
15237521
9168459
20473962
5011868
12239244
22880053
9269661
15390630
16051728
9596795
15448590
18405553
19074245
8247321
12916325
13408705
12375446
19722641
19566407
18857804
21357757
21992438
10456607
13777486
22707248
16789381
17885173
6212028
17116976
20324695
22701240
12800504
14929333
19619006
17608408
15182699
9522935
15085572
18945097
15909965
13162966
17520311
15524211
15081808
15196132
21432605
22541732
19910067
15747031
17795118
12491115
9988472
10061695
10751117
12382364
21363042
9788488
14812890
23115853
24713281
18794083
20238873
20836454
18628551
8331374
2451875
11381406
11809052
18140769
14646778
12581628
17800344
14401556
7889721
12058238
16335474
16788912
14288107
20713716
19366399
17089663
21863820
19763062
22623658
18657392
19824422
17316557
16433466
17482064
23270736
22753383
20421145
14287724
13573759
18753031
4756501
16418064
11013302
15804497
16645491
22379924
14801257
22976780
11701962
21173656
24546096
19104701
21042862
11485179
15497712
21028574
16006570
21894571
21845224
19297972
21900485
16456789
15079087
17152837
19022767
10370874
22471679
20385228
11849916
15370158
21011102
12094425
22088278
19621079
15117501
20502722
10105415
21187391
10867713
13867943
18366036
14777167
13351376
15263155
17632738
16430272
16671406
12012287
10221042
19851322
20135790
19819091
16850670
16224725
22359393
10276023
8153324
22748429
16176006
13773117
20063689
11425184
9953963
22648113
17821000
11171768
19320572
8044817
22131467
18528635
9496838
15659516
20198188
17235529
12299848
13784958
11317876
18931564
15438069
19210038
20874460
22821970
18978207
13005987
15098284
14982036
15867763
23585267
15260050
17728796
15305574
20549201
23636953
21766339
8261416
19499966
21710977
10818299
7989461
13023902
18502100
9194714
18220849
19799071
16944229
12866712
16016149
8766791
21760543
20792349
20163534
21931850
17816436
13810753
19854373
4697795
23104172
15232851
10089781
19775025
23802998
18757053
19301255
13237955
14057366
12424374
21710766
15748657
22038717
18415010
23214415
23263878
18984962
20086229
21485363
21396278
14407066
19051418
19248571
17445002
16492821
10119049
21912730
9447042
7904805
18023206
18254363
23782112
20767568
21529834
19971815
14887064
8048689
13637093
18985490
14396002
3599930
19109954
15736441
13337880
19686285
13349883
19082920
16659541
13750846
15488470
12732160
19779695
10520874
12154689
21718408
18142459
15520630
15155837
23911662
8261086
18663167
14363350
15801824
14804919
7916462
13272263
16816758
17103615
20580081
21755690
11685801
15525330
15471049
9458058
21615943
16635198
18418321
18324326
18374747
22184247
23404771
18067575
21597681
13217693
8761529
13232294
14251877
16392556
19422780
17504931
12205527
19476855
20928867
11734897
19698870
16227659
22502951
16562713
18912989
22678789
15474600
13774212
7385009
17194970
20786737
14738362
15618958
19387401
22663240
14921096
21556624
17874949
23317331
16279985
12606030
15785391
10864174
19455270
19637816
19724594
18821695
20444062
18011891
17196770
8976548
16216145
24104784
21378458
14271799
13563571
20422988
4042402
17029480
19950739
20623517
20447473
14505347
10654039
19872817
14470449
24657154
23655013
12204013
15793372
18669702
18272414
18761482
17045240
8399477
14885665
14933581
11538494
13688474
13842696
17679133
20833445
17056546
17878944
20704967
13237214
11519575
11971662
15982300
14311528
16161361
21361475
13619219
16103043
21593456
18793124
14361807
19759992
17967860
11523208
20001307
20471359
16850163
20874181
9729338
13860942
17455398
20557806
20277575
20425651
11033950
3803832
16708764
16078910
16490838
19104003
11316108
19864301
16217192
14467359
9278569
16150727
20941681
17990492
20511244
17490384
20511246
22991865
12313122
14255433
19149037
9534175
22450015
16288404
23709215
18269609
7956600
18310723
13915680
16842704
16197086
14339512
19764059
9898888
21946218
22246733
21821492
17731499
19015235
14747677
16188390
18588311
20041814
22094179
18765393
22869038
15489083
14115985
19297828
15665143
16327540
20034734
18553306
18862560
16923098
18247866
14136971
20211880
11581246
20957086
18186260
18402588
21253868
14313415
19651828
19635965
17860763
22843990
22295240
17523371
20223234
12255761
18671928
23621721
18601687
18093805
24895231
20059989
23356958
14437613
21762496
15703731
17021651
7947346
15386003
20973496
10602873
14432850
18866608
22819726
13971758
13512071
16413990
23201514
9891914
19867823
11509740
13813702
21549456
17459712
19303582
13441017
11987806
9026758
12815598
23398810
16959561
14853931
24541061
17308446
19091764
13805304
16701860
16479176
22787386
17970731
13574452
23124154
23497783
14809962
14171877
12510357
12287938
23020816
17226558
20068768
21416764
19614738
5780421
12932661
18990061
18633594
14284188
16827933
11293130
14416766
13125967
11566564
18354939
20367829
20259820
18765237
16991129
16161822
22075003
19728877
20476018
20547013
22814991
17824766
23836935
4176053
23287944
19766689
22414291
16751899
14123789
7215183
19211987
16940046
15444317
16246185
12633950
10229259
13219172
19182636
18371038
19469237
17881943
14910480
7541224
15396699
14451859
16721049
13765813
10043890
14757162
19942102
20409110
15871453
13073910
21834384
18295250
11935467
20686818
20211858
16766671
16253853
8585924
18517973
21325142
14265611
17430719
17011156
24504930
16563215
11396490
14319841
20799093
7846952
23005123
20538039
9102999
15069654
5859767
8149771
19049815
18655498
17070954
17033473
23884033
17383380
19705366
11396867
8162873
21858031
8303006
11845119
13045696
20312601
16717231
4282125
21052906
22487208
5851794
14587068
16633486
16292970
11345675
23290623
22391572
19956202
18507458
17451479
13264816
18239579
16919282
20791480
22210553
14044758
17496677
12513474
20196603
14295084
16125501
15576473
12284970
18147457
14801023
16202326
19516845
22723363
22763664
22786660
12980754
19774742
12589024
12842562
23120293
15191291
20360097
23080749
13489361
23178024
12471254
23440771
24555285
14480516
18476045
17847878
13371220
12952448
19462717
18788527
14943573
18080072
8900304
11165835
22408408
13102252
16566717
19243289
17225539
17625181
19770862
14065954
11616730
15054513
16793678
17208082
19182919
20010308
14637862
20514155
20269841
11546769
13557521
7198120
16240966
17388701
9367408
22510014
22663669
14961346
16476248
16377672
17481410
8641152
18965763
22978286
21418063
21953127
13743653
21479030
15395939
22731878
17243777
18404607
20665441
24216793
20355161
24617401
10182776
13747745
19276402
17158252
12470180
18697380
16194364
19469546
18607032
7123244
13031477
18380947
14457124
15163781
20311460
11734935
15789185
15870141
21753010
21700422
9543701
18336416
15502678
21419953
18252465
19882680
16897117
20308889
15597959
15796945
10688712
21602540
8250786
16467409
20010152
15529463
21189254
10788888
13860751
19398027
15902216
15766804
19405980
20342270
19474954
20495793
15430938
21590390
22966777
17607816
14144785
19907538
16582859
20432473
23407510
17054364
19565089
19046901
21311163
17976288
23906291
23497643
20417105
16146574
14799288
16253438
21280677
22313259
20455222
9320243
11763666
15752726
18237541
13548389
16803948
17075711
19678757
24019212
18249197
21520320
19829436
19577048
16057168
14970112
17397609
12992818
18007911
20453687
19763398
17400226
22867763
16498835
8208375
21319482
22655925
18753428
16384191
13233432
11229042
22334782
9846611
9831978
21637426
14057271
15370608
21469421
12468675
19844845
10675211
17729366
6870258
16385158
16225784
4724799
15375369
19874981
22908871
21250069
13326685
5300613
19687992
18605079
21078319
14283232
19392554
19793001
16923538
5303006
22025311
11870095
15914219
21211318
18262681
22517406
22016046
18200543
11092432
17320262
20506070
17249152
20539875
21888392
22170146
23136220
18868526
18221343
15843107
22453430
23378787
21494507
20953526
15413996
18933045
15015767
13642224
21708675
5856396
20344665
10769484
23384586
22392940
14587178
8327742
15265746
15599892
22184095
19518384
11352546
17867952
20133238
19863691
21383668
17341895
17493077
14554178
20342213
18228583
16899034
14687649
12281285
14295282
23889360
13441104
13922263
13563808
20398107
21242022
10917873
19226100
8915227
10764683
17883774
14480624
16364826
18020006
16611647
19084788
11281789
20559441
10574044
18070888
8214358
18130017
16851997
21912579
10452875
20439420
15697028
14937768
3992296
11865045
18889728
16316948
17485297
20779448
10830115
15499751
16431974
14877484
23971017
21882044
12516106
23624963
20701505
19332232
14243289
17384533
16150180
21515888
19904546
19607583
18712860
11833209
23514198
23823278
21873085
18589331
22790168
21667593
11610189
17693083
17000342
20170890
14765779
24509302
14710263
12557882
7280996
21278045
14804446
15785712
14550783
9917380
21922335
20015581
16253783
18415563
15992209
18899183
17935833
22764684
13334761
14343073
13735151
22313026
22866354
16271699
21388629
19676368
17895696
23448452
15216273
20589617
14298818
15123642
10514194
18438732
16282767
15602463
13163223
17086868
19486509
9674615
3223631
17950429
19839680
20567932
14087138
13156887
11547636
15611248
8744963
17870825
11907902
16670452
11113728
7923752
10969291
19693225
18660603
11284815
21862935
15197342
12601431
7945275
13221914
17438537
19685693
14029740
11570777
5567890
8981089
16437894
13577345
11449723
19022125
15945068
10566029
7145899
20751693
18949688
21113717
16697884
12761235
10707690
16754755
13855335
14881181
10324998
15292552
7673570
15314099
3904240
16958243
10974274
20759925
11957233
9544454
8482185
10568032
5441234
17487063
18122348
13628205
18773105
8696059
10959721
24399751
4482176
10288083
21728859
8721783
12943829
22915800
7673178
12165608
16816941
10673964
6747550
22427939
18002164
12037827
15991898
11574670
20487344
1941005
11184337
19834482
12989838
10678058
14757258
17073931
15690460
22538258
22164125
12518313
17879431
18283922
20648260
12537074
17369482
22038466
15322894
7886219
20619197
18118176
4411167
18590908
13097548
23670814
19335835
9894188
11640711
16024803
17678925
11180233
14806021
24439425
21742970
18516810
12089181
20120215
8029931
21602204
9898970
16309500
18388836
23556157
18122139
20492399
10657006
15661758
9473258
21204367
23636691
14512238
9923267
19933491
15696918
17262720
14397528
21897505
19602813
13160512
14930095
13984065
19900882
10053330
16982176
19951858
9557419
19821313
16271147
12622295
16458236
14874891
15618500
18623926
12607067
15293454
10887164
7078190
17872263
12143813
12069391
17304373
13238922
17542756
23891056
16835036
7693729
12600686
21331645
8527631
19714354
16933795
19768450
21239904
20512936
23610134
19498115
22120304
8550640
22579965
14241162
15866962
15055358
21312098
23874465
18692774
10140286
14512732
22585384
19862276
13469371
19002742
19660624
9850738
24002202
14128834
13752101
13222506
19371340
15383021
11771094
13433864
18124163
24271349
21884705
18478648
17324307
13353044
11566547
10255702
21655251
13947275
23864124
16207435
21429858
13178948
15735725
12033736
11567881
14237429
9906398
8279922
9999377
23086868
17833676
10534019
17705266
20084468
15324907
14284009
14479876
15462378
17900968
16285884
18735024
20099428
14425584
8028923
20849321
20421140
17591912
8421768
22001432
18994677
15277525
11555912
12489488
21261576
14645011
9308895
13464097
16707539
15563099
18342928
23236676
21490738
16407920
12733819
19593637
14931655
9974261
16118200
18115216
14564780
14328295
14587187
8318361
15526666
22499193
13879638
21267579
22796535
19825591
19140740
17300878
11245204
6924034
6756687
20007077
17980617
19826241
10222132
22642400
16719804
24377357
16504188
20952743
15220984
23801208
11921699
18585352
10614021
21569044
19572431
23046199
16556621
21768705
13227644
16612859
21693923
17974784
13623663
21435815
12007846
16299516
14867516
16089190
22873097
21481306
16246214
15414022
12276125
10268648
10223104
11744292
18118077
17172724
19679792
17371671
17881502
15669821
7812964
19957373
21271992
13125785
16592940
19617153
14601824
19222952
17357296
21613968
11633652
21380510
7442682
22233616
18037538
18620022
11110173
11870402
21382269
15908364
17062141
17162173
20179872
21667035
14430593
20884979
10990592
22134504
12499256
21684704
21415896
17672760
13378488
9777979
5980449
15934256
12093378
20226063
23731917
16633138
6236967
12226153
20347811
19164049
13894704
23594286
19290952
11759448
17447806
20731915
19218055
12956307
10017415
10737026
19946881
16548151
15836971
15100026
11872990
15834908
17832969
21633781
21549143
12761332
12525223
18710014
20328963
20596359
17971254
8885555
21064221
18713988
17406873
18251603
10565772
17223474
21803163
15897526
17842931
19870977
17787961
19636799
13734655
15608460
19631334
11359422
22966667
19044454
14473672
10846594
13864634
22532605
15632173
22998260
21862572
13268694
15816952
16197578
15710920
23012982
19685646
16109910
15658599
18868721
21368566
19323474
13817193
22312902
15719727
18101787
19866471
14184154
17746336
11734036
14471721
13914227
13934775
13892958
13691835
17552283
7787642
15594909
12683701
15639390
10595256
21531688
16455420
18500408
13299735
21342327
19531991
20941142
16819332
20823100
16362561
20971746
20546844
7198050
18827742
23377505
17244358
18882293
21507507
16564779
6962084
15166469
15033204
20232011
18945846
20226640
12398264
23258692
8700843
21317353
12673351
15379215
