14857450
22527453
12813926
20146435
19625196
22775999
19872758
22273011
16409106
19902782
19784279
17820239
10546067
20451231
21172421
21877783
15789005
15723322
8012699
13654579
19473255
19961440
17928497
18821183
24044289
15187978
10209589
17934578
21358230
20054133
18597516
23311024
10480201
23229222
11479617
17103124
23043728
4553256
15146547
16325984
18765466
20828246
24647832
13367749
21777587
12876534
15843289
18151394
14700863
6394849
17476427
16855107
11324092
16300079
5895260
9632414
24261315
15164470
14350899
22166364
13067309
20988339
21971238
20909741
20577955
15515863
11628168
18491516
16151435
19288887
16026521
18591480
13608471
18501294
17182805
16638264
14034494
13141386
15940253
18639453
13788217
19465222
16826641
13877798
7164336
9719431
15984602
13733708
17976652
15999112
10294180
16899781
18683478
19655749
20662821
20008229
12188573
24413156
7782860
13038362
18724726
13089374
22242295
20233824
7261369
21899350
12475845
8523443
11893881
10942860
19750638
19045741
18979142
11777816
9259916
14642668
15693561
8891719
11807470
15619813
22807125
14273731
16803277
17114435
18284094
18954866
17532350
15113511
10922704
16782596
20364990
19638884
23537028
19564971
20226618
12999276
16381984
20327001
7290178
15636918
16916512
12889933
11201187
16589391
13819217
24287744
14351809
20767805
24225019
14134205
15408315
13663275
24257757
20144927
2561351
19897028
12744297
17607854
11996582
23929345
18347307
15888808
22000319
6736474
12339488
13866202
19989945
19713737
19977363
6901102
17468112
16887416
21357669
17861380
16534605
11458514
19466976
11262176
18949448
12047500
6612341
9717263
15146152
14756720
12661459
22832135
16493571
18231806
18486509
15227013
19003180
14337941
21718620
8618792
16513387
15519645
18764594
22891446
9673609
12965512
22690494
24218869
13035633
17270595
17976765
21403546
21091898
16036352
16572786
21258479
19513685
23839634
20063388
21574812
9401613
12663822
9546653
13810550
11812773
17028060
23499648
15612959
21241499
19271630
20884325
22546726
12697712
13344215
13210097
11182946
9935655
15122323
11942840
7147765
17493263
17272990
12697538
17851627
19572563
14992042
20880865
13324584
13520263
15612643
16867870
17415459
22787171
12816934
16983775
19229672
17660423
12836754
10247683
16453754
17047895
20334157
18669964
7009002
11664370
15115671
20753714
18118481
15483929
5986398
23293677
11769718
8340606
21032606
4939285
15612973
11679945
23256867
15443736
23609318
21285015
12254845
21315682
10724823
17265356
19791976
12965047
11386310
16453977
20676469
8667561
18438643
22232346
17647420
19247200
10123303
9624190
18723119
17714749
17685723
15158264
11411121
22882318
17278362
16167158
12989322
10016299
24003184
15670367
12509017
14608973
9190652
18489968
18200204
18307945
5955352
12204465
18492796
18868481
9856297
16177621
22051510
23641437
17716506
17852724
20948890
14085010
17237289
13978353
23168022
15997288
18572918
23280714
18957097
11485103
19255563
18328879
15534521
16087836
8653735
18063470
12179717
13019064
20921719
17097899
17028620
13889379
13312671
21104597
15117111
16425941
21093744
13442820
16584477
16230154
9027733
10586559
21370148
22902722
9297712
19506611
19319594
17682089
21656146
12320796
10057259
15125687
19304261
22168602
17692316
23037272
15853207
10155731
20182374
9233245
24627970
16245721
17622846
19575613
14257684
21827421
20990665
18039968
14756353
11789546
20335985
21922421
13476530
23539914
16079110
21402002
23923885
17972301
21169055
9955587
13364306
14056223
17891652
18017590
20965492
20957712
24621377
20865045
19617824
15637240
3176825
19498141
12539316
17673212
23135610
15288252
15373471
9370724
19539433
22821950
3188856
18750068
18906951
16374652
20176388
17013407
16992488
22719224
22997315
10677406
12248965
15853258
6138727
19708629
20773282
23449488
20166209
15632484
16654576
22902098
11418743
23876676
14521226
11767802
21683052
20306772
11098892
14468500
23302734
11963082
10627705
8462776
18691735
18058761
11420386
16768773
22765657
9409031
18951148
15461576
18786494
8612720
16946371
23772100
13416911
7708066
17061237
12604005
15876953
20920557
11076377
15854190
17438198
24045029
22277467
19059968
18743601
23078736
17419310
8350067
3653184
24217476
14441483
23890820
13250062
19373679
14885890
18701890
22685931
17820365
11636018
11043008
20461858
16950339
24071418
9421373
14142323
11280153
14537370
18627641
22386338
14531451
16641202
21469554
19744224
15412462
20090716
22239500
21089260
23564683
5127165
20743227
19596670
18595269
10993750
16736647
20795247
18396647
21742959
19118489
11668873
15562246
10022234
19507380
9651470
10645348
12937318
14081690
18187296
12369305
9024615
10262475
24518472
18946447
19990637
14594368
8078156
7886970
19479663
18593199
21569864
16349280
16093124
23678712
13685702
18727794
17180432
24277357
16285969
23480748
7536717
8078387
22958116
23787413
13519171
13782177
13785281
7560278
9672160
6619389
17264329
17447066
22280866
15792613
20201902
19633877
15775664
15806308
13499765
17842912
18502490
18123949
9885847
12405227
8913778
16034399
14406872
21632428
23048878
10798351
18208856
21564686
20890320
6950221
15078352
20105953
14088660
9698625
13577772
11764168
22121938
17245520
19168314
15164525
18802655
10603482
11132328
17424821
20393205
13815690
6269105
17950331
17614652
19744038
22682283
21379032
24033334
4713488
18474349
18578460
18589138
6589780
15493881
21629869
12053297
18010207
22217527
16280162
15412628
15948958
16401336
23835004
22419966
19894750
19287690
12072035
19992990
19403709
24337798
17862694
19904343
21636634
10450895
19666377
12983552
21074168
20710591
8888947
21660455
20895578
16256580
10469658
16385050
22435654
11891392
17650644
13158499
16034759
16408342
13545074
20375197
9536984
16398946
22681931
10507998
19467350
23513743
13949631
22522963
12699764
10474496
5277580
11094506
11893526
13760301
15558337
13889841
13993231
17711940
21985604
21123185
21884303
21841278
18536290
8253326
17531996
19296066
22367646
22262992
18586364
23057440
12787359
20868000
15218651
15708586
22834790
19095779
15163152
16259078
19998180
19782466
20900544
18486554
19681349
17823888
16613339
19821201
15135188
19602295
16028568
22994584
13601048
11996314
16041207
17450167
23143091
17888304
19729623
20125353
16938274
20404654
13239953
17626988
8489847
9942061
18730094
13234743
20723860
19682742
20217641
13527014
10967030
11757313
21814820
12027681
21929410
17827503
16833136
19158309
10337994
19313817
16806700
21542503
18425926
20129771
18827038
15143129
19521854
17276724
22800748
21284599
20779743
16717370
23029727
16063870
10462648
21152071
16452220
15665141
16499967
12598156
15530279
23715917
19605373
9637735
20804743
15916730
12161279
13270263
23461266
14619848
14443992
14679310
11949804
14891799
20509117
14452741
7053976
18774113
18381585
19981953
13924152
19432061
18033482
16991600
7857809
23850448
18366004
17452773
18018327
19189373
10519284
18431232
19179179
10697184
19164745
13540993
18339656
21702028
13440569
8248360
10398829
22721864
10414776
15411371
21004752
18619035
19782201
14137628
17089849
16456309
16626639
15985847
13115071
9257773
19285739
22668232
9227641
18864861
15634681
19458092
21772846
20225449
8272952
18388574
20122429
18778336
20725332
21759319
10234774
20583153
9798859
15676784
15835527
19261325
8825074
8549636
19873607
19096770
10686097
22564657
13096483
14335359
21061636
17088540
15060084
9736892
21986013
18585986
17134536
20602154
13665079
11439016
22058560
19774444
18435113
19165805
21768812
14421580
18979423
17818983
19570292
11570908
11769770
18278851
18405416
15085252
16593926
19446938
20015396
19151080
7110698
16262296
15499024
12409113
8419254
15483795
22479972
18799248
8997163
16141484
19979766
22244088
13164207
19180917
19214280
20853240
23957105
15612278
17988037
14403701
20944272
14928923
14497695
18937478
16781472
19445450
12141935
16530959
16746097
14638283
15103544
22817021
12093210
13987875
14216699
23113776
22919479
19395088
13923506
18319374
16120031
10746377
17663839
19006695
12752403
22060089
18022176
18665083
16285070
15804642
18010249
19029136
11916956
16627027
14305830
16908878
19111587
16895341
21144824
19184467
21401863
22400856
5094049
13737463
22124405
14630978
12050630
21336365
20139271
19069765
16995491
12587136
15490315
15395650
10091900
24772609
9087503
18951840
18798446
17673120
14064503
10111795
17345240
19019038
16943249
22293632
19784589
21033844
24068883
15971015
13066800
14877532
22045938
13534811
14220538
19220035
18837194
14749593
13000906
15275497
21589618
16911537
16138186
23137076
5686926
18429088
17633480
9196333
14915050
17644983
15037159
15768862
21359296
19128318
19664154
10830469
19493960
16139678
17127880
21610988
16805737
19416413
20269244
21261977
19241593
22214548
22596932
15793903
19317524
13683562
14037226
18459980
18468236
21938606
19570652
21733733
15655263
10755257
14042150
17075771
21654331
10594925
23182218
18186950
20661371
15178693
9875265
13909576
15954495
11220919
14166207
17152575
11189720
15586237
23695037
16894649
12635187
23381655
23267547
17646496
16093784
12548716
22735518
24820396
22555186
22979438
15055695
17953321
24258256
20327643
16152403
24712106
18545800
6147738
17061701
22350632
21344095
21393381
10203728
7759277
17099310
20111702
13439338
14949118
18880157
23113865
11497007
21804281
9481025
12752408
18642227
13659628
23330882
6720248
24637405
22067157
16520167
21208777
18237117
13778430
13851767
17621986
17989401
15961047
13005178
24389430
20101796
7686193
7795883
12289864
14923023
12560901
11572503
20683784
23307257
16138234
15564180
24052920
12819983
19504987
19849120
19092379
3247002
8968598
23055650
11617410
9314631
11994461
15271322
22213096
15835586
9423719
17471186
12186153
8846772
6118788
10313405
17803213
14209995
10610344
10014797
23243540
18778272
19536496
10261859
19299112
18745762
17352860
23382030
21539774
16627488
15755720
12770672
24036992
12580614
13614582
10534549
21046577
15137881
15841655
20465305
20416269
18030394
23370404
18212633
23644290
10127212
19382005
19629344
10392502
22107573
14777031
14055409
18216093
23240515
14462889
12453649
22994078
19148167
15934100
8792951
22240251
7718854
17683142
12625382
3647106
17826105
20294961
12348916
14550645
20291825
17154709
18574766
10022583
17665850
18263879
13127422
16710533
11906374
22996451
16546245
14304309
7782725
20868459
12790717
22789522
14376250
5797201
14223402
14520858
20851653
15368408
23194301
7353022
22775601
19455439
20780325
12904034
15708938
22456977
21450712
16689343
21100908
20897922
19636300
18924536
21725539
20499912
19924669
12246488
12878558
12743064
18122159
11873621
21901866
18480476
21056657
21286713
21263556
10128471
21397827
12675014
19134692
15453964
6304171
19003656
23670760
7292891
19578269
15264467
14674588
11936113
18358366
14940387
16592969
15709749
11986069
21106171
12403650
18732552
19184206
15826640
15223456
21760207
15620911
10763144
9885000
21589877
10728236
18628921
11055174
12872711
12400444
19775680
24118783
11506253
15297404
20616092
16605306
19792503
24389748
16101670
10103500
11219728
15686896
22965270
19929718
21371730
20270040
24125470
6311488
24339974
20700050
11984742
11365602
22814523
19379906
23060102
20352813
17383467
22794700
13333677
16075721
23590011
20756041
18113630
15870205
10357538
10845378
21787404
12944687
20496226
13034844
16559967
14802056
16694772
18000880
16044834
15437411
23306390
9909210
21247563
16618301
19518812
17118726
7912088
17350361
17759855
16721841
19993570
15386582
21801799
21366037
21891019
13070048
18372030
23438489
17240157
18710811
12541862
14887074
16094084
15701999
14615726
13450279
23424490
22281593
13123532
17567903
11665397
19623832
13021290
21223129
15459517
16712941
14997302
18198480
14249441
9235498
20935822
20341719
16983336
8146917
21579090
18914883
16951295
14828849
19289522
13699681
11006947
15126142
16387034
20231469
16612475
14415472
18756366
15420644
17749770
18036966
24834976
12783585
3865640
17573461
19713242
24102541
12456984
22058773
15739637
18223863
17717651
16822218
22921488
17606070
21060900
13053867
16748197
13381526
19404271
18800026
14785326
12760210
18733157
21269139
19365935
14234209
20983130
17207968
19510436
20137155
22197594
19086773
22148577
16558301
12114110
20641707
19512533
10897561
18217657
13686493
19464474
11367425
12374932
21915035
10965989
11843144
19244396
18256422
10136733
10476810
14960729
18680296
12405430
20974694
19397098
22434613
15579671
18700127
20727828
14144806
11710037
21988111
9521587
18228493
16379856
21664513
17545869
18617732
10234569
19447047
9489671
19584873
11307625
16412674
10146422
15542893
15085126
16332848
18360454
12786452
11406163
15315527
19112651
11783701
18108238
20103257
18574237
14514404
18619620
13238025
15936736
17680307
21865623
14273902
17124975
21856880
18267080
14418103
24073932
10509593
18930468
18131637
21740709
15917182
15566501
20107367
19432553
23222084
16684076
22786238
21021597
16644172
8920723
23283456
11692661
9888689
22041153
15853886
12086881
16922044
20793100
21706749
18143172
11957600
18043907
17032703
17481674
20727818
15559957
18174598
16551455
13123112
17315968
17366658
18439180
14741215
16447737
15379299
20198187
15594827
22899286
9085122
20376787
15575527
19847796
23934542
11609790
10575993
19551850
4442298
17303963
21460009
12454759
17730282
12906228
19101125
24147490
19075336
7795251
22184907
17084249
13362237
23061915
22304921
22486857
19004467
18421938
14772264
17056585
16266501
9868277
10391344
17519619
17458689
17973257
6796603
19254440
17054421
21938789
13443756
10930162
14624713
18922932
21645618
15064958
19351845
22438563
19429828
5911958
15500213
23928112
14780015
12365727
18354610
19834238
24306417
19453592
19595692
14328544
21435177
15738527
22514764
23692731
19882593
12540895
20365690
19469314
12029619
12248028
16525388
19288686
21435466
21328280
15585408
17224843
18670577
11980389
20973096
23404572
6121980
14094260
12011204
11309213
11017715
18142645
15176216
22575224
21189196
11596426
22505251
14524245
19754223
17365000
21323852
17731497
17457896
17866912
9900292
22963705
14920621
15977579
17848068
16079529
14861892
14142202
21510014
21159899
22619043
10313095
17407253
20077924
12535612
18934816
6470554
18537902
14824257
20566701
11416656
18162700
10454282
5951585
15736552
16114142
21893313
15912472
23251678
21350877
10626111
16956974
21229682
14277820
15507976
8887020
4491260
18819490
9516721
23003329
11527801
8982561
19428287
14198291
15919107
15869693
13750465
22632873
15111808
9565468
16589998
19788967
19526073
10336570
13237428
13297885
23974508
15258168
19739863
18209857
21197980
16901143
9667851
22127189
6508665
16914806
9072026
13503983
23707983
10047217
17668076
11202211
20252319
11825645
3362845
16998067
7601880
21373828
15595881
9642478
15227701
8466745
13220551
14171884
15281591
11355252
12917036
13315927
10878269
15583782
15808385
16388471
18690018
15681741
16918231
12596432
21928938
16353052
17874032
11806099
11054885
18572133
14883456
16252995
19606951
16522204
21167033
22680487
11997008
12915490
13991902
15007506
21348420
14423177
13696559
22779900
14724181
14953985
7790620
20789880
8200265
15729191
10541497
23909040
13424058
8863475
11101461
21719670
15256745
11982624
20098095
15928721
19442434
13713434
15756032
16637196
21219055
11009280
17460617
23224549
18130808
23208261
15961985
21661637
15832030
16412824
11424305
9837568
20640070
19028670
17980568
22209530
12342114
15613062
22504561
16773882
15280011
13010957
7301514
17793724
13670184
24144383
20334094
18882651
21070784
20426448
22714954
19432755
15337258
15276697
19132193
23234488
17291885
16743172
24860823
14567474
21361814
16172709
4745971
16698687
21477150
14625742
17918136
19540334
20224560
18547085
23069664
15640980
10996448
13753653
17561299
17636996
13110185
9126197
16155265
21082458
19559886
20110932
19055955
23479702
21294304
12590706
16294660
16521648
22814638
14521064
18190427
6751500
11068101
19788630
15188465
23249997
15050779
17766690
9515812
8404792
15998706
21584144
16894101
18452915
16840296
17921952
21441635
15548170
22572511
16080873
18260682
23633297
22350415
21718518
15492182
17690991
23491186
14039956
12191699
20033169
19940115
16481734
18379183
7063930
17671842
12817522
22232527
22191644
19983524
23829493
19584354
16823536
20990084
16403914
13272661
23995057
23248096
18911731
16502468
21491856
18394372
21571813
18287033
18263154
10901432
21574570
19868375
11981418
19740934
18843165
18478342
14750319
20198861
14153148
18837713
18297459
19098089
19173708
21095728
16727298
16869109
13831244
18473091
15363019
20770534
22107655
20983815
18897636
18105540
23321020
14815327
17178360
14191213
18642784
13648949
12085143
16948539
13987355
18322073
21298672
14576980
15147278
17853555
9984827
19320647
16510838
21693593
12504626
9493464
19075495
22271384
17770344
13343287
15922522
24410771
16485199
11002977
14813346
20004856
6462022
4746024
17290370
15268559
14431256
11201794
23742731
23585661
16036611
21071695
22760589
19863913
22941770
17403958
19792271
18862589
18402099
19314455
20162452
10079734
9663362
17657703
16529022
20848748
21624547
14376736
14223737
19338140
18728987
22705437
13317088
18268136
23221017
23660951
7550195
9523012
14867835
15209608
16244547
20032106
7853689
12588114
9662580
22840271
16041401
18874420
19320681
22601785
7473420
17605938
18012327
16527368
14843183
14545368
18542418
20721071
16758127
18212091
13885025
19218294
18869545
13556870
15158997
16764771
17387292
5440818
16594622
12980433
7609631
16467640
20974737
21515082
16054077
10082746
15038460
11720699
16350625
24165761
23918094
16497019
18795335
21266010
12231056
15346087
21458008
15679553
11197150
19785547
18364847
10631188
17282547
9875794
14297916
21736847
10919925
15063927
23094803
11443490
11622142
16829062
13312600
9346947
23711008
19044169
21976234
23114147
9092987
22042538
20685762
21946468
14290117
15618671
15217206
22828766
17664102
19374443
11329041
18273856
16412123
16956869
22691271
18425272
10807159
13641886
6920413
20299955
10361034
17423946
14742852
21350536
17498128
10447269
19621827
10509447
13815947
23492753
18115623
22282293
21154339
21521671
18275741
20857701
10175879
16229206
18491222
10714283
18300459
17484480
16057982
21701188
22381974
15934240
16706114
18984073
22673460
17913854
16655932
13122919
24289844
20491844
12938095
17087171
19812236
22469621
20344352
18811420
20731394
14999284
10502313
6903953
16444958
21254330
22993301
12194416
18059486
15667823
16808022
11924565
19811279
15114017
19647862
21475794
18923223
23514329
22029699
15975720
19771507
21258651
16275816
18811244
22925599
6055318
21777121
18342463
18384293
8748029
13753347
4440499
16420381
20822630
20845167
16898228
14850583
19599795
16249838
19316693
22533718
23827171
7725755
15674416
16230075
8024214
20147616
12779403
8267964
20407732
10623843
17369631
14483438
17848984
14786385
16202834
17478441
16328989
17771970
18656257
16447928
22568415
23043251
18126112
12005582
24415504
20157929
16990214
20298859
10048057
12145511
14507154
18266805
23464655
9404798
19410902
11173297
6939266
22231332
20311665
11177407
18386816
18366917
13613167
22917768
14317305
23881762
11695928
18608848
16015542
21134458
18476909
13860585
23104717
9700955
23109864
12958714
19019389
22713793
13912629
16233486
24000328
9246045
19836275
22543925
20542628
8908051
19845313
20202885
23104344
17484143
17355577
19339420
17832921
22282294
17857126
15141989
13252748
17061565
16932559
16779244
11153994
18500735
14597570
16025211
22795230
13269344
14921030
19870331
17905318
22797770
11855941
21874682
17705176
24376647
9920179
15085006
23053982
19459022
10918493
12711008
21937453
18615252
21518241
10524166
17774101
13855792
22392019
11795928
22156958
17688160
17803072
21784468
11879247
18141106
18294907
19120996
24916651
14884369
7605332
17143835
19629499
20795320
21388182
21967338
23328673
16295369
21796846
9113166
13522356
18947695
20846445
18184311
20839535
15720658
18346388
17096874
23729411
7618524
21669995
14249975
12983986
17790402
12945669
16646936
17283980
22382999
10211993
17951502
24168870
22241264
18867137
17350091
15626589
12485449
13174487
18354742
14629752
20049857
16793595
15337755
18942311
15209859
21936885
6153671
16065423
22135820
10082547
17621545
21089769
11243317
16534626
12956582
18889229
13715537
20452897
19926283
12167013
22284226
11866056
19563916
22037224
21127606
20485838
10399956
19222829
18917627
20145157
22338047
19320545
18574297
15073792
22887116
16207372
15320865
10488204
14061606
19857198
16753969
20212366
15275949
19733243
24121746
16526407
11895801
13745678
19161537
18176363
19215447
20943585
5376607
21615305
18192026
19125861
15264787
16504396
13586381
21705658
13583652
13959959
18519133
14059428
20505150
13898516
16780053
17489990
17891970
7039686
20054049
9957254
12415315
10904006
8817116
16645011
20744941
16176077
22092835
21656307
23425428
18812989
20786952
12475195
12748554
19005634
8846072
13641504
18894878
20466869
24354561
23778077
17227488
17190084
19038046
9395893
15290544
20139395
11046667
16299321
10048878
11558256
13394751
18821929
22931558
24749932
19842846
19482353
16244495
21401175
7831953
15807783
18407776
17996165
13648623
8604983
21747188
8733597
22007835
12684097
19294998
18481304
22269457
15620320
17414212
19175327
20651109
17284196
17631410
11433434
13280669
8323714
20654215
16217556
17935980
15981390
12119846
13706615
18453911
16047400
8864844
23526408
17001944
17132115
18097701
20689315
17018285
22035068
18580458
19193780
17061687
6596322
12765488
17285037
16131338
13763533
15567889
20595979
19385431
15326201
20867813
17454688
11591707
20327830
22383782
17488660
20577946
7723354
13709571
20847668
18391692
23142341
8787187
20710818
18736952
18266820
15148503
17214503
19106149
18981790
12498400
16638155
15909124
10861619
14480907
13278341
16700209
18117466
21233007
21544227
20701831
19166411
16714049
19940528
13207035
19445430
22845271
19478589
13947606
10537719
19049709
18168498
17769313
22697357
15311624
20873093
17769161
15144425
16380581
8186239
12010744
7096193
21493586
18002211
24343448
22238888
10745898
8373905
19084240
14102478
17546685
11398311
22540208
14651120
17255282
23539706
22961120
15352001
14186521
13384603
20202339
20844130
23382422
17237433
15015413
16756621
20893099
18635159
16088487
18814071
19832540
19029546
9238672
11506499
23383881
21458367
16754882
19262915
16267687
12317077
6183009
20796664
22210746
23347677
9341498
15305321
20613314
17312797
18321544
21850702
20491941
10836520
15717276
22195107
22245908
18487200
12081011
21513615
17227205
11321968
6805065
14075092
13296373
17813278
18518176
19679812
11535876
20694085
16324234
14689953
20228545
18827974
15842380
9175979
20190961
11521745
18344742
20565738
20111058
8835200
20315499
13892074
24126905
11249077
21461924
18979753
21558815
17393750
22191034
22834293
14820706
16421987
6422922
20509816
17104292
19560945
20272096
21867583
13741490
21007111
24409390
24084961
4493435
11850068
15625513
6522539
11682846
18409143
22499464
21027539
14115790
12849941
19878671
14237793
20151067
12712709
16228488
17966232
16379058
13352760
22592659
17145237
10109001
16670824
18186498
15651916
17271917
13543870
11883896
10304265
12738488
16229431
19117209
21340214
19293597
19915928
11749567
21304396
19522795
18189422
19675942
15588782
15121599
16247112
18990692
23326700
20025776
11369272
11505079
21930925
9455342
7216953
20310211
15507273
16727918
12990372
16674581
16102056
5139079
24023797
21363582
19559856
18088499
15051927
12707426
19048094
9135060
23036662
22446461
10804882
20059563
17696861
15683378
16854842
19846799
12854256
18951231
14739343
13294052
16702959
6115123
12229581
20638033
9499322
3134302
18032558
11823559
17175835
16206740
16982822
12375110
22313344
9839642
21339538
22133629
22890863
20897137
15424043
18334486
17984445
21345411
18673584
15074089
12180357
16748746
10414964
7692402
23848143
21925648
21222185
16269459
10245336
9180409
17591200
20132752
16892854
19510699
15990428
11322636
20407370
23973048
16444610
19280701
20911201
22025090
17765402
16271036
17167665
7979555
10894619
14285010
19518886
14140536
3578188
11805405
20395126
23984001
7037551
18038351
17832503
14740883
21321085
16002637
5034607
20948041
20801375
14864445
13053118
15876869
17713574
16073220
17851398
9012936
17592606
16032294
12920314
22073592
21117171
9455232
14098658
20369787
19465508
15428062
10359922
14404200
20763944
11899809
16335691
4398400
15412393
7816357
13124683
17289890
15509063
22306918
13007157
17233126
14545328
22869184
24243205
10456601
18701137
23565687
20491872
10307037
9644551
18281845
11104741
23046708
22008643
20142961
14733341
16923023
20466350
21802913
17851181
17417839
16576100
21181546
19503254
23509650
22307899
5838486
19974443
19211484
17384997
16587417
15339951
20197284
13741576
5510946
9959224
21717770
10824315
21375117
14687442
19415997
20097783
18333517
15637065
19207390
17647171
21165320
21739570
16418108
17303431
12700713
15184230
19317395
16074360
12811933
8196715
20561236
21878350
22665566
19891348
15809137
18918069
13759308
18716171
11417245
20096602
19242063
15438659
14624928
23395882
11305096
14080415
14101701
12213771
22234424
22024140
23277370
22619487
19613569
15500075
17434201
13147863
18397449
7068843
16353965
4123736
19331154
22693837
16433128
17904761
11355312
17102628
16120761
19002379
12270877
19659316
18270459
20307087
13546717
17148556
7175193
18583880
23711642
14003742
17412623
10120376
23797539
23073423
6526689
13922590
19629576
2457321
22433142
16893986
21563127
19145747
18584652
20341794
17205981
18776421
19102879
9531494
16911740
23183300
11922266
15202701
14970448
23071313
20344575
13257221
16223219
9173378
10786183
11825325
22405740
6186446
14253847
16081113
19293826
21481409
7840262
13742032
9157231
15263239
11849690
13006568
7823132
17215044
12307213
11562148
15103757
11928726
16633165
20095209
17870884
11921379
20458682
11431804
14447701
13048535
12846199
21741599
12866425
20372780
19542125
10649576
17778100
8853046
21271831
12897226
20277849
10485899
5961075
14534165
17184091
13085683
17856002
17950790
21834548
22992877
15164584
22046211
19814507
17908079
12640743
11577985
10620533
14281807
24036592
16740442
19154159
16319470
20251436
11094148
17675911
14391150
17529841
10650714
22274319
22159609
11815168
20445416
5751599
22007201
11255032
23176874
10404024
21828477
10341830
16878002
12256432
16037887
17332265
18716406
18233019
16593588
22400947
11424283
9402945
19464133
12928895
15054486
22306402
14239792
19548657
11327450
14337391
18667316
17454329
12651665
21243810
23171296
4893820
15614773
18085244
12763382
13219807
12554028
18635126
11958865
14993943
19325819
16003837
4561683
20148268
15212912
14118170
11757881
13794171
13887150
14588484
14030925
11988465
12811023
11378712
20046823
11957333
12356363
21701852
15407054
23592595
10335894
7167152
4964156
19327577
18892256
23329302
14403670
20213514
9890141
21426226
17156185
15914419
23335097
18686613
17808244
20528377
7580728
19625922
8265982
14910804
19311728
21015747
21125252
13094610
7749346
21592164
20732840
11591870
11254901
19395215
19391551
20440067
15147349
18766271
15838222
18513293
11053007
14305503
19137557
8098516
21858902
10631908
21852974
10817854
13911496
15994144
21951257
18259695
15058018
12393719
18172888
22856201
17254558
19790420
17257436
14505031
13113162
12031456
12207737
8288289
16039035
19882425
20946148
12260879
20294884
22088969
14106018
9737550
19935677
16784158
18122160
13679133
20502463
15302104
16042321
18117007
20727696
17620668
22353724
19675960
14267863
20338515
11308263
18369782
21446393
15454212
15477246
20527387
7550341
11133094
21465629
14023539
13532066
14508425
21934468
18617810
6784177
13274700
24148827
4440095
18727029
16606483
17763855
15600392
15346871
19982357
6402325
9262910
17632374
11495104
11814191
16638140
20903849
17368934
24246960
11575379
18925374
18680621
18001294
12435476
20475263
19427106
9961009
17080853
24261635
14831258
18140222
14857749
16573893
17745414
12833801
15441879
23584807
12092630
15899934
23070691
13053212
18025608
9829884
15591579
17681987
22803488
20385353
6979318
8236948
11973415
12031587
12091633
18385159
19406018
17913291
18353000
21129271
17458579
18681442
8580901
10090710
15055149
23811272
7693558
14742967
14842437
21232437
6635227
15866238
18128849
17601272
12429818
16567254
16588522
21971532
17821153
13565334
11555117
9769433
20112010
17218715
15518272
10139806
18807310
20269043
18784461
14637828
10439069
21835882
13267433
19013219
11304691
13757067
10047589
18956936
14570750
15558915
17892123
14211941
11216089
19262811
20537365
18893538
21079807
18320809
15958071
22085795
21596194
16686805
21423993
15134653
22447667
22112724
17497820
23379665
15765718
11151229
19422094
20511080
16921538
11845134
22936320
16316620
23624628
18263526
18422571
15154540
21519831
10648816
8115700
7853380
9982270
23677208
12135641
20367773
8370107
17156324
17062882
16167407
7730577
10692435
21651490
6428878
17129847
22936595
24276218
19888869
15274118
19138038
16525309
14083331
13507613
17931675
9966614
19672388
12330607
19846314
15042376
18291339
13473452
14693305
20643347
14069325
23400212
17592693
13662192
12101671
9221648
20524137
13695334
21574925
9561146
16775865
15524984
17504689
9202010
13650247
19536339
20829690
15288089
20853312
18935977
19227843
20179858
22325036
21447029
19943280
20331699
13019638
20918418
18360997
20100513
18980703
6214857
20804684
17673050
19986842
18168181
16941418
10536026
19404996
23384322
13059342
10583002
21092380
7354065
21169106
18609297
14109457
18083755
19672711
22559170
17273706
24275860
17047825
15688657
24763565
21649276
21022846
20185824
19910307
18978627
21848532
15620450
19616418
9953860
21156570
12660228
17461594
12482002
21508978
13957476
11543640
17671975
21376609
18482908
21288662
17149900
14195050
22288457
22568625
20951484
8775316
13780648
24806014
16553693
16405613
17478856
12101775
14533996
15595533
7675122
9664349
6148215
23424453
15553553
20796657
22862990
19890308
16410693
20909065
15602999
7083660
15578495
19568942
21799365
18205708
20939813
21572900
21989375
16101187
20008063
19164643
15841564
7341544
24243228
15937279
18914042
9580338
12551322
13530904
16152464
13161841
12275258
17238725
16006029
12862446
9020136
13735406
22568477
11493998
8489866
18742780
19745916
18581184
22300167
13606363
13089656
14854013
18325954
18067205
19391290
10041817
12605459
13701494
22269702
9726582
17438964
12167501
9139560
8369003
18931193
21247785
8460160
22437025
21845161
19408495
18518466
22849621
15772145
15513799
15320182
17665310
16675170
23313823
14121886
17329097
17480770
12100185
19941335
10853178
12589996
17769671
18838777
17886380
18685908
14923761
16798484
11348701
13969497
20742168
10739422
15755337
11470834
9820691
13762809
15210229
14986999
18123266
17151419
15275955
21601271
15109007
12485104
19458055
16098624
7820863
17292963
8775315
17199321
20233448
17035605
15685395
21704902
15456185
19017373
7150645
13657301
13980297
7266027
23964986
22674334
12274140
12201420
18450796
22619236
23107161
4970720
14945669
11234437
13839494
18151583
16311528
12842354
11385888
14410839
13918782
15063096
20577619
20071861
10325832
18326976
13271882
20132839
9484119
21333928
22205068
16457410
12585878
19076406
21571438
13100035
17373223
19318828
20015737
16622170
12069295
20804088
12561716
22925969
17366160
8892808
22901681
14918032
16003569
17383205
8875222
14065852
12707907
13599331
12589700
21192903
22718024
18625414
22793104
22971743
17591330
18996960
19587043
16836212
7939475
15749091
13676342
16002713
14029543
18864956
19471035
14676740
12351119
23043295
12062634
15271968
20463311
22235083
17620826
19607402
18112517
16134869
13675926
13780496
9905678
15050067
20156939
17161498
17768309
22408064
21484429
20713176
16177864
23464971
19332613
18554703
17169940
16345125
20708860
9852394
15083536
17634867
14633847
21444617
16393450
22011676
10702104
15680395
20964820
15938890
20294263
11216927
14483709
13651543
7895611
14725118
22473372
12365517
15221904
16247807
17923238
9921048
17007548
22149363
16073765
20383737
9412108
16948957
13931150
17416956
21171844
10825944
16633797
20003187
24474478
18309721
21536499
18501403
24087900
14774074
15591357
11566901
18110843
6820743
7764235
13292274
16361619
20826207
20403795
14612857
15746837
15117060
15045493
8405935
20189701
16787431
20789083
18398197
19402615
21378933
5790065
19787283
11382153
10194748
9713896
16661045
11660578
21323147
18670484
15673786
11383130
21417621
23906159
17119226
18987699
17967551
17942627
7390107
17831901
11763404
23552998
24246331
22366154
16432851
18379044
20314423
15708099
14724187
18634058
15394446
19931503
19154227
20023698
21126010
11984164
16877655
7530069
22080189
8233488
20875040
14262224
13524873
12125190
11444237
15460394
20415699
21005623
15117651
22376643
13584805
21534284
16164194
16222436
16157043
9203121
21521365
12077200
19506475
16549598
23971729
22147988
10884039
19425402
15220165
20736192
16037303
11384322
20575257
16332966
10321348
15747947
14241884
16816322
19713857
11530767
16458514
20374151
18699034
21672175
12324988
14764169
18722849
19503940
17780049
20322949
22177497
9813399
17942249
19681228
18434184
8691032
15249566
14632117
16238678
23427996
23449017
8558891
11935823
17433965
18529810
19620771
23170427
21450041
17277641
14212150
17692778
15593123
14291150
19337841
15221298
20875391
16526657
9238682
12937425
10805876
15690176
19868831
12828114
16260004
20838976
5130950
19129384
21556378
7854209
17536490
14165248
8688905
20227607
9331595
20714793
22405721
19048057
10521676
24394929
14473790
22295099
23582016
17762773
17665720
21875062
17864768
17835883
9638276
13713531
18394121
17915817
22984874
7715792
9520041
15027439
21503040
17763076
22537650
15429164
11321927
19747195
16702555
17154652
17939693
18586709
18263126
17814683
13185774
18722886
14757085
15064282
17838450
19043535
12449655
16547747
10023921
21271312
12415739
22992994
12132574
14975850
18495307
17321744
23563678
12147191
22290130
19857374
21730593
15941844
17897319
17939486
24280680
21741407
22399584
16221891
19461198
19021467
11853410
16093426
18812591
7795639
16930812
17426261
20767303
21759407
12501989
24037466
23547888
24272974
10678603
20842147
20596926
20023706
14111649
19837588
19584147
5436266
18052471
15681864
23345291
18410051
10486643
15639107
17697250
7171713
20176524
4541297
18542485
19535415
17510528
20625555
18697871
12355474
8413695
18132108
16958421
20198000
13057341
23562464
11812994
23865986
18724802
16750818
8472811
11501504
18391127
4249613
14347370
19797369
16736840
13484545
20866894
20448257
12967215
11008827
16951251
14321046
22147342
21439399
14971683
21082887
19521541
20455994
19521346
19997241
11920642
21006605
21271931
15059618
22614405
17622737
20579034
22534046
17622559
20560159
12290798
11503723
17027683
16319081
21378119
17517622
18956785
18354258
21414823
23014073
13834939
16952462
20563402
13141786
19595980
14834969
17551879
9386011
17665553
14383160
14652095
21728888
20670144
17034514
10372637
21340304
13023756
17086280
7089818
12267040
9858121
23161218
9254000
12519092
14781431
3915935
14151911
23171495
14872012
13518982
19701769
18476659
18333603
19232027
13253757
23523045
17703189
16687308
17583776
7555812
13148237
23282901
10447964
20409357
20651823
19338841
18478749
17162385
15526393
13340661
17165268
15852169
16456229
16384086
16011740
22158338
21106849
16470790
17258446
24523475
10330662
12163556
13996411
23468757
22237001
20686404
16390028
21449230
16995961
13247186
19741281
15314085
15830094
19088898
17978559
21036062
12888010
17438348
18091843
14724249
10682334
7818881
17820517
11935567
18280909
18794917
14127040
24351045
12259654
3454444
14989827
23087382
13205933
21701167
17878962
10234355
8796297
22961518
2465716
17781984
13959533
17694290
15819045
19710508
8080265
6152987
19286542
23514263
13970093
19194137
22186468
21288405
7407473
19942301
16185441
16912246
20609577
10559804
15090580
17440280
11233717
15899114
13066440
22855593
23506584
21637573
7897446
23550877
12781105
15881655
19932357
8943026
21110805
12957870
19774408
10493909
10560481
17960108
14068877
11745222
12641214
22642029
22030212
16506995
17333819
8151670
22623162
8662290
9368606
21361742
16864169
16249912
21031361
21680760
21202620
19982567
9206112
17876792
14131346
14598040
16557369
22892874
17131739
10361856
18792345
8627995
9442077
12552478
21525335
15937697
5212290
15215442
23819330
10573083
13071935
7094467
16791643
12944332
20425366
18818779
19031887
12041639
12951909
18746410
18292920
19936612
14343856
23859449
18888665
18856175
7883804
20442805
22720388
13205242
16580383
19829305
7258191
11627950
12476230
17221345
9566701
11773022
19048003
21746220
13904822
23360774
12839159
22815345
22014588
9865483
13805606
12284208
14994220
21536893
19157374
18140648
15683129
16596882
21303192
19248530
14408211
20597047
17140224
15859473
19383029
20382263
18734656
22102544
23058181
17354619
13704331
15345081
11217042
12595765
16148325
21192149
18513240
20108580
18536941
14283627
13666600
18493024
13820723
19896704
7813278
16097122
19935677
7328373
10963626
18689242
5063153
19480504
20586364
10034441
7079699
13861445
9774040
18035781
11126617
20465394
19390949
18123032
16869168
22466937
17860686
17901209
20164015
11528850
16841570
21010773
15929474
21637194
11701647
22849697
18565166
8877544
18741610
15983097
22002496
10398782
11804076
7401698
18897242
13924166
14169969
15948159
20995388
4681718
22903525
19149770
15056917
14973076
19993649
15852107
19986653
21332634
21997457
15786449
20599462
23902436
23198922
16303309
23659176
16964315
18936191
18557652
15028315
16056824
16074718
20750130
15439472
19273731
22030971
15384836
17095054
23305805
20257162
23847399
22022275
23619248
15169168
24454610
5873831
17091217
15537824
14146263
24318512
21611234
18280560
22541941
18577866
17925326
16817125
19624612
18392244
17443169
24129725
10312612
11866200
10472139
16115978
22253715
20294402
15279726
13661280
21056264
21221176
22602795
15364709
20844545
21245727
17846417
13212742
19294148
12406555
19000902
9912099
20687382
16641853
17497657
20745977
18965864
15443248
20775670
19778745
12209806
13290368
10314050
13713396
20853981
16135117
16957449
10195177
12437389
22412953
17648629
19034820
13324463
14851377
9308606
15375904
19821183
14585787
20660768
22215628
20483820
17339604
16685824
21591693
22222800
13785302
12904391
23260015
20780227
19089764
6893614
20958367
6877310
12808435
21169523
12829627
19661216
9951845
16655723
19213850
21706595
8130207
15856090
20134940
20981703
16543129
22533491
19225255
16156353
21066541
17761208
10702858
22296959
22217934
20320720
11741563
21423739
11214090
14835301
14020515
15839666
15735020
13482651
22529023
14817312
12443674
18604329
20056637
21270118
21709058
18757342
15949252
15781655
13800913
22054984
21013989
7236453
21872249
7535920
13395158
18789554
22848592
8821121
8519416
14647777
20743460
18218684
20210479
13757810
12764240
8766427
17954016
20299195
16816279
15787540
23135269
15175047
23692765
13683636
19545651
7812543
20418012
18422679
12616773
19106434
15314889
20768724
21060728
12655472
16792725
19923863
16025700
23761331
19448133
11469386
18994746
15654089
15304050
8330709
12702733
19899122
19691768
20473265
21694798
13973303
7854109
13660440
22134904
17471002
11319618
11678140
21568994
15291374
24757169
18724761
19936454
16965676
14032192
9932327
19413568
17434454
15922974
16419897
18116450
20080387
22287319
21664650
20099799
24620886
14220623
16519097
21981697
10966499
14385109
22615532
18894409
17170161
5309798
15176851
14018403
18530739
13129662
20905788
21784200
16020160
17750756
11184072
21854970
12046295
21190118
13981483
14170159
12365600
23964668
15652325
13447300
19105060
9560091
20309923
19033277
18024217
20035564
20167313
21510337
13974137
13381334
14512032
23742651
17139700
8943675
12049945
12356280
19389475
13820834
20409600
22208593
18308689
15122118
10550223
18455503
15120987
12452570
15755418
20745676
18925163
21266353
14410825
24949125
18017050
17908153
22020710
16265001
17035059
16185727
8766566
20860181
16971130
9587811
22310152
17448873
23100259
15499604
17116582
19531534
15332139
19357193
6784033
14964195
9540582
20625657
22927210
15867360
17398550
14938274
16719769
19953013
10246256
17136706
13590273
12698412
18505260
14950030
18208140
22443743
20643403
19832640
14310694
15097757
16056714
18747537
13355655
13804373
13415750
10150322
20694680
15057247
16994357
20770618
21122677
11882570
16637725
13863046
11303205
20551374
20426265
12398192
21675127
12054892
15825313
13884843
19394669
13028279
11774813
20939436
18276532
11237978
15151906
15951098
23753042
8856280
11294346
11101301
20094358
20211712
19977814
10168520
12278092
17245808
14892349
16368090
21611700
20161914
16513190
20161046
7112569
13116067
16531441
19362385
6995817
20314555
11617085
21462629
16715370
12471931
19895549
19585333
18808814
24393312
19380092
20778334
18068060
22908152
20561565
20694247
13959565
18829239
13880337
12624460
12008531
18334691
23776445
20568502
18799981
12445173
19842884
20901543
16817204
14336816
13936552
15156834
19084442
22861521
7013753
18750847
14038084
14666491
14389058
10470273
16424485
18421802
19741814
12697449
13163632
19771092
15261205
18393413
19466517
22728889
16944961
18191351
17793847
17935583
19485861
8421172
22976603
16553584
16336527
18807268
13961967
20113919
19340069
12805395
14759906
17513434
15750433
7787146
19760661
14218024
20761434
18941825
3739694
12310402
12185513
21170275
17694149
17822491
15308629
18685660
19532278
17092531
9631720
14600570
15683728
10114485
7890875
18151927
20747919
10099772
12797782
21860758
22645650
16696096
17319064
17026722
22361013
15820251
13066897
14771501
16465118
22913836
24079294
21701226
21021733
19906630
18843248
13906579
12961232
14379821
21530855
10227017
20261399
10510253
21587067
18027044
6990385
22668786
21477159
11812347
20238158
20110132
14990834
15920988
18152418
21762356
13378148
18041662
18612257
21123241
23716474
23736954
17193763
12448146
20251068
6166459
10373900
21156497
16190844
11355303
20873419
22891204
13215235
24694028
10857966
13079246
19755441
22030064
18249174
16455383
15061789
8554170
7047400
12960797
16177409
20404488
10964188
15456085
17879662
15293185
21768483
16805820
20222813
11597030
16280800
23155562
14461576
18256099
20813203
8255410
16526636
16780877
15674874
12152057
13330918
13178650
19516994
17187877
6807461
21313530
19677353
14310536
12776293
17131312
14888884
11248888
22827144
22728733
19035403
18087165
21403364
17725396
22913224
21961532
16384031
20472738
19633240
17365049
18762664
8750369
20964353
18333771
17322327
13880165
17708360
23020550
23251875
23169195
19768076
14225295
18832727
21539637
16162018
10925600
20084534
18002364
16409192
11417962
11143627
19105518
16603535
17389658
19454364
23597057
16523083
9582989
22772409
14189667
17205256
16936041
16897564
16601961
20459758
19113882
17589390
17583515
16794690
20714373
20545773
20050129
15939174
17051152
8882645
17692432
20978089
14508873
22939988
6135355
18070944
15692764
21536794
15424503
21851527
21445212
7831050
16306002
12283933
23998127
15573481
18964365
15533696
18799481
22978658
16066257
19635125
11047133
24213123
24241629
15567476
22556034
15058675
19080760
13404045
11736316
24203215
20654852
23996660
22012393
11816263
20229742
7181622
18722219
22429715
15028502
22276560
14278389
19831346
17208808
22174261
15768942
18231536
12952376
23315126
14474180
23136023
22279190
11565774
13118738
9889365
11470550
20605016
8683568
22512912
11426560
23952777
13807123
2843641
20743670
20274922
11852746
24187954
22082348
11811369
20030371
17097240
17637590
11682305
17554906
18454371
4820996
16774673
18746863
23100527
17954169
15828075
13543287
14061492
13859734
18690219
21052605
21090448
18164013
12504953
17255081
15080876
15854155
18594479
17037061
14902560
19900001
23752882
16684562
15094332
12845986
16940516
14457211
17230170
21128870
16559133
17495342
12005514
21941461
17895534
17861554
15782810
20488553
22606995
22252425
22244464
7098243
21970656
21218498
16720956
20052057
9119691
10128383
9157880
9608263
21235008
23027737
13142251
17731467
16482734
16532476
22865788
17873630
20455937
15151394
22401178
8876270
22739748
17477154
19444398
9263193
7634213
20768173
19971354
24548707
4893650
15207329
24865922
15534373
23044377
22074716
3746648
17407334
13454084
11622645
17457210
21151055
17876100
20533723
19422147
9306933
11227093
20389453
19884996
10725269
22331359
22833937
21092098
16833205
19013087
17340915
20988139
14492255
10107689
14731525
11683926
9519121
16558969
18641742
12274278
11848272
17319106
21288110
16796532
8510409
16602158
20403778
16221299
21910594
17063562
21288084
18578331
20437424
18815104
14927433
14917921
19399534
18920043
18567416
19357435
22018322
10118488
22132029
14545264
16768842
18047179
8384772
22049566
24041105
18305618
18575684
17369755
18677749
11306635
17578931
22557296
15423905
14626542
15479661
19391521
7324406
22837838
18407148
14886126
23271542
17498114
15679658
14211476
18133823
21855835
11134149
13694077
14193899
14482123
15289981
10262792
20744425
15255182
10438025
14431363
23217753
20439759
21878777
20425928
20235581
10806620
19977040
10940465
18586811
13490129
14388594
16313635
14927560
12482207
16486376
12944481
7685544
20684120
17463810
7157300
15978743
22422528
8246806
18304426
24213351
19728215
19817532
10654198
19153455
14512615
22103721
11546803
17834715
13468210
19601221
13026684
18854137
11161829
18481426
11984581
14984271
19963566
11619469
12779088
10979188
6815263
11248118
17339604
12340300
5198238
15038629
10498813
16623323
23015922
14406488
20689093
23333160
23917058
9520259
22624305
11950860
6378898
2914840
7691958
11976982
18365319
18930902
21009096
19131959
21161494
20271911
20887072
17140245
16951139
19085684
16433072
15591198
19364066
21663358
15709862
13153621
9421074
17025506
12888304
19450609
13942605
14661556
12102787
20743321
14748780
11904249
3102737
20441887
13659174
21121560
12518935
24770166
12517524
7965163
8346013
19938808
14672201
18236106
24539794
18909731
22778093
21323263
12192270
14237993
19773489
14062894
15655595
15654134
22465118
14960027
19807517
22751283
19172817
18479343
15718876
21879066
10935890
16395294
17888134
20642624
18815556
17119678
16594388
9163045
19499588
16640103
21993318
10188669
13593567
18686550
15652722
16151223
13114608
13450365
15585991
17755682
19474590
20967962
16117776
21559782
18759339
21850736
20403390
16068964
22534745
18734328
13862426
24183882
23326577
16089257
16168523
12445832
15607013
14864528
18303265
10626641
19793440
8564697
19037009
11008572
8389968
10821351
15056838
15656124
11986718
13331469
16692558
15059859
2263228
14813319
22353400
21376858
18978631
15538120
22100396
10945050
13320270
22411687
17511146
20450684
19569686
17609736
19407933
19038957
22847678
9300124
11355308
18953596
13749251
15968826
14331788
19501535
16477106
21127084
13578369
15823641
17637927
13646806
14439896
18765401
13162724
23443525
21807331
22648157
17237107
17937453
12348216
13987167
21668433
10769025
11655885
8882671
13286919
13486420
23535156
23370225
19486421
11821084
21928140
10158420
19572930
11707219
15974130
8824750
7734623
20163729
22216115
21954716
19435150
17304088
15660783
10146880
23503994
22056441
13268529
22984413
11287147
16391480
22632133
12752468
6675523
12477480
16921935
18304162
15364051
21011312
12599354
14058380
14491853
16167569
12273450
17471002
17137385
16563867
18049844
19208197
18240700
13825783
12375719
13600049
9546467
19535982
23058381
20928514
23833527
22026429
17223997
18506761
21195878
19327729
11940324
18445606
19694395
11614623
15466587
12122882
8166469
17321642
11587041
20081023
18553073
17148836
14973046
9026838
8859181
13908883
10175903
8786579
22123408
6602299
12527057
15958391
9159709
16735179
17870518
9345937
16670195
17768685
22589618
7252712
20674024
14294073
19495335
15958875
12696391
10364977
10168195
14761309
17170970
16526909
19476227
9264907
19391401
17177493
21342144
22104297
19441956
23632381
12308268
18753302
13273460
21372188
21431815
17999679
17471701
12914017
18720207
11338687
13995030
19094811
19708467
13283156
22263140
8715623
21204380
11687077
21808325
14076869
19073160
21201019
22566274
7500281
20716325
18933997
20689700
11071126
14732750
19615637
12919201
16810991
19457832
13892649
18415461
17864774
16629943
21007127
15446273
3347104
15432554
16766190
20177427
21787302
13562795
23292958
22238549
17571795
16007630
18004928
19031106
17346347
19588315
12429076
18140068
24234863
7252479
9825396
19873187
14645131
20417319
18353812
15103618
5643087
17730365
23548216
21104586
8090239
15902725
18407716
18277235
11100943
3515134
18313005
23745530
15860177
22566695
24241752
19618046
19707312
22127450
20584769
16267839
17308636
15453724
12959411
13319973
13625308
8152389
18607267
17058434
20342152
10692126
15469351
16996922
24623512
14389151
20105744
10291916
16185735
19911238
7588654
11050514
16256531
17856942
19049352
11926551
21390298
21128614
5184370
20855655
9184578
12745551
14487140
19762606
13953963
23816200
15639966
13866405
13754112
19081155
13108419
17672489
19255832
13460652
16931255
24350144
16613464
13793326
19891405
15449040
18807270
17422081
21880203
13588898
22525724
19071215
23103960
9908991
21819481
13959566
18471675
11641006
19208328
12382957
10663311
13098887
16545367
19164375
14211020
14315771
15590384
19692691
17705303
19523291
20537376
8538651
19360451
19950563
18624237
23248592
24158850
21331017
15611439
19303808
20230240
17492656
20837554
4581902
18135263
18170926
9864817
16917504
17024301
11824271
19019760
7339316
24740016
14492097
14398835
23556536
11098219
18453144
13082153
13784206
18608714
19015238
21219003
24308879
17177328
15189866
18099766
16121482
22886907
20605503
15920344
21307653
16385684
17114177
15354862
23490018
21098272
6918494
12382834
11966519
10969536
16119250
9135881
18514563
19338350
21396678
22447049
15404767
12839189
20532742
23449368
19431085
14957359
17871124
13252686
22588960
15483639
18204631
3465504
15323928
22902886
9855371
14383105
20308413
16142550
20965677
10465648
6619849
10685800
21592739
17899539
16094609
24224905
14127590
15950542
19222048
13812425
12240384
24562328
18400878
15007185
13278586
19925791
16259492
19225671
20019735
7805414
15667571
21798148
17272118
10791836
23099253
14425290
20766374
17738786
11321177
15848066
18010838
15092290
20136033
24538359
15729821
13402449
17095845
20147790
13837869
12491504
11472279
9353033
13104360
7502406
7978357
13716037
24171159
15921800
12584092
20328060
11008962
14424982
19373942
20426872
21067699
20999784
10965166
15426439
15572224
16507060
12917621
11759150
16838390
21375170
19092779
21734752
20420192
8371699
19442521
14494678
23487222
10687323
22130153
22534942
23023825
21455028
14069582
12859385
12923492
15667596
14961966
16333943
12671201
18378547
11475058
19494704
15494633
21471298
15258420
23893686
9002997
17281033
6498313
15803838
10201387
5745775
16324206
19693155
16428885
5395950
17482288
10917762
17455833
18628497
15405965
24296170
8341801
11967080
17306274
14531162
11484127
15525053
19320517
7801566
16341018
18682779
20918728
23412882
8579585
17488908
21991570
21955223
16594730
11248071
15143794
15704640
4970648
16876687
14553501
23136975
5648027
22263994
16466725
17596681
9753482
18699797
10581351
15219930
14710210
16441300
15760250
22563355
15310512
17216255
16608432
21459670
18541382
16009229
13377920
18440526
18303549
18859555
11593140
18115583
5719182
20437158
20163682
20084796
17482445
11503886
21465487
14518799
17130914
18175716
22716900
23920855
19755325
21518857
21370564
17119073
12413874
18062362
18280620
17143788
20155830
19398334
10806213
19698600
19208145
23484450
20017508
16213965
14971281
17795476
11332673
18563963
13262999
20799236
18251709
19974732
20455046
12436655
9016456
22858863
21262765
13510277
10770768
15231230
13577719
23106511
13115903
14266889
17731558
16781798
15365803
21428648
19557238
10311961
18748911
15780117
18701682
15902082
21797563
15733492
2144954
21693384
11633208
12981514
15097544
8860178
8307188
20960702
21906925
12261537
19549371
16911208
11448156
16571830
7546490
14608907
15171204
21911768
18419799
17130221
16061561
12250783
19646134
14358012
18826646
18640739
17451997
17609678
14209718
14113578
19284202
10964106
20393953
17721718
11076720
22941422
15100532
17520480
13699674
16472678
12908365
20992662
12928015
10198406
11571815
16866909
24360579
17675779
20223424
15936474
17991061
15168145
14324372
12874380
20479603
19442568
16904443
19988537
19415196
19058252
21963639
18151120
14996145
17803448
10832909
12675416
8528133
21572318
19336178
11141250
13651334
24676340
12059068
21595431
15188065
19568000
13791884
21433827
16920479
15459921
16053395
21235085
21394314
11406192
20696118
10486835
23039025
21734884
19631111
21142795
18734927
23052326
13679125
21170966
3938247
12494593
18896703
19581538
20924166
20005142
21399110
16268295
18117576
20271038
22096325
12445602
9975113
7924079
15565768
24193451
21327913
15478361
12425361
19566432
14269981
17734596
19037580
12518011
20311326
20708302
16676998
18571209
21349293
14853779
12724446
12878475
21067285
16388567
20153727
9860794
21149323
16221578
11143169
21286940
14403008
15876860
16728478
15224094
14845265
19607857
24481491
14937024
24103663
16884822
22113165
23848030
15355239
16856739
19088180
19460540
16770203
13557223
8860286
10523270
14894558
22594751
12288228
14214159
9341781
18503465
10791070
21569911
24291332
19429559
12458649
20243545
16906870
17745010
8621781
14028796
21371609
12767641
20136125
9043454
21389071
22983212
15894314
19409035
19600192
16993980
10912920
21836890
20825925
14204281
21285497
8189262
18177545
21517211
22789620
12365398
15960373
18175810
10280665
15993360
24432184
19889615
18902904
9029163
9674958
11585426
14020659
10820516
19480870
11908906
19390841
16165746
15893373
20790590
22835759
21789111
20146824
16415275
16782239
24339826
14349292
18463866
15726041
14272711
16383139
18974258
19818345
23854607
13814358
12175613
13310860
16556367
20612568
22039352
18245654
21753221
20572073
18870765
20689590
24113639
12727002
21296147
12945553
20299795
23671411
23428063
19189027
6535619
23456238
13641770
7625324
20819717
5758037
22069625
17119597
23125182
22365032
11499153
16801984
22962901
15531610
17291505
16667521
22562834
19250384
14423129
6169048
17562128
13809468
21775223
16854360
21069190
24417849
23341007
10767277
12931844
11794465
13607910
11467102
19439525
21653198
14840506
13304750
11394711
12815229
11529003
18386481
17708418
23480256
8685178
23692131
21759700
14699053
11124614
21756293
6186555
20561018
11731216
23985095
17771119
13570995
19820924
15790769
14475226
21900333
17993649
19173877
18654074
14326655
19180460
19187126
19989586
20576431
23178155
13386780
22409716
21763209
14131626
22567692
8491346
19110231
8553500
9961644
18608316
14866146
23005571
15405615
19012690
17492682
16821800
15672244
12133874
16214676
22747976
16281204
16452271
16905755
14691138
15538076
19497433
18274345
23337276
21818016
19928748
11929997
13472561
12082911
18912579
18426195
20954744
6583467
20100919
18841510
17987091
8398379
16944812
15818744
16909260
23578195
19207001
21139794
19207163
16486135
16672429
16456929
19964525
16294381
9297299
21294801
10759673
18905780
11378516
23183796
16927555
20732970
8971078
20026313
6898457
17143019
13389766
21218892
22517719
10390033
15913935
19507208
13225473
22155406
11394074
18772614
18068993
8488048
5869079
21318318
23350446
17278939
16038683
14017058
12787745
15269286
18196748
16465208
23086862
20759605
8364377
12867500
21632736
23481096
18667218
15443935
20950893
7967064
20862566
13066981
20749076
11499798
16955107
23708703
20205152
13446716
14998407
22376974
21600930
13949263
17321955
11135110
19455403
23189317
17019151
17933662
16793553
11790698
19211481
10909042
13441566
13142128
16642609
18209350
16397324
3221996
20474321
17582399
15838768
19270964
19732006
16254670
5087208
6566107
15651195
19102923
17781927
16508041
15087936
16918088
12272520
12557493
4513510
7071147
20337704
13487078
9304538
9812443
18117558
23272109
20278649
14214988
15755779
23025210
20657112
14573537
17391887
12909865
7530696
19730783
23160374
16598278
13493193
13931799
14631748
21721634
15649500
12692571
17216987
23125592
22262403
15094325
22563107
14028368
19028645
14005238
20364950
22017441
20674813
14795881
23406965
16100030
20543688
20458105
11625535
12440818
17146517
21982302
18449401
23653731
22659409
12277866
19462562
20350293
19338910
21111073
4576742
14762403
15414601
17641594
19466301
12049783
18201087
23003655
19457141
12749099
13690337
9460740
16196615
22763963
17203044
14938133
19178393
18657234
21368846
9670695
20768736
24145338
17769535
11889680
12047697
15568317
13190514
18575067
19390743
9659588
12907929
22166523
16662745
22623518
19905702
20492398
18358268
16386986
19982444
19074706
18159813
18732600
18342712
21671679
11608499
12142267
19386116
17202633
12882313
19832906
14448679
17356736
20691071
20066379
20507972
17141796
21994149
19554411
13220248
15822748
13768087
17388021
23211212
21750672
7493276
18638607
15660321
22927438
20471480
19551321
20770222
13889004
23227719
15113271
20698939
13415879
7817180
20398747
16719713
19292326
18391771
6213773
17040939
22949052
10876054
21389685
16153310
23097897
20599630
10266885
22729617
17455891
11624442
22175667
16959262
21643660
17054974
15005317
22549428
22187290
13296699
22417484
7993843
14648152
23525244
9622519
17594455
11985955
21560093
16949683
15841682
14947082
9295247
13168120
14207417
23026502
16143946
16450740
24277732
19541112
16315963
19345306
11317568
5338690
12616355
18724802
21057906
13499333
10672095
19652925
14436624
21710287
9836118
11075341
20951260
20086415
21388307
24346968
12523956
16796039
20659112
7168336
14441673
21358077
16667482
23567502
21654511
15099234
12543718
17062279
15779354
10920894
15240163
15488129
18211124
19078862
12075003
23222251
20881264
17114418
15011769
23226841
19360030
4132871
24765849
17093474
13136735
17083982
18871192
10591304
17057020
11060585
16131659
17252651
21357585
17045061
12305748
21835347
13383167
17922420
3748738
13629277
14649589
21575829
18613403
20638039
11864448
7262496
18347187
20162882
13690060
18169414
12787364
8298878
13620561
22809223
12308444
14796053
23950349
6439598
17438166
11598512
15359447
15623980
6385724
18607900
20867787
21384312
22864734
11687323
13065799
17970343
17746795
14822994
17474131
22035704
20033642
22709199
18315215
18802784
20959536
12631857
10954796
22005508
21787457
15363810
21381132
20752851
13921897
11217135
18050310
14768072
19584098
18972133
14763485
10915500
22667450
12221897
15822816
17661987
22973519
17001128
15352742
11017509
11888810
12027876
11502497
10124559
20341299
22552452
17831732
18568802
8270756
20770850
18125006
13171232
11484270
6724759
16917758
20331073
15429242
9859530
14434889
12014349
16545660
20684168
16276117
12062633
13080743
23170861
10146571
22796384
21145321
14295137
18696034
13527267
22568063
17941720
8231172
14802502
8679384
23262127
15897469
15359370
20629547
14897252
24172880
21103676
20610030
15918462
13080330
22082828
17971942
11304403
20806412
12087296
20160087
7535265
12444011
13636858
21478392
16707216
17770168
8624641
12018076
15519683
12382765
17298356
10628682
16769607
16851130
18624860
13055752
9468221
15446332
15612729
14010978
23529853
9412968
5261244
20300814
21123208
18062022
15535293
6708422
14179611
19302631
23673590
18972795
17417799
16596172
15929118
23145093
14723527
13794152
13308238
21011225
16864857
14524640
16803083
17418383
11024789
19486360
14574611
20454893
21423656
17367043
20617694
4827372
22489572
15724310
22082371
15532755
16125538
9067747
23239519
16056805
8930166
12759639
23641786
17441163
10684741
10441154
21207275
15316260
14403751
21463701
7275944
19593130
23533044
16128492
18713315
18809082
20468468
23029376
8188181
11967833
13791557
20838094
17666333
15967457
16597712
13957538
23476992
20125314
19037377
19644832
24571975
6818548
14828686
21891347
23487895
18057110
21501870
8976277
21171067
17874850
21280056
23593418
15812350
7930915
14487557
17791996
20229326
22355734
17041375
13252437
21963658
20458479
16113973
14809483
11897011
16712844
12421873
12863576
17697557
18261827
23401571
15115720
19656399
21653906
19999010
10720932
19763733
24406753
12994931
14457631
22999983
12187301
13914048
20591056
13687395
20809610
19254676
21257580
14635160
18837182
14229893
12437774
21907074
11107608
18586625
12465730
19304667
17608238
18705999
22969787
10771233
7533893
12776295
18662799
15004785
3172311
11296038
9807452
14642303
18061828
17505451
16300493
16764649
18882704
11834200
16668404
13597678
20477877
10734174
17890897
23329157
15605315
21014683
17658982
22853118
14722012
19768205
15850881
10518970
15834648
17371811
19554287
18187442
13942354
16919314
12432653
17729637
18558119
16087317
12873594
13131292
19895488
10085981
5748931
20491212
17975648
17320473
18993947
13386904
14373717
15830002
17842476
12605073
20350961
20109268
17559155
21824709
14641721
16817677
17680935
18015652
16167548
20563448
6680418
16730082
22643556
17282171
17077577
14800514
19628806
18294726
13502409
12710901
13780398
14344995
23652824
16780959
13909679
20422321
20645628
18691184
9231290
13550886
20495067
18368920
20822156
16097525
15121414
13737225
19479891
18806610
17604982
21233875
22074149
20840227
16742923
19038416
17171556
24155053
16868653
7968770
19764908
14702657
11178854
17028334
20433078
13743197
10156424
12360573
7621399
15047103
19743901
19110757
19393165
15897310
24202678
17155974
15213145
13139856
12823469
18767173
14413612
21592946
23809671
23373059
20037652
23934580
12409030
13873841
16946383
20853799
8372624
21222689
17185625
21717695
16359041
14367660
24120982
8704636
10990719
17332281
18487751
17237956
18002418
21865952
13548418
20735375
15983230
20251653
23575406
15541599
9767073
21131724
17726471
15637331
10097398
22880563
14465866
16103259
15386301
23399331
16918031
14041982
8335429
15953138
16714602
2710726
22617831
15417855
13539398
15780061
20315093
19730166
15947591
8964437
16752485
20077995
14065761
13146720
19254112
11500838
15738919
15991624
7676437
21457608
19054559
19825947
8795720
17140779
13080192
20031859
19456861
22479282
12992088
18794059
12888559
19580680
7685368
24244233
21426164
13280080
19916742
19728021
18130730
12210292
19145828
14024414
20596591
18175643
21339109
14375315
7424042
9696913
20900650
17888623
15360018
17746344
13932805
18921346
18739172
14174942
18271923
17492825
20615773
11373555
23620731
21471055
17389566
12099659
17339944
17344971
13317569
9951921
16005181
12604301
16705168
14720211
19177246
21607708
15700672
9486653
24076338
17352595
11173302
22344068
22497790
18173559
18245631
17865658
12958823
12241335
23722167
22204925
13427822
22154240
22067108
23292989
18024102
23300302
14894662
22654406
23092202
23959394
21922827
12971094
18577295
23205326
9733741
20669853
13496185
14310287
13020479
18588163
17171032
8027298
15793165
8127461
21248149
15522243
18128671
8055024
16170879
16621526
21279915
12450271
21635526
23008542
12553524
18329180
24112032
13061636
13051346
19572773
22583095
18031837
12947589
20111281
4027216
13534258
21688271
12733657
21146512
19199215
17422737
19736884
23451077
15585193
21396189
13057914
7871052
10521649
11334731
14603444
15434350
20767077
14069477
10821604
20107483
11202333
7331259
15820468
19786540
18117795
12861525
20243412
18873005
16919020
20037282
16256367
14132695
17240484
12517986
14172659
10793500
21480505
17025132
20556516
15280649
21542108
20638004
15696618
9915739
24041901
20815461
18957437
20290852
20960744
21402721
20721938
23370952
12729400
12523474
19282003
11685023
21227418
19344010
16179882
23684713
20208110
18886303
10559065
18752583
21092959
7381578
15540187
21686502
10346879
4679466
22277386
9074962
15545529
7893783
20910029
21843376
14583301
21244675
12440897
17596781
23577288
13941392
6364735
17576238
19013828
12946599
17662584
6990233
9670150
15163802
5323622
22698281
20157777
18649556
23703904
16896980
20470538
9436125
13702556
12526874
19477097
14818178
13163329
16800298
10619432
8149505
8209077
24962620
17748240
12678551
20179816
23607786
16677897
14213644
10118261
21454322
17380012
20900787
21264528
23398985
18346041
19986574
13981374
20439648
19572063
24289906
9900763
22793007
21333496
17418925
12046954
15142476
22243178
15741402
17592524
16088515
20941724
10881026
22038653
19994137
21159860
14624158
15555326
22522377
13984085
17902276
21538589
13202827
14309781
8425744
11326843
21814014
19970961
19350916
22426283
13061457
11149920
10172428
16681601
17951485
16772824
14214238
17597855
15668203
12800642
5590730
20597622
15689852
19834267
17202590
15735313
19571141
19873965
5358169
22999844
15991994
23563107
23044952
22980196
8438900
21411197
15510039
13239108
21383335
11200239
22703763
17512081
16000271
15325120
20623415
14024602
23604285
11201719
17164946
23449223
21464654
16141879
16351070
18774827
15508645
22681043
19476227
19554538
19567889
24397344
18713842
13283836
15889464
14478176
6635784
15031933
20766892
18692183
19568233
23709187
17217014
18878930
18490461
11061224
17360284
12493849
19002771
19420184
23113637
23284571
16630521
12813371
16571369
19323227
22416514
8204350
17146791
18455307
21601213
11894203
16268683
19303786
13788432
23318837
16013696
12368184
11658578
24086467
21232256
21046845
18655602
6254942
18824326
18921774
22573778
18594290
21123426
19944075
19501035
15493389
14044651
11833058
20908749
17792491
23763028
10257917
20142718
15181699
16171924
8811498
14535874
7431360
20544027
9425200
16044125
14969168
13752444
23261366
11536419
21803413
20459609
19196383
13122218
22667800
10180131
19762981
18632700
13315818
20055006
16255072
19209738
22285096
12927279
14502334
16322242
14520227
17419407
12345437
13830025
11490074
13309627
21592477
18584525
23077259
17842388
21214361
13191217
22472494
21959852
15239367
20149165
21120980
16058825
20666226
22515718
21214399
11934195
13271713
20556417
17864571
14645030
15966288
5529041
14442688
19547706
17400390
14923356
15889339
13930472
16276307
22746507
17370391
24255157
11451814
23378608
23284424
15653109
14996469
19699975
16951528
21386544
13924675
13281148
13332745
18427265
12671334
8700452
22238875
13476362
12411863
19624334
10268951
22414067
7837620
20579393
15015927
18825394
14618668
14142647
8247006
21788758
19687170
24384904
18274786
13865471
17082598
8628369
24292060
20008613
19503744
16679078
17793418
14859744
22011719
13410535
14934612
21979835
19579197
19050652
16174096
15600436
15913528
6479902
18068732
16769543
20194081
12454688
19234701
20411270
20832568
12258330
15353356
11286661
19877410
19501324
20262470
22417372
16846716
12831992
19708190
16328681
22326599
11424622
19978989
20508207
22030682
15186879
10440383
14208413
14691258
17016970
12491654
12154463
13279683
11889104
22114848
16904726
13193440
9197228
5958035
14954808
12813646
16714685
22992863
18900597
10157821
15525468
13190055
15361966
10994318
5001139
20582065
23086156
16102124
22814522
22917563
12839622
20886322
18515896
20971348
12104242
16916277
15567045
11222858
17060042
16714421
21526313
16320542
14540362
9706729
14484396
21068874
11687899
13904993
8802094
12685999
20526038
23427098
16097672
17009603
17545645
8762808
13106901
21368571
17257789
23428926
23458284
16640287
15990884
18749025
21901553
20369466
14740719
24178038
20918170
20996892
21313529
10675436
18167400
23822728
15448488
15341631
9503322
14182259
11257778
16879255
20055482
10937009
18600161
21622834
21320548
18380695
20790759
10002761
13276917
23026862
13794529
24278706
21374549
14631908
15785949
19145716
16423627
18365597
18309531
22469776
23083288
18048271
22341456
20649493
16907157
18630800
18858731
21820955
20468907
18327515
13399126
20617649
16156782
12875257
18887324
14609075
23230639
20455560
8542256
13945815
16447685
19585083
14723680
20032525
7653593
15891072
16438865
14409858
19397250
14530825
20569689
10311093
13137145
7797726
20231254
19462631
20263898
10201981
11880520
11445446
15605885
11911828
12819760
10835150
21577331
21683188
9122586
18157197
23047360
18233968
17737491
15923818
13391847
19160304
8740319
20047507
16526651
12344818
19630074
15992105
12852434
19710355
20522561
17907333
12334745
14694244
17697417
15891728
18501935
11898603
10214479
9521016
16724766
20557546
14960896
14314202
14968502
20134063
20948828
13536516
21888263
20204060
23071543
12828138
15167578
20510890
15449774
12457315
19363875
14261114
12042104
12780773
10985840
22720581
15426693
20806802
17879138
18922598
18517873
4208414
18463497
18238877
17278714
15966915
15952709
22817804
19228404
18125389
15214763
20456567
17586676
18784831
17558910
13265098
8724321
15896685
20668355
11167595
24433229
22460540
11098407
20978782
18578698
18868782
20250383
10008977
15347616
11582315
11589930
13638990
19324875
24534354
12681958
18748487
16123488
17545980
18371118
20347166
15084997
16213107
16312671
20516115
12115675
15985688
21509446
7798241
14453750
21811681
6091273
8252824
22528366
19911706
14226804
18488166
16897594
12507819
20878035
11446724
9934688
15542887
19970641
12494407
21212321
10229827
24411027
19390400
22385614
21539581
12142896
20398858
16466989
23596154
17560462
18219537
9871959
22028510
14138501
11352979
15708970
5672592
14132201
23153820
7946162
17001426
18443350
8648702
21910071
22561865
14881523
19968596
12965288
21889832
20756188
10889395
18328203
21940043
15054792
13128418
21067070
6958310
22953612
18290172
15938782
17714414
22838050
20758068
13804982
11428605
15342853
14566275
14341043
15383335
13714866
19128416
17694847
16486604
9667826
20277128
19835772
13452984
19361146
13784887
17791159
9848310
16544567
12549642
13705109
20695368
17936147
7072887
12676128
15026240
20258549
7565921
16776495
21383131
21610883
22454929
16031571
19715398
19128825
9905206
13864197
17846554
14354991
15432166
9402815
20877255
16524870
15370469
12021986
13534110
23498828
18751819
11686196
12568339
16545232
22238196
17509391
21438729
15234131
18182474
21741366
8776717
22454466
19872567
6989705
20970648
15574361
16009639
19538314
21201273
15744422
15647377
19838973
17708591
18281704
22703800
14262223
16912267
17716939
9984165
22475647
22266662
17855467
17516922
16247432
16746006
16992399
11843056
18126919
16390391
7901623
9903320
21217213
11463995
9051138
18065080
15147674
20650740
19864365
14917137
17564704
19924428
11452408
10093833
21368825
23122724
16853197
20648652
13450067
19206746
11073018
19393883
20845382
21316770
14463650
23959971
23992318
16532212
23175364
24399691
12742119
22626001
15053686
19116116
20732541
16096815
14365542
14663424
23480940
16138400
17365454
17537052
11739085
17471808
18400221
24801966
7808610
13896497
19665480
22357577
23523173
8582983
20338154
11674524
17372828
16678269
20143696
15921988
14694400
11070885
10663666
9010930
15160796
21068589
22934765
20068407
13171391
19087422
16491638
17233191
21430378
21664784
16747125
14011340
16633600
19121437
15800726
23665785
13237022
8177120
21431841
19608725
14851457
19257540
17306398
18141508
21906003
17981821
12291464
12671624
11185967
14429209
18695618
23900552
14815004
13335552
17663628
20944504
18235646
13331161
13098848
22527944
11949067
10671708
22418963
13315784
18972619
14916781
20545849
22023524
19460569
24286415
18646578
23320182
20219115
13192770
10700542
9912458
23311607
15416030
17759684
21100559
15907134
22045047
11000262
19824951
20360714
20419122
16771695
12857237
23730790
7495707
17012121
14212284
6909597
17592308
10352606
15875335
17514342
15904852
22386321
20061889
18988010
13289021
15494123
14428624
22229903
19253871
10194540
19829652
22499757
17520375
13714163
21763864
21321969
5380075
22548982
13506873
11016510
10941351
18146628
16277001
17586638
10166964
22049534
23886652
18275442
16706151
9107180
15717612
19105653
19605690
13194466
19281919
22946070
24422422
21699847
11244669
21880412
21069534
20817717
19838075
17737927
15988731
20238378
15687735
15144122
11947399
12548448
19085624
21913127
23782384
20529831
12692976
8820732
13435187
18966489
11596845
17129176
14252657
15510589
13359417
18202488
21844828
17766534
9396436
11214332
19770240
19003097
19993055
6850853
20311876
15399766
18780295
17694788
17387582
12924376
13743117
21181015
13646025
5128913
16399613
21010298
20854083
21975219
21323662
21607768
10669823
24471740
15955418
15828631
18826625
23886963
10303160
18792006
20398470
6793420
16912815
16389868
20982752
21141744
18546429
5414956
13591581
19747374
9421975
21111855
14560571
12791324
13333781
17981185
19256994
16828685
20610235
16703779
20469659
19108763
12986695
17136213
19443285
12646461
13140045
19561191
20051732
21856919
19246843
16135994
13477436
18132865
17816412
16319775
9239139
21544172
14673655
18203198
15804750
16853343
12030037
15802704
18156073
9309182
18210988
13266166
17638292
19706294
19932744
19317930
17037223
15717601
13683502
21731548
11048145
22823665
17483930
17667404
13512376
11055697
16532184
12353551
17739081
12263490
14443415
18594680
16975913
18367484
20074102
22619729
20631938
11967645
6427851
22160010
17474968
13961340
16240442
17711321
17763421
15306463
6986814
17742675
17860917
20141578
23146374
14325240
14189197
7808796
17002553
19608808
18573463
22120020
21001399
19876649
15413890
20959277
16650873
20400168
14348914
17336536
15930898
17482604
18247411
16057905
16672121
21810307
15066235
7331057
17793895
14325151
19976969
10994841
13491243
14313524
17374501
14632485
10946444
16352386
18586732
18437471
8643290
4771135
19416219
16524574
23923742
13409041
20354067
18596306
12395262
11318437
12827533
16691150
14909921
10068216
22547584
15677965
17622921
13518690
18549230
18597545
15908552
12491638
20259420
15979612
15400541
19395630
18472073
18475064
9502299
21581671
22392380
15040141
21793918
23300891
12217636
16278064
14298636
22537288
17783232
10961201
9581498
16731414
13646860
23374470
22422657
19568095
5003838
11425731
14974162
16307355
12453802
11870049
15762764
14486565
10719506
20180503
13399104
10339168
16081793
12489402
19756180
19975199
21540543
11570617
22238843
12479824
20871307
9536281
17068105
17767702
8846732
17863950
10350160
16416870
23202132
14334987
22098099
11847333
21771412
11005728
18792528
15966353
15566703
16877683
12243205
16952925
21057484
13193266
16640153
16776491
22663283
22095018
14579767
21247725
11257261
21653840
18040725
11800701
19111765
14143231
17998989
11708929
21077269
15013241
22091528
15660079
13661311
5019156
16999353
16277830
17948642
19306641
18341380
21130236
13271978
20187414
10382227
13696381
12464955
7904421
19118085
16025391
21517790
21926194
11398627
20260552
13146191
17832414
15073795
21571506
10979567
16526756
16775851
13798482
19135505
21925755
23703402
19676312
9663803
18895666
16987995
17680518
10410395
15217035
21643644
17922402
19165340
9525951
12191539
20897047
15888433
20783455
19680132
17323947
19498170
19461642
23311633
18399050
21000528
14736311
9132590
12837930
11926121
20865815
9134115
15021636
15580168
14129838
17428076
19404451
20388092
20520280
18319838
15141290
7535779
17968684
11471137
19501989
22708975
15042386
15285514
19345382
12907111
16367328
16724391
22532561
22269480
13662955
20280983
18405450
16263848
17696479
16103448
22537578
20070358
15198803
11387821
14545966
14283409
14698253
20426762
17218980
12621087
13651781
11405355
18498448
16353139
22890094
9907950
12963218
12306104
21617768
20639942
17812609
10078770
17590928
13422765
11674484
19236572
22599462
18972116
15336887
22822950
7201562
20062835
14750925
15106999
10430255
24665581
21182890
14389465
24621476
16854643
16782946
22159243
18637005
19767446
20114944
18842360
16905288
17803289
17743327
11403377
22710268
17211295
11129386
20354165
19786745
16470250
4946821
13661314
22426103
9986787
15700087
18847165
15241131
14326952
20236229
23174083
23050824
13716518
16001948
14095649
21882635
17933434
15152717
8710610
12008356
16240699
20246744
18436990
18840426
15564116
16468560
18878844
14322149
17636791
15988511
18097374
13126660
14253179
19919798
19093341
23497460
13803251
18718338
12701436
22558598
22722180
20063540
20391838
16567735
14167009
17041293
12721723
17991695
18723573
7329344
21613802
15615521
11890363
15460319
17932481
15356994
17724552
12959299
23494449
14952993
17753374
23325117
12748905
10206179
12365827
11826272
20680997
7578642
20650621
23667328
15028232
20882709
16011771
20532969
17685958
14807460
16558715
19330983
24053977
17633649
19410907
23140882
16235852
16003873
11993052
6954728
16854163
16958683
17252551
15952619
20614350
20374193
15099480
7376432
17669067
16240821
16981190
14451334
16343928
10482672
18947247
21457313
21558695
10425112
13608112
9106391
12942125
8989180
20095946
18633676
21236340
13445507
16684768
14629749
15365616
16990096
20705447
14105900
14538913
8283790
13158794
14182058
19662146
11041895
19917589
20254874
18101527
13815190
16529455
23925825
12451784
17457729
19526577
20718638
17165415
16415917
14720544
19337411
24391967
20673739
21658769
17667747
13349491
14620543
13778141
22523917
23434638
18732992
21164841
18251928
12069868
18553987
11066133
22146049
12155712
16223031
18329654
22221052
18281994
17344184
20956044
10945449
17363505
15729189
18669525
20715446
10627184
14998500
22570649
23746198
13568325
16329629
9846050
17561742
17901552
14048983
16371352
14401521
14056073
19761903
12234020
14590667
15328650
22129243
17499494
23411186
15343498
18279224
20965408
19331074
17838929
17758424
22320474
17755401
22589574
10863609
11159327
15404355
16461517
17599788
20052121
22636980
14704621
16702308
14767593
22677850
15588707
19147216
22960900
21490667
22557323
15962892
21319251
19789333
7762256
16838784
22718787
24048264
12818539
18085758
17366495
21199691
18396733
19298112
15803937
12338449
19088008
16417718
14631199
22062697
20833532
22065041
13031219
11818998
9158281
17389307
20888445
23596435
19933485
22165902
6362288
18839874
17247772
14069231
8084741
18253453
18080599
15906513
19547974
21510342
21249266
16945530
22952472
18810870
21513649
14651283
22206314
18125489
15302033
17556467
16336717
8323169
18645083
16924588
11198110
16231141
17243040
18612846
23065188
13533453
17463373
7844612
22474729
16259915
18328674
17655083
7913417
14866227
16461636
15670159
16423729
19781890
15666842
20330412
17938788
24392671
16595382
16112638
18210577
15078438
14520881
16020753
18397086
19312916
21491009
23248823
13248506
12685477
19279695
13335225
19355481
11673289
19653807
21460028
10098450
11809014
12256372
20886212
10842510
21227319
19065796
17155499
12485951
6784889
22563047
10688552
15657190
19522409
21104979
11987907
18917249
20234087
15981784
20847100
18795314
21121347
14266520
16831176
16832914
18892161
18022834
14641690
21258885
14794994
20395583
10623714
20906830
12392124
22366588
13087940
20135284
20114164
11278341
18539158
19961206
18051033
16542523
14664940
20832512
14952738
13479519
18134512
9217619
20495675
19373265
19040116
12321624
13482331
22700412
21356279
9224444
20826111
17133950
14413427
15600072
16601152
16265558
20420798
22633164
14036482
15908463
13407793
22922685
21340441
12946233
22099468
10526643
12469147
21031348
12304955
14526520
9081736
18005043
22085231
17837281
14788607
20466317
15253876
24444637
16850012
22759533
8215623
17638099
15639752
15968570
7975278
14257237
15443834
18478359
9156070
20897954
21655234
15082230
15711845
21015004
22296519
20104125
11123719
16918330
6054891
16164510
20007752
17928246
20891749
9992582
16922924
13926920
11202441
17535028
10112419
19471395
24013934
20050139
18919336
22157848
19740121
5498497
8818676
20064517
20516701
19907525
10820627
14988559
21027676
19638738
14201105
21650136
19764123
22223789
15805607
9940793
20762382
19277583
14770803
9402272
11955114
13002263
15377239
19854458
13627680
15221344
13622431
19063552
14658277
12330575
19090342
8712804
12108981
14660961
14069486
18992703
19001583
15472039
20970978
6558225
16308790
20202304
17298964
18733236
23612005
14320571
15556164
22512175
15071043
14343058
21712181
16604165
14999765
16599016
12452594
11958049
23835655
21977869
17817952
23088192
13495209
16600439
17695451
19242478
17513754
6282280
22186133
10756802
14360230
22905276
19187286
21879763
19719148
16435825
17431826
19430726
13375186
14951392
12165929
11091620
11340602
15858690
20673993
17958418
14552241
20372096
11514926
16854076
16009888
7111608
19773233
11664606
16844593
12323272
13314633
11132079
19114125
9843270
23907864
10875837
18302301
21611733
18677482
21302206
11837263
21797957
14506876
15683607
10873904
15467309
7367860
15923746
17094636
21106056
13567430
15663009
18233879
20685608
17682523
7854519
15926487
20871194
18663937
24180116
23735737
20559626
15736502
20455671
8866750
10363414
11380495
21950224
7145717
16925643
17849210
20273921
21292222
15438220
21426610
23463240
15143002
11053009
14534617
9190020
17555265
11614601
24424701
14091441
15489907
22706392
7820281
22854571
17308794
9371998
19836586
14193037
13852331
10699861
22344955
22357883
16777849
12786336
4292094
21752368
9832910
22369804
19497102
13963098
11944236
22582137
21648888
15762235
15659957
14358819
21184087
20893595
11459536
22946884
12403252
16045603
24001701
9294552
17470658
18025103
9404167
8838079
15527463
17524292
20887946
21457182
20322628
22326382
15348515
7536485
13123142
18137757
18880096
11242788
16966394
21093680
17682187
17769025
18843357
15696778
21380720
22199801
19139197
18192893
4898070
13483179
15183979
14581386
17559629
16322512
11347553
16405370
19664230
12631297
14855781
17941726
4250396
20568161
20778484
8674173
23767460
22536634
17363312
20273228
22587059
18118624
18593585
19235198
18609847
19760802
19012133
14372404
13931666
13320620
11397097
12280735
11246313
17368229
21282092
15705991
14575351
7282435
14266547
17017238
10083978
22791587
22861100
13724248
12696466
15345897
5748576
17136954
17180186
22840054
12103314
14690779
16838408
7950920
21601853
12246431
22742206
18629586
14178299
12011960
24320696
20749736
13518067
10513637
16852442
20071670
11382645
15274318
21000052
21446194
19066502
21737331
22396823
21594826
7308136
19601505
23350144
15466633
20695922
18319125
21211691
20732270
20989058
12137053
16725097
12106634
7526158
20389153
9399866
12032490
9996779
18409965
21107805
22407025
9293690
18861830
16068758
20382567
17827574
18158725
22713703
21843855
16606903
20860509
22597616
14515935
14295726
18717967
16556760
18061459
12215520
20375765
15146891
6097365
16520137
19981478
20915521
15368077
11252923
18638784
15697196
17629812
15055751
16923195
10755297
19343848
20616917
18752691
17752369
9611148
17270520
20011823
16489526
18241826
24378020
17495296
19983774
16159748
14587322
21579782
17021380
9384420
5473978
16139652
9603049
22160480
16557799
11294482
17932418
18518166
16386547
20445051
18595117
12696073
22714647
17136492
22287583
19259551
12992652
14571167
16396740
18679345
20025868
16076156
15662457
16108119
14646724
18496283
5268995
13434535
6753608
13573443
17147409
14750229
17389669
12004062
20430649
21422157
15600192
10177281
9455946
17940876
19125718
14568321
23349492
22631254
20458554
15416901
19171371
23644580
24116233
22546355
12714019
18818619
23476990
19866973
14503475
20779913
22198446
18705859
19142213
11548056
18715671
12923428
13739787
20292859
18038702
7684465
15639465
20798852
19224240
15794437
21034630
12631886
21210589
13513040
13534179
11462824
20502072
18332182
9741411
19075450
19817324
16489632
21976124
22201559
10157782
11654183
15347926
13731571
11630109
18016361
17360286
11053461
19245672
19089656
18342480
24140313
11240871
9401083
24802173
14393508
23732401
20439824
17091945
14486867
21896869
16432669
11113176
15898542
20406074
17115351
17442968
13014830
21678882
17886571
19448728
22681871
22310953
16319363
19758958
21711019
12659017
19065529
14761446
19128407
20080016
20870196
22783587
12702395
16982826
19634032
20825656
18810938
19322554
11951768
18656762
13995909
18489111
14670610
8170033
21840713
13713187
10809396
15319478
14608596
17014392
16509487
23635441
21760016
12393955
17659201
21183200
20752862
21424836
16672351
19983980
14725034
18701586
14949902
21958441
23243522
13605219
16379158
13577112
13251120
11907827
18235791
10893202
22428413
14937556
15398735
17028048
22332016
21782211
20159511
14988879
19249876
14478007
21140227
15366598
17046642
1306256
20433105
14254104
19135500
10718755
20308759
21863555
20368865
20884134
15822043
18840410
9625651
8336479
15690795
22291702
23095542
13241570
10301872
14124109
14535232
17399388
11468875
13356848
20393074
9006426
18268451
12728364
15778612
15556608
23270777
21400909
18090022
8998539
16578426
5572097
15861645
17813380
23493932
18328667
13500114
20230550
9083213
18895654
11732278
19200602
18557782
24190420
9423675
16702272
11902836
18422997
17653273
15259149
16922355
17467966
10184107
17268189
10654468
20312424
18452595
20546191
11892755
7026715
14431830
17912191
19186342
20217202
21221083
15916766
8742257
17810998
22398747
20142197
23916495
14754003
12593400
17824775
18241931
13559374
23259636
16847413
20614525
10284775
17970919
17882952
14042844
14242129
18703205
12656500
19546632
18455866
23562880
9694417
16897292
18335982
20614347
12399583
15715396
17902877
12124319
13945208
10966965
10787798
10349451
17130283
13165202
23459921
15857856
20523288
21758202
21021612
16921823
19223505
20511463
21343163
12554509
13330392
17703939
18179351
17432143
14030632
12654559
14961523
23992334
18762344
5572284
9887953
8637350
22439371
12685848
17593178
6241091
17818765
13528963
19081486
16926463
16712312
23128245
21568579
23001592
23370758
4403914
12379466
16078376
20550094
18066448
14135728
16839151
10158092
14000672
10396462
17776594
22638758
21027966
16613301
8831715
13970173
19686860
12399558
20180791
20347549
22825224
16142666
14806236
18062757
19333505
13628570
15467287
21520424
14777869
14200696
10215838
16988324
22113197
18873024
9344615
17226066
21179351
14545588
16951864
11054909
13463708
13016698
9643220
21444516
16867876
19635101
7319212
15110080
11190598
13871670
13227129
21037179
21000366
12291425
20929445
14710428
18937448
15286548
15993570
7774242
16849925
23793998
9701894
20257769
18895176
17904811
20650622
15777281
21158444
16942098
8307682
20202502
10294538
11342209
22586707
19989977
8504752
20289019
20788266
13367652
16675589
15377062
23209162
20508640
16969087
13639496
18553713
18533900
19656134
21029879
14244805
20969249
14292982
16988045
20339150
11448812
20098682
21461269
16656044
23046208
20821729
13623216
12131122
16586883
5987093
17271503
10935705
19291880
18616426
13003624
22015272
11553762
23836476
11251632
14034194
15941804
15355966
12626462
21400733
23487119
20950237
19046635
14318917
14145305
18243005
21760261
15285246
12030660
15979382
16763759
11637551
20186333
11884553
16291380
20293327
14095405
19096975
24295025
23172832
14130318
12919565
12984745
4683878
16150857
16197485
20549166
23458535
15048364
23411173
17412291
11707659
18875774
16018512
15122798
16544258
11021131
13714879
22947107
21859256
14868779
22347074
13987860
21171112
21413853
9751634
19718422
17094417
19146603
20228836
22542572
15558283
8783796
9165652
13538138
9482599
23023054
18753783
6148492
9818653
10295703
21162711
17428697
11541606
22120408
20625744
15922779
16565777
18592552
12768123
13006930
21345425
20098489
11147141
14262987
17445425
16908355
15513625
24854898
20925796
13515407
22645674
19450035
19973584
17154373
20044286
17679566
14475823
8437865
16180291
21341189
17724571
19000224
8529683
9154800
18914786
12263160
7403608
4909442
21933669
20244811
14357909
14952840
14609260
18589226
21780182
21413012
19399523
14108379
13179842
19661982
17496256
15308184
15096339
15763646
19099904
20754648
16881504
15979267
21687388
15578575
13712690
23965153
22704864
18631112
14441052
21515088
13985571
11835049
8144669
20030778
19623773
23886738
14972717
20202581
18943719
10271679
23876970
15166446
19540204
17757287
20215619
23457014
18441686
16667260
21320049
12991203
24074675
19333367
21411114
23926204
16597068
20199006
21147496
14516832
21389312
14875017
19347401
13021629
17641827
13141571
8210023
23156612
22308864
13680517
21093002
14812723
19065710
14945878
17453252
23083995
20338017
19702984
19121413
14710236
7801285
21919093
17864792
20135430
12340167
16286964
10672958
23716261
14898456
6951039
20617426
15353149
14141418
13127025
23710452
23002741
7230423
11838200
23830843
15997067
20747888
13841014
16975269
17582423
18852745
17180758
14294914
16324170
22427797
23736084
18289025
11394642
24186861
16007473
17462487
11313261
21438825
11936743
13137390
21318694
23580668
24229461
8561050
15924266
16992899
11628727
16655989
18840418
18198964
15438913
18419214
11423898
22890336
11016985
17634910
19004544
22524755
24746858
9919348
11476002
12170634
15457437
20521940
11888303
18458013
21749943
16833490
17290099
16928018
13541052
14123576
21399987
16620135
12672116
20507352
10938943
15926045
20104671
21431842
24465229
16303630
14996382
15832054
10398247
19367573
11166407
15055683
20762342
17480959
18957233
10080644
18717935
9633468
16293633
21658786
21780054
22332373
21792633
14686783
21724224
18099201
19484821
21849437
9514381
5622746
15809612
23142774
17279239
10647730
17806108
14213332
14382666
20371123
16604867
17762124
7150064
22469660
19371564
17412586
20714752
23356291
12788054
21937992
17171547
6970834
15369671
10878357
15117783
10628065
14536466
16600391
9939067
16025578
22343440
10912120
24225666
16626237
16216316
23878465
14752859
19002983
13073168
24241306
6558355
11837927
13457980
19367347
19477230
9306238
16387185
23226768
23543246
6441755
16022074
