21170043
24757606
19547347
13669560
15379538
19528215
17111352
20510798
17730890
19717021
20281319
16665931
19421855
10036973
11976608
20660950
21198054
9885594
22060980
18502840
18339329
11609207
8347872
19970322
14621761
21492570
12191117
17316261
20269133
17495448
17818348
17126460
20771636
15524302
17062748
9079262
11281676
21830317
4736933
6615460
12873041
17710506
14230955
23251185
18651052
21706328
22959742
17559090
16229063
4723818
11782421
24689027
8872979
10021179
17440335
22651002
13574024
16452018
18656991
23797196
9128615
20817063
16833427
8520872
10995763
19409944
19181039
15814296
14188757
14448000
15011051
14799680
14528597
19691147
12718956
15564365
14824657
21328245
11690261
19105450
16984041
18714706
21178995
18412566
22212396
11656150
18301035
19198875
8698937
9803839
19052962
22375384
18559860
14873668
15061221
15602209
20232096
17448624
8052543
9039009
20575140
19662251
14742877
22954293
18668511
22598693
19482172
16280969
17051951
18862656
18564780
16280214
12655759
13166569
20448209
19814181
23414757
11882842
10088096
12863440
20734311
20155218
13179635
19331687
22137611
17333547
18613401
10541468
18710462
21100272
17137555
23844994
24513803
16468572
9119787
22197076
12000376
18715669
11422188
7458898
8385570
11287378
20113198
16993737
21999941
15524460
19140787
7155232
19192178
24064844
15099999
17185494
15062869
13631028
9464961
22650779
15729079
20921563
18174214
14858780
13137713
17332970
15672150
16595263
15477263
18489618
19857551
17536833
17018536
15255014
19793910
17601639
19124671
13606009
18344132
10274142
21887283
19817537
17296294
22653584
22712840
8873094
20787806
15358191
17631816
20230740
7020396
13220632
11654870
20552041
10627619
21651714
14987642
19863516
13153921
15132190
21753887
12408046
23969251
12619184
18016118
9920827
13310041
19485323
21766434
15163128
23325362
22686396
16012815
8546339
14120972
23841065
15387727
8686163
11956825
21111395
11331896
18609302
21882979
14330656
17610923
24144289
18732744
15277874
10500083
20807915
12110006
11719747
10664849
16140450
10087849
21717703
21555328
22962038
15504860
21454043
19840577
15638962
23338620
17611158
19732820
22490517
16888302
15631395
12459057
13575510
24112443
18653654
13055224
11196823
22809546
23180519
13997343
16312552
23570743
20999548
14559381
17306940
16667989
9908007
18376362
11130989
8460213
24036182
23612321
17486294
22073772
7034314
11598060
19600669
19543521
15112197
14519917
15719422
9302696
12883196
10974929
3126065
15318017
17512970
21924706
16925991
22320095
21045227
11820678
18804830
23604483
12041335
13904747
21107030
22626661
16152577
20398238
13071042
13531098
15193672
14304722
15514183
17439498
18127002
18578781
16483205
23525070
21543175
24245550
22920626
17267477
18162716
19072207
12122603
14498201
10148206
11655966
24545906
19796290
16767102
17302383
13524176
13501505
19775702
17375515
22835499
15308168
21785260
18832323
22071188
16240408
18396373
21203072
21181418
10400732
12229883
19487390
18050055
19976223
20877340
8681877
12911338
7815867
16349091
10296075
20094517
17994686
18270655
11913613
20812048
10943602
17093181
16799731
13058986
21443074
22788403
8945026
21280993
10453298
13477352
20041646
15872758
15890365
19202641
15796159
18815605
7286197
10953578
20866127
23881563
22003216
22521460
16044913
17789387
19643137
20161064
17302650
17780916
13588348
14608504
7400943
11553404
11281950
18438201
15442782
12872420
16866892
20844620
7631557
14795190
20418770
16007955
11463124
19474629
21694544
20787270
15811960
22353085
21262387
23554995
17853950
13175610
9267984
19979546
17542109
19718241
16043103
17614151
19915175
19285181
16121652
15087565
19033153
11946175
19441809
11996284
19122631
16249254
15149515
13750988
19423506
20620373
18520585
22315602
18997454
11674118
15395157
18104110
16634395
19051628
14587733
22132062
14372934
17206574
19378635
21171415
17525574
15922282
9950686
18317196
12868656
15055138
22609429
12324560
19650285
20952557
19944747
13780259
7718755
22530380
17956274
17339745
23668392
21687273
14975670
14111640
18167842
19614291
17805248
16690691
11472532
14997254
21483051
21884921
16582437
21219696
16997125
15812435
17105956
20617983
20725263
12467909
18968313
16132763
17325422
22032790
17370137
13683947
20662625
16351506
14406673
20035037
15853142
17731178
8018414
11166520
17723427
16986759
10556405
23134303
16896335
12604863
23268416
17519199
6925916
16197905
22227266
7680827
24279393
13792905
15206203
22436712
10197073
21612005
13112358
20640983
23365699
8723123
15332262
18057797
21405194
21124877
16263828
16571873
14407198
20501147
11820801
15996115
19254479
22680901
20938355
11534589
17576849
14149337
14010295
16339549
14909385
21340591
20029190
8026327
16699482
19547755
22364483
6388629
22982257
18020051
18955536
17369468
18869898
22728915
16105589
16463831
16312513
14612088
16780087
20592162
19286104
18518066
16037469
19375707
12636230
23085866
8541654
21672393
16309118
11269454
17474415
11770268
7384226
21513408
12260240
20540022
23244463
22081632
16336660
13745405
13763221
19434553
20611667
23481233
19543467
6828752
24490868
14790278
13116882
20677534
11322604
16756360
23139556
22096207
12261994
22811955
20810143
14340580
17053270
16416168
11580009
20267845
23526865
24255514
20133914
20249077
13149762
14253102
12499472
14010683
14264133
8806439
17794121
17737378
14160525
11354360
17295245
17676465
20240960
11345153
5350747
15414711
23310043
16756468
21833896
11103024
13486835
18945552
24528998
17721889
16466572
17431622
16760369
12000521
24731265
19495047
18368492
14341597
15453772
20721774
15335464
15263764
10059594
20652450
5830968
19867929
13009177
10401838
12530929
8955149
24420167
16519361
14451432
3576786
10399828
11306802
15966443
20136694
20958118
19406736
21515185
17361458
18611896
19192205
24166302
19397192
14477360
21811204
4292644
18158421
20349346
21549701
22588584
18113433
13763341
23094449
14438711
16561506
23503178
14460424
14283387
16875870
10051530
15226391
14282415
18075535
10835250
11814736
22448522
9548550
13054250
14109324
7071680
20159120
21997149
11560852
21085893
11992726
8165968
14056504
13379951
18472329
13206959
15592952
24193833
15268886
20940485
13206013
22904966
11354803
20753887
21493936
16941567
11637350
21936540
16953873
22222222
17677791
11314569
18181593
20705712
18778640
11730201
11502556
20222907
12029932
20378680
18318748
12380208
9285372
14588186
13223749
16194456
20472427
21307526
16350646
16573095
17850929
18996543
20114699
19341353
17600304
14693211
18608023
20379297
13320028
20235391
20677587
10032674
21398661
12258647
10899950
21148241
16534169
24093812
15893294
22740509
18586441
18146516
21996540
17073642
17863766
20315579
15775782
19463823
22622210
3421126
22204066
10767543
17946676
12522550
16312336
16315879
15729008
23491026
19401814
13262626
18452427
19743575
18715281
7402071
18218404
16264866
17685137
10475635
11857621
17825559
12684517
17701032
12503879
18653272
22350995
15309749
17999840
22242902
12321470
17034530
20187849
22340606
11608006
23973298
16605518
20291630
20572724
17726212
13893868
10648355
23745148
12333524
23826110
20008175
18229325
20900101
10201961
15310193
21940434
14418290
22102474
19478616
19628894
19967788
23782939
15682086
21352952
18139596
22884018
21961510
20061101
16330534
13003411
18471219
10538116
21677201
22456373
15387230
14071428
15008570
13911242
23133313
13390436
24618325
9534562
17091678
16507942
10480564
13075238
22374126
17940837
18159761
15500508
6208506
6067756
8244628
17148730
18104126
4931496
9627854
7882093
20019211
12653627
10727226
21833457
15535382
13657825
14463380
16920724
8946480
7859275
22946582
11772731
18581468
18439054
14538941
19491119
23018059
18010367
14737446
21528397
6706014
15260718
20359005
9950569
16184156
20032897
23273366
23778674
21091470
21773177
13068227
23283882
23217198
15202592
18880434
21437981
11159676
16067730
19861150
17209931
23040143
7705983
22159875
15761882
15225469
15713137
16381199
21651392
15070370
22747772
22042650
14189187
20279010
12954089
14434551
17683467
20374502
15953668
18786682
10991657
15713282
14058293
16086104
12569015
20018723
21527276
22389853
17460722
22692443
18073526
21294111
14168920
9820075
9883982
19342987
16816806
16621688
16094448
15347504
15425105
13220420
14136246
19392220
18214189
9732071
17912661
10654161
7588980
22073697
19018425
13859684
11267671
13837575
15377815
9648879
9522659
8725338
18288128
21669966
20698571
20424655
10122877
13659937
17394450
18368119
22685160
23063197
18018132
15382245
20745106
19919811
15295940
20138642
23820577
17373423
9107966
20548915
17627230
19539215
8558014
14200995
8080173
12533460
19256239
8621628
15068740
21612116
15726951
8460561
18338896
11412777
19283920
15029686
21954314
21327024
21174465
16394661
14931329
19425248
22464126
17148086
20128639
13259747
18573223
17625662
5501848
18817075
13455369
10511464
23376676
18344789
16543653
13514389
11989603
21872897
15020248
24054050
4439387
21434426
14569108
6700318
13888106
12963794
19715568
20714081
18379886
20230278
19254795
17379393
19180536
24533211
16756049
11450838
23620288
16447091
20662878
14103771
20948315
23596972
16876410
10209476
8459703
9166617
17913736
16690622
9481032
23295503
17693453
21373279
15007181
18406243
17486582
17346883
10788941
13065177
17242520
18694200
22040797
13920531
12516577
21087465
7515240
13400647
14667489
17554682
16402803
10880448
22559161
11166535
22148018
22438471
16539649
17999171
16639416
22270893
16029263
12704935
19433109
22576463
16792053
20565354
17741797
14817202
17732509
19363174
20106234
19607930
13891122
23193919
16563619
12406394
17133089
14186629
17073102
21152964
16829609
23328124
20515839
21628084
16325522
8733652
16772435
7757306
4945894
24400554
21497179
12881675
17599444
18055228
13942660
12552346
16468637
11423505
17207751
11583469
8439752
15165256
20267106
22195398
16397523
20686771
14001664
20325378
19117904
22300433
15259504
22649844
19392607
18253057
17337687
13119477
10406426
17823079
11901146
20563262
8367742
15014745
9972131
16037889
16910417
21757809
23015888
19077219
14459308
17862730
10672073
17796189
9059468
14718011
16845349
11387847
16974350
20176486
12403463
10545421
13349205
12796438
16024967
18771101
18123767
14152887
15501417
23709920
22068759
10440754
21987347
21927497
21312736
21414742
21001467
18580044
24142760
21682655
18800305
12946093
13534874
20252110
19015688
10529418
14804627
19853129
19343248
19475945
18616324
20245540
13958773
7529836
15057815
18355218
23947240
17300200
14855314
22563925
13177811
21218888
14916533
11006801
18536048
13201900
24548956
23742082
12528518
19244204
20268177
14450539
9145100
19671586
14279142
14981086
22281397
20230309
10563347
14741900
16646918
16539989
14865540
16508279
22509588
12113383
10550178
21621567
23965252
18304064
10112496
17029519
17199727
15447482
19369643
14275155
17465808
20149737
15163588
7844573
17724918
18206573
17083869
12870607
22252824
16399199
18390628
20370956
17198022
19463390
6710788
19271411
10693420
9513125
13315649
17774737
19190319
14719589
22175237
17748944
23899224
20397694
12420691
17296109
21197266
19893522
24513045
16496831
17905396
18264512
23481308
10644217
23028526
23618005
18443624
16277070
16047339
15723712
16263549
21248134
18128896
20928346
10377610
14507915
16897638
11026972
18721924
19670308
7811918
11860848
16185904
15828534
16846371
20720573
13840804
11857669
22715106
12744656
19222531
16467977
14150955
22454211
18253313
16403796
23261256
10524531
22785751
18752148
16799721
15429643
6686621
23014421
16552090
11857751
10317489
11430561
18632465
9688451
14579644
17861431
19840309
4859359
21897916
21169908
8363162
5891649
15769368
22844317
13284864
13111709
15687905
22401385
16654545
13391602
17939100
21072047
19381041
17083363
20261841
19173902
11632222
18037614
21398187
14748498
16858640
13374777
16841718
18810077
13096238
23125657
15538332
14473206
19451620
16284744
15715132
20875277
21372684
14334826
16611972
20582692
20283846
18940669
23194366
14777577
11545852
21135652
11963112
15078024
15152583
23463712
21703398
12672901
22310870
19947920
12000021
3860265
15596179
19436518
12345602
18822730
22861406
19778071
21743610
23930156
9074410
18626875
18037289
15830394
19319132
23018566
11932334
14002954
17846550
21017461
21645424
17464535
22283326
13901601
19452336
23194258
13887131
17654620
20980741
24348851
14823782
9432961
13673726
15967394
17992967
13967706
8428585
19970996
16723725
11983859
18620918
19098344
9238888
16298272
15899782
18669313
21467752
14782697
18636269
17561084
12706595
20089282
20418140
20709560
16097132
23324589
19815844
15055854
9138462
16779605
20785194
21036625
9478855
20558199
23080158
23772491
7715072
20411708
13988832
15510858
20051768
18545240
19817662
24521362
13315226
6624512
5131368
16040507
20175519
17546028
12215426
22169698
21164707
14179132
13033421
24287613
12032013
10043472
24046939
19529551
11331510
17713267
17563454
24610216
24715193
15345150
16062643
17997471
15423861
24086230
16937923
17733275
15925688
20256900
22348847
13390823
14092680
13003595
18854451
20930230
10365792
18202746
17788808
19888195
21289630
20326454
19099680
17910388
14277903
16031554
16397650
18978719
19548630
22705940
18371718
9404161
11399862
20931673
16310838
19159582
10352295
6716664
23216110
14776321
23208369
19334985
17380062
19974384
18106077
21553940
17036606
21415428
9459210
21721028
12665485
20069001
23168203
20486644
20775642
19632399
23632950
20738345
18554856
18957193
12791287
21227629
19031624
14329964
13065278
23500754
17302913
15663530
19713260
17543686
21598306
18839677
20058196
14155341
18514223
19774941
13482798
18008912
22914914
13007982
14617426
8120809
20364705
16718711
15396541
21520017
19201090
16222951
18601934
14723978
18451027
15969426
18099425
12115703
13719549
15997868
21207395
19724325
17809001
13487816
21060960
21824973
17411646
15690122
12036971
22600513
20828503
12421486
10321322
22614393
15155517
16411931
11378498
6853907
22265487
22406985
20114485
14455609
14867950
16260891
19530112
7827920
16799771
16109838
19662811
18457560
13617265
10206798
20652437
15723149
16925782
15381536
15409684
16882392
10977616
19719590
22003376
18373962
10736338
5057769
19562301
17661501
16044563
12971386
16523904
21115678
14277361
13278055
19874710
14782218
20906461
22392253
21203223
13063734
13276798
20775303
18917870
15952017
23313831
19461752
16489702
20316647
8262097
11770001
20433028
21522836
18523327
15912281
18421963
23466478
14471417
21334278
16474113
17279191
19478795
15051091
23212059
21384599
12948956
14118081
15080843
13891013
18214095
22566320
21065071
17212918
16639047
19698073
9063868
13406370
5407470
8636237
17885918
13539013
4139950
18695847
16036251
16182633
21281746
20447375
21073229
19082850
17368414
18945658
20367146
14056120
16033205
8740863
17783181
15971724
2747110
17449397
20016882
13301077
15193054
12017660
21251545
14287983
9854050
18151059
6955128
18779031
21293582
21202229
15690036
17803110
18077046
20124083
13528189
14997815
20993631
16050594
17113313
23480943
15315690
21949794
22823743
22256849
15509105
16951504
21532532
21375192
8889594
20296549
19516383
7690911
21194652
10789043
22971930
15211781
16564583
23871405
13431209
12379899
22195671
6347426
13359117
24109570
24851242
19477029
19067587
21696392
21121192
11284543
19974145
17100408
22043615
15000747
16099514
13722823
18886206
22274044
13315296
22987366
21140233
17143985
20732630
16497601
14083912
16610803
13226292
17770907
20767477
22194970
21315618
19118622
15705180
17660078
16708428
23952643
18163879
14807052
16650442
19406118
19454821
18079229
14085630
24667816
13261566
10163004
21783359
22159758
19966073
21376343
9481793
9429461
21776932
16503997
11081865
20016203
16200004
12969396
19468378
15611103
12853264
20582930
20711032
8498865
11363650
22343014
22040225
21731327
20901402
20264406
12797459
17219823
13375486
24079390
19154182
23974747
13583527
16157866
18991574
13030623
15374146
20728925
15085146
21068417
12256481
19526342
16776256
22035034
23627459
20199914
16458052
21514076
17685569
21667052
20267496
19498435
20469199
14277597
15678445
16381017
11154199
14711037
10104182
9259448
11383857
21072935
24176759
21059872
10486691
19792669
23497065
13390664
17715747
16007322
18006005
21173709
8006973
18011015
21069283
18240811
17318995
16995607
18736084
23560026
18332042
18047659
16518434
6723447
12915163
8237137
14269832
18686062
18057777
14982558
13566545
10523470
15847351
12205450
14919956
14892980
16089480
17937434
15432345
17381256
20274998
7733895
14417055
13230448
17500785
8681145
18646732
20458597
17519996
4438077
10977369
18578026
13051755
4535903
17544343
14324860
17586402
20256673
16524677
19480470
19891253
20847183
13667540
12093574
13641635
16172993
16445834
16681607
19136433
12331774
11289692
15580382
15864201
22642268
10158498
21635575
19648066
17795559
22807164
17036182
13084504
10551659
9982501
22506231
14007915
18987090
15822271
10504623
17738443
20219079
18194052
20456416
15359189
19177287
18084433
22417433
18913185
15183888
20542709
14303491
6760884
13587635
5033937
20728207
19397094
11465335
14000378
21499457
8489876
19893602
17696739
20826660
13968421
23177230
16927892
22380774
14350690
19657550
23748019
15505660
16537161
13106492
21507750
17386261
10367759
9565010
19747496
4663131
18965022
8561494
20041709
19788170
18450420
17364167
18718549
11013925
16044696
20041484
15919926
18934647
18734811
16626079
20383683
21781742
12570700
15876992
20997099
20073108
18200740
17476369
23496058
10060167
21299754
18713661
17206067
20214428
15316915
8063624
15935846
11203609
21786885
14542509
9438337
14477122
24317615
18602706
21113063
7900692
20311613
13728625
14988522
7677423
16898018
14202949
14180746
17289975
12425815
12343857
18044174
15521108
23142942
18119266
18177763
8738967
20645131
16695934
17972474
16366569
18609692
21929655
15808647
19910939
17918239
24295989
12663410
16272848
18537546
20836440
11776695
15090857
18325224
21018026
11406576
22281266
20370722
7270629
8613237
9776428
19940957
17186421
21598290
11659743
17749603
17126669
16644462
17408497
20418758
12840756
15752527
10658407
14375367
14026607
19797930
15321663
19948095
19041920
20860181
21281642
16660255
15516545
15310425
20021991
12601729
17088532
17344805
6918242
17256418
18923756
21024391
10923836
19281284
22923945
22686769
12998681
21379103
11948897
11733055
15097756
18370317
11210517
13056053
16790628
18763491
14604582
11241417
22481721
21105904
19894286
23751043
17453604
12532587
17085643
22346354
9880793
17456798
19437834
15711279
16079403
17119431
18504501
10340845
19623285
14334169
12057402
15911169
10132635
14574541
12425058
11293895
15474054
21656650
17513595
15292592
16021855
13981358
20314333
9787418
19334746
13077091
17435607
22569796
12950688
21245695
10527501
18369974
10404166
12013458
11158413
24593307
22325541
16801508
22108466
15924739
19998601
10565398
14639069
16573681
12103522
19058246
19837032
19985573
19422219
18949513
21109891
20383750
13243240
22454875
11614953
19250309
16067059
17397490
10746123
18161129
5733267
15506863
21907875
12635118
15142271
21282469
19305998
20328801
13814212
15270712
18192525
17915911
17655825
19833216
19389324
22168942
21421402
21068734
18817155
19846819
14651062
17774490
11394131
19365599
20754852
21989712
19930641
23189969
17922855
19167763
16472512
12766903
21416109
10323693
23756693
20065271
24501734
22454190
19155480
13263673
19081612
17305751
19565570
18566147
12513126
18873326
15266998
11817917
15104039
20383318
12447664
20137267
15109305
19931160
22119066
14219204
17643746
19854941
20369660
20172774
17387014
4893898
16641813
14102319
4385480
16410466
3683650
19425088
12343890
18182175
23090016
21093104
22211825
22674435
12547287
17647523
14905345
18341843
16431255
17769647
22572693
15831685
20501543
13018353
15091496
15210636
14123726
14734650
19119210
13335187
4970522
14423160
21878356
12127988
22051639
22417995
13074092
22989683
22868526
21997777
16078929
21878422
13760251
14582338
13817638
18743603
19287031
10421843
13679514
18669344
19165788
22895529
18935580
16872556
19354098
15732317
13915529
11587164
16831494
18702888
20964779
23943964
16566521
19770515
16425959
23380285
11622947
9606826
8819348
16995491
9058359
10505284
10110376
14794534
15660135
20796735
20304214
19912940
16863185
20296769
12900020
20225466
17421850
17556431
10951006
10603363
19957175
17979936
17217385
16195376
10779426
12137242
19930471
4532873
19615357
17997953
23234673
14918163
20161354
18535552
6057705
23104468
21133427
15028379
7887431
18187815
13997465
17441468
16765422
19290505
15050000
19146565
20530497
13887962
20566710
18842313
22199042
9321654
10795972
17932711
8328594
14742849
12276472
21771454
8333583
21677815
10667677
16225850
23455726
21606862
16739862
15076416
10330892
12209978
16972835
16486239
12212842
18797010
11973185
8050467
20362382
18486609
9225450
10673605
14672793
13457808
10705343
19811368
14494370
11958060
17556519
14332452
20134458
21934446
21094993
18135840
16994566
21315250
15861135
15795702
18627491
24726560
19900944
22444302
13942700
12824330
20120514
10380764
10432982
16689706
17968192
16872487
20504706
6273113
19552285
11647531
16569122
23251621
13322833
20732976
10270008
12094760
19498527
10998148
18946703
19241179
15194155
15130216
15975865
17781393
20297153
17935034
19511065
9034652
17478090
20058519
17994284
8718182
8639198
17747164
21515764
6861621
18074194
18763629
19672425
21097343
11100460
12352840
14601324
19590098
21198266
20046582
17105447
19823108
23495838
4112212
10736910
8200399
20383330
22122851
21852547
19770271
14829393
12907125
13643897
10351373
23930280
18485761
11826601
20974677
21363878
14678242
15136261
18410798
20845699
18813114
17531053
14280649
21629156
22440862
12182133
24148436
16834414
20068610
15291882
13529892
15299476
15126480
12224177
14026083
23968434
16314363
18064148
19531041
23262093
22549706
15563986
18925357
20589964
15432865
19844146
17064817
15402642
18449619
14144516
15070544
15401273
18425767
21331061
6093613
20328323
11237874
20982177
8539873
12256115
13756069
10076179
22526042
18553899
17709117
10030248
13151938
13211758
21571348
9761387
19196966
17762040
17954915
19375942
8044688
19995478
18697943
16896904
11715335
16119239
14610243
23735201
23778574
22288603
21020692
8721673
11023797
18419860
17274772
17055925
3116856
21328901
21476621
10113406
8433457
12725267
14407434
18640003
5721576
22643171
11862478
17768874
18922801
21277230
8851595
19478640
15331519
16509842
23276337
13969677
17758121
20435319
20813338
5980951
18705729
23095940
17607514
17596037
11871445
14272408
21454582
18988603
14926438
12385146
17158248
18950939
23343271
12277849
13003275
18783898
18010121
7954462
18911170
11967599
18573385
11811136
14587176
19185839
18419028
16055733
20321926
15644866
12576922
17709052
13967305
13778606
12556279
18117030
16692690
12327932
16523786
15433506
13786860
14119301
13684970
10115910
22262365
19066156
12274810
9097337
18703526
13665322
23532207
21591566
19763860
16408700
14456045
18154039
21980930
17438844
13866818
21626580
19498878
20198458
21733643
21526629
18774945
20856335
9455793
15473184
22242203
21565767
9718079
11124737
16927123
15843942
17588033
8441453
20330799
8276458
12790448
20124615
20047353
20624727
22185419
22763134
24086166
10398315
16006799
20040929
4795566
7626143
14027612
20027705
23373521
6387139
11489739
22156109
12006414
11106143
21771296
22833517
17193970
23806840
18928503
9482855
19693053
13355188
22204494
11948175
6169919
11056199
19511739
16063082
20270837
20668764
14135724
17998926
15359400
19389495
21612713
16386392
19801432
17229331
20479585
21380978
11736063
18012600
21586169
13474196
14663280
14469150
12266453
20002212
16483749
20457532
16819156
17060979
15855810
15541117
14347335
20382032
20001212
15683916
20042952
13959092
20353849
12010595
12878122
18000477
18368669
7711520
19079547
10254859
19254696
16779361
19128628
16413202
20969073
10295818
3429903
13987276
20554650
16569458
18732171
12338890
10170422
21079265
10825601
18994405
7747941
24790193
20296614
21790880
15832640
18974858
9974766
15429663
17789695
23381665
21791552
14973680
7278445
14740032
23897832
20966104
20557591
20409596
21028401
8200849
22905797
22707206
12685597
23324417
23352333
14728860
22745513
8529121
12130167
16922697
14674635
10134667
16851180
20707864
15651951
13434845
23824624
19844651
16488043
19592238
15173697
7667199
16238217
11362857
14356917
14172389
8182874
11659610
11818493
13609432
19113633
17513749
14719111
16928830
16979607
20130071
9930660
13399664
13050490
15720232
10666417
22788771
14196750
20210613
9114236
22559312
20638386
21059579
12423007
18057241
13993353
12729324
9204740
22657273
18419675
13253684
20500330
18977330
22707123
18113966
15537511
14494605
15115832
11255868
17786431
12807675
16418245
12280436
19171608
9476244
17952792
21398861
16957568
12731340
23068032
17365061
17519222
7217505
19766102
20021458
10310264
11058408
20645710
18714860
23403363
8827268
10397758
14004372
9937300
19458488
9326120
17570373
16871336
18380756
13156429
18758513
11768378
20497852
9352693
14206903
14741482
10050544
1898390
19852246
22372798
18848638
12800579
21530067
15453609
13608790
14628998
19624550
19296755
17742444
21786368
18799488
18839557
13953652
7805024
16071389
16172670
16028197
21375074
17724356
19790686
22146382
20090131
12955073
24095693
14830105
17322884
21153776
21310525
18955349
16215331
21328571
23223728
17113640
22820774
19663553
11021423
13839378
21969941
14383229
21058946
18832172
15378758
17784085
14300568
21077323
19174371
22609838
18469943
18791358
16456496
14577952
17520150
19834575
18406281
13764665
18433464
22092461
14852547
22423376
17129696
18016598
20985997
22817921
18745815
16206061
17877932
18782733
14283450
17662990
15350653
20197057
20242919
9462052
10839244
12569950
8677289
16322451
21554564
15188559
19065720
13356127
21125814
16795265
24602163
20322776
15952467
9023573
23647333
11190377
16523262
19049013
12844675
10633934
23955808
14356683
14888902
11665140
20942926
12574054
13809007
7226902
5430041
15367437
19452153
21773605
17485644
15970142
8728714
17457226
17325071
18832059
17681831
24453063
19490212
15845604
19964874
14840628
22069085
17101714
8799536
19060959
17073895
19414084
20476874
17740420
11194347
12002103
24309187
22484470
16527071
18358323
21539885
13197701
14527906
19055791
20656827
18287345
9693473
17181220
20559290
20246310
8166509
9202784
10922668
6982580
18211485
15207208
13081779
14297283
19321660
22487419
18845723
19781777
15374365
16899318
19504961
19258197
12588573
22123706
18578088
14779505
10832229
12811928
7439940
11701743
20565088
22102513
18104654
22080742
16540486
18381792
12663629
18399681
14231281
10659534
15638195
20573794
20801842
20895694
12876547
24454126
14894190
14462890
13025240
18646103
17272459
16671583
20817929
19883370
18253857
15430254
19646554
18618186
20671131
19528852
17855112
23003020
13695032
14083940
12874707
19316922
18078316
16935931
14587393
11799942
20831922
19206303
20523547
15982248
21934776
22052117
5909496
13207460
16735382
18242412
18137670
22147079
14060898
10920750
12506194
18160381
16613011
21298726
11042562
16795400
21808813
19245501
14389062
21653542
12675304
21642087
17068566
21713800
21395053
22338413
20604822
23441919
9116957
18354410
20438643
11413539
17724100
14261714
21090824
19692554
17772194
22440131
22989171
4416811
7410219
13706251
20610417
4830527
15500243
17663719
21888923
22586420
9242064
8882039
8317121
12033375
19019476
21083030
7865324
12271994
10546440
10055121
15995744
19832144
21968277
22079272
11248705
16378441
19804014
16626842
17191677
22320259
16001272
18610416
9389534
20052653
13460891
15373391
24150700
17201577
8369271
22314968
14188523
13991052
24146799
13729356
18017959
2327402
8277804
23291775
15406530
18510709
18733432
15038422
20972131
13280405
23239713
22015107
17740562
17569490
11840730
15814500
20171254
23307340
21440059
13183272
11416664
20237315
22012861
22247224
19238531
10425083
16684135
16904351
17482776
16568952
13045621
15783718
19179538
23430918
12755072
18581378
20023110
22305953
14177510
14160816
19199541
14407399
11324373
20860393
10910804
19442551
18852036
13913696
16390144
17948303
18929934
11051680
15013137
22984467
7893034
23542525
14391814
15765282
16818974
5388390
18237090
11118443
12578806
21337556
14563310
14040805
22117379
16316006
16769217
8979159
12118137
7207112
15546048
14540201
23385192
14229322
14137849
18871978
13488026
9023599
19639336
20879859
20023735
16944761
17002347
16831584
5302483
13663529
11646611
12808103
18433754
20871971
24605253
14620881
17265253
22739515
15946534
13367729
14096451
15172760
15647112
12295690
16170715
20914238
15801976
20732495
11054871
16580210
22677056
13865529
10121414
13039470
16135210
19443613
16186654
19828582
15350147
22370198
5110021
11839370
17040238
16885505
18065346
14636226
20365019
3462866
17932314
16576046
16837636
8567756
18097029
15657390
23506485
21197980
18814458
21430620
16845463
23260362
19816357
20840392
11035162
21213900
18763216
12358982
23036408
19335226
20729649
17636801
13672846
21844337
13106874
20513535
16692430
18127269
19396149
13894405
12154391
16848326
16313418
14943380
9043081
16941353
9136891
17673433
15240735
21519048
16590423
18455532
16621087
14811417
21484406
21148878
7594570
16960546
10961075
8181098
21882724
14679160
6909221
15805438
6213995
22872835
17569752
19511413
20395556
21066493
16510708
14538379
20722261
17486342
16409724
11627241
21060861
13849130
19689698
8975204
21823054
11441481
17022786
24078939
21483567
7932906
21283055
19507734
19157603
19426358
21346936
8746598
20545408
21156701
15349347
10008972
9907738
20798473
16708205
23350974
10442524
9312554
21957609
13191542
11915634
18587768
14288435
10568525
14660987
19234327
20583149
17765148
14405455
8811783
18990197
10884592
10569210
22129519
19257735
16129613
13491797
15531337
19475170
12639004
21143994
23520233
13001624
17695185
15752280
18367705
12483581
19757261
22163800
18282759
22881577
19739050
17553254
21053698
19323955
9946902
14329735
20869957
16201640
24541293
21884566
6736833
23754695
16299741
19875064
7290649
15910406
9969230
19842055
18142146
12963397
20420640
19124124
19895451
15391993
12715650
16909304
13720253
14581554
18116679
12316667
17093852
16482493
22689144
16549141
21937786
22432095
16560007
22708802
14363777
15097898
18746862
9662270
20908701
21573034
15830318
19682912
17879037
13584086
6087002
21196589
20097640
8124226
21191514
20206692
17915289
21874990
21170988
10121122
16893049
23680174
15910714
10226864
13204703
21718946
20529649
15235842
19441697
13228111
13871982
11536814
22043175
15779965
9608597
23991023
19536848
13414455
3797156
8511047
22927518
15414216
22014876
20052496
17829689
13392133
22509469
21131457
21041218
22876894
18352813
20338204
17454542
8622220
18526195
22008407
19501939
20597237
11808685
23496518
14157736
18921272
17156907
17896423
19295982
15884055
20757191
18926872
20266708
13527896
20304446
10156434
18679940
20094132
6598912
18276222
16817741
18038930
16990614
20616238
20651290
19648302
14573265
20915265
17614495
18170866
17692016
19819431
5454641
16430549
16721692
15414757
12545257
17604646
18124049
23436638
23113880
17874757
19328328
12716928
20279828
6023888
14319298
17698913
20404967
5507206
16797163
17442943
23078181
8403894
4241671
18449090
16780026
18733431
20220205
18390974
19223452
10488281
21302381
20146960
21398838
20786680
13794936
8228650
20973253
20053383
22203091
22218841
14516022
15707316
8929023
18834953
14066846
21880382
9357461
13421768
22272106
12720978
12509278
12583553
17192710
12160324
16635272
14918917
20486879
22505068
22060355
16479404
11895666
19889059
23103982
19619011
13760504
17986835
14121479
12953966
17474103
19120601
22011268
13769384
20792430
14219382
17385951
13775280
13110906
8910348
10223095
23790253
12992285
19496993
16495735
3749040
15316061
20334037
15549713
16369945
9917602
21828797
6416692
6977483
21030259
24768789
14364321
22938696
13494097
23514803
5307224
18643432
19046896
19537583
16941159
22117611
16105015
21470652
20312374
18921962
21947742
14184261
12002172
23462737
9458029
12017397
16557108
20357282
8740275
22118777
17176680
9474932
13153014
11597468
22555341
20366050
6002277
7752433
12306799
15696811
19445942
21975744
22384552
6612847
19055407
19236085
14277254
24513091
9055864
18854791
12334657
21884428
11812093
18838433
21029163
8035339
22828460
21752240
12956629
21886695
12695631
8213876
12031399
17748199
9572178
19070444
18409437
16829848
14190854
14703348
17355923
18860811
14975565
20550609
9878927
19947335
15639341
19574317
5713196
14354402
17355124
14126034
21136977
9807071
20619554
14186259
24006170
23182108
19619654
10745994
20976590
8660729
23429392
16061511
17326647
8550210
11584670
13150158
13877834
9868969
15764344
4623878
21354493
17612289
17071544
20365319
16079082
17676259
18561508
10383767
20800573
17235921
18418881
20674563
19850874
20072858
19882195
22090567
21836191
13234003
12153994
23710500
20266954
8527215
13496634
21328371
13285096
18028262
18158951
18552853
17401433
17885727
21058419
10290967
19449508
10722146
20639338
17359408
21256560
14360064
11820634
21125014
15707410
20459496
15589405
7540640
15222602
9559154
11243061
9516234
18773857
23566522
14527425
23465433
7178450
12492915
24011850
7977894
16156364
21811951
15724470
17982155
15789419
22785049
10591616
14644700
15781115
12648497
15819372
17871103
6058112
18015463
22161064
21307086
11278710
13937881
13370708
11707676
19583172
22054247
18982443
13486058
19648284
23010553
19549276
19246310
22366875
19245765
19709300
21322313
20099999
9361024
16765906
11029666
12909504
22330831
16566306
16815110
23732794
15063553
15530716
17381154
18553590
23725075
22144291
20440753
15994412
18984238
14412606
18668062
16735180
20890982
14497223
22600189
20933665
12930246
22602637
6559105
19364654
18068967
7312073
12653360
13369229
19144690
13660707
19970538
15069333
18917854
11652715
18118024
16780836
15869813
22275791
23236600
17777580
18595407
10163423
11780955
19069297
15483137
22303962
23217599
13640296
21763962
11319358
23346229
16422109
16306119
13509407
18239512
8750653
12243891
12976895
16872781
22469946
14491784
23043793
13648862
15185363
20947044
9003694
22573128
21669729
22277062
23399741
18668010
7199197
11921316
14357823
12640692
21830579
11779195
19331543
21832173
13525878
9705152
14288118
18870311
13064365
18720546
23274644
17733295
20247040
9754867
23090028
10974390
14613258
14123309
16794022
10690064
16831057
16913232
17005722
21141098
21485096
15977717
8118920
13014752
15338091
22418863
18520069
21673917
15376388
16905866
18393991
13670234
10778020
12205831
15152950
18886214
18445669
14312840
16925119
17536560
18011501
23253269
19409890
12580048
22383739
21320996
20154533
17766929
13788483
17071715
11686562
13162659
18257282
13786323
22458561
20579643
16795066
22771731
13109939
18159026
21812637
23655640
17520751
17363210
18166926
19547128
14538330
19410626
10791090
15247514
20427800
21201157
16864916
15159632
19267610
12697961
13257530
14638286
14763282
10280859
13510926
11560970
20353296
16011402
19779226
15117339
7009844
12320058
20267347
16432491
13224139
11004369
17032759
16893856
18601230
15106700
18728738
17778769
11132042
12292607
18916978
22090465
22063167
18820371
18487721
18833319
15288728
14980898
18801649
19218632
13442481
8649301
20440548
10132704
12935805
14347850
12161752
12281609
19865009
11214370
11585017
9507405
23694911
21275312
14510673
17986111
11688867
19826333
19867245
18226338
9176282
17185175
13467041
11956204
21185676
21543013
14249028
17092086
18417923
19261234
19050072
13836664
14243393
17486106
16312792
20621126
15375428
18358622
19555087
9365016
21821101
7408240
15191984
12803146
16431012
14327130
16334002
17498379
19058654
8516122
16994997
7857799
20829805
13488233
19840518
16940888
20671686
12288115
7162872
12475115
10098470
22116452
22764979
9776511
19627885
17597599
22097092
21687020
14984686
19953748
20407933
21323223
21536692
8500423
21257988
10211309
21403601
18733873
18990270
7352098
15754901
22533109
10266194
16555543
16240180
21735595
15778191
21193656
15036495
14980280
16018459
17683390
10222747
18780322
18226599
9903114
20252759
21164372
11979207
18681838
23291567
14677757
16372309
15865184
22739852
9369641
21415504
24570789
18237412
9107206
17661531
23383376
16324767
15597585
17002125
17647679
9954640
17099702
15846978
12589216
21778887
24546915
17685602
15251361
23119655
23650076
19283576
21617787
17412662
20939456
13046460
22201789
11744984
7155307
22511404
20461834
23192760
17104073
20318577
13598480
11877460
11625125
19164948
9574684
21252430
15087232
10432712
13583320
22983221
19596865
9615660
21397227
12938252
19513120
15820965
12497225
13192028
17563262
23409579
17599805
14690080
18282758
20892795
20145397
8353916
19475062
11341479
13082695
7465199
12161661
18500596
23544556
20353470
21907738
19491934
24707800
18419302
18244605
21354846
18088606
19124609
19276313
15159045
10173127
16275314
18564454
13843734
20522931
22659806
12196889
14362382
15290658
10324235
14609920
16746821
13868554
21532983
23309003
13542907
15464501
13620000
22799302
14458800
12967401
21241919
20971931
12215053
21023259
24100600
21240711
18364212
17894894
17048131
16389666
23534870
15204041
19816595
19544377
21579721
15615308
20680798
10773116
14548146
17520570
18750357
13047035
15984865
21079299
20550621
18361016
17888450
17211841
17256702
14911523
9867329
7866244
15056113
15723035
15422739
16770335
16133612
11161640
21571206
15590804
19333367
17754969
15829107
21828509
11998508
15461789
17806565
24033713
21544362
24047181
17389706
13514787
21851797
23983746
15422866
13640174
20895022
22581793
13658555
22779380
17086711
18486481
17961180
23407851
20837968
18953653
12821064
16447923
11248930
13722078
19414887
15645666
9720433
23826920
22000222
15953794
15719559
22065967
22806794
18700788
23638008
18276960
21134621
13566448
17436803
19938140
11211140
6329958
12431307
14658798
18202435
15067790
22969544
18311969
20190458
11213216
6572995
21827364
10171572
20352377
22574036
24301773
13250165
13878126
17017909
17102522
24363988
19750402
13585044
13926696
13396953
17420182
10280117
17534243
15309300
16622383
18875881
20424941
10543348
12150925
19827369
12958247
10934087
21221770
21615852
14044537
19170959
19237442
23554605
19491685
12822440
21423796
19856944
21157785
18563401
21442657
20392096
13455176
17197862
22451477
14931856
17082563
6699224
14261182
23510177
18853388
16174986
17301517
21754476
8957556
17778990
22886071
11995004
21099317
14685261
16787856
16493953
9174208
19065488
21048051
20332246
10998968
12328364
23252032
17291507
17182506
16833272
18265505
19110320
21042751
17571206
23004859
6074379
18001769
15963167
15659995
19856507
21976043
21674458
18262469
21668568
15816406
16598992
17452563
22163718
18504660
6053190
12942669
9684116
16495279
15789220
18035073
23897716
22847495
13596665
11996163
24307805
9685745
12843873
17362508
20788209
18941375
18207597
9994501
20321597
16900626
17281017
14342174
11536364
13955031
24023894
20159930
7326260
13855077
15303951
10612923
17231865
19306519
19135572
21366810
20946941
14595531
10832187
22603195
18386997
8846822
9914527
13411113
21039808
13616025
16405003
19036904
22667864
19616538
16161506
17921778
18185626
20537028
18756944
14331405
18187743
12624321
12550298
16763424
13549431
13659409
19142771
15405609
16458332
23508469
13229162
23945809
14969437
23548431
15403052
21482129
17096523
21075005
11650846
22635591
23844061
21735688
14423984
10981840
12061675
20956353
10688328
15724331
12880664
23815447
16332867
16360402
17218069
15211380
18219470
10885101
19466212
19483063
19405427
15833261
13303977
12787941
7676838
16703057
13399603
17450147
8009700
15877050
10252177
17733032
23181903
12941261
13764360
11542995
1969784
17562044
9979194
20123971
15536312
13042644
22035126
17214228
20730053
20806743
9413646
10737464
11288720
22607779
12804811
8458032
13451536
12051705
15233739
20764173
21096476
21489314
12167430
16219363
17242377
19430943
11530506
17977183
19736147
17258423
12241837
20249370
16207559
7486594
12084093
15654259
14303638
11559904
16838756
22811822
17876935
12383324
19365036
10747493
19953969
23207048
21690248
19887737
22106632
17390862
13706682
9624192
17753061
22856612
13982404
12884725
16788159
14984839
22774395
8538106
7056784
21519053
14993627
21130039
21221791
20093587
21717820
17528884
9056024
18422505
21265823
18780173
22189008
3753446
16373070
14127242
12989974
12546306
20335490
6718797
21299460
8833737
19086455
22773548
18473417
19444466
19538603
16246639
15287044
20905098
9097062
11280230
13132870
21553206
20703221
16865169
23293815
20478667
20933870
17101528
20412314
20323029
14646658
19357631
19361800
23795883
16572034
12473643
23828969
20858577
22417646
13521577
10268633
13785018
23551298
13232816
14000884
5928618
14235425
21496532
18077755
19061404
7553098
10646457
15762158
20737162
12490076
23482366
20147397
21938149
21125782
21437539
18117853
17390178
20887866
13986633
13991394
11505391
18804992
19426367
20076838
11555092
17435097
24040948
16974569
18675142
24124583
21769120
9925141
22270841
7233616
20038170
17067211
20920140
18905724
13543104
11590255
11566950
15604062
14667266
17862466
14439132
20101805
21282019
13383452
15369186
13401700
20939713
14085390
17759858
13487366
20455084
20902299
19559784
20964857
17634609
20076032
13628040
23809889
21491256
15974869
16254818
6756610
19285019
16630070
18794568
18645183
9136338
16057154
23042132
18014238
9555022
18834720
12771010
17425394
16391181
12626656
12413657
16263246
13075622
18019181
22286792
16441650
19437082
21272211
16244193
17096565
21242450
22295030
23239392
14876509
18798327
7960432
16733983
19732323
15178141
11178562
22473296
20889355
18782331
17854359
21583894
19612447
13103840
16357086
14203310
8501787
22496490
16346355
19335486
20597922
15667448
13844945
20702385
8838386
10276155
14759044
14497123
21699349
15235005
13493951
23669762
12484751
18272225
22674913
24407138
19764639
12326586
13662861
15388528
14229270
13689104
20087986
20929551
17838772
21752293
19966316
23109743
15335487
20047722
20892860
18437823
18719635
16858071
23943447
18952662
10020809
14970981
8196257
12079242
16410889
4321207
15357165
23009980
15332898
16392043
18414406
12495622
23419945
20676949
18145186
15520363
22864008
21728562
10687789
24494866
20212535
6370675
21677864
23467532
21785621
22627617
20592519
17992003
9475513
24415346
18839641
12946054
20746611
8971130
12193159
19428981
17897678
17605108
16951714
22267199
19961363
17890947
22931828
14433315
11245646
20386171
15010971
22141803
22233534
14616010
21962260
10439726
20698831
14585420
20696911
22640093
18343628
14958636
23073617
17504978
16645253
13610016
18175737
17868359
15445454
11379568
18937756
19942393
21813137
17168743
18003261
7750031
10278884
15980351
10325744
22635658
12553103
5147491
11943300
16488359
20756945
20625833
16682861
19359495
16900929
24540356
15849374
11385925
9843040
21372651
16681691
14767425
20250638
12545521
13742875
11888461
24061583
12881464
7744065
19496701
15769327
19722899
15539027
20353706
11499014
18191088
9601413
19968517
21000017
19721746
24269578
19635472
6348328
18417224
6991833
18528121
15591477
23946221
4106817
16017850
14516277
12188767
14963519
7488733
11112921
13068794
20509819
11461791
16960412
23273824
20418230
18266316
20790556
17157204
20891859
12988718
11902923
17378271
9191890
19526933
12296633
13003490
16361066
23628692
17662351
17181235
18423074
17045138
21203127
18239127
21016108
11128915
24544802
19220360
17491871
16499012
10991009
18611844
12859737
14108540
17557069
17116165
7533033
21527776
22389709
14416192
20228122
10069368
16539557
16783391
11771139
12664765
13996932
16788967
8124261
20692325
11195204
19201915
15959022
19563367
18944477
23525203
20959166
19175100
15366644
14576033
14789196
22044862
16531292
3035539
17374336
18456068
18684743
19287874
10810617
20346698
17791926
21197634
9424218
19804183
22099926
19604894
16666124
9746496
14353750
13222213
20164051
21191692
11682553
12142830
12610582
18731691
23180478
16023522
20760635
8977641
17779192
19576439
5747970
18158835
17086539
14415672
12734738
14391183
16229529
8924533
19246927
19837824
19760183
8678886
22346335
19333348
12039248
16619807
20558823
14200884
8669032
18170294
15787580
16416530
17676562
15178307
12782620
3813409
14140750
18289564
15515848
19386287
7950179
21301748
17562466
15504192
22482327
15013973
21948369
17086348
22482381
13341795
18341105
18511163
10323138
20317617
22734200
22978757
15238096
21264266
15955558
15882706
20403619
17269025
19736635
10309917
11950317
22258650
17723601
12929434
21504590
18068047
16886625
9715202
23854701
13925060
21372682
4290700
13871948
21006831
12661770
16535571
16427911
22166063
12853557
14743580
14779602
24651190
16200897
20885244
20993234
16668098
19895651
22280973
21835278
8019578
15404068
21967468
17037068
12111745
18158281
20209013
19135441
10526057
8538462
23075195
18162963
16268300
18670002
16826539
24291955
15018944
18091853
22809486
11506546
8136331
9898398
20164638
12498030
13244456
14702374
14667236
20612387
4042751
16705832
13674915
12385043
24165442
15875025
19906831
12842377
18839054
18584840
23282706
16418156
18981734
18557426
19221310
11088010
19458522
21185696
16781397
20792038
21607389
20236414
13934528
12806095
19003780
15415836
20655997
19498959
18607863
16531146
11802250
14579528
9168607
23073497
9547503
22113860
21749377
10014438
23128860
15132321
17119687
21735122
17114301
22333301
12425029
15063646
10150161
3481038
15507889
19394445
22526391
24065584
15654868
7301225
16629273
15358731
17188361
13361744
19585632
12821500
17244571
20310686
22797603
15706467
21579829
19808819
15850059
19627960
23049431
19785047
22627199
7136223
23642490
17550570
18326904
7805593
22563093
10918360
10873188
11276884
10091687
22694682
18284764
16029431
13698550
21288746
23465253
16878863
10643658
10015988
16791804
20359352
13834013
12413134
14114994
9074183
19660165
21044294
15532630
14341095
19507386
18417827
16387130
19139256
21197680
11510300
19912985
19296023
24729195
8385662
13563204
14498031
17582996
15636222
19643748
18664630
13397607
16735461
20667605
19386158
17783552
16006019
14668544
13183557
13292212
12766823
15729075
19885636
19867105
10762141
11539537
19656162
18016952
21784111
13685639
18356069
17543303
17410190
15600086
8372416
12677528
17306330
14212055
19700945
14652799
15815664
14703191
16950653
5611063
18591799
21233772
19706938
20406265
23299293
21958544
14386887
10926124
24330855
13403190
10306770
7325491
17764766
17995956
6812868
13832047
18220277
7991017
22603445
15566889
19532281
14474819
14925858
19312760
17059345
20099496
20895962
18727753
11605519
17836827
17969388
11834502
20399569
22450256
20628562
12268356
12599383
21459821
7934072
9064180
16852354
20910847
21795567
19358551
20824837
16232675
15173810
14111958
7422391
13487460
16205969
18383223
19406533
20808908
16096251
17783997
15359361
14973344
13017046
19245710
14484667
18317258
18502831
12249085
12956345
21616074
9648314
23184594
21428864
17886945
19652503
14276339
15019839
23923271
24871357
20197219
22128306
7344328
15227499
10800828
7908960
16403228
17484648
22510548
16725696
23888147
11570723
20216947
21327041
16267577
13130013
21349103
20620932
19064995
17407380
12009235
10333437
7262542
23674598
18613217
14800542
17167000
15062444
10961777
20727479
12719793
22425008
22792741
18762405
15944188
22178364
17720397
14819000
24426857
22863164
10459323
18571443
18077832
11851308
11504487
20169888
21068379
11355375
18703772
9192067
14076398
17657271
21261074
12296015
8589715
16550547
16982725
16373809
22273476
17847061
19375320
18883008
12358176
19196526
6184083
15727261
17159569
18047681
19531202
16971232
22044502
13520756
21539491
21541815
12113616
22064462
20730089
14822638
10422834
13696880
17896857
14085498
19718560
16910785
20232801
9601734
18436614
15411325
20209069
18627603
11422616
12247205
13649404
11268870
13414165
17662837
7989634
18639432
21286030
13152330
15920951
18635270
19566040
22903243
23111857
15952460
17504758
19562560
17662979
13237191
23205797
5507987
16753639
12311746
8436062
16033156
6435528
6337160
17453228
18309757
11645455
18838963
17480928
12981280
19264643
22075761
18161394
12867615
16112063
22385668
18167124
23045548
17317803
16885338
11753517
12203209
20460870
20869192
14399835
4769857
14873515
19083613
14825805
20943955
20511801
16802008
19560999
17815801
16027984
18688213
14543682
22886539
12125292
17988549
18771087
19317520
19234935
19490038
15666370
12612586
13546955
20137463
16777308
21095300
19541920
20889854
16528629
14520459
21471507
23291845
22649855
6537241
17739895
16181381
18998792
20203359
22495905
7729871
13158364
17122924
15472814
22409788
9856280
21381355
10783107
13617036
21142531
19800979
5754780
22287325
23561305
19698523
9207253
18698337
15028927
17298289
23690073
17172885
21914680
18018095
20323914
5835896
22932854
17394509
20860433
7739280
17415138
15571719
14965826
18184938
21821905
13648229
13507500
15142649
15482176
19130934
22130971
10631522
19476291
16374870
22665418
10947521
21387469
6761975
18220846
22712670
24087414
16801599
17876404
16167899
20169151
20432486
16740736
13473634
21861880
11128441
19875747
14532615
13515118
14030342
16965981
11080085
18039853
22875215
7614493
23566442
16742790
21816408
21201185
22036020
23024135
8883129
18183447
22675040
10207071
23744338
20701426
15006610
4690152
7716857
15674003
18392605
8801994
21247362
21662534
17275022
18519664
23674503
19123939
16826855
21920242
24716087
16440969
17919026
14760390
19699602
13489656
16568825
23186988
23135011
19334014
11952474
19182138
22173892
17365440
15744286
13470585
19155033
23959575
23136124
16855177
8831146
20508138
18961531
16161305
11393017
13786469
14031491
16415258
17233848
19666367
11491715
13478327
11607361
21680757
16379849
14951879
16177899
16717443
15853323
16166977
13516929
19593839
13834559
8958817
21625705
21048271
16777153
17883471
10194520
13044091
12980855
17880963
20452493
13657014
12918351
15444972
22988821
17359271
11043162
14013307
17574019
17656118
13704130
19329472
18251472
19494652
15731255
21651423
9050764
17334761
18055974
18008608
24289168
8718120
19482853
15739833
14014568
22512325
21390425
22834242
17920829
22817841
21733529
10975604
19992431
10056068
17968796
19199691
23073364
14489042
17355085
15940305
16031605
19253193
22391771
16507982
20265849
23200210
20974595
15312918
4664903
14751353
7124873
16940713
10805116
10346849
24074825
24592277
20637954
15258964
11479374
11569115
19115152
24204471
21819966
19792526
23026166
20916013
17300889
16246454
10094088
15062550
18089373
22158139
19627776
22004808
6273270
22594023
12704056
20379953
15244495
9331600
16080566
21636436
15316190
13366019
12547021
14682513
7774349
14459735
15708109
7732327
17214941
21903179
10504997
20046604
14061778
5805288
10884323
15439474
7807432
23287160
12960702
18429653
21718386
22821366
14921890
20215832
21205193
13024911
16452111
24691882
13956231
15003321
12282565
21158101
20127323
13165741
9420750
9291511
13603637
18349764
9306733
22601405
8000761
14766546
19402173
20841873
13721723
12169684
14080244
9669113
12711638
8025303
18390850
20840866
16193829
14533874
12442456
22696961
13000652
13906065
14263685
17969212
17522699
17995563
22898551
13776728
11311093
21941445
9601182
21297582
19586786
20532498
10014990
6589731
22096090
21686809
17846539
23245899
16219956
18269551
18916463
19900753
23829827
15475123
22658394
16486505
20034981
13050945
21125228
20455060
17698042
15790703
14850726
16500704
18523723
18126892
20446552
16024225
19614961
11892225
19568571
21653654
19227817
19131256
16167397
9715795
19776456
14283754
17553539
19705191
9435815
23844208
17380158
11195311
19656894
16887442
17838901
17041334
18028126
7137861
21117587
20397034
18051957
15714721
13839044
12808551
12297086
21040089
21126608
19987607
15710538
21058940
22299505
22918136
12470972
20881372
16621547
21026553
11827086
13552627
16588476
15694933
15588749
15896621
16423795
21016889
5301068
13158508
22909638
15378870
16373530
23518495
10074573
21025487
22263572
10450569
11231488
19721514
18806971
13698947
20690396
5819733
18492945
11336498
17562752
14595378
17187984
23046401
17858560
20462379
18934129
5434141
15007470
21517919
19200262
13826043
20169564
15987955
9425036
13399104
7277525
17046742
10921462
22246476
23810073
20583160
19333579
21759797
11654216
8014248
20379003
2595335
3507453
7260150
21957507
17940691
10817724
19650667
15900195
13737927
16931029
19221363
9261150
17326040
15253875
9940439
16718044
14101588
16713823
8075109
17602817
15771842
24976043
17248563
13799668
16594606
16096687
18661335
13107247
14748316
7370007
21036633
14807310
5473290
21067263
13759577
16887152
16171618
15747489
9505606
19869872
13423343
21310162
17985574
12046130
24185184
14299853
20984459
9142140
8573496
22025611
8512973
18969250
13960626
14734501
17300981
12254010
13261555
12123271
21426069
12699625
19844631
9986476
12148114
16148912
22264176
21239498
15363338
15287930
17410599
17556928
20196697
16543096
7582390
14963267
11999849
21519275
17616825
16103941
11997735
18382175
13439565
13570663
12404713
18183657
22038322
14691718
12685104
19861340
21803219
23249310
12139430
21027665
18493927
19394077
16540605
12990142
22725358
22180132
19109951
15814908
16642369
17303342
15100140
17268979
10759045
22824818
17355526
9938171
16734033
18783922
17159867
17505859
22128245
9602121
16531539
18156180
19592262
17413860
21799657
11867039
16470405
22605042
20681381
12685146
18615555
22934160
20759035
16069412
22972714
19587904
6154971
9970996
16248878
11148289
10500690
14910668
22754571
17703186
22712288
17133675
10367948
21597974
14864992
15680864
20766751
17519920
11685908
16556251
19420967
20177899
4665257
10185192
20624408
15881807
10729312
21639894
18330035
15354457
13106265
20576130
11962124
20385842
24382555
10699814
13236664
12671767
20326651
14177140
12672053
18594561
17518039
12283997
22275574
16983257
7571437
12359921
14241064
16214506
13296164
18656787
19135296
20038950
20600458
17301859
16470916
19390321
16908651
21085048
16249280
19154173
22992105
17551391
20981156
23569283
20877294
8772860
12809437
12863690
10240985
22475139
14362943
22544612
8277098
13139668
20760639
13094187
6830316
9009765
9995725
19866855
21957811
17837835
21150400
19003725
16114359
22334756
14026974
16352397
20898999
16735169
18527627
18029085
15260301
12427846
12357764
22538435
15371395
21090139
22174088
13716091
23015524
21053882
19976418
14909503
24569343
15226823
11331923
16512750
16190057
12824330
17239671
19356035
16134337
23636222
14898412
12222312
19777283
20539166
16150197
13075153
15685032
13393007
15217675
17398218
8083937
10003078
16998560
15522741
16849421
8440547
19886171
17423907
13381596
8742989
16135428
12758590
8687345
10495370
20057769
8166994
20397774
17689989
17309463
16311495
10350543
10543795
14164530
23565803
22952004
23545710
6589928
20746148
13003649
22108347
15675944
14701213
18580922
20824586
16989289
9705716
17494965
16914407
22923924
11350424
21520935
20208936
17902430
24067180
18072138
24107106
8259225
20396646
16322496
12672981
9470143
17538831
17593033
22192312
14109859
12355307
17975546
15172547
21690318
13962176
17202799
8158658
20651373
15937213
22260709
13734085
8205243
17718228
10901350
18473558
20420434
17490683
9691565
18810912
22381676
23801526
22836607
19735061
15268941
20921438
8547891
14740079
17625968
10601173
23301962
18708859
13504641
14561077
15464023
17710409
18899293
17566379
14034875
15384263
18638541
16477718
21158817
18069330
17265162
20548675
15057260
17669727
14435473
11361368
12541747
19918685
22123779
24240148
11078498
17221270
6399777
19438744
14442986
14857564
23528706
10377539
13320090
20096124
15389972
14195111
19843846
18019586
16741635
11951086
16788616
19422220
8571351
19452336
15977254
20165543
10162338
19941035
22149888
10579872
8406646
22632511
23162803
8323653
11070765
18115098
18003007
18165364
21056861
13581267
7108493
14120737
13753773
9284156
22321611
14926525
23540524
14827606
21870452
16114978
14103217
23295153
22947119
18861152
13729196
15489871
15252006
14009097
14921679
18402967
14377186
7943975
9642964
9722158
12898454
12615503
13032224
23173922
5468045
16701121
22382657
20993525
19998779
21183130
21080770
20962249
22590948
8940895
16874788
21394496
16653314
22060340
14671983
20537847
16891209
17066863
17694835
9224193
19480304
10005988
16414379
21662276
20558924
15337123
20327371
13127255
12835253
13562450
22536156
13910604
13934148
17250441
19980075
16376192
20560236
15444798
9431288
19673288
19147322
12727941
20803005
15307004
14910371
14505113
23853375
8603606
23494422
10721804
20998204
22645799
23120735
19725881
20951555
20691679
21791026
23128329
19987336
19588187
17446578
21137284
17078406
10139135
18157074
23339227
16992577
16253023
18612122
21971016
13265037
12779032
13016769
21902149
8887473
22000079
18367243
11104739
8960156
24102763
16896969
15462590
23064428
5918904
4290906
11720126
20530015
10253489
20800091
12662970
19523596
21138991
22967042
22452833
16845036
18922170
14619309
16178097
21059585
15876462
10228822
19464620
14345483
15631219
23722030
20897589
14006469
13095060
23520403
18879180
14595621
17359559
11750174
22174763
20087260
13948121
10330499
20471757
18456106
16839977
18419389
14182171
14714344
12447622
22316811
18385785
18100405
13744174
18430349
13210616
6237688
16538644
17406563
20865587
16194916
17150437
17420412
17198810
17946987
20176884
14947976
22574057
18814742
19746327
12092884
5456866
15683112
14461784
18061296
10652113
15307882
16795520
17251976
23870539
19504249
8061730
13956882
9928163
19503137
17379826
5468927
18437113
12060063
17094766
20774176
10983227
16182642
8194956
18939528
20274170
15386460
15044887
18808228
15136190
19707961
20124964
15812126
20656144
16903318
20865042
10747165
14590239
19391307
17569824
17589752
15501044
13825451
17513630
16170698
17989761
15575573
20672596
15299704
12650911
13260034
16432970
19551657
13921051
17976221
17317989
20211097
15088563
10190990
21944606
14161721
21728067
21774470
20452602
12533408
8991140
20250739
16438332
13397110
16238186
13595888
7674912
23826392
14166253
22071347
8091436
16912077
15385929
22243421
16910636
9532721
20342953
13595002
13698411
8001427
19941405
20436564
23261814
17864487
8492992
13069894
20342502
17573499
10071845
21124509
21428521
19490689
12987195
21986418
14390006
15140066
18779726
19987068
19158620
16927819
18908250
17270270
9204468
17209461
16867364
14091877
12111505
11537504
24302110
15363468
20855180
18963782
11456857
9267028
21959642
20333627
19543563
21225957
18113972
17643563
15506134
19406352
20003782
10549360
17078406
19981572
20467941
16471273
5835449
10411086
22799158
10049168
10464442
20632827
20821592
11158822
6656880
17797282
24552902
16603555
17473372
10165324
20361154
12763654
21461501
16224354
19100244
20404973
12719912
20822707
14385134
19219774
15642229
17979179
19329692
18472163
13027278
9108257
19025441
14208825
16552938
16015249
9164601
12313661
13519859
15829401
10597798
18938548
19521442
16613273
8076146
10798852
20296903
19848684
15067300
24506719
14551584
21562388
23744928
15328956
17156231
15298337
17617281
22377727
15264831
23797130
19019654
23920458
21538257
6888766
20150430
17093133
17704175
16732415
12538215
13930006
12189911
14241579
17202019
18667199
18851154
21563235
14917070
8615898
20840023
23785446
12794978
17098151
16388104
16076347
23223795
16489374
9876165
6657466
13970803
11922512
16600561
17440790
24001230
17366069
15647052
16016568
15503547
14414166
16634260
21918534
20311887
21312185
16966499
24049287
16722750
19162080
11961822
15117195
23592074
20783973
15349099
14743665
17985459
7941784
23748229
11895872
16204971
17628168
19511809
11337769
15866861
23023326
20305605
12533227
15369862
17750436
22265631
18607327
17778095
18988247
21951709
23911426
15758928
16517425
3890102
16055610
17226524
20572776
19310982
21590393
22959698
7277959
9975655
16701967
16626618
11343840
13723966
13036608
13594960
15261092
18431020
11177655
23481799
21994304
16501026
18155920
18996653
14547494
5297308
19096857
18718286
19377316
18623084
21686754
18860272
5006968
10932108
9617548
9270071
16275783
15738228
18867068
21711235
19769629
10500884
21696669
16277406
21211129
20561890
19410700
20683483
9817696
16852134
23145416
6098325
20862692
18586114
13451858
23676147
14037974
6505902
13794401
11973072
20891639
6877215
22414490
7849216
12855382
19022226
20535586
22804181
21451810
16023551
19842009
15223560
20946198
19690366
16462746
22083521
19763654
12727780
20812018
9529125
19112248
17887796
20084607
13667356
18440544
19652795
17225616
12716145
14940840
21995755
23392432
20297820
22753745
5848933
14207679
21556144
11882391
20590501
6924333
15690529
10451862
17662228
21102310
20946929
21392927
8342428
8759445
13848732
20455070
22883424
18663828
17863308
14864022
22811594
4339070
13047903
13844854
16019352
11183095
14845513
21307284
9052239
14453207
19079663
16952600
21675469
14145103
21237639
18383687
17439759
10334585
11690308
20199262
10586261
19336492
16661053
3388065
18818756
17674426
7274660
21566299
18475286
14738517
16335493
19987866
10877697
9259082
20284143
19653489
14010887
21126862
23958979
18048411
13742501
17680984
20261524
12497720
16388587
21923653
19157085
20247980
18037330
21651286
23718357
16194827
21511493
12442626
22948714
20822619
17029752
9242444
17627891
18388025
13620628
16323016
8943034
15303490
17506712
17882790
12640135
7301512
16069532
24221232
19233652
21765764
20565581
19818217
19447713
14362569
21699106
13937726
18564499
18814275
19075245
16803514
11184748
11298971
13738369
19185711
16981108
18719688
23323438
19722742
21428949
22290669
20139232
23742814
15470348
15786836
15268493
6368561
22952536
15066013
22220078
16063392
23327707
14155663
19616186
14601129
22278795
19448199
18130888
19521723
19075490
23018404
14702540
22701161
19535675
23242511
21169602
14819137
4423727
14483214
20502153
20305139
20295112
6362583
18408776
17083111
18748568
18708983
24412976
20536444
16100433
18599901
20968196
19104496
15491059
12342833
22128444
21864184
9134324
17437817
17653733
17058050
12631744
22384609
3694167
16239247
21890581
19130089
16631498
23985552
23432992
19011499
16668057
20474999
20307459
22080215
21044180
9385414
23048386
12917617
16447378
18054779
12193674
14734915
19453533
12869688
9959931
16983794
14722971
21386122
8276170
12977903
19477424
15206222
15754662
19356399
18175355
22728330
14505970
7253491
8373727
20538506
23544209
22341359
17626082
9488855
9675310
20260617
16929650
9764679
10252460
22867944
15147776
10005852
19866533
9015553
16501613
13570593
18868402
17985407
23090845
16636274
8723527
22177575
24822339
23255371
14572485
21982138
13092245
9174824
12211043
16990323
16506569
15693165
13349007
13113928
11446248
15483492
13668970
21016815
14574191
17514071
16841809
20793849
11274441
18271841
13540676
10340681
19454507
16913903
10837826
10531622
22639592
18024457
15417621
11053677
11859194
21517324
15694181
11197183
20410901
12734858
14411061
14337526
11445206
12113724
17132571
20950423
22547531
7096982
18955644
21078995
11526613
6091429
24877876
22771419
7323440
12684008
11603790
14155673
19472282
13197123
11524715
15306852
15710387
21746345
16648398
20405262
17879804
11299526
20640996
15826575
14330504
24666957
21601089
20431760
8552132
7538954
19529158
10113585
16258797
12585987
14818985
15371659
17210774
18038596
21133435
21114275
19337562
21774486
16208423
18706984
13486249
20610541
16194483
14521938
20462175
22923502
14155286
18132773
15648186
8692391
16171307
17614450
12984184
14468948
18871765
16635960
20068894
17256471
13415592
11850514
21206934
14832239
20956004
19107886
21171219
12136912
21147087
18695841
18270684
24640676
22436076
8850377
11351920
16258475
19692486
16954135
20224950
22031316
17530975
13479819
16620306
14580516
14477251
16117365
14257617
11639348
10588968
21209833
13532852
19210520
21007304
14611819
3835730
20483326
17812909
23942388
20449442
11180863
9448345
19953581
16219229
14727855
19019394
18920568
19183715
12872447
15126263
24382785
14402611
6863779
23600522
18184837
15940342
10252033
22943344
17888811
21971898
11404673
6832407
17374803
13514615
16991887
14016365
14133538
9986677
16778111
20011335
20121015
23143690
22188126
4740096
17681686
17208120
17603436
23432230
17048800
20698080
12364281
13009164
17514657
19825619
16292276
16804252
18292395
18157127
7839582
10363602
15897765
24538382
21307328
15410754
15482256
10599387
15454205
10274550
14544480
18238737
6327373
19763987
12522216
21966314
15336082
15251834
20628954
8947797
20707370
20911666
10513476
21300022
6028757
17458733
22786062
22628157
11379747
18349550
16642987
11119501
16470033
18998939
21365244
8730191
18230834
21376372
22976086
19760926
19452333
22888194
11238838
17502995
16252212
15759891
22189695
14442775
20902828
19886586
20878887
10021716
11131359
22317809
10749594
21719609
16363258
20974384
18489376
18021318
13146448
16335625
15969353
15418048
18245701
20545083
21115780
16217447
22004368
15966296
18273455
22175362
15301221
18667154
18153507
20016048
10173310
16166218
14375158
9777570
17653448
24178816
16085614
21025544
16508690
20592056
12796026
15484091
18058924
11592455
23688912
15936793
24556108
17617706
11302521
22415422
7312978
20390242
20219238
9664603
18083695
13654840
18550119
15464821
10683093
14259665
13827908
22121114
23709419
15140449
15322250
15884099
23372023
19467149
20901653
17633618
10009233
10437522
18849436
19682692
21696209
21449928
21078545
17474943
16914191
22451579
9059296
18397596
17484189
16267517
9072822
10970128
21541375
18942568
21003603
19911769
5701655
15171918
16653862
8108145
18363371
16751014
20386744
21240489
15891416
20807804
13952808
8134417
13042842
13847104
24284404
22012379
21500134
20409821
10535179
15529001
16744208
17914456
15763894
18864583
14981815
12309165
11118784
19115351
18522094
10638905
15803326
22709747
11253319
15869810
23366835
16957978
14521317
14868009
16015030
22175949
16103343
14921083
19966285
16849329
18791655
13529118
11315061
15711524
18931350
18895381
20938907
15344344
16614086
14816262
21046498
19228757
8693400
23568464
17839854
20492651
12843683
21857224
12265869
17687320
20120254
22200368
17717992
8272329
12370060
18789470
20424983
7792392
14215936
21953996
15130411
18339617
11876164
17729265
22600375
16976775
22115924
15800745
22107572
16350559
22717066
11837338
21543303
10993352
16523661
5833202
16081735
23653634
23615921
17746584
6000411
19519532
11613537
20266574
11302771
19927493
16131252
19526726
8541877
21714051
23754665
22443117
11248394
19898943
17335899
7940743
18827499
16116267
20161427
23088038
16090492
19965255
20664519
17243433
14513460
17152914
11166441
21265173
23922815
22086435
14313763
15017423
13046944
23432746
8900291
8406356
20564599
17527613
21542042
5968385
21006629
11368812
22674862
17320096
16985340
11036290
19377673
15022816
20460530
21034038
12610731
17685959
16318969
18475240
20975691
18951349
15401969
19601550
21281779
15343776
17995279
14436021
19153509
15828090
15303244
17102493
13111086
10410725
10417014
14929455
14111091
17041260
16637649
16934572
21818398
18152051
18090965
13783355
18218631
15428866
13777719
17178596
19848960
19523081
20033033
19019690
13399482
20831028
11824477
21286798
14025631
19283742
15459562
11638059
21072587
15049434
15000384
10408651
7393192
21373253
17791165
15903024
23597538
21830299
17817094
13357053
18115649
16108357
13467908
15205533
18116026
17314773
19525175
17602011
12348716
16285853
22173356
17163416
10962576
19855777
20549524
14755816
14992785
4412171
15611217
14116080
21064956
17210582
20684026
16981765
14299365
7968279
16329162
24613169
20606412
21616123
16535690
15226997
18627649
9747774
20211429
9846299
9803945
21377731
14512097
22566633
20478518
8756356
19631390
20136513
19039582
13962020
12248385
17402123
11252230
24242191
19998919
6748812
13503612
10552211
18382709
11019733
9923224
20261842
19535099
15630780
14810036
9442719
10051064
14662267
21095785
7595219
20013336
15237093
14147107
16035206
13827899
24115571
24975080
12998865
17814510
12108716
10738925
17831629
16869188
11990288
6200097
10902818
19124273
18681501
6631270
12047509
19228137
12548776
8306924
21681473
15444917
18302036
12998078
6419452
5885660
12005156
7575279
13610202
16774965
18072033
20676206
23890330
7124749
19370766
10685568
20944548
15071230
21542591
21730230
16225528
18807391
13489599
13946006
12167542
20002607
19562426
10728385
19750488
8726385
19060667
15551495
16243464
11814447
14619675
21601185
16870944
12516209
18756822
18024163
9918845
9757313
9800340
19351142
16537611
22645454
13961604
16930415
20436829
19528993
22932022
21047837
13954844
17248834
13020640
15725201
19510998
23406986
20606641
17716706
9934066
18126404
15503697
14646184
12989188
19468305
14022445
20987595
16649489
22188682
19465937
7775108
13289729
10154114
18677792
17246828
18670112
7752024
14186087
18322490
15208038
21766384
13030438
23736962
17269574
17827245
19359623
21669502
12916217
17916614
11795235
14858977
10865501
15240192
12760576
20110246
18336494
21966001
22271164
18102377
21862976
20134474
16893374
17903771
15413158
9139912
19119393
19692691
17928531
15757398
19666725
5916686
9486313
20140747
23478559
17243605
12041734
9965625
20734333
17855497
13671042
22231295
12928059
21544037
22643167
14131606
11560616
17417040
14650871
20144388
14655212
8312584
14895557
18129583
18059981
15770314
18777073
17366952
17134727
17091886
18531406
23971755
18338158
11208156
15961458
20773334
20704809
14857559
21953398
22107663
15452888
14085193
12548119
21814504
13445259
22298924
12347818
21162171
18853958
23084451
11797885
14010866
14131017
15786769
20473933
13897211
15150766
20131653
18631979
12606023
19544023
7334186
11933359
7708934
17266053
6210923
16556921
17672085
13380494
16714327
15682695
14524506
18356953
15349169
11300693
19815827
10660262
22743637
19352251
21917614
20507762
21049677
14291926
22191456
17337481
5452597
14678210
17397476
15803125
16773434
15616049
22918022
10683158
14019431
18320635
12831621
7825678
9964176
13010064
11201371
12282859
15417318
18938915
18679316
17683341
11566566
17873521
24363800
10256517
20187462
11520811
22391231
15781074
19811135
21546737
23351395
15730254
17191828
22064486
23763171
12613658
17785028
7123562
11866782
12122709
21463043
17413074
6142956
16451426
21179235
16275046
12806436
18440090
5416275
15773217
20118017
15378473
16644477
23578124
18080515
20375829
23602892
19478460
19361412
18575821
17166413
16793112
9769181
19097937
17763913
19286049
19935865
14250999
8710308
22551672
23186662
11893620
20369848
6032586
9073657
23093912
14439516
16552366
19563510
23312777
15638038
15379055
9404195
15815228
21859340
18156201
11477305
18897962
11284525
23023642
21288373
15039610
22565938
15828598
14695558
20276765
19157783
14405725
22586746
12850883
20221344
18059263
19065499
14448589
13830228
20330182
11511778
21003595
21210573
19399585
12796918
6985239
12382415
10146916
22273674
20030571
16242063
13108965
18991271
18529753
16718207
13796089
14099997
19981738
12593407
19467230
9689355
13334522
21745432
14086995
19092614
20694165
17577074
8290536
22126151
22432642
13420629
19966727
22274039
8398565
11931826
16751795
15336602
10094439
21677222
18304492
8281181
19867113
14769102
21447777
22755646
20366171
15767756
18442095
20194084
15466750
12896227
22204585
20428052
13617120
8483772
14936938
21558817
8812448
17038361
11606734
22814376
13687032
21245416
16831269
12720084
6114455
9424912
15949823
20663668
20339900
16902336
16857819
12698118
18833131
20157390
13229819
17707953
9674839
23283008
11249429
23500985
18843021
24022988
19224420
8763541
13387820
13176459
18193995
18705608
23277145
13045719
21575461
11931115
14494160
19527432
18486203
13643079
8268948
15356505
15576770
19762623
24258527
19732216
17018085
10437975
9741957
14558534
16809156
14491275
19885702
13519285
21447463
20514442
18251748
8882418
12173791
13514827
15839718
15290790
15400056
17054926
11468810
20100050
20231175
20518096
12321025
21591307
15531434
18044019
22663268
15558273
18169527
19918031
19028567
19363661
20919844
12806681
16555189
18522994
19474287
16791782
22175887
15051815
17992381
20125151
17046347
23263373
20306512
8393575
19979389
20300454
9499221
18383005
8713908
17847638
12035255
11084602
20128739
21135623
16195939
15888405
12734170
21596315
20148104
7552988
18466687
19290428
10750100
9810389
14698528
21067173
17093056
10746917
19859987
18241422
19497803
23018543
13832994
12822593
19980308
16187551
18773785
15563790
11231080
16894974
8927080
16129403
17330340
18420149
17555752
22594363
13389910
18533092
21278835
6521796
21676044
18749451
17520074
19400636
10317677
15167308
12881674
12996954
22507134
19405275
17676896
20878391
20001344
16991961
19808824
9970287
19774674
19760860
21254818
13798213
19058711
18026494
20653178
13821289
8868089
18107685
19751973
12472084
16284658
20662450
13250560
17372565
9546956
18742391
15821463
20458992
13467329
19709841
12295774
20962664
22971153
11505786
18862806
20359626
9509928
15208355
19873958
24224025
22794324
16938218
18191010
2968523
10384784
22881495
16927026
14530448
19969002
19710226
21680747
11831070
8472222
19682333
23706087
16845933
13746279
15001744
16707586
15094273
14163405
14292352
22315058
19137177
20022865
18707355
15585121
18969051
18739506
19109785
21915539
20857222
15520701
16928429
13632029
6444795
23617865
10385381
15964986
18868628
15890065
23504569
16240571
18994290
14528643
17979268
11493931
15096878
17238983
20679931
20083032
19571933
16055787
18288396
13902293
14797506
20296885
22387232
21663063
17651252
23306942
17449703
8753065
14737325
17816692
13707394
20023400
20296283
24062468
18024251
12514522
19930891
14136416
15376106
18213117
21643825
17918294
21277524
23282156
9217662
16487755
20155880
17774345
18298660
21322399
10641148
14004651
22204077
7653388
15107127
17118345
22101681
21583378
20753229
23639558
21499592
20207708
14624666
15579860
16403081
12411064
12532625
24022784
12260118
20738998
17672781
23270467
23519212
23428536
14231315
15328242
19370725
8869592
11052544
14794538
11250030
12065616
15409647
19341376
15636534
15868957
12922331
22021413
21032190
16825949
19857431
12774431
21189840
8101790
5540290
18897291
11952828
21920487
15995613
14311277
9938781
11227609
17718369
23986940
6869738
8388097
15201758
19922118
22414155
20840149
19779365
12695945
19618693
23841295
6046303
10252318
22255429
14989990
22669051
19086945
19877892
12745337
16010540
21851267
17103877
10141194
21046757
15274642
21986628
19390039
23485912
10991865
16287510
19046492
19730360
16866795
21843850
20004312
20050291
18521892
9486096
16134513
11483537
22535693
16250112
14077292
20037140
19430128
16687695
23211755
16745062
17176882
9412351
19588362
18192568
12005172
15619728
11416479
6547313
18613468
8690156
23736826
20118885
15328111
3507779
19697527
19689496
19970186
23303836
17984653
21574121
20882352
8478922
10074828
14647805
21878700
17586166
21793735
11940045
20973345
9722469
23403606
18168882
15572308
19034840
8266604
8217223
14945204
13285714
18086316
17495168
13111379
17789937
21075828
9119872
10718097
22200507
12705777
21705439
10788025
16342826
21558978
3267071
18071622
18775561
13678024
11816671
7817268
21404031
17294240
21162369
15967982
24592425
9783525
20490226
14750847
19664545
21306491
22830760
23965148
16144402
19096374
19704052
19876049
16619471
23787326
10756699
22640306
17549063
17753437
15870587
13053255
17910542
15810644
18453932
20584270
20497978
17508587
16783891
12344902
18989597
20578419
20172851
14274511
12069770
19470954
16076965
16338220
16387371
12229969
21798133
20855639
24338688
11855598
20020482
13597681
12122349
10120966
17661316
1953896
14779492
19187820
9260383
18106978
11546470
12180071
11808227
13972428
15239174
19593883
22317868
19422243
10005883
13304492
4508806
17402485
16340856
14740895
17870195
13589312
19824207
20285023
21040378
21214031
12648853
19323918
15858396
16604047
20593637
16380730
17514673
18733527
17886461
13993388
12392049
14460189
16528193
6891593
12223027
21084033
11151119
17289166
18270370
10129750
9783548
15542769
17553406
14094727
19779992
23702644
24138594
23579763
13295347
13504995
19833304
19390744
17639063
16052539
12867491
16819396
20766198
14460911
19696448
8466935
18232636
11997072
7432203
21438174
23770899
21415317
14231499
17819114
13439234
19131436
17630265
19629369
16315936
21345479
14442824
16092311
21454597
10963396
18415718
17656480
17491856
18810139
18927284
22539812
11470962
21848481
7051277
22849384
17314549
12874859
22923225
22644862
15692157
10961425
20132375
14176921
21006502
15561081
13787871
9322252
15150195
21589262
17962716
19120499
15859280
21214350
16532843
13141896
13037392
19484031
19344696
10225432
20607024
10074556
17443146
13275356
23148307
10603414
21455771
11800015
12508307
20062368
17208131
17191205
8811554
17111357
22995043
9677163
19005386
7975476
12577629
22699614
18797673
21385068
6537042
19410819
17870459
22398104
16993054
9268164
11715844
11135873
15428981
21172997
13244182
24108309
21689465
13037283
10581080
11220692
22885828
20500532
20246098
13740756
21656780
13385546
11941472
13032620
16756848
14924439
14183172
21450980
16532611
17057670
16583070
15957773
11002501
12407001
16494949
14884020
21877414
9725360
14712332
22878131
8551957
18947773
18490621
14399234
22909904
15995598
17931452
18047041
23097440
21257955
9542033
20481361
16180729
21057513
15125703
11103769
18612525
24589785
13002327
9168917
14128710
15203526
20551425
15225598
22238256
19544785
11306627
17334560
21778456
13607024
10009412
21069855
22936312
21784791
7003691
18080733
19466458
24167097
14849415
22130951
21749088
14589841
17563824
7220731
10671021
17139669
9157725
12391657
8105595
10829225
18485766
15949957
21033426
15720593
10086572
24141848
22839731
17284442
11490352
22158442
18353531
19222930
22377808
14788971
18235523
22810039
18612981
13756002
19499316
14975945
9059798
24811978
15033491
14016998
19893876
22947078
13123881
22093585
15977528
17545514
18730283
15713446
22404527
23180569
8468067
11293251
11984050
21731223
13157594
14537378
21135244
15960665
10567687
8021563
18555530
19113092
22735861
23580381
19659411
14379348
19975552
12175977
18671732
9826419
12512828
22102822
22932336
13151816
22744896
8934215
21661627
13586003
20763031
16811518
8170833
21870321
17699343
15890083
22623967
22067619
15827165
20968386
13667401
23686464
21584862
21631447
15918472
22155352
10321008
4753928
15829555
15765386
18367774
13764836
20501535
22050645
12646022
13742027
19703765
22653666
16419639
11610438
15013396
19646313
20017653
22252791
9060407
20639975
12495480
18435527
10070160
20867677
9722011
20830003
22051075
11968734
18528970
18142250
22872466
9230019
10895557
19286072
22198878
18267536
21881080
7749367
17500213
16093933
12334327
11086693
24469100
17264427
12305632
20064427
16846863
16163556
19683183
21202216
15326575
21691111
23986529
17041932
17758699
10194274
8914781
15504700
18586851
23814345
21127869
23139549
15471507
17351479
23237439
10540420
14766391
21271738
16841438
20820129
7619307
18242336
15082387
11743922
21891544
18089745
16293179
18231765
15142916
13972789
23176231
18528116
17773066
14415613
15595031
23608136
15819485
13804108
23232908
21952295
9036628
16130606
13236912
11487918
13749290
14045648
11657709
18603144
18877996
23537145
20063549
11845162
12177481
18800817
15462044
9719083
15074061
22892850
23637986
18063151
10192565
11684813
14844482
14629525
10045219
21750861
17746544
19865329
15691465
16523303
18554674
16990515
17188907
10689402
22891156
13608281
13354484
11315300
19201023
20677474
20045027
17119583
22385712
13053715
20590358
21929759
22581909
18203063
23509314
19524033
18222392
19358438
23173340
15545287
19685276
21379893
23674458
13370684
18320728
12035096
19481573
23758122
14679037
10942672
22061596
21647239
16892896
20210364
10550501
10064351
12026214
20321307
18891794
21923177
18805163
16938702
6498317
7710032
15400789
17190379
12772977
22281243
15938920
16419985
22303536
17307518
13304455
10525680
17754570
19969182
6632269
23880385
10872366
16114011
16171783
18051093
15736987
16381390
12766286
19383812
11702176
15944961
13209802
20035884
17688899
9235779
12958635
17141767
16995246
15444132
16668565
11688400
17212934
9757828
23045281
19161118
20913934
22851105
19045165
15356508
23708328
14833564
18109457
22099604
9051623
11977763
18326532
9135171
8666819
17795827
9590450
16579170
18449879
17103012
21536000
23505148
14598202
17053465
19232068
8493066
15919905
6167398
11070579
24582781
14095619
18068096
16416803
12000588
19059408
12224506
6472030
14804631
15556354
13037935
18330839
19704106
11101492
18265403
20915849
13654681
21011125
20245932
20789058
12969216
14281035
17602817
15682516
4927850
19910150
6046979
23727190
7818695
10514543
15914580
16087008
17671648
18145620
13925691
15876091
9406805
20092271
22311630
23433606
16060875
10759131
8419066
21322280
5478916
10838239
22598550
19482221
12040651
19523710
19226764
23745613
13544558
15321244
11881357
8017711
23181706
9307769
20733277
5438516
12254003
12902789
18964603
14614977
17090300
11778865
19539710
17524466
20127562
15334879
9105050
15444237
20346868
17146608
15354333
18711793
13602094
20168118
16822720
17279564
18387629
15476226
20250229
14201950
18634689
7376829
15664771
16283775
20802456
21049825
15878215
20244155
18685653
16524804
11436296
19571603
24253731
13759408
20915902
9846086
24314389
17904088
18668917
16725991
22763971
12898271
9841985
12493964
18721245
12924674
22106761
17845026
16083038
18775128
19477625
8302787
21633875
20077007
4507679
22648142
11229560
8116006
18281398
18266133
17483021
19435394
17291143
17985182
11609026
17180433
18008033
19630121
23272985
7615797
21134351
14175620
14377251
14710823
17660377
10727163
20467379
20359436
13840490
6266916
18654567
20457228
22107652
15361991
11434649
16364344
8148270
17892941
17227122
17794280
11992482
18710217
23141601
16106554
17664775
20753427
22972532
21803958
16299273
19456209
23111498
17101410
12877906
11194720
17044612
15624806
17109108
11943051
17280834
12399120
17552600
17815180
11094117
17385586
6132938
21578132
12887350
7660350
20632455
15230341
21462438
20661491
22832142
15396745
7336007
14746494
17753211
15426832
11948142
13616735
8078779
16907561
22493521
15400757
16024474
22959632
3093081
19338780
21992591
15328540
19911183
11939724
9459293
7343702
15977503
9163653
11596384
14916912
19949006
16127699
21891843
17889170
18679198
10970166
19038386
14647798
18746713
12205592
17240309
17191663
12689348
13903331
13908879
19712438
16179342
19695300
19737207
11944768
20172819
9666219
20309966
7254422
13767054
10336762
18396620
8553671
13861111
20011332
22167972
19829128
8643046
15262380
14891988
16070279
16525869
19247597
14576871
14853739
18105590
23155362
20159351
5166444
8874798
13800166
5877253
23178391
18271452
20683428
19592909
18445198
11258967
13852615
16465004
15170005
18178016
15412027
14317335
17940999
20777452
14033890
19653501
16237764
23181137
15877333
16250458
9576788
18712872
16749699
15045941
12641500
12565634
20061860
18376765
19636888
20594999
20037006
20868884
20443836
14761738
19304583
17520245
15040803
15199250
18731294
17263404
11469650
8858980
21300165
19542133
16639958
15026990
11913150
12423202
21973762
18250906
12552044
8054430
12408482
18924079
21435459
22387289
23481316
18090186
14963740
23178119
17886137
22519660
17483902
13710060
21173763
12286514
16148641
11747447
23130395
17283324
12880378
23188784
20706669
13524968
19674357
11981444
12183686
13863203
17318765
14724372
16702592
19051406
9803412
17888584
18843242
10258477
21368507
16364043
15903515
17964573
19874048
20008473
6836652
24809036
20666931
23101327
12854202
22623091
11045291
18261516
13708507
20573116
20645599
11438855
12640115
20174408
12597502
7478063
21608966
14532093
22729999
17345187
17767425
20135514
19693305
12791378
24372236
20223904
16942755
21888227
17108707
22051287
19309272
17031783
15850344
16745194
24405308
20307356
15272912
21958654
23178020
20530826
22339809
14456717
9274115
8473628
14364161
9365927
19052021
21512792
17136699
16137050
20183189
12196680
19233123
18331824
4005205
17983938
11932045
9005595
17487791
22736487
12479660
15469450
11286593
18588835
16445247
22316757
21792771
10989056
22726073
11113010
19475868
13957324
15352469
14764930
12944411
16560871
17308899
16420468
22004477
19563072
22572664
21208860
15010998
9480804
10633267
20397143
16781143
9970572
9800553
19214333
20227554
14420119
13170969
19038398
11957988
23082829
22679043
15644510
22097669
16517622
22938780
19540086
21518769
13607558
17425788
10534542
20117338
19357173
18089091
15896780
10687019
24327282
16528622
6777994
22395518
21765792
17858904
9337606
19494901
10318598
20250697
20730368
22817534
24087113
18593092
6394246
21351331
21686110
16519624
19296574
10156952
18687141
15752177
19011052
19038266
21037387
9739075
15354906
17200921
22338395
18472765
16755628
17824564
19705334
18539717
20387469
15985721
22459119
13612858
17468310
15372189
9596036
19591513
16999640
13746195
22184302
20350485
21408224
20642473
17321745
17065007
13370667
11930616
19990295
17140704
18869270
11218613
17848798
16539894
20953506
16904038
24261092
21006933
16600466
17964436
21104828
15939582
10932494
18189532
19183016
15342836
17485003
21601184
19048461
22553406
16919921
13667715
21120392
19800450
13061463
12835276
3708431
22851611
18572055
15082998
18051522
22293802
18759767
18047880
19220893
14528101
17983567
3906781
12618274
14356432
18505580
20189786
18240813
17691094
11789528
14826133
20367976
17762941
22296603
22343200
20326211
14250845
19625886
21225373
13184272
18906190
19226077
20482099
19606626
15871622
18894964
18301111
12506745
15802426
15671691
19631941
18165763
14921366
9499253
22225122
21538077
9849665
14914089
18479852
15330123
19998760
17425537
23509362
12281719
11770303
17300111
18485042
21372857
11275742
19105605
12705499
19595658
19198722
21238094
22152227
17310372
18471767
6726551
20254070
12839972
14956792
10597666
21722106
19986831
22117296
14651809
22480661
16299921
15986378
17557721
17443162
7060155
11034485
10551446
16213890
14675451
17541970
13753386
20280327
13843866
19062797
14568339
9060636
19889179
7780417
15912646
16811873
12662344
16654697
11849768
12186356
23954821
13346256
19274010
18251743
20925123
22612465
13542210
14317460
15908135
13169236
13908069
20907965
16992218
20588824
15702210
9225055
16916826
14207428
8424531
13092049
10248297
20581715
17634263
22525833
17349867
19168408
20784639
18931661
17980445
17676011
14649380
19631522
15699079
12500221
5517843
17164776
16551308
8814915
15064429
19780032
10187309
21808403
22189824
13992462
6801961
20726999
22949744
15610273
19262276
15325562
14434342
19643062
21216914
21160384
8088262
22751965
19800048
18421046
14456322
21450824
17682011
8526585
18713438
19895850
21967985
14530912
9670829
13545925
21441142
19943585
17222971
22469117
23885518
15992841
17603142
9839436
15258480
19231811
21003885
12472141
17581579
10489283
22427019
9560055
18794085
13352943
15685605
17631490
7313232
22917885
18805659
15199283
20114791
22943339
22889174
11483172
22935542
9584601
18511908
19460718
22837951
14086509
11395861
18690452
19236998
19068081
18029747
21196974
24498775
15521803
21920764
23834825
19936708
19842773
15986212
16428297
21265446
18656908
17851306
15803009
24644990
12948248
22803261
11148627
13869833
21270296
16453048
14172264
12353080
10352162
20234089
20894973
22517281
17508258
17485171
21671240
6143187
11777012
20334073
11212021
16800915
19072864
16849471
23015874
23090924
16071770
17485946
22205508
13736810
19050146
19988117
21944665
18742645
18052679
16524841
16070056
19977069
7347328
14061976
16029155
11046810
12684866
19972513
14965290
19465104
11735290
7946994
19087939
16026308
15008017
16278710
17108284
18785254
21118881
17631608
15222201
20810189
18847015
17183405
11718966
13335283
22040240
18196903
13163577
22794692
16355584
23848721
11086735
22305131
10893364
13748502
20416746
13922696
19573677
22444874
13689402
21157532
5718620
19733689
16354642
6553122
17439396
20619801
16957755
7873543
17215867
15997613
24108245
8000712
24419382
10397709
16965956
20288467
20564351
19744195
17803629
17573372
23316286
19090658
19846914
24974441
16735779
13085482
19391492
21530032
21864933
11279720
14203162
20097841
13675731
21307993
19574271
20792754
10469831
21569870
19074087
22163868
19258459
13417886
17990619
14449066
20947758
20296634
20455882
23175286
22194621
13912065
17541937
3425597
15954039
19505381
21474828
21939198
13566204
13737771
24408620
17274629
10625864
12852924
15057084
10929885
19053467
24590166
5196099
20332137
13034541
13264614
23247993
24849639
11936492
6212018
20233062
22481485
23842744
19989958
12661941
17212128
9966981
12525965
11978986
17076410
15161632
17027794
17773374
19454287
15952566
11980894
12632938
13066610
17628348
17652079
17048203
9734705
20033100
9819312
20783710
14445437
8468323
11398709
20118427
16461628
17856591
19994966
10957576
4853613
14946745
22674883
14164414
23723668
15944022
17599172
10713642
17927603
14612220
17333200
14279199
13739673
19801820
20345701
18786565
11712352
13427797
20569425
20256233
10077490
13531581
15261694
18394463
24564333
21557275
21071056
16436484
16269991
19202838
20793721
10370930
23889562
12539795
17584793
8452110
19618530
19836223
16079337
17223764
10015570
11886945
11649843
22094574
19079700
13019213
15628568
15221648
21067321
22329369
20015319
9176840
19116115
