13442976
9378408
23264815
18956194
10739315
9674117
19776071
23039949
11477498
5829171
17866744
15505324
13485479
18867503
15903354
7581494
15715291
21578566
20084766
23511036
17205500
18781484
16981176
14863234
23191284
17620125
17092672
22873774
20286016
20036446
16683196
23694565
18631365
12496406
18330726
14656876
14016368
14747040
8026476
23283585
6384575
19826719
21209636
23973014
13529452
16647474
16077388
20039745
18312489
23653137
20740703
17001698
12584514
15855284
24049137
19272531
17168362
19345413
15594559
24524897
15379336
9210861
21552550
17727133
15694773
20193150
17477301
20211250
20826395
13905389
15219802
12341988
16851370
18104348
12784190
14319800
12865717
9170684
17089666
16035608
17019417
12058032
6845565
10425832
7553732
24240340
24409134
17237356
10146417
10181117
10635132
14844115
4199804
11983779
18003566
13687518
17207926
23437326
9503878
21469335
22419184
18948791
19054312
15208032
10048239
20369379
17168578
20541991
18106187
11745635
18892736
21228984
18153244
14239416
17951521
22917355
21663852
21010855
19118870
18897297
19480127
18491227
17977785
19423505
6887117
11797336
18825082
20872818
17405783
20108455
18038131
16673178
23694365
17677532
11844702
20102961
19894407
16500520
21087849
13640070
20248945
20833449
4806341
13928862
16358451
17286661
16726606
15981975
10912414
19934092
9807092
22356471
17018528
11576443
14063462
12260971
9578271
13364906
14220338
17057144
21526024
21599126
17735875
12091345
20251257
15894428
11268208
11720720
13394994
16159523
16101369
13624210
10369197
13461622
12774851
18644043
16129523
22107318
23194062
14165701
19366107
18271208
4078788
11577264
12589811
15671532
19022593
24391254
15463574
12996285
21343287
23253189
10786143
19064133
17760005
23676673
15321568
24056477
14418804
17669359
11364005
23113437
22440407
21304344
5908742
10381052
15959173
20025473
13884680
11820410
22799381
20992758
11203888
9166401
13716179
19345661
20514002
21221222
18566318
18342510
17954340
20468088
15531077
18839457
12419494
3606948
20286424
13063430
23004793
7249093
21118298
6152222
11750414
22908440
18719729
8948148
13666196
16578459
20581600
22453591
22929186
9471268
14264288
17374626
21711106
9384536
17256670
19137333
16078860
13984073
18853888
18409843
23575311
24142020
11778362
18068432
21177603
17606183
11867856
20411353
9746983
17952019
19450897
9675901
18775229
15541544
15597252
21406652
12657111
24196773
15769645
12022081
21613971
15472982
15603631
22794441
19699967
18625442
21947180
14011588
13346952
18359766
17433120
20628197
16696746
18688255
12668597
16122888
12845171
6015873
20547065
16065493
20708138
13068963
22174139
9792324
19457484
19465853
20888805
21315952
18307397
14365940
22635684
14095603
21970876
20688247
16686408
16211469
19447443
15650671
8542539
17697847
18304230
19914728
1921726
18762068
19177551
7000308
21355525
17729117
21841492
17459173
20008243
19754887
19172650
15207951
22243681
18261061
13809140
8944412
22252295
22040341
15886683
21930883
11051059
18951814
23414077
18649106
19020314
11573065
22397166
16378007
18045239
21648602
18052838
13450092
12693321
10225527
19822833
20019045
15089159
23764679
18242900
17653931
18804844
11108386
17478329
19465995
17412098
21335630
17139523
11140427
6762602
9037652
5516071
23132009
18325400
24264894
18232351
18358690
15111443
16205052
23284500
14561068
18257259
19522971
21113777
16119102
23391150
7935363
16532362
10711589
12357991
19703078
20195971
10717659
18745217
12176397
21685291
10149878
19173878
20139683
12695908
17125406
16723261
22894644
16040384
6595897
15873882
19708822
10647092
20320213
14003962
8428573
21936493
7277900
14223949
18167881
15839834
15997174
20095803
16256905
10883833
19844785
22002727
17695641
18801003
17212646
19089732
18459788
10061709
19616436
17026271
19144045
23179508
13015935
17135692
18596919
22305789
15358157
14554439
15136889
22386692
18222576
17223753
18893451
7651775
20938096
21768453
21672492
15714539
9618170
7233546
21961651
17658852
16032254
16429135
9727906
13409051
13603077
18455054
20792633
19954175
11108893
21596258
10016147
24735171
20078776
13849584
15313627
19783691
12993667
9924373
9954411
10656827
24461569
17021627
19473690
7284232
14652468
20724628
18681432
12480740
18771700
11533297
19501242
19668990
22265873
23153014
21110619
24255123
16512328
17163039
18915166
22282228
20078785
13124296
15703196
19108790
13677517
16419946
14486930
18042180
14984022
18430584
13016688
22845525
8743183
6680844
23525641
23206779
10862283
20206100
16210505
14729728
11298776
12117016
16932877
16720242
14831758
19888212
17623300
22723544
24416080
19832238
13781027
12151161
18578540
8654755
15360569
19306479
22235553
13783402
23116716
20260513
13856015
18467924
14038736
16934952
17917494
24582090
17288744
23981036
23003351
11311645
14349237
22814917
19679678
21150072
7968109
10958518
18065392
6455733
22401933
15823152
22910834
21217359
19058036
12700365
20069872
20613301
12317667
19066407
18364329
13744812
17206510
23700250
21249501
23578601
13534010
16308738
16642870
15190130
15969884
19360801
11671228
21770846
20722908
22171921
21723805
20816038
12276364
7763054
16885508
14970789
19682435
18730429
22057506
16302752
19452060
15876832
15322252
11071457
8228590
18051335
14923006
15889080
19937119
11743273
16777108
22371411
21490788
15017818
16416358
16889496
16917965
12935490
23130136
10845717
11986585
18261465
13091269
8501394
9761316
20809043
13208389
14570334
17799117
21030658
14528352
21316839
22100612
18429160
11545844
10919127
19205009
16267770
13768650
13693613
18915787
15333200
17255918
18488645
16690879
11102413
17162173
15547955
16538115
20580832
23427988
17670281
11276717
17459716
13725159
10408002
23120012
15553716
8779923
19678573
10535710
16189444
15328067
14411037
21205622
9580804
20543732
14185176
18825079
15284826
17918482
20689621
19841084
14496310
16194133
16867817
20979819
11823820
11206719
22583637
15413134
19880807
16445878
19538587
11989711
14141754
13250739
15016200
19970956
15303183
10154433
23911759
13137004
24062970
15406132
12836167
21778874
19785433
23386014
14476757
21983222
16945919
15624508
14231904
12863398
15457549
20982936
13182020
14255247
20137869
21914991
18969372
17858533
23960328
20368671
11922188
24200358
20486554
19565492
15608461
22106375
11029661
22991713
21700116
22799044
23011891
21585354
16700824
21069568
11244214
24207122
8381420
18875810
7295821
14822179
16390646
21726385
11702000
15174937
15524941
19866280
14519453
13406070
10334727
10802615
18608722
14854010
14052771
16169259
8542982
16848539
4081223
19827246
21910604
17720362
16681011
16976614
21061635
16038791
18292764
14995822
8819630
14095376
18038404
12067159
17953331
13675248
20034623
15236143
15930569
17595618
18172837
21434305
12549006
16409115
17428875
24669376
21333021
18241234
24736272
15991865
19795311
23937628
16016479
21024420
13433301
12172641
17061887
12655065
19360830
23050232
16797624
22369466
23414563
16517165
13626326
2908996
13327559
16548678
14997031
20416114
18939304
13735129
22282778
19482380
16144900
12984782
13100362
22947198
18181436
20753026
19141279
19826246
2818674
11088717
17948512
18761793
12730696
4273685
21941094
8950909
20631873
13662785
22756035
17830589
10795868
14724528
8336222
12718457
18843944
19765465
14668004
17917706
8507691
21890137
13623576
21281834
21410790
21581561
10229919
18909688
19532298
22128797
14295824
10188100
18476229
20454330
13273610
22915975
21614833
22124230
14465750
9862334
12529090
17607796
23384390
20111524
17449863
18630299
15369983
11220064
17366199
16147687
21840009
12158149
15108627
21772085
12153894
12252209
22869676
16457347
17770703
23434095
20016480
20343101
14619865
15142564
17341872
18807601
4972345
14777641
14513023
22349766
13637561
20426756
21293824
18239194
15004524
13644522
17405990
21229029
16974848
13433531
17523946
12894465
9353464
13026948
17707763
18576850
16732675
16417579
19691255
23135714
15355342
19039009
13526736
16838002
15968065
21546574
20115668
10700647
18258970
9664553
22650743
8692517
11763582
18961524
19144562
16418108
16918911
22007243
14929539
9740142
13733925
18949666
7852436
14623492
15267411
9546396
17248006
17689261
12781665
20365177
11077635
14850253
17709196
14235066
10307646
14306662
21504749
8211472
18814175
20224637
6957542
20277112
14460223
19988579
14427936
12032143
21840202
21846341
17506321
18773744
20413575
9173465
16677559
19673140
17847072
19220927
18218074
15647737
15646815
7912631
19515429
10216779
12568472
23072352
22071353
17533621
16453948
12500673
18178110
18247602
15166083
10787448
17325534
14968827
18995563
16888490
10950802
14573597
22352632
17379127
23850388
15143844
17095097
10424549
8168267
19082674
15596091
7144335
24058663
19150168
18534244
20137017
20744209
13469923
10674651
12972382
18160109
21023360
22926085
21164429
18723187
18575848
13599174
20452989
16731737
19970934
18321673
12277472
21440402
24265853
11323278
12521099
13504926
20236930
21371208
15609129
22653666
20887739
16016223
13063534
16803618
12289844
12205624
22816587
18822139
18918555
13929790
14347385
15777174
23821911
14196520
22274385
23977061
21865840
13009076
20413672
20861327
20939461
22245852
16919353
20601767
22120593
18271704
9623254
18975729
16835565
17395486
22908318
18394537
15306676
17760123
15833429
13176121
11644463
21192000
19133664
9371514
17161470
22069427
11304488
20150588
18055653
15906740
20071372
21265379
19472225
15768220
11890594
14542811
20271909
14320440
12563328
10200701
15414479
19874231
15538691
17648837
20814631
17581480
19693120
15389452
23458123
10914917
21761401
8123505
22415424
18982992
12122811
7193006
14620819
13338589
12780304
19157664
14529096
23781669
3339020
9900124
14988065
16986222
18576621
8927447
17256459
22543614
22105024
19081115
10410776
21572699
16209449
10672071
22127356
20970303
13960532
12957954
19383098
13611817
9091777
13598732
19651357
9070724
13757960
8361318
22399708
18505740
20962482
18238787
12441195
9391793
18759247
15407456
14900647
23102924
23547949
14622410
20420902
20053828
13889688
2145690
14475438
24439074
22508613
19574610
17737870
21037753
10738640
21627516
17320252
17783155
4118544
21572726
9537833
16201647
19139221
8631302
15603586
23862375
10611175
17797355
19820811
16599090
18227149
20032481
11781338
17168221
10656691
20805936
19050953
12662324
10940777
16761903
16374304
14080141
20068101
21634347
12322007
13714261
20623925
23847101
23511356
20464694
18261528
12810884
11081236
24333632
16751363
8649414
22330353
22334362
14972816
17047951
19002764
23329638
8340088
18446211
22367932
20768699
16298530
16749093
23828275
12752976
17126703
18804223
16790196
20981326
17460371
17368374
12943982
23337840
13256647
16831019
15051602
22507928
12454275
10440409
14741848
6115097
17003907
16209306
9586538
22915465
9049820
23885759
16312903
10071393
11864327
15171677
12432138
22267042
19131273
17724156
17610385
20352429
16535568
13921247
15168425
21197430
10096020
18475460
19921285
14233103
24043367
18614801
10307252
9324407
19653179
12980233
19987420
21454585
12416958
9179195
15991745
24256083
11127071
12151436
17141113
15553403
17219125
22805245
20054762
16620703
21471581
24553119
21988491
14556382
18092289
14349311
14478648
12013490
18659033
15121477
20220769
14907954
17901490
16432886
15315739
9433188
19086554
23596472
15234901
17257450
17273379
10182561
21656676
15846011
16850915
15458691
14759925
20613872
16589081
14249851
24668108
16336008
22527368
19827693
12146548
9135294
15577800
16668251
18146748
13554009
18456725
16013218
14319416
19508003
13735710
15119742
10378597
11834013
14190867
12622313
18757090
13445824
16926734
10530546
18411141
20247637
15469241
16864725
9925639
8908946
14333004
23482598
18433962
9562583
22952993
23318681
10287727
16272951
18323342
18114683
15647657
17059085
9289532
16948214
13416194
14657234
24256485
14212406
12753904
10834467
17557317
20786702
16384115
21130374
14743358
18658194
15303192
19381506
12367300
17837428
15366970
23186225
8393297
14238054
11689065
16350413
12154269
22895336
12129850
18350414
8471410
19272697
21801802
23981822
10844434
12238937
20677492
18749350
9535604
22243229
20033962
13232536
7395472
11174368
21593348
18331306
18778911
23062863
22483495
15500933
15218876
22184626
12255072
21486547
18855525
12268081
22728276
20352669
14853099
4532354
21337443
10448536
13834324
9315818
16199456
13368633
13233933
17978714
18727810
21136110
24245148
23089677
15793162
12179714
19141145
23820636
17249780
10776625
7887902
21694245
18872437
14720126
13439162
22828507
18648270
18033218
14931353
12209246
13366953
23343307
11918978
9471631
16753503
14991035
12013030
23330323
10059913
20328796
16332450
11612514
16673882
22122629
10223804
19534876
18892493
13470874
8156942
10391882
13126358
22029150
14055978
18763758
21356658
18607130
11030914
19688461
20580792
13092953
18473867
13345257
18285629
21783040
14307285
18767946
21043386
14455538
11686040
11997004
18050811
15193490
18762157
14407950
19616014
14933361
14351768
15201033
16903857
15611708
16065822
7027708
14904988
6302340
20926098
11880753
19221123
11770735
23484572
19782456
14797496
18699459
18002649
18299408
15946691
19268850
20350665
22312752
18506347
15371827
20474730
22217763
4315169
18042242
16995614
19766306
23306883
9769709
22208907
13556365
22957219
15338416
9816865
15913666
19154996
20620456
19405394
19104604
24265529
16608889
12012862
19370292
21888259
21053729
12570663
17962035
10768258
22152922
20382002
15595604
11009504
11404549
20747306
15164821
16141870
19354374
24452828
17140487
18711701
19294730
22632198
21473094
8305824
23610476
10107937
9913306
19703251
16645694
19542974
8117927
15374031
16486948
20115231
15670968
23948893
20477630
18961718
21905582
8299285
9763676
24463956
18508804
17104094
22470489
8805213
20280946
19943623
20570672
15422592
19081464
10536144
13419232
14233848
13610719
7996779
9831279
6485931
13205882
6361312
17017334
17317459
22074641
23352548
17005455
23722061
14868759
21083350
20866024
22413311
12345548
14541503
13028654
17971391
16023630
7363491
15583019
8021844
17028138
21032779
19815345
10807657
14555124
10594258
24481919
19198383
13939178
7577581
15670088
15434914
17312538
15853429
8975404
21194554
21480520
15821047
14032588
15280255
18611090
22434025
20398710
18849435
20813095
14090362
15959916
20474526
16299164
22272685
15570673
20409590
21524417
15794343
23118206
19387328
21475841
8874684
18588504
21712087
19140080
15090752
19959675
21126724
15721209
16025977
17520250
9105943
20473158
21668574
21746662
15766870
22971067
19112629
13534153
12780344
13041921
11822651
20085226
19159048
21051766
16835397
17850270
12947428
15707303
16384374
19091782
23742713
14205940
18530058
14936280
16277435
8552015
22140346
9938097
20836822
15598142
18047355
19822291
18851599
18430875
19668093
18137054
13290703
22147253
17105587
20955519
12211299
17937119
17610645
9236824
22516906
23655585
21873085
19552992
15819186
20292007
16201547
17906704
21822247
11055055
10014512
6721906
20632731
9061439
18868064
24216204
22803142
20032972
22927110
21781547
24409395
14087561
7998115
13543414
16787982
19964778
9609347
14157894
8666882
21257020
17589729
22636309
19011788
13577535
15786811
17953434
19340008
12033634
19563883
12200695
13285288
17118409
20717336
20273010
23566399
14565142
22698474
22644881
19710191
11664777
19264150
15716783
17498456
6839072
19799470
12413853
13842595
20708799
18341386
15691096
17773696
16879759
15308868
21197738
13537636
16449229
17912672
23670577
16425220
17693033
18124453
12899344
23184962
19283545
24796883
10973565
14246077
15674680
15918765
17952058
13820477
9404260
22418281
21785657
22528089
11704352
22120692
21421312
14088705
16196332
14912468
21172327
17329063
15168895
11388368
15776524
20546282
13580712
17205301
18648512
19308066
10522692
22998005
22417830
20901337
17620044
15801173
21114224
14772446
18118319
4783953
12526672
19286809
19922663
13279115
22458027
23912369
22158673
8214982
17643275
16772057
14801242
18496323
18472485
18355779
17500929
17511816
13890042
14406041
4099455
13293697
19363643
9862357
14937231
20583186
21473759
14062940
24758642
7658185
19596794
21470486
6337801
13723503
22085065
11492927
17769348
19531528
15322988
11135759
17899567
11139055
16745757
18583276
16713041
15566573
17206070
16436752
22389774
20145890
19659797
14971956
11642444
13366715
20320035
13768339
21737822
17787105
21010709
15523159
10835877
23603902
16899062
20189349
15839037
22618748
12221568
19737725
13795983
19461748
18560979
18802892
15794749
3859892
24466305
21357970
23539180
12050604
15124392
23668056
11146447
10275077
16838182
23391481
19828832
5277578
9711664
12580067
9015612
17592799
20051455
16271596
9718546
15692907
13903702
4240249
21518657
15828300
16437040
23769843
20782476
20812200
12956524
21123653
21121776
13673810
15168659
11196542
15452827
20017738
15860929
21047813
16330818
21516431
18511649
7660906
17366795
14542175
17957109
20483913
13317739
22071996
14603632
9947000
10494416
17693031
20946505
8011791
16217537
14001403
21732924
19651302
20790530
17135929
21765856
23043014
13291422
10259799
13690570
16729993
15537065
11795657
16763921
13807032
21303412
19795084
21324903
22505959
10990105
23763634
13177253
15066581
21055985
17198563
15809898
9764205
13984029
13646928
24066346
15185202
16883847
13799730
17696105
17658227
23032002
20300398
17286275
16746448
21620168
21967178
10458462
12219748
16835276
14149060
12182564
23178667
16291273
20754684
16990063
19109961
15291314
21565069
15233072
8765883
23600405
15510121
20184239
13249155
20028292
16474058
17372650
21473181
15884573
15625371
18123283
24344943
5887967
11107087
23203281
15636183
16110325
23098958
18644576
16897756
22729530
16483828
16021824
22870046
8701164
24114741
22556345
20011491
23756646
23653391
23732505
13197629
15654827
22365718
18241638
7514093
18545313
23583016
10768717
17749077
16056239
12560914
19167241
16855490
24158026
20276135
16122258
15562959
14063151
14103440
10052793
15695112
10213067
5920091
24356540
23301289
8233740
11541471
20932434
21491052
16418777
13108611
18560553
17322506
22800525
22288557
17014531
22074797
14084924
17285566
14022203
23919249
13220572
17843976
23817555
15559330
19988739
20018905
13456237
12774431
15582902
18247717
16286713
12930185
23628317
21811714
13843985
15401095
14018820
22696634
23160287
19646851
16763863
17584054
17362666
18359703
17955642
11768803
14702189
20322971
21610678
17874431
19855258
22891315
19081738
14230780
22439738
12798432
15976322
15848946
19003287
16051563
14858550
18672334
20188756
15472176
16189490
19744582
7729574
13951121
18418100
20591764
15639658
22175072
23148236
20383659
17172614
12836997
17105877
12927238
16049358
18138019
13145072
16543754
20832236
16144967
18780707
21868133
7532536
14255959
21096607
20617433
17130786
13092257
20235231
6696559
14596768
16442715
14208776
16009799
14809670
14310045
11075215
9102630
20275654
15769857
24606976
20472473
14524433
12204573
14314647
20856105
24236962
15863960
10126388
13683125
13503417
14650088
12474995
15290065
8756649
20252755
17825273
18952421
22915618
13570640
16063967
15750437
19441745
16353224
14244158
23541595
18397902
11039574
18276003
15133087
18905999
13807347
5900614
19596222
6465507
23078367
12695136
13482090
24170303
16526406
20097112
10137704
11751477
15087284
16151847
18047642
17475977
8944090
19404044
20251803
10159101
24131986
15109252
16303408
22184066
24714933
20563066
22859831
14751857
6444530
16164791
11494811
15938036
13702659
23928850
9545519
15604053
19719704
12819282
17867469
16784184
21618874
17842247
16895123
9629231
16993293
17972645
22105213
16597437
19855426
22279048
22126252
20159083
23687300
23069972
21129013
18455542
12732685
16623903
19425762
22123386
14611092
16747503
10611190
8636080
16413542
21909710
14284184
22077178
16955722
10294042
17655438
20718413
11297504
8146444
19567260
19252455
13003819
15448390
12703305
23159881
13149767
12795433
15449327
13594949
19744025
22667909
17761475
23068872
16628740
18906775
14354507
18571421
23888535
12404939
22136126
17390800
11500851
16676334
17914025
11602449
8519622
12272628
17127129
16171433
20570263
22218103
20715840
23218849
19938647
15738767
15401177
13250859
19933523
18393379
19059063
15148520
23775531
13349814
14758194
12873286
15757701
12310058
22919430
12794485
19344337
20396902
13223351
21504996
14312717
21379418
12368914
9734784
16924785
18288899
22987746
11001082
13473982
21762220
12874365
8931877
14329454
22676543
22580658
21795857
16748084
22383954
14177006
15990730
19224100
16093442
22295013
19889071
11970044
15035240
19701804
15972469
21540855
20951429
10759935
17743061
21499205
13376515
14278727
23260587
18391540
10130222
12526719
19844023
12047014
18644659
14196360
23099267
16372295
13938074
21231354
17228321
20748294
22133542
13171202
22251534
17287547
23037258
19227543
12975420
15739546
20869464
16845793
15977134
22009570
21546013
22109599
11199246
15773839
19097714
19374114
20528232
19396841
18522416
17330390
23220546
18018840
14022178
15735307
21973535
11715116
12361432
20547395
16649716
18248356
11625810
19603047
18783753
20583742
20687038
14766592
16538354
14160156
11739251
16031860
23802653
19855618
12265005
20952046
23366907
22321491
23662942
15866707
24077232
15622631
15495914
23102451
21599459
16298496
19667835
12333434
11733296
16703147
19572356
18077146
8261999
21341816
16494485
9261639
8995211
10990497
17733039
9567743
15947827
14373026
7997314
20373292
21622210
23767594
11049512
23996717
7666173
11203411
22852414
21777412
20251220
20974449
21949004
16231287
12394282
19362824
11391782
15557486
13917741
12631156
20704717
12083283
19860919
12446223
24311650
17831766
12398929
15364373
16928352
6893464
24526565
19239946
19934142
17826613
19185737
16944633
22795317
18045439
20625198
17734574
10837120
19055013
17660289
11788293
17945384
15111592
20229053
11227349
13957762
22243274
12656037
18881352
12692524
18509336
13858505
15513385
17423777
16999557
14206304
12634057
21466891
11700967
14646030
20421663
18985472
21332153
10084858
23103451
17847023
18972151
11723802
17129115
22268303
11771325
16881063
22134547
18085497
11355477
21471704
7438923
19864598
7872606
20083065
17445857
21382204
17310312
22353568
15518652
9305473
18106410
21126184
17019794
19415880
22259760
22916562
19820265
23411631
19511362
16594638
22434021
22570737
18946583
18609552
18407057
20371825
9134864
7337643
22549669
12742427
17886335
16178338
19793571
12456320
20583975
7141433
23411227
5589008
9132056
20774622
19371230
14765479
22906640
14446301
20160303
12856549
14401857
10871172
8886013
16623837
11250173
9538918
11416296
14125048
10809426
17693432
20983505
21910388
7030386
18898137
21344995
12649321
17524879
14178492
16916945
20242701
22166129
20902060
17941167
22936803
10841059
13638746
16611768
13495503
5989686
21079958
16688099
7280753
18046774
13802791
12697740
20889804
10169799
17402345
14931569
11104098
17751755
13831022
18037098
24000924
19117668
8891802
17024100
12407601
16848670
23806922
13143533
23008300
11225546
12393918
21632951
18396590
17749046
13985903
12736138
24115436
23589259
20017937
14389459
15353096
8597453
18502889
21290331
14670606
15386164
12065586
17907984
11102181
22715615
24744903
11795571
20991679
11732448
20507678
10232869
13276666
21731393
4387838
18360716
9096288
7852063
22983062
15196986
14656383
21033697
6830695
19392667
9952920
17890420
14853852
19739093
16073930
15313220
15163132
8842305
18019578
13717852
22536048
13215010
12007173
11961549
13495453
20942734
21970713
16775199
20993516
20829349
19212764
19722185
10096315
9020742
14311420
15918070
16823491
13408015
14885699
23693308
22811888
14658999
7822145
19641215
19469104
22122507
22322475
20183099
13106036
6132281
19482962
11876187
20025722
22808301
11045907
12575903
20633330
14977693
6755877
14883533
17148255
11464931
19226957
20586602
22091424
18212789
15761261
20373355
22522995
13288442
23655128
16539311
19828053
9894294
14296521
14329906
12841184
21678401
9688148
15776730
18184796
14631355
11494511
16405144
18288768
15455935
17261038
10938207
15505505
13057432
18864824
16457261
14942455
23317171
16881679
14190079
10180076
18690040
14725984
13148408
14373761
10147454
12861523
16680113
22767519
19632457
19827747
15875444
19261209
13587958
22097613
10715649
18735199
17262154
23370916
23529867
14844651
12553413
12174311
18872534
20825857
15225335
18077086
12680304
21935488
13844141
19422283
21522899
14299358
19357752
14935532
17637959
15423095
23787767
24513043
13149799
15803651
24062959
15663213
17625241
18293488
20794316
9337496
19864376
11812740
16248416
11523553
15857417
17017155
10942670
21587455
22129302
16622756
15361240
11820846
12539469
18253390
21014990
20614930
18207792
15146829
13845090
18561979
20690751
23699562
15975257
13276934
11484833
6204497
11545317
23009566
17305260
15433230
19105697
20044149
21580099
14620469
8610147
23234314
13424348
10013054
12359408
19190940
21735624
21260849
12176583
12671164
14880787
9222953
15090671
24107589
21906325
11953335
14057169
13163666
15202633
15550010
14919461
12634609
16420365
8941773
21951919
14445709
13662119
13805175
16747186
16759059
20523237
15324299
13462410
11272376
21103516
15241678
19011528
13109638
9316062
22708926
7059903
18780941
12497618
19791244
21375711
16811792
9313300
17769981
19960338
16045112
23691607
14807752
11142694
16966090
17281261
16995262
21639352
21395225
17501720
16480166
15069368
11984280
13080655
13107950
18588635
17655868
16720085
10163288
16995649
13618649
15487575
8254823
20530213
18694211
13187196
17825238
16810330
9881810
21999223
12199625
16311286
21501810
22053567
17606285
14401517
20012813
16006438
13174683
21499922
20772683
9626164
21468167
17247000
10542168
23165950
19859834
15524162
11328273
20548149
22930259
17806618
11230297
12405500
11923473
14385152
15088213
21123230
17367121
9795646
18374148
8731015
22099035
13313116
14034509
13908607
19931708
18409459
22644764
15143843
23440721
19583715
12105949
11186244
15420934
18946279
14717741
20170260
20028721
21078174
23076927
9792448
13956685
18553868
14396888
18869864
24373616
12926956
20422785
16203439
14866583
17695225
12637939
7434015
20062565
8557845
22224406
17987175
21223886
16947206
12796172
11632967
17460910
11212802
22469588
18193470
15654693
14380454
20798273
17840849
20179772
14470786
12897611
14267797
22768414
12715906
21652087
20163221
18004464
20567187
21366964
24078490
12475777
14702343
15779893
21516678
19055056
14347088
14882750
14666661
20151748
13010688
20519201
23933779
14221965
19091733
14147468
20372597
22506182
16596350
10430939
3971148
11830553
22697575
21169913
21974326
21429106
19034827
19969039
19664025
12656143
16885806
14311586
18711376
18012822
17730988
16891665
20626954
12936195
8879207
22429812
17203630
5033452
18621278
11736305
10487625
18799556
17363721
17981458
22832652
15730587
15344860
20365214
10362458
17356912
22629173
17307801
17938579
19324472
16166835
14885525
12024453
14356609
20604963
16545086
13245135
15759389
11898357
17069314
19619114
15473211
22027419
14761178
21015448
16390693
16036485
19547478
16655521
21056311
21065675
17292046
21354068
19196553
10958581
20904124
17598866
16978070
22255003
13846534
20008550
21131255
17285687
18668792
14229331
21065428
23441382
12716966
23435105
21989712
8684014
15253139
20475218
13281971
21571235
19074938
18947919
20640650
8795136
20789547
19074884
16142290
15759458
15380856
23045079
9187057
23284828
12652585
16761317
11724177
20005981
22063631
14762399
22126172
16615067
22183382
19790653
21317381
9256568
20119129
16078062
24165515
15856133
17217831
24421181
17934632
22357063
14264515
11938327
20890766
22819153
12245925
13988202
20669545
23185393
15472839
16222386
17465820
11427777
22042678
19844705
21404064
15097675
20400701
19355377
21460564
23296684
21918898
12566235
10870243
23219432
10803773
19003137
11238740
19038518
19465058
15780590
7268333
15822282
13389971
12096950
11764978
18344481
23187421
18105063
13072107
15602070
17204582
22005950
15672091
8079499
19301019
13629351
9596244
23868994
18292427
24694418
12678912
11640503
24674116
19598198
18678446
18018670
12331554
14039780
18449958
16147460
13097559
14020310
22383943
11264986
21199272
19428188
11474464
13975110
20078882
19035722
18514375
16320474
17514592
8959001
12191679
19827822
14144530
14372395
22977318
22280971
11514019
13377823
17383110
14503841
18807966
15800597
21022383
23290991
12127113
10673628
22457142
14149353
16886677
20292028
17200076
16058293
19006107
20673121
17177866
21171717
20145059
16822301
15681115
14989131
18463440
17596195
12034655
12727418
20292997
20816117
12884724
15662382
18504844
5548528
16307303
15944196
8264904
21140087
16806331
21150927
18971501
16335662
7382156
20421629
18334046
11667799
14532925
13697708
15907164
16217390
23714711
10281995
16718661
12169750
14195699
16234366
14455335
16578884
17248886
11370062
19594005
20887781
17006193
16423433
20435215
20240761
19682229
17856140
18017714
17644957
10866852
18658700
21492592
16384133
15151317
17986177
13826759
10936697
6333045
7054812
20748834
6666103
19260519
14071460
9443546
14118745
19747371
17001084
16621966
20598584
19077513
23384075
19858343
18075451
24402841
11393003
8512809
18076226
23053855
20154525
18358865
5240204
16665990
15941155
11479421
23737381
11030534
20669670
8867026
15916711
14692190
14098155
16724299
14528352
19715753
21174199
18720096
13606914
14711879
12141678
20594586
15920701
18594089
19377178
21031883
22755514
13233224
21297709
17106791
22720555
15418205
20618679
19666679
20961982
16135178
20107221
16004826
16272956
17224416
17266999
19681686
17715135
22672442
13759615
18739659
20539653
20712614
18440776
22494898
21198354
17140191
19812650
14675774
12098752
17019089
14622497
14585718
15731647
18283818
12379356
15450854
18510348
5374486
21644811
19335338
4036446
18877093
22103676
17035547
17046888
16877279
12705864
20830940
23450567
22971891
20623709
19239676
11422922
17120825
19283533
18014324
23247719
15196066
18061933
17412671
12739330
14381273
13051515
19142326
15384998
20924878
12460395
15126526
22845135
24817466
18582361
19308349
20900194
19092139
14030927
18556842
20920443
22436044
23622102
12865560
16620975
8113498
12122279
21465050
21522644
22345242
12855448
11182378
14990695
18011349
4974559
20632158
14783666
9776082
12243519
9417062
13771903
20848933
9482942
17837820
16967315
16767222
17753814
20232744
6117541
10023445
18708061
22042596
21460792
15650592
16617737
19509203
17117701
9890539
14024813
15429689
18379192
21291870
10853633
10789852
17396429
11715083
20477057
20496231
8841620
19663257
16093235
19602333
20756864
17907559
15684537
18074467
2792780
23747962
15000784
21375193
20191917
11253570
13022419
13167931
18975078
12600334
14663663
8511381
23129357
13116629
18462084
14982889
17973210
15098808
15707063
23121141
9331482
18057808
13014312
19679054
15205835
21624815
18835678
18316952
15695862
19787717
21847052
19704462
16877743
13544073
21848977
19548117
14286664
22106616
13914257
7825393
14081199
16402220
14618625
16132909
23078912
16717126
17127924
21473049
23315020
20818521
19322699
12969681
22989405
11528784
22665865
16832343
16694374
21075694
18526400
19576961
19223477
14332752
19008680
17120352
15517116
13277874
23787949
18005435
20585561
23624660
18478949
17656024
9559612
20292062
17923341
12758613
19239731
8923118
20391723
19320811
15784647
21185188
17866200
6679552
3752409
10813838
14779029
18253387
15685188
18624666
19644827
17730829
12332743
7483755
18794945
17980824
14841824
10698404
17217909
21739053
14386793
16680856
15706980
18830901
18506268
8906426
16751882
15079426
14135240
17355499
13511092
13164283
12339620
11606272
18035307
14666340
23024010
21954034
20717418
19172978
23275404
12645815
20576975
14940103
23198241
11829449
16254605
17638699
18277642
22624207
18066979
17070443
13182442
18138993
18423371
21163068
10350551
7136681
16001189
19678725
19512570
18473942
22330356
10804165
21186273
17670858
14459794
23156324
16619112
15892477
19413262
21741526
11914260
17895680
11702532
13778626
19517168
14807834
8819939
14821853
22797761
14576535
20893521
7310860
17771997
7120149
11887196
15954855
18874682
21143958
16016791
20497736
18734490
18994828
14195039
12587822
19325870
23655183
16445197
22055462
20616658
12495457
17293464
21234931
17067046
14036222
20489855
21819891
21826751
24663887
9235587
11450546
10498588
19511777
19261109
23806322
24098517
15205253
7947731
10953262
16717452
11604864
17942744
21708387
15659800
20425584
14380181
13058544
12480697
17032628
19184824
21264236
8617887
18431542
21710713
14839723
17239816
12881338
17875680
11017604
14769559
13466845
15663139
13427839
23282312
18036133
18499393
12822594
16605124
12787624
19064516
19762699
23871493
8959137
6195231
13166819
15433779
7322518
22002426
21180482
20246458
15656214
22301024
19910969
16852855
20621735
19727165
12602767
10429115
15242094
20144798
17890188
15559165
12145157
20860848
14991694
17192135
13457581
15687039
12249570
23694879
16945315
21624711
23555578
17277457
3252405
23066981
19826947
15305487
19387787
21109156
18918829
11918134
21006502
14804421
15530749
8383129
14378357
12882427
17729947
13865213
15162826
18516714
14363708
10078202
22847694
21787235
16375211
18606770
16720545
22213945
12211803
21452796
19405490
13519330
18884000
18027643
15254455
22110973
17893517
20651805
19616567
16205465
18594816
19066873
23417268
10031133
16950391
20757986
13540066
21616948
22635236
8972378
10410936
15099294
21507628
21147405
20092369
13783876
19531292
14705824
23000606
17774700
13752032
16306567
11463327
16785322
17878144
16858315
14473955
23130142
12865462
16294651
12413469
16578919
14278204
20197233
4082478
18943348
19197128
14298448
19568010
8001304
19471687
18895680
16970544
16824632
21442978
11027786
17573935
12936248
15684237
12781176
20761782
16262803
15515929
19244740
19155728
10037574
23115053
14311914
14478130
14450539
20312954
9607292
15707575
22630165
21042804
22339010
21513753
16744102
5167235
19264504
20569208
15228466
18877367
19543475
19653067
21777636
22162618
21823760
17615438
20353017
16020288
18007456
12647429
10870806
15027087
23850927
9422966
19754823
16062663
17825381
11043866
14038368
13360830
17001883
13663826
20930282
15164222
21552033
19220433
13727596
16795010
22518095
21605447
10404299
18211083
7682074
22255894
10737630
19301407
8845921
10373232
20797633
15702877
13413245
17453003
13756898
12731818
19470045
21679249
16699275
18111294
17163757
15827528
14669812
17726040
12905808
13973086
16788935
15412065
16234271
17178465
11502213
14157526
19964945
19289302
7651868
15697357
22570969
8484610
19588534
20044080
21640889
13255792
21938348
19260899
16632776
13972942
22381684
17486428
20600037
14288468
13885899
16861196
21170254
15700511
13562960
22278384
16590780
22411394
21872135
18668569
19763458
18234044
20385373
20246918
11964287
12382868
17429708
18102666
19564741
20529396
23019501
14816529
23733744
23797005
10003546
14032206
18384927
18934583
24244982
17398166
12003267
8153966
16965280
23880115
15557720
18827699
20970395
24150116
10996463
20867991
10652955
19413337
6889952
8707745
23964505
8977721
21651989
18049150
19693865
21050869
18830981
24591576
18420667
23420609
19344317
14898820
16692152
10519994
14740562
9588425
20845776
8968506
14023501
20872305
16103464
18340328
18073986
15563859
13606421
23816745
17809250
8816660
14949031
11587704
18896905
18643437
20732839
14813034
15164162
22198763
18312508
3891275
19476926
19569403
23095143
16530211
23256300
21106143
17768653
17943804
12191616
17895107
20751381
21719219
12496034
19117923
18784247
8228018
13893156
23061533
16256964
23733225
9914632
14363834
20487220
23946754
16599241
20991192
15984841
22916901
16561755
8650420
21763850
15821417
14609714
18405275
15018767
19868693
6528471
21028684
11108168
17354862
16696771
22234887
20796971
19467624
24328398
15843868
22163582
10792413
21336532
19439552
13491741
8963183
9480469
9438311
13119070
16815145
17668304
15168091
5479549
19481124
17561117
8986173
13879343
13556170
18557985
22104078
9453808
14315621
12935149
15876184
11938937
8597445
19549911
23113361
21247057
17129588
13954638
22025783
16340423
11311174
18198194
11861731
13847250
16479455
20581573
11538287
16950825
17368323
13584832
16233153
21482647
8168018
23189083
15231114
10303954
23509615
16243776
21395187
19362501
15282649
15019794
13318302
17263533
13507842
8509577
15307931
16723738
19897492
12639838
14081392
16266116
22320610
20036550
17931849
15378008
19237690
14557709
12273761
23015704
8602537
22440745
19864927
17223146
15444188
18897572
15975298
17620633
19770187
20156206
19506503
12923692
16971722
11157187
20665303
14456852
14182339
16462683
23776130
12904673
16760957
20100481
17340857
18488182
17884505
13859495
23388705
16344111
20980149
9832256
15105293
20590689
18044332
13785312
22852723
15367123
13341903
13095731
14496603
19716407
16237420
16961713
19122148
14397769
16021141
14438403
10222293
16625598
14413445
23103479
15061762
9004010
17385436
20035332
8639293
22840999
19845884
11877088
9075847
22690789
16669886
14374043
22901590
11451276
7216235
13366552
22546404
13173389
20083319
14941042
22427328
8366652
19997915
9326834
16154520
11470566
11620792
9710970
15554834
11988061
14861849
20772596
13363297
15843989
20554791
16621534
18367327
15708100
23763887
14889053
23551081
21927702
14304666
15102617
13597280
19204738
6072595
19818041
14840617
12544140
19637572
21922543
19758655
17936309
16848667
15585933
12827268
16035438
24497072
7940282
15927621
17844985
22227939
21377363
4711539
19196414
13623309
17673844
21378614
24062066
22339186
20317550
15848918
18806852
22280804
10810877
17413726
7489791
21647454
7378372
21425717
21039626
23461515
13086658
20481957
13320663
12334890
19989971
18514045
9286737
20008629
20067254
20898044
20898235
14372399
21468922
19304669
21545164
11967336
19578309
16454821
21176290
19791025
5062563
14130303
18294598
18506461
17805848
22893694
6228309
13415116
14574528
19739664
22089057
18165327
16373323
21138842
13172395
19566854
9957065
16402361
8881589
21427708
14103644
11977516
22801546
22349684
21601874
11679238
22410530
20322908
20390916
22986017
13307967
17314828
15583068
19409143
14048029
15390090
19288842
17267020
13630567
13261500
15478282
19243598
18464716
21820075
22046272
21840171
22526577
21921288
10657707
16344786
17638185
13547325
15297553
17655925
15290548
13463186
19101465
13748911
18466965
7862840
21497306
17791435
18455498
9058540
14639832
8989195
21884660
15537586
23254493
14571268
23297647
21817715
13302613
17921596
16373872
21455211
16078074
20243916
11187768
16478507
15905085
16850405
12597740
17118025
21084401
23712070
18687914
18875650
13288673
8351682
16812120
20659536
10496730
10666764
18983107
19677134
24381482
20507430
11548736
20805267
11034781
13785922
19669224
23250188
11454392
22148318
13796552
22151217
19170625
7347504
18787244
14999033
21471811
20511012
11996148
18892466
19691428
20952309
9700263
17072953
17875991
17721252
20964323
13979458
18766653
14760391
23935185
23494850
20762265
18113143
18965532
10516806
10526341
11514774
14631843
18475836
21500243
10409308
15788448
20767751
15050235
13888220
23949745
18030988
11666137
24010935
17923029
17352068
21800304
19320001
15533973
19832514
15114951
15097370
20554022
10791084
18261947
19441733
13950789
16655734
16929147
11768605
19375063
18304020
20177228
17189068
12261869
15018167
17934912
17536621
6230371
13235599
13909834
14587072
11918342
17776963
19159294
12394000
16646823
18790683
19587143
12432583
13235570
18247506
19860502
24613409
18155969
21767824
16827364
16054346
20697314
19731399
21450656
12943170
12284637
14080822
16426242
17712505
21163622
12292145
21762784
16692230
14236254
19090592
14504544
17304097
18763569
21480998
20255733
19130057
10429549
22576926
19121085
14567057
11093645
16476930
19232489
20693701
20363080
21331737
21392415
11536651
11572715
23101167
20940054
16636041
14190743
16697098
16876400
10845072
11256992
13666970
12392265
14623130
15836097
19330938
17115647
6887488
8367159
2425965
13026872
15341299
23258340
7309469
17970238
24784800
16613888
21796173
16911486
24363773
18788820
6113539
7834386
21186925
13413012
14693638
10270627
20149372
17166757
18894654
20373663
12427570
12285850
11880390
8335792
21097721
18815919
14524000
16377465
10953074
13671334
22203129
12163104
19845824
16642228
15596969
19542574
12657944
7594741
19843834
14872760
11336075
20776570
19286451
13159594
8470741
15614923
17638154
17740903
14896160
22071383
6016681
21196571
20333581
21090559
15026199
18790116
14130721
13116809
22660860
19181923
20249438
5850432
13903521
22026523
23938537
10512282
19132883
15617143
9479099
21838532
19603396
21290817
10823513
21721012
20920291
14248505
6735920
11334129
20537185
8239027
17520170
18389999
17658629
21440498
16391245
9103916
16839936
19554356
20945941
22326888
21042634
22280513
23225264
23164063
8420887
8259525
9999787
16276659
12808393
15358038
12691158
18051178
21354760
19879664
20663752
11525861
17470082
9928844
17683142
10637320
12428897
7047525
7157240
22266539
15879313
12473086
8088139
19082975
14416271
18939320
8747842
15509875
20380869
14582279
14944998
19591197
13632862
14719459
6887292
16167358
16782194
22312792
14342746
15494486
20707227
14189833
24377256
23805254
17715837
15794650
12378674
14256172
12810036
18790904
12894959
20628513
13889616
20664823
9382629
19513071
15853333
20753468
17075050
17960820
15780604
19573245
20455794
10997059
18082034
20282321
22068558
8242959
9181734
22278350
21163750
15795814
20014277
18279177
16325694
15862095
20579720
21112556
14846621
12910540
14983692
9819879
17485432
20998061
18597163
17259200
21175294
23023674
17222487
18707698
14634801
12980525
21141520
10201625
22297965
11603638
14417118
14633906
19809326
21633533
17595997
11323259
19064099
16196572
10458002
23091113
24018464
12278581
12216930
17440470
20436404
20721325
20259442
13975335
11793530
20513404
10970335
18762697
23208751
6527803
10151380
13959088
22121537
10905678
6857741
16327803
16377278
18371001
23054280
21556762
21666535
15350008
21506582
16646788
12189217
11546792
20000565
21622643
18639755
23151806
19809143
21382944
12397248
10370122
22044898
13107845
23293124
20646250
13719985
16264634
12484504
10918153
13920830
7950181
21509608
14547152
15258049
17069949
18255572
17611236
17372329
13808118
9551233
18032877
17755625
16788619
17867268
12420087
23279882
14232642
10634610
15882007
22404513
14852534
16228120
12644602
15037902
20306147
23676172
10165268
21797925
15954235
14808693
21522318
10418468
22305918
18756041
14010078
16390708
16677785
13656990
18807174
10766182
14885164
18043113
23966602
16098423
19006508
9984977
15661306
14249221
23434679
21100447
20311498
12791610
7303194
22642805
22303660
20928697
18929764
20610395
18636771
16606045
17523547
20212806
13988973
20427483
16445195
19099018
12473436
22935074
16528026
11771445
23864163
19303758
16310565
18003222
10965743
10807946
12193148
21549094
21857140
24376738
21924430
10269597
19558429
12067340
16895812
20420009
18837772
16368531
17387852
21223301
15053681
21840568
19345501
17390369
10835932
15163433
11122326
19827791
17587297
13048639
16954805
15779291
14755345
21148924
9982894
21430441
20566082
20900862
18008382
20704982
9394606
22810773
16386749
18820962
15782268
17890760
17095931
15085863
19413619
21789046
9025292
12773418
17863150
13389548
18643797
16447305
17564659
17462110
15506494
19321212
9896922
18817784
17300943
22697475
11517206
16383354
17617576
21180562
8118466
10097909
11913312
14014935
21492025
21473677
22492002
11269586
19414432
12262925
17180010
9083377
7563710
17816868
10708313
16139495
21967175
23018632
18433669
23431154
21203149
19944691
16187560
22560422
17214795
21739985
17964786
13142960
12377262
14394388
19072484
19375637
20075694
22411085
22756221
15361932
20458266
23279220
24351826
16449023
19276621
20010504
10584802
18756825
14692146
21823842
22735723
17705670
19686917
19630602
18392628
7465619
23633114
14966126
18872387
20412138
18696011
14450472
20437360
23842113
21234581
21857596
13996302
7748924
21790346
22162519
21700577
17479208
11141497
18071331
12128069
20512846
15921223
22133243
16502781
6822556
23738919
15980721
21910385
13355495
13549105
16772206
23228871
20644952
15289879
16821442
15674254
10017040
18419171
22202273
13217822
23476984
20460993
19406066
17448176
23573955
16358342
14441124
16751853
14344558
20772447
9113817
22794818
15602408
12320694
17608484
16228943
18200420
18294071
10894283
17626858
21593246
16877771
9649318
8266214
14779232
21882297
20577228
21151133
13948743
20464447
11229895
10678778
19971636
16898569
11763904
17930186
22118297
18767179
18412010
21529394
10768624
20369977
23118207
20311318
8687217
19536376
12206917
18455978
18603896
18404191
8186533
9688067
16659120
13706659
12868825
21409846
11182624
20625551
18059417
15102308
4887712
16083367
15998311
12893440
15894957
24625116
19623628
12484203
11671862
22534806
20021304
18904314
17029132
11863777
22575105
23998138
17541712
18098417
18661618
13059392
18640428
8678645
14572982
12333653
23095972
12688414
16452690
18840031
17479491
13932792
20302505
16879384
15869543
24375298
21281604
13632415
14441848
23976619
19669611
23250248
18054660
14507217
21097562
13033865
9122773
21787569
15408293
17271559
18343323
11124066
23125977
10079490
23032721
18657108
21529878
7907981
23890575
15268706
13852597
18531365
20533048
18865482
15612643
22896075
22066397
14033710
21295087
22265808
21403907
21650431
21839572
19275803
13675637
19686048
12282508
12851653
10032748
22689983
14491946
13262640
12480849
21606999
8760120
22003409
22818880
12665533
22510981
11195841
19915803
22695154
14011554
7609377
13535792
20583187
16595416
14446526
21498990
17083587
1833465
17194151
17501660
22080283
21601598
15090859
18335425
22207759
12085140
11027077
12479761
10672474
13957981
8632809
17213037
18436007
9261316
11793960
13266403
21116931
10179649
18114339
20730605
10402934
10167807
21287491
18868352
7527837
13286878
16883812
11655930
12791437
6873515
21193340
11903596
22388711
21621423
18778563
17242946
15685561
18218253
11470472
16597650
20533493
22317118
21019403
17211004
7203971
21801431
21637909
21422075
12045677
19305963
11599431
16067354
20113632
20803827
19622236
18871357
12165452
6292983
22120358
9319394
16319475
12449555
12087370
15764231
13081577
22043925
4764890
20294421
10579015
19062507
13409219
18160528
18485209
18604397
20331300
15737775
21837403
18835509
16536981
22396896
19317305
10312253
21369502
16000102
22908132
16354764
11905209
16468990
14134125
6943758
20206623
11517018
7218787
10882541
18478702
22777175
10450578
20512037
14894187
13812341
13189082
11964425
19947089
19211624
16442115
9631657
13175821
14723350
9423286
8586502
21519694
10909070
14444180
24024800
7656058
21534804
13769235
13552846
19875967
16315522
19380804
11156666
23327788
14836814
11028344
10035018
23229109
11881465
21506473
11041360
19784522
23278755
10364532
14268619
20524305
13726514
11545434
12424504
18296098
7721993
21234900
17162505
13986982
18855705
17465415
19645882
17149653
21629398
18274210
11101812
19789573
9769462
10808938
14170384
20286436
17063943
16197853
18436333
18495172
10754992
15944117
15609989
6321713
16723832
18445893
15704308
17871000
21336697
15318431
10564500
15497098
20652481
23546145
18299034
22037817
4967930
16774812
22110056
20658244
7744949
13749762
15126636
20840017
23217165
18038549
22150391
11022450
16079738
14860889
19802681
19035570
21194454
19430963
15323821
5745394
22597154
12884743
5301431
19335542
15238526
11846836
15669622
15105599
18359328
9305818
10498664
19480345
12243801
19352383
18078968
18569144
15747450
7396241
19699711
20155094
14902656
15526115
20477335
16172061
15447238
5850377
16624091
18234207
12021709
24531517
21759856
12181749
16520415
18515393
12898048
20564855
19863866
19288150
17585645
11135763
9489358
9580340
19479136
8915272
17405073
20433136
18318800
16097913
8051023
15602108
24401967
18865527
20824997
21677986
13599065
23313206
14860517
14614646
13526888
14217969
16306032
14101051
17656404
16995994
15110149
21121394
22261305
5341645
16768788
17408965
12378357
17416269
12299795
18398283
17813536
10838544
21125926
22761292
19661751
19426948
16722972
5733729
21220325
19211989
21621180
17422934
10284580
17784886
15282641
24504218
10534567
11731102
16835915
22258933
16123206
9785359
10697698
16327379
20248230
11315841
16541072
19376080
18607389
18374819
19489647
16591720
15449997
20215359
18957608
20339289
13670395
12123815
5889220
22885041
17421719
12060383
10256490
14194066
8869536
15920607
7894004
11137312
20034412
11560183
20915307
10049659
15341307
12926119
6674704
20297615
22705990
18704757
18941733
21309824
21283547
14831197
17637849
19890882
22749563
17362528
16508547
21005430
19042040
17921768
19345402
5947018
20873251
10107118
19414607
22524911
18467338
12614385
22749956
16619989
10088080
18395312
16725395
18159328
18314349
11067983
15905491
22716592
11318922
18153231
17648918
10130340
22402897
21347083
14038073
20970487
12624317
20758480
16993758
10577509
14772988
14572968
21383933
12220896
16020363
15101944
14215539
16169840
15873287
16063924
20048518
13763778
14785299
11503321
19996007
11081251
21536094
10235034
21164330
16357809
15516028
23114283
20071246
20043385
17690991
15769740
22914836
10312606
17590031
8118364
13066439
16362848
20418216
20515345
11240247
16542055
17710200
15071267
15769415
12040787
10904553
10600424
11927435
9552342
15892289
17246702
13716774
13445953
12191769
11496236
14666695
19467657
15545921
11819497
21052749
14532523
18724015
18731238
20540865
21909687
15987351
15692314
16418565
21693826
20588017
14941795
20467053
22161582
10997879
18081279
17222496
21356320
20180437
9556040
22951662
21022378
23940229
12684203
24260311
11576234
11624460
10548149
15042100
15080422
14660848
16386018
15990794
17379465
15029473
7160530
9443601
13295820
14176727
9617865
10956512
18970322
20026087
12407099
17701603
22748288
18535545
20023496
11798275
15726187
9753437
16105291
16088274
17902850
21987737
22007721
14712833
18517671
13136611
15497995
9519167
11966563
18329350
20646116
23117511
15094197
10871341
16114670
9162474
14343316
15545877
18882009
10060973
24613189
20965326
21875510
16058694
19103085
19491476
21707781
23467410
24021824
22273139
23685858
13979187
19555386
19399608
17571870
16626792
18045823
17196984
15339019
16737461
14616818
15684674
12525045
22768084
15222784
11848585
15424595
23128451
5065387
21954924
11282286
18789774
7652877
15968807
19889054
9368986
16450710
20274520
15515495
18993222
22966503
19092395
18248575
14712888
7683535
15263145
16399113
21645316
19489518
14028593
23402259
21204682
22265655
6979833
23044178
11122145
9647266
22369065
13855446
21797663
23267058
18500480
15841808
23192914
16178559
14490249
15795641
12968767
13873629
19868738
20131019
12523337
17373709
11766922
19344667
15444730
15435471
21180709
20516794
20107587
7514485
14003572
14506678
14545367
21773140
14087679
23510220
22835165
17037007
17822613
18135286
18785122
17250430
19842486
16141973
16853450
18391575
18745517
16835471
12284392
17495775
22681853
13196146
12921821
9044129
19088470
5291081
20093525
16824676
15874705
21853739
20331446
15040208
14673797
22125574
22769454
21792284
14750253
15812795
5255737
19213524
19849149
6204169
21832667
15119881
18981427
21017471
22010935
17596739
12772574
15182401
16076400
22454187
9821987
18598227
6282246
9890283
12248881
23834150
9098688
14857408
13517785
19149137
20005066
24022474
19105841
19621214
21770694
8140024
8139271
19019130
20090135
10791826
22872123
20143307
23165318
19948505
20579359
16073023
22067290
15244940
5617487
15155830
21904553
21369416
19664186
18372501
14627026
19057528
20608257
18797329
14353422
14205626
15630037
18208899
24119037
16296364
17942622
16703244
11396147
13916106
7714930
24410999
18626752
21692121
7599819
15565969
19854812
19047840
17064904
16811811
15222811
14721088
13538142
18753781
24110481
19055277
6735158
10392868
15967861
15504527
13449636
20296647
16422854
7362770
10780594
20122200
12509293
17140543
15302426
17315593
24407051
15519364
24377436
14837481
13704928
19208433
24073850
18566192
14034427
21993363
23460193
19849181
20268204
16164253
12510529
12187265
23008606
17706498
20275160
20369877
11969556
15613055
17739414
19061319
22880589
16520109
11554631
14634365
9995645
19142803
11472842
20310412
11437049
19462797
18827608
7313350
9281246
6758267
17097126
10038292
13068447
20573053
22591059
7721910
12049717
21457414
22854056
13970413
18251997
23697558
12316902
21984518
21261712
20871940
18904180
10367364
18394133
20858718
18644538
19351404
14369375
13270571
14323487
17735303
16055455
18339341
21148523
7555901
12964756
19900176
19871390
21510769
22867024
22341841
20584756
17071562
20526110
19984784
21020333
16301364
20537465
14050588
22397836
5630669
16847665
21244552
17393598
17487743
16506508
16510228
21697357
8943025
10426337
21157961
19687213
12790725
12940532
9522863
12583939
15676559
21019733
13188574
21696673
15783187
21455216
19531829
21715859
8752792
15401460
17445478
19091018
23512104
19388226
16589132
18370778
13251102
13867243
19096988
20499210
19901336
17714740
11058477
9645366
12158338
14903046
11907563
17984659
18212002
17939377
17908110
13359478
16101674
14196011
10072054
13944625
24120801
20821337
14963851
14376404
20388073
17727222
7592075
14426089
19512778
18517667
18821286
16321193
7040313
16885247
18561711
21746395
15461419
13744870
18581440
21979432
13530377
14404903
19634150
22293608
17952535
19822011
19228173
5352681
13492186
19046665
16251391
17479497
13618304
18600394
18384310
11811975
14515683
21045835
14787253
19672985
15769030
16943611
12311080
10580055
12994492
23909758
13928653
19886535
20687057
13419058
17722384
17303898
18067988
13823386
14939554
19096295
9159821
19502722
13439741
21383878
15869688
18189103
15880244
12602456
17993902
24236811
18423367
18108283
24261870
20139418
17433923
17528270
10826569
20128896
19371063
19101753
16385775
19887303
23372595
12650945
20821571
17711136
14282961
19494319
24268597
22307982
22411280
20894276
17351059
17851790
8961153
20069786
8320393
19767278
20519162
15039044
16935296
19237930
22288664
22573943
14591148
16698312
9684719
18654813
23804493
12511702
19464320
17378272
11306734
14916345
14914009
12747867
16679617
15541317
16363278
10752444
19376328
22078824
12845854
20237785
23641795
13868065
17902332
9423108
6544250
19359530
15903599
11530098
11561463
23551396
15100925
18551108
18139486
16473879
19704503
8934738
17288775
21478337
6202799
19665124
8389527
8075493
11966100
19215029
17430406
24306290
19021090
18671501
23841810
22766050
18669891
21514279
22011237
10335828
17295466
24327412
24199098
10920794
22296198
16835323
22129778
17937585
12096863
19779510
14089145
19483522
19200147
15132253
11990807
24133317
23632635
13181942
12080361
4759422
18685340
15263408
12970634
18032749
8121211
20399685
3838830
22269902
6984887
12623914
17395208
19325126
16599636
23643222
22703179
18089455
19491081
20760266
23734025
16939173
14471103
13403022
16210451
21351183
16831798
16275560
22250273
16046175
15236164
15952194
23900180
17862038
10048691
17000649
24039440
19967662
16052941
19013422
10855588
22757629
11078158
13714155
12218472
5018928
22084998
24063429
11232204
18721611
15461065
20800617
15967541
22434640
16111409
18197731
19065371
19486975
19562879
19003284
17242594
16474088
15693160
16970524
10857615
13122457
17118356
15770559
4361041
20341400
20717817
12902997
23549799
21379702
8148136
16394265
21023809
16991560
14034269
22908118
16232748
11258097
13749699
23289718
22255218
10654828
20017140
10307491
23626080
20472247
13213276
20025594
13001791
14796478
21419441
23603299
10230343
17259062
19191169
20002923
13940722
17806910
19775573
16534235
18388615
8161390
20906209
24651406
21618554
8735269
22527326
9983898
21201236
11688167
19749009
12448652
17416056
17495643
20524061
22106879
18787651
22576034
9755112
14781686
15612720
8102746
10658560
22298758
19272407
20201769
15602664
16141880
14629926
22533856
11483356
8227334
7888908
21357196
13036897
17828141
22442382
7142437
16200090
17639852
12317049
20068486
11997792
20658863
13928701
11397244
23459260
14902834
13395783
10364465
14473593
7927039
14010053
18611144
18147690
16894482
20460132
17728275
17137663
17499826
18843998
11895942
8664104
12842100
21309925
10586477
15740924
20549283
17919816
11000406
20603062
9254622
13657398
23538800
14755824
12998116
12247876
16153615
8258882
8039374
7130556
15215190
20651192
17022835
16741792
21851586
15082285
16666821
12493741
19319686
21484665
13793572
14873737
21896967
11347043
22670181
18702971
14348015
20288293
18042405
21454804
20150641
15524807
17068659
16778276
15561339
17455694
11020457
16228464
17449835
18762635
14182897
20881033
12510786
18112581
15445108
8785764
20520441
17540817
20555247
22597583
19986500
19506763
10377533
5586656
14103420
17098965
16752266
15006653
20331223
17759790
16627384
16858002
12449558
19447730
9620597
12979442
22414498
20543442
15992417
10143780
14893963
24368244
6507553
13603870
9933736
13086561
22430714
21915965
8865251
12039064
8960005
18715345
12901570
21532861
17313949
15016442
20597960
9705054
22657123
23483680
12753054
22968954
11664292
20071739
7243189
12903401
13157340
21218104
8833244
10118337
17370103
11771761
12942925
14083400
14544016
21393911
21776387
12320235
17262406
20185165
20138764
17625491
8875060
15159675
23808049
7559145
15966687
18385010
19730944
17414707
22765296
11469828
19446217
20979377
19755446
12886104
17018898
17465725
15064277
22314333
13509866
17800336
22800227
22329955
8008640
22020962
22034715
20634248
17956283
11324192
21747887
21367078
19243787
20313571
19481691
15504501
13198967
16024992
9802391
11091697
11858615
11558489
22564333
24166226
18850244
19595751
17738952
21099201
24281904
13775368
22125343
20587604
19327293
22228974
16424546
19297517
11869245
14376636
17526978
10289100
11550189
19013456
15810666
18391624
16809571
23655093
12704636
9239351
18634430
14518035
18400568
22956466
22652563
13499410
19632293
17410669
23935531
12924076
10149433
21160982
20004224
9745154
7777120
7172662
21219824
8711217
22987148
18764457
21398131
19585015
22381367
11029678
8238324
9875879
15563190
10319931
18606810
15548334
13048782
19778507
18442579
19266466
23479159
11122843
9492984
20475377
18559088
23073966
9977555
15135258
14252371
14003404
19537935
19467259
21324068
9146569
18161772
16932416
14265050
14461089
21844017
15128597
23443713
10260233
19789516
15943672
20689120
21329492
9833144
10664826
13644970
18766421
12759450
22321964
11008124
24887759
19351693
18608645
11591399
12849942
18040102
15356167
10297279
15518647
21766322
18355310
13661139
3209095
18353722
9488577
20085684
18672174
19611978
19386089
16442622
18783326
24117685
11466517
11568784
16893270
19703246
12651962
17822713
15618272
17092839
20587162
13177234
18883050
15167714
13353246
21325297
19247919
24596784
16256312
13918448
21059161
20152498
18720431
23983658
24408630
19925486
19885879
16365836
19667856
23675093
15149365
10518680
9184739
20239678
15569663
14822446
11279693
20648809
12742401
14068004
14048996
23059889
12777181
14465565
13197607
12299069
18262079
22830598
13314695
17890192
17266554
13959652
9577155
19772051
16472939
8600493
12914575
15903214
16291021
17189443
18384645
17774996
18212291
20012924
18153563
24423100
7468426
14950759
10563757
18580505
20817752
18894844
8869770
22230595
17706393
17966909
14795430
20794290
22708632
19549796
12928865
21861361
21289047
17890488
15140223
12785020
12872861
18998653
19744401
18418482
12121052
12137063
20515807
10116957
22926319
16309631
17993071
18685851
14019888
13254010
21256059
22900621
18955359
21752751
19548738
21518153
16320305
15268321
17212984
18074673
13798560
12593675
15899769
19571286
10293574
21119860
18326583
12912863
20178944
20663836
21526420
18621004
8708772
15731084
7438676
22340232
18915618
6497540
13597915
18682991
23356545
21926432
14387820
24145142
17232232
19837935
17499623
24192826
17264399
11895433
22220404
17613165
18098109
20560122
5640959
12092624
21825929
20680219
16826186
19287939
18211436
20195356
22369262
19281846
14013846
19216298
9098154
23913698
13873997
22574442
20445550
21486038
10413931
12396234
19529360
18348309
19313698
10531048
19810400
22460573
20473156
16515903
4931586
16690238
13194621
20242702
18214697
15203395
13659435
22947964
12810354
22333058
21864722
18959988
17673235
15529904
15368880
14529840
22439005
19967217
13812896
18225996
15579341
13833290
9541132
16569412
20667727
14011771
19264427
13446070
20942441
9344647
8902182
15521411
17293292
17449099
17863352
8669606
16598036
18464958
17228668
13483442
16305529
16039302
15724253
12854577
19820579
15397559
20546967
23710198
16765714
7976553
24365155
17426048
14826042
14075605
14867128
16457705
9148266
9747913
21588872
14638841
17197241
5847821
21872644
16452234
13170510
22256193
11958842
21464231
22933691
8620199
20744281
10683423
11375412
14710200
23387558
11437797
23150194
16727795
18759613
22200900
18824792
9217522
21012753
5402238
16942392
19472338
15395895
18298307
13057406
15873844
20238693
9150198
15251646
24043919
20344298
9897009
23670227
22828957
16736276
18091547
19401813
18716748
24548039
10850352
12021192
21422757
17754356
7519213
10840715
20618814
18346125
8933609
14683487
22148288
16641203
9097242
15533128
11045739
14370259
17184327
18622583
15191343
10861277
22120166
14167759
11774826
22283216
3720444
11480421
14972902
22437186
22991735
10754748
9094152
10667138
23904285
17071877
15223960
18953148
23075977
18304673
19744652
9635123
11417887
10742656
16647183
18430016
22608004
15365363
16426547
20990153
13882047
16217593
15608581
13015525
21202210
8381482
24228735
10783523
21310420
9799384
16772776
14060553
16519323
14996869
16493966
17860049
13229021
18231425
18274531
12166536
16711991
21083000
19243453
23667454
18562846
17401151
23808444
15869943
21245096
21457311
12224555
16250589
15760699
21225964
15730931
14662212
20383673
15832785
19291117
17206012
10423380
12839938
7099928
8337121
6948441
20089777
20601263
20476999
24124501
14033172
14137230
16392471
20709718
14518407
11540743
24658825
20786539
19831033
22737924
9132945
7859798
20962481
14092330
14098548
15801390
14869056
16097919
4355626
20871777
19002601
16687245
12191935
22229116
20128656
14094689
16782779
13097040
16393752
11051175
19230270
18897243
17738350
11373292
18538212
18718766
10923953
16560162
12506518
13625678
15043194
20976399
12404595
19339751
16201826
16419634
14882661
18654603
19637876
21599347
12222192
18484919
15717829
20364671
19831590
16873768
16142101
18283890
17457937
21049177
12072852
22672033
17079467
19678556
13648221
24911790
20355133
22136717
20201929
21946014
9180772
17190345
19588121
15775187
19649022
13154597
7237195
21599014
22589350
13763007
19980250
16989345
17828609
13188376
18369414
17576122
14620475
7183897
21095202
19606208
23966545
17442952
12627377
21318821
18652792
20476250
13883138
13152138
21212992
15875542
18829624
13872180
20581913
20844821
16722161
11689569
19241538
16253474
22374577
11546854
19728980
18633881
7087333
13718229
20481033
12705130
19154091
12186178
20607690
12815396
20421747
14289457
14526932
23156766
21840279
21370933
18523183
19983071
19452292
9039416
23356795
18141512
10803530
22279670
16510335
15771593
8965492
9571084
20396049
19230956
14663381
22019981
16576142
13651055
22062978
20556269
13635453
14816637
12030166
15804332
18085761
8825915
17781367
20285460
16789345
11807840
18177826
22546100
19136332
15614394
18997197
17644560
8903270
13022825
15811586
18464791
16678675
17420988
16930812
22341267
15118845
24008636
17926659
17827071
22874955
24647061
16233085
17616792
21634597
22389681
17757110
10312986
19354949
12828392
19624908
8542850
17557107
9924971
18991535
19588505
10245547
13474300
14051944
13720585
13276936
18568207
20422950
20192889
15704878
14524562
14769532
7993372
15600279
5020244
12904906
24908035
24054796
11089057
12681063
18142926
15416253
17685348
13644339
16759488
17432041
19312378
9788541
19942348
16830155
19858534
20020922
20992115
17246698
15085793
17445111
16413941
17471764
15480235
22054536
22709642
17727759
20660602
14293886
16203367
16676804
18171750
18195079
10816694
19067709
11403006
19683072
16456495
19359158
17142544
17425909
17694017
11466989
7269529
11276770
13613786
23913804
18376194
17700598
20655383
18937516
21161177
13233506
21111483
11157812
15170262
18461705
12270023
12367293
18605088
18811776
20840354
20125357
12053502
18630604
23607365
8481655
11806609
13752617
20451308
14065829
18187796
15854581
20777927
14513421
19394851
13711954
14638835
7567363
21882267
19997213
17718930
19582023
16701841
16852258
18967418
9208988
8798251
5202276
18342348
16069470
20232277
15911302
16229671
22128654
11406127
21680029
23346533
7039484
21542229
18171712
23003157
21723949
23217126
19126950
14898418
13419813
12497914
14646062
10300072
21954648
12797971
18166063
19868247
21961185
8317900
18696749
23329379
11935657
17783443
17494503
18110312
7659702
16973863
14762991
24794828
13393801
17625674
18292638
11431475
15975379
14542124
15065356
20796618
14573512
13887487
15882140
13171780
10833660
10637327
22923861
8479407
14009291
19262990
22775666
15459920
8043660
20158697
24505707
21749281
17140412
11509032
9082342
20636458
18075871
17651454
9577556
17889070
21053988
14750605
16189507
19426970
9331538
16381430
22470820
18330352
12869123
24090510
12759074
16445959
12887146
20806883
6080355
12809109
20984395
17518605
21411659
17279490
24467135
20091993
21653851
23380064
11249491
13774295
23653019
18832778
17307007
24864593
20367267
21912466
20976661
12087137
22546212
9600445
13743423
23765815
7461617
16596750
20970019
13998396
18959280
19828214
20445322
14527290
15769789
17445124
21187070
18795105
22350078
6245118
16978174
10498809
18172349
18604276
23992062
19697590
20380030
23805507
11281070
19339934
8853317
24992841
24557280
20937895
12431848
12299274
6169996
9871986
15657043
10776759
19500585
11421704
20808711
21416220
15558398
10846429
21059647
22671968
22699649
6538163
19768324
3502620
20145407
14110427
21489846
16537755
14891285
17957825
18461359
14756198
11222347
12389543
13764073
23670218
16518861
10069004
14890129
17557162
21801975
14334215
20326033
13170004
17682784
10201589
7370146
20678469
23000568
11462817
14403664
11135452
16411634
17529385
20451097
17806962
19905660
22017407
15442991
9220208
22400757
16373297
19656028
19280123
9919430
11344113
19236641
15257260
14773945
15674941
12394360
15248338
20621137
18867687
16223730
14175735
11141806
18480522
17086259
22668708
14205002
17249088
17096885
15007011
16716724
18493497
13247948
14711799
16413609
24305831
11901436
16890302
20131350
9525787
12351304
13420071
11990151
12585195
20704064
12434414
10792473
22519615
21034271
21378513
11514064
10942305
18790528
20942608
16558514
14066625
20527554
20812871
22236904
20029249
7796910
19948582
8235527
13772291
15118539
22481466
16436236
14530386
16996578
19058344
20728098
11962955
21689285
16487228
19340502
22424975
20546336
18820556
8044188
10355606
14052068
22571479
16372620
16244749
20298420
20614069
16285448
13624041
16957033
19313103
16338194
10038688
22664347
22496029
5865886
19005049
18810322
21566619
11799216
14458713
23778624
16774812
16860457
19364082
14527178
7863196
23199850
10733373
19443953
18885164
19971019
16149264
15552805
12670838
14677525
12848546
17873142
9963863
14937132
16687005
22180605
11737401
21283443
15523876
13813088
18756005
15786621
14104045
23214132
14177676
18089429
8750044
16784506
18129279
22274848
14957195
11684006
11325398
21014680
19222104
15541437
15317816
16810444
14886417
22407896
16393410
19213888
20387500
11064189
17187036
17672591
14107745
6551002
21673219
18592143
19923424
16081178
18477334
18040998
21207640
20417263
17770492
20697036
9036164
15093163
18446119
5734452
20201781
16173198
15370564
20915332
16472340
14913709
22272222
19333224
17887565
18060880
10520538
14133103
14543015
17489844
17253792
15731069
18690038
12465314
14930871
20485949
10911316
16576331
11930660
13920109
13106900
23008910
15763045
13095910
19874273
9571498
21276531
16160591
23630705
14421685
21611022
14730346
21562416
20687083
16297719
23916713
20285738
16909528
19099372
19117478
17403582
17549688
23444726
23243228
20900044
23001326
12904673
15125199
19549296
4366595
17748428
10546861
22471598
11724647
9679482
10952844
18655792
12198481
14742176
16629320
22690276
11152692
19343371
15511276
15969323
14560804
21959437
19304430
12997862
10554425
18688418
6994183
14471352
13812189
22419104
22391638
20340859
19831035
24198548
10354121
18733028
18233996
19749206
12229942
21426307
16404929
19422208
11581820
17647101
15872728
22724001
8564216
17601967
18298573
23601978
17430319
14507623
19795320
16525693
14560134
19068654
21358051
17826127
9203077
21270444
15939794
8471797
21556462
16391088
16147559
19527323
16807970
9362949
22081737
14509428
18074250
7775846
16314369
6091984
17103319
19012423
9619409
20902750
20982305
11498055
13211387
21165690
19615339
9666691
8812539
7439674
8560056
14458102
20017987
20491151
18513395
12037881
23622264
13620411
22176947
18507461
11883621
16720708
16938950
13629327
14806857
18418618
12155578
9369646
17471887
20471026
20366051
12855124
21601242
18506149
21361925
10133934
18914511
4500507
18424415
21333400
14060121
18174920
15952487
12035181
17216573
17438256
10845891
14759578
8753935
13618611
8757164
7020790
13856813
23551934
18591166
21070400
21786971
12554356
15712586
17877602
23465809
23722675
21708579
17342703
19045643
15968370
17297091
24218569
7887895
11746429
16385202
19730937
22306187
22219944
22364857
12999868
19004725
19706748
7940809
13132683
18799190
20028988
21387176
12279631
12193854
10989249
15952892
21052030
19072381
6211830
20088679
10354022
15599625
19456926
9672079
15184343
12612045
16826052
21877193
10827736
20119543
18952682
9621448
24609297
17832239
22875486
18030554
17794161
20460693
24481615
20885602
20500111
13142345
17355697
21655563
23238550
11271855
10542978
12441992
16718932
7140166
18369300
24307446
20777330
23083235
17366791
11228943
20539683
18358051
17633490
10317456
13316556
17282696
19390535
6491346
20837372
22830355
13285895
18089690
21097646
20342973
19429748
14261383
18119826
16094616
6653775
12649566
17958252
19851410
18565778
19123347
18912086
23685687
17684365
20433950
21092688
18774412
19410127
17128512
24047630
19447811
12076264
18927118
15572900
17521733
20986672
21163275
20658638
17184001
13804460
20660518
21605223
18615628
17111965
8570980
19510111
16202124
20435614
24321899
6241487
23673456
20226622
18836692
20148617
23301585
15052431
13093488
18498836
4289878
23239373
19892765
17363745
13024176
16726389
13034353
18107352
22552815
19253877
14933668
19198446
19484621
9278773
15513487
22926224
21063837
18620349
22420700
20677070
20750472
16580339
10554859
14739297
8153823
17230831
13755750
9410464
13132076
8628853
23321359
22182360
16757580
19195786
11228213
12647839
12452484
16221022
17123480
20986264
20509022
15096735
20768199
23346498
20050769
19668826
10284846
10961052
21950611
9601302
23238290
21396192
15445541
22032883
23833372
10210347
18910757
15510573
12057630
24229222
19777868
6457889
24286074
16015836
9302861
12607609
16049014
12959429
16369209
22090345
19606610
21452436
6966424
15925590
21064691
16266124
22362910
12773626
16500575
22600691
22119222
15440463
15655534
14623826
5012488
17874637
21833002
11823086
13841188
17588872
18203464
9845469
13709386
11740274
18676127
15730561
16169007
20642979
20802773
21999031
11633739
21075518
17552423
15291807
16721618
9085698
22207108
11699435
18686619
16581081
9169212
8052367
12583250
15057775
19788784
9622513
12150636
18058788
22515925
18496935
18761128
15035072
12991371
18331583
20040713
12176272
17256159
8715533
7115760
11549597
15043745
17569472
12623674
7396924
20630554
16788327
22025067
16306870
15284874
16610416
16502420
17340705
17659067
17578436
18458248
14690759
9495588
11926359
3199394
23361546
9982553
18144051
16563362
20331065
19609550
15077673
15131972
10640137
20006177
20373378
17606968
10471438
21315264
22055340
21488141
5952733
23454722
18167078
12529493
18177696
19830232
15797667
9946128
10697111
9661755
18963845
20953458
24063077
11107888
4245184
17350993
9480124
13540307
18326290
16181333
18751328
10783322
17240953
13259556
19104035
13682007
22472895
14769601
15125113
17939431
10518272
23663122
18726586
18319294
16512929
11444602
11852563
10787935
8413359
12601067
22428757
11983641
21830174
20327238
21766627
19733965
16155521
15969604
17600185
15786842
17306967
18973696
19015301
13101710
8782849
16757329
23414037
24782492
20403922
8919373
20962814
18144074
15048768
14226663
22816999
14208961
21125500
16710957
10144850
20541333
21730150
19043178
6950735
22882217
13621002
21370207
20644102
20859330
14062882
16186758
20622290
19061870
23315964
14398629
17993803
16446714
16955269
13796386
11365547
11384655
16212994
7115090
13903880
22582963
21271960
23482846
14288158
12590377
17354120
18483867
20667300
19948418
18481480
23423566
22142481
22057099
16579338
19759767
20884639
22659753
19433539
12417578
23584141
19122504
7774927
18507199
19366704
13469493
22371212
18334914
19284877
20208563
21817364
21944365
11827047
24319016
12599593
15051091
9619515
12784367
21993974
10473169
14644295
18341093
21802009
10749177
17945093
19984516
15542535
18127876
18252509
8548050
15656113
17085137
10706147
12415202
17436236
14958590
16773258
20329447
10825418
8710796
17471211
15533346
5265680
11315801
16985862
6559988
7665172
19648939
16496585
13865216
21812725
18603027
21683967
16757881
19229305
20306287
13544123
15280040
18338970
8975263
16795675
12956505
20470025
23601892
5298007
9135598
18111875
14744142
22093536
13561765
20122592
22995306
19580565
17338986
20307768
18898101
18701864
12202845
9611302
15224825
19345401
18548010
13523107
14933210
9716065
23583221
10113169
19519629
18652461
15267664
16095639
22137461
15009422
16615293
9721406
19856201
13153512
18818830
15498654
20298501
18837217
4666843
21273391
21061016
19808783
17821004
12758399
10414798
17701067
6507082
18831826
18468656
17443099
19264998
12994351
18860215
17422381
18944215
14356456
18403618
21522727
19986029
23534087
12433244
10590269
18294920
22468816
22094587
10795867
10213314
18194516
23283525
17898602
16542479
8974535
22503210
10511974
15533565
15218437
23648925
15800499
17604796
19739156
16499725
16255303
18574103
20933777
17883523
16385072
14694457
15229446
17975809
20643434
7898318
16644416
21538654
7829773
21442864
18077251
11749132
10245624
10227985
18433936
14168573
16555926
21160821
17341220
15116942
20826027
14354247
20372304
14234368
15222431
16693478
17296104
17277898
19635272
16795554
13715818
22605859
21442894
10811616
17750886
18877464
13324538
16406923
12989912
17538836
19217726
19033892
19907781
17661277
15001965
14248381
12778696
15442049
20527741
22839594
12463688
12687948
17245853
3890498
24399571
18538820
15645753
21048991
20094448
16212249
21527224
18688513
14494104
9234220
8757147
18829341
11669897
18127597
16406849
17929500
13936620
6655778
20333304
12604706
12154901
17494152
13837855
6111108
9318890
21351862
15210888
10955608
21757111
8234995
17019961
12945624
18280480
10669620
12024736
16222842
17179066
18024689
7605884
9274904
21025733
12331245
12979157
23417782
15352718
10599261
22610312
15569112
8543898
22722461
5114369
14512178
12956130
8040338
18241176
15387384
20539854
20364346
23063950
20478040
14349102
17290250
14574643
16106111
18369404
12820674
16328062
13212474
15271080
18146994
22671186
14308772
12084750
18817216
18905285
19515223
23740630
10280752
17778912
14429077
21553854
19510175
18558757
17040020
15690212
5827031
11678966
15663966
9547784
21277363
8436124
21239648
9247932
21049794
18682641
20141185
23012118
19615217
19005063
21183642
16573370
19792460
20893183
14727471
9717297
10015076
19184418
20796505
21140262
20771478
19326386
19468824
16388019
9418806
20181692
19908582
13258339
23389874
16608049
15540610
11549084
22834475
20138216
11254722
20765500
14145298
17016989
19379435
20853164
23474597
14755622
23454996
9716676
17317109
19425205
20261908
17711141
23040223
17526454
13209472
18333383
19967393
17721646
22583673
16639288
18000688
17322906
10127558
17327885
23085221
16273883
19801938
14719968
22675765
12260034
11855623
16654728
22795727
20626224
11041862
14516807
20664132
11797089
21307487
12059573
16803603
21455657
14145368
14501280
14020210
13209408
16316671
11231789
14038221
20329118
22941920
15238590
15379480
16427618
14828638
20424026
9198490
20385282
23334089
17542620
12070077
14482405
11935425
14805705
21342734
14859830
17259749
13884494
13479326
21109905
23652193
21577904
13542827
7502154
24173826
20006314
20050332
18888282
14268028
14675337
20576963
20810876
13644015
14423486
6935087
20254885
16245990
22623847
12155536
23812689
21325533
8715379
22903031
5558048
15843121
22297173
13646992
14455454
19659216
21159240
13360213
23445270
17235731
14876346
10938815
24001129
15521803
22150447
10844375
20278331
22479917
20819581
20633827
17394817
19368372
4407807
22531273
20472659
18209568
10236180
8641766
23459077
22974226
21227714
23112291
17801476
14175993
15929840
22284662
19212757
13417440
15184784
12799506
12139381
14949922
13996898
11418727
16446235
12247309
18692697
11071448
19038186
16231470
20597136
18874638
21393871
18820355
20485095
13073473
15080996
14832700
21807093
15898705
15676130
20558069
21993766
17907044
18347721
14495071
13941379
20426154
20828099
17035635
9793347
20339465
15242693
17459709
17779542
6255714
10703930
18858047
22848702
14853920
12670172
12421103
17271792
20722146
12962849
11140738
24082908
7424700
17772007
23947668
12478342
14779588
22828087
17316112
15671701
17734343
18738065
13990466
21900776
17630932
10464996
16454714
12713440
10026941
23756478
17997713
17642639
13364893
22230555
20239704
17532474
20426090
22294808
7858974
14706637
21537524
11392731
18823610
13267102
15233658
19987053
15350539
21807924
14988850
7497920
10951674
16341367
2521820
21917082
23913942
20329656
12263312
16407089
23959713
21849416
13966719
23799776
15962560
18258612
17364693
16545537
13349473
17379308
17944001
23327037
12168366
18183042
10947839
14908877
18145122
21014222
20101993
19728870
11897871
14051959
19861962
6540226
19414765
19805257
17428171
24581725
12499357
11414130
23178929
18985268
10058569
23220617
15512017
20627280
10246414
17240613
16639338
14431870
15908000
21232219
20617537
17298420
16242426
15534967
17993351
21034013
17592957
9725495
18693478
17321996
14164126
14054544
15681149
23764433
4516209
7495500
19598052
23534273
13142134
13990764
17955852
16366761
13347764
11585029
18483131
12334375
19474555
9534179
5147252
21674108
19759941
11686991
9099068
15057277
18023392
19327142
9244980
18451740
20027612
22861684
15552849
6203919
17552702
17959391
14731201
17450348
19433713
16678595
10687814
22956753
10241121
8893396
14899478
22346062
16008760
16934510
18812018
13805099
17908704
8207959
2543219
13186972
17782112
15084535
22845446
24083933
13539678
16333235
11982845
17928871
21568464
21341395
17687511
23039820
16986572
24436355
18114158
9534315
22499116
9982374
14969255
10833295
19883776
17983576
17821459
21279738
20406182
18562606
17083698
22625138
9938028
14484169
18164107
18855974
20206210
15412230
18283446
6370509
12216564
16466538
20507928
18224257
22740088
21677322
12453249
20929304
6685546
15356365
17070995
17972301
21180734
17426820
15933014
19040117
18818271
22457211
13158649
18664543
19703699
21030429
16669600
20419200
18851215
20078050
13740257
13922395
19758138
14736333
18391372
16570603
20625661
23849213
15621006
21751514
18222142
20175314
18636461
12820415
10121585
22515706
16907076
23473673
19237506
20391568
16027884
12254395
13870507
22452362
22617365
22133813
13161348
12261866
13619480
20460150
19696376
21626731
7601803
16008955
22980378
15757086
17635239
14869295
19228612
14194028
18528263
22421281
19470111
15714253
15132671
14067836
12815420
17028043
15220498
13426504
20042945
21120249
16870738
13595124
14599190
17922662
17143849
12466083
16652062
16165846
10039772
10608949
23155075
23824054
13240960
18995653
6619942
21398484
20943181
13519548
23137859
18139409
8147328
7027417
17872530
11921323
10537801
16320471
9992015
10013575
8732500
15914337
18841374
14349537
9669258
20325426
17547799
18009462
20570251
13559203
13165106
9130565
11549835
23058848
12668187
13993592
20191398
23880526
14808252
23291742
14434544
9436288
17816948
18465814
5603608
21985503
15793623
22149040
19258989
12676796
19190689
18045885
10813112
21510691
18803528
16142425
16274452
21209056
16468875
16349242
12477787
17864930
24208656
20888789
6494602
15060734
15633344
22229690
21743146
16847780
19715994
14806276
15710540
14162049
17580022
14695853
21918134
19340670
12656865
14612369
18900453
21627388
21323877
20332973
18540384
17603594
15450279
19611187
15901308
17132742
13688052
17723009
15069181
18212838
14794553
13591659
18156472
9535923
15154576
19888869
22267352
20973606
13122179
16840602
20433766
14350977
17712593
17635302
18999855
22122049
17287608
16872143
20867241
22014659
14331198
14347915
11420372
20912679
18964160
20005061
18933295
22981299
10887330
8426979
14172411
17222142
18746431
18667337
20136820
9491017
13407917
16719216
21740352
18911005
13791173
21213869
9259957
12178977
9802124
22326296
18868769
13894416
16177712
12533519
17925369
15238492
14586630
20371826
17318751
8539217
22894977
16184864
12595869
9377169
11843913
9069806
15528551
16272125
19359087
24713982
20718910
16139325
18449279
22219848
15193755
19517586
15658060
8609661
15137313
14170634
20600066
18603350
20058942
24000622
14629544
19073037
22430903
13552860
10974164
18592322
23785112
18771208
9002458
15608359
16495504
17152186
18073471
19392780
18526592
19622586
14243643
20722261
8989690
18874240
13826230
11460427
19758502
11450694
14245260
13489444
15546969
19960301
17421583
22480432
8649413
14659571
14835647
11162375
18642206
17267499
19267033
16096115
13340823
13451421
17333360
22893531
14302164
17295723
17335262
22766140
18078144
17265216
19470620
17516448
17224882
19651055
19114480
18890708
19853433
17888926
19053567
21355084
20713311
9590312
8332723
12064453
19897820
20794130
16516521
19216005
13825492
20439779
14143818
19390772
10088559
6838181
9511526
24902059
20985309
17412035
18479272
14907556
15084934
10834436
13537824
16423374
10378545
7914704
18843543
21915307
15117775
18342498
21571637
16705572
21873639
15097425
13552245
14250901
17389925
16415564
21882281
10995258
18434905
22247494
14498507
8234879
14756017
15658327
11082547
20217273
19269539
20538159
15579813
17985726
18535792
19349260
23212940
15990092
20600527
20658808
21119629
19929066
6887706
13895789
10496830
21665098
13957081
18578229
14738637
14101957
16993876
20762344
23603595
20510788
22683352
8807008
17098527
13054214
21999266
14713195
20018820
22430233
16489872
20519933
15986414
7532995
8495343
16956892
21382947
18171274
23997166
11752453
15823392
10708994
11739709
14390682
22496211
21957683
4642798
8361202
21588255
13209497
13433623
14415971
5269901
22642409
18345143
23057405
17363141
13302241
7608061
15652840
7382611
19416802
20317096
14793664
15904423
19447897
11793353
20087078
6622563
22063119
8329954
24648325
12937141
14230196
19552898
17196401
15827874
21618329
14220760
15358185
20420238
13870839
21459046
21766359
18624362
21073458
8787577
14337423
16197409
19386774
21582070
23945093
18765293
14167130
10912910
24485600
8227229
20704483
20680041
20014652
6048314
16444610
18229994
22948602
13307317
12511555
23317493
21444765
14803591
15716846
18238461
16112401
18222737
18922518
13854267
9170009
18544110
12200703
18398522
19020800
21665391
14744905
18739867
18636020
19909765
17043536
15206270
24143047
5191371
11736002
22575762
7854768
14282035
17429883
16576282
13776961
15481159
21378991
15382178
20982054
16585545
14507712
22190767
18814456
21730760
15887640
15926268
17217579
21949886
18358879
13611902
20717762
13197926
19956466
18266157
21729766
17196632
13686946
10850075
19311928
15122481
6700446
7918487
13569220
10408896
16987503
17575301
20416791
17141166
9027930
15450342
17729273
13298942
20882697
16160925
21135818
10558350
18274083
9882003
15922435
17488172
14130583
19916648
16662152
11778397
15120256
22371150
12875616
17296837
15045375
20628996
14182825
13470004
16917967
15060611
13218643
18032623
16013384
8983590
13457933
7565964
15747918
14629004
12107754
24645826
10653595
16560438
24413970
16465454
17135065
15171106
18550289
21279862
12984534
16548404
18852797
11362834
15348957
10120042
12081061
15495736
16648236
20333514
18620486
21876171
15681177
12273072
19863436
20164371
7421501
11998286
14278471
17319157
11541597
3847473
14105085
19916432
21003757
15794757
20127560
14752981
17755456
13615340
14680555
12150651
18270982
20402583
4826823
17779931
22817855
19716252
15879185
11528493
20545099
10128182
20174017
20770070
8044733
15304469
21894077
15248697
21331014
15283162
17758445
12924684
17904430
20165439
15754922
17192643
19139802
17024830
10594737
14650047
21149038
15717107
17003995
22167429
9210970
13485203
13625619
23134147
9011298
18910716
8617644
9430863
22477003
23373105
19961476
19853302
10237053
15555570
12812199
11685099
18094165
7739121
21687577
16462715
23563675
13958132
14560068
13422142
12666276
19540964
18647562
24123234
19208497
8857811
21260431
5033597
18849055
21628264
21627880
8914750
14627121
20948925
15855074
18712307
17930372
16527196
14993641
10963782
21672902
11549137
13452315
9371302
12786457
16720791
14730998
21318911
20477472
13783004
20616423
14860222
13928761
12759171
14194049
15133792
19350375
19823591
16657176
16007504
22171457
22382172
12158800
20754875
15555358
12771512
18733918
11548464
22652526
10414166
20815439
17836259
15336962
16647659
12879798
20897674
16262023
14648288
19756400
14933765
17522207
21220693
22798988
14804817
10634360
23358997
18557888
13900484
12746221
21590936
14804912
18883954
12993796
20024070
17588570
18626595
17459941
10566822
8655325
20110724
21448008
23736561
18658641
23413067
17382535
10449518
15565317
23574477
21157050
18819827
17355820
14669472
24529577
15402416
15460007
15433663
18638239
12884050
20226271
13963862
23179105
20087825
18564267
19118324
20218746
18043105
20686461
21303028
18455641
24712128
12442679
11508412
14625965
12760605
21284765
21933202
20978484
11763338
18056174
13668441
20205007
23187000
21176072
15180820
21030668
16190909
17180594
22754721
20565607
22358332
7685412
21243035
17329286
17733547
13935074
15231047
22169169
22991244
9450658
14604682
16083356
16295575
21804503
18489025
18900530
22411401
19932270
16220322
17242514
9960904
12006866
13026203
14446100
24117946
18082266
23887130
4135341
11318649
15874596
12350652
23681109
18472997
10069812
19515366
10490945
13680971
12118269
20700127
20136661
10225116
10207975
24405044
16875791
17500470
9294136
18512672
20919253
21307543
18469251
22560669
16464089
12523632
22754403
13537334
21273248
23421064
14028063
17068960
19940546
13307710
19683220
16566793
7553736
9036425
9755777
10072095
17110591
17055143
17181833
6715920
20860181
12408694
20839496
21658726
15148684
21462898
18983619
13495927
19721774
7853427
11303459
19408713
18345734
16296757
9849849
15301999
22199839
15901989
15289374
10621641
21776321
13610398
18974310
12376940
13868273
7299117
4765832
16921205
19684042
13723533
8178986
12912107
19140651
17841900
17737725
20087604
21864412
17844375
15282432
16690022
11867824
19888001
12341316
23316143
22852599
11257368
13064156
13603038
11130776
12637042
17846621
15211307
17014881
12591551
11512340
20160371
20930009
20917331
16287020
19068266
21857395
12787662
20089101
11731459
19023359
23030116
15394897
19275514
19563145
22891922
9865824
17666493
23737410
21283984
19241135
6207672
20452369
18213388
10119069
13930574
11114452
12295267
20188251
21837175
13227189
11069392
17023754
17225861
23399611
21132735
5968376
21919789
14115083
14788814
20454946
11952246
14635226
16232788
17691847
12086114
7533535
9918539
14839152
20768165
15759489
17023298
13781181
21206432
23099599
13575476
13056014
19918323
17879942
23076135
13769118
21035643
16365476
11946317
11867294
7929238
8457760
8656340
20336145
17126073
24536651
21667810
16081751
11860709
21275872
14410013
11763867
11008578
23589822
22057866
21546993
15569003
11270073
17664177
10173793
24329982
17587360
18682249
17344355
13648779
17554088
20888366
20907037
12742931
17758702
23585645
14625786
14191401
12292199
15550822
9390039
19637778
9746873
19048996
9242107
15211416
21245966
17842544
21994251
12533338
15303521
9378713
17922715
15851433
16999694
18256101
15314446
24012553
15102288
20254274
12281508
15823023
20005823
23394556
20381970
18779265
23803251
19115934
15225385
14757625
20143873
9493960
13433732
7593662
20941597
17253951
8931439
11630301
24295443
10728462
22388463
15123493
21474931
18707673
8188710
21325776
14783286
20123621
14189770
22413191
20021555
13843439
9087063
14003825
16093223
15144014
13229576
11887479
19558116
12998623
19068795
18570332
13305354
10297048
22200933
20837487
23164417
17591363
17562521
14809295
16301471
21922175
21241898
9055785
20051810
12623590
21434962
16840616
20987095
20751294
15219127
22665514
17937970
14136123
18038239
18617390
7964890
18411633
18596565
12579016
19044190
19283699
19184043
22287195
9414342
12543706
11315788
18773802
14901542
21932726
19366411
23233466
15660539
20363662
15579554
24781400
10709254
22678806
18652750
20318896
18318442
18345562
16563294
13212212
21297561
15355942
14409041
23118428
16075369
18858293
23028106
14707777
22703255
23298816
6912653
16352847
23410033
