23047911
21955047
20128854
18845363
7966425
11908937
19596159
10093397
14762696
21135862
21052802
17705108
19673156
17564839
7732361
10744462
8824208
13392667
18332424
13659452
14202583
18010206
22145664
19148675
23618460
13937677
13939165
18108243
23831374
20603160
17485347
15966427
18410558
4057299
15242173
20434798
10957954
22997684
10353723
23199779
12357991
22091793
15274271
12801552
12010559
13172550
18101527
16581662
17449757
19085504
20207026
13971545
14161655
21239882
2907310
18069590
19296627
17331620
5532612
9620022
21023227
16652617
15556665
14751743
19486445
17379913
22934531
19146452
11675611
20596874
15860297
23089496
13358376
20508930
17362839
14075252
13532148
17283991
16497406
11888779
15308723
14787613
18372218
5161534
12222365
17080401
21370207
13565438
13596684
16970135
21744361
13109234
13469432
16706456
19187341
22114254
20542290
17596144
13398700
10110376
20368633
16444670
21086428
7285057
13968342
12407188
20528484
22570238
9465345
10686753
13699009
22179945
20025541
10250299
17444362
18159131
10450614
14129719
17434167
21436416
16301577
20582989
6870248
17563708
18460740
15559889
20532586
22551760
16266827
21342230
23012240
12106099
20028986
22955281
13972023
19225180
14376574
16211942
19392845
5139552
10765866
15866530
23406161
22324573
14802152
16311110
21031914
11939694
19509222
22632365
21036072
12093229
20955287
18465352
21441974
17636207
12461405
9818496
14252210
15837070
20099037
19162305
22583770
20646307
17857168
8836966
15984522
17694953
18885279
17723363
22259597
8797007
22574948
22081744
12995653
10536547
4973970
12732190
10640624
20074295
19940987
11501445
23521493
17657008
14180241
20024470
12061979
17580375
23532250
20375083
15494784
7780195
10172041
10743326
20954637
19613056
17243500
8386904
18062882
23950974
21857759
21333895
11769233
19147755
19428830
20831241
19349251
17626658
19243425
9972233
21674660
22340735
13101512
16639281
17487589
13031486
5482155
21210206
18050896
14179763
13320467
19188307
13461137
22622009
7762213
12084830
22316243
7827082
19739555
22408185
20717471
16224240
14226315
20614116
24331329
15738615
19659151
10087574
22054770
10217255
22246278
11698417
13379888
17532427
21022011
8467974
18667350
22348549
17541889
18647803
17065857
21944219
15867998
18767479
18138187
20957319
15926098
12427836
15503736
20006493
16712489
19185470
18902679
22116468
9797055
22380036
21709581
15324577
11029676
15015478
15906261
18303462
16138951
21185589
23923196
21609667
22593995
23014336
11178658
15583572
8620131
10445770
19758652
19744126
18928379
11002909
18542696
11519394
11337587
13478954
20668059
14884675
18243130
20283668
17656508
18361266
9673944
13370181
14110489
16612459
16382609
20889583
11937736
17465618
14784195
21671819
17657995
14295585
18593957
22485598
15841017
15235375
13289913
18904585
11859315
13491940
16183543
13530822
14097652
15135739
15260889
19515165
7618060
22146414
18441509
14620834
13432702
15790850
10819889
18831540
9891598
5778307
16027642
18044102
14515653
11633668
9719413
12084653
18576834
19348703
19463302
20032380
5612506
22841877
16711989
23378837
7106672
21599419
17133921
21683618
8716686
10042592
16374186
21319297
22017098
18737996
18894920
21581616
13475375
10921531
17879655
19374795
19176723
19242218
8147354
20077985
15442371
18460002
22141387
10691759
12847952
20613500
18306685
18886637
11316302
8002630
13419689
20973907
17117385
13995794
19004930
14494399
12238577
15836107
13808512
11326747
18594851
9184292
11831290
20811087
22483479
6565758
17702929
20339393
21936059
21165217
15976762
13293660
16898126
20727628
19714007
14925902
7081776
12655122
14509860
9734233
15625660
11871055
17382636
22568144
13885845
21574382
11410136
10386146
17616741
23107175
16986887
16667106
22929959
14437476
20508614
23050381
16381190
11282703
15620047
15165482
12811033
19526263
13863973
17764669
23797666
17296089
16417327
16627316
21746664
21438024
20372027
21845368
10407919
22006811
23662478
12226361
12105473
18271793
20486698
18005487
17344819
17113358
22963466
14098446
19642445
21271000
12133775
20854310
19238791
20826599
20628220
16871228
13692032
18744680
12474803
20408963
18204444
14096460
20762235
21627667
23536799
14579345
17815596
20146274
22122257
16534957
18820207
21310103
20523627
19173251
23116128
17433107
18504127
10826397
7060989
16497219
17778483
14940603
20367481
11933105
13646823
21945430
19519733
18695282
15118795
20123413
13715779
17531823
19564724
23614364
18294133
14480447
18011885
9715983
17147480
22134524
9589361
18545454
15132665
9364664
20891654
11276503
19491995
22471286
13274998
14752371
21484913
18993814
10661051
14394671
11550777
8344699
10495864
13070531
24229396
15045641
13553335
12375057
5336469
17645798
18114776
15795319
22449954
11135365
16444350
14390990
14195640
13095025
20925815
16442814
21664707
17791859
10261988
22179923
17551714
15354907
13907153
21398618
18180575
7893642
20054112
11535249
12470086
13910326
11056092
13908687
17306054
19537827
20862590
18633993
12782632
13979390
17435645
19309522
12930725
9896804
21368944
17048085
19557133
20124127
21305871
20032199
21103088
20729016
18438145
14383098
18527783
19908475
17794349
21013327
18447156
3271193
16083801
14557409
12533533
8146423
17084440
16847914
12801284
13180604
20950988
10748002
14888753
13747360
4549420
20651846
15034024
11984171
16525914
17248452
20655760
9527465
16804369
19018805
22624242
19983823
10999213
15473943
13006846
7647361
21997468
10643159
9821368
20921847
8233290
12560381
21483713
5920914
18445094
17523807
20160825
15117496
19052771
16829218
14976548
18398834
18617739
5193643
9140944
8753671
11776555
19624655
18250866
18284289
19701813
19232710
11369340
19519839
20988601
10978298
22998689
15215540
15889717
19549377
18668345
20664296
22702584
23152269
21266759
12507646
19371632
18110290
15334825
12993822
11903022
2283967
16868970
14329660
13633857
22991108
21797583
22852673
5079273
21567071
10990688
21757073
19417833
10734789
5754614
12014866
12958553
15589465
6874553
19370932
4756499
17066288
11663441
20939159
17268728
17179857
21357506
18772900
14842748
20939820
20123127
12261944
15638003
20663285
10014198
14074556
17273628
13424591
15099730
12343480
8508151
15616356
22640148
12287014
21154393
18006744
10712713
13166466
13281855
23493119
9060359
11184121
19591632
22330872
12882426
15854740
11746718
16001766
18295165
17622304
16201571
2293892
20876343
10034066
21189741
17521347
20016845
10059023
14202759
19116836
17141417
20402905
11045277
22651687
19196621
11546580
11429430
12722341
21751805
13113199
9820873
13144635
12596786
18301468
21340710
12034321
17275634
23306177
21599512
14093810
20588610
17950496
17192480
21477255
24544071
11321018
11046110
18129764
19441263
14184317
14448146
19791288
7309036
19799517
15430537
10570721
16799064
16566987
15562353
22095939
11804831
22361053
6927484
19963876
19325324
16105184
18674934
18392911
15321252
16237958
17185087
13330873
23547019
14406956
12906248
16286147
23218275
8096795
15859219
14099226
21243921
16961479
13847289
19899073
22428868
17517806
11071492
14302904
21049571
12791840
20356683
19535633
22553153
20520855
13428266
10636668
15667640
19399038
15241274
15715953
9761195
13739553
12462019
22642603
21683118
19063301
16751051
16814685
23345730
17642200
17440192
23561541
19434350
9809727
13685287
19103616
11873782
22464688
19311187
20689576
11918130
12674524
20814041
11833568
19026612
10803502
9036715
13009479
15094456
8218182
19507056
12768181
21965954
19270033
19670993
6801010
14585390
16408808
15456762
13690445
13411162
23498997
17867379
17903591
19783979
16535219
21812337
19479784
19390605
18629109
10504232
18715686
19537647
21533660
17822434
16117954
17222802
23449434
16926932
11635054
19220360
14595797
20163861
18842278
16608196
15114289
19128726
18276169
9222903
14239066
12807385
17333126
16019443
16688632
15111430
20029758
13292433
16468635
12396770
7981473
20580525
4131648
19462560
11269658
18993259
19353450
21271551
18369303
23015665
18885344
19126119
19761089
13127676
14177704
14224204
16096562
13707039
4574147
14488428
19892797
14402504
7770210
22673114
15770702
20072468
23433038
14981356
18405505
11113758
14264171
12733337
19871190
16757484
19542939
19401138
19674999
16392926
21457600
20024548
17254516
13500805
14656874
13159851
22445916
20752265
17828319
19278726
21610997
14525685
11319064
17041051
18041856
17156141
16394523
14329435
12424861
20518371
14925437
15001387
17108972
16543050
24365695
7373153
13640269
22434728
23627947
12448936
17752834
22298032
12358450
7617710
5983692
15394027
14650055
2395959
21698740
19353904
16133979
14313619
21973078
15653270
24113176
10257727
19498045
9275963
13669618
14554214
21857507
17670781
17894242
10601208
17209366
23198565
12817900
15481888
11704418
20470959
19861185
22292423
23943183
15012650
11516263
9494176
9690128
22947659
14933508
12328192
18196121
23972944
21116079
21743528
21969363
18814502
16942377
22529877
21058066
10360226
18406818
17646070
20552901
16933032
17342769
12889398
20591210
16700235
14752147
7111048
15338551
18453019
21281260
18444345
14538117
19291921
22601069
20566565
16096966
11687077
21256471
13656934
15375599
18932983
14488460
20009612
14316774
9530434
22806493
16231436
19354111
13027194
8225374
24120851
18908097
12395428
18590616
14072587
11969842
20768362
17385193
12765600
16155577
13408942
12933518
23782495
12216831
16063556
18700353
17109127
14609372
12159066
14252461
13275174
20362203
14838114
17325646
18257521
19521472
13889451
9052482
19050887
19085500
20332659
16734453
15903958
22373440
7744937
17371538
11107816
19968858
14758079
21382953
22990105
17625794
11631583
15647323
13267331
16453632
16380384
12012755
18593044
18344792
8238707
23460118
19964626
16771145
8775016
13504451
18456271
11642970
11094797
22328654
20571875
13516363
23439220
20881201
16813290
17037678
20286610
9626196
22478106
18101227
20188409
17868567
18230786
20283742
18056735
15380306
14374532
16900337
16501507
13433738
15119435
15529006
11692542
21504061
12096264
22771611
17307818
19981183
8704437
22868076
11872532
13369100
12819821
17027405
9628108
15190274
18847742
17441748
19352903
21372895
9951370
8902889
16837415
16865189
18971186
13817020
15471559
21496968
9354725
12044480
15170152
15960491
10254296
12851504
22267435
17003203
11074350
17429039
22162625
19034645
7205039
17633427
19693617
22648189
18464768
18808564
16164660
16466666
17991336
20689321
18239696
17278201
22313727
20591125
21147937
18673003
14295176
17511637
20740817
15740343
20107718
13570157
10637977
21356660
22491612
15161985
18006118
14236394
15342855
21881008
17984069
20082453
12144280
15790025
22641947
14180794
19231386
10822812
18699868
21606253
20821952
20961682
19777639
23240584
22802891
21007902
11279962
21895302
17449032
10066196
14654462
23725815
18935545
21900177
17210944
24005135
10628585
14165711
13696892
16667257
19785384
20250339
22549710
17590228
18112427
15701523
20627912
18784276
19359650
16255514
18144359
12308579
23523034
17169327
24321648
24485112
13206597
7628740
18521949
6166933
20234946
13214689
21447185
17570614
9263654
13418349
23545465
13421830
13900461
18796002
12351160
9336365
5898205
15011275
16942140
12233369
19568337
21459401
21498203
21432269
23451195
23909903
19083457
14930000
16946491
20348984
15942166
13930854
19696006
14288709
12612341
8291485
19596115
21751499
18583563
17885767
19306266
16439212
12564865
16275327
19574088
22633175
7772713
16120486
14054704
15013927
22759831
19397318
14848403
23243947
24144000
18737441
17228717
21253606
16021326
13361428
13964349
14169993
17638279
9846639
16245841
16319456
9407572
15990461
15055470
15153483
14483864
13146504
8553561
8483992
16780137
20091236
19054975
19031486
21204870
17787004
20658788
23917590
17096807
12046466
14986826
19965853
16201316
18628287
23473000
15650753
14141672
10113802
19870628
17736498
13266739
10588926
19069745
19515366
11617755
12643351
16502422
17249442
16966556
10453303
10274526
21233332
18809569
4515675
11364124
22957240
23897866
20704449
17099309
20446403
18266658
16014740
12157854
8183264
7887237
17027229
15195113
7942061
22634852
24716679
19394538
18442715
9994448
16724309
21877514
24262784
12578947
13020206
19147565
21593203
13338667
14323852
20283623
11652014
15438598
10392899
15438553
21401365
14626246
12952366
14792468
18782847
17612651
21435547
7534292
16569921
14995971
16112164
21588414
11517102
7382374
22568591
15538166
18557476
19664894
23062091
6630826
24303683
13092244
19978767
19676740
20043192
17515272
15317217
8164803
14013413
23378554
11471231
14475800
11018624
17450292
14931945
14809660
18241213
20702830
17686830
12123658
18592875
19253245
11014189
20174510
20940658
17357016
10780361
21999023
15081181
23161780
8622784
6437789
18706514
17683126
16394756
12120460
10700680
15089102
18021675
21028419
18646784
8580990
14877186
21935222
20532230
19059461
17354751
22218851
19261971
11964108
12382367
15255140
11240910
9438393
22810133
11697771
18518286
19716429
16054997
17778623
20507419
16521519
15644142
22101557
17358709
10895479
14032646
19676750
16722501
22707873
16099690
17146779
18057598
16935326
15630654
22590832
18384868
14470563
16836115
23264887
15004867
22868527
24683336
15283641
16782306
18523652
12988908
16019603
8971371
22423981
12554234
21630365
13107577
2806597
17982543
17621411
23190923
24245274
17124708
15852844
19322456
19396749
16637656
14588870
17946518
16426743
21074950
24657654
13498046
23656035
21842166
21577840
17048364
21215886
20882122
11824497
9307782
15005845
20986581
13863083
9953238
24268517
19997886
8244504
22633341
9821200
10664075
13865218
22618864
15322871
15720271
15401172
16064403
24624876
23766052
22099681
11158737
12547724
21463437
20857805
10876211
21903728
19483731
10316031
19811995
15952285
17515648
15142515
11754282
8389283
13960692
19660933
21934272
20350284
16864330
17881105
15954289
11437845
16771924
16503630
7139234
16664562
17189439
20491580
22004749
14084597
14085284
17511149
9087513
9824488
17972167
14169071
19857240
18314593
18893346
16305978
18565839
15106071
12592115
12594207
8192965
14180318
19238782
21899814
19111463
18678039
18333668
14946005
12225375
19320207
13503594
23861167
23197902
16368952
3233267
12088933
23684255
21893874
15278109
13244554
24525965
16525945
19797069
15914204
12305932
14735893
16634868
20505089
10045077
16010957
11361763
12187261
21229524
21232146
17434145
10849756
22839393
12949521
21620584
18484293
21527475
22945279
14975086
22237602
14659479
21929032
14793558
15935256
13592393
15467097
20036890
11682051
21415037
21772827
9261315
19192932
9428321
16140488
18785394
17096654
11663661
17016721
12252285
18369894
12122178
19592450
16449960
18031165
13669740
21512614
5716363
10825819
17909344
13745026
16216382
12452448
13741396
15684219
14697059
19549815
8034884
20616113
22247819
17307251
16683913
14874778
24447140
11820667
12086250
16212015
15884881
10839753
11787844
17160989
12268476
11841704
20892529
19257895
15653387
10258557
16904821
18521529
15445726
17799237
23468780
15800735
21629267
12459775
15775572
21210341
9930279
15492975
9834472
22394639
20362358
18350621
18324117
8957943
14768547
8956228
20749648
15820826
19831174
22107738
17332481
23780608
23442668
18860545
15972132
9243484
5764837
16417360
17372621
15929449
20665840
21977796
23081781
12505927
15018445
16756551
11638071
15348922
10747822
3467782
22207470
17758580
7941309
10912674
13824206
6862629
13274312
21492029
14023883
21963226
13752757
19112297
21775965
20546870
10433716
11516706
16407695
11250396
17044381
14710852
22841074
23950787
7788512
17175739
19037239
18701674
21283932
21415463
12029902
20559732
16916895
23780724
18816608
16359175
16207071
17209480
16609857
22875113
13624366
22018672
14318383
18756359
19900256
23007351
12848717
15942557
18377137
21342194
20036340
15609883
13105214
13578426
12160596
20708016
17971779
16880052
13055901
17528203
16351281
12136470
17910860
10457752
16895127
19411740
21092040
21206396
9696533
5796062
10830639
22506495
5116596
19963551
15885346
23005948
11894527
14746442
14682833
16457791
12700818
15523400
9973663
18227048
16922837
8834285
14711641
20848212
21299815
21507480
14148216
12943315
19524251
16805557
3036560
16741153
22540824
18788074
14778105
20910655
17863164
18328580
21134115
12038850
17072679
12057329
10721609
18198529
17806570
17720493
20531158
23228944
20012201
18410046
15517125
3794362
21997598
14380815
21213554
20321941
17223301
10203311
18977418
15863419
21180629
11472242
18487939
18897929
11352179
15754507
8250957
15772195
7517649
17639594
13695286
11728205
20559528
12795641
23439795
23570898
15889894
19126002
16505656
22000856
11308254
6155386
16672439
16001255
20528033
22898879
18543261
14954103
13245480
15530953
18342360
17279713
18818014
19883934
22938313
7043641
6098673
21872689
1167462
11262278
5020241
15906500
20380634
17813929
18769661
20360241
15578139
13700322
13604536
19925687
20417683
13611564
13931127
15024486
14049777
12209360
24222471
14995050
15210617
15535150
18623991
12784055
23321343
21132079
18877503
22780545
18901628
15481054
18787852
20178316
21838363
12094525
12737869
20260410
11976462
8505009
19010793
8456035
18605580
22910381
9861891
20561812
12000333
22518525
16248958
20683278
21317623
17585388
19940935
4679503
19862303
15292216
14930434
16201360
14325558
18021032
13501768
14352552
19927929
18775151
8746907
22284728
18122804
21113349
19123743
22016936
6335767
17091880
7979887
13947549
17914021
15545715
15110827
6175882
21243285
20547543
18358248
14620738
18114773
17092875
15013279
20092431
16034797
21079020
20096194
15330969
13580566
17075031
18095601
15147151
20451515
17150176
14170443
14745981
24153279
12415139
18720206
16986662
18079463
19514849
15355290
17738713
21095462
21391831
15659957
7457225
20592955
16648056
16208618
17116380
22832651
16128963
16241306
21596414
23957372
16848909
12071916
12611011
8189167
23779274
21631069
9171491
19353444
11903433
13335243
22498791
22319939
14453701
15075175
9327057
20571545
23333382
11909704
19248431
22747198
20416969
9086213
13871231
24479546
20196086
12545502
20418155
22987942
23199848
16419831
19666421
20241942
20059884
9985025
17232203
11174163
13823554
21729758
16089150
16229004
13614431
17786556
20798170
18014023
13165269
12659400
16130851
21926610
22259836
18870074
15838836
12615200
8221624
19253635
11520405
21496470
24591051
19258809
13789534
18295615
17539969
23462643
23376545
9981205
19155518
16838357
21539477
16848866
21750466
21787362
7938842
17278381
21582012
14160772
18601761
21676203
23036063
23450685
15604261
11984298
7596828
13808062
17346534
19337143
17605496
15067188
17042245
16305997
21531084
13066275
16620272
17986761
11649315
17869881
16315969
22348715
19551223
20201528
13883767
18430262
15188343
21016619
13938335
14829141
21199429
22802783
20236526
23417694
10536041
20564474
22027051
14806936
10060258
21377797
23540544
18551766
21063630
12354977
16552624
23482333
17339716
20179943
15049451
12377697
18888552
16747430
20599104
17529174
13765812
16218162
11797596
20849537
13346189
12649000
17200497
12788585
15487450
10095992
20203389
8372371
17469882
10749410
14347402
17855429
17743964
19242773
24081923
14824344
16662414
11551705
24127984
20432382
15060724
7497065
19832348
23513177
16998322
22431886
20075314
18062029
5403740
8713874
13016772
17036991
21321485
21163054
20789442
14770041
11916690
11204153
16889962
17747009
16098284
19652826
8959415
15467745
22346331
18285482
13876399
22426276
10924154
20337091
19689604
11700862
20282992
16295947
22031912
13287754
22338005
18098126
12127905
16770170
13943521
19927160
22427956
8919227
19162740
15499664
21248628
17825355
16106470
20747889
17911926
15764927
14239758
19775185
17381487
19290480
9440101
17191569
22576354
13704534
15800632
18878276
18875091
20843497
13691967
20830239
12938915
15059165
22155142
20614045
18673383
13344662
12440837
16056642
15994550
10321910
15563218
17431129
16485324
19840674
24593428
14026058
19311168
19427540
10610257
17342573
20571840
21403736
20114172
22776713
24620458
9466333
7764377
21838909
22144692
17656503
18731054
22903300
15913289
11494537
10402190
19178789
12994376
15461772
5940344
19423112
18449661
8938311
16009425
17311304
21664053
17861143
16122516
17584096
12526010
7993417
11647707
12674066
24210397
13607261
19200378
12361322
20513983
10180981
18737590
17913496
21042959
21699275
19990339
14506401
13298060
17778401
17956999
14545731
10499045
13255546
10756741
15137875
18602490
20445729
15826294
17250108
8927195
17335270
19229227
20016619
13758911
14985703
10660899
13720523
12887582
19931621
22033403
12212747
17591989
20516566
19330829
12094650
19286267
13225255
15874723
15039183
23256915
15515593
17841011
22408300
20045207
11770177
7837300
15216474
20032269
15998836
19800877
7005949
17040817
24096865
15712912
16573343
11694238
18818910
19559973
14594009
13893315
18161415
13442426
17537820
19620285
21153893
10721852
11658692
21135022
16669316
16906221
9387572
14225603
19202005
6657125
22073309
12637644
21734757
12018507
15966234
14568030
17780641
21242181
20448256
24888445
12630148
21623482
6743410
15033821
14374850
16895556
21201778
13597302
22453411
21326865
20673788
20481459
17516790
20374960
16448941
12392450
17979596
20666931
15624917
17039365
13636561
21255645
15498221
19402673
9373751
21123385
16842943
12149794
16693018
17042896
15386227
14552922
22923940
7407364
16738151
22447291
18472465
19135860
19109903
18311787
11522199
20084456
17609059
16180756
17438978
20723708
12130131
20806682
18819867
17900242
23610645
7892865
14377973
11971740
9109644
14479984
20060650
14603760
13326311
13153564
15839805
16034562
17016825
22370627
12000861
14440745
20303632
19541452
20016501
23189197
16899203
15818318
16840120
21619602
15278147
15659293
22803152
16718095
6245281
14583668
16788185
21489793
19900598
23836877
19809221
13452840
16194013
21794706
16184119
9334376
15601434
20621150
6185987
19313300
22009376
18591616
9480448
16590911
20749421
22376208
8372726
18656527
15317457
5579137
22966167
10046567
20548790
14691715
14659825
20587627
16873466
19812320
22559080
21171793
16392531
19322281
20448027
18285121
4352860
21429661
11817324
15742392
19154474
16950658
23790855
14693371
20823731
20248786
20224386
13761265
17124934
14468869
17449276
21332321
21587996
11737884
19204052
16310642
16131541
14395616
21388334
11491077
10721671
18341673
17341903
18216617
12599978
14527850
12449336
17379702
12844938
17746753
9694198
18333124
20805133
16194758
15233234
24593612
20016487
15413504
12652047
21951403
19371775
6175444
12522380
10549002
24080093
15635991
14020573
21027726
20740231
17824003
22924283
20722700
16036442
9080706
13488273
14822474
10828679
24048666
14859624
16172359
10304584
7973463
19951889
12000756
7473866
18593910
18364852
9732555
15042864
18982482
23193568
22390038
14738097
18898744
11788048
17205808
7782845
14775229
21058526
18209579
18105692
21056616
16752892
14070271
19558757
15149335
13141770
18726898
19680704
14925065
13290440
17106793
8650497
14931868
13140503
24220018
10773361
20908974
13026975
23743083
21824247
18998338
21389485
13255895
15182207
16189134
19801065
12604353
14422365
16034266
19653935
15160253
6379039
14165480
14385232
13253114
15235334
6848467
5537914
15702202
17612334
10595670
18912789
10694301
16670690
8466496
22937141
15008907
15319407
20457196
15709322
8667026
12819602
15076926
13886406
15300276
12906253
22849553
12120534
5632799
14124291
16784852
22983084
13301958
19781081
20361513
7639989
19379721
19842390
22917717
11521936
18595006
23165986
16867027
11270141
19568372
19894287
8977620
23702171
21704533
13144029
20868844
18138878
8937280
20129412
18449768
20186387
19262382
24075337
22985011
14726863
15081626
19034441
17395163
14004780
24300624
21903464
14096356
17406430
13445446
15800211
13934148
13218037
11437197
13291886
21833541
13844450
11258380
22001956
18516507
11227324
18622899
15933372
9556304
18348309
18901837
14996947
23638222
22453479
15722249
15062342
10616986
11027143
17417333
19067527
10940409
10141384
16487117
11372728
12386633
21646462
17551349
18530564
20028509
15470318
13846570
16772964
17302070
17324905
18843510
24236508
11140767
11036599
15847394
7070170
20222677
7228118
17064453
17429605
12942157
20787467
15732331
10583085
18451368
18979704
18355051
15304807
15526988
9742697
13297850
19003493
7234994
16106251
8732107
11818313
19120536
24362086
18071077
13910260
15836431
17778457
12555306
21208260
15362042
19508918
14592147
18672905
20834476
13502685
23130948
15124085
23413000
17927609
21677669
22458826
10592576
16740353
8628318
18869685
16007569
16604160
22261088
21832848
23692793
16216499
17219416
13174640
20834236
20485979
17912761
22330803
20282917
15823364
11998422
16613865
21041385
12265333
11756029
21216326
12789981
14414531
21975022
20721962
17123856
8806210
13020759
23367175
24085038
21074746
22781213
11049909
10383630
18090243
13950114
5853069
19917853
13404251
8850885
19921421
16715590
16376080
9532528
15730600
8160807
23955688
21662976
20456014
5146451
23815984
14185052
18636883
17205890
12481060
12255868
22776564
21697699
11274931
21869928
18306001
7719123
16475431
17787148
5648486
20036007
18658025
19091062
15281699
6932780
21560356
18094518
21295494
17018874
21179192
17850193
20773694
7039011
23431620
21072968
18408889
20674104
18668068
21314378
22257278
20299926
10216213
19205671
15863911
15885369
18675013
20199926
18559513
17991912
18552526
22432374
16883071
13798204
14611234
14127512
20713600
16418234
19113736
11040809
21958453
12838048
12765140
18288297
20383364
11160983
21488867
24038682
19588290
18344982
11425567
21223897
23222531
19480307
14327010
15716982
18247539
18926104
16072092
16538619
18789425
19537298
19610123
12428260
14880094
22846499
18195880
15905822
21939421
8346741
19176647
20054912
18613075
19114491
15566410
19463091
16545965
20603099
10705951
8692880
14501861
12161840
21426659
21178648
17385880
15575159
14387831
8919554
9074748
9242824
17733574
22614797
18065950
17243911
19590555
16780201
18923217
19345935
19425643
18908124
15228531
13850122
12315355
18604852
13056373
8375729
21380450
17150505
16253754
12639486
22323706
17667805
9969946
14578454
20077304
18255988
2813129
20769489
9650384
14209003
22539229
17983323
9353718
17239835
17180463
19475301
17967051
23162615
20188613
18136611
17998681
20232554
19708299
18038502
8337541
15221047
14805899
23203339
15301385
15153271
9178465
18741735
21017510
22037434
9838867
19200392
13219500
8260323
21364832
21484948
8061144
15058070
22665174
20162348
17972537
22957224
21735811
20026819
17939476
15052959
10657400
14563590
15839095
20828749
17780604
19903999
10834700
16827381
14795866
20298776
21199491
18334552
8381457
14681425
15252418
11117091
22844377
21282061
16836783
22747163
18562225
9268556
6425762
19119682
21127109
11838143
13076187
14178053
7165992
6172005
14630488
2013315
11301163
21294032
10963999
15855285
18637823
16310813
16235550
11518977
20673776
17800270
18496600
21756789
20483585
14867331
16700496
20394539
13923336
22684378
18292929
12530797
18035147
21413408
15373417
19399093
21255653
14368846
9618439
8568074
14278575
18207591
21424123
22822935
19303858
19427840
9083568
16114741
17832034
18061691
16547295
17257113
13885226
9410049
12181117
19451030
5358911
15214609
12801266
17851146
5914959
7580292
18806064
19189005
11509879
19765511
14944613
21066163
18730565
22311417
20768900
18145336
18314888
22605297
14776377
19001713
13048615
10312962
19406039
18121765
15394561
21164003
18025930
24034326
14971436
19438345
20721196
14548294
22519847
21232845
9115535
8974240
14232467
16270561
16740317
19976284
11148027
15962714
11268041
16003118
18624851
22716105
11149727
20524977
23723587
20031829
19197450
12291663
11354981
13224677
19847981
9585953
17488730
7542698
20008941
21123517
17736324
13327200
19145440
18582163
18519165
20905800
20919974
22212823
16730433
7725750
23970536
14652461
21071498
16140142
17041555
15660482
22144420
13272016
8624875
17173232
17781556
18537309
14037995
16122667
11117024
9845518
12051780
20895028
14016678
21373258
18404593
20333568
17184486
22270307
15529770
19467506
17416929
16351567
11688851
12187975
20080882
21593183
16619052
19395121
18318997
18571299
15900584
11526390
6041882
9449289
14961253
22803743
20391916
17778175
23294255
15803244
13667458
13930855
14228210
12721914
7295830
19285499
12769214
8562066
16657583
15634696
17218520
10147174
21708125
14089083
21587885
21103171
22641926
18648147
22283661
12518353
6559177
22320342
12095695
12071634
19217141
14690291
17278300
13568100
14987483
16823114
14745418
18174607
19063691
20120428
21355111
7085282
20609997
24380619
22671665
23943479
12738603
17875706
6078550
19703688
22732466
22267648
18853863
18152523
19073936
18322126
22681437
7238158
11920117
17475758
17802062
10770700
7037418
21145860
19937380
23247920
16250929
15881522
8255751
20545230
20211533
16236622
12095643
17408435
17222759
18179434
14383921
8955961
15024454
20384334
14393798
17060499
18007673
4880263
23705579
11035132
18994937
21496483
19904953
19080801
9036094
6252827
19029677
11605864
23761544
20554788
17993242
12423889
10332073
20741393
17918007
16956235
15760703
17232743
11770444
10010259
14400832
13501077
16103036
19924830
18738715
21680739
21030958
14636461
18531453
18468879
17533466
19369970
12733665
12704337
23750129
12553732
11204569
11650647
20290787
16634405
14914050
14198338
9460286
15304870
7495861
20489367
15679730
9888079
19918536
11994942
19664648
11465194
9087030
13922139
16376059
21518979
19310528
15739465
16203875
22420283
14882984
20245406
18849994
12484711
13854913
18605816
13692478
14608587
13641197
20867008
12626740
19132466
17850604
12273325
17931215
14028968
13673170
15606123
16354049
11411874
20423683
13100502
15016022
15845295
23641277
14148045
14505129
16078735
14369706
10724054
19730208
21675543
22456588
16842664
17003845
19206671
18803288
14570980
18766348
10429433
13152550
10297104
19562190
18299923
11617292
17156495
12091868
12628794
18602227
10985613
9109200
12429523
22948305
6700100
22893684
11342508
16749058
15364823
21045745
18352161
9460846
17668698
5941063
19157255
10813294
15616789
15849741
13166683
22770548
12395122
14824352
8086957
21144114
23182853
17286291
20748393
14463415
15289424
11288850
13574882
14275275
21055302
15208709
15109410
10937669
18657423
20646147
18816719
7001350
18575917
19592891
18793214
20422383
18419121
3954991
22891039
9515162
19617877
10500161
23109339
12449725
15853416
21388751
17882719
23775335
18649404
16639394
14777056
16924357
17942330
22121873
10458446
16976764
7546880
19857278
22694565
9153884
16056857
22628658
12646497
9480863
15011015
14905650
8458553
11537176
11216668
13303428
23236283
10583743
18291043
7904006
16603893
8457431
11943857
12500525
8344988
12343351
17494289
16972338
11156334
19544119
19453099
16618147
3428746
13012879
22523038
14085919
16411945
18126441
21217901
18567300
17582430
11719691
20865849
9343707
21545326
17668088
9597693
20233099
15221250
8284080
18791701
6440902
14948288
11713755
20072646
14280286
10089117
17647926
6766023
20394346
22743802
20391010
18518685
20402271
7135730
23065385
8586005
16416763
12192579
5705790
18618083
13185579
10800487
15547103
18352304
16946145
14650822
16009929
19277588
8745208
17496992
19238682
16310553
18052462
20486817
18111442
16416355
20873854
19266517
22510970
14275355
16559508
8194839
16873689
14794087
21239551
15480734
15352916
8318224
23004990
15936094
16892053
16870406
10275825
15230406
15901839
17405197
21127258
11783055
19495461
14310922
8060017
17872528
20007176
18488709
17643954
7207150
22955367
22439935
18030866
20490896
20321823
24683405
20574977
18100512
15802816
24372420
21245134
13827242
18295850
15421251
13672784
9408511
19288331
13462151
15317994
23069750
18610579
17566509
14106617
5402413
11095985
10921951
21360964
17076587
13136994
14496713
21577920
21810253
19798553
16308881
17527908
14465851
20173052
9990714
16522434
9795631
23782555
17252513
12175960
22382671
22773301
24065369
16883946
21485020
15794318
20690593
13713476
14108042
12434266
19992561
10574457
11350317
14058621
23170736
17252755
19364211
13510186
19693520
15031459
12645584
12839449
10581442
9970085
11760891
14063507
9644529
14919347
11309560
18842133
19517341
12653345
21227544
19045201
15702846
19224995
12942242
16899360
11622841
14610971
21067909
22856864
21480139
20348815
20923408
16402323
19675670
20697571
21061721
17582274
15275042
21295773
22187025
17027307
14491664
21073647
14159428
17622854
21855911
20978477
17508555
17171356
16613179
15790690
16607243
12723048
17806611
15578430
19460736
22886895
19788873
15475466
4906900
17604649
20217104
17600294
12452264
20838959
18558162
17917896
21036998
17621011
18292258
16876066
16182127
17624118
19458177
22734229
22786137
18407702
12839827
16158113
18595652
13756896
15638347
20098553
12751660
16344275
18401293
11479038
23670217
21581494
18068999
17856146
12080809
20453503
6513286
20355720
9953049
21453863
20850625
15344590
9856462
13767477
21984367
21601154
12174611
13477455
23994169
21086154
18639511
15394620
7894455
16605985
13273033
16484720
21569488
24247133
20561262
18250626
17944974
21937997
10399653
14243667
17078527
16442504
3897748
14294891
10530922
20060941
17263762
15844942
18097366
13484591
20001603
23119563
21970466
7450709
17129653
15500835
23965510
11869945
18165833
18310884
17276551
18625010
14767260
8197617
15655724
17772428
21365536
16109465
21797821
16320342
18091923
13671540
13191471
10874140
14966120
16621566
17093184
16929524
20153050
22027450
12532978
21973165
17171744
15393678
23846842
7354770
10591347
12753294
12973034
15279367
15103732
17264907
8383933
12825907
18716147
10823617
19955458
22273222
16495479
19883517
16843276
16351622
18294342
15949826
12164878
17325859
20818080
12610312
16378633
19692042
23608365
18201791
18304646
18469813
19457628
22976534
20263300
18716529
16673710
20934099
12140293
22463678
24833901
17181946
20504141
23260247
12832388
19326924
21251037
14075979
12089617
18579065
23159774
11746168
23097717
10243962
23844970
7960800
20665562
22371909
17393198
15641094
18718299
13256207
15978644
18892280
14950015
17080527
17208777
8989728
6898952
19394495
15225586
18941370
8922233
16616458
14566860
18770671
18237087
22620354
15772189
18280079
19406717
14366563
13907858
10756325
22423910
20989935
18901641
16162913
8975433
19233866
19757548
16018873
23480169
21338811
12889192
17263825
21188888
8767056
22792050
21027427
13942393
13427159
19369032
20459611
17987753
16144081
18962838
16598153
13626017
12500980
12001259
13210867
11623577
15075916
20611450
24283039
17142921
23374810
16636569
14683164
20406492
24350030
19848956
9858428
11639902
4825352
9030073
19217007
21146748
13325730
24585665
9915118
10604560
8207854
17284376
11860545
15352896
21350633
15018088
11332204
8791989
13177039
16062733
18324982
23754368
21508281
17486552
13144130
23522664
16180704
13496617
21654472
14342924
18903860
17589650
23108546
18769725
13963921
23928222
15368672
20235903
12195253
19988356
14422069
22238765
11950620
11375704
22470561
13088279
10207383
13611729
15691871
11593174
14054973
13969625
19752181
11417189
20139968
19892569
13780026
14644517
20386978
18705335
21645330
12511145
12707711
16237529
18365545
17764964
18075671
20670877
18534138
18016565
6063045
20166780
20820556
20522843
13287355
11439429
16878288
22351702
21298085
14828070
23392452
23768328
17950857
12013424
7606297
21351670
22281529
10013154
12918632
19922966
14584291
12625454
14779737
17491424
10015230
21076552
18482595
21879280
21509091
24720594
17276151
21485052
21999815
13980112
21623930
16714343
17470059
17171812
13274629
20540901
19642701
12344969
18922828
7698145
19947004
7580275
8366831
21992177
11744828
10761870
23592562
10042439
20282749
13764314
18685657
22340916
16456531
15509358
17595253
8905120
12181852
18194566
13761494
16969055
18311902
17184205
11468051
14514177
15284402
19826139
20126780
22274012
22068570
8894706
22661820
14167345
18244546
11318088
15494578
18444203
14610319
9068910
21772151
9360086
16005555
22663022
18093102
13747305
8598661
21566215
18637889
18338338
20351951
9446456
13259908
15399184
18672757
24299368
21427085
10953624
18564809
19849210
10151034
15827025
21403987
20541568
21939817
19107789
8669401
16895076
13246886
22206963
20647356
12320528
7559384
19292507
16851001
4040074
14187347
20564808
23011885
21883160
15948314
17585638
21094540
19439782
13243889
22482810
23656279
19757428
19548988
10648026
21524440
17786333
9586911
17013456
7772985
10515103
14502946
22415190
23382557
21691906
17264325
18232235
22172063
22602147
12585584
12065092
15576365
15668969
5483152
16758058
18577405
9313054
10829383
21515286
21457777
16586123
20151208
12672325
12543658
21763199
16478204
19131100
19522034
17459952
21443246
14501541
15734633
22479202
17194972
22108299
9653830
22883932
21587541
14185491
18400901
18056940
23156897
5108430
15321296
20599565
9424678
13166529
15130902
18410893
16465607
20815922
24216032
8484507
20556330
23536348
22126486
23272133
18411798
10298774
16232946
17275962
23490349
13529785
12114990
9237383
15795120
12021108
16374825
12494465
22934063
24162121
17567361
21320552
18440149
13845097
22088113
17301143
18820349
5679039
22546701
19742223
13258674
22241174
11571364
15114718
13760814
16121948
12164743
20964144
16546484
16279590
12606665
15613599
9591436
13045921
10843115
18514189
8905507
16036296
11834097
20518165
13458232
17760525
19787496
21525651
12824885
14467806
17622469
19839195
14339483
23721647
11240047
21589476
16845816
21575376
16075070
8784432
19717378
16048605
23604585
15591147
11268246
11673069
16502847
16238661
16899385
19268737
19687722
15512451
12760737
16511474
11852298
10123291
13688192
18298635
23971264
17048499
14329239
14618290
19871058
10953889
20074112
19628306
23248515
18367690
18894178
20024014
13712539
21609730
21372734
21259164
13550417
16202080
24277491
18390098
17166909
15137827
20971907
8576605
19003116
9075182
15218922
22344521
22690444
14329807
23067447
12719070
19651594
17766587
7486439
21500745
10081255
19542153
7850074
17652813
18799183
22964541
23112093
24293198
20983648
15179665
22845300
8788307
12170842
22340451
14064665
21295336
14074250
13374787
21135081
21404398
23130052
12282024
10510637
23709136
15752893
12769257
13197344
22756224
22903644
19553783
14504197
15237916
18130632
4095834
20154615
14578563
16946034
22870048
16404704
10968012
22017985
22843640
16597029
19197254
20326169
19900678
19734027
19039803
12922542
20384255
14245373
20889906
19964972
21128598
22761093
24220535
20963221
11922400
14024221
6416051
17234476
17062656
13171699
11798141
16472331
18081688
8670101
18415608
5392791
18113946
16408010
21071775
11183893
17483339
20440792
10992017
24012357
19832888
20594987
12911834
17466490
17175079
16797651
19197923
20588927
17955484
22346618
5183580
20857947
14619920
22278775
10245496
8912031
18594206
7778590
20392717
18332851
20312391
17429603
17167317
16795892
19429301
21669602
13953643
15168819
12638774
18016287
16369873
23455033
19622224
20586851
16031099
16873357
12528477
20833993
20524935
21258021
14454135
14572801
15551231
16745287
19300189
18307886
14135381
21592580
10769545
22181315
15094885
15358671
22409667
14316871
20302080
24109621
18597033
22764961
16311420
14900445
15922644
19859860
20569624
21171014
12326690
22422048
18695055
20393352
14197360
16314330
18298543
9452046
20751087
16238104
23588774
7557120
15875832
22604182
19302394
15095013
3831589
19627827
11498009
22085834
13795021
22636703
7560347
11455793
14640282
12029303
13215752
14510894
10506473
16639486
21226789
23027781
24757680
15653694
15267148
16538254
21088851
11674245
15867485
17741098
23207455
20200336
16320840
17339530
23470654
18795358
22449725
17601957
17725254
21328036
23847985
10490494
15327387
21423971
19683841
14109552
11501546
12537711
18941631
23490870
18136887
17542609
17039587
18194766
16822038
18726914
17397203
10345191
18047934
19603589
16964622
16691855
14140069
21865467
20017586
22258265
21260431
16424601
13725395
7322701
16917274
19547052
16946301
22287383
17906324
17447431
15469391
23381085
16563430
18180751
18414898
20410075
7578809
12702362
13474248
21098350
13809508
22544406
17756289
15983311
17201899
17061092
19010355
21775829
16025445
20816077
17944127
20562386
15473109
22990510
18389480
16940560
15697331
19416421
11889907
19034875
20320082
11474810
23098497
8471007
18561635
20542217
22524296
20037552
14108142
16677958
17480357
13738728
6973641
19751026
12119102
12095794
16223799
12757416
21964404
24487006
20332359
20092370
14448063
19410894
22826050
13559107
18144096
19162415
22222927
16367030
11265912
12935365
18189959
22090285
23566187
15298752
15829576
14657828
17334554
14629806
15643571
19776687
17995749
13879673
14187261
12307732
11048583
9642640
20858555
18696525
15544989
14469291
22751989
15445510
18984588
18933244
20836472
20204777
22758515
15063786
19385137
23594686
5380081
20968457
16593674
18857833
15337732
13713680
21769171
14297982
23250600
17920801
22837139
19451788
14699709
12619289
20938717
9637783
11000231
10432004
19463081
21614670
23088738
11755122
9491759
9662993
20726552
18415742
22070655
10662901
12542506
21979052
12661017
15916559
20900209
21080297
6323539
19490413
15117265
19089913
13169478
22977741
17740059
10244890
9347678
20487636
24130727
16273143
9256963
20042195
13649676
17086933
21810465
9389162
13366350
19616493
19429294
20239859
15841442
12002400
12400588
20249664
22239455
9081691
18919142
17711293
23854557
12754231
19047799
10724569
19162613
16431315
19289293
23986636
21646561
23484457
10161264
20916552
20605889
16183453
14957251
13212713
21605278
21919077
19185828
23951726
16649506
16014146
20335618
11138561
22743883
18850810
15358615
12733260
10948590
20411706
18603865
11419618
17464646
23373939
17676550
6270954
20646095
15092164
13752499
17156840
17674644
9406346
15598583
16231987
13339727
11853169
19665186
22409312
16279328
19067401
18210893
12919146
14652165
24173068
16490282
7835545
19037738
19334386
12254793
17314102
19967215
12735492
18689649
21425443
16320299
15181475
16730128
23545203
17284755
12251971
23186802
20856312
15492249
21484747
21071421
13715218
18634535
11579946
21811644
20042827
16677566
16508906
24211506
17332416
13874286
20049518
9132670
14158064
18876327
20791197
16100044
19597551
16173645
5184558
13735885
16458291
17665811
21224751
18539193
18062093
17712601
16618769
12092121
20329603
21503173
11220515
10428186
14668331
13007041
20191790
15657505
14176853
22932638
20434081
19776384
21747881
10695469
14042265
20466578
21607471
15881752
18502491
15843080
18981690
21905086
17368182
20595218
7842747
18040424
17711641
7592249
18055342
23681936
14120457
8765710
18003039
18231283
20074071
17676129
16235620
11322279
23557728
21790971
21199518
12005080
15013505
14729520
16394623
6713311
21484495
16030261
23208000
18501933
21375061
18531357
19167523
11346475
17359543
11208416
17567902
15097442
19436299
19649649
22357132
15250505
19363028
21756060
18546577
10958829
15445208
10632747
15077889
12093461
17467800
13142991
15660630
13997584
16410923
18341202
17607651
17719483
16183799
15783359
18259267
18165423
16244009
17816804
18644776
16352577
18393632
12451786
7915987
17337420
12049041
13568806
12340402
14587828
16494158
18110561
20940850
20521742
14267657
9405206
14574330
9479158
18337571
19296189
20091673
21018566
19456455
20477313
13491537
23378492
23661438
16351764
17916346
10899105
14423551
14972848
6857000
23453667
19734235
20764436
17812726
14208910
19569876
12374028
8223243
14610776
19114574
14845653
16736220
18650088
14234765
16444809
14143974
18697632
6279912
20003425
20392970
21576758
8648660
13762054
18156735
12150696
12715055
22825779
19346482
18869596
10700293
18999948
18096325
17917827
14291427
18523809
16983579
6189183
16946531
21048397
11626075
9929246
17946900
24040949
21542266
9931871
7868128
14369193
8031153
14165712
23055475
21480173
15369098
17754497
22958895
23532484
18013207
18169288
12918193
18742312
10920412
18620600
17977475
17109435
19927613
12322929
16999165
7584465
21952422
17088576
14275307
22087096
11447923
13907627
20077846
15595366
14587932
19830274
19620117
14893602
15315660
12322983
17257463
6988729
22511331
22491438
18634344
12553015
19197750
11164660
19122959
23986949
7051824
20173081
19871751
16456874
19212415
8702542
20525615
19608010
22940746
17870942
19413230
20777483
12254967
23450404
12948955
14829772
23574194
19268740
18819809
15546817
11019251
22116040
12628834
12510987
21452325
16528147
18206980
19824049
22000197
11729190
22256183
21867863
11707017
10093982
10643225
16197333
21418463
20592791
21805499
17344857
21062208
16961030
20186760
10417766
16000325
21447108
14311929
15539885
17763139
10697929
22090956
10414004
24266793
20616183
15672935
12886713
18725624
22527997
18986825
15750116
15378073
21039668
22205054
20750847
12832500
21373973
16502353
20374852
20918640
9971247
14930353
18571439
12532241
14810475
6550375
15981470
13546810
22207364
16587061
9084850
17803840
17815348
15684458
20842159
23500890
18799195
3956040
22136716
12004118
10475495
19598377
17610012
10924245
13982897
8712653
19620519
21700046
17897331
11608204
15368594
6369955
20560254
22278805
17172806
17520367
18076450
15312456
23329602
5640122
11242655
20924748
20654334
23926960
16718400
15124485
6226245
18165980
17530780
13858892
17605708
12149185
13467556
10821919
14262061
20247951
20239417
23081852
24400567
23162514
18893468
12678950
22546414
24303884
11660100
18426806
13962869
23730598
17844315
17198260
17772544
13522234
14869185
15156618
9048773
18052342
21884172
15010131
8308046
9245974
18976440
18507492
21000533
23175542
9431360
23150387
11740818
21462750
13110287
20081650
13458570
24127206
22162960
17354992
18055102
21662255
15584969
13028528
9906808
18832746
22117414
12632846
19839088
17232175
17178850
19184326
12782795
15488342
6239987
17118713
15652828
21339947
23039988
9084933
16448859
17444049
21681407
8684185
20985580
6086172
18678597
20410819
11585764
16365288
16783592
22325851
15999278
14793677
21002012
20850510
16280566
11834712
15005432
19608875
10133051
23658526
18237400
19264524
23792655
14025623
10693397
10434487
11358914
21961343
18628510
18299475
18875010
18707279
18552421
11035184
20195260
17674489
21192097
21772330
12680121
22859074
20275158
21440242
21623267
23257776
21258730
21876074
10740034
17469654
15033502
5065095
18403323
19521969
18238597
15436995
20015990
15072290
13917109
15099022
15918339
16476908
11744478
21513115
21526450
10984620
23561384
23554114
5444327
11148626
11641150
14017465
21778517
18737780
11741958
17018052
22472597
21336196
18925297
22429907
20227165
14213457
21175076
24581454
21416962
16899745
15850301
15020408
15046584
15690069
19367507
21886180
6545650
19696650
13422593
10965834
12986924
23619652
12196147
19389002
11145795
18338204
18719033
19714030
14381282
18719538
19219651
22225808
10094316
15067284
14555019
15699423
17712022
13079596
11215796
21692805
19643721
21731194
21930886
17824174
21586989
21960696
22254857
15343543
20747285
18618390
19600030
17718586
9576436
21970807
22997371
13927855
13826547
21095496
19318625
11942651
19984377
19315566
13431039
4595635
13168919
19845818
16016726
7488363
14618764
19917526
10709988
8990643
23313208
21062401
17937872
12499336
15262404
18624552
20253202
12956968
18974263
14315647
20457457
14308647
23711353
23015000
18965559
20815278
22862201
16563365
21748385
11512512
16135228
19175504
10947263
13441451
13922884
10725003
18273552
20943379
14989790
6924042
18594529
23811897
14101712
21830239
21206827
11003597
15421352
13977357
15648305
22891174
11985993
7500808
16668106
5913584
17247905
13864474
9773649
7226048
17040282
16766317
18582217
16418026
20020972
18592725
22137769
7936534
17846137
8841486
17993237
16796903
13356390
16007427
10040001
9691689
18096027
17783282
14276408
20581356
16609267
22456344
21842001
16936907
22275338
18168400
14155707
15051948
16050807
6992532
22064960
8540189
9738655
18846340
21757603
17693053
20275537
14729790
23315254
16965992
19941548
20444839
12977188
20804212
17030921
18032448
20466465
5151903
13313882
17707605
19451474
23892057
13913113
23103406
11305911
21042453
14802221
11586085
20180848
20697000
23777778
12156314
19948860
20120126
11640271
9072903
9826043
7755302
4804526
7824918
21272739
24407981
16128413
13265012
17727106
18160630
13944992
21801896
22718795
21581653
21163290
23996051
13187086
16936531
13257918
20524056
20779199
13547639
9310864
19608667
14301024
18146150
20943522
13135942
15020516
18465147
9046933
17380885
24193060
18839758
14193022
14957844
15151688
22997099
20928399
9726689
10087283
10264389
17015739
10953928
20228226
15717061
12203119
11441807
15144512
12681388
14639207
17632895
20061139
14632474
22052923
23133320
11282330
17163261
8293485
20904455
13571531
21353907
20331313
17230833
19959982
13285834
5775615
13815094
14966842
8270734
7871216
19587970
17499020
23233193
22716952
15709956
22915125
9238980
16834572
6576235
15003157
21685022
12480091
20023823
15510443
18062925
20824225
11219866
9225060
23214455
16475130
11199819
17847102
13566549
11600592
13518313
9484491
17911028
15603351
14356639
16887341
15596137
16981853
21923681
18712768
16653269
22157909
19644091
9367510
16976215
12596223
21403510
20448424
12815572
16883505
22400165
21556973
16196146
10840227
17438686
21746732
17318865
14852943
14461155
6157447
9766534
19049018
13408828
24256426
8770404
8344565
19251626
19989079
22448135
11594020
20307317
16893563
18775450
9443964
23272203
20652522
16562341
14427605
10704908
10707478
17419507
23466869
21035829
12779032
21765381
18880205
9624158
23003939
15452490
14301490
21370686
19283865
18330955
15010165
24052122
12932145
4180278
15002268
5776150
16558968
18115340
17508693
19590704
14008312
11164489
19380469
19898963
17553471
23091466
16630226
14946073
12523277
17707362
16554689
15890605
9778109
18041039
8684692
12446314
18747404
23775385
15090145
14943984
16912965
21093260
19346849
12391370
17939199
20477959
15502027
14192920
17610345
17817062
20686392
21954766
17472743
24419163
21519790
23412094
17240678
24458319
22183858
17690498
23412063
14513744
4478580
22814618
15138523
10584019
14499889
13620478
21530660
18125692
18680332
18773830
21433668
14277965
23137252
17388294
20382159
19557662
11692370
21155064
20796645
17842037
20627699
7400905
12519695
12932633
12877519
19934033
23944911
21997905
19997173
20140451
16252527
7479617
17078546
13668564
14562844
21392627
13935555
17635595
10539318
11512079
22821610
11341432
12351207
20417534
19976737
16807051
17870207
18770167
18211350
19386913
11041435
22133483
17816032
13617389
13924492
16988372
19423161
19911590
11556842
23307570
20182819
11609400
14910897
20407608
19663641
14969876
14565058
15489900
20118276
17436474
13499300
12051780
23589597
20963839
16239751
14989253
9098121
3153276
17624461
19826181
10021265
23925796
23014186
14457997
18416119
15561445
24171805
15729245
24786036
16334144
14444417
8822795
21531414
14468326
17717316
17094816
21255233
18383192
15102676
15564561
13696058
18174717
23234361
23824985
9427632
10677762
10626965
22953451
14478671
22262614
13198179
17431028
9743825
5989079
16210206
23328399
16420967
11852312
20441648
21336328
16656968
16893634
10280976
19555273
23534467
18199498
17604617
22553333
17114390
17810944
19522589
14525203
11158701
18999178
15586704
19641648
8403409
18886145
21743818
19698281
14926465
9365766
18342694
16785961
14267929
22180151
17464483
15663882
9816622
16232157
19218559
11763664
19231879
15770865
11468935
12357233
19577108
19686181
20113546
22848821
22850708
10808102
23059751
22103135
23748924
9713897
23107427
15536980
19179770
16769046
18424586
13925335
15107565
15271568
11564812
21258945
23665902
20146543
15043106
12543664
16006931
20864073
9095530
16552825
23873399
8739217
18560760
18013914
15265879
16930948
21731475
18780351
13730545
15646993
17310582
18171948
8154251
11010929
19525946
15335857
15722089
20720489
17968963
19135429
18314175
16977384
9564997
20362973
20772223
19578693
17679593
9523648
18648427
13742515
22457213
14486307
20117841
8185193
17969524
16300118
18423805
10535213
10844183
16543464
17291589
15658822
19071918
18768998
18742521
19285590
22990066
19288796
12795489
5356084
15941903
16756670
14896828
23667370
11819199
8218647
20563773
20918119
11774264
22363918
17058014
22035523
18340653
13967185
17471068
10481121
12961724
16101788
20369689
20737726
20504537
11595605
17399199
6463715
13980028
20929293
14076777
12524646
17877539
13907251
10155857
17473685
18021896
18730923
6940349
17701102
13907928
18365344
11890758
18916994
14577103
22906456
20460692
16273202
10304657
11878373
18979301
16923299
12892864
20549010
15526812
22239049
18349676
19603261
22710757
12576905
21145081
22284726
21133056
17236318
21472103
19297562
7333924
18456540
21661187
19952202
19784827
6708260
20587831
18002675
20591899
21231730
14615549
8822142
16540176
16302439
11957891
21686718
19710230
8263135
17711716
21718382
11692151
11365025
19566616
16581157
22390047
24692720
21469090
7596180
18373421
14585251
12772263
14530880
19588816
16795277
18109716
14144444
19413284
10428525
17659056
11944283
18394107
17797537
22480167
9024130
20339274
16756469
18025867
11060020
19466021
21086188
18788801
21846966
19101747
11452517
19039902
16130293
10927705
12693105
12617864
13140081
22091437
18010387
14019609
20363860
5070108
20657577
8229467
22261750
15015134
22303832
12184240
22968986
8049666
23477060
18246831
19246728
15198029
13477760
14508824
23779001
14522970
10337613
18384840
18794428
21118866
17812794
9051170
12887078
19870540
6834044
18787563
18159858
17408576
17171346
14155311
6970866
16846999
23130728
9678879
13808698
9180525
18836197
20317510
20080601
20913462
13989306
23363474
23621219
20000801
20722447
19109988
17823675
21986086
11886483
18217816
19510701
12184016
16587826
18507650
18504190
15254462
20044725
17816189
12489125
17794162
8769147
17957093
23084601
5732488
19131817
14536437
16698147
23548490
11655612
15792391
18588878
15234461
7665474
22952723
16142215
18524880
21177419
10242201
20751788
23768977
19161347
18354094
17709838
18884270
19655366
20308786
14204648
19182234
18902551
20186102
19348342
10655634
22114875
18948727
22773083
20241958
21384935
6336293
24210101
15461832
12207665
15354878
17685786
17489545
17960266
21946476
14700249
8461350
14957401
18403942
18992456
13090749
18802151
17405707
17871458
18066954
18739187
15425658
13653014
17060694
6823540
21704782
9487795
17666356
9016759
18152566
23415255
19989031
16387308
16993409
10884173
20820879
11162571
13005460
15197904
16873158
14545681
10648430
9413375
12553952
11238990
10275055
16019691
14564026
7366290
6330820
19536018
20467451
13733096
17340433
11404235
20466054
13424334
24794287
18219515
7720914
13324966
5076495
16713529
13447736
12617064
23537179
19082623
20983185
19427666
7828771
17706287
21683627
17920664
18582569
19304241
24811618
20842343
20530915
19599146
20114095
21657320
19111676
14095685
19175380
21315362
12107589
12076090
10578538
14391258
11993888
11357449
14994434
12034749
14313173
20229802
23122450
22051161
19515953
18697686
22594659
23332537
15075324
20196795
15135306
16822187
12951368
11031519
18616264
13437488
12666288
16218110
21972945
14338509
12828149
21319155
21364351
21663750
20845429
12965284
16245066
7111895
13938567
19598685
6599003
5304266
22939106
20534567
22851093
18118856
5179878
19879618
16013997
10763939
20519857
10128535
23767835
22449297
13811428
10943350
6675263
13406348
20314106
22710477
14080651
19622573
23091450
21892447
17704972
11811526
8894933
10622819
22011313
13523531
17457652
18219556
8737533
14100409
15876748
19509305
16753990
3453274
23258060
19754359
17996245
17980676
20202592
21238950
12662867
24759646
13620469
19546645
15345626
17693864
20455802
23274243
18561082
10827744
18304070
17309763
6995829
13339114
20746194
20140539
21869242
19045016
16880914
19547150
10342301
20815453
20825481
19833558
24147080
15214860
16096871
12579703
17712218
19779608
19777867
23291950
9753150
11681465
21504443
18606342
16755677
15236164
22745072
15131872
9843228
22028204
13559323
19073671
23261058
5776671
9919390
8533481
15728207
19395447
20887736
13385734
13025442
17713212
13001365
9763457
20267377
14365006
15928594
6828596
9538066
11286280
22648046
16349770
13662155
15430874
22080972
13016750
15029155
14777859
16817742
12993221
12273752
22953200
19685397
13466681
16235370
13422657
21497615
20430607
23718870
14848745
22895023
22639056
5095732
16698621
15043176
18703534
17466584
20145589
15888325
16399321
15629372
10911069
23342113
17861304
16495793
18741989
8932774
20480683
15937955
14641018
20727467
19782901
18419847
10223937
10052586
13452569
21081372
18162419
21883554
12683032
11557345
18450056
17437678
21228732
15936487
19313314
24142476
22151654
20666134
21686372
21281031
14147731
16256308
19435609
20860249
17099548
16680272
21830542
16262042
12670730
14857711
13596291
22596238
18111974
17560555
15643208
6940341
17082301
9797287
16655366
11802089
17117785
21582554
19477102
15901632
17470966
17595642
13255200
12738051
17918086
8914105
7135949
20590068
12502700
19549566
9416467
14380044
16808445
15015068
15196979
16242360
11757799
13708553
14146134
23817078
21760382
17775033
18552424
17565079
21590650
15825324
15406537
11348508
18747896
20527621
16005198
16168122
21711774
14223846
11488044
21880638
13580713
21837414
13662527
5822107
15337548
14112953
19480016
22056749
22705369
14947238
16130348
13685918
4753119
13491762
18431138
12759132
17557795
18452804
13875324
19384935
19915531
16654295
17101052
12581923
5763432
16596473
23346403
17183021
18838132
19408285
15611414
22259860
21695682
10784665
12367694
22958872
19416478
18772276
11165176
21558611
21858176
8847621
14266622
24166118
20565330
5452530
20666310
11811073
22632514
22776190
15019641
18713452
15816064
22713669
21684349
16832654
19162897
16484288
18217270
20062233
22395840
17109149
12024544
5860919
20625787
17206846
16445448
13783069
14239070
17828989
7557231
15878185
9889360
21114474
13087503
11140766
16319457
15720323
24419327
21684696
9710574
9976253
21237681
11388132
21118671
16015272
18859248
22257814
15395300
15415065
14349901
13203511
20904729
19715286
20801914
21660651
12828624
4865810
21563341
22579017
20403859
22478764
16018181
14872769
20023340
13474283
18321177
15513536
15775467
21770828
18032440
19446147
19860428
8011655
15209525
12017094
12986816
21952196
16662712
17629844
7076074
18603927
18181485
14462054
18743212
19975956
20786762
23374177
11415821
14682910
15439472
23174914
16969674
14704955
13953724
17413701
17165486
16572237
22579748
14543792
21034340
16513621
21582946
13150804
23936298
19985503
15954883
19413688
7287315
23955228
14778968
17174805
14982918
9196544
21967372
15433489
10623032
20812797
19376077
16096613
19872731
19238875
18422953
18545078
19717421
15192002
16064212
6100469
21543711
24225062
19026379
21622834
24626162
19960357
14267040
17373717
16642104
15523846
12635931
12260242
18558390
19989369
14503618
21067454
18271063
17156241
17451461
19094115
20130566
22066728
19394418
17425393
14277904
12517488
20722739
21753667
20970853
13217468
16758850
10716591
11209322
22457193
10393879
7560699
18354421
18960011
10408205
15703365
11183074
11623100
13251224
20234458
17039417
17589373
19535127
7168039
9705764
17455059
17314872
14861720
10453461
16096775
12466050
21586239
19094759
15001789
16917589
15745466
15725754
23205950
13902701
16682540
15380917
10217355
10934756
12512607
10267317
18438009
17275711
21341607
20347333
18817755
7680502
15535835
10881288
23295684
17967274
7631814
18904378
12900756
19180205
21393453
15712429
19334762
7748038
19535274
20579318
13982091
20401269
16588491
9365639
17962165
15906944
10058933
17549706
20870914
17282988
21657363
19596487
19584402
14443715
19201580
22629146
24054374
9678312
18634471
20008527
14729613
7953570
15998029
18415457
16754582
16310798
21990146
7303821
14705306
17888671
15232520
23862660
19725173
6099994
13011837
8548369
14596581
17285124
15542819
13091332
12379279
7135422
17607544
20633886
16742578
12551346
17005896
12467648
16893315
13312815
14300191
23140499
15301609
21116496
21018341
20196276
12852417
23188102
16490329
5049340
15716543
9098499
14369398
22425231
15262619
20787486
20954024
21547128
23204972
8900636
20393769
17477279
20285040
19369693
17798967
21236277
18323603
20820901
17695476
14505194
15586404
13280481
15034634
12660529
19203703
19316257
19093961
18855800
23005550
23608233
21014560
18415253
11387201
20082158
16749941
21332397
20789548
19503466
15433692
17161436
16114924
16202717
22721448
14861138
23151858
20925191
17291622
23682183
15335648
17105113
20977927
22783401
14750367
17252011
16850065
16913361
22851040
17513841
15263759
11732187
13892327
14863303
14391870
18882238
11594412
16521736
12393876
14491987
18814114
10922917
17302846
16258884
16591723
22499121
13030965
20603132
11986233
15214308
19904609
15605232
9861606
8327515
19844142
21526764
13352710
20065893
14219844
21436768
14583836
19090579
15674823
16031459
19861536
19695169
21168315
15719877
17996462
13286385
19808944
14810350
11200780
24325692
18685895
11171529
20396772
16756705
19538710
21498528
18053783
8395118
20518755
16557340
7950063
11311885
11572310
18244865
15307414
17664699
14246205
10843007
20995272
19052426
12067284
21189346
16219323
21126343
5866205
18555041
17751192
15211251
9503505
19076596
15304294
19079792
16892221
12155068
11724645
13748017
24212323
17730350
12316759
17828440
14456894
22643023
18674211
16904644
20225988
19653933
16444882
21961360
11827226
14932053
18652319
23196603
12676386
10453213
19353264
23693823
13998566
17404417
18388066
15766091
11563120
12004573
19703670
21319404
21027133
24089781
16434563
12245152
20560286
19198852
22310746
17534778
21584644
23391985
17896462
19372427
15859922
23877633
14246399
4203322
8756878
10642250
15536368
7034952
14824442
18496224
13255847
24200895
14142743
17673473
15045300
13224312
18658045
10373057
23975061
16304994
24620679
18053040
21271330
15315615
21898139
15701960
19467242
16210788
15836183
22155370
9490693
14186005
17721364
20461272
10560990
12898828
12833407
8995425
16550689
12450383
18732524
11643660
11120921
14777995
24347403
23965827
21539041
15079389
14066867
16080304
7502610
17009029
23514471
19588288
18833675
7280728
8480285
7046127
9940641
16645959
20717120
19685465
21798093
18242376
14940780
13779918
8792986
21849184
14945260
11803778
19802114
14260372
18306077
13324931
13002977
13666359
18945940
21692759
14397628
16576899
14192038
17246285
11547644
8557356
12237979
17444512
21460920
20539059
8445545
12318715
15885193
23264724
21695187
14304444
24607296
24304663
19804521
21900876
22708162
22173512
13008729
19406126
21824644
12410868
19555679
11182083
23585206
21359792
24127667
18695950
16257855
16031398
11740030
23048589
19776650
22729052
15554536
10704612
13354086
11942454
24687988
12056823
19069572
19377073
17733291
7338263
8011754
19054234
8544162
13000499
14682011
21443922
20752198
17881052
14276771
19911560
12576621
20391567
18654518
18479156
19696483
16791755
16553074
16483929
17626749
23717481
13511553
11243093
19065349
16608308
17884542
21684534
18527221
14852946
16304603
22525969
8420088
16432255
21878015
24278736
18872859
18642741
23150552
16434089
14160889
18935617
15359595
17654626
19908076
13477849
6244796
22901974
11912531
16661495
15322478
20734903
15103643
19303126
12057089
11892307
19597638
17772371
15214416
6307740
21155302
15133407
16286904
18707500
21000608
18055320
23415412
21078172
21117222
14481071
20838972
18740750
19570513
20882690
12366973
20319658
21718590
16655394
10940721
18156303
12667635
21176184
8757894
16682837
4908273
23333150
16094326
13495731
14282635
22025758
10191354
8731191
16957286
19545884
11912480
17955806
19551776
14692387
20984706
19980635
20437866
19720316
14535183
14911371
16777236
14664573
15007584
19228865
12010853
16389937
15797640
21742264
18669207
16664054
21269128
21871321
14521584
20654166
21861250
16347531
20176300
16134414
21737991
24868197
18520984
21936169
21873864
24449367
14974286
9602939
18623760
22398915
13338304
16963762
8656838
13514750
16266079
22219682
13355597
21622212
14399376
17189163
5418941
16668523
13737722
18334560
17011083
13365420
18374174
21159103
17860533
16363336
23972623
14715462
22308595
11377727
13120609
10762275
24656952
12667126
20475969
21508909
23641494
22062644
22334542
11864101
10071240
15577781
21247998
13252647
10797145
18531303
15625087
22754022
20403117
23106683
12772027
24314827
23635812
14863676
13116865
13944368
17148544
13712430
22312076
24101206
15845872
20486880
14073671
18249427
12154669
18128511
17026269
19489640
21781715
20740038
21105758
12961722
14532294
20729184
16642269
11452882
15889451
22352702
23824174
11016962
12746143
12663507
21805664
11596385
22285079
11903680
21827480
13192016
16524867
16822252
6330353
11660974
20287551
19269760
10068496
22221502
19452018
23335192
15872040
11267933
22350311
21140729
19400875
19209273
19251605
22704284
22576418
15456687
10980039
15309647
20307605
21640299
13352923
11394724
9929257
15963090
19420061
15827119
19325145
7642602
16053563
15667759
18535360
13971870
19582754
18080921
20705177
22683338
20349749
17913170
15240464
15163095
23141200
21948257
22185254
17750694
14475243
19526892
21605125
14152685
22594187
19005291
20866241
18219814
15037049
24336939
19210957
12244789
23441927
22537802
23172020
7602767
14226226
22211319
18829276
23499660
10829802
20198559
22675528
18499662
20479401
15409355
18658093
15748024
12443203
17091991
12916342
13325981
21313573
22008177
13772866
20522016
17682591
12222286
13540383
14454925
20994892
13439768
19475047
19420441
13851299
17153499
18788726
20368597
20696591
17499809
18677110
20275042
12155985
11524483
20185962
11622888
18331263
18491881
9567009
16386858
16569710
23804901
18126779
23600761
22844372
10327772
16068603
21350207
18346262
20979384
8630285
15389774
18546189
5986651
17487380
9501600
20586464
13395094
19859460
16124338
24081488
20207176
20698932
18322609
23111731
21103382
15423563
19142496
20000768
12031711
13844025
21844200
9532413
9219427
14439810
18143705
10916321
24375200
19142361
23375434
19028938
17487845
6359186
18439569
16694252
7498000
7162275
23495117
15061325
17402845
18318201
16639604
20984105
14552637
23270096
18663750
14668386
18405469
22711323
20276559
21760412
8318146
13146489
12915136
8031801
16462833
17300165
20766651
20235525
20641052
24003334
13210037
16456477
15096479
21290529
19928005
19129336
14799155
23621913
17502748
9976020
19173856
14091332
17478770
18454007
20542492
20402637
20674765
18950092
17303131
20319200
12750834
19571767
15771149
9076743
13852839
12728197
16763623
23887198
21552939
16251451
19826214
22573276
14890388
22617250
21345715
19530926
7848992
18788737
18036296
15404154
14970627
15314465
22245072
18586653
16797610
13750494
17039490
18133039
13352940
8813318
16543295
14907138
9448740
9065990
17333646
12689479
23091632
15481327
14443589
13655923
16072088
16979684
22975333
11331126
15915182
22193735
17901287
11367922
24610524
23074511
6807657
16363122
8735679
19141235
19324161
13147445
19009695
14576919
19899749
11684400
15543525
16802392
15919154
9594085
14658838
24140778
19071383
14847524
16764752
6984913
18783889
23442223
19688042
18318470
14447235
21161816
14795668
18759660
20414111
16012282
8557143
17452860
12106268
11124615
14622482
19776996
15101957
20673678
17793929
22862918
21216586
17282686
14192035
18235053
20674742
8223817
12434353
17346995
15261224
15694180
6116515
22362056
17357835
9905973
22511616
16543836
16174366
19242044
10140928
17211185
15288675
11975208
23443555
15886077
13604525
10169512
20783107
22930153
19300494
15282806
13439203
22619724
21369989
10898664
22447863
13914584
14830774
15383566
19395387
8296683
13155385
19388982
18192704
14980109
10541363
18228405
13919963
15547462
19964548
17819641
21007346
19502045
13029132
16952378
17460561
18069967
14626015
9963825
17598763
13593213
14883875
17823429
10210465
9166344
10966171
14691014
17519326
22073412
17359121
21411024
10504990
17233817
18078603
18132396
12396304
20253180
14709283
12642147
11671347
9802339
24100837
19596946
20713795
18560812
21533496
14254703
17887635
19413864
17619699
19048048
17821991
18648815
7379232
17975332
13696578
20404693
14335982
13515304
15135882
15445080
20458662
12078397
20434319
12417144
19437627
19178238
15866022
12976872
10689466
18638543
11304256
20400971
23655627
17391845
19783608
14399164
21571253
20255251
20374792
14048491
19364783
12356699
16358278
14357884
11490098
13779018
21079719
6869747
18856586
14203421
18587051
14318342
19441989
20961943
9198178
10545920
11729024
15322292
17208993
15882051
11375438
14311206
16179569
1271761
8460366
12020237
20168967
20138123
17809500
14416905
12410323
15113430
11918682
23153520
21620170
11807064
9695454
15977833
8879897
16722978
18137876
17003060
12159681
18141111
14646086
14901970
20638048
21168023
9216445
21906582
14745897
15375590
15890633
15344164
16234117
18314876
10801242
12908782
22124979
10216747
17455125
9308768
10406390
14511183
8288893
12019146
17403901
13595317
17378835
20966669
19157028
19319657
3754833
7178137
18297517
17849531
22294442
11557946
13138084
11618740
20083911
20629089
16087877
16365737
21848140
13847366
17997830
15517941
11406070
13840888
22006537
17062357
12112192
17446853
17448990
19072367
15823278
17444658
15035172
8948824
17306030
18166378
22237446
23276105
9347401
22202813
11979035
10336725
9736428
17029476
13721066
13843807
18712830
22377666
19753284
22341650
12828837
8868436
13317042
7737184
12197855
15434546
10169877
23027729
20422990
10044080
10668726
19636990
4987829
18678216
15722742
22301932
17097955
15513348
20103357
17824901
19002414
9638698
23919913
18945102
24404214
24353489
24181856
15037918
10403478
12123999
20769468
17244815
20776859
17636281
20516641
18271963
9291479
14467164
17691068
19796559
20426701
14133870
19636940
21463059
14383528
8636839
24115175
12629019
18835965
19032656
21662127
11792952
17876210
15978474
22493440
21317502
23340152
16883058
11235516
17483267
8322866
20423359
18368821
16574954
13989458
15869612
22108315
13386056
19989234
11788116
13438566
20479503
18948165
16389931
16299269
8128671
11371708
21585480
17629572
18868079
22009127
12647020
18633297
17062073
22881566
16613674
17253173
21122724
9360565
22761554
18998940
23928621
14943646
15109321
11888088
8398228
12808378
17221444
17202979
21237608
18005895
12344951
16037127
14209026
16161498
22656246
16965064
17314167
19299650
23190206
19095802
21202607
19881318
9737209
20172758
13693966
8300885
20265803
6274996
16477881
11048468
13226873
22160927
13560370
20810736
15743888
19190566
19374376
7296096
22252691
12155239
11811639
19488122
13697779
10728002
18178276
13965333
15833129
22933543
13987585
19296857
20667656
15909471
22200454
21608288
17784077
15460429
12307102
13464135
16570966
18929499
12048675
14321151
11769263
19252256
22006951
23296280
23979138
16948426
5770318
18170064
16389920
23652286
7608784
17954972
21184799
8104689
16703903
20626882
20379770
20174411
14689010
19593622
6542954
24797565
12840914
18181054
20787979
16079540
20417863
17363157
23091142
16703383
15192544
19221526
18580948
15062100
6079962
21063687
22728750
16455680
14482965
12322416
17864715
20941877
13828879
18619746
19479068
19639293
19161346
14695168
8503680
15403632
16571542
14718248
21099360
15671231
20001374
15186446
17661809
17954575
14348800
16923691
14273960
14391530
19746852
19710372
13177773
9346977
17640750
17372645
18577383
24722298
10977101
10496299
19812805
11141642
13490376
16361725
15841649
12410697
17320186
23148746
15599722
21546980
18353300
14945452
11176244
17604938
20378574
21021371
14335000
21440598
21836192
18070831
13974353
11883446
14986065
17903158
17059508
20640048
19412654
18873277
15980782
22996722
22069172
19368462
17799686
13089167
16950228
17539978
13308463
13448806
21702825
16847500
14058499
18248632
20287229
12663813
22015822
9727734
17386183
16072685
21824881
16457839
15052172
11587043
9650941
14252023
19683234
15618762
16759859
18320075
14596766
11728656
20008894
20618879
17015553
18849199
10292338
18886195
14678688
13168836
10589920
16013064
21953178
12260800
15716984
15116629
16288109
14240480
9703929
11943534
6538843
12382565
16109144
6169054
17723255
18208290
14963753
11751221
13791537
22796623
21033727
16774376
16794507
16966214
13422812
13782334
14446773
22062276
21660178
12711969
14145158
18967237
17540719
18839865
8455077
15129138
16793606
20397210
9810859
14392907
20709475
13912894
19327522
20754266
14171683
19481185
16009258
12478437
14880831
21720412
14517021
20773216
22612195
17325588
14716990
21731195
16445139
14320857
21667039
19280279
18899490
17574235
21237570
23849568
16462906
13142620
16435958
19715660
20477746
15261482
12490339
21484197
20406406
21681400
13981231
22262088
8975859
19928290
20297915
22085095
8660480
11529863
11151253
16236745
19645932
20369910
13425172
22917944
13794367
8346481
13894353
9233125
21915023
13012325
16302435
10900930
23331822
10470251
17696173
14457657
22392751
23889472
17606255
19522854
8249675
7107170
16496927
18413408
17720594
15135491
20895911
23854895
22394581
23070964
19000804
15305190
17232920
15165833
23853535
23001392
19631491
16780823
19912724
16011568
11042915
8073631
9144185
22736678
15656854
21954496
15288006
19147937
19504238
10992742
13154112
4151967
20494161
12727557
18847712
2124224
14917307
18596654
15717017
12225938
17032422
23808009
8048723
15561089
20268060
19677869
15523056
15601770
10827254
11319229
21921828
13799680
18399981
14742616
17990277
23221865
17177347
14599016
13922724
21806569
14512142
19530153
13873709
11803293
13765206
11285475
17926206
16224274
18513755
12047183
15963034
17226840
15929474
15522145
18113841
19821810
22046445
15503995
23219453
20287663
9138134
12853480
13802758
18025025
21042716
12218520
19191152
14761553
20166251
22000397
13879669
21171813
19430579
17107791
18055046
14537817
24454196
19334520
23583246
11859856
17192193
19971855
13878397
18835261
14251676
17562230
19848536
19051651
22721250
12100641
16249528
21524620
24873016
12760239
21722785
20317992
10911214
16533665
20308773
8038136
14816138
12078276
13204563
21887665
13274348
19927887
20976517
23183801
10663446
17449082
14012271
16137249
21780882
21045262
14385683
14109467
20781090
15334242
14882751
23291349
22837281
6388414
16425334
18583535
21123631
22373788
13703114
20319188
17619848
17132209
18682718
16548351
5059368
19080617
5818074
19479095
11377124
18223403
14406035
19198679
7213437
8889777
16589600
13452012
18211523
22784323
18052400
17515422
19484127
24055746
17313364
15241476
19094247
17376941
15200421
15527091
13624105
12016596
21128080
8092774
13392797
18750113
15603033
14738344
14898986
20587912
22626102
22812046
23677011
22882201
23412047
16074752
6551645
16181752
14101221
6803291
19170474
8940654
13247451
14924582
21302913
21026126
18856884
18676050
23669698
17323971
8124027
15078532
10575534
6277856
13844497
20478875
22091885
12698201
22581287
20355776
10809482
18709435
24232282
22299577
24140458
15378268
23392855
15864638
20169218
10052677
11811350
22640222
22713283
17299335
18102434
21161324
15305094
21829536
8877828
22419868
15725354
12423866
24235714
15562490
19454561
13022738
15606924
20929887
12833442
11523502
11914402
12645756
22340088
10517971
16431433
7431402
22065829
11808575
21217978
24436629
13986505
17159094
24228913
14146219
19874906
18628982
14610472
21493240
17051604
20206220
22544441
12411164
10940826
9525889
16324921
18426490
12819379
19907599
14620082
16301794
22111240
24085031
11946739
12960971
20700208
18256749
24151997
14419499
11422365
15415024
17673334
21266477
22391597
14059175
23278155
23434256
9326056
20991160
10088708
16245791
15435373
10200065
19714518
10131469
11039285
17728222
24853684
18713621
13999323
12730948
20125576
14853816
4555721
17356054
24036153
17564243
5344729
17096671
16718506
14184224
8930162
18550503
19466470
17353287
20015301
13320297
16296033
15639140
6694879
17989328
9567371
22100341
20223804
21052812
16375749
17487140
18841300
12129970
21706038
9310732
15738790
16414840
22740435
11949120
8860816
20760545
10753628
23251849
16259398
5596274
14434304
14920726
12149209
23238913
10824958
13497005
20133149
20450765
22050557
22472885
22327352
9712288
22435077
9029885
20850350
10128730
21193857
18217345
20925347
18707429
12109549
18884582
18111562
14454269
20807720
17516186
16817454
5907414
21331685
20896145
16304342
13483922
11280262
21002213
13595724
19587815
22090396
21080641
20575809
22059868
12514608
16005003
19918235
11563470
19719880
20842431
13662179
15144299
20439724
18994855
21224991
20560944
16811823
19065694
16541446
16101310
17281277
17805640
23492481
14838932
16024576
21700373
10924241
9000402
21815568
21117644
20742070
24630973
15018936
16601944
14865926
19026240
14141697
16008359
15740000
13882490
17082460
20248622
20031790
17361169
18743427
12935589
16344351
21597837
21436355
10702542
22338783
21830556
22680225
17962479
22661706
16542143
19702294
8994965
24242389
15501625
16000041
16082972
19926922
21418376
19080772
24009263
12579234
21389506
11648554
13679972
20993689
16117515
18470207
19536461
22313150
19123510
18186268
16018157
5129297
15388726
16322827
13336160
15763674
20391608
11781500
18244153
12171036
19481693
4711886
16007464
19451918
19012993
15510178
15118240
22654268
21272574
14571107
20754799
20462987
19742352
22699385
20878407
20119705
22217416
15292034
19237490
15905320
9713941
18632403
17036112
23571003
19424657
18989905
3474325
10921061
14729247
18075656
17561747
15643398
19464196
21833180
5934746
19514055
9973589
15716845
22530478
23038397
13754918
18043925
20689970
19356574
13124888
14856593
20821199
14050328
18969782
17218159
15473511
20446139
7447830
15661142
12974810
18880472
17106941
17108502
20294849
19076889
13173263
21721927
13283751
6611096
16380652
23776462
9421239
8937939
17673747
16119393
10938646
15761695
14793183
17546722
21135172
17897956
18397691
16784823
12009180
14232047
18599790
19903038
9277676
20123994
20590743
9859514
23210500
16135758
23778697
18187567
22295938
17673450
17336862
16412942
11135114
11739430
22575324
15641142
19036908
18861816
18213075
21096585
21200781
15375659
23186417
14716968
14930979
8681058
18544165
9157420
19825517
14327134
24459489
20004331
23479207
23675705
11707788
15074281
16478240
14876255
15567467
21101902
21282824
19595185
22024171
19514367
22959299
18479589
24006439
13016372
21071835
23383481
16970373
17524171
18332766
21317684
18348049
13006294
17391899
23308535
15323942
16525596
14941162
21406750
23739119
20171658
16226239
17303441
11488110
17357115
17317476
14333574
19675264
10350812
13236738
16741739
18525991
19779326
22680453
21749680
16952883
20074855
14794566
9442852
18772894
16923294
6387783
14716435
7863906
21877606
20410430
18656940
17599143
14677404
16732280
18552083
19267242
13323453
10742982
13467319
10068693
14957201
16590058
19522742
19842989
20064267
17310687
9760586
13987481
19616030
12096556
11845709
19958283
23983894
11139965
13465330
20383847
8204893
20462855
14972049
15829632
23787533
18349457
15311705
19582612
14712483
21841061
21209604
23289988
11125837
19207876
7319381
11323354
20365851
10841855
17629254
17121452
17457921
23120975
19866784
20334824
12785767
20289536
17385289
20594087
15531523
17254359
16658624
22531118
18083051
16774595
19277957
23320724
14299520
12262211
15454871
14841287
20783097
22937872
16661049
9540566
18275873
18876024
22108781
15880520
20431144
14742298
6466347
20172721
10680509
17941904
10393753
19992356
14440969
13655170
14582318
22300042
9035715
17119398
16017255
9581254
10479025
18808117
12840556
14213609
17670654
14201806
16434195
14234982
10886267
14296483
17384882
12371722
20275136
19142431
21624605
9974340
22284278
14661128
20056741
19127165
20956319
20637615
20136527
14879847
9571862
18774936
24470504
12328819
16969535
22440456
9592351
20222178
17866142
15649520
15229688
20234264
18681768
16408180
13300713
21367924
21523866
23247188
22504666
22212917
9235573
14392805
17481810
20002324
19756346
14380598
8663776
19626111
17922835
16795746
10833119
4652925
16683312
17215302
19352736
11431549
21530015
14480548
20109438
22371187
11515658
23140533
10431998
8989260
20480455
15208954
11245590
21442986
18966819
12970133
12516481
8314307
21787701
12197035
15675220
20304131
10709866
23833578
11124956
8012241
16047632
19045943
21348670
16299040
14863908
14191957
14909339
14529304
23776316
13274025
18382465
8337922
21104622
20400551
12963790
10965288
10309753
6911456
16700725
23440794
14273021
19122807
15248438
13800242
14961779
17144311
11928101
20632221
10038697
12074660
17956776
24247410
22346387
24098646
23156146
18631465
9687767
16341982
16699491
21417978
18396495
17729618
18348927
15574115
18693930
12489084
15944300
18819909
11865503
14286258
22737012
20171168
18639510
20638138
13997486
15184046
22593961
19354341
19603210
17553411
14267369
15865220
17313752
22980248
21834109
22473454
17691295
22278707
15699708
14593852
7577185
18781357
16679889
16467567
10602610
15621488
15374996
22226784
21180829
21536192
20900013
13585012
22302618
12217448
20489757
18183249
17600511
15658062
22213506
18912659
10478669
18595653
13728022
6169496
24234885
20836767
18540827
21705861
19398700
9270479
17428836
22151873
18462342
17744094
14581790
11481767
21266863
10538056
17869519
11489411
19047977
20730483
19564791
22937226
18731780
10862298
21300556
17169412
20516759
23486367
23500153
14153132
23542692
17546531
22761388
8199847
15699897
19266962
17022231
15282104
19267657
19824704
21165483
22056163
24306694
21053786
16308102
6856649
13823923
12750295
7008561
13489764
15629046
11042614
13790046
17387297
20439514
23083113
14788366
9985234
13574149
20401151
13343376
16794478
9854878
13050015
15505065
18931555
22199849
17035368
20641631
12406872
17025361
9095888
22479275
12255157
19590844
10864792
5996719
18623075
14294360
14865333
12616836
22898120
15733211
14569081
19613170
19567559
17986753
21193045
18356490
19167565
11864149
17334450
19781818
19809800
22414866
13089169
18657644
19275223
23391493
19708625
23663796
22374983
16916556
21269734
14212362
13173144
20316888
18342419
11253097
15362312
20577186
22176315
16461543
16726721
14804037
8197359
19744508
21862792
23800513
15503998
22047380
21425620
17592723
19313978
19605304
17749072
9603813
5497047
20253563
6929354
13493904
20408709
10931947
12006888
23066947
20934028
13973211
19455300
18976702
19301826
10246591
22926962
14143255
22328995
14650324
14605486
15439872
8364031
17418620
10564715
17549734
16405841
21507910
21385952
15298480
22207490
15496375
24347642
18525072
15596056
9071656
17977156
20314389
20399140
22083744
19718654
22405394
22599554
13970034
11617873
15406859
9147267
23974402
19265700
9672846
12274005
20342946
21855987
24021066
21629470
18636997
12368543
18535685
21125830
22257953
17970165
13795703
18733256
21233149
14011984
20273933
16233265
18937652
11526499
11595894
9721688
11922334
12651568
15195100
15053365
14591990
18442098
19225327
15043482
20459638
20143775
19902139
12873837
20180665
20211507
10600145
20474975
18523998
12007716
14008793
14078048
20540364
13108048
14698756
18407262
23631736
16989494
15423374
21120259
17747726
24252314
18789790
15808741
18464758
21044922
12247001
22739558
14917161
12714838
18110549
12204905
15620713
9353642
14854571
17151065
12887690
13741189
16629820
18226536
20231053
22989726
12425182
20531795
14779357
3460119
17232313
12825536
15404848
16176287
20115740
16549395
13528287
20815190
17385702
12754053
11268034
10369650
20375786
17167030
20921929
15190470
19807378
11526955
18548939
22897986
9459195
18399585
12983303
20738007
19378495
9501655
17760451
22889042
24625014
15963491
16355051
8477478
19517852
23224671
17550702
17067429
8470651
21523602
9668444
15284453
21839219
21126809
13288157
14176229
15085611
20994762
14928537
13658422
8521200
13198613
11732248
11159701
23659646
18795128
17806795
7245646
18099412
17785894
15914838
18496475
14995935
8278396
20773159
14740540
22363187
9667573
22669297
10011321
5158605
17612500
22952601
13445347
22959546
21326762
20877799
20529291
12510682
11204141
21430025
15673325
7471696
11537717
6529848
8623822
16285408
12974001
7738951
19244375
15951726
18474508
20629156
5609015
24045086
6588327
14861564
17405667
19766451
17517230
22612152
21137039
10485635
18410649
20398661
22929597
18253996
21588294
12985672
19718481
17579463
13898419
18323363
8708811
15298854
13758319
20123091
7785534
13707930
16652906
8956195
20288336
17813846
15643606
14866025
21491439
16417248
13329563
13590402
16354704
24609423
17309597
14326470
22862445
15841758
11257295
15602427
17788620
14061335
20660144
8996737
18498212
20426407
19489655
14638537
16814442
19857232
19900997
12827787
10151579
15322019
24149640
15266867
21839153
15530679
21958814
17520670
9561433
20979454
20362076
15041744
13550835
10786820
17654677
14856299
20516696
11344776
23826528
15321109
16373314
16263019
17002864
21120478
12634672
11275019
16964879
20275425
8400148
21651732
19696273
19791922
17278562
15013003
15594783
20392852
20328120
15832562
16732184
15495446
15551786
15833747
15184900
18939632
13800047
19210413
10886823
18315157
22961220
6905192
19798771
16411957
5181070
13247688
19062719
15628949
23665979
11916967
18420948
12794410
17961350
8333007
10736557
7723157
10095441
13337059
12835947
19851152
13246634
18334238
20819163
16820838
19604735
11596465
15099541
18741672
8606447
10675493
20522896
18946070
9075073
14459349
10165771
14913514
19926238
18224735
12655875
15800031
14859928
12300825
16368875
14354899
19845107
13165592
8428650
11378133
9581243
15725737
13008587
19597783
21182350
20439396
16614294
21969897
23486630
22354669
24716710
9336306
19971453
11518744
15222786
19211631
22282731
12405757
13364648
16357427
16857178
19300036
19549122
20914938
21683058
23673432
13247669
12178456
13313733
7391810
11040505
13591777
14083923
15955984
17983788
22125833
10385373
15242210
19360592
20820990
13547049
21595261
16308953
23301043
19563387
22122100
20051443
19809738
17292205
16370895
5106493
10003387
18840919
23882975
14472856
23951175
15793547
12607256
9095784
15509635
10638694
16337420
23876374
18261089
17929716
20022558
12448952
21771947
17690697
19846353
13394391
21263148
15788334
19872466
23249403
24776071
19790663
22997562
14183123
22329988
17579077
14615069
22647897
14550222
15220153
17804526
11885458
14200223
17966768
18738157
15514101
12528113
19010760
14862257
21248652
14986948
5657378
17846962
18410529
9679637
21013236
22947642
21738261
8791385
15482336
19039693
17397189
12358024
20797280
19234329
23233980
15044972
20180599
20234834
17172234
21191783
16347450
10204661
18620668
21099810
11687023
15339756
22477644
22183150
17439226
15476855
20183671
15550898
21085982
14592122
20054055
11140770
22753318
18801073
18972453
3432133
22089142
19233115
15643085
10896574
20840168
10594157
22131931
23041577
20526992
15870990
14158427
11648048
20433156
11203577
15922070
16085532
11248120
12583538
17211204
22502146
21857272
12414800
19321386
10798046
23983584
17256986
15848111
11685272
14899420
14219271
10831503
13818832
14198517
15776253
17753709
20092456
15484565
19042537
17781745
16741449
13721421
5949970
19894254
20518561
23358318
17732048
21826205
11135303
15801185
16441322
13179928
23226047
19482595
22029153
23572335
17089281
11104350
9325393
5044246
12834630
11871283
7806047
9887766
15176496
14633867
20708821
4794375
21064224
20188262
22846526
14420324
3753179
17625133
18891290
19421962
13556488
6788420
19964364
19856245
20215366
18680398
24197873
16386068
23453790
12946338
22706198
16081920
11620797
18527435
10667736
12942122
11219118
18505752
22224551
2720949
13128618
20989707
17066367
14680092
9582486
17700701
18380763
17476345
18337998
13385811
19520795
23017037
8417953
21383538
19918777
18074292
13126288
13730613
17791411
20041190
12680318
21686518
18142354
17154947
8318953
15646383
11626862
21315929
23708637
23490094
12090513
21911853
18751394
22351682
19167254
20373128
14529948
12049044
22654851
20497734
15066976
14668940
14371542
21195566
23674490
21739597
16224500
18333252
15903974
19973903
16864060
4812704
18350116
20927150
20942734
10422879
12588842
22994980
11403601
22924625
17798757
8496194
17316613
20403430
21101488
10823700
14598276
14793213
18206144
20227580
16141188
11160138
10365437
13350252
20318578
18496360
24329970
16290376
9971732
22794992
19238719
9381654
17988353
17719962
17686598
14311719
16089872
18395747
22850708
12029830
12820374
12254306
21973736
11846111
15429296
8780430
20795363
13890067
14741596
21709619
14327443
22768967
18392597
18584631
17385033
24366490
17690001
24414277
18511392
8439998
21675044
21417164
18505650
23854227
21630472
20993956
15922224
15041959
17907928
16550993
24176917
14658728
22447953
17784439
11702747
17660830
13560449
17982069
19001477
23050580
22069844
23515295
17118983
13714172
18821611
13407162
12548515
10612589
6247456
18244302
9180754
8836140
16801595
13466231
18320355
16125826
13897651
17292917
10459079
14445463
19384390
22098641
16255430
6209595
15206233
5227750
22692347
16171106
15802796
16073562
15627904
8352588
22057560
21773220
12205228
16613252
13676044
12801195
17117071
20866673
16011681
10342591
18942412
9668206
12979284
13662407
22085719
19996123
14711412
13103324
15344069
17199496
12216000
16098646
12522333
19448099
11787941
15307687
11082038
10892464
13425247
19540364
12390696
20938762
21141727
19918287
12607020
16364098
9381018
18140598
23614475
19059450
14518181
19407903
20425542
14497966
21819673
17999488
7598259
9154572
19542461
17048576
19731311
16261827
9493551
17220999
14742344
