13286653
19428901
9947657
18037571
21256709
20639297
16738770
20705764
14031322
11304270
11169142
18700726
20010178
22638718
21815919
19241131
17557220
20614676
18402600
16909046
21354592
8035015
18051494
17746896
24283720
17076932
14377335
19936831
14994918
6507525
9888956
23236569
19734303
16532359
16789067
21952460
21819241
17424187
17865248
9994124
8510135
13373356
11930608
18167312
17328737
19127150
16162035
19121073
21693573
16692571
20851356
10005279
14488533
14406134
15647488
18371038
17437894
17612489
13515583
17637761
18478744
16972631
21126263
23203538
12047211
12624550
17321418
9129179
16435609
19818531
6588709
18921073
14693895
12326860
16325744
22986467
6764485
22028682
15232343
12841974
17375105
16536985
8468236
3966827
19116816
11094301
15572350
16163315
20539121
16538615
21400359
7906604
16190467
18928907
16838667
15265888
9917068
12571282
21967956
15389454
22124826
10639394
24200172
17593921
22337709
22829576
6571032
16333735
15874312
13964550
12694402
19035997
7866681
23154609
17363130
21309501
14568362
15107125
18906483
21054272
13580688
17821453
19205829
16311972
15143224
21918563
12984004
18562079
21292459
18328670
16665279
14018736
16854791
18314547
16020014
7952706
21184434
21657702
17313879
24104683
15035604
13653943
13911190
17484781
8877710
13395177
18331316
8103609
17846805
14581820
13794854
21544548
21687015
6183795
11980431
18504381
21897447
14769151
16849180
19823845
15882981
15511051
20308873
15005791
13197443
20645709
17552878
9117736
20849277
9933950
16237886
23764948
7385649
19844311
15493057
11528072
16598115
8541331
17204609
17301632
16091565
11878802
10937107
9691429
19806087
20500425
15169077
8084975
23988707
8926446
19022296
20684483
10647061
21103470
8052341
20201148
9240184
23534551
22956001
11588320
19876599
16276384
10194669
6838410
20912687
21950887
12437331
12853245
15285297
18932794
10023402
18631371
18239157
14985761
14787157
13683963
22602527
20526933
14189435
16612981
17666465
19267294
20644457
16216756
15477510
15576506
21357425
19157617
19466447
12089251
18814280
20489402
16451123
24157537
13479728
13245863
6284016
21374753
16923418
22044802
12249613
19924507
21021107
15363985
19912634
16059270
18645829
12273118
22837389
18820815
10636578
14016705
18184198
15889203
19725955
14704667
21365162
19601715
18726726
8286263
11358749
17198336
22845159
14079965
19676220
23055537
23306043
11132559
10581086
16032254
10289789
21793067
16914286
15038195
16944764
20967080
18142805
23285957
24606994
18526864
20007819
6989443
24341727
16349153
14455169
14754812
20242406
21845826
12627124
17845584
17987797
13813633
18823878
16974369
14174997
22913881
15643391
24063513
18793969
18923509
18642446
18642407
21796030
929245
20560780
17241299
24360512
16272312
15857184
22421160
17773732
13914214
20156872
10955767
21554536
16708350
16493773
16145563
13431903
19763216
18625376
14266511
7034948
20346526
15936769
18876663
22685097
12460607
19481119
17171955
23390325
8029780
23264983
17695088
22996699
17930459
17444653
16254335
12882077
15942367
14395921
20340378
16604815
18853148
20461766
12795066
23982472
16227411
12168313
7828692
21423920
7617895
22002763
15743176
6280409
13834548
20122292
16532971
20497893
23654358
18710220
19709793
16884907
17256496
23399397
14301213
10198951
12683750
18818627
20638877
11194175
11054935
14552817
22659817
7927124
10537248
22582971
2436311
18667561
15219200
8478351
24183081
12304122
21237437
7297698
16694363
15876404
16051312
19206954
17431390
17834670
22776638
14282362
22239439
8624093
22551541
14570691
15515045
15070385
14819430
14616937
19654122
20174820
14942045
18019435
12848580
13857355
17130102
12027594
19599442
13658082
23885805
18990707
11663672
19194380
18120498
13849683
23962019
17806618
12885506
12124341
13580236
19789723
16986761
17071304
19185579
22526466
9032212
14413559
19959334
18708161
15673049
20492182
21923482
12939354
22233179
13874945
15234780
20605244
10250295
13819441
20248126
20551085
16377532
14254289
13162116
12976301
18027695
19733782
11535756
17658748
18491733
12263947
10992836
12086944
20057995
12864347
14672279
15928868
23891290
9333624
10005698
16854831
16777485
9972874
13519045
14034571
16468927
18635701
18971624
19179065
13573455
21938624
22893615
24064650
18286022
21314058
13181023
10765677
12780381
13292375
10882835
17898302
16370018
22476137
17457505
22181037
12222030
9687124
17220272
7311615
20640429
15211635
18657500
18137618
22999619
13747655
17827184
14472442
16520686
13492610
20434697
21677424
22844987
23110774
24234510
16172486
10996647
21126901
16494776
17060030
15734857
21241500
17344382
21414580
23179287
15393608
17139356
14803216
20695554
12021422
20669891
15786127
20187612
11691004
18521480
18305487
12564074
17333919
22296674
15587093
22899355
18210969
16557447
21472090
12602771
16739760
21266927
22034173
10722542
18345350
11112653
17109154
18154919
17486856
23352382
18252041
21753449
18035402
21918690
16707059
8403557
6249042
7610462
10817008
23778067
21708263
18527348
20762881
6779835
21226154
21518883
20286623
19228524
15802291
9878508
6314018
15328286
18714830
14391896
10457031
9939554
21351396
8341042
18880037
12720948
19787827
23175492
10009249
20219353
20945546
16255123
10368147
20706473
21130504
17287501
19046092
12389503
18760835
20021988
10753165
7556476
16926755
18115170
15667570
17062965
13405757
14467859
21246076
15874413
20837320
20629113
20119064
15563473
19037751
15596339
15635867
21756743
22019924
14347019
23636372
10065767
9988943
8385739
17986360
15338258
14080184
12905178
14984307
20587674
13930051
14591909
16525830
20117626
15052194
9123202
18905295
19768338
12868000
17199165
17250236
21649452
13656711
17789754
10676895
21282699
21813452
19689767
18760293
20069896
24414806
24590862
13835140
16517033
18181691
11337012
16805062
21566730
14533707
11228690
15971870
13836217
15268245
22413475
14866833
22758550
15287402
22023355
16352478
9879993
19434144
19849098
18242512
17367097
22619263
20247969
23347768
15845558
22684202
21640418
15343840
18330229
19453522
7245075
14295481
17864341
11956709
20927618
19841482
19624475
18676943
15830588
11230804
20204080
17849630
15548084
10814591
15504153
12276334
14699052
13774326
17135350
21726372
21465990
7654552
20510928
17185769
7068879
21260418
18986354
7963232
18873699
19278183
16318308
23264076
20612067
19298510
19567482
15346050
17785629
17284160
20733137
15086489
13825046
15230755
17551029
16119465
21252182
21327489
20033034
21824078
19626121
12896317
22372926
21460029
18390034
10290645
20260803
21449986
14491551
16689226
21710743
22220589
18926157
19689622
19171150
21573851
12480561
19924781
17971129
20086213
14943538
22228635
21051656
18661723
19584400
14810831
19647422
19959365
20988090
17662700
19436638
19353174
14711811
11608417
9054352
12770073
9289772
22260953
19774163
18109696
19770276
24837773
19852060
19897734
20184811
23063007
14775494
14266567
18860462
6531190
21603815
10984815
18671698
20569911
21144245
18262891
12327700
21958074
18325397
6766492
19633607
20466770
12309066
15636208
16634796
21639439
23428881
21165943
22693118
19629302
20036109
16056303
12266138
16523248
15021402
21993652
22491424
17225483
20702711
19290219
22245819
23556280
20274784
12822107
14891882
17627658
20579979
16969610
21472370
17024001
19039617
19657045
10246956
17190046
19689474
16260994
23125344
5579053
18380976
13710697
11694713
20708780
12731215
18845107
8269912
18935380
11618732
14280926
8032164
19106676
16775588
9547836
21371676
20433213
20183801
17149915
9651435
6567172
20110376
13457330
19928588
18408307
13783126
15529614
21165240
17923676
17007081
17510738
23539004
18657178
17735104
10521238
19570265
12926598
16326738
24558493
24488512
18053628
13868981
4899355
13476512
16742201
19088592
22997015
18941320
19803170
11318291
18885200
12415755
13501080
20235604
16022875
14410858
20046600
3975257
20168752
20068090
6407260
16285906
17027801
15808223
21869146
14486755
20241281
10574224
19121938
18038841
10278645
20699798
15245789
11843526
19401467
18508375
21800134
10995071
10790246
15480418
22807650
14961214
19038953
17448419
15639391
12717774
19062590
13449395
15388034
17744849
8673712
22050866
12502404
23377695
22913445
16562976
12889099
10197875
22263361
17839817
20923397
12019962
20830027
16995592
16077469
21472598
15158189
17542823
17144115
11192388
13439076
21662665
20321080
16068911
17083033
18804324
13335831
18514498
8583989
14577655
18273456
16931207
19181306
13945050
15801711
14547913
19680747
15118792
16501869
18363639
12442279
18509800
11132838
14892017
3179799
14761864
21715732
17872932
16856612
18666160
18530355
21284659
18163060
22248792
15802630
14477551
12148699
18400981
15597843
15691328
19102385
22174445
19127095
22194575
17768369
22502428
16347609
24426410
14385763
13938448
21127380
15188091
20036890
17730694
11632860
21751800
15844813
21898054
21423437
21706173
19819903
16203127
6083058
15517423
20311415
20980430
20277801
21772075
15397996
14585292
18254880
5314144
13796874
18187425
20503328
10210405
14086848
18369185
15017149
12432797
20144997
17300424
23044484
15869847
8096803
12157085
20088530
14561021
10569672
18196551
11305961
10576438
21669493
11625006
11102159
15977178
8346069
14990590
14341050
19509664
14987946
14712499
23116463
24866203
12220956
14389564
22434483
16723807
21190780
19621292
12884197
13069198
20027941
18650500
16306304
10035096
15087218
20202689
12608896
16705165
20613011
21623662
21618833
21542834
14346925
20616884
23729339
18484632
18312787
18383063
19943052
15068488
17399635
22747469
9134898
22799335
14449913
11137360
16924878
16143629
15369676
17888689
15623811
15352913
9187677
22131643
21822419
19655008
23410284
8286623
17588275
22848431
19676638
18715288
21610668
13965974
14903478
22512951
18401475
24018884
17956934
14727598
14033966
20381685
13393531
16205039
14643787
21154994
19103431
8475400
17948169
14844253
16166257
11495404
11201931
18142127
23728616
20310446
8939905
23815864
18035984
17546696
20136047
21773507
16412419
21955303
11474123
10412620
20890893
13858503
12252587
22558988
16463035
7279132
21738034
18958672
20047907
5136106
20930909
12769933
8001343
16567109
24623930
24821598
12311787
21262277
20427964
11497505
17545907
19577152
14042594
17889488
16817428
24074482
19463342
10473920
16773024
15763468
17015463
16154642
16770486
16426002
21792007
16418681
16367955
21414849
22414329
18052775
21701366
22563173
17709630
9139370
13798129
13263519
23497598
15727189
20667774
15760674
11617273
6886054
20226750
19330468
15430387
16362749
12677203
21830125
15225693
9922434
17310519
24310629
13986552
12809316
23363568
19322321
23264056
11866938
20114248
24098668
21583783
16413038
24149805
16867878
17041535
16625777
7498555
22022615
22327568
16412764
16458261
19408266
20154592
19239415
20860885
6432267
22484996
22841413
20666081
18430096
22808520
15050529
14295934
21211827
12746736
19207085
22794772
18494192
17618291
23536519
10368990
11914664
9164353
11705531
12559293
20804419
19099150
13417508
15440792
11461837
15145977
19498584
14045215
17225109
19340777
19684440
10616310
21841612
18590881
23181786
23518510
7638746
15504919
21940059
17321838
19266068
17091617
18784287
16004347
21882097
17696426
23208291
14697268
12425934
23161837
16125875
18526885
21386359
23016695
14911556
18812798
15246364
13281657
22958612
21217037
20239986
20937154
9264380
16734814
19150691
14999249
18968440
14183389
13983579
16374222
12767933
17678470
12763914
23222175
17768808
14472511
18210674
22324379
19570791
17459605
9959662
23792246
15664774
17203542
24375242
15714226
19583666
16667463
20258619
9290989
22267194
14090455
9934616
12154705
20868012
9878742
11534592
20875455
16737832
21996922
12527969
24481732
21478594
20952124
18530403
6509588
16374212
15430215
16257210
11764718
19432513
17187587
22543393
20769984
13976698
8317265
14578889
17748423
24676191
10346750
12577220
20203197
21385941
20257436
16651442
9631086
21129646
11645538
11363155
24092130
13399391
16896617
19486628
23956178
21533097
12370506
20816275
15088240
19605087
19010869
20061418
9457214
23195907
21744171
11616861
15996611
18864034
19046274
18869416
17173514
23221120
17279127
21505927
19063729
15279279
11654615
11579524
17471688
22801281
22250118
18443466
21684056
23231767
7961433
11122003
21539008
11455707
21450798
15964653
16545310
18222829
19761466
22511030
21257613
23430796
10004193
22625041
21871193
19562321
22877985
18506373
21417883
14298163
12839301
22681114
13279956
22214239
17022697
6032041
13307571
13782891
19631968
18375323
20880966
13009016
12095376
11522409
9136654
19983450
12163423
17355408
21364870
23654686
22666436
18824158
19202555
21690987
18616484
16063177
10718852
23467509
18105912
16530237
20410815
21033776
16152850
19185746
17124593
18875021
10300900
20340345
15454621
23270661
18679038
13709261
14956775
17073435
15667860
23692657
6868265
10416125
15326065
21568465
15231731
21044119
7793880
18234311
8468894
21333511
22070086
10339383
22092733
16003130
22241265
21806613
11953686
17428176
17183815
17488695
19665861
8720960
16991204
5974847
14709202
19480634
17826883
7328445
12397410
11827073
18686900
13074915
23941947
13983811
13517762
23840791
23749126
15856512
16016392
15975087
10750576
16750494
22251883
22537799
15549783
19561683
18145695
12163433
18128439
22305507
9575814
21626108
24291822
21616362
23017649
11782933
19321268
24578219
19463945
13279389
7016833
15469978
17210895
19498400
16514382
21457197
12429849
19962673
19081488
18265463
15366900
24362655
18186000
14755144
11520051
23159600
11007973
20425983
22419233
18471734
21819662
21970697
14135239
16131914
24615381
7195988
23330808
6357171
17995275
18302448
14585231
18708944
13839071
16195215
23382994
19706365
14908978
17962640
22814380
20172245
13037547
20449074
20464626
20130337
14260036
17911257
18957029
22991796
14809112
23687862
11351216
13988555
18402824
14883466
21433773
23352855
13156693
19806500
15410617
18349842
8297001
15645778
21986189
15585005
19588965
22827011
13119652
22102889
18105439
17084890
8537401
14755077
17409704
13789179
9084605
9917268
12377708
21256040
5283158
21368609
20054854
16002500
16805771
11130079
24198599
23396886
10203861
12180266
17262006
22384461
14555859
13143831
17844332
20898927
20429283
11042199
8669153
18027135
11235786
16212692
23336152
14021121
18114185
7673757
18867996
20273852
16050690
17545007
18526179
15299148
22834919
16692139
7364288
11008455
22344817
14753728
10199684
11445676
22703721
13932747
13160077
20544803
17541499
20565496
24072412
12330925
11233739
3007693
12987683
17853079
13795479
14000704
13428649
9077914
13131246
18078649
15282419
17200635
15791721
21110485
14963197
20144256
16257125
20064911
24000171
18976871
18633180
14202263
22558317
19296640
19353113
21145317
19778942
23876132
20798240
20646786
6408374
23364274
7337362
19648753
18025328
8807084
17808582
15999924
21657395
20138281
19309214
17706693
20679941
11273508
19081134
3362857
21775826
22822692
23027865
20121442
17091459
18717160
15605279
20416413
6413058
13104762
18111567
14156351
8928587
14649609
13143430
13296794
15560006
18372803
8018955
21686715
18828913
12103117
14686671
21614726
13281562
17871528
17198026
15666636
23436503
22885802
23158861
14210083
22255881
16160238
14045668
8514326
21124753
13768930
18630652
15791903
19234783
15852777
18546055
14826183
13219466
23098658
20389247
19751183
16040100
14570005
9539435
15345152
12992704
22793837
19739546
19122311
15793880
5985033
16208881
19285562
10058021
9830076
10400889
13669608
12293308
12674433
16576347
15847557
18040251
18642803
15416031
17641444
17938669
13740690
10472428
12024444
11787543
8910071
7092391
12372532
18096003
12868543
15450306
15307540
4031244
10179664
13898213
14662796
17125935
15780423
19717306
6630569
14746724
19650851
14764413
10945719
17195162
13875494
13501470
12843533
18320131
22245305
20511254
14111307
19168080
20495184
16809649
17219558
17535676
19396198
18473314
15457164
16133208
9128355
22621236
15210477
10780916
17173061
13970250
20297458
18017188
19170425
18436622
14386066
19001848
21057272
16702837
11946952
21194727
21276470
18217174
18652751
18464473
21974109
19483004
10094605
19893313
14493068
17049433
21436855
18424514
18271613
21786431
18265163
16478026
18526325
17833362
14056470
18904815
12366597
17667746
18525705
10011901
18063013
13964615
10347031
20057337
21187328
14315354
9155311
22850466
14817930
16316475
18369277
16836564
22651167
14600823
17466443
20307334
12657133
18024981
24696429
19446331
18298787
18330004
17194524
18055744
16485464
13120514
20141036
23142446
19354863
12044415
8268494
11051302
13195716
9589509
22331999
23223959
8592675
13532859
19772025
15442271
21064844
19211418
16391185
12687245
17774977
17581953
15361604
22954591
21947337
7720560
5379186
22908301
14558209
14493298
19922408
20482145
21506363
18579700
17873302
12513692
10969155
20107859
22954177
19115620
19554112
15558978
17310067
15792392
17540185
14856924
8158746
20670893
17720586
7357848
20070737
19160319
8957476
9991542
11182833
18904968
11326588
21511605
14817487
20800932
23527936
17370323
11363863
13449405
19454951
11508230
13243732
12233134
15357395
13690878
15866137
16698290
18720932
20867563
20724623
19134469
14203920
23361199
22991821
14690871
12838549
22361285
19200667
20685199
21715572
15570913
20295064
22992743
17407515
22900795
12692562
5908272
17404048
10752972
15910867
22431542
18548529
9559822
16487679
15172706
15659454
20478767
15221228
14450969
20607611
13679812
21498910
19839179
24115183
19553377
6114090
13646973
23790237
18545285
12539720
5799745
11332395
21566655
14283571
17242558
21177242
23262916
15669560
15227397
23138477
20769441
17346769
17793480
9669444
21439392
12555431
8607757
17731647
13794572
17787845
14091271
16062140
15610547
17454031
8251030
14285614
19423981
21846491
15327954
22187499
5619697
14498936
17254287
14025457
23094956
17290066
16766308
16180475
14011783
24875791
21216338
21521783
21974067
14610984
16879087
20797177
10826834
12218656
23837186
14293893
15651624
23247828
12774371
9375120
13937842
21800890
21514492
15100730
18535113
15920189
13961317
16952442
11133587
16948629
13187234
22074517
13249617
17832929
19799094
23924352
12648797
22437466
17210628
17562703
15000600
20834383
12790321
19267321
13548033
7317744
9863645
19636501
5976064
13389269
23587962
8413135
20126225
13149413
17289592
10174278
11807731
14979431
20242024
9966774
20296516
22150762
12151127
23119610
21179428
10072303
19114134
22596744
22221047
18238947
14480527
18373421
15127576
11678643
11429055
17585068
24083048
20310615
15439862
13331719
23841912
16817146
16972120
18163227
14245370
18007748
14326791
15391081
12483706
23698477
17687690
16353067
15630563
21434486
19363526
14468022
20332173
9339855
17270822
18821819
20952720
15271321
13459764
17772612
17719158
13553810
11484381
9037047
14012340
17902610
22871246
20530632
13605334
20658035
21175267
16012172
22996023
18766210
13336708
19148665
10189075
19486210
23769117
18333591
13392495
10061364
12943696
12890951
19463582
18309475
12354283
18929143
16594594
3600850
5715589
15539273
14157432
23144580
17360010
12314943
11218107
19249472
13587033
15045831
18228706
14606518
20715201
15319735
9419567
10370831
8499973
16612743
16914127
19703988
14954587
17283043
23344486
19252312
17798788
12857945
16137182
16414349
22560268
15199794
15825378
20326612
23356536
21687495
17775762
21423516
23204731
9603912
20381986
12593243
18080747
17787848
14554180
12831360
21047855
14776633
15818524
18578099
21601529
15731553
24243198
17764169
15180184
12761736
8345161
19143369
17178540
21547802
20125986
21015980
15220720
21752664
12819289
19760280
18452686
16371046
10753796
15105391
20668454
8538690
6580035
14832946
10475002
19502875
16418550
12023941
11078385
18884831
18185986
18522509
5427964
18630096
15009124
14538536
17899318
12177740
14210225
16280623
17872650
21538448
17301663
15567289
21991713
14533633
20113878
13910265
14065066
17413279
13222099
11537657
15701251
24246229
11947589
18107331
8234485
18780098
23689203
10981425
21466576
15083108
7345333
21501544
17807285
22863479
21886485
16437591
18992224
15999724
13953922
22018864
19234082
22004589
9943391
17976677
18883790
13666361
14676855
18796944
15319372
22215366
17760707
16959921
22106972
22838625
12315581
15966121
18471504
12501556
24061948
15189074
18698394
21364190
15003842
16175893
16784085
13080442
14258184
16788460
22134548
6780523
14603628
14886253
16124251
21547518
17881942
18179162
23694445
21856998
17517014
18763079
18050030
9590535
20803954
18997798
16524943
17951296
13910199
14022857
14978674
14299702
17046103
11174507
19952397
14442278
10977248
20012932
12997477
15719514
12511976
14516044
21301985
14492251
17312276
11387541
20522513
16527272
12084092
18667073
12429253
4356222
18924436
19910369
8280585
20602711
19402341
20625476
15990552
11721536
6873462
11782540
21257963
12609623
10249653
19266054
23351540
18019761
19632460
13912925
16011463
11112035
13050777
17265418
20426890
22062008
23371534
17469495
16857488
15423157
13565421
16115845
20444489
19482992
20990710
13064775
15308921
17446301
13302922
18888319
15285203
14477941
9200183
24251260
20894155
14014774
23879798
23713846
22689414
18785785
21794659
16312973
12340627
14862540
23245254
22072180
15675692
19441884
20198471
6042014
14382194
14370331
16348388
18140771
11816628
17206797
13709293
20280209
17054953
18135765
22825113
13313588
15793629
13790850
22098499
12629890
20024053
9683909
19764639
15979735
16573101
15265975
12504548
21545098
19959574
13987132
14482111
20452719
17730630
8492695
16798637
14995428
12738564
16950954
12176096
19878534
18579462
11109187
20863149
19356776
8527336
14414860
18840527
11889112
18195318
9663085
15896405
14711411
21934336
10839065
21663093
23001447
15516822
11004756
20682363
19436578
13457996
17173893
22278457
17866288
15515840
20128532
15567333
13231393
19847139
14158699
23622276
10387453
10815387
17901508
15820782
21292016
15312373
9240372
21850485
12684520
16807726
18548874
9022552
18662709
20143062
21258258
15916300
15823991
14538767
9975079
14485515
13314290
17750484
9069927
12643718
19962006
12940087
9469029
22950097
16115236
21216523
14604387
11068133
22829011
19826487
22597311
23256050
9647788
22764307
23030747
23521797
13336148
16753218
24293531
23001405
12344434
17991263
15460660
16505029
16920738
16801932
11959360
18542401
15585980
22248758
15104430
19317074
21659504
13782682
16211297
14940891
16412082
14522662
18339703
21212464
23374575
9030553
11387487
17813728
22926667
16205999
17134027
17904589
17794894
12337708
13970889
21016316
17594965
7770362
18850573
19636894
15071380
22812621
17787547
15453858
19125227
18266206
15929540
6463969
19790500
15056336
19744096
19394604
8271793
13336651
21230565
17116714
14190540
19174117
18922417
15298321
18285321
21925089
22920901
8315771
14198169
15487484
22325933
9798036
16532908
15823006
13601737
11634890
10169696
7329527
17210118
18269770
11635677
22549806
8041455
11314072
8075679
20904265
10219674
17449470
10627315
16156938
15616732
21453479
21096910
17451778
19616706
19703790
15918523
23474458
16081454
22998574
17299748
10116119
9614018
21473517
8629143
8997850
19985527
20983476
15540751
15924536
21849719
13977657
19665761
20885581
14047723
16880617
14451406
19884140
11856737
8356841
21908528
14475478
20236004
11847416
22025514
19906662
12007744
11421395
13060929
14423607
24275521
15304154
12359760
18450128
13089831
17284194
8013995
8635782
18941118
20258777
17505629
21470112
17665176
13479555
12894499
5396608
17352404
8594394
22179304
17744438
22929066
12617727
19908646
17568070
18616719
16597480
23264503
22477694
18726029
19816232
23341124
24141494
13442868
22527852
18798665
9626018
21203593
18003795
15060424
23070899
20635937
18149026
14056805
7159749
20174031
18409703
17905110
14351385
17829925
20168001
15227813
12495192
16345034
16333087
18595265
16515984
19201206
13373341
8787404
23983019
12291698
7502536
8119023
9313611
19756312
12247947
23088263
14351495
14680068
11369311
22725560
21156574
19347344
13460124
11400361
17545909
23773594
20821833
16060465
15198540
19876238
17384867
13582554
11353796
22611645
18584100
9585076
13629785
12237965
13506199
14584227
3134560
16088836
19072094
9848293
17023125
19291223
15954377
13642792
12561705
18192584
19373903
15718886
8579985
18202987
21947745
16086693
17851373
12450125
13380248
16451157
20791500
12699578
18672215
10705492
16907345
9634492
23658303
11915205
16318748
18948252
14365080
15482860
12667786
16166126
17277315
13928188
23704226
10661707
18859834
21840217
22347839
15074381
18908052
14691041
20018055
18394017
11382220
18593721
22411255
17516915
13466343
18138822
13073503
14426106
19471445
13240948
24225868
22010238
21245378
15332164
11407593
21170294
14451129
17878437
16774298
19375384
19367725
13462262
18383556
16888011
17389539
16558707
16658306
22507742
13832061
21637756
12861707
21720865
14462500
12382443
14276069
12368287
11659377
16783109
16502123
22207046
11242735
16305507
10916374
23243523
20064365
16176800
15113357
21669902
16088388
19923756
14725598
18440936
9712709
23824052
11810679
19711941
18069723
14992988
16390182
20720763
21130183
14313495
19373286
11716149
18272571
23785010
16672058
9750370
19585305
14480142
16733322
8640086
20839182
20391080
9854818
11953421
20069724
17676255
17412434
11413611
19690586
19219873
10387759
11845727
13608461
24037410
9359364
17008209
14268603
22143407
14835069
20615477
12224943
10107137
17060854
14745162
15155945
11558878
14379902
5358803
14616783
13471142
16287815
7451353
18757013
19093542
8471682
7774278
19188710
21525299
15987057
8584549
11222543
7635395
22112987
19902333
17519429
17091150
13801811
22025647
16833365
14522704
16826133
10173010
7266599
16843261
15636741
22529141
17875276
11230193
14090622
14972615
20477028
16417468
21942905
13632022
21461987
14600797
22232759
16486795
23969522
7484183
18945774
19599255
22454554
14971920
17827013
11011155
23004325
14884021
11329445
11940238
13166422
12923445
9742366
7710618
2024890
12688685
18881787
19862443
18541573
17441265
23400491
24844654
16290782
10239043
21629961
15570782
11965268
15148614
9701816
17863968
21683659
20913317
15247611
9697038
16639457
18220283
18841030
11080380
16750246
19824418
20615879
22690428
24344164
19994472
14637342
15994727
15109104
16378824
21950480
15651055
14536575
14434854
20876812
21133325
16835233
16462881
7494961
14382612
17533537
23075921
18287270
21688934
23614514
21191335
18281581
16769092
8273057
9447864
11285314
20490975
20476132
16163785
17219894
20397830
24327072
14944577
21113358
24035596
23122552
18300176
16759941
14647872
21096411
20336578
14760051
19830749
18944365
17443864
19566707
20268825
23654657
22826517
22527340
21664155
10882236
10603986
6679176
8786208
23369047
23627044
10891100
21431170
21613960
17442563
17236963
16118471
21689584
17473836
10964675
17203225
20746698
23841609
23096202
23824687
17947844
15148590
16886125
6748680
18983115
7508103
17796690
17008243
20795475
11901748
13473410
21195028
15906261
20286457
18901176
11632242
16252620
3016515
12084712
22299539
14208482
11791212
10696980
12311394
13363890
18010024
24484375
7637698
18805582
14173037
13922916
23281245
17108431
19389890
21057408
12623721
10722283
23216213
19968520
17512293
14126475
12504093
22052637
16010836
13242535
19425773
17841712
17024281
21178040
10542768
22196545
16335344
14139385
8936389
14504189
19097467
9856194
19129531
12506242
16148656
22256152
17531315
18945135
23540866
22471313
20466713
22687898
22481071
19660880
17221486
24073667
9077353
17178060
11908881
15426505
14343516
21240993
12345486
20740915
19193215
22177584
18473904
18172612
21926250
18934542
22781156
14129542
15510531
18203483
12880816
13276745
11777639
22079577
3747542
15599332
14137438
14759689
8581850
11888359
21853097
17846937
16200885
23648422
17241194
8395503
9886413
18740928
19649779
15930388
15644184
19573797
15210019
19593547
22094995
19517433
16382597
23483160
8257532
17289822
18351383
16058793
14713851
17599023
12649601
21868406
17289969
14962684
11042092
16958850
18793366
6113102
21944054
23278626
7266892
21898600
20622917
21999909
17641661
9770692
20455761
13462232
16104840
12224947
16170228
6944312
17302059
17910395
18984357
16631984
21844109
12089400
14516785
23353810
9274135
11233459
18010367
17479257
16184342
19894259
16580360
20938820
5567841
14220355
20635629
11578713
13565194
21212477
10724794
24527729
18855183
20667535
20609743
13990995
22105341
16264724
11413145
19696024
17162916
7739965
15680845
19161180
24545709
23050734
9129967
11683241
15743893
17521713
14841978
13253122
22668759
15241232
19348530
15993511
22776989
21043834
19591789
17595868
20058106
13409273
4046934
16234119
11018191
10368211
17220203
17602222
23611509
13794804
19396855
4805794
10340598
16646266
15888722
17971170
20691189
19762449
11830908
13075440
18596181
15816620
14909991
8453856
21157468
20129594
18806012
20991711
13217123
19097014
18002297
11378300
12444127
20768700
14384651
15275999
16863870
17481994
10041852
7301445
21960874
21715855
23508003
15641047
18521206
22934359
16359423
19690634
22089914
21157274
16769223
7844826
21409877
14439815
13573571
15684659
20964544
20219506
11507570
22789501
19045211
14775688
12447706
17645908
22113975
20404309
21186914
12018302
17411591
15433408
21672460
16600622
15609159
15221729
19193826
23314761
12119096
22385687
20209374
10001620
16971618
18533395
14702312
13786020
10567673
21463316
13970682
18913787
13303300
5032995
19379375
18122680
21090451
18898811
20271921
20395300
14345482
17264970
15179939
11581877
16082469
16151193
23836934
4274874
23069410
17524812
23401295
15751915
22591726
13999972
12933803
20265936
18641749
17474339
18822086
20023254
18118540
16349978
12074837
16036239
17353303
19397420
20752073
15965515
17222957
18805968
22163786
20299945
15344293
19710692
19901040
7682128
18118562
11942373
10970703
17467018
14607024
18660373
15748134
15172324
21742049
17084683
8861309
16494123
19463712
20459802
21708670
20424894
16758675
6877504
23565465
19533812
22701300
17381478
12284418
12792646
16927395
17295231
16627360
23213650
10614076
8791847
16151819
21912969
10959261
15941564
22528202
14953396
17542962
22720917
14447466
15575114
13668684
14669055
13833589
6233925
21946186
22480845
17963234
11846159
16225120
18759343
18399254
21846803
23885091
18715260
15064448
23689345
15713364
14169050
18399166
21161290
16284129
23326521
20223051
15180682
17106650
6853943
18942534
11214525
15116049
24012647
19839067
13392701
15943015
15770250
11510915
10774678
12600071
22079973
9313266
15417625
16336784
19016095
14671626
21725842
19493034
23387513
20471240
20328728
13143142
19062547
17195247
15916276
22103488
14123264
18752090
13229932
12341151
17688402
20566998
14343587
12364074
10773571
14312413
23959496
22423861
21191057
18451386
8724211
21911923
19670182
18920383
10263073
16381537
18750110
12214009
20050083
18312815
19187333
9842407
10619637
21803970
19198710
11949188
19982108
17885101
7969357
23624487
16705487
8754881
21433319
15424337
12998702
20403887
17778832
19767267
14591660
19288434
20839959
15882050
8076769
13329758
21014875
7935102
13517274
14622033
17554296
20158834
14475266
14860854
19933672
18491805
13843621
14576256
8594897
22730787
24035722
19463746
17402037
12327013
24206715
19642834
18930937
20741989
11954461
4851141
22844443
19086466
21364679
14532263
15882846
4404012
10969459
17561083
18180458
21657722
13996199
20715027
16217400
14582574
19154557
21109870
14255410
21405086
18610795
20201908
22576660
22686106
13787309
5600926
16140364
18889647
14298390
14359194
15023277
16794471
7891234
19343249
16175903
12027647
19397215
21204271
8561829
9235247
22126926
13172705
15759783
12821871
18264037
16660386
14540741
15747565
18895206
17075335
20140050
21291953
20129972
20419092
16494117
23322998
8403727
14193711
12066312
15258243
19283285
19704139
15825524
14729046
19147831
8712337
20778652
18387398
15009508
17737229
19385739
10935948
18642483
19195661
7011282
17034318
9165547
13666693
13555461
14802524
20443434
19664494
11855275
20358946
20669499
19402090
17973536
15132878
21541340
21128616
6239434
19893600
20025029
12313666
18295021
13637472
20814048
22382430
15857794
22440364
20059019
18850466
21719498
12800704
14588648
23322902
13171728
15096267
23408099
13023173
19422854
12339108
15377061
8760380
21779874
21448708
9567058
21180314
19668986
11185047
9589187
10470627
18347022
14197811
15104650
16322335
20220999
16132952
16159291
21243145
21278205
13412870
22797756
13445770
16335901
11800192
23302361
20045744
8543524
14774786
16320343
21999708
21029155
18945577
22770864
13457953
14563395
17518337
11929660
13392411
20659508
10596641
21487730
17316859
4887650
11715501
16666862
21490679
21364873
13964554
22659017
18732771
11893094
13522356
9023969
9888256
15153895
16507444
12277206
16286910
15869407
19274561
18708923
17228288
13143226
16610646
18223728
20001600
12728817
21349639
20790579
20869172
11757765
21078458
19668784
20255308
6220034
16055520
23490787
21789136
14556127
21340736
17684910
11891073
17424966
21799244
22847887
22324215
17151392
13620764
12755789
19335731
22546421
21913638
18695419
17491994
6618713
16255369
12296042
18176105
19313177
18977348
14485284
15539120
23470325
12242877
11100479
17897429
16254157
15955071
18985343
20522616
19514494
11303659
14489037
21049182
15610278
11603579
19819728
14296159
7955728
23525703
21100582
18289939
9636409
18504245
16517467
17849047
23163853
16879014
20928285
21408531
18114413
18248448
17176804
15407169
17854135
21502895
22744919
21375956
14242580
16202867
8691705
15401563
15888367
17914035
22741041
14955450
22647866
24382247
12697666
17206684
9679035
10177980
20253490
23477882
11165158
14279661
10171435
18511119
16917332
20084929
17100298
21883196
16156200
16560653
11456680
10356852
18516691
22878457
18985626
22746479
21101920
19512546
12474090
22787208
15717699
20022992
20593519
16017246
19684713
18274380
19648277
18745762
12768070
19270762
19685044
19482577
4741110
12812950
21859852
19168993
13752010
22383163
20211676
19067022
16975657
21268460
18296846
7813672
22510438
18992386
9429691
14172422
20345980
15053929
16207197
18764042
20959501
8554161
18306856
12274517
21643669
22983957
5566616
22417322
20209855
20525371
8311085
13685480
14508777
16731354
20368599
19397287
10029306
17843553
13788219
22490556
9614777
20821370
11028863
17788028
15518820
8951005
20728814
20270671
21779373
5041779
14015565
17273696
18616306
20162187
18907745
11814529
19546896
19125959
17062033
7366960
18893000
13693873
17915137
14592350
12505217
16989507
12722134
11587760
15048773
11718852
16792027
18907989
22262441
16413500
20070507
18384194
20656871
17677689
14207423
20421888
15465930
20446599
18327928
16824533
16682438
16754994
13897330
17471997
20702590
11571753
17579051
24537816
7892750
10129020
13317381
18621102
18525408
13729765
15175126
14571625
14101661
23434019
22208939
20728165
22475344
4740827
16374215
17099600
20260352
10510933
17975190
22406100
17360544
22174540
14293250
21967382
21343269
14763366
18779744
22180243
16873722
8249404
12497489
15966180
20178694
10835109
16785518
8297376
23326327
19753969
20919241
19229114
14502991
17074445
22253349
11372963
18394904
11970730
20132634
18246371
10476728
18800061
16581439
18567759
17020692
11393549
15151349
15749412
19330716
18259369
16222992
20986727
13157341
11588637
16390583
20008612
19656796
14608199
13587606
17557405
15353116
12908963
12904003
21342656
20938035
19038160
17512024
15256261
23737230
18882918
8139753
11831200
19664718
17861863
13182721
14264367
14117790
17168711
22895727
19960972
20226314
17024861
18312681
12743926
16079121
15477468
8232359
11996105
12253658
16203835
17528935
16228288
23023257
11743658
13660267
14002650
22194670
22322661
9790793
10712150
18141263
11077968
19273912
12768183
23961912
14363945
22281299
13150320
18686435
10870630
10132445
9999007
16308236
19347240
19001407
2640798
18125051
22456752
8721517
10788748
21606839
22307787
20394888
15450877
23235390
9650002
17338645
9154302
17274878
19768661
19309129
17713162
19558696
17418756
19250978
13714187
19242393
13602303
11719920
19779865
16524536
24375167
11629626
20576013
7533417
6981352
12392494
16452064
20020085
9639786
12609228
17737203
20919327
20435026
22367826
13245994
8257577
18296365
19461921
22726206
22240091
15902680
13031088
17588321
20474391
15332435
13202090
15777254
9341532
16984337
20163970
16316593
13763833
16954258
18020477
16660111
15858181
10903825
14024699
6419318
12915787
19660941
15001290
16103655
12648024
15616547
16827322
19627422
22705768
19822631
18595933
8036138
15190250
13870143
11201909
15835049
19434956
16775849
3669928
24083130
21300312
10254052
14259933
9021493
22971779
23582182
21792368
22231892
10601679
15479568
20361199
14430987
18542700
21552833
21113509
4920229
18008035
20901297
15948499
23031279
4715495
24057021
12231968
9878486
15322050
7618137
20508358
11292694
17671260
19209460
19435383
15308584
12598203
23832795
10480713
16794784
23747868
24622096
17705569
15692429
12890940
11788816
16977264
12784275
7872248
23421179
18203897
16435826
10934731
10893248
14848113
16386461
19290812
15594752
15558700
20042743
14808816
22586676
12435500
18045404
18774440
15063314
19270027
19325745
22209235
15418774
18782129
16827209
18284511
19779883
21576158
22062639
19771050
19489384
9857914
22779046
20295660
18027660
14374206
11856407
14291712
19692255
7645903
19249735
10649004
24630462
13546428
6461934
18478505
14739035
14273190
20021055
12887466
18974985
15227112
12628485
12270514
21015294
13301591
18284992
15494002
6399000
20090078
18824570
15571402
20196303
11460662
15901912
18916669
7631376
19379142
21934814
19239465
20081600
21186993
16629257
18019466
19772627
10302460
11587956
20900513
13098835
8962480
13306184
14505950
12880670
15496598
18643060
18585034
21403770
18926724
19336504
20475491
16874164
12094677
11449821
20808537
13059108
15851910
21943494
11981404
21263960
13068600
16128195
14932306
19144363
20099653
6908192
16639879
24013040
16981197
20442691
15522448
14331915
24552645
17307073
21234866
14391416
15606611
22847456
21529831
12891858
19919313
17783560
15416227
20272531
20544217
13211256
14243631
10591917
14593333
9170248
8799273
12886561
14862853
17552446
20256800
12992922
21380713
19287741
19817782
8029028
14330608
22275648
22664392
14646942
7047323
5767739
5431875
21250594
12001498
12619413
15325384
14519900
18510204
18244923
10549834
21709963
13593618
20545487
16707046
15288925
20956683
14860363
14056232
9760392
20592095
20976756
17854142
15774205
22977371
16131241
18176298
21300301
20991456
15637070
17940571
14551835
18859126
6932959
10153334
22517455
15850541
21407828
20584180
15394294
2589605
20775637
15839185
9797637
5659671
21805442
19071645
15340162
22522557
18759040
20728986
11601092
14426259
24864720
8630607
19955132
22253549
19801414
24240278
12772510
16098153
17874207
13328047
11032685
20055168
14808883
17742508
20448958
14521070
23827392
20489366
19052944
18257900
10221475
17458937
16659286
12634887
14332137
14005133
17307319
20547458
18807946
13324945
17540807
18252882
22821107
19968051
17756948
22851624
22821611
19633242
16752921
14387986
21234043
18919465
8117849
20866711
19092375
18497682
19644684
7722259
10690569
18175020
22969271
23163834
8469669
16786838
17514358
16361194
18087700
20404970
19648657
14657756
14780941
22091479
21784719
13709788
17605823
14720424
7656726
12393562
11444862
14390281
10147062
24004271
19779670
16986512
16364421
19825849
19944794
17859118
21335026
20797794
10551348
22728538
15575473
12115114
11690077
24165437
16023689
16073225
15989496
12746114
18653887
13092980
19853010
10073665
15933194
19557539
22587622
20991041
12490628
20216942
19568984
12169898
15444962
13747988
8953324
19553419
18727615
19307015
10437853
15105034
17211946
23643525
19416101
19800650
20946534
22310753
20906210
21462227
19670731
18495282
13385398
17681653
18841050
6755083
17610311
15781012
21346750
18517782
13530482
10150025
22603797
13088834
22778965
16502040
23789307
13099309
20591111
19318371
14992822
14228317
23305018
10305671
15021986
12644646
9914473
16148436
18978796
16315746
19891179
20482040
20788994
18858861
14188443
15498095
16901582
15919934
24593849
21979817
18729263
11019177
16296580
11276603
8337875
6983079
21098751
12461192
13431820
20109193
11259223
11918176
12694183
20609889
21595644
16009966
23019897
19638438
13706735
16703718
13547083
13337660
13342158
14735728
14848085
19604641
20897477
20666989
23675168
17838760
12507545
14329141
11624797
16251225
22327066
17878557
19612675
12355113
19061497
11670631
16816551
23557482
5562451
18621325
12384255
15159971
18161884
17383833
11226351
17223208
19682062
7849994
17049450
17918906
19833594
18653169
21454624
8468048
15048245
18418545
11932455
19241640
16903263
23324121
12609942
16785384
19312588
21792618
15068606
18817654
19480878
23226294
21679935
15807495
9708219
20708507
16868674
16514006
19989294
10986808
18604802
20113706
14314667
17236863
16881247
16938520
12993931
20732449
11247354
18163495
14861745
5352177
21741428
21778887
4628728
6214357
12218751
19916325
13833571
21880384
17342010
23141856
17986068
23400837
16981365
18894704
11135231
16301513
18446324
14707162
15077449
20552209
17495479
17667813
19643616
21868551
21498374
17410740
18525446
15717592
15892702
19897628
18952318
21594919
20882361
11708571
17605931
11214199
14342955
12490062
18138838
17760069
24818280
23150771
14300314
20081128
22748228
13944245
10112134
2628262
12991176
14449015
15408623
18139029
21949904
22867847
16264198
23509655
14183245
10340402
12193620
14237196
19994762
12012089
23947669
19881695
7227514
21618472
19273915
14876995
6236855
11312188
20651883
22297180
18502223
16793680
12000157
22673086
10774665
12827354
14978948
15845124
21003143
9712081
17952216
12472484
18399396
22572262
22731631
16762297
19925473
20307317
15199224
22672626
15516017
20586135
16604774
17807463
8218332
21652290
15879468
22295758
20376815
17240949
19670373
21327134
21822228
20610178
20145065
11951177
14411780
15788140
18962664
13945397
11839397
10569622
14771099
17208125
18290074
15589818
20203263
18261804
21050421
17993318
21365819
19462214
22294199
20395461
12562356
16093894
14715907
21995540
6430492
17110121
13141971
13836515
16247822
15332743
9198929
19953064
22651381
5670638
11810921
20456669
23183099
9402255
12238702
22364421
15189807
17508179
6774031
18860714
24140207
22932579
19496954
3892220
7235636
16105386
21713030
16446617
10381000
18294959
22527367
7677386
15147878
18845459
13263506
19670614
13381856
13942238
20115325
24753150
19334256
17369617
19555364
17499434
13956470
19384328
20084670
9554440
20570127
13001535
15241529
22143275
19298181
19668454
10427646
20906055
22814163
18580977
19169422
18989422
18230855
19310680
14359533
19518746
9960239
17890090
19081538
18920791
20878573
20788575
9433864
22540968
14220818
23083233
21703559
14723671
15981553
15969289
23024133
14143409
12816518
12485712
14874821
16130896
19795586
15975161
23203426
18700858
16705055
8289498
14922777
12351053
17582971
20994827
10797851
18586421
19456830
15650506
19559007
7852714
12233173
17124678
20314706
16246136
19514818
17859051
14150125
18581490
18759937
18049662
16474407
22844071
21123950
21181797
16624736
14898816
16072040
12842202
18783420
19264275
17295778
17212105
19526371
17867999
19151035
20378160
17624395
18220870
13870277
14844515
12633915
15807654
7993530
15520910
18548797
12631679
15365327
14307735
15689091
22757094
19953954
12103789
15527882
17249305
12679468
20228122
14266198
16314838
15922651
19233810
17600950
22952572
11167947
24495669
19660295
12164211
13826628
16864477
19971563
11810656
19333649
16966365
15655837
16156894
8723325
15284121
21275241
10605093
21271247
13095027
20007916
23574935
17011807
6787650
11423029
13961007
13778077
10738542
10797697
20124562
14565289
18116268
16179776
17237377
17532182
18988837
15437122
21557931
20242492
17258289
21825330
14767346
17177252
6611672
16598525
17264637
12114310
21808102
15855735
9556657
11386641
18140932
11803347
12882884
13975781
9897619
13173314
11255964
14462938
11348144
9258594
14316503
17523572
22351760
21579280
18317833
18278356
18675919
23453738
18098548
21342331
18047378
24280994
17432938
14959826
21480846
14681049
18377103
15516542
8535585
17225490
14682558
20571798
10955215
19441243
16247649
15734657
19128818
20300785
17228256
20483342
5946387
19924469
19492175
15254312
6418114
14822715
16784169
14141758
22764172
20469458
19323504
15253873
20445153
16062046
8642312
18938691
15951667
20146110
16969200
10650009
22915249
11238331
22953650
19707757
15846896
12699037
14227597
22388526
21879527
11625168
18671310
14236336
15537196
18568025
12840704
12544129
19278591
9278805
16772788
18743583
10678531
24195894
16538526
16588006
20908979
15479676
22529225
10467201
17363213
17105842
11314690
22889769
18526933
17025905
13506482
17696695
15464171
16026834
18671923
24091805
19347201
6718759
16429082
13862994
16073368
8419389
16206111
15691077
22113635
20088833
13213593
14315720
10956606
23582473
12187834
13663774
16413497
20315162
22010415
18269382
19926409
9393549
17985171
12338197
20932781
20037809
13864459
22002255
17776971
14157570
20674800
16778780
15078452
19461773
21900007
8497254
20756698
17573962
14036926
20494872
18666091
12945140
19243064
21730592
12060840
17537480
14882336
12294607
16272269
13532810
17675740
20387107
14723311
20113192
19069258
15263599
16784042
12409844
14105251
23149837
17282835
18571530
20044918
5402590
16565952
18134678
8207857
14224799
14410885
14395096
10794568
15018531
14714471
18664887
14863527
13113138
21672706
20591402
7313909
20899165
16324542
19906952
15201833
22705554
22296070
10808071
22331402
19675994
12077580
13546839
9357934
18548155
20871073
19337906
7702588
23999492
8695573
18755138
18970589
20330795
14252041
20903473
13148246
21734671
11961258
20655642
16332046
19462422
23917944
17474158
11346720
21227276
22732064
11323107
18807042
13906346
22583744
16561489
21325202
17759179
20165889
17985359
19929547
18646330
22060338
17450946
16115676
14115440
20325677
13101637
9202995
12643295
21272790
20135648
22659199
11396004
22630902
20278294
13931589
7167511
17898071
20053896
13599251
19176545
9223271
16559006
15717763
11449523
12816094
11504361
14426513
8064062
14520460
21921493
8663461
10903572
18092121
14771675
17988345
21707718
11043404
8898168
10917639
20272091
24186086
12343639
16613910
16240960
23827607
12645472
7954414
17015926
18451360
12800060
16631142
14329720
15000763
13502113
17071995
21883032
15175327
9286855
20912601
19353084
13045255
17724806
24967001
17934372
19465359
11305271
15426369
16127284
17666265
12624785
22970813
16617049
18314084
16573265
18768498
23366639
12602671
15080798
19036033
17485031
14594064
20097929
18318436
9875588
13937549
16834572
15519257
7540634
14961709
15535041
14926322
16733046
17971274
13849244
15410887
7346282
18946448
17044595
15786875
15037304
21941114
10020282
8962402
13809175
7787900
19504761
22480334
14648735
20873892
11019090
20569578
19894088
19907304
9228126
19179853
12938062
11138580
20632033
19621766
12629891
16942086
11328168
9964179
21995319
20270148
19686623
6516101
7234980
15147086
23281565
23613460
16351022
15318680
17418593
19879672
14041595
20939880
9330678
13315030
18916507
14580798
16953094
5439009
14550380
22119576
15549182
12936786
12242717
14356570
17449155
18038328
17557607
21797226
21700564
15300258
18029799
15588198
17619565
5994825
16822509
12127894
20056611
19348396
17047332
17557529
16972728
14931842
22571906
22408066
22080014
15928384
21341585
24905552
19521654
17642606
8537697
19814380
20496829
13878821
19994957
17009638
12856678
12473493
17199139
16219852
21560876
14747076
18648700
15526127
16427326
23450563
16047800
11602854
19989353
12169423
20229661
15840498
13386479
10571232
15054628
23482653
19712839
12505565
13754362
13962640
21240078
21618895
23307521
12687189
16757697
14708468
19301822
21901095
10690884
20103526
20815940
15135928
23924055
17751791
12844081
22803485
14114176
16777745
13820055
22439401
8442368
8920709
9918734
15910483
18478971
21080527
7918176
21190586
22350869
16997580
9157927
18140820
19107163
20232010
21028635
21157255
16070128
23783268
20513100
19977157
18984118
17441872
14641849
13511994
12122662
11840246
18387100
19941739
17078566
12300104
18613177
20407056
13599190
17846383
9023849
12454813
19420211
24550119
5192981
11847278
7566530
18660876
21697671
16641873
21910629
9201533
16283686
16681335
24011350
18500388
18734847
22284324
8101354
13518850
18757306
22618446
17125532
17477044
16626185
10265171
19229909
9696250
18979353
14593862
20491887
20169813
19863324
21960732
14653497
6072719
20817447
10670293
19703584
22736465
21963544
12541224
16272148
14266203
17694724
10058118
20545255
16237332
21326078
20822222
18250901
9593193
20719846
21549302
23404098
14685803
9670383
19767608
19812444
20003553
17593465
14893956
19522983
15942657
21624085
19798348
24550682
19096345
13428217
18687241
16273515
23929824
5696234
10600296
23130325
18645723
22373548
11600012
21168023
11362586
17101726
21808276
15965776
21503579
12964771
19447981
18392124
17061748
20467473
22264433
11855352
20869482
18183110
17267041
12339271
4707675
23667586
12672034
21660883
18439467
13975841
18213505
16133556
21020596
11996076
15686439
17968578
11496028
18620346
21806836
15092144
15868266
16598423
20601848
8761245
15907413
16510861
13037527
16880954
14659374
18451064
23060397
14190932
19185336
19641484
23313593
13817156
20437002
12904160
13893167
14203438
19941910
15815624
15527906
15428622
20272151
20317634
19786851
11921668
14356955
19841951
17548802
20049404
10855132
17548791
20026195
16262837
13551517
12178035
22737480
18592336
21603221
14177341
21913469
16964227
9623415
19431796
19354316
19476581
14574619
17981134
15201617
11853256
20053867
23847893
17866814
21259031
16954472
21697728
13139128
8159654
16287383
12678575
22179293
22947782
17136409
19465965
10907392
20799822
9255372
18178774
13897522
16266646
12279334
10624232
18905985
23412367
15643825
12634179
13677810
23649437
23537052
19088236
14700422
20250362
5833891
21219685
11154332
13738922
17898576
20052039
18737110
19742750
16284151
20251935
18620866
16614503
16630141
22740811
21853060
22187608
11654937
14165253
8494705
11991397
16282961
10122544
23928908
17518329
20497235
13165433
13742929
16463492
17684902
16132415
15065495
17622044
9420261
23282784
23513297
17630901
19333607
15098126
11724355
12247084
14605994
18128923
13798003
17632083
22277123
14767244
16712734
23555170
17782932
13027593
7776019
20593003
19721593
19370823
21826344
22786202
11416425
13501492
18609549
18397554
17024207
15959389
10213563
11985757
10878856
15370518
17619959
23003206
19694629
7403620
13199417
21389439
10810589
8594285
20146509
17361353
20027380
15272354
16473518
17662606
22255851
23355156
13491461
12407768
21094313
16904302
18678318
21495634
19551284
16659240
18391566
19089595
20001195
18151901
18157745
11284826
3444225
17856019
21833516
22235029
5390869
15009785
10955000
17124281
12441856
17042999
22340361
16867731
12679083
13186255
23096525
20168777
14615913
17886527
14977502
6999197
5708574
19427268
15923778
15565559
21764661
13867462
19051447
21278167
13994039
14386091
15008462
18076865
12916539
13389187
9324799
21957194
18990211
14180660
9255887
13287886
17865910
5345838
19982186
22130398
22563335
17715207
19855758
18606156
17848130
15391144
13179277
22359125
24168585
21840663
14534806
13443052
22166508
15358308
22171578
24974686
19547101
19601599
20100445
20064802
21007533
13223753
17379379
22595207
15560115
19634507
16683144
19034210
20503028
12041001
20579931
20994622
15824420
23259737
20376490
9395005
15890073
20993596
23539815
15350139
23697021
20125815
6191465
10252701
12602650
7792779
19554257
21454169
19924338
15131759
15670178
12817161
19300803
21214716
21158066
15641942
19443118
20925778
18743845
17018503
18568534
21315804
12665422
12393915
22259817
10479962
24468447
18678229
13198818
15740835
18593820
14617572
14863237
21498341
15390874
24164583
11609747
19998664
23297650
24138300
18367475
15075050
14213040
12696081
22301973
16142592
19980368
21004670
13571994
22164867
13591571
23593924
6641526
18275677
11405757
14373102
18513781
12178554
17158461
19268761
18655023
17526170
11169973
17357653
23387697
18036973
17968764
17696213
8051750
21655413
6028751
10714261
12198279
14170443
8641041
13237933
6009365
19307944
4914589
11727147
12223754
14268311
16099776
16218499
13325099
10930176
15987258
12944299
15699649
17668140
13977068
11559512
19804912
15519919
6148089
19208794
15159631
14491056
12012307
23576459
13929337
12394701
12919734
22939262
16313112
16626458
22430277
15270884
21256109
7220847
11424747
19641310
19765580
19708494
23346661
14601837
13099823
12763361
21002140
11567275
12529976
9475674
14049316
13272193
20348342
16995512
18766434
17673247
11386090
9151210
18181169
10596704
15277769
16705821
20582228
8630333
16723635
15269984
19853145
21398494
8659891
20769370
16930819
16995869
13341299
20099926
15846994
17709040
9445316
15482729
15368594
11594010
21912477
23518054
15112609
16326550
15421943
19269223
18070452
19873387
16968363
15623446
16320872
22154825
17411868
21392746
16581255
21083929
16600579
8160913
19949796
11254658
10205045
22325555
16928970
20639175
22999444
16147040
19755832
18098557
11604804
22097120
12113371
17255519
19281832
15561197
14946580
12999332
8409086
23993247
23202855
12717567
17288925
19030291
20302079
23157641
17037969
19456067
15792254
19039150
18391566
12532047
19989400
16864860
20966831
17165146
13439465
13270822
15964399
18968288
15107195
14540938
11300050
17772659
15850936
21723383
18499685
10538098
19864276
15071779
16689611
17774839
14901387
18505053
18990334
20336606
16900628
14801728
6712212
15480690
12751688
4748148
15576082
17078131
12791103
12844555
19238495
19069943
15549155
14633743
19886320
9790108
14714848
11994679
17552123
16287005
11283764
10937048
16255365
17474496
20898807
18734274
16839289
18450552
14229416
21206671
9626433
19745123
21665315
24192250
8491801
20195304
16578168
19720383
8883758
19948365
14799750
22834723
14259475
21250812
17520798
11444695
19955054
7223643
21605719
13584949
10886174
14113704
14396385
15757996
20029884
15830402
12477466
18969516
8229438
18669740
14940089
6939779
14404100
14199536
13852315
14341998
19798541
22235396
14361923
6994203
14365305
16046182
21631599
16669033
12988779
21901827
12802915
10633179
19132087
18869910
16573137
20936777
17889583
10862445
11877680
7813996
22112862
21757210
15171338
13209871
17504231
21878400
16356323
10595077
19894942
13081706
21067821
8184122
22574114
8936506
17274262
23206979
13825297
21841471
15143146
11721475
24052378
12102905
22225587
22090308
23324640
10455559
8883401
19315164
15441731
17062026
18310464
21046362
23324718
15986295
20698660
14675471
15737689
17469396
18552810
21492644
7609802
12093401
10095666
15960350
14995657
21013221
19750787
15265266
10405829
19343488
15191742
22228923
23253093
14805373
12309312
11228544
12146491
16578610
23028242
18775890
20434166
12698939
19565167
15444185
22885758
19394044
17343341
10944608
16362425
9748897
4614305
19174898
18905782
16266401
21723535
16533473
13714343
14266527
18543133
21472425
18277820
16124177
18865744
13963801
9224533
12982923
11703449
18941831
7825042
16447817
21872819
17908568
14764810
16102100
17560152
10035144
15999031
10615011
17687042
15775122
12749764
22093427
16757393
19121503
10297460
15264728
20732687
21066425
23004974
18194764
19771347
12172570
20953198
20582114
15719445
18245504
10380560
6561317
22169453
8554133
12634704
22754439
21156104
11298012
14421215
21872699
18153589
10689431
13394361
24039750
22237959
7336547
22236222
4464507
11586282
14575870
17845053
12913859
12046796
19106934
17171303
23997300
13849948
17123880
14530449
8407018
19215807
21645555
16527790
12670062
18683620
18577650
14014715
12617671
17728574
20350328
20185642
13556563
20672281
19487580
16194771
16655943
21491577
21678630
11704745
16311339
13772166
19306240
22690628
19442744
22623368
22193922
20718828
13680240
23201601
24139296
17531860
21617921
8554619
19011288
8498113
14618388
18499516
18081339
16193899
19861511
20756983
22530516
18859320
17145693
18238092
21965298
7115190
19890654
19675793
17033951
12688699
20088703
14567732
12314619
21836692
17456313
17674033
22480492
21112724
12255387
11545616
21921676
11864863
23410504
20426050
14876624
15338777
21401834
18755447
16737880
18568554
15687927
18373641
21415239
22079647
18155656
14284730
22081523
18458528
7617422
10323372
9439097
16588454
6213834
10267777
8841776
21034318
10092639
22970824
20206512
22811475
21308438
24160756
15984314
17586969
17893293
10833718
21350944
18614832
21080492
15378696
18892205
13278915
15257534
23035977
23800267
18140493
16738609
14197087
16757247
15194916
22531761
21828965
15020266
11064224
21631116
7302983
18443396
10439807
14446457
18895873
12701457
23372786
20104226
18601807
21198109
16305468
17627756
23552082
11468598
22156873
13597384
15781991
19095239
16040677
9431084
18165245
20001353
13967280
17642591
20992640
14431985
10412845
16738930
8194017
21550312
12269931
11467247
22467036
21302476
10933991
15926391
20879653
17626570
23228908
19158469
14966864
17087877
13251750
17340347
23384613
16212045
22403464
14304712
14631380
4004530
20302086
20388471
19489271
23058780
10978825
19748775
21449604
15850952
14240603
20505835
10161191
20628366
15243502
13314508
5087907
17344829
22685916
21022647
15301815
23836010
19571916
23157914
19355854
20661833
22355848
16815334
22312983
8325107
16953345
9665380
11268364
17447449
20950935
7320138
19180692
12802444
12514674
12393899
16857642
22164324
18080528
22628185
18624971
22565985
19315061
19441488
17563503
21019833
22102362
17472636
10603368
16870304
18736641
17149402
21434313
19290562
17084137
19203934
20285793
14835834
13499139
11362980
15602161
8858030
18565855
19412904
14380827
6395779
15217600
19167859
13116026
17289602
17554990
11670747
20499589
20932714
17152380
22741264
21349197
15366472
14607930
11520229
23216099
13242469
20507114
18202747
20642447
14889499
7482398
19959180
20319216
13407924
22304431
17780540
19067217
18149191
18735116
12332611
19671077
17703260
11158801
18815528
21795413
4611203
18966704
21015748
17754637
11126072
7487531
14260228
19990774
21050793
14594059
8917791
16271829
14425747
5166410
13868133
14451075
14580044
16139896
15352784
16488762
17658460
21393868
22351284
12355065
16663507
15715350
16944430
24143630
16073807
11034516
16032341
10935603
21358812
7918617
19093653
11319977
23885114
20762505
15487092
10007629
19274353
22734831
23224993
24326237
20859506
19893392
19477692
7464763
11886305
18697579
20475433
18435921
14547949
17634578
12379188
12582142
20793565
20257092
19302500
23303967
19729909
18240497
19886404
8943778
16162134
11048982
14855856
17380364
19338474
16883184
21288958
17632481
14516103
12614394
20687396
7468090
8938101
15856180
14094633
20876937
17460029
20411852
18397748
18495234
23782615
23703883
18221827
20724536
15194190
12001035
21128463
12681809
21862916
15411405
16784894
18147937
15530313
21636155
22822529
16210145
14560198
21050258
19744749
18977371
11672046
7195245
12364593
8439100
20460542
8816463
15114761
16010919
24814166
9389546
21781789
21797727
18961380
15483370
15736927
17933553
14254021
23069545
19062117
10293243
23481957
17831991
19922177
14493949
15531513
22894161
21996519
16334850
19534133
14497834
20395829
16662874
22966745
20952354
17675609
20515129
12358520
19603272
14671004
22208017
15155982
14863196
13785135
21340653
17199983
8447732
22686575
18511847
10632557
15918434
22703973
16651950
16706082
10489400
5491109
20269297
16412152
24317390
4483403
13700490
17633129
15741434
10956325
23827113
22364825
7837733
22682639
18144792
6124839
15512267
20961058
23715987
13744024
17351856
24270236
8544718
19321153
20320197
22400697
14396390
14193462
21109625
17296370
23338266
20665621
16692322
17747467
14602005
14173244
14493673
23340277
21461250
21860992
22455588
17577559
17936285
19114661
17469017
19788334
13468542
18500544
22220455
12242221
24105782
21448557
20234046
22222052
22021193
16811693
20904093
16356243
22126430
13507396
11438833
24260763
22574058
23405028
9273074
14794595
20152047
7626128
15911558
10589950
19688175
9987345
10661644
10841899
14879044
14613745
24228059
21484471
15028824
23565948
13753331
9265661
17649418
22387696
20559691
18885355
13283637
14284488
8957670
15257107
15107922
13374167
17068332
22358401
22922577
13251777
21081683
16539849
15077327
16596848
21799131
11735580
21908362
13543949
14099416
19091116
16989755
16403196
12710569
17140849
21018543
17146903
19987960
14305358
10642862
17184645
22771814
20041399
20143306
9874569
20722178
12224568
18065961
15607529
14529869
6441236
21962593
14080993
17286090
18734426
22204288
21074887
19580105
15618947
21418635
20636615
19849426
21103667
22950853
22106062
16611268
16049770
16778476
13403044
11634819
8559670
17588207
14017263
23727367
12173572
15655190
17466870
23653014
12284632
17985957
23417671
9764137
18041064
21554142
18861065
21536725
11007750
19435291
20617215
16862799
11892452
16253752
12132819
22955603
17151219
12725877
20537927
16268272
20587218
21075422
15539413
20529030
20765628
19378519
20796278
17766734
20512023
19167057
17572012
20925202
9428026
23317580
21552038
9672054
14626840
22363402
12733774
20068302
8896929
11167626
21008725
22016253
9923864
14811977
20702320
12380008
14708422
19489396
22398919
12074270
11698101
20124316
15178183
8696472
11893280
20405286
11162970
14449798
14122828
9328460
17484646
21486262
17229020
16712561
9845931
11418447
22817088
11644154
18490852
15807302
22930131
19156354
21032795
13896822
11739843
10397794
15880579
12152203
15870055
20163182
20576655
20180940
7531364
13258461
17170083
16455659
12560298
17145197
8937479
16622705
10590537
23311151
6619323
19450785
14177138
10009335
8829401
15029817
18032427
18063203
19826950
13728924
21241761
18447488
15637391
21652613
16939201
16071631
23301061
10644502
13022347
14776569
14495873
15996116
21182138
21490842
16623354
18698675
16413796
21638115
21089210
10981668
19647745
19845855
15447689
17977973
13845958
20853728
12869164
21051679
17095146
17245023
15154258
16283050
6863273
14469925
15105169
21492142
21350395
22011217
13049178
12013659
11560312
16765506
13106610
7297173
11066802
21571170
15683210
17008504
19655081
21120856
14130253
19701445
17630095
14428153
15136967
3691996
18448998
24400827
18248600
7153543
21498995
20688998
24142056
18700089
18232938
13737379
6735092
23447070
19541454
12110077
22228055
15765028
13363904
22947761
15352280
23838544
14265985
23055754
22924116
22346260
18962875
17346468
19035098
20265346
17437856
14037974
11875988
24068534
23530180
19502078
12015922
17402552
24289927
13838158
17070902
12035883
15586297
11164381
22866005
14241410
14342660
20754532
22199949
22046524
9736823
20445457
16241852
13150453
21061148
14960822
14636601
17219462
24112536
14724297
18396943
14277970
15527333
7514790
24172503
19353797
14501263
17112034
19779617
21119747
8298409
15894598
21103434
23641166
22354885
21490437
17700944
23165463
17406864
16808569
17421024
13351378
15474445
19285734
5244985
21424605
13315124
19006709
19008126
9583510
11464101
12950877
22673552
23981186
16993177
15646589
23291490
18341392
22295020
15786320
22330974
19467655
19446491
4899100
21233316
12855132
9007457
15871874
13523929
24063576
19205630
15876418
15457621
23051129
18165888
12776649
9671313
22395023
18979396
18173255
19227823
8952950
19899951
16076621
19572947
14478926
17107359
11212306
20810015
9249745
16913739
9552240
16659443
16437677
16296477
24497552
10267687
16084188
22058347
17687288
10749776
16787550
12436511
11939138
18268470
16356449
15973482
14551882
22652531
17252992
18903136
9611313
19530603
15304613
19831029
11617596
14732941
9251258
13407757
14269456
16031119
10764979
14494822
19386359
23477416
20834786
20628427
8736392
16604207
15564954
12741152
22594655
12325590
17244153
22952485
16319074
10486934
20583691
22530970
12966166
17222863
18588500
15877408
19019243
23027745
21576452
19598159
15413925
1801219
16273128
9498420
18679999
19022187
8832060
13277882
16430406
14762334
23954571
9187093
23401430
7731533
16989196
16859491
14996498
19539079
14431929
19064939
13959513
17995873
20301775
19403996
21903659
19651599
5854822
15578495
21943523
18862184
11007293
16708769
21795741
21117450
15113143
18697041
16935731
19987618
18456819
18909673
13917554
14383783
23138632
20567802
21745297
20752478
14928931
13695387
11662091
18582528
14849796
16277986
19990344
20824233
18174465
19934070
21650841
11993652
20125501
15357132
12195490
24165023
14160030
13833044
15808607
12765713
7720720
21269661
22100616
22234076
18848424
23432151
11885789
18691967
19882039
15343006
7082941
20503079
17072490
12600281
21010966
11899949
21808721
19141058
20058596
17795929
10722591
20171803
8625055
15775208
21577967
16357805
18213324
20047535
6638174
18939041
16040163
4176666
18133389
9477769
20521508
12809846
20655694
18911434
22460204
15661355
13681071
20724908
23474289
14996574
17028043
16554328
9907701
18495311
22478105
21401742
13389091
22137706
9886787
19273071
16784458
18471239
12099595
22356061
18441193
22366623
15447876
15841328
7271862
15650846
14325951
21610716
21756787
16705007
8831636
13003369
19325135
21178182
16692801
16141061
17082850
13052512
13917872
14369210
18915355
16563836
22513788
21918295
8197627
19923653
12263474
22400221
11622695
20487283
18137858
18285861
19365033
19569257
18736105
15796874
17420324
21063485
13636584
5612101
24514018
18983522
9155965
19572507
13787158
16600785
21561587
13155507
5477849
14630345
20575505
23726282
23730247
18071601
16842934
15957446
16770841
11073405
14958907
23719499
19643382
13264115
21519060
4507040
19013040
10674236
19223111
21999130
4667331
21072054
19190266
14933107
22389539
16347061
14085937
14732769
7797910
9960087
22133943
15051097
16889216
21969818
18463878
23649270
10776188
19709306
11202674
13057099
20692671
12410423
22531920
15609973
14690046
23247630
10148363
18404484
21725075
18849924
10360057
10154959
17538088
15623830
17453880
14410200
12213783
20686590
16300129
6397534
18936115
17045825
21565440
21487152
7567663
10835481
15929202
18341138
18813308
16661698
22979907
12833901
10468641
20008338
18959175
10594511
21044904
16886167
23897237
15745234
12374917
16571092
19372694
6194152
9516224
14492671
13871939
15594025
21367932
8496368
16148726
17787086
14112253
22775417
15165747
23072143
18603098
22557008
21744920
18002648
12550443
20601030
16747523
15856275
19429475
17368244
22374733
16432241
16862964
18659329
12360876
15877061
19753305
9730325
4281265
14046639
9057943
19649078
6669914
13150154
17473915
15234179
11733570
13001613
17138407
19356532
16388014
12931984
10852760
15982443
17782282
17939890
24296332
13236952
21811168
17328724
8944437
17182944
14176320
18101356
17583064
21771409
18364247
23692157
17204992
14850099
21187588
23356952
14043625
21225639
15535899
21001565
19482297
13985947
12872578
18694490
20888585
10785383
18325627
10468030
19485314
19349673
13717745
23235936
18450516
19787425
17831097
21380621
11434908
3661636
8740984
6609419
18760821
17117266
15233063
21177343
6932724
21914113
15182615
20304721
20773850
6813232
12691871
10302590
16487750
17743121
19099997
16553925
11930910
16012463
13163763
19170974
18390129
17747807
16228321
21616015
20226486
14828726
14142167
20232536
21880465
14593988
15792768
10445390
18417624
23906122
20267679
15536138
5355504
7529650
24238651
23257762
16970670
21092995
16898877
15177019
23448913
19135970
9693893
15770053
22143544
18359386
12861965
12285235
8513789
17416290
21058811
15704829
20725950
20310705
13508824
16663077
12699759
19414131
17135158
21913566
23587000
15909226
21767134
17312443
22559660
21899582
17783763
14336111
8843701
19171092
13680393
20387417
24560533
17474778
19279845
14083995
17754423
16622957
18755122
18426956
10674525
13119826
20822445
18309131
18767059
21987110
16075196
20770918
14957711
11895519
16395894
23427951
13470609
22993002
18234374
18649056
16622118
14916886
14441469
21140494
16756694
22367103
24137695
18701145
15545960
11996083
23615933
9480061
24543374
21616573
14295663
22247986
19440819
20370601
11284603
19233042
14825146
20059969
14069648
20201384
15910211
6933850
11015234
8219738
16568370
13260624
13332358
12623688
16897427
14878977
13444635
16287667
15135773
11082510
21007583
22242591
11804553
23458702
16305332
21351527
19057545
13888912
11337386
20140661
13309634
18041886
10011055
13619983
20973835
19996687
23706889
20901814
20592489
14798055
16869497
24241502
22970089
19801207
15878075
13926932
18760349
16058751
18956998
3645674
16683805
12646391
22362013
12659403
14044410
14415934
19865271
8400425
22093971
23447690
11810358
13726466
21431951
23138637
13867548
10004907
16751187
23214539
11637061
21908115
20280182
19956198
13749845
18382105
18261716
20337966
14214817
21259581
12946011
11386277
23461834
14260584
22494250
1813573
14920541
19161049
21018722
24048945
21026718
15665671
12284049
20353290
18502887
8338179
12863292
19153830
21903464
5734898
12106296
6942344
16888304
14011050
15446060
8741633
13276078
22502619
15958946
19717338
18379536
23308790
20565494
19406136
10237471
22171009
12739913
12999905
8380448
2584233
21584784
15589614
15689856
10677654
22081310
23277249
15975751
23909767
6140563
17390202
19444567
8658689
14247180
13460347
20177798
12453124
11297582
11950726
19403855
24004479
16195748
15967022
10690428
8254332
19520510
12918688
15626596
19254005
11827334
19215180
23195785
13980207
20982448
18224327
9492577
22347969
18734262
8777279
16737262
21884488
18304774
7860948
11714540
14137207
21042147
14840159
13750178
22620505
23187610
16046383
14846367
13302728
13813249
17782026
21704574
13564769
15830595
13210430
9919995
22254094
19258770
12960338
16882858
17338336
18388101
22974917
15769749
18563069
17369872
18908542
7505918
18351853
20747069
22263920
17740075
19424846
21910565
20357767
22869736
18932804
20769801
16172571
20956046
11498976
17360750
8075776
16544075
24991818
21220587
17688504
18080168
9734103
18726262
12839417
23135360
11564495
19632292
16910284
20328515
18133334
17608648
16121613
11154039
14375618
15283437
20712125
19177233
11344062
22333216
13897989
13897785
21729256
10303784
22144917
14645400
21499788
14126742
9627561
12864917
19138958
14315487
14679267
20022538
8567960
19466120
17370253
7779402
19336732
14297026
21415141
10284750
8130020
10148825
20943058
12384872
19514978
13647194
21886035
19336775
22002382
14801744
16049094
22198251
13551786
9181111
9950934
7015202
23631581
16021727
22403300
13635344
19796414
14960234
14325026
15347438
10275380
14124063
12413282
22160012
8747291
11552583
14194657
16734041
22238521
15060065
16842584
22209971
14950857
10240380
12190338
18853694
23320607
19311113
18064273
20496794
10551406
14881799
14964812
23035474
18836121
17982934
19749127
17276032
14130530
22053202
21816311
11184331
22922948
15058552
9282249
12095843
20092715
16868214
12868343
15961606
13621932
18002084
13206374
21875431
18672343
8094628
18116052
20308587
19862596
20600650
13260499
11852539
20906242
19634460
13631550
14797285
22779109
13919949
20327602
22932577
14139360
17704154
13830627
18457188
21253159
18527646
20669278
17611121
18811991
10229261
24366303
20838709
9191441
17646638
8854918
20626894
13180738
22608759
12718494
17041954
18713156
16739199
18246903
17865469
13768926
22068683
13233045
9370219
11534082
17163484
20907132
14662735
21699182
14166490
22733782
10631587
16712448
15636789
13529178
17779823
20557095
10562805
12136942
17633077
13094276
10802964
16216801
20888166
18781820
11133556
18556450
17223423
5551348
24076673
16828625
23831253
18794440
19426259
15489445
14565100
22646860
12789674
12401004
12094044
15736121
14249036
23805226
22680905
20362716
17122855
11455130
19002279
19783995
7589085
18132599
16918416
13550471
15867119
10371249
21044539
13853601
22976021
23564322
19718091
23196834
12592313
16553503
17823015
9569940
21019149
22940821
5253738
20429086
12183868
10745482
11675662
12152024
15704292
17700861
16646734
15866034
17815364
21481139
22104738
19959433
8351693
14874486
20957556
24080323
18406656
14687296
18214467
23857517
20645183
22808325
20912062
15642249
17008160
10557334
21653996
17786501
13377956
20002417
14620911
17834054
16235737
21379785
17558273
15148937
17039030
23947646
10255680
22377378
20030129
20452028
17020569
24818560
6936434
21548091
17211786
19504655
13625935
10862871
19994077
13328209
19771228
18509327
12896288
12187889
16078150
23421742
14347095
18836385
18448775
15395066
22882504
9902009
15638401
14455908
17879322
19858202
9499395
16365396
19961503
19005509
14056865
17567562
17141483
20840257
11899348
17732431
20406870
17703835
23486294
14958319
23338957
12388580
18100668
23392817
19806638
10226028
11888767
17974052
20202357
11950245
18379580
20354747
19032844
18323233
23159913
16233223
18760578
20677022
20287113
15856927
18843975
14107952
17954618
18894227
19628576
15835171
16119877
16174109
17150684
9931062
9936005
11200094
22282286
19546250
19954038
14652679
17798338
17440093
23986736
20606333
14812505
15864594
10832894
14702376
21236387
16653346
16897040
15484884
15946035
14603397
12711258
21531461
8062250
12833286
16353978
20911997
14011050
18056325
24150804
22222159
19678210
16783839
16965927
17658184
14470726
23697865
10992459
14741715
8217208
21132281
7477847
8539858
19507319
16453566
12108249
16229366
17317070
12722608
19346589
16691744
16400560
11800436
18579215
15705490
19595025
21629406
6561994
17992918
20848821
15500382
18315897
20547646
14108520
21020808
16736320
19133665
19203426
23364053
22090951
21595206
18951192
20352492
14203510
20056545
13357779
22464145
11047667
16646060
15554005
20703236
20091949
16649162
22068184
21162111
18004160
24004971
21415445
17063771
17908172
8589947
20809291
12587143
18743398
10665181
23152237
15141684
19777449
17313680
16182468
12243150
16237098
16729691
16940307
17688682
21232963
24191207
10541720
14019749
16686743
22510005
20412386
14147150
19139694
18025558
9511483
9202837
12244364
23732569
20393878
18540171
13380276
20385218
16320100
20282166
18738895
24114684
12562651
17311700
15992466
15178101
20640598
11886063
13047592
15776106
23302974
12344579
16345680
15377743
10181955
23601726
16929622
20891297
14272464
15884234
16526943
17561346
19228237
15891387
5257234
12632426
23700861
19534185
15774723
5832927
24330100
20629043
12613323
9247656
18543602
18361419
21980015
10543572
10221131
16753578
20715130
15419769
17895551
20928922
17312223
19799656
21431139
18364249
15078297
16502209
18169831
8192594
13543825
14876134
14255500
17888575
11337301
22223092
20867349
20148193
16224136
22718519
21147751
20629419
9400149
5439362
11313690
20512899
17703608
16328416
13703430
21857268
7596092
16162923
23818276
16623053
24047288
21353641
20467480
19169200
18706564
12609433
21358280
18144836
14010071
20402207
23863650
12656491
12801667
8240198
16661935
17166350
22205863
19894161
13894949
17199075
23634640
16566199
12136567
9334356
19881026
17068325
20396800
20190536
16674023
18183024
22148041
13767356
20635385
17183278
12757019
15588248
18257780
19550765
13438362
19603116
15081482
16722129
22788078
6796912
16127329
19246895
13891761
11470752
12675107
19658160
9231660
20410748
7863212
19920646
21548500
15465482
11140014
12245984
7163997
14872225
21268347
12791030
18598815
7938313
18140378
14359433
19336075
10219350
21935808
12802459
14658111
19863230
7908186
9612338
16865748
8165945
14290283
21977499
21241328
15518150
12988484
13571927
18688885
16027315
19006535
15984979
20258473
24172060
15248073
20440440
5609424
9115142
15351665
10475281
14334979
2578515
20383850
14696709
21460150
20524271
17257580
12127239
16173587
21586224
20901117
22258260
16847505
10761990
22121115
20489387
18036420
23414860
19077092
12498667
21199761
11781485
21987185
19577641
19052429
14110833
16558472
14789932
13787568
12436538
20034765
17653482
14593669
24629850
14932364
16092092
20333935
22016473
13984261
16730787
20795803
14716447
15915187
9291187
11783849
17940167
15932308
16271005
19507234
22363934
21484934
15536661
22209632
18291387
10965747
20701072
14346740
23338208
20000829
23497940
12082816
9348061
21789868
17021697
16833287
9336255
17688095
17929366
23123782
13854695
2554642
16187266
15227339
17015519
17643280
18500777
10468756
13128232
19651067
14222852
11163674
20944892
13676604
14413531
21913333
19903087
22522247
20611818
11930366
23634489
10523045
16777665
17884040
8814230
19292358
21715913
21147115
14539658
11198474
13115339
19830229
13831627
17057616
18095597
24736260
19566955
14944022
12389999
22549275
18566564
21928021
15583360
10231884
16375244
21696079
12680213
21641660
11146458
19481443
17388009
13801682
16863648
20057844
6921164
15289010
22287133
20232621
17083486
16094284
19064510
11457916
8541533
22266889
14166581
15889859
17925735
16880014
18700790
19477292
21345724
17109914
18971458
8499755
11637213
9890737
13780274
21461185
22962212
8937567
15985093
16083099
10687715
22987599
16289333
12518888
12463022
12603501
13239633
10338851
16558934
15955308
15688987
11974941
12341699
20864194
13470336
10768691
16064438
17445851
18562292
10406442
18808226
21685871
18937400
4498521
18070137
10157161
10267242
14886764
24351807
12358031
9136801
20150589
13592136
14774996
17041119
12348264
7080671
14796294
16022466
19189409
23542958
20833365
13398605
13197613
17425703
20887982
11295556
8634561
18807776
17607894
15235426
15201811
21798904
21881695
12272608
18523571
16119692
22036129
13756161
13990485
20349244
13118461
13493168
21052880
7037046
14157958
14759313
7420980
10501781
8699589
15371186
8223616
17813866
12446384
8809453
19383307
16565991
24052672
15405653
6442472
13936517
12787980
20453240
21223430
21623333
20142606
17306697
8135080
21695014
22857285
19735291
24124776
9272165
12709965
16888454
8412558
14874494
8410466
12625143
18497440
20059495
15742074
17846397
14760140
15995268
18413658
10812753
15031998
9838779
14258687
17444653
24253421
15318226
7464205
10718006
21484586
24424712
20660602
23074169
18586989
16422623
16772238
14301335
17697729
15010640
17703563
12915404
19750474
16910628
15724845
24198772
7172866
18569945
17795195
24754660
19063214
15966388
18789999
16373175
24879925
15537061
12064788
19919006
20067498
17123795
19319766
17402726
13083258
21557237
23153974
11210241
16324118
16639226
19865353
19489365
20141684
14386710
10894827
12389628
16414349
20755605
21450231
11584631
17045060
18751182
12509255
11206830
9134595
22339943
12582725
14882526
17127060
21825236
18673247
11188417
20889029
23413207
17498998
23181726
13123700
13565050
10226580
20041544
20911234
14289780
16325078
16931266
20811739
10876817
15279737
21936338
18670033
20001354
18143459
16024032
23097069
14612856
21133219
16857947
18485206
19983159
12702534
16987285
10060073
16658824
14859814
14085294
22961670
22559719
17688078
14728760
15821225
16134018
12569485
14027939
11283745
14903498
20508576
8645504
12462739
21233412
22336118
18471510
17932227
22041674
23263581
13346765
13533794
15802167
19095107
15386584
17480628
20132154
18358068
17304466
12489313
22159361
6161473
18976248
17887002
20282588
18240284
9550863
23436389
15717467
14040762
23659599
22859050
12123622
18957989
10574777
4664147
23003505
20928648
12920376
12801707
22164037
14464864
8166246
16990243
21915530
7608421
13812464
21846513
9606660
17007487
21838501
22298414
18154835
14130760
18492052
13750404
4825475
17208626
17747593
22552315
16055923
11176515
17040537
20720131
24092289
21269546
15115786
13797578
4949460
17561884
13999445
24712967
15830134
14975114
16483288
17768675
19469593
19642571
17002717
17944280
21703115
12654338
9652579
14898437
19141662
18600005
15080451
14677904
17687719
19973524
17466218
19660112
11666640
19680842
19625859
18686739
22206315
9789751
13453015
14137783
20563121
17474129
21176031
19485561
19161186
22905778
18998372
24884035
13637383
21686151
13805586
20005926
16515154
17404285
17970974
22758661
22854532
17447290
11490897
19630707
14872835
14777554
13957425
24678854
23422556
19213507
24183614
16502527
22165411
22552923
7072121
16975970
19529065
19351091
9983072
19827455
21052146
19948153
12656335
20012994
18109639
16425664
16235116
18986585
17229579
24564144
12846427
17316594
16986420
10823945
21300166
16782132
15228059
7427674
19705427
16266623
17933022
14939684
20043432
22707565
23899343
13038695
23301668
15333906
17500695
13497533
9204703
14915642
16719031
14748967
9954598
20029832
18733714
12212809
13157879
12083126
17959600
11191809
18826624
10708553
18432633
24130286
7675223
12106366
20832373
11072302
19849645
20559425
17038317
19781304
7640357
9793234
21715398
21087918
6584656
21432920
12707508
17927429
17409046
9058656
23726185
13355616
18291916
14134032
19383633
12611300
16442611
17323163
19092470
22210891
19097370
20426134
10717199
15216053
9982809
21966487
23708250
23768912
11849304
18695547
15040185
5456043
15887225
16135562
17184744
18965163
21296689
22339509
14810164
12584545
9064351
17737648
9371863
23508622
22912511
16392012
21113509
9578042
13873793
19654434
15289046
14147416
15149445
19613962
16283107
22534388
11699786
17542943
12000708
21840924
17231850
8167886
18487116
8900447
24409950
17665850
20006589
15256038
18778187
14870780
14639631
16224290
14318910
19313107
12934611
21096193
11361935
20825415
22569604
16333105
11057318
13650458
20685421
18654521
20925184
19964475
20561714
20468603
21493576
19456166
9643024
15290917
14642500
9190723
17122378
19611045
6064428
18371551
14696971
20885212
18375569
19861441
22506551
14253497
17765822
22920665
20686366
18420768
11272637
14489211
7428812
13002001
20990792
18802584
19165897
24308994
11890266
21426080
11611860
11248832
4529384
24110612
14195565
8373807
8168721
16790058
16310923
18558612
21230530
11089674
23326499
13782196
16574779
22056925
13686606
11396184
15581636
20314730
22294965
22025979
18063473
11552303
20361049
23364639
22394396
23839531
20323584
13892429
17501511
15562311
23459690
23227889
7549238
22277553
9907056
13634811
18092080
18826205
20995475
21089669
12778148
18816864
14399245
13565890
12424301
9902284
9627986
15548197
16149882
16343636
6417209
22885820
17237865
15049207
10653949
9918793
14906351
11501650
19583602
17101329
17306353
10446602
21211916
16540277
16205834
16692980
12210461
14289465
22391448
19657092
12235435
18166141
11501116
19083693
17565222
20906450
17021422
12148222
16960111
23384256
17637056
17461679
18146340
14802171
20900722
22723309
20569207
20820000
20643592
19626691
20753267
23194627
14058826
23511899
20627028
19214231
19429684
19460229
17333359
15281272
9886330
20123027
19819207
9421929
11444571
21523653
21646250
21711893
16988244
13814265
17386451
16103595
13880394
14535786
17657273
20337010
17682149
13587499
7824265
7829343
22135203
16319454
15024187
16472050
18390242
24150382
11183881
22602674
10148918
19608746
13862206
12364287
13091548
14889340
21772324
15681791
14369203
16052899
11999613
8864314
15849598
11162598
10249080
18273334
19470405
21619202
14580615
23652966
22417697
21294644
21551068
17947614
7815843
20779641
13455069
17404557
23226746
15401330
16834580
12021547
15600913
15682246
18254227
15106311
17768012
16322546
11879877
16526692
13222310
10174956
21279695
7041274
17190354
13103412
12256159
14608749
19588659
19060714
23385555
14387998
10213550
17867546
12256912
17069713
15758409
12232527
20889605
12265135
20247816
6825725
9846786
12408969
23023004
11179337
9962891
17001591
16346716
11660397
20769866
17893071
15762999
17262589
11843146
15174321
6243913
16749556
22691770
16593053
16104583
13152440
19179283
5947575
15239290
14190533
7290315
23168786
21552513
18423602
12238249
11992168
18980088
19751218
10644266
15568430
23359326
7391015
10221045
6905589
21880017
8420329
9259657
9259785
15670818
21897764
12650574
17595504
17802555
16215340
8290745
19947546
8108018
22927456
9221363
7837768
21996180
20302925
7194573
22667952
13256288
16770911
17253714
11351046
17183770
21668720
14779597
19733283
24324764
19810238
22394203
18201577
16349687
12335705
16166991
20072750
22812961
15792203
15053227
8684374
17977101
24322050
8052466
14650408
20935614
18606681
16888750
6198438
10814948
13609059
17711097
17533310
8776680
21866481
13815502
13106748
10816274
21056510
17196822
21915113
5795447
21814234
4410309
15736574
18409113
16295122
19702643
10168607
16087931
21768451
16376825
18254781
18514142
18279246
17829612
10663538
15004810
16467119
13960950
16901201
12824381
19462031
20930864
15114284
17479650
12837372
17260273
8397507
21057485
14653718
14732407
21551271
19891895
15227553
23447491
12688692
19328448
16775653
9993761
13455700
17460339
15582595
18821446
20669400
16814294
14081498
14156316
17209499
22283664
15263454
17949433
11195390
3290725
21093611
21523289
12481071
17696133
10274077
21743806
23758451
12281589
20338418
23186934
17650955
18037736
13571829
21746694
18485562
17988101
14520241
23336653
15197875
18000876
20803760
16482201
7537509
17820137
18143006
9409618
20228232
9475387
18171123
16135567
18181360
12085700
18431045
11286415
9264445
16305610
16442607
11690554
22928565
23823965
14699749
8097313
5660082
12044567
14604998
16542773
8426740
18483448
16230907
19886842
20320321
17113874
14057731
20935382
21503139
14174946
16654737
17190353
17561639
18835639
20055612
14507676
23763429
23700068
20820063
15039831
15105299
12336938
15944045
21490805
21207678
16418798
21269407
10948848
16046949
6409615
21783718
18083359
14107320
11086255
23731497
19061379
23020449
19901878
12095958
9406481
18555745
15493009
11281181
14345904
16004838
20606273
19864439
21680692
21104299
10924014
15955341
20795431
21201900
20344956
17767314
10299387
15514027
20505584
8615010
16043991
21247255
18399716
4225737
21868193
17583998
12140516
16969993
23564392
14112249
21584917
20882231
18336037
15281769
12906018
20673358
22072753
18008106
17001022
17304958
17149290
15504743
13363857
21003090
10459027
13501305
13499691
11125042
14832576
12920706
17851147
16438001
12271382
15644319
14340512
11049964
18746679
14772713
14435481
16644636
14267066
18876797
20794261
4413511
18756490
18672538
15540752
10706161
17203270
15676378
21418137
7143562
19958484
21834473
20128089
12784534
20127219
24777313
20563032
12455530
11704091
11089845
10617439
11653502
16935985
13290695
16554749
17504275
18941980
21358564
22230222
16064715
21312026
20933284
17426991
18149509
18132936
19419848
18085712
12532344
17280873
21718441
23425006
19408842
7378976
12041805
17962923
16025963
15966541
16644387
12194748
17948005
11584679
18005297
15318598
16779059
22446278
16556758
8482140
7910067
11600575
17350778
7586850
7714612
22383419
15557206
10334236
11938420
13735369
19973103
18184201
9584513
18730247
18911632
11035309
15426801
14634307
16669909
16884639
19552393
13191331
22664496
19519942
20135544
12909005
17099372
22237919
10426159
24880609
11854525
21395595
20247714
20172352
23300475
18769136
20499528
11115754
20800725
17497596
12134598
18363839
23400825
22355059
12208367
10526365
24507219
17578207
11533013
22942445
22308430
21725457
18701834
24333060
20548843
19002606
19584953
16185919
17699881
23902083
23522064
11397736
18551734
4464292
13328128
16737501
20350606
19063076
21116283
12825396
23689915
17837811
21084361
13265456
11388396
6164210
20562928
22236297
11769853
19306487
18558238
22115137
5766103
13587620
23888443
15988294
24471991
21960341
20550869
20391513
12882669
18874046
13876179
20004132
10117416
16301518
21782942
10707014
4551789
20788438
14208933
21633012
14846490
15167094
17307674
16985982
24064235
10842324
22020112
16152061
14846923
11395431
13579266
19122160
22588026
19156216
13103648
9319954
23511262
15531356
11492527
19537454
17480845
22221242
14336071
22662595
22430034
8249326
16396926
16199653
11076759
21544467
14034386
11544257
10455415
9540030
21839885
14147715
22366882
14196346
20194750
22551260
7945526
15878947
14932407
21615035
15688207
20625125
20300115
17157837
13875795
15831578
17788849
5321960
12460473
8772510
18878699
21204211
16316358
11803964
22628227
20980715
10312051
22756002
11083502
19778524
11566499
21355300
15290658
22662183
18953001
14620487
17231870
8569226
9219036
20417472
24120904
15839110
18928800
13931475
17249860
9790306
9509429
16852567
7888436
20777188
15053758
19134952
16414993
24518130
22275563
20783540
21839316
18894278
19030199
18374932
18308419
21957147
12399792
17704962
17743287
13729649
17970797
17734133
15954181
6158272
19500630
12853162
15755373
21530755
14455823
15430760
14358901
17092114
19343348
10280214
18111250
13169302
16261652
13624393
14283638
16359773
15216718
15277480
17194509
22131743
7464078
17107213
12651934
19442673
11514296
15529978
19529560
18743463
10983349
7807873
21669466
14155810
19734377
4010688
19343765
22098113
20676141
15889333
9355483
16776450
14395480
16017679
16956212
19844634
18171080
16534040
17170775
18622591
16648416
16397567
22692117
16039268
20553077
12217142
7828826
18483507
17300804
16420020
17050895
11720370
23389648
17984557
15059754
21799322
12571642
20798818
14402828
13922903
14208416
16908001
8110186
13581458
15887079
14310257
18448954
13054061
16645812
15673947
21575409
22573599
17036289
5503998
14651108
21205399
16933938
13849503
16340727
20505007
18987920
10192093
10071436
20099561
22539521
21552941
19502804
14125832
16716502
18298869
17684971
12997195
18919536
14239720
14756844
11676867
14951932
18401448
12565401
21273725
20485359
20669898
20641952
21018200
20890533
18211533
16392110
17163144
11498452
13902238
12092299
20891813
16247783
18077502
19872027
21343323
14000132
16359835
14673979
14797147
17179551
19339256
16881268
