21043112
20806523
16640581
16184842
7857864
20314220
17841057
9806059
17338263
13387172
19959459
11365000
9983059
17488545
10317370
19317529
23632016
15955865
17644644
13998087
16958478
19631214
12402134
19770354
15032191
20340035
11805401
22708269
15097196
17926165
15444058
15532774
18564747
18548778
14794053
12343456
22206120
17734027
10712703
17169019
21620221
19903908
22339048
16103269
11869760
19016228
23115829
22339405
17210464
11725237
15452814
19151021
10692867
21455012
19468041
22471215
16698272
10308408
17754738
15161953
8138296
10867830
17785269
7610829
13692841
22672632
20575475
10347126
15843870
14175283
12013229
18951280
15159650
17908721
17245426
23406568
19294028
10195558
22273810
18068432
19447228
9224302
18872070
18994880
17524159
12405703
8723377
19514115
17581637
15196056
23762255
19122822
18623926
19911125
19316921
17872247
18446855
20601250
16068233
22466474
22309786
13942238
19007271
15494057
14240116
18451775
19836263
18548325
7598215
11607520
11784416
20227218
13606919
19670548
15105954
17649148
17112808
12340980
22200716
17726633
15415528
12454200
16870377
19476263
15322371
22292948
21220134
16689711
16614453
19876665
12430732
21715669
23352200
12707662
19144109
19296635
18517168
23417064
19707375
12444995
16270050
22357024
22962733
8683982
18424503
21116864
7381610
13641729
24582622
6355933
8722472
10239189
21765869
19531756
20918732
17091967
18646075
15621492
18436675
14633462
13971761
19250974
24134921
19161730
12079835
21908109
17276492
22187843
20117066
8272666
16099333
16021480
9993214
18005815
16400141
21601139
10852477
15002070
20064085
18680963
18451411
14671177
12672701
12283080
22531157
6830624
17055473
17934540
15016534
13044923
15930500
14682728
16430707
11785615
16425250
12543217
12611836
20171754
14449384
22874227
17154617
12105534
17037418
7638292
11114315
12638904
21981723
17168674
16605637
6508421
18014116
12632877
20471662
11075592
15836384
18447617
20689588
15505965
15292569
16341739
24492461
20511894
8196829
22906888
15633743
20379232
17927824
12155155
20524306
6790733
19268341
17403408
12872012
21338250
17660775
22484924
17312544
18561592
18344612
18790796
14711122
12485938
15064094
11374304
18937137
23517750
22665923
20421287
20191622
23115118
19739470
15162460
21803075
18494229
19481239
16695034
13929648
14760320
12153860
18515580
20761895
16235704
24905723
16159189
23419371
24538478
14842811
15429518
16524920
20299213
17501937
12316938
16721366
13298909
17503242
18981663
17335492
16585709
22466743
23241056
22530475
15990074
23574099
22672702
16889162
19688439
11718612
12145853
21032938
9499517
12586532
9075629
23358168
15447716
16536673
18564114
19972954
17337064
19448304
20930471
5230521
8752097
12724059
23782653
14861204
20601337
18496203
16190522
4402893
18889422
21797775
7771271
17438548
10066802
17076646
15402615
11802253
18465110
2676400
18314214
12863626
18953904
5749530
14993295
15767257
21719812
22658438
14843860
17581370
14781525
17144892
22762769
17172063
14337090
15509738
16065571
19900868
11004239
22155710
13770135
13278551
15225121
18366228
15708710
23460918
18238305
11155046
17822610
13023907
21727318
14176828
15075740
16032289
13449566
16557589
16381213
20150187
5723243
21062462
4194825
24723749
14589438
14731260
14575379
16666968
22152317
13864101
13876387
8604507
13514969
20416238
16198498
13401082
19879320
13769464
19280397
18480745
16601619
23456661
21119077
4445770
15984109
9663372
22294886
14283656
18583072
9311523
9032302
19807672
15331112
22440202
18308748
20553301
15457008
15300894
17916283
20902736
14173488
19074052
16237172
23806924
9974801
17416644
15285865
17925915
19565445
14899836
22887965
18326668
8529500
5368413
9405497
10155307
12181502
14984033
24327979
19465089
19979333
10637123
19676489
13265987
5777112
15924039
7255077
17971064
21090656
19044931
10315131
21106647
10225373
18220325
12292211
18135593
9469876
17523970
21363536
14079439
11683226
12505973
12224212
24058350
20306809
20597765
10567434
11275745
23088428
7754195
18889967
15599722
21064216
17884699
24364988
12683319
12919223
7265348
10248202
21817323
15510782
24006412
22039883
17656221
21595502
17740066
23562805
4705882
19334241
15840837
17727835
19349694
16950231
21292985
13096481
16355612
20997138
11953123
16232627
9059385
18169312
16574100
18679193
14557644
16691178
8082786
17112894
15239334
17516583
12816208
20439758
21229674
19104451
11597498
17667310
10924719
7622712
22274331
22225058
20498315
13717600
12173921
16889620
8578800
15669777
23599929
8975040
19837661
17849388
14872744
15900549
18280544
18725177
23807028
8460281
23912789
10193512
18135707
20817984
12851302
14650303
21997973
18080647
13611640
17571661
21154427
12032499
18024820
12489844
15760946
13483214
12747572
7824451
18835001
13703867
15699024
17355010
11681471
17726455
16426770
18632354
19844575
15181585
16595086
20168538
14780154
16661921
6085136
17602801
15777193
18887703
18980223
17703914
13371876
17980100
14642023
12741182
22011004
17387476
8890741
22951301
20984971
23809481
10486832
19628802
18462482
15791649
20150339
21188996
19976702
8447749
17528877
14805279
14703077
20464424
15111101
20838215
16624146
20872884
14147744
8634115
23537788
8801207
14378755
20943530
16340387
10719542
23169948
17493465
11738741
16474413
14442876
12103608
14261789
16420076
23567300
15129898
17338497
14409447
8666100
16626037
13663089
17280432
20137063
17155564
22893196
21102207
22233843
19363007
24375504
16073065
13149017
14773574
11767801
11587259
17388196
16678671
23368811
17681565
22784555
16894895
17048209
20971192
18645501
10400638
18285871
17374527
13183491
14728075
17997861
17000116
18145339
17068269
10809298
19025086
15633934
19213245
17095816
14994239
16304516
23952169
19243034
16675912
20258356
7489432
22045847
17880334
15230563
20395928
14609698
15382827
20531756
16437647
18853467
15309242
22425897
22323071
12071860
22463939
10418615
17928649
13062197
14597282
22472457
23263523
10258721
21119013
21617466
15344961
22522984
23586098
13551253
18736816
11900900
21008233
21648425
13092041
16120066
14417192
20511731
22391181
22413571
22418529
13669772
19657060
12198515
17908675
15856300
16607149
14338294
5750901
21177780
11634533
21624909
21155349
17863364
18825332
22396093
21133864
12015788
20059500
14671086
13310219
10396880
22416467
21391484
14080391
14294069
22067868
15877784
9441134
11237674
14151188
14828700
21218780
21428234
19716726
16354236
23029307
11097040
22829020
14212254
14547864
17302337
19625586
5884520
19153876
15717581
19876072
18521241
13875981
19694773
13537531
17903776
13871529
16105467
22508001
14865270
20667044
23723127
16867511
20848006
20845332
22319865
21154929
24030120
16277570
4616446
14836104
17806205
14934737
17379411
19656499
13199531
21011918
14059722
16214124
17007123
21892470
18606215
12825994
7849363
15378489
15194945
21046554
24214852
16304255
24123674
23617259
20197670
11687040
14274806
8745879
16331015
12922862
22430670
19621291
15192172
19413232
14434216
16161682
24440852
17869894
17447518
13561246
17295198
18097427
21540011
6818312
21332751
21486921
6610035
21160895
14080993
17205385
18063464
18842504
18504110
20570812
24285884
19618411
13083087
16166514
17397088
17787939
11168315
17366840
17435846
16344129
18965410
21812210
9834692
9643385
12967624
20114295
12808337
22196330
14548043
8878125
17139311
19668008
8710065
18230995
14676443
16906812
19301007
11862601
19537713
8174187
17218638
12018679
8325347
9119035
16523762
12150056
19199804
21205007
7140051
14346559
17415952
17984071
16401818
10488348
21091270
16017244
13342606
16595745
11256944
19545301
20463995
14285470
11375216
21433012
16056729
12792428
21603655
14153986
17604504
11333556
18256965
7452591
15251793
12515478
23997695
24010978
16288452
7597657
14548310
18353109
17079704
18692041
12972507
19071184
13638446
16709160
13932037
21947429
19384216
12046563
16107226
9597147
20954751
13811898
21499127
17505481
14742193
13140032
6158078
8474796
20047420
15637727
22003371
23732174
22146635
15258433
19558293
21627717
17305075
22258799
24849506
21176048
9502678
21579229
12816131
13942572
18162327
11276263
9938362
19033222
17591692
19857468
13841916
12443492
13673422
16500955
14093175
12894302
9892580
21190486
7638496
11663060
18416996
21364046
13200696
21217532
18636287
15024940
9801875
15034748
16451270
23631693
11232992
16180091
17037965
15083613
24236341
10751316
13230960
15535319
17543751
9892601
15397545
13611522
20620288
21133105
23407549
21960471
19026441
20763830
14474926
16867066
12799586
14474992
13971393
19696258
17304285
15225706
20337395
22503050
21836060
14534586
5903390
9066777
17788023
21180967
9559612
18871784
10025651
17817009
19918454
9583978
11675636
21142444
19663502
18199822
17780790
20405335
16346132
13261289
13401756
10937313
6365247
19022943
21028519
15269617
18025052
14136975
20723360
16781634
17446442
16732958
15924829
24006016
11273881
22011329
5974564
17084945
23382273
21338355
20248075
11727206
17931000
13220429
16717427
17844458
21815376
22700722
11098051
20295055
14667899
16218854
21747169
13571553
23848761
21368678
22073197
23666084
22821444
15773115
15098415
15413235
11502071
17064314
18800189
19633754
16420008
11854712
17854080
15614543
22823611
10810113
22249219
19051023
14865758
5785325
23663030
19784882
21981796
18374822
16327868
17876060
15977624
21600145
21959334
11862479
21330995
24131046
21317252
17551244
20219863
23647557
18507261
19166263
18286738
15747718
15387729
21786528
20497596
18989788
19774422
14339042
22251705
22716905
11297584
17485029
17990631
9861313
20984400
14649121
24841972
10391141
5007524
10742509
17149595
13717222
21589727
18915947
8633475
19686024
16830580
15075926
13099985
21572134
22781965
17293037
4053318
12206470
22351309
13622837
17123342
12235719
20060125
15753593
12050515
16822574
19495123
23158896
8098003
22618419
21075868
18432007
13942030
20177925
19027157
6789333
22368126
20455917
22464912
19928949
15664186
8687641
18181252
15192390
21842812
12174368
21867908
11862353
16930186
20225979
9579209
19173187
21205861
22857917
13744190
7525145
23222962
15453153
14590838
19170534
17359670
21724936
11813863
19832442
23815317
11444227
16204319
11551201
19278143
9090096
14720366
16842288
22270625
18549277
10692448
19390420
15704141
19196245
14427757
23091481
3815520
23515878
14950292
23044267
14555024
12000078
21027273
20423876
21644445
14987148
23979177
16712900
20628633
23178597
12125690
21618359
8984637
20214792
14409759
16294439
19444427
14493279
13199676
14406577
8268284
13417667
20715354
19787306
22576510
9129895
8669819
17673467
14193629
15698724
14470705
17022212
18051746
19850888
13398568
20600657
11919299
23228741
13379808
21119178
14328994
20766417
17976758
13864070
23299398
18546321
7556452
15370934
21501902
22107910
13494015
16885558
20662041
16359641
17551586
13559230
9470596
19834270
11940891
23356504
15826558
13873598
13672888
17228119
18783991
14701932
16547648
15776429
23789109
19585288
23051287
13178373
14447232
21487109
13370267
23581100
15664478
18211898
19524050
10708145
16902451
16731613
20866811
8837951
17527770
20633558
22412719
12196313
15498761
7986350
18950971
18572552
13432193
20023603
22542551
12640830
15097411
9260122
13290611
20510895
21311221
16563084
12354291
11966386
15222513
14160973
20353892
17446020
23015343
9532502
16293696
13696365
16380644
21586154
20845362
10696901
17531644
16222120
18939091
20440576
11871207
10647423
19917927
17895542
14031010
21746276
11679724
7033997
10561654
9997307
17606915
15753567
19154513
15690576
9492339
13173888
10663125
18583437
24397012
17710866
4723692
6996824
17741510
20716832
22441296
16547462
18635482
12984365
15005817
18066906
19281416
20870842
18734837
15817414
7508231
23583927
17751267
17105823
4790195
23964189
8350787
13319825
7025679
20262603
19303514
14633181
19190415
15707233
18670721
24115509
17828765
18875736
20800938
17019772
9640721
15894745
15958721
8331840
13073754
20207663
14295822
19536724
17363160
15626716
21242052
19161510
15352898
18502444
20525001
15733767
22831215
18280677
19828340
20538142
9847429
5478170
22560967
15867367
19114288
21113627
19948397
20950327
19631811
21247924
24721590
15709699
16946857
19163918
22731429
21240390
13361116
23267904
23625158
19555612
17559263
20147585
14641041
19371137
9957706
21584943
19797347
15983080
11831382
19462732
7580090
23245626
14573801
12800072
11547348
18464953
17349489
12385869
14583805
22019629
23130277
22169238
8589120
15258029
14703314
12116140
20649149
9572191
12433727
20170339
23124095
20625699
18390209
22262427
15619342
15717676
8585748
19130275
22795400
16206287
24699072
22271249
19304618
15372401
16518550
19801475
18159618
18574606
7948380
13833931
12729043
21411553
18999818
21865734
7703459
18856388
19318363
15136767
17159967
17591433
14763966
7650281
16519520
17689984
11989624
19564762
22653943
14709824
22829310
11197217
18974655
6864804
15415790
16987837
16977825
12781357
18861110
21624730
15000502
7802883
23730758
9066925
11428473
22947114
11444173
20948985
16196599
16876804
16509009
21940750
8529986
9656691
10957081
19244494
22661056
21291536
19642234
16665466
11818082
12163113
20310948
14253694
11849720
9815933
15260625
21404516
21964648
12504911
11791735
8701182
13444275
13075715
14045773
23124404
24381252
20662668
17727205
7924681
14040827
21768974
22179973
9866041
21459075
17076390
14581430
22888690
22109021
17409652
22549926
13504779
19619941
16773447
18008449
20920491
18696595
19539554
18972480
16615786
17597639
9699599
19485469
21372486
11759270
12340432
16351637
19603819
13290323
24095042
13064131
12449178
22883612
3016032
14421502
18361196
8493054
14408992
15486926
17748494
17499215
19663594
12789671
19246829
10069245
12845606
9028405
17790327
6320967
7489822
22710667
18351273
14879573
21897528
15212023
21988280
19392523
16058834
15305670
16549566
10440269
22053538
15085883
18919792
20059477
19708568
11743677
14091935
13499625
13764428
14388885
16075219
14194699
14929306
13761602
13895169
12326486
6346385
15188542
18534058
16669359
15775480
11214445
19149448
18947784
14134999
14650262
16718702
16437834
20260442
16430708
18999476
14285135
18500147
16207033
23022661
18245822
17617989
21025398
23434741
16762418
16685552
19031644
22238444
17563998
12130179
12545197
18745644
15247636
15763504
19257392
18775113
21417498
14643046
14956050
21795308
20162950
15753382
21357218
9607292
17109691
16833858
20476969
7373380
18543028
17841254
17931710
15181143
22806151
22219309
12384539
8160855
23328059
5429107
14109489
11230471
8647784
20503822
13333553
14206906
17036501
16127335
23461166
15598671
20231924
8367897
7426593
15167908
19310226
19723234
15259649
24120702
8921026
18811316
13647728
21347281
23677896
23959415
16958150
19006861
20619376
22601312
16458841
17826164
18198268
15041638
14976076
23211155
12576327
14826363
19486980
20767671
18533595
12009430
14895248
15883655
11054963
21106950
20611798
17152914
11754388
10295695
10900717
19839276
12631385
20905895
2126014
14709403
12778441
23043755
17104502
11401700
10895395
15956515
13794841
19361814
18921152
11918909
23646640
11390083
19058116
17951856
22598156
15128274
20232422
20298690
16988400
21322495
18490152
21785703
11176322
17401039
7420836
19810040
22590908
17838857
21327401
21490287
12861291
18775571
20458432
22814780
16304324
12056427
11688722
22254452
22439280
19741525
18181666
10981141
10294259
11759866
15846359
15312142
12525677
18977917
18331251
17379154
16891379
22121252
16955935
14332211
12791570
17571522
19101093
21081325
23171072
22194855
23751423
19620919
13983117
22250345
21801551
19473307
14625590
14521915
13095618
22599256
17232046
20664924
22248880
16649594
17501964
13375469
11793700
7768126
23118746
10228953
17919076
13673299
20207059
20781032
15139984
24319681
14683349
19346420
19500657
10755877
22058057
15788214
17098809
18556333
22278115
19014148
17315818
8558647
17768448
6393924
22765271
23453460
12350165
15747721
19659388
13317018
13551713
10648266
6203447
19457001
19947129
6414999
14283704
14147286
14225260
11682758
21900887
22800798
18464751
15956779
18330885
11931569
17384257
23432949
20529605
19253495
18841640
14724267
8432142
12209124
21414662
21115486
13356665
18733010
23970260
10460753
12967028
7326803
19161038
21578092
13130649
22988704
16614869
12049059
9262908
16617355
17518192
19024282
20127324
23272633
11857633
21887607
16304896
11488687
20647487
8993311
13442448
18758472
17592247
17881907
21633865
10905246
22069784
17208243
13610875
11955539
18544424
15302563
13640996
16505343
17622982
16130092
13430873
23459831
20662865
17870025
9791144
19831509
10118218
17250396
14326845
24396912
23790808
16486491
19729297
23604093
15712847
13772308
5903752
22216864
22113234
12927179
21598669
23659432
21054278
21619248
21355225
11507166
13564540
19012138
16877870
20602489
15579932
19842929
19465547
8397693
21019901
3944014
15164986
12335755
20455218
13009436
19572378
18523008
22007542
18052129
20306780
22419069
17805119
6102827
24829759
18807823
17180952
24499424
20013269
21185474
7297046
17224740
23245294
21810260
20885058
18069236
15758391
9457194
9183568
20488203
19034100
21288042
6989833
19217539
9066018
22252693
22657134
16548117
9717259
14966465
13579599
17473140
12293969
11501814
21903427
15569853
11155739
18796317
19303709
22479003
16000579
20314251
21004275
21650525
14231838
13043890
18222134
14198074
21252510
18801984
21015644
17660000
18276812
19454787
20109641
17106300
18411058
23018040
19057935
14501668
11366509
14768180
13129610
18903820
15836000
17662334
15249866
15159495
18025325
23848200
19209548
20939030
13819094
18916081
16314623
20445540
12365132
10897805
18553612
19315116
21379126
19578799
7981693
20596480
20694710
7182927
17810742
17718500
20164485
17804867
10976194
8140480
10985274
16455747
19902435
18170869
11425002
17187328
15853777
20264042
10389704
17967963
8499256
9099189
12005112
15767589
14906018
13954020
19408602
17593152
17303688
16744206
15972354
18852362
16296304
11279411
20005795
21924890
18872542
3486888
7157661
5301967
10944150
19938525
15659721
22658002
19170334
14701658
18326236
17695921
23148158
12270695
19959881
10519990
23652953
17240923
14790172
21209020
21169269
22400051
20929635
16497423
11529438
20249153
21675283
9486482
21558044
20261296
9772236
21678758
17917337
15262191
22817311
22227333
14522475
20475292
14906195
9791812
15990683
24774571
7699951
16493201
19247506
24099860
22832440
13840713
16765913
22483207
21009105
19829613
10964069
21613936
17405396
8630033
15194285
22996998
16027444
16703203
7043369
8882539
19277039
10503757
16284072
18775240
15107994
15252131
23952218
22086142
18027547
16012335
13555466
20131106
18636434
19189314
14687641
17171446
11828878
23780034
19984455
22008323
13090804
21790638
18655139
16753329
17833168
7489906
6532194
19940623
14981094
23125722
21886223
21404750
7081576
17231763
12786558
12183476
22248203
15531620
8894451
14589083
14373348
15058019
12154031
14099955
18430218
11224571
15261695
15030001
8605920
18841971
18193096
20885038
15331244
18180296
15301451
18377133
11674872
20487646
20380781
20484358
17906175
17986290
8566474
8015715
18637467
23699317
24009080
24387862
11360419
17256834
20613971
13223506
15041942
17036446
23644078
22865200
14411861
13198029
23357426
20927693
19242545
12105425
17397887
15718002
14501848
17551066
21195444
20988229
10081070
17569079
12561561
12573102
21698407
9471040
3110598
17981126
22659814
21277820
18689299
22160508
14849540
15985799
11631937
18527890
19824702
15668296
21207899
9597831
19853567
10317636
16514340
13075450
15132221
17520032
17273978
12449291
20688894
10518934
17023722
5643374
19559733
10242212
18620829
17110100
22492374
7337176
16635095
10967058
21238472
21809718
7742870
13872254
24389862
19684887
19608921
14161592
6819432
17318184
13172983
11867987
14400756
22167847
15912730
18997538
16765917
20910456
16791336
18063973
19304617
16519114
21242957
19726389
17525734
12954474
21034481
16861155
19845590
13306967
15593484
20586996
21155173
19551578
15589588
19362291
17437995
19152834
15197770
18771931
10791865
12120776
19721821
19478601
8828187
20612304
22010576
10622094
14063791
16078568
19376512
14670508
18465312
20074520
10155316
24345176
12830523
20822629
12652331
17724131
11018199
21605548
14193570
20314939
18029254
20898007
23668081
21144143
19946068
9277641
17109308
18846245
14893359
22655917
16375858
21925692
19242924
17725739
17899159
19615281
13397256
10038546
20761299
18816221
19285695
8385556
16476323
13428918
23428068
20079712
6717047
17015274
16732134
21805713
16427106
22353211
18850868
16204806
19187912
18900131
23714199
15593890
20523987
17338062
24094960
22590871
16730530
14157436
17574182
8705638
22068715
9565891
12421464
14466316
7322330
10485566
20550447
18496200
20106729
19687706
21946544
18518634
12704778
17242380
16350489
11095207
11166202
17294506
15459439
19889945
18380911
20044421
12657073
12711795
22453698
12937895
15336040
16512138
9105205
21364641
13896017
22281428
20831350
8809543
21972376
15718049
21961308
15615448
18922739
19195591
11841919
20622041
24159023
20629119
12967824
20954262
21703681
13238371
14316608
11571536
16235901
13802769
24409180
21032448
20733260
15697807
17992259
19416336
17564378
17025810
11862670
22533562
15930303
18019402
15309641
18338682
24049561
20688657
22119469
16079901
7256887
16927821
16552201
10615348
21117445
18009887
15849203
22541861
20172252
22297694
11746580
11451176
20384366
17838752
13512457
19365209
17329009
16376083
10224136
8801228
18585316
9378227
19484570
19233418
21325719
14647451
17892612
19450989
19963291
22333893
20629407
23639841
17739309
17579253
17524173
14207075
11808514
16932059
18990344
19412313
19019560
23840242
22348431
6518623
21891598
18396393
20690993
23515601
16107881
16179868
15866831
12444171
15003722
20408697
15863795
22751655
10908450
23011291
18588842
20062170
16715979
11318135
9537870
20728724
15134477
18509457
24003500
21301174
21759275
19993293
13101910
16012954
16476656
16156273
23372553
18091258
18287765
11551902
23641881
18351278
17507401
18709303
5576150
8006470
17632685
7411647
20291950
10269535
18050003
19537576
21434578
7879640
7943038
19517819
20186752
19709153
14893549
7422890
12042554
12752389
17849166
6799845
19954779
23836320
19406548
19093769
15959245
24038040
19623510
14079243
12964492
4836622
13224961
17084976
10121440
3894392
8635265
17538924
20256682
12187749
16617572
14764703
18758915
21536914
19116307
17311400
20310889
13936530
15756928
22840627
20152608
23108438
17204443
20569312
20349709
14470587
16871692
14776741
20401308
18989432
16434596
11311844
12519687
12220820
18270809
16393409
19388290
15851087
15157296
18416918
20841438
23724691
16758993
11657954
19823051
15568554
14938799
21197281
7735732
8223007
9883734
21154142
16952893
15020039
9756325
18495288
17576449
13219828
20870980
19645727
7315879
19489467
16697039
6983527
7521793
18710925
11903048
15413883
16173601
16728340
21655977
20226781
20018037
13048993
21302483
12767334
17626831
13382554
11753227
14863128
15325627
15521294
22609663
20333720
17052473
17752438
24530421
15232436
17611586
19539037
18657994
23467712
18551673
16212325
15689028
12349314
13319078
16005117
8491481
16850424
3316782
21634048
19540885
14571935
16900746
12907547
19837937
18411345
20795939
15628059
13944200
20845119
19812502
14361273
11513120
17111521
22411500
16095268
12609420
10511363
17192656
21703582
14367305
22829278
20170985
21038869
15175911
16980728
19020573
21136219
18163568
24038647
16571401
18848859
17210329
22058052
17535222
12400533
12199335
20709978
22797919
20841329
17691000
6626177
12410608
12421395
16445216
17226004
16532406
17405599
15530822
8691804
12822048
23185215
18632928
6543927
21244655
17232331
6384405
21179927
16656938
5780319
6682912
12115561
10943470
22593896
13796448
18151270
10110861
10014874
16997017
15997974
16075839
20966647
22089821
19934775
23304313
12520877
9917179
16386009
13864800
21762045
17510555
19605596
11830936
21041914
18469874
6289965
14845038
13583395
12065137
17560751
22710097
20136667
11817483
20311896
17625073
16136366
14389397
16159753
22425193
13365899
21831070
16754167
18856414
21963036
8817501
7744607
17585421
17673479
19568676
21180808
16763351
6220938
16985040
19884166
15415915
15534810
14927533
17512750
17386322
8028920
17639132
14607479
22777009
12759657
23510122
10192121
19231984
15194194
9757895
22839448
21939717
10893362
20589726
14976611
16584148
20328292
22233383
16724712
18756894
5342523
12408770
16204355
14905978
18529436
17977948
13194319
14125557
19387888
13793859
17481651
18892024
13056804
14791269
20792096
22152080
13706646
16047393
18884377
14336126
7740054
20718818
16775802
24900793
10690034
15693510
20209644
12918403
18132632
19454028
5961930
21847853
23685401
14328453
19327127
12919796
19301904
21789721
18175974
12756426
19434680
21777469
15523844
13126080
18236809
10402042
20665529
17677705
19391526
15014060
12617784
17185410
19787562
15375415
19672155
13644817
19149486
15321324
17169910
19779029
15331038
21233308
7831644
21929083
15932408
23564157
15683526
19003784
18871459
11550306
17244435
10326379
10784451
12606843
8275662
18811548
15809375
7799427
20750694
17034165
15317693
20792770
19797494
19200839
21392567
11389973
17985632
10482859
12900073
18596590
21236475
12926037
16352737
18343201
20548167
18188741
19317133
22865428
21517933
13064377
15427544
16218366
15361189
14613573
22541705
19627221
19906435
21101088
14922093
13401479
18064282
18327438
15815143
16589825
18596819
11641253
14668779
21844220
15159939
21670833
20264039
22395900
24213364
13228371
15062302
22205834
14656441
22666938
16805387
6132238
19883959
21620730
20598721
13800039
13697998
14833960
22187882
21762619
13117276
15047413
12284970
22273162
17606240
13384537
16495343
23190123
12695054
9306331
13213237
8313515
17405485
17104770
15825470
21869663
12672549
16024957
20664474
14822799
15363850
11166406
22219400
15525220
16779247
12030095
14105251
20112790
12708260
24779081
19010377
12211293
20024646
19712462
10325917
7234300
23458789
13796118
12224773
17094564
24461039
15401075
22124288
16365375
19081154
16181624
23475422
17008025
13172589
15397339
9598949
20049089
14873277
22690614
14985430
12906338
21232368
18524640
22429106
17066643
13252834
19670892
17884596
20737500
15760969
19044960
18301159
24016959
17988263
17417211
16094783
20284659
14199751
14906850
17157509
14413011
18874369
18649368
22314950
19432550
17698807
11293099
19653156
18020345
18293310
12434422
17327703
20070821
10276637
10680210
16871453
18668104
15627193
18042484
16366976
9513119
16157036
18144736
17339041
13853536
22241688
22262331
14069236
16326927
14985571
9812705
18695049
16316005
15806948
20125390
20351317
20017417
17717723
22974867
16736485
18656471
21888505
16536473
19546254
19499044
13940782
15321233
13887857
16034949
16524924
24424607
20688123
21772976
21386422
11756951
12555543
15354444
17821586
23194611
15257421
18402349
21750603
7263279
17656814
18816025
22670787
18210257
13935907
16467571
10127762
16987562
19029402
19031764
10438604
20942744
9926305
13152009
17529868
24220362
10694819
22534505
8212564
18264264
13483203
15969011
17647742
19647304
19496689
19049252
8626194
12714695
16917156
8187696
9230054
21135975
18787932
18523183
10242927
16622709
19976880
18795915
18456063
24532309
17182509
17767234
13469970
14964008
16596451
13354761
23636118
17975052
19131275
7856236
15283775
12964476
19093264
20454983
17202094
19873119
21100985
15337419
17030795
18748026
21313213
15224692
13232348
13948860
10969555
13834444
20015461
11958713
20568790
19912077
9401834
18439499
22074653
18694988
10651480
15662164
13652689
22695857
14665105
8172233
4963858
19891382
23830978
21948006
23883461
24094456
18978877
21575200
15540861
13110991
18911625
22220609
18949859
20626538
23812276
16843319
19355957
13571217
18255057
15604312
15667931
13559346
15674795
23559097
17837239
13903181
17887760
13632733
11525778
21868805
18261669
12262739
12776287
22263164
23254397
21923914
21104024
16388976
16190380
13458337
18872904
7292754
20911863
17287797
15920721
19798010
17868949
20659786
15389507
19912432
17491058
19606774
5915895
14384103
20148772
20934281
19948873
15965202
17834515
14082008
5977147
22709098
18703681
22395175
6335459
12054512
16019327
23056151
14427691
16794911
23451399
19985376
19477828
16780368
17734536
14154453
21292227
15302620
17804779
19252814
21063031
13602676
16656281
14729434
10247565
19224252
19166847
18469379
7679090
11700261
14234702
21085190
24198346
9526919
5797602
22180331
23177645
12353927
20464622
16055302
18265612
23738418
23130575
13718024
16796556
21002785
14129851
18600272
14678018
12350263
23149195
20399604
21982019
14177905
17879126
20427240
21193923
12833093
18614189
16325496
19164202
19143171
7984441
14923303
6997215
19484933
10302784
17817481
23295443
24823166
13616272
4628015
21268078
21399287
15155471
6043690
12227488
23019495
15840577
23908767
15469813
13117115
20503349
23189592
18370655
22069444
16718406
15622006
11904877
6794828
12777487
8618028
15035268
23019667
17882916
14580035
22045491
14602464
17983350
10935299
19704989
23432853
10643269
17024688
12880585
15213009
14831378
16454319
7052108
16846608
19748505
13852186
21040306
17174801
17533432
14011911
23067880
18598967
12970997
12445793
13779732
9967725
18382400
19488264
18066440
21165525
19917507
15505380
15142706
24670429
19076508
10917834
21438947
13445785
18994884
18263952
20871412
17673637
17277745
16410258
17951306
22541997
23221265
16137670
23248550
18579945
8156096
21663236
8365656
15730295
15962315
20510527
9151285
23360269
22457106
15923443
9462810
17308335
18263173
9310823
23025428
20141631
14628257
18192138
19205284
15942652
14642160
23523693
14941844
16188060
15469607
17997361
16028068
16253358
15110865
16033002
20363343
16358188
18841962
14425901
8301176
16131379
16856085
10118138
24932016
11523515
17964822
17759429
18215680
22038076
12507988
18444757
7741530
12040115
19896364
15873664
18069941
20446306
4601606
13114574
14558415
13644426
19658273
17822149
18722114
17687834
20907961
15323523
10595801
12045781
19496577
10579192
22920719
23516241
23835621
20502807
21902491
9744462
9927359
19632234
19228290
20508698
18783711
12472659
17838747
15834611
15540408
17967751
19565693
17840364
13342911
12408518
11097969
20988361
20031118
15737690
22461744
13938664
21410891
19377760
19642203
15842096
16472659
17901114
19797223
18185312
12147418
21185876
18928463
8555691
17613998
8532930
10191107
3649572
20562747
10451234
19892414
10972833
22926697
20365535
18056189
16320059
16352571
8481596
11029904
14502514
17991953
18966644
16634254
14679559
14268824
14584175
22738940
12617365
9386981
19553241
17776528
16089778
20743962
14886189
18457364
18825456
8163231
12366574
20033124
16426211
15261934
8242745
11784673
17960602
11222143
13155609
19506036
14646117
15057369
16613271
21418028
20027760
18208607
14381819
18540888
11398711
18424631
12649498
21163287
7572815
16603389
18491141
24901670
10005617
20089528
12550023
9117903
17190966
21070118
12233774
19972604
19085918
17014636
16880339
14131253
23336598
16083752
16916707
18855929
17911165
16430564
13277931
12124983
23414212
17217975
20130635
17130006
11994615
11869651
13471231
19821765
16872627
19217137
6928412
15007481
19744371
14285021
17256350
16941248
14845791
14648534
20099928
22672289
14509218
18996057
14446400
22315168
7141109
16334689
14161675
20769186
21884935
21064612
22494931
18903390
18823171
16359238
5969257
18866898
8065720
12586650
12188581
13519719
17478751
20283312
21274860
19273286
7079700
23135312
9678805
19667179
22026794
14881278
19644305
17074328
9603431
18464248
23062321
11933514
16119643
21817972
23243072
17846012
13782086
19751985
15133245
17249039
20145484
17940971
21303034
11440648
19789400
13542979
12655898
16086409
20914527
11519634
20175254
19948332
14436839
7705364
17740807
10933312
23597571
23432699
11632903
19332019
9065563
22267316
14728891
5281286
22316230
19595519
14181850
16354979
20868420
19484099
12410829
16324599
16444675
16820499
20328310
19895569
12354611
11977628
15034406
20795742
18003314
17365107
19800973
23581670
11162104
16956220
12753604
12451741
18442699
16716698
14965263
14916795
17980791
19656066
22443788
11062075
23462535
18540046
20055495
16071237
23689156
12099265
13667843
10819881
12588425
15888793
19098673
20907967
15600568
11966401
15120080
18109718
20495866
20663336
17946793
19939545
13464385
15785565
21026721
9384780
19139724
21755392
19745940
8120949
11580739
15572251
9801543
11778472
22023930
21121972
16558434
13235025
7591991
13559586
16331875
19847098
10754488
19371146
17632806
6014361
12359600
19509857
20893875
15912144
23997602
5683383
13382078
12328303
21894114
21414226
8578368
13182114
18957136
7915822
11728721
18746643
17715144
12302936
11782665
23917369
21562318
16736783
13397366
16678536
16826568
19066327
12153358
21821398
13232118
19561812
14698058
19206896
21622830
18427053
16020508
17433751
21081679
4288785
10938047
16965846
13956467
9472413
21351161
20892007
24881017
14330615
21927744
18587149
20823799
13720603
23316365
12932344
22126541
7578721
19018043
14389717
11980847
22427432
15912762
20488789
18118597
18465782
11188375
20032939
18042860
17110295
16739434
17458448
13002960
11456667
12384549
20884363
20303548
23554748
17542365
19599981
14865813
15505929
11054194
21962001
19300093
13551278
21594438
12793205
22229276
22734445
13853232
17648965
20042657
21381901
20561502
12681452
13753359
14402164
18978119
6130685
17826606
12659427
19307252
23778591
14325760
11342329
16419528
15326543
20424655
11290165
20592852
19933542
14904028
19394413
19641432
17440278
20554846
16472305
15229456
16061625
7492933
22433243
14100486
18813028
11905215
8909581
20872936
13212135
17461329
10486912
22167295
19738710
17284539
11080613
13012736
11322654
16400063
10369848
16816188
13024575
22819186
18597021
12494001
7930345
17986364
6453364
14202135
18696776
22150425
17964878
18572541
10329962
15509202
24275903
19270202
19388760
17384956
9691925
17383456
15886411
13465903
21312028
15815144
20007495
7579420
13150573
18660000
19326295
6733052
7966483
9912160
13869879
14866747
14858177
19068791
19220171
15103693
4586943
12078186
15567780
18515121
10826564
17253352
9208023
10875501
21572598
22623005
11333729
18389768
13330190
24636356
18751395
15279726
23423681
12629372
15043220
20180280
23301645
15140359
13113605
19529901
24388038
18521425
14675152
19339026
19747206
18138354
15981943
22516431
11327063
19515728
15170213
17480049
21495883
19824512
9370289
22427838
9981255
10638049
20531312
15186313
18117751
15825040
16540745
16911417
8520365
16772468
14773291
13891673
19682231
17282914
17880623
19525301
22445900
24124789
10582012
15187982
15804359
18969672
22090442
23064521
22029096
7732358
11682382
21370346
21624877
19628526
22846722
16947716
20918278
22118734
18152289
16425233
19956730
12747929
20712994
15350157
11618164
12847049
12830874
18818115
12645669
20378008
23478759
16068586
24213865
4307264
17489073
5860902
18868723
20593188
14353836
9811096
18849594
20608383
12972073
17327948
16773225
16179862
11808093
14538291
20539491
23860102
10239159
18100065
15565722
20698989
7037535
10828210
21901572
22659331
23702029
18263745
14811247
19452823
18181371
21450054
22591243
22453528
24460513
20300535
13533798
23588462
23000647
21435609
21057907
10896429
23560282
18758154
16400057
17871146
17477583
14770014
16025201
20780568
9876471
15194156
13068390
17785318
20757349
21094001
15292416
16954999
23101425
18836035
18315679
14205066
16374698
21833872
15658542
19884545
12778909
13263352
18902641
19130214
20187351
15059059
16526403
20176131
18721969
11830541
18290785
12082848
16498633
17974834
17008996
19419849
17363556
21814053
15753398
15561794
18137990
10605933
7093059
19815167
22226949
13951300
15524337
16518148
20438449
18258209
11050966
16464316
19186507
14466359
17189799
20549856
19751887
13963587
20782589
20912109
11068324
20075088
14673382
17278360
9749914
17072015
17112934
18651252
11687599
14617779
13780242
7407139
19500565
21137564
14761623
18764356
8868352
10784353
16801348
8865296
14705936
10368674
21499990
20528489
19661678
18633502
16005729
22268676
21039937
14521030
20073080
17086691
16866339
18849253
24314927
12419569
18050801
18634033
15799085
20387951
19403737
19247664
15660032
16084301
20600524
10713353
20539696
22188996
22386845
22642391
21781012
11657574
12491220
10984712
21872008
19099955
17741472
16443977
16771259
9936133
18399208
5908377
21385685
23986955
14592462
14747263
21157082
23164145
11176131
19924712
12929400
11389144
18864043
19717787
23655636
21999584
19121539
22870851
15495144
11693613
13548654
16857762
17842362
18691430
19229784
19710170
23996581
10055299
15757039
11148391
11163346
22441701
18021559
21588227
11122899
23367043
21325737
17931610
18785960
13642778
14348548
19622801
23258172
19573200
20626103
20119158
24465217
19938347
18969629
14071734
14896967
21360504
20769554
18315472
17624990
7790755
13590277
11539037
24158796
20805316
11694013
19945850
21126977
11137900
19392352
17801821
16544849
13510509
12209846
23770810
20277730
19926422
14407400
16049996
21171909
15892288
19941348
17209068
14571632
16139248
15341377
11018462
17864921
18931008
6291572
10340984
21034641
20199087
19978402
22091016
15626359
4537983
16291637
19313155
11745816
19989191
16496539
19447250
8032589
23068720
14936737
19750231
11204461
14550271
16896277
18515852
15733282
11534812
14246303
19884745
19230416
21196492
12124805
17710916
20523981
10402632
18242450
11939717
8071833
18806679
17442963
20647331
18357197
18198626
12352474
23431885
15570918
12932790
14840516
18521183
14777310
13114111
16738420
11684539
23380323
16765959
19437523
16779085
14441361
16934089
13209925
21870663
19925792
16224569
16130038
21843722
19489003
18564181
23876109
15418285
9975863
22469774
13741703
15751494
21452145
11500126
18125693
16141167
22176767
21739933
22422684
10945535
14294027
16099756
18622065
20789702
15381912
11410257
22303078
20818876
21790721
18388820
15362960
16220977
13775118
14179734
23975488
20656522
14219320
19018775
22289010
19180196
22634595
17032428
1277396
12780206
17761913
10442458
12370661
17494821
17643008
17337879
9965148
22339655
22772342
20123167
13371938
15107930
19676921
17321549
17818322
12977745
13361470
20784073
12850480
14321178
19248670
14680485
18655532
10289307
17703195
11855321
14243578
21964388
23128327
9547075
23477436
22080576
15232635
19835233
15681623
15372759
20647800
23570591
9887405
16090798
14235764
14800894
15941283
15616023
9141539
22808355
17765378
22993039
8761872
17852588
20108706
16938727
12733225
16756282
13156995
7909973
11015237
12048322
17304777
21832124
16672513
17080456
15822573
17433364
18146902
17080063
14475793
20839147
20496858
17348483
23725662
11414994
20352526
17767141
19471833
9544175
12527628
16394197
17139015
13245849
18127628
19563498
20104899
24904589
19093588
13506839
16959312
13445663
15891581
7161393
14034892
19443590
14089077
19910725
5346808
12340785
13606831
20401531
20690389
17336484
16137252
17553013
17914162
12812702
22092520
19905835
10306947
12688627
11254634
18200811
11912279
20297999
18925336
21106835
18762163
19035800
11652052
14688449
22847090
18074457
9923613
21604880
24112122
19843724
20296694
11426702
19626548
13670878
14152873
9093915
23032416
17742273
21544226
19217710
19893894
16477492
21589029
16248974
21368394
17961081
14763236
13632638
14942447
17487672
20242241
7119834
10221608
15765614
20215401
20170286
10208575
15446195
14205865
7862079
18829306
19286754
14138922
8489484
22802128
13933395
12009539
10924054
11903844
15175512
17444549
16285766
23348285
15617388
17366413
14238333
22656276
9406929
19259173
22827971
17807312
16067444
21153405
21221474
22716880
21392170
7736009
21250946
13914431
20832881
18571168
21357255
10238913
18862099
19484435
18825310
17082043
16220164
19140814
17791387
14060617
14294095
18696081
11332218
13849661
20274014
19448800
8572361
18704120
20640446
7632928
15609346
16873315
21511691
19740951
11499697
17512382
20802983
20284576
18043897
11932902
20832771
6043129
9627138
19113170
23536840
24013061
15787621
14367434
13240505
20049143
16564825
16094496
22310101
17908225
14554789
18977398
5422040
23647441
16113452
13403391
8553338
14598383
18530303
6358248
20162714
16273385
19568106
9620210
22514417
17806892
18246153
21728244
17502638
19751436
22543378
11684862
10429536
16543413
21716389
12602286
19851040
14885849
15144350
13026819
21801623
20616599
16938288
20043076
16049751
17043062
7312389
23260621
20020017
21047839
16372984
20331229
16661600
21529024
20106132
15131220
24076540
17622813
11568779
14029179
14960309
12906918
15050097
13511924
13712281
18843023
19972412
14809563
10846366
18318709
17743175
18112587
24247803
15651019
21487971
19140258
21573781
21287765
8638461
23552640
22246417
5899644
19859894
21209082
13242329
20108836
14088260
12772256
19595773
18139886
17291300
17427242
22770953
22008434
24724848
23304368
9124989
22066689
20825900
21636104
20279574
19832473
18560157
8319714
13663411
16965186
24056868
15658760
17768303
22982552
22611954
13363918
14993738
19245514
14409202
13917831
12368507
11105547
17418794
10901098
21772121
15860449
19401591
17635906
23345824
19204552
13818939
16652296
21067789
6130649
12017887
17932577
13517106
18384442
22173878
19196844
17597306
17204498
17406156
14419135
11110182
11276209
10099249
18627064
12111317
17776628
18118318
20090448
6863372
14085322
13025163
14639356
8608964
12448988
23819607
8221894
12294720
20065780
16616819
12415366
16315156
20085119
20427890
13678373
10752951
19327343
21272837
20043180
21155082
17214610
19571435
17721972
9237990
12341140
18375880
16100600
23464929
20239236
17653121
16955187
16436239
10539945
17504382
12257257
16452127
12336119
13998416
19961301
16406630
15356462
20296660
13044223
17314242
19233393
20890532
15755291
22855665
21647885
17685163
13569257
20686107
14298756
15167944
19292798
13302899
14008290
18087848
21563931
10445973
19896645
8320833
18008066
22151609
22774113
18408241
12979506
19294181
18163872
18949338
22070305
14466564
9894884
16256952
17166338
18267641
12283169
14247598
14443070
16338000
13909285
21490775
11301440
11899160
19019715
13713641
22757461
21124824
23705171
22765556
14936061
10745746
18313768
20731405
16286696
4807582
19656751
17415361
13953324
19650815
20302015
13848889
12401507
18532977
14063550
20293799
14343608
19871149
12174705
18515312
23234033
17302453
21640152
13829174
16448491
16722731
18355018
20454898
19014786
13024208
15124263
22949837
21283396
15261159
10663373
9956056
12009398
11276985
18940577
18924642
8531046
11599908
23644713
1891791
15731959
19078011
16159421
10207105
14974324
23030929
23798524
17170735
20057950
4962269
18458482
18437916
17539785
13976725
23366330
11839359
18811982
20610566
12428365
19626902
6142911
12882423
18937834
19216274
22220941
7974876
20207241
4194163
8752222
6309971
14075521
20006651
23217209
20464941
13286915
11952647
16052490
10050114
13531855
19624977
18590057
20277664
21945016
18935862
24448018
23568378
8648384
19196846
18399140
8551983
6453742
19973000
21956416
19349882
20258611
12743740
12397662
19873410
19380266
14149679
13046625
14211946
8231220
18296065
9789350
15915655
21993005
16402354
15193835
17142521
13132994
14512477
21980157
20464148
17556009
11707387
18309334
17158429
23275922
9616374
22375074
13065963
20805349
17211115
17258499
7752774
21295696
23308231
14828705
21903894
10184202
21399578
22282331
16843974
9656874
14370325
21411633
6431148
8931781
21603729
12628429
7272530
20878635
21345173
16562150
19830775
16169209
20087206
12312016
9964366
20901594
12687273
15603020
23290037
15463126
15143028
12243482
8915400
15337971
23166983
17756558
12779433
7218784
13588042
23282946
17421270
12063227
13424549
11587730
20851400
16359758
17801810
20439735
12227919
14314852
22293091
21987912
18000795
18696222
17805459
16605745
16223454
23048589
8454510
22298128
16730089
11965653
11800800
21895099
10378276
12553756
20939697
14857188
22146425
19208922
21418411
16333940
19968216
11863950
24267229
18461335
20533783
16313317
11353873
19790503
8798176
14800745
15744305
13477814
8534217
16816841
12683966
14025648
17202646
21643978
21319572
14853379
10650403
21179055
23208615
21501328
22201463
6660134
15400030
17162835
15925544
10021068
20067354
7562429
8863778
21042007
17398731
16065806
19623150
15156523
16276356
17736108
12436912
17777561
17938324
19885259
13875033
21970363
19002106
13092307
8054291
12885042
10086760
18319737
14570117
17809789
10457064
12409142
18292602
18516429
20910973
17602602
23356109
20187352
8604814
22599357
23724229
15383588
19535426
22933408
20984245
14084581
14235188
16502915
21215197
19630737
14517836
15149994
18016167
15265809
15214036
14163667
14419909
16650843
13250322
17847085
10368196
17251972
23345177
13903314
8358132
22644867
15183626
13578406
19700564
11224960
16555424
19651315
24147166
19692802
18057603
16487105
12192804
22831075
21373567
22222284
9501902
12120285
20604164
20141909
11526862
22613591
15799214
17520462
18381704
19083176
23233199
4964762
22421924
18843887
18194187
15808837
11778743
10801851
22829513
18290905
19751925
19214290
12634659
16382635
7653425
16993073
17937194
21145918
17828894
19477124
10345222
4103562
10347130
15969300
13423113
21519654
14967957
22278058
23253158
19860320
18315965
12561209
22162873
6318084
11286419
15770449
22987029
17006281
22345081
8836759
13929885
15634399
19012585
14012892
23110810
11985781
24273712
22000153
13818741
19134046
21086562
12741897
20096472
17456645
23660336
15521201
21780293
16082258
16169032
20475794
4381638
18908502
11175917
18073402
20320546
11693285
13536355
11338456
13291259
21050764
18306160
19567011
12019149
15186565
11889745
19991220
14045521
8895408
24492625
21760824
17066192
22367426
14413548
23625946
14622948
21923762
17712035
20181976
18022669
23994790
10873855
21453197
18341218
19804801
15465232
23748755
19120302
7253916
10225651
13342605
22192608
14547245
14619123
22123772
13023614
13062096
20487341
19242432
17310849
13796809
18752119
19857564
16537086
19937826
19483005
13869223
12640112
15561587
13849128
20881810
24583016
14035322
22365708
19602860
14677898
21067359
11694113
17612983
22611834
15253859
20937586
6626436
15340300
18694314
16243742
20582395
7898694
15330547
18370668
18702457
17070259
15138603
21491666
18507124
19460996
21268272
20188906
9145390
18962906
20599237
15117596
19483232
10303270
24744438
16049812
10621859
9692231
14319739
19423577
20423331
12047509
21747141
14820139
23835160
17642439
18620181
17313799
22724492
20000859
12488315
19312005
18120810
18594492
13284806
8366835
16802994
23312840
13121246
17681813
21717467
22278256
16761323
19656346
18420314
11831464
8678569
15294625
23410193
13946506
20640247
13487420
17986876
15638043
13802439
19879973
18014399
17686926
19456436
23697665
19942419
22485750
22835263
17196681
16691750
19401680
17605680
24863077
16594864
22583936
12935329
19392532
9491366
19266635
15289132
16604894
22589384
6744228
20529627
16133172
10016929
15024784
14056129
10112175
20940633
14746738
10911880
16223475
15053341
20333810
11263556
14605534
11961999
19864128
7326272
21795654
15389036
23201831
16293835
20546298
19411543
21538895
16499976
7164953
14445747
11390491
21684188
16875671
15049635
11990612
13493378
10956361
8867737
22637584
20279025
21582784
19394850
11018343
14863909
17396037
12355365
14405832
13639128
17100860
9583084
19854005
13250873
11201543
7826748
8214218
17874747
19509266
17357570
21536650
21120903
14477474
18020857
11962482
23937034
11076159
22739825
19738585
11499649
19131182
14261530
19764561
9472270
15947714
14172967
17484496
22836374
12177138
15450028
17473755
17938914
17220513
9737722
13445088
15702126
17732144
16720822
15320602
10505203
16129164
17693605
19582462
14904340
22864007
23663465
10393148
12276898
16984008
9016186
17254477
15680884
20141495
8935953
16908461
24335899
14587119
7671526
15561594
14544424
14506709
21508296
13454639
16176411
22184641
10582957
9015537
11463752
17100321
12791580
18546148
16032938
17069816
18941967
19596550
13234879
24682828
11412297
13105059
20293943
20494702
9069978
21394150
19285538
11729946
14254190
16079135
21220659
22410312
2736436
18230106
22093959
20303633
21868295
12270559
11035675
17004064
12687148
19885056
9726369
13707543
10599227
23533995
10164027
11613243
13185919
13067902
13424999
21070735
17077123
14972697
6255936
12560681
16591202
24586472
8059576
21467100
14504012
14361779
21016756
14481949
21755388
21347870
10918576
14105211
19891341
23129397
18870131
10112729
13379485
16720131
13956564
20898642
20852125
14880203
20000271
19776376
15183192
21647063
23147775
21122182
20154783
10929934
20759364
21099765
12815798
19605577
22923120
11037772
19668200
17520607
16370397
15018397
17553163
18992561
22260897
15087445
14548256
12868792
21295588
16905554
23883388
5113196
10060377
18098536
10741188
15632854
22549512
15402467
20078372
16395074
12308424
19674221
6398456
14711699
20424031
17650486
15435697
6034203
17798263
12501950
17069397
15001016
18178375
18465615
9731186
13692183
11644277
8916782
18239034
21922709
17997327
20977333
16576342
14038871
14855786
18337538
11878158
13599093
18448945
11039771
11067796
19827998
24320333
14595150
20115336
8010564
22402692
11554200
9755368
19973707
10834202
20657563
13219847
14005782
7406806
20275552
15678575
12759319
15452563
20243270
18935283
23224236
16634854
22271166
15714234
19313285
12873900
18571368
6124423
14803768
19936316
5975361
7000289
18786400
11681802
20751842
18988166
11068448
10163338
12715581
13869394
24138402
18187347
15233133
8513261
21195538
19302240
12045549
21188647
11390029
18330633
17958999
22249652
22784039
17381606
11369127
22629091
17222593
17667673
15296533
17231366
23218677
8609769
15034275
24212748
13948653
19696180
14048384
11174035
16060025
21521008
15798650
14599797
12086192
18651509
7106500
19903852
16185189
15903584
20704879
10014950
18944455
16842393
16627600
21303067
21906661
19299844
17930282
12289543
8233603
13519910
15670873
16301192
8220775
15528983
14292311
12644726
17902759
17823828
18413295
17782424
19788102
18086354
14896274
12627670
16941480
6296951
22151962
22398955
15814124
16230728
20988601
12474726
21866148
15624221
16823277
20102659
15558799
16704356
23320480
23489600
17927181
20644453
21808202
19852686
17303841
18786457
15903654
16369416
22198135
18890710
21797852
17108337
14398473
19242292
9605700
16094308
17915757
14612018
10474344
11789095
15946150
8282900
17211426
13790349
16756567
11527696
21008750
18738963
14220956
21390709
16969441
19385010
13389654
21741535
20054956
18511140
15785025
18311758
20017208
23018263
11524849
21501556
11411855
19187858
13806417
11811379
20461608
19448128
4366996
15161276
18946417
23036649
20699202
15446067
22464578
18920019
11894090
14222786
14047735
17855015
16150110
9639484
19335814
14083668
16325132
18826385
11694701
16902604
14170001
8978870
20454645
21763756
3824802
23329726
19147438
22819610
16850463
22749443
12430855
13256176
20335314
9652588
22344064
18622360
18188408
11109338
10819610
20589808
12608295
11961196
21964182
13458069
18632613
18520781
18529996
12785762
17248603
20119110
21035372
18849601
15950031
16760369
11698809
15319402
11519343
3046490
16116990
22469458
18074315
12977204
15637434
24152575
23837434
18161561
13869089
19734456
15802691
21519922
23679413
9868466
22461253
12852062
18357991
14469704
15828014
20691033
18739539
10588679
19167910
14196450
20577856
20926601
17441367
7398311
22492202
17403586
23877126
13273500
22708496
11961356
20976535
15674337
13391481
21450388
21574752
18548121
16733497
23234412
19769297
20041369
22620466
16524240
18426220
24058164
8963673
15449440
12111555
7931999
19750303
22262116
15287063
18128133
18083436
23082866
11420165
17635440
18008100
21511433
21715747
21165017
17758366
14938359
10744762
23831355
9925160
6094223
21313157
4982322
13416501
12520057
18397057
19395270
18027062
12974784
11005451
16164049
19266749
11537113
22817164
17108519
19916429
15091852
23239834
23892948
8139723
19763854
12780455
22470994
19589910
20348967
22765867
22114749
13510386
18896755
16487480
16716848
16432259
21103842
22639217
16051522
9147016
20219707
16917760
21737869
19642846
16477013
14627074
15305660
15962230
22238658
20121034
20067147
21972027
22896090
9335857
22512839
22759578
9709189
21263233
12743481
8635258
23039563
20738978
19244415
16907466
16498476
24830009
21881982
11441833
13675062
20214449
18271205
22316161
16309059
19482062
13972314
19084775
19151036
16583571
18537362
23229972
17060532
12572180
13714362
7430583
22413294
19976985
17290799
6606573
3207113
8771408
22168505
19900259
15492885
22678349
23283476
16293566
15440728
5308267
19012052
23439325
21061953
7059873
16853040
20902851
14670174
22961176
23718245
14183811
22768433
23178745
21403568
14392651
18276787
17334935
17259550
21379108
10207724
21596643
14947376
16636719
23130757
22144466
12462710
11877887
21577159
9980447
16602227
8253330
14637500
20263908
16980352
22084848
14652476
16414406
20359286
18420324
21740486
14975271
9883013
11378349
20426363
17566450
14860478
22042588
14996912
14386997
22162494
22267170
18624460
17607562
24631825
14399885
19623606
15379021
15479915
13505371
13651873
16977366
18916818
21142031
16428576
11990788
12559999
14371288
20564491
16752670
19874416
18966308
9921433
13886135
11588933
15095844
19837443
16414839
17586353
9633398
14250928
19691840
12306736
10480171
21366946
19308447
19904153
19804546
15354896
12794866
20461213
10385126
12387434
8894318
23058527
21020967
19634065
10753705
22329966
21095173
12393183
19818905
24221167
7514149
9908926
18162320
11757950
22092485
21834590
8927653
18804419
20647960
20664755
17224298
23905409
21606636
15757823
22315201
16365082
21706789
22192727
11150310
20610101
21588871
12984700
8810369
18977798
12009846
9275244
9682525
17390170
13169224
19959536
19062782
14479980
9286857
20691609
15221346
16966735
21016096
19872344
16543932
22949068
20485619
15300097
17643928
24052120
6580702
17602397
11798906
10104337
20604546
18054029
20072050
20221038
11672290
10623281
21207212
20429073
15329781
13420448
14605497
13636892
22404119
15213759
12228608
10012111
22296899
14095684
19455836
22204621
13657111
14098295
18273664
15467285
19503733
15495178
21455888
20765732
17248214
17099960
20115000
12932828
11954741
22934899
22306138
19098012
12658978
21897094
14361785
11627445
19105196
12694861
9422972
15714401
3781057
19685006
13678044
15838894
21128239
19743130
17723811
13857789
20439602
18146918
13065112
6770227
15158408
16746650
17588875
13870638
10114242
18695852
9023318
19835824
19617386
12066419
8824546
15839947
11045167
24225818
15725885
12535492
21052135
21182870
8319858
19421629
19176741
14528378
17113423
16412652
21414865
18689355
14438326
16768108
14471053
14165130
13198409
14546241
13281082
12384053
9242090
21159224
23831591
11961605
21311276
14791171
15617927
16339119
21012058
13485210
21504749
18796503
8093806
9314044
15200977
16025918
22263359
13962536
5487642
11100969
19183320
19283559
15215136
17611298
15392572
23812552
14379549
17532452
20609035
14544167
14042595
9702822
22119237
9535113
6516035
18516656
17708073
17876461
13082565
23950173
22157629
20546399
21136501
11917226
22935195
14366152
6770623
17418702
16759167
15517745
6471528
8039191
12812729
11088839
9729511
11137565
6133787
21676047
20961134
16945781
10860145
12196829
17903575
7781390
20069675
18310110
20849472
18083393
19016815
19426959
5874942
11053345
12730084
17625369
6428893
22058348
15802552
13030508
10008575
19296867
17746924
19350421
15893218
23659398
14029919
18131650
7278333
21874216
6577770
24753898
22493379
22214867
13147895
12429842
13013768
19806764
12939312
18491403
16919185
22235537
21026806
17207478
16360501
16599496
15403732
18194517
16869383
15376569
21218582
13953882
21878965
19577799
21233125
20099369
17063678
15889177
18328742
20605163
10746407
16662851
19602998
12701815
23405878
6257795
19478725
5974392
15999312
15745984
5734965
18845758
13683228
19203504
13261382
9266449
16183973
20449820
10423257
20046274
15356041
4784415
21418497
15971738
19550226
14044961
23847015
8708477
9342029
10554908
16270258
15861057
21252269
23135740
10528808
11848890
11461083
20596505
14798474
15163122
23779565
7720307
11819995
18691314
14563612
22567231
15874558
22812428
16114190
14695960
20415944
16918138
17060944
22616359
22471931
17530300
14411662
17628623
16061920
20864436
21153505
11230537
20399877
12946103
14899017
16800395
12408325
12947170
12827241
13414038
14175061
19477357
18935966
18383489
4420693
14131119
21812789
21453335
14734926
14013412
19533302
21498965
7818771
5102167
19333713
2641818
12673227
22500870
23714303
13050056
12897009
17317014
15281664
19769076
18008692
17681162
15680018
23840225
20013715
18655001
11475966
15626795
15328505
22134417
15405923
12752480
11535075
13060911
21511966
17869528
12856666
19592727
21713858
18684246
14787639
11777884
19322595
18513369
16834684
23892153
16125137
21803532
16535021
16979925
16885040
19020625
16286155
21278515
22971386
17161444
18843164
21192011
12438323
22595197
23698068
15443864
17240322
19725630
15231808
16372993
16513722
19615174
22099692
12432874
21319642
17756400
13333814
20137111
7342900
12504103
13531819
17882060
5994007
5954617
16524397
17016641
14229863
10501278
16890938
22450542
17142889
22545791
16955726
20798321
21373131
19975124
9881601
17884626
16518234
24444242
23126068
16784696
10137163
17195602
22368296
21417146
18544098
21689388
19188033
17667252
13060332
10797613
18322271
18488954
10804392
15583774
14415121
16970277
9981729
16969237
20965704
15441351
14430508
22780065
17981368
11215427
17607850
24778844
13038780
12163148
19420448
21252823
22437912
23328740
22671766
13892340
17156582
15283117
8240095
18309973
16082384
11782291
19520292
18260275
5292229
17159731
19244795
19616523
12083373
20322695
17021179
15212739
15874976
19998338
10469003
14366162
12785446
10300414
18407228
18655946
18851354
17609073
13487893
13923890
19959233
14236158
20477632
15640924
16334287
6321140
8627954
16611496
23556420
4390915
19367427
14721270
9701597
16380343
19117610
21799355
15257405
12242709
23583491
21207426
20550371
11494219
16597318
11072866
9943035
16228551
23723127
14952031
15234338
14991290
19075734
9839676
20404949
16389267
17676002
17225441
5435360
18942028
18480028
16738124
20284083
22526393
23995024
14905369
17644775
15190829
13743983
19126395
17040257
24146479
16648166
19672687
8450651
20497183
17748251
8031894
13629059
18308434
17583862
18276790
14228528
19841837
21807611
9516062
22696888
15044414
9301326
18013613
14551235
12685715
22593326
19234014
15416765
21010703
20396156
13507812
21243155
14938594
21037017
12991051
16685294
23667850
21891897
13235179
19656098
19624980
18466732
18158257
16174034
6597577
19445359
17928533
15745323
10419114
13470045
16208763
11479793
14185224
10892759
14449951
11707034
20710299
11543739
23031207
17885620
21896058
14269178
17018766
21632522
16550582
13803836
21078068
17346858
13974140
21347574
10190739
14097471
21260655
9826875
21259165
17076848
11475487
22079437
17584691
13217237
22822296
17911443
14972412
11975716
20239858
13524481
13457049
23555597
21888373
19551298
18237398
19551503
13873675
12280515
23762928
13781204
15455388
20021537
7026545
19145622
18771847
24188098
7181486
21312125
5702674
11019350
19150616
23145937
10774737
21039759
18207850
21643261
6739901
16162238
16578802
21377430
11842310
14759402
16772170
12115781
18965501
18889405
15998012
23645035
19454379
21820493
14400012
22223809
17219619
22924429
13985475
23689749
20341370
21012433
20208487
15313047
16296947
16377188
15135670
19009676
17933403
22465780
21335482
13912658
18101243
19701666
14109966
21054258
15379497
10955335
17014333
9010189
15308406
16887124
9794121
18665153
17906145
24768827
17997511
10575742
17121684
18170951
12675942
20581076
20768648
19549959
16191783
17900137
20153782
15591620
15775610
15838657
16011873
14012161
19818514
17126412
13301607
18997082
5310292
17925609
12035605
21265220
22116438
15970709
19824579
17465741
9338164
16785598
16261079
18818104
9657314
13868496
22972342
22840607
14439476
12864116
21972416
6309335
13753376
18186930
18665877
20946398
10868669
17959747
14714057
13303833
17532577
20430800
13303203
22107763
20154946
13865778
19957352
10998994
11905985
19252166
12920393
21141293
23346887
14012600
21267853
9189963
10080425
16049996
22806715
14323673
11966123
18415801
15287855
11806818
20836256
18275837
19393065
13474646
11663646
20253634
18475732
22262099
15389227
14214054
21442693
9684743
17545489
22759963
19817632
5502534
18102789
7383659
13007487
14177189
17240729
20925387
18040653
24484889
16257565
3627272
18966335
15976872
23412097
18057761
8835813
22759425
24177746
16115066
20833679
20433423
17329395
17520797
23853938
18636614
11344636
12393309
21649910
19604056
14777491
21855924
8921503
17414572
24680803
8878381
10754614
10529034
21077144
13067519
23142156
20772016
21018317
24144380
16640613
18649164
10385046
19966372
19989100
22597155
20297355
18495213
17524517
18204089
14407847
18682604
13825299
24309928
12195372
12588809
14931657
19082266
12754062
16591057
12132956
22863027
19536231
12197070
17462892
21383342
14012989
9306857
9514857
11050728
16150427
16693163
15595427
14074397
12704262
7162520
16094127
10504264
17093357
22353410
19788993
8776363
20289108
17017472
15140512
17822721
20559813
18997762
22880760
18053540
23526676
13239945
18502702
21896625
19835991
22567964
21875114
12511995
18690445
20156781
24584556
13142254
19953084
23493482
16449676
18663839
15555601
16125163
19201936
20260063
21602370
20949475
16014451
6300778
18743741
14362595
17239012
19550854
7750040
8959289
15994770
19852875
20731950
20694661
11666594
21356389
19510457
16321667
9988523
19462025
23517928
15363395
13068741
22906189
18679413
18088200
8059489
19597437
11561703
20759142
14762741
21846349
18992664
11070300
20744828
18336918
19691978
10857133
17079614
14791426
22968372
17862403
8411551
21224870
23186114
17139656
21591940
12561291
14971737
21866125
15041961
11784434
19673703
14657731
16852568
10610610
23190182
19273943
22587558
19706259
12513406
17727468
22433103
15907065
20095689
14624575
22718901
11437317
13144827
23428128
12962028
12945863
14142620
17099789
16851711
22202528
6649594
18900710
22750690
11719665
14176558
17557040
16840891
19977226
17570338
19572273
19059668
16706181
19696139
21810419
21898288
19015652
17085730
10857936
11559548
18757162
16622641
16937316
17126941
22625230
21704843
16368492
14524283
10795743
5666570
17693918
18793695
16994455
22578262
19282280
21233434
16444113
23746107
21936713
11932087
21662133
24640597
16904313
11123061
11737617
15798795
21014353
18013474
20625202
7809774
14172465
22048583
21634756
20033361
21271432
10589661
17542407
18886589
17467692
13784918
22453378
23011707
16869223
23291829
13686300
23689402
11621269
22764075
16506121
6956631
20428668
19283027
20538515
21862709
9526264
9481670
9615247
17213590
23012831
20098672
18136637
17845554
15176593
17561224
17916571
17914865
21301230
16811952
13673673
18927254
18456933
14534626
13303293
15280854
9242923
16244431
20076552
22002771
16755599
16529666
21271611
17333696
18642468
14480407
10358240
17289677
22196575
18737235
18214079
18063705
19726408
14205583
14203896
13970923
19841398
16351234
5777852
18345665
15743015
23478690
12168313
18638865
14207788
18227785
19622775
20836961
18262676
18630378
24140541
10806634
16583122
14173911
23000804
14506228
20528010
13186446
20320696
18292094
21610270
16652854
17522398
15874903
21639686
16587194
19894585
16415844
20080855
12178106
17036491
15380505
12684464
18999633
10480756
19736274
17105045
21884073
19776275
17572508
19711532
14731294
14881965
22318062
15421709
18364976
22466819
17518826
12108729
17149946
21874035
18447924
12517356
17018755
15612342
16885659
10839848
22336335
21916555
22145293
5284052
20934709
4897391
20834503
20555656
18778928
21108710
10580295
17572204
11445937
13749992
7597165
19061424
19022657
18594576
15924678
16928809
21431376
15065493
17366558
14477806
16131332
23505661
10409480
21129380
16459363
22123325
21215270
23032446
21819992
16514140
10699161
14144929
24054337
11659896
20568094
18089889
18107524
10894519
21109590
20994134
23519245
22136278
23827802
21993594
21574648
13698407
19257152
21713829
21248115
15926998
19150396
16419166
21990101
21110051
15519063
22473512
10383865
20975377
24518715
20445657
18236505
9206210
12195552
16680281
8875121
12960817
21108332
13233776
19150360
11801409
20205881
23502649
13552046
19680387
15292675
18288031
20178459
22966676
15395597
11203923
17573492
16828602
13003321
22292004
24226128
4774869
17506357
23078271
13646054
18292686
19638683
17396074
21387012
12943004
18758719
20222846
17481225
14001019
15765241
9302378
15688738
21063407
13107437
23987154
9877748
20087651
18056689
13873272
18415590
13729305
13720767
15633943
21166568
12575306
17388538
16073541
23732091
5313168
20066188
23077544
8747725
14107865
20328671
24189966
18457531
11209099
16434033
21903897
18708107
19931874
21538278
19048539
5461141
21523364
21933836
15234440
13018617
19125087
18808386
15628942
12063051
14993266
21036232
18902078
17717181
12022930
16215531
16516601
14722351
10231677
18519424
16835469
20098405
22820978
17939316
11664886
14354566
15051048
17379187
22282709
12850198
21433923
8089226
18229637
18845630
9569757
13719076
23528219
16627966
13988954
17235319
18721453
18438198
17369547
9045376
15837024
18477315
10501663
19271335
18663765
11227878
18748823
15574841
18431453
9050149
17237152
16917924
15748741
10081784
21616543
20865938
15885743
13735345
7801575
20571906
16701509
20925486
8806185
13330727
11468531
10816246
14238859
22385582
14923453
16586709
18977064
23134745
22841603
15096916
18676739
20989493
14458415
11564310
6130484
10997441
18963710
19199231
21922020
16426516
13046223
15140876
18496700
20090659
19754814
18910099
16566657
24050319
17160950
14129571
21277703
18444420
19687529
15652438
18411555
19811201
20256887
17611392
11950245
14056299
7560929
21478421
19490204
22775287
16416160
14080244
23592100
20696542
18849580
21736764
15654206
14321891
12866517
8042941
14654977
16045200
11184734
20167538
18081644
20320267
18941438
15785134
17855540
18936145
8602891
22296527
21416067
24306012
22190215
16877340
10117835
16985199
6473658
21033993
19284506
20900556
17177776
17577042
17552072
10585999
19528282
21835244
21367854
19380805
17515829
21204858
11195525
5366889
21386869
21232510
6811463
18637830
16376973
13346452
18320663
18109185
14559859
18818858
10188941
18625324
14757062
7918093
19124819
17389794
20895615
20688374
11308811
13496884
14684973
16298563
20320405
18086827
13236801
20299149
22073095
19039752
16797026
15907598
17082073
15767793
19154278
22118429
14963329
21289807
16189076
21589398
8395427
21103931
18442999
17290153
20706377
11844436
12512154
19027311
18581988
14274188
13299473
18995404
8225762
6541968
14752547
19647201
21223609
18965039
14034050
20089317
12324342
21089005
19752474
19757331
21476591
18632196
19084646
12779276
17309938
11943854
22690184
18532984
18036300
13760622
14055795
21555910
13785895
15178001
19465340
12061348
12230272
8893585
19461616
20612367
18804795
20456407
20453866
11973248
21434305
20410742
9010076
19445998
16204421
15881130
20603398
19530685
15449861
20978972
14758103
24657062
20663182
17166223
19611712
22131876
19744956
13275564
10100056
9624329
16846417
19705322
18435650
10462936
9664772
13386936
10799935
7383296
21237708
18308243
20814278
19659666
22185359
12450222
20163398
19081489
20616651
24131405
23714017
14564308
15755660
23741660
10000583
20044868
20669433
18875064
16130882
14431779
20853687
13717942
23186057
22637298
20281037
22810847
21862133
16433669
13304454
18941010
22341326
11964477
23125153
20171930
10511171
12339197
21247791
10696485
9504404
15018549
20293469
17419045
18878948
22373629
16788629
8122985
19264261
11013242
15100535
21550984
9609056
10558762
11484626
20767283
14678432
15270069
18561426
16893904
21782111
19522195
23465272
15612575
18907523
17030875
17996201
20174673
10716148
22083820
11072257
15498660
18375075
19165216
18581308
14692414
23771594
20641453
7441992
14052265
20017578
5960395
15699499
16625041
20561235
19252780
15851545
15519497
17641706
14235277
6171795
9561249
18424384
13513508
18379823
19236252
18372228
8944117
18894847
20324106
18606250
23351982
19689089
6346813
13699900
21708745
17329033
15937330
15362899
13869278
20081211
15537259
13102728
23061835
18622691
13819268
16489798
15302891
18254626
16572155
17394133
23739783
18442047
20477070
22854436
23185969
15165992
21042510
11611369
11911891
19403826
15752815
21886675
12894685
16815520
19724867
14887369
13745280
12556764
16893707
7817915
15419207
22180409
13082226
11055458
22403388
10069212
19905733
17418116
15023286
20740417
22348348
15476039
19875832
21018878
19067636
15859302
18381944
20715025
13115708
14719704
21668283
21552381
11773726
18307653
15829919
20431611
22779157
18935853
13731365
20998282
21883710
23418704
13731322
19977780
18786391
20609613
12386679
17401282
19765381
8195510
21410139
22118538
21540953
17819668
19304259
16007382
20508126
21622345
15719020
19907555
17100381
19847391
15340095
13300555
18966007
21677886
20723604
8871685
19401275
15645789
10162550
6563847
21109290
17352132
12166982
13333935
13956897
19471011
22923920
16849360
15027965
19870078
23562386
20586384
21507397
3326696
19381707
15672002
12945986
18956190
20436284
12885169
16920468
8207822
11860919
18336467
15234394
5956123
23709755
14221197
16870115
13873929
16742010
17948785
18419570
16115710
15713304
10491147
17738306
16809777
17877048
9747165
17761883
23530163
11163682
21896305
19780846
11950778
14690967
20657159
21901224
22166495
20205159
17825097
15979289
17053862
14085947
18339479
19822068
12766333
18481170
15697987
16603951
14179685
17977978
17479972
17874628
18900409
13304718
20183620
13277621
15750646
21286236
9708462
18418395
22526308
17414410
12749621
12033960
17496807
21233717
5709253
11459423
11909377
10521174
22343973
20531944
12828258
16980239
15314967
8418318
10199652
19763851
15658048
21053813
15233562
12936973
14736646
22670595
22674431
20198951
18796965
21201305
24437607
20859340
7604203
3325481
21600446
12185550
16285800
22358824
19218946
15135422
17830434
11001516
19302284
8967438
8502229
22922417
21383755
18873762
19508178
20320990
8662651
21426264
12098234
16566758
17292458
22809662
7232123
20437020
20604663
17480578
19743279
22799958
14483317
16164921
13800482
19624882
23210746
17110155
17235514
18422169
21648256
21832023
23871076
16706065
19080617
6970749
7098881
15207871
12966044
8635526
24115067
14018648
22740646
13417417
22759396
15815877
22666953
8315662
16701715
19566308
18354340
16231364
11943428
17862873
11063552
16175482
21631728
19395290
17288375
15111097
10238618
23336842
15867256
22213276
21593329
17280542
9302139
10696577
23948663
5014239
22379547
14715955
8479123
17431218
23919512
20867657
20177970
18423812
9996252
15242620
5209913
16284611
22637223
12176062
12925103
21569879
15882190
11571939
14416930
12042937
15125335
18747761
15377302
14866412
18712283
18797203
11122660
22315961
15597724
23007521
22581402
18457007
16319670
13643087
22684839
18740188
14454112
8437096
14570423
15060684
11304688
4820052
20787642
22127725
5213922
17947248
16797321
19231957
20540181
17486825
21704794
13004235
15968183
18928827
20032543
13195584
15227580
15017726
11553691
13454493
14909148
16484712
22677294
19842528
16177703
15315954
23766658
20999440
19963936
8709369
5259489
16035761
17716463
12543160
8887117
17201630
10697200
13976494
24087176
20868859
15478858
14098487
19051943
18497229
19580779
22404589
19740649
7642726
14977027
20556029
15595601
16623357
9631850
17418566
22109819
16191477
20708446
20661654
17564850
19650465
21464540
18422352
20874142
10492527
8664251
19428931
19418940
19222482
21984326
20741716
16060343
20066681
21040055
14893671
13676900
20237759
20189204
14191146
20327801
14089570
14187993
22509181
21603277
19770963
17693847
7933121
15488705
17234519
17719900
16873112
18971487
9840350
18100284
17749312
8542199
24467240
19781564
21070319
9543779
9224684
12264544
17142906
11019675
20690763
17602725
20886222
12339518
15288885
16496927
20976105
18633791
15044494
18178508
16209856
18238462
18369569
16646388
21210658
13705570
7110132
23656491
14826693
18118955
16220839
8768532
21781130
12588633
16651645
23658053
16734489
17564259
11482059
18564563
16317799
20468231
20524045
15464579
21019789
19470740
12789449
18738124
15097367
21882839
18713717
16331230
14544511
22124566
21724015
16531537
12511292
12184467
18506161
9506167
23133785
15785387
17526154
13837544
12739684
23027195
10051133
17873631
9253855
15050945
21952117
11893021
16656003
13458815
8966998
15885376
20228151
22560855
9604750
10205566
24622984
14669548
11215743
13606859
23794713
20178194
21487784
12882579
24166985
17785610
19716511
20042283
14821778
10100244
21833346
16565156
15158466
15372865
17843128
15373536
20988024
11916920
16122288
12326940
21087692
15450585
18981586
18333794
13964701
20503145
18642342
13336075
19363994
19951443
20228611
12521277
15138038
23224722
18179198
21577674
8093238
20571389
15915778
12086787
16504502
22109930
13092646
15602151
14120828
21427475
15600776
19822680
12623364
15754810
13302090
16981330
14194422
17015425
13749009
14331710
20030442
23732436
20631316
12029388
20878400
18502512
17478878
19510721
21659973
23260907
19742370
22303257
19204395
15046448
12534444
13407343
18928431
23960611
10475289
14922879
21342562
22176103
18477430
20323374
19619413
16288897
22996423
11203237
16976345
20040426
14250796
14830834
21439775
17449269
13926076
12182905
5165510
20459029
18555633
18180512
19955476
15858401
8718257
22857422
17625655
13028748
20584665
17900317
12189190
16482793
24606799
21648114
17288730
6583564
12734664
15329213
11520293
17279931
22204275
21962030
16418956
14768198
13889711
18701321
20003644
18449838
15660375
14834247
12309145
9628233
18999269
15440825
20292756
16811564
20353098
22675410
13077761
16359806
20141199
20233253
22295363
22905666
17142919
18629693
19722686
11492238
15752293
20322063
17247775
23132044
17725331
20959273
12364858
21896613
8460899
21128987
21835373
15409431
19968845
18661331
19281209
23539049
15148426
21686748
21983634
19122277
16250940
22511960
21987316
9375736
20669431
15468080
16814916
22227051
19945616
10131610
22992192
14530374
10139561
21259618
21838844
11946570
17270975
9029365
14784371
13866239
15048778
15140862
19015830
18891533
13563976
20963755
15339086
22447930
19687127
13735633
19874712
18147333
15782865
24131038
7628291
20818223
18801292
18644608
15186473
19091401
14042754
18311370
8583080
22885292
12948178
19556614
19100217
15866353
17122901
18579173
14885493
19010710
15411694
20659731
17111975
20623901
22146121
22836941
10855514
14014068
10465850
15955974
24027214
13610044
22071327
18234293
23743386
15273828
18380336
15813261
20636811
21640297
15262056
11533577
19055079
17865249
22364777
14724868
13552871
20453265
17549949
18707630
21966668
11335999
20296336
21042616
15365309
23965524
14701836
9297397
14568689
20426231
22019422
13787052
18718834
6661784
18848813
14546131
15984351
8993237
12451486
21416976
14447192
18591841
15248582
7144583
12258124
11032117
18594074
15139310
18500300
15698019
17104293
21888758
9339478
22488294
16326120
7089482
9843733
17082047
11915380
22964729
10477497
14530718
17236740
24281117
14275324
17628746
21752916
22496145
18469848
20554645
21585636
21202300
11386961
10197578
17354713
20741541
20109957
15942717
20345460
19827137
17789660
11839431
20051527
19324177
7104677
20789975
17734847
16301682
20727354
21904939
12037113
19636883
22810534
21351356
16265776
20959611
14163697
14426761
18679029
20433083
21367885
21384427
16588831
21929466
20766704
8596535
19405385
9378637
19239578
23892498
19382963
15371614
18472212
19152576
20978970
16869860
19391569
9397511
9372555
17181999
15709382
17847434
10788647
11250522
14328321
21809530
22136891
21191807
19780746
22550393
20800738
20540051
8618785
9936624
19664290
20251529
18278260
22397217
24859251
23513073
18777673
19437693
15662045
7917197
16211842
19737479
14895029
20614819
16683842
20533624
16054456
15339178
13354140
13435629
14495509
16699304
10968233
14202359
17581690
19097621
22010386
17962911
24478497
17487058
20157506
18290612
22427875
16465693
13696427
13885475
22512986
17714768
16142694
13897090
12416654
22792919
15802104
18265055
22066793
11332974
14469354
7004120
18376997
20466833
9618623
16005711
15531130
9371460
21646768
21794088
15089442
19216794
20172160
12005352
17492670
13050710
15717232
22477375
13734187
17204341
13759114
16998691
21844634
18175823
22787260
9391535
9598521
13867530
19664972
9354042
13091713
20412437
13522882
16533366
19279074
20406173
21055259
16560328
17828050
8501098
22183827
14563300
24530822
15950198
17690249
17722520
12684555
6011684
15090317
12921193
23695088
22692014
22455859
20517599
13876751
19641880
19327559
20421664
16731283
7443076
17301967
12398366
14239429
14767519
23725844
17303171
9725967
18107819
18298687
23039782
13438645
20229243
23070699
15631958
20279301
15586777
19442626
16991126
20736863
12668790
20586771
19934227
8238835
22209210
10232605
19433112
20925011
16222366
20643405
7748789
13636192
20902574
17531101
13194650
21191183
11072420
21464490
9938099
18509763
12366387
13229383
13856268
18850554
18015312
18235953
20131534
9033530
15199977
21859226
14265655
12616368
19442279
18843986
11950929
9121420
11071568
23710932
19226759
11612098
18251641
17479678
15888754
19566143
22691691
18685080
15560121
24249305
7744085
21318215
11290949
23919526
18893752
11246565
24215801
14736260
16697493
9044326
18906600
19049608
10343626
20016842
21946163
4593228
20350994
19446211
19758790
12813926
19991712
14353667
22163138
3870943
13019146
16250806
16760502
15683289
21185624
11660581
11900606
11768968
7990583
15301580
18767331
14491298
18819669
9044388
20931574
15183730
12791896
16208613
16900377
21414572
13597178
9514634
7348555
16855881
14653964
17099438
8491332
18362867
20903151
6433296
14329951
16645209
5305308
21557669
6490249
18795849
14784876
23492233
21740394
16900359
9240247
15363485
19179908
13160057
19959340
20224816
6388377
16398030
23481492
15367857
14882176
16963889
10996054
14849116
16013226
12230801
13525072
16349889
22773763
15560534
22390975
19877612
16107387
21927815
16553595
9862132
18014946
19862198
17880107
21975531
17403069
17741579
20134412
22391094
16692814
13362533
18140943
11740850
20164048
16461825
19231972
21587615
13023368
10801046
19143291
8382470
20215181
19154432
11602772
22598001
8695766
13865779
21054720
14051960
23084163
15563063
4606343
15965841
18215388
12140208
11856964
14761501
12876429
13543029
15319101
16528153
11047753
9149671
21218256
17588286
18831450
19760241
18335482
14125014
15619653
13027707
23151390
17523511
13996550
18407673
12651742
17408902
19878951
6840118
18646641
18531045
14175496
20753600
23246339
20247253
15286807
14152717
16903967
22198440
12456293
13131855
10810053
19884737
10756486
9158328
6054323
8762119
16785729
21673653
11740056
18101831
23121726
16274022
23462880
11561698
16092318
7837917
15507936
16749483
22103187
21551598
7824806
20507934
18999093
14417053
18413881
21227247
21940054
10112299
19243371
19451501
15774136
14998984
20579628
20086927
18934099
23175063
17563649
12811085
9921520
17042497
18179111
20170919
21630257
8456208
16927085
15671674
14832928
18219739
16984081
17031917
15826210
17895549
10088508
16801975
12198270
20832018
17560613
21290372
24187446
16432758
20834318
13893440
13951115
9799270
12341290
16999007
21860442
15275922
22128132
15897503
18383846
12497606
17853463
22466207
9873072
18546662
9898109
8959586
19435663
11348442
19372306
19436535
21385596
20148110
19578215
21076370
8727714
20297502
7826203
22325884
23379899
14608625
16273391
21170393
11911051
16029624
9877946
17181942
18124651
12920045
15178802
10783915
22446514
23270309
14527532
19714088
19201253
15742082
13021316
17717239
22117165
11881286
15772387
14977962
20213325
19925881
19343360
13813236
23043719
21695889
23234315
19342146
16500002
22729853
11997853
16107350
18708708
15841282
22925367
6432524
19374252
16076884
10126192
17410469
16025974
5121959
9765489
18373989
2624443
9892014
15643189
22584101
10814048
18674898
22041200
14319301
21212026
16940465
23279588
12051299
20488286
19588301
9661609
12772219
15184321
11261522
23460174
22137612
22595291
6150188
13394499
16211513
20796398
10000145
13359501
12506639
20459379
21469289
5418599
19322312
16628107
15469819
19687257
13160344
20835775
17180674
15636330
16763667
18656133
20316025
11534463
20342320
15959092
16773010
12799268
16570454
23106569
9903564
22316076
22230819
3338833
22307701
13739585
14498922
14574664
6846063
21568659
20123108
15942876
16551219
21569592
16325079
13346930
24063643
23464025
17642889
20674716
16357497
16524878
15296501
8693210
20178351
19008394
11416694
20339896
14831721
17390898
19926099
14035310
9250081
20985631
15252359
11729419
8318795
6921924
22467967
18327354
20926761
11877213
22685324
23714290
22099433
12987690
18609507
22342847
17465850
21436823
14396747
10578129
23237208
11546855
20113455
7244693
13786610
20721147
22413953
13467755
8352595
20587815
16713202
12540125
15086019
19929764
18597038
21724060
9280244
17566170
13752513
22245049
17727643
15335278
14532813
19104570
14792884
10042823
9378004
12713994
12177801
7382908
18093360
16168771
19344228
22727668
13172958
14595840
17686700
21633743
24332518
21445194
22325364
14543090
12395824
21152304
14811464
21538385
16512424
23182488
13624121
12072495
17661202
15212755
12252642
17641732
12985562
24038066
6312823
17004963
15577275
18293358
22125669
18415562
8121442
14273597
13325397
7745861
24310754
15479094
14560841
16989134
13893383
19724816
12173778
20120109
18685411
16363598
13356588
16536421
19807681
9513258
19671551
14129927
18097871
21713975
22632292
12296022
19930945
19112179
18667281
16906143
23304024
20358285
13302092
21541813
21507042
17185850
17040330
12137827
15819826
20868629
18900851
16787599
19349042
23517046
14629880
20834354
18113976
12431470
12631369
21177991
17037490
22877154
14125515
9361752
13797711
22321488
21039304
19384012
16824666
20943852
18898691
19934471
13283321
21720791
20967705
15866353
23610146
13548134
7355565
10009264
19054494
18530369
16712674
20805205
21309930
20166529
10620460
17267058
23060417
20996363
22239806
22771977
13378112
17429699
17395314
18859845
17340059
10904798
17074620
17490762
18697933
20287742
6875532
14175174
13637124
18225369
20841565
22039827
15475368
16948994
18943678
18838025
18175340
13711385
15240802
14009770
16461537
21575600
22283375
17428022
8064628
18277206
19126727
16018315
16579644
20170542
15794020
15565722
11094303
15856516
17522793
16733171
14460522
23416368
20517064
5288397
22707095
10362869
20319503
24208798
21296521
9426129
12336195
20815627
20160088
14419373
20295744
10479958
21242678
14181518
20527494
19677647
15552394
20155940
13763477
10206692
16477932
20290879
14894887
20110626
23692196
12058235
13360241
16300681
22623684
14145473
21266447
24625050
14517890
21652355
12404591
16745070
13065435
14855209
19609454
8793544
16684049
5496845
22106608
13433464
15673037
17400500
18405469
19948113
17612729
14557553
21329161
9841735
17254428
24250993
16822779
10048180
24649622
22639084
19944916
21190178
11645075
17308417
23071110
21627492
23501785
16160200
14159126
3637789
13093080
21567284
17796137
19898093
16851207
23145838
22411839
20148675
8183179
15226155
18573812
16287090
8333561
20948537
18225745
20548379
19651488
8154248
20586494
18528905
20917257
14370364
5963114
22521938
11287803
13556881
12160636
19869324
18051316
10188950
19799349
22741576
23337918
18652642
16088850
20971009
15314233
15521815
22172526
8713671
22302759
18208424
20280829
9576101
20890767
22498193
4781078
17102129
12353559
14594917
5780141
21592381
16845517
11408285
21236045
16279812
17622995
11168848
14282929
19595475
11800801
17661572
16582676
14195395
20424820
19987080
16550551
21980420
22739394
18359492
10353756
19049440
14233514
17221138
14097852
14792019
19482071
17430691
22498076
13228807
20057472
14836602
12349699
18143028
18909037
21045178
13784292
13092255
21704779
19486521
18350980
9167338
19669379
13645087
18490406
13874350
18884083
15234104
18659099
7284464
19740137
21698442
16861955
19983563
18145347
8569210
16937845
13724560
10822100
20926062
16613599
17408882
13830607
18471977
8795658
7984466
22571560
14372323
16273954
15353449
12907660
20479532
18785401
20155954
14306142
13070833
9867381
18598207
11598678
19203012
18905540
22688220
8807431
12041365
18358838
12980966
24295678
14606120
20836847
17090800
17287742
19713207
14718476
16736284
11709526
14232556
6268359
14593666
16024268
19691503
20984302
14616532
19164065
14902393
17186517
20997501
10617729
8458286
11071146
11216710
21471686
10727115
21187992
23271560
15474512
6282910
22179767
22946405
18483934
12259142
6518893
14552783
7094254
15430282
20305111
12295223
18809660
16481885
18812657
22799320
21986389
14551612
20010859
22621458
21708172
22043811
12011814
19940261
17539805
14089090
21277183
18326175
11810004
24130239
21961452
17366901
16780802
20414985
17806035
16138375
15600212
19592424
12703206
15699167
21881977
15946746
13206335
16244615
17074538
12551523
17660060
16590905
20520485
24385428
15811477
21751424
12589950
8843631
9475162
17640474
13039050
10948378
17087162
21131503
23316074
10268524
18918816
17239470
17970422
19140090
20425817
21755584
10868321
18717639
19021552
16662815
16600332
17289598
14760104
17613674
14873317
19489767
12794899
15689072
15456663
11566781
10981619
18680248
19783869
13915561
23288268
21546626
23656465
24651957
17606442
22805796
13760348
13794063
13295772
12889363
17903073
20696232
22137669
15510113
19899225
20882177
17993163
21916467
19924069
19503022
15765664
18245903
12652648
22280344
14976505
4709164
16875588
11193085
19253301
23042000
11751966
18695949
14416651
19268068
12350761
15304561
15636490
11002881
8456004
22260851
22344628
20665655
7857159
16559246
18738138
19617439
12140276
20486697
15521555
6969333
16188106
13850553
13900665
23589383
9756467
16263418
9031175
15655514
17774623
17375679
12968331
18392485
17415362
16786920
19694237
18250858
13399908
22509942
20978575
19463334
18076383
16659716
20966569
24321390
14929928
19384036
15923544
9044088
18744530
13200195
14707964
18569486
19524935
14410612
19840525
15282801
20049265
22337281
16253787
15559633
18745678
19932907
17115627
21880052
7826977
18335474
17257158
19608670
21181834
15765030
9880094
18558365
14456652
10222505
21858657
9931103
22885951
17698361
18993364
18615340
15271597
12611635
10013778
22216448
21935769
16964472
4784616
21437497
19079817
7541702
19772016
20164488
11989402
20504808
16057163
17530683
22979379
12396960
11290900
19702858
23798886
18666805
15955356
22304316
21139453
12187682
13382392
17047458
21400480
15285131
18036423
22004537
11527226
13685986
23371626
12018933
18264517
17527063
18951598
18563977
15755992
13436264
14973127
12067868
21489588
5872366
23009278
14710372
7135273
24560226
6903049
20066983
13838882
16355410
14629480
17445993
11450085
16303050
15989459
14764778
22987718
23267320
14495679
8691227
17073771
12371981
9465816
8827308
16066700
24856573
13027430
21020220
14304179
20330161
14196229
11345400
12911264
13130943
6324349
22426250
14443041
18823099
18770075
18272034
16718602
21980738
13944954
23814975
11161748
8723707
17609640
17738392
9948568
24415710
11000229
16406361
9343917
18476966
14670591
20694001
8920322
19717151
21975253
16492460
14903976
17162586
12591056
20655096
14831554
17090965
14180968
22624701
17654714
23771778
21698180
23714236
10954022
21487943
22346106
20758365
20915715
8145497
22758816
21699853
23033287
16099918
19356988
15335089
18669365
21261713
10295474
16008933
8668424
15150219
16153245
19060485
12025614
18374780
14749964
24751331
6877188
21457699
12637857
22386993
12349525
17146975
14757169
21834670
16809905
14105999
17234090
13911688
18612781
22472569
15772968
23075614
22275594
19762936
18999439
18363996
5271669
17109272
20887984
15529785
12474406
15627200
13335282
16397336
17228247
14883313
24327676
16306169
19978617
12506373
6833608
9551588
19946299
11245882
10337486
22995027
9974585
23179378
19811888
14904784
22148352
20725841
9837469
12272537
24235633
12330357
22956907
10366535
14255557
13877258
19791789
15467827
11085018
13997544
16256892
22347142
19092662
14907866
8937870
14293033
22979164
16152692
23033226
11882734
11225369
12073652
16678657
15684413
12454224
17892786
20811036
19302764
5987967
16629254
8624857
23357823
9028878
19820263
22045143
18002482
12691249
19539975
9074012
21623943
21333799
22296526
11001120
18453113
20772365
12081543
18179698
9888411
11523736
20651042
17179315
13007527
18721239
15748561
15037414
12095865
17039073
20935312
17384416
16810693
23694350
16096952
11502596
12164003
15179541
16071228
22269768
12259720
19629364
15003559
20955165
17818004
21338925
15336576
24730824
14488443
15069771
9713731
17397148
15084953
21806696
19547923
22632316
9809669
22497726
17970931
14796747
15226740
20875826
19789719
9492438
18007917
16905743
16446747
20582483
9267017
16629755
17989856
16349956
7902643
14477636
15641479
20014401
11096673
17230008
14798111
17629993
20225845
22683129
18916630
16012282
15480261
12320450
20362216
16627920
18989097
17961291
11697135
21421321
15147098
18515971
16709773
17048013
19115397
20048661
16633625
16844103
15635809
23662762
20768952
21344815
15758326
20467659
14456413
20312137
17803324
18580633
9773830
21607562
18314910
23331968
23034591
11785380
22895030
20112854
20648172
