19557120
13133602
23682246
23303034
24283964
17782431
11798477
18947550
18393619
17589737
12544473
17256423
19425951
22947108
19704454
17729707
22453582
16881392
16753596
10290885
17344243
18827206
20160156
15036036
13109308
13182580
11421148
17595020
17330549
17330134
19265825
13478587
13460977
9372403
5054898
14804074
13304250
9639898
16902933
17870548
18183791
21969596
14373689
16302377
13321885
9587684
20135868
15664752
15889186
15462793
19377948
17520686
17238543
18142697
10823370
22652404
20146676
20307123
13291884
19076783
11406942
20318688
13486013
16970936
15783464
12046697
13861089
10732612
16666016
19863580
12221106
16717194
13500311
21407755
10956174
7658944
18994076
20622054
18294943
14463940
10021581
17843239
13986700
20565226
16025429
18101332
18318176
22584033
19490799
10656678
22042866
13392351
17718055
18307779
17251971
18116091
22585702
19154748
15468674
12610621
23158045
22834493
11943269
12345381
18552988
20408396
17960959
16731555
14869856
15278727
17619638
14996902
20261369
8497345
21856342
11315496
19980862
21186016
17850466
20535390
21272197
16416055
12680355
11885170
6719954
17999717
21892046
12958798
19348671
15886527
21133786
16556699
17158814
23139318
23400378
16337662
19605075
6780846
18328376
21989179
22669170
15773968
21290042
17545916
16786154
20325223
22885309
22286493
14375641
17405288
19036027
8363021
9281549
20889890
18434461
11534848
14209051
12491139
4401298
22584879
22078559
16897240
19930633
21036133
18140823
20097745
22944300
15204191
16993920
12440000
17717069
13836860
23044635
5301964
10164274
14704913
17676861
10037138
15861895
9800617
21122164
15897797
18181358
9945753
17855724
17624210
21868916
7568692
15419366
20860952
14525315
14482213
23528893
20306424
20215107
15112639
15502124
20158609
20924767
18783949
13300576
20746247
8021166
10843058
9513841
20236987
18651863
9411257
16119187
18435860
13533932
14258879
16577995
19483230
21564937
15010937
20109993
9331227
13861679
7657427
20393728
22735482
12094147
12372660
20151381
13676192
12353713
7917416
21836288
8805857
12825355
15161458
19913982
17494839
20763072
23571487
21932036
20469819
8692273
21013182
22098287
12414798
8980267
6822407
21461386
22608652
16491746
23396280
12610335
8467347
12914173
16248315
19521116
19987138
15964475
5799744
16513274
20462154
24899013
14881993
23361252
20584663
20138096
19076172
9219916
10754553
17635796
17803927
12223046
22401468
23497898
6993022
19667363
20522249
18876387
21624208
17423700
16600636
14965293
15518618
23717028
19589641
16365058
22965883
3509287
19620721
7228838
14267426
14141331
9496876
20114531
20429795
21065561
17154272
12368740
18852993
16290937
8176826
22205114
19490756
17539957
19557116
18763723
24327808
10404512
20966315
22188343
6561481
24066709
21029359
13537544
17914334
12910840
17301180
21995265
11093796
8057830
20359000
18852753
15830699
17296079
15875310
13241204
18338790
13050479
17427940
18346479
21026093
18925036
16974050
16769912
19868777
7555089
19303903
19256106
21103594
15301015
20849190
11134863
22542600
13510065
19042035
24424981
18252845
18179594
17481798
10742931
13350611
21308214
16567557
9939696
22308918
10312105
11038481
21956149
23593335
19228220
22077223
17435516
7994019
21114475
18451513
21222178
20727192
22231286
16762526
21225936
21197630
18098537
12442668
18648357
17311553
19966606
9968641
12580817
10670061
21252334
5826485
16205043
20067029
7607674
15646528
14307341
8627032
20542866
23081328
20069992
13672957
10144864
18782983
10604123
20357749
22032979
20013606
10610753
13914928
21489045
18693777
21731577
7652634
8562304
13243679
13097001
10919665
17851708
12366973
18550278
13065828
17857116
16117510
15552994
17441686
12506889
10491125
17562370
16663206
22894042
16714600
16282690
16418186
17907040
21930673
19307915
15880462
21330250
8552182
8518109
15204495
9428012
18512747
8281626
11304793
23406176
18331440
21311095
20853767
18910319
18537092
9157961
21500257
8035585
8529957
15622135
18643130
22062615
13774472
12176639
21205721
17419177
23088750
15587776
21211904
14323334
19145718
8332669
17798312
15967022
14094551
11751727
11381853
21760822
22374254
22684702
21826002
14635339
20902874
15734234
20730755
18641138
14283863
9910860
17427037
15799699
17881281
19403610
21657638
15979919
20870423
22164265
23688241
20080723
23962078
18656915
10680128
17357273
14097626
18061111
16410795
14886489
9089879
21431471
22999549
15849128
13132412
13246392
15553555
15423815
13704284
23002477
21892750
13947488
12549552
11036813
24049405
21121331
21624963
12101710
21093932
14073466
14332133
19609945
16352364
11084507
16722672
16721382
21869964
20105161
23326495
12812904
11672098
19289953
19480939
16383848
14180446
15742816
15359767
19494662
10852703
16092343
21874639
13827805
17782234
17065874
13003970
20047586
18708024
21934444
21031459
11387660
14432084
13051921
15320647
3436913
23551041
20923277
9360651
15032501
16061080
13433358
12818899
15871830
20977577
14088789
21314291
15226801
13556175
22509859
11514883
11067727
19023089
8292441
21032816
22763419
12683819
16795578
6233295
22946946
16479871
12730293
20808118
17472959
15891187
6126220
16003250
23858074
20336293
18206049
19992059
19664737
19524005
14832422
19242986
17099519
13745526
21420715
23905736
17786595
12151677
17828651
21534293
12666492
16928540
15419047
20662511
17545738
16430900
9473785
20342390
20699822
19213149
10540566
19562666
12316781
14281059
18141552
18465042
14752580
15248344
11806945
13514039
12544618
12183041
7807884
13421209
20707325
14385935
17763670
19328732
20812098
17372547
18402587
18195212
15817529
18157139
17155961
8975881
17799216
21249012
12028039
23147655
19819361
14253134
16745281
12861457
20436197
10211120
20378843
10314813
20885086
22607245
11975937
18735820
6450138
10650751
13377495
7848239
20058558
19834455
16052452
7643361
12548196
8854009
16065128
17951734
13427625
16996835
18309539
17066597
21089295
22818500
17074369
20445118
18950063
16420252
16106162
16717578
12496892
15850159
12592606
22719734
15201993
16146977
21675822
15194236
7865659
21915276
11217578
19545827
18899330
20575679
19780078
18554912
8084037
16264489
18391841
20558362
10188968
11350476
16483212
7780333
17422395
23328223
22077862
18493996
10037052
20350147
18391575
19362316
17358197
11794991
21397123
19793792
24834351
23385321
16562633
9651175
16673220
22800551
14656511
14474638
17681879
17082415
8788134
22914550
10462650
20292769
12694097
7164693
9572856
21056723
16651068
11959999
19521384
16265645
12567160
14587879
17142949
10998557
20861588
12170011
11618307
14290676
20916010
12419262
21159811
13144080
15042533
5794547
18975086
11790508
21271787
13913484
17548823
19768419
19909319
19823695
16176664
21555382
23067601
15255632
17300333
10366569
22157866
17820399
4824883
4028918
17769677
18953533
15401243
12301591
18134986
14287748
13858142
19545078
18012998
24424081
5869712
7498816
21126582
9478680
14183500
15585554
15212243
12885953
18424833
20754603
19370009
18428283
21880773
9909882
18119376
22050897
16231601
18889016
8770231
19934809
13130086
15152233
6370925
23362568
18725845
19952611
20509502
15049195
16556825
18166438
22964365
6401022
11892607
16737703
8576335
14990152
22545195
18936559
12793875
15873246
10404450
15063316
18704670
12519886
20769992
12879619
22308113
21523199
17333983
15185411
10918738
14496668
17986280
11036046
19314287
12649427
15507666
12765686
18676066
23069905
20616141
14992863
14924859
16854576
14496821
13550708
17285362
22414981
22100938
7816926
10349544
18369011
18728569
10908457
20614036
14770427
17549417
21572296
20594756
12003859
12166404
2725329
19170942
21780948
14680651
23628439
19038490
5509481
5771970
16009967
21487703
9571699
15389182
22436258
18902961
11671011
17581299
12538705
20974834
19866781
14434592
23855959
8468375
11280597
19006192
19325329
8769048
21795741
19981573
20997221
11850754
20711891
20846248
10589372
22723371
23312047
17449681
13505365
17812233
21920069
15879080
15426715
23023840
9781525
20773518
16089267
14749887
13685824
16964865
22271768
12375977
15241815
15581079
20116674
18416403
8099492
12901204
14436418
11539834
12369610
15284611
8211156
16573921
22778747
20510747
21171321
24568749
14483725
14075822
18239060
16620598
19023150
20715050
22552783
15707142
23214869
12887675
19493289
21787594
15919263
21908748
9995411
14909492
10684221
16746931
13605116
11039397
6749763
10377144
14953355
22103468
15687670
19395379
22334613
20258912
20537681
17566205
13181287
15031220
19158371
13108717
19130066
15805462
12856751
14025521
10175590
17106841
14220573
21909314
19576869
11613098
12982492
17924852
21554299
22757742
18021059
14906648
20361023
22227302
12333810
15201827
18362047
4578870
12137442
15889876
23537929
23005060
17162377
13129418
18542651
9293227
22638335
17996968
22629180
23873643
24621383
20537345
23096454
7523399
19936599
10459357
17907189
19216419
8470432
9620441
8654187
20238572
23765486
12845511
14601525
16286505
9912172
19007768
11131496
19759777
12182493
18179208
12968038
12813675
11663660
21552824
13115428
16794929
22592483
18867098
12137497
20022281
7872154
10636165
18124871
20474653
12566722
24427402
21562071
16635114
12219752
21068373
23595035
15388229
17862857
17714494
5332465
19427877
18740507
19727831
19058648
21356017
19835539
22245438
8820122
19078487
18861001
15970943
20645440
18562373
11968139
20710959
19251028
15917097
14729595
20293289
13952979
12556613
14779054
21993252
15083244
9225021
14544337
16400239
17042955
19451000
19528601
15612011
18784203
22829215
23596871
14924418
17145324
22566060
17431747
20340013
14982130
19295836
11467968
20545409
14079645
17633812
22085154
19279874
19765302
16971015
20975789
21400247
20193137
21590351
23519992
19219887
21323457
12643148
21637488
10447858
14120604
12259331
22216706
16500892
20368070
16578810
14568185
15925003
11426034
21732569
16164310
17806229
14774782
13641125
20762613
11479022
18708451
8688691
8760640
15653488
23338540
23580455
14547760
13586916
4561304
18863741
10974182
20984875
15232874
18107576
8025935
20790511
14393004
14587047
16141214
14819523
24480377
21970214
19247219
15849994
17055687
16318159
14054004
22206451
13582125
17807907
17047623
17740373
9540895
15464541
10678676
16836093
21375996
22940415
22509163
21786511
16078859
8177042
23822958
14037952
11590400
16501701
15367379
23035270
15238847
18332606
9319487
7325273
4710344
17509329
12240313
17118707
13136041
22559905
8002637
22709527
13635271
8960125
14161002
10216257
12194415
10731759
11821301
16770080
11775369
10635720
19328590
18954902
16521569
22979332
16064107
13903603
23818483
21650611
24647644
20976509
11453796
17806137
18121218
14658679
17823230
18013743
12446690
20132700
19456892
21037799
8369088
23663278
18655692
17467306
8864850
11881593
20874948
14683474
17483009
14239457
17721609
21039080
14028869
22105092
13952835
20130870
16900049
13345418
23528479
16724801
19981022
23835958
15060276
21689817
15497885
13086034
12057198
15146002
17125267
20183563
3702893
17831554
19260364
22344853
21178242
7911731
20303376
11254002
18822629
17359795
19796799
13590633
20404156
11888473
11462522
16426919
17389580
19594261
16948315
21222708
15938345
10882304
15043871
9881879
19530647
19834568
10888806
8081700
20007168
11365938
7631449
16902525
15975583
11638290
19597052
17162181
16953985
20361605
16467668
17594849
19869664
18285731
13221186
19322437
17200018
20162916
10519382
22672276
19529670
7130930
18442995
13018438
21924269
14089574
19558642
14643429
24269926
19755159
23327923
19586161
22063824
9761567
15792875
24318406
14684070
15610244
17594308
21866481
5692408
13170249
15047461
8367638
13903722
15423724
15583981
8309704
10766720
20393489
21087848
18416156
17420990
10637316
22846225
15193274
12234275
16164563
13817817
16285615
14340142
18471105
18724328
19640351
18299654
24630832
8090518
22504265
19530808
23413126
24103187
19118453
20797981
13825549
23834041
21938324
15229350
23110464
11847765
15912066
24081467
9184765
10566494
17046630
16732079
9079499
13080511
19049429
16595608
21530969
16403175
20035710
12019097
11667440
11298753
18930498
19535855
16843357
14441382
20102319
8892414
14399406
11950641
18752762
19511286
18514888
12437601
9385136
18953526
11248636
10034574
16771225
21174852
12640949
18276663
18875550
21351366
17819833
8341904
11528003
17728706
9891760
16921572
13552119
16707655
13607097
11574815
17061925
12352192
20663761
15169303
15857817
16464916
20063763
13494523
19264073
11909011
17758631
18360236
22020203
24111222
7709304
20962036
17260921
13235981
16676094
17427360
20212429
19191209
21105327
15003711
16206618
8443425
18327163
19015276
19671263
18072683
22194641
24168206
18670025
11916726
15505154
18273974
17901447
17761445
18133864
11516360
15792972
15508168
21523504
21893486
12002282
13796722
21337729
19799034
22538260
17284343
19786962
20212411
16202073
13501436
20281018
12172576
23359099
21098332
16031053
22432557
23052489
23875439
7640175
12076757
10403220
19295362
10924007
16115693
11174746
19390080
20019551
15114057
21997045
20880686
16218122
13224099
17839203
21517900
12735601
20637271
15745108
19901052
14310160
22945958
20317266
22957540
16369934
15079423
22561909
11957386
11645646
15215766
13647484
6822960
14948375
20092940
23081656
15633340
19744579
12487605
20045717
9649089
8444640
15537783
10629158
22835763
9259814
15301417
11710592
17856215
14290674
22524202
18796235
20205620
7547627
11783731
14491994
19046950
20304572
21943311
19415856
8461783
18331618
22955169
20068449
14285294
17792604
6606921
22062084
18749146
22271937
19912314
22924561
11784332
22350076
21002033
17806283
16615749
12913730
21201995
18699168
21239514
9425699
20572793
17090517
16454698
10947267
5581741
9225186
23483937
17399732
18428985
13265839
19399320
17371422
19330835
12017949
12973153
22028878
22318592
9487112
19038089
16861512
20883818
21682867
16018085
15013275
13392542
22029224
7618972
15493065
9565102
16982949
16002452
17460571
11158337
18720520
22335859
10054902
13615269
22156716
15184769
17370553
24035018
10520847
16716728
9846006
20783628
21980133
13564770
10338438
18808864
8400779
19025710
16298708
20099819
8912210
18006317
19731299
14548173
16454369
5226421
16050659
10414877
14894756
13368311
17391704
22300979
9631101
11183820
21869727
19176981
16157844
15889183
9429982
8287757
12290599
13975656
9725105
14990879
14412914
20463740
19741522
12851423
19846542
15568589
15855382
14712220
11532412
15066977
14688598
24091013
19705495
19329914
19251465
14958980
23138454
10170297
17315350
12600091
18950909
21749258
22337665
6327402
22638477
12973355
17572653
16937341
21844237
11455258
15717187
19554758
16215156
20009044
17213069
15135584
20039541
14604393
4246826
11663542
19011208
23695641
19865344
19896770
12801797
22130409
18666290
18391271
22260608
11720475
13055738
20517270
21498534
16668045
17064850
21060217
18694772
15904435
20193484
19255650
20713460
9573611
20220129
13510412
9918213
16142428
7736736
19635611
16701742
10989398
15363217
19152596
16368691
3222083
13105152
13900268
11152401
18631221
23111335
3797617
19748856
19252390
20826826
14905018
13891849
16597074
24392822
12295708
15043666
16582263
10464163
21529743
17873524
18940013
16600237
9407583
15433714
21963488
18787746
18978730
12816886
22281604
12579502
17578533
20227975
12742566
20597471
12285492
21406066
9829084
10440035
21793248
6685319
19062922
17265541
15976645
12229163
14947936
19107267
19184721
24595479
15017286
9403595
11346352
20743489
11288066
19369839
13913304
13578397
18575674
13365481
17155618
22098867
20761840
19416746
23250647
15426251
14492816
23585753
13315618
14020720
11729133
20228094
18614432
22141377
14975138
16496809
12647948
19522656
14918165
12147879
22108479
11281305
12945185
15466090
17969242
12833821
21554590
22729831
16420017
12066452
8213285
18410324
22241290
8081606
19561386
6389771
11166149
20224038
11374197
22220094
21712923
13737310
15002902
20204047
16665015
19082610
17862571
20001941
14603148
18413474
18679446
12451566
20352387
17565989
8474903
17985257
15245627
13153897
16703868
18225941
15470678
13979070
11597712
14394587
14293981
20390988
8612457
12340363
12943546
13815473
13952866
10883787
18215460
16181330
8738564
9771081
14174639
20119689
17166806
20108692
13551277
14638270
18670607
11234352
14386086
18135930
20269276
16882773
14133372
14168240
20718105
17445840
15377573
20560326
12661855
15654785
18713503
20644717
19527730
24163838
15188762
9577544
16956964
11715510
18773560
16620408
16406400
13146001
19276067
12007925
17167723
19096959
22458057
20033749
19743903
19577067
21552896
23194817
18062641
14071920
20415000
19984984
24224188
18426877
21025571
16575306
11691155
18154789
16394175
17223578
22627638
22141379
23165639
15615937
20798899
16317542
15346781
18954246
19431185
21918706
16993473
9748522
16398410
9739562
21258199
8159282
10850448
18729980
24612769
15051422
20281290
16398784
14728540
16292815
21176711
10112949
20616740
15866179
22141115
13300019
13125634
17919233
21143834
11308840
22376459
16848904
19010384
16118921
22838937
12842628
9734384
24392724
9522387
18762499
8250690
23483416
18143483
17669519
18307698
11476701
18906353
17355135
20271696
13490368
18321386
17736080
22198441
22125633
12790132
2504507
15812435
8720958
9912280
21758425
14021093
21078721
11426444
21817674
20402533
17181921
13352430
15761943
13534989
13854537
20509692
11451661
18000600
14221439
14824865
20625958
9221819
11933119
9966733
11539369
14346460
22210000
24284445
12478729
16835433
15345540
15309979
19912054
21096111
9109127
13979059
10184140
15061470
17401920
24040770
20525922
17403456
14739734
20396243
18314060
12455744
17319322
7445197
16333961
16988891
10585807
20455598
21313388
21502172
18532123
19628945
23015001
14411142
17804616
7420999
15874823
15971723
11671348
16591368
18194400
22122120
10337042
19472153
14122952
15893228
22576980
20971879
17507419
16092522
17747345
15626299
18675060
21621065
14698167
17075212
10424452
22334202
21114609
14552125
18452002
22439464
22264629
22485152
7635627
16391225
11592075
14037220
19602912
19984072
18389283
15896654
19850361
17327918
16636169
12226129
16042182
23177804
14280045
20631478
22783927
17456497
16972209
7190504
21625893
19578896
15376935
21310723
14144920
17992746
10893291
10062170
21640415
16691945
17706753
13113233
19135860
10937720
17085787
21712018
13590072
16704022
16518643
18212688
9325096
19393016
19129566
9230287
15473996
10149312
19135751
9189515
15383206
9025604
16449316
18811039
22367151
17664002
20412273
11032957
17877834
14138955
16233763
18999681
15910074
17915125
17169114
21280335
11616033
18406894
19585169
15274475
20992246
21039750
20826363
15391046
16201434
17435045
20321247
23070433
18184298
17499783
18329752
10551652
10552057
14281338
14531704
19731639
18680765
10894745
13768061
15755630
19707604
11902704
15117458
18875442
19168845
20463089
16001503
15315134
11838077
19910394
14772237
20785066
21225455
20267825
10098442
19720123
17077075
17792176
15614343
24842366
18915618
23050751
19637948
15320914
12158296
19616118
22276348
20420597
20746153
18380054
12844868
18217380
7278155
20711473
9005826
19087441
15138330
23650209
18401533
23277350
14654947
15707163
12254527
18275340
17343963
22288905
6143199
20240715
23182559
19342086
15035016
18052326
18014417
16132945
21029077
23074469
12073725
20110912
12094464
15118136
8809995
16029400
22327129
23750702
15751582
21045474
12696836
9621983
24146115
20800960
9833784
14232431
24543147
13677368
11729199
12779666
9285033
14403598
15915005
20526917
19856591
21934547
24081649
13690474
22177578
11858308
9794161
16939893
20978815
10561071
19735930
23484470
16620815
17202226
11180094
23586247
12523073
21699237
19106254
12764019
15928275
7127867
17412037
20054524
22393797
10632043
16436821
23946630
14644771
16374963
9945262
19277996
15146473
18803897
14839848
16290787
22009975
9828299
11938864
20951824
20756784
14401281
23242220
19961398
19189290
7312108
12354084
15540710
15133351
22511079
11978125
18754380
22134794
21180018
12259063
23919099
12646099
22807603
19158421
18370209
20868936
13181306
24331688
15252802
19416187
15688489
17877317
20067024
15554295
18393312
16955963
19623188
2768693
15026221
20960435
23138268
10792270
12478841
23744386
12867164
23222808
21351307
20202987
8640247
20204823
18210546
17316549
14991703
15982606
11279016
21545132
18583840
13898378
17865063
18233557
18597417
17320876
17992484
16861806
11534737
16823285
12039708
14290666
21142494
16954239
22031998
16518656
21823253
15178723
21698283
18554222
4780777
15697755
21537630
20747429
22809035
22663521
13198913
23152784
12120572
16882182
18213051
14881070
15066967
6600818
19702817
20824394
15936152
9765365
20966901
16788628
12101801
16957949
12553119
22885785
15087174
20767497
20867234
21279686
22431658
22970074
15774931
17316493
21375031
15659761
18123745
21403408
22101831
18571234
16233436
16172383
16880628
15343003
12464207
14674623
15788698
11295051
15328760
23760079
14829281
16166261
20925523
12940915
19225349
20187008
19626515
15967018
9644117
16839088
13992141
8379813
14071576
18911916
15778785
15896015
21808103
18917479
22933921
12326380
18883367
13847252
15487105
19031713
19401221
20411039
20976160
12810370
18728535
11766253
12431046
21924933
18003853
14135771
18684278
20389254
18390534
14907057
16529711
9428083
17906314
19288236
15837869
4082942
22297359
10750789
22360325
12187380
16929412
19682873
22285028
15762098
14304475
18432943
10602706
23882826
12992855
15502948
16223406
15810620
9843203
10141303
21085075
20384417
14963317
19731378
7732508
18334130
11602250
21091245
11165061
20988124
9766452
18059771
15193415
16702350
22364763
9307614
23049599
17234231
19154897
3658244
18139620
15922290
22657904
4647089
23452727
11320749
22411419
17392087
14586291
16367810
11455034
24128675
10292571
16524026
14833095
19224247
9216660
20156491
23733663
20835570
21817361
9066192
12294153
18882935
9736222
9655895
11816582
11649113
12868492
10594409
8354484
7598078
22979180
23394920
10146596
16181204
13732955
14447520
2457518
20717757
15239981
19266610
12431388
21145724
16548219
6374407
17899082
20904025
15757203
18508940
15505241
21270660
19530268
16622687
20329000
17706482
16917530
3578014
11745933
20361257
8372531
18890391
22848731
7343455
11940880
23298973
15315131
12089170
13550466
7454884
16334492
21671014
19265491
16993982
20389599
24130863
18247439
18919214
12689843
4809386
19634003
6908159
13538754
12521307
17651465
13067168
21629366
22123333
9584278
17649688
21187831
13565720
16413153
20541243
10504360
17373042
22542851
15585636
12817225
22656543
23842568
16556032
13762539
22803749
12079057
15001921
22978530
23357727
11191631
18378149
19415715
19790034
20187667
15379035
19002891
8728468
13392715
14292145
20164709
12050489
20560381
19999094
17077258
14773710
14828972
16057985
10073637
11666971
16515021
22473904
13791059
13570362
20231696
22299373
12910485
20262520
12239973
9537773
20079573
19451916
17289318
17934205
21359217
20768135
19060252
7121650
19883803
12915793
20111494
21297247
12065736
13491708
20335965
23212039
16248689
15032412
20094731
19069316
17012396
8924300
13923025
13468157
15714882
22856647
22563811
14128134
16116089
19075502
12695524
17347244
17158999
20534695
17807842
23438992
12070716
7221807
21248357
22526209
20355941
21084902
19239532
9797449
21485207
20550827
12373238
12910713
12901878
13680937
8634143
17755552
21965154
10405810
23707819
18548995
17468507
6479229
16975331
17633234
17515670
20962627
14654318
15428387
16403125
17068494
5599824
9676234
13583048
9962562
7509453
15835440
17246222
10963901
21226924
10949334
20916474
8041582
11693049
19037133
17119254
19967611
16781703
14211328
23354404
17632013
10793628
18800155
19214806
19270092
15942276
21974086
21121699
13665045
16383598
11337472
19911466
22522563
24278944
12590489
6729466
17648842
21177234
17446064
19899343
12994545
22055152
17224651
17953034
23502381
12507900
16050520
8757323
24009754
7657387
15666338
15180875
14367987
13278877
15852688
21293674
9926947
16413840
7415183
12008925
21625809
19818840
18191839
12096559
12777122
16907091
14111803
12069823
17643282
21166235
15431862
10429154
17075301
16798091
17474575
16698236
15775123
19705323
15944966
21540113
16043586
10972193
15453848
23718481
13900832
18672573
18661471
16510558
19412259
17750634
17676644
16288055
17105772
12617676
14973211
18174982
5915490
19812896
15994498
8974782
19505185
17830898
15162252
20927015
13346750
21983869
15866153
22240170
19449210
19238433
18125678
17077168
19470550
21719890
22793218
15110860
12450467
13887950
18691906
9542083
20034500
22098335
24621301
18475682
13172386
17229812
8322585
13861858
7552010
11597452
15189782
16798658
17957579
20315731
20595525
17482575
20152337
12537189
10604512
10387182
20250589
21609148
17215248
18098356
15747257
23811254
22734084
19853476
15833917
5787640
21715285
20314108
16769182
14827622
19850206
12249409
20031787
7850908
18707221
15966761
19779871
19960029
21180945
23024456
15668939
22163418
17343255
14184499
19937587
16151330
21034654
19759754
23995525
14358035
13707206
14242391
17641642
9626347
21069348
21893389
17435889
24285510
15701956
17453832
17974227
3089646
14539118
14014070
21960490
20385491
16904973
21249153
15795776
15312818
15569413
12201563
15549199
17335197
8582824
19660027
16269110
9893511
21800332
13568797
9296224
20831740
5985167
13385738
14013675
7553355
18588268
21141941
16471230
16783291
20694450
24615203
15252757
17703105
17027160
13838973
17628315
9723007
23133578
9692338
18943311
19105284
12993935
22994094
15642331
20329356
12814719
15035982
17502399
10045700
10047732
18867337
12189522
17397215
19935753
18119372
19438036
12028054
13351131
20955712
17591015
13962812
15855945
18983766
17619071
17994589
12872813
9561555
19555868
13945003
13351132
19215849
22832495
22263909
22694675
17600500
21463481
18098941
19921760
16727881
16815904
15215462
22972755
23829821
13658180
20339687
23397261
15927583
16452471
16118397
9805814
13722692
18342017
16718086
18499933
14218134
17573590
17025498
19015925
16263055
21358979
20165317
19378359
20512990
17013574
15932660
13148555
17332845
11782920
17787897
9573602
11891893
18552627
19025809
20732483
11800256
16916863
21836344
3682773
13559217
12512597
13193521
18884447
16836823
19767411
22367017
22597144
23583201
15849451
19353944
13161060
12806083
13389309
21079144
22126741
17326290
18326765
20514761
17836528
18276495
20309840
15597716
14576653
20328416
12646140
7479790
13831445
11118180
22390470
16013873
10943519
14033880
17839784
18107059
15727691
11554746
17153383
13704313
22281646
17472373
18774433
23572148
18807553
18538261
23172670
22709160
19981678
20143192
23308594
18550904
11211832
7184545
20324889
14079265
19604317
17933977
17870037
19780171
20213312
11967207
21544319
14794571
21947299
21042537
13883335
9282572
19082865
23676608
15923306
17671017
20478962
12880514
18539318
11535187
20469944
17369826
23270011
19863633
17442334
17431451
6062117
15791720
17641655
15457389
17032224
16181352
20649042
15716527
10143561
13709215
21308068
13105778
17244551
11159172
16283117
11548857
16312649
11138274
21562857
9257286
16808960
7767307
9685071
22040769
17187230
18090268
20533613
11551353
16508586
16327249
11349663
20371060
15914041
12437049
21598973
17645264
12481886
11388336
23607536
20055781
11350648
8500617
14566379
12889967
15096615
18916649
19896177
14820371
10730511
23056380
19371481
10489275
21455561
15026840
10324283
9974609
23891873
23888031
12448103
17513466
19515732
18908944
10938794
18003705
14183874
16353489
21201478
8849351
20227215
13421967
10122036
18063795
11527832
23664214
17917850
16513893
22394479
12254623
14298419
9995660
18377410
9773570
14912704
23056401
24578961
6512640
22133536
15274870
16768323
22287468
1680246
11839857
23839513
15956174
13145007
22935783
21045368
5475519
19103723
15075415
11676884
13394767
18289728
17583088
11268746
18102203
11042088
15874497
11839020
15502160
12221194
15330240
23369945
6043996
20559287
9264898
14246346
17625210
17219455
19579167
11192761
15025420
17407882
22930966
17539129
9833188
18012379
23015560
12839461
14281682
16944559
12554431
19295792
6877438
23869102
18221042
14680007
17159343
12667271
23106015
10758796
17883730
17664970
21621832
19871574
23381969
11243250
16280535
12136544
17467644
19866225
15673487
16500112
11873612
15701499
2796996
18240045
14704204
22364339
21426765
20530299
14216462
16167042
18455663
13682419
10209543
13551609
20465833
19146656
8160213
18041519
19209475
10668743
18746958
19828901
7078099
14275028
20133794
13975997
15203660
18796570
20642916
18187828
17269305
22250859
12166708
17487704
21473955
24172289
21066119
19089714
15204025
12178095
12566392
14160724
10950771
8598057
12825673
11381627
17357688
14289970
23032506
15783877
22038282
18236729
15827022
23336854
18874360
16226742
14649813
23300923
6994796
19603016
23566044
7606081
8066438
14914793
16803078
23987320
15669963
14713035
18948616
15577173
10087452
21549058
16761599
15928338
23030713
11551782
16130748
16613992
9618246
16825759
24963500
21079486
21870792
19193351
7639613
19653551
18285363
20310350
18347072
23092822
15999502
19062523
10353140
11870877
14577603
8999400
10026312
22550991
17767681
22004225
11380383
19497975
17338822
24788112
14552193
19544804
10881040
11831690
19288010
22978111
14030435
13567987
18101937
13580173
16408149
21910908
21301747
18971919
13366600
14608181
23558067
12787033
24112111
13328379
19626474
20944563
18760317
17731805
19376910
19399358
12903624
18680659
20931635
20424549
18757631
17291768
3594765
7890907
9677311
19232039
22310886
21195022
11530110
15349379
21014887
10120625
12589149
15263276
21190970
19784991
14530208
17354092
19182971
13241546
19349258
17643256
15672623
18939439
23920892
18543528
15926353
18931512
11735313
12307654
22579464
13882259
10426586
20209247
21022588
17799641
18707010
11271748
12022690
21563372
8928956
13987831
16597022
12679438
20630688
14796304
23242615
21469705
13136288
19126751
21923403
10726756
18348332
11647653
22383149
17385839
12599353
11940975
16099314
8710287
17239430
21759747
21467256
16464322
18559708
14347891
15567525
18982096
12029006
13237950
21114936
17010132
21120362
18252230
22427688
15070725
14289317
14918130
11633702
23564966
15735855
18370411
22548087
17039719
18388075
20336490
18404832
20336892
18414538
16232705
19192402
11843115
21642128
7515439
15802803
18111124
15663382
11431821
17625036
24260518
20650223
15406671
15436558
20886784
15238464
10444790
15748900
19513941
17460408
16864852
18429000
14228813
11394641
12654963
22234406
11280575
19771063
20692677
20535560
18442218
9775418
22434965
18587413
16732029
15216704
23040314
10148010
15666387
15839747
15158602
19626284
22705650
9068233
23442301
11465794
23785807
23458263
19668000
14257600
18123606
17844680
21397614
6781239
16783627
18187741
15969617
8176355
13959048
15602381
12165196
24650679
18553661
13717448
21916840
14827699
19070824
18391247
12276050
12602143
24804487
9364247
18068270
22909671
4403100
10088353
16721021
17893461
20599600
16805531
13507552
16787186
17610039
12282909
22668710
15490163
18884045
16281142
18191384
18649169
18386404
8618039
11121193
17673419
17198509
19911262
14075497
19565136
12976045
15914203
22373612
20389686
14109282
6582768
21287772
12199567
12186352
15035251
6674744
15692770
9485331
16464956
18970398
16552503
12900956
20424249
8911402
15630790
20625533
21687451
18060990
19081737
19838416
15136826
20495010
18162152
16450060
18089448
14063622
21447310
17653619
16854131
18412060
20880862
11876314
16937534
11772635
21867837
23984331
21713622
23089979
14989969
15041442
9622936
22055673
15957520
8584399
16781685
20628153
11826619
24004002
20183231
17998487
21032141
22656828
7940408
17714882
16847682
15884811
13278280
21130602
12551207
20873574
18532125
16854778
18266694
21410951
24881595
22075433
21214930
16524254
19686510
12453326
18235438
13128163
12252685
18022219
12094853
14858482
4348067
12138906
21114473
15967140
15928358
21196417
22601255
15243077
19181766
17019103
16855630
14434222
19056992
22468531
18390836
13052990
16464190
19566895
21704421
10320690
16486054
17620814
17406981
9719203
13363448
21018324
18750263
16669810
13635797
18875118
8031331
13477215
11668528
19397637
12091711
18701737
8150813
18905488
21090003
16533111
19532950
21655981
19546946
19336430
19022652
15554071
19546415
14599507
17616765
21304366
13120895
22599164
17599876
21771617
18801637
14976237
10363108
3167426
17274971
15347423
15798677
24248998
23063837
21107715
5334908
23552229
20216511
6065069
18217379
6863360
24080415
12545671
18766196
13174557
12980800
13814023
17963142
16625554
14161212
22993423
13202465
22240206
19711530
20323876
22565642
17315642
19708303
13042054
18096443
13120981
8124659
17924141
9001418
22539740
20239058
20289811
11649588
13438794
16151626
13083856
16189951
18894717
8953588
22029360
19344566
14833887
9853037
19669007
22840907
14565135
6344765
16480512
15746719
12855848
7183756
8594440
19016172
15634053
20624300
13481740
17546332
12100114
12256972
10025380
17678611
11092658
13927571
18518447
22432613
19804994
6025137
20890885
19815398
20486836
14771262
18401715
20850901
12584851
15253194
22930218
19941973
17564934
4072598
14718330
9574340
18602421
20165959
23565340
14122328
18263757
10302075
10866745
17299076
14035120
11487127
16360032
18561059
13487278
19552887
20875335
7723760
23418171
22522463
13430193
18686192
23760139
11917192
2691585
14012642
10100563
18691851
17064978
19062511
23680567
17092302
18384042
13972247
22191491
7960324
12337814
11837079
16927804
18887824
17140203
10869267
21408426
18036736
22066595
10717386
17239684
19021631
18400520
19000048
20892355
21813860
17757614
17494184
11257079
14888717
17740265
16919203
14639066
17318554
22061882
19402041
15739828
20544086
13052451
12668080
21884692
11912583
4159582
16987559
11216838
20969549
20607649
16645178
6146871
19750724
20363703
23325794
20316009
15538359
9870257
14124878
15894547
18720410
19255603
15581789
15141215
17117287
15260213
9304633
9831524
13753895
22380166
21845440
14119937
21832288
18586274
24004416
15397515
20071385
8709788
18606399
18328972
21952652
14965815
13711474
19923622
14645253
16895036
22311968
20360347
15274075
11472446
14362634
20319359
10650775
13127078
12250674
11700935
19945984
16580399
23850268
10442254
21539211
21252133
16594490
13874745
12278429
22988504
22190598
13763955
7830600
20973418
18482454
16039549
19708072
7363503
16053622
8368195
9113978
23108771
16776306
24100512
12361121
12323631
8961369
14443469
15630146
11738071
4871486
18167053
19253733
17498738
4537019
17722989
17188983
13984234
20413668
14849156
18432359
16066423
15560926
15231318
19157006
22104051
13479098
17164509
14284651
6027561
16912494
18397408
21061074
11957675
7101250
10081219
10768098
20036123
14888222
22541917
18464050
14480032
19317582
15777897
20085159
16639343
23761535
18519717
12529617
16135624
16153413
21140400
16815432
22447552
16191119
22456098
24762880
20419759
15766885
9201587
12994005
23387618
17254446
7546541
10002867
13236141
11416063
21499764
23291820
19980965
17922096
12316669
18075584
22112076
15384436
23975525
19137348
17411761
19301213
21998868
5189096
21932511
11422005
11001797
17925963
16898234
13008534
15659749
6906501
19598847
9304959
11114230
13427169
14494038
19970945
16857537
21312500
19588735
23866165
15883214
23502072
16080319
15843327
10766066
10628647
13945699
13927631
19064565
19122527
19896177
11744787
22166594
16301373
21167311
22135070
16422514
12341208
18267275
18432301
19042885
23063688
20364302
15646062
12821136
20316190
17669547
23798680
4441199
12320778
13912476
11394773
18640261
19206690
10336921
15817774
19756803
21716327
16751482
18542744
20666747
23424947
14990055
20349553
7307792
10652914
9601732
17326878
20410378
15557153
19401869
16929946
23623678
15204218
20616500
23435738
16016480
22634411
17479192
23364130
22343518
24272307
18861497
21108837
12206732
17176994
16705891
19916989
11185744
20399981
13828115
23935065
12866981
19890711
24506096
15199722
12168902
23130262
13400300
21170227
13076246
17137913
11882341
23039015
12041937
19547429
20420193
21577700
6566743
14430087
22997160
23713626
15763128
15925519
22706510
18473887
19981899
9864830
8133332
20371744
10236359
15823206
19947151
11327172
6870199
11643076
19841127
16996735
16736250
19973589
21092181
12067799
11523588
22362119
17695831
20930175
21714964
17232643
24534782
20662638
14179472
8717212
15341339
16212691
22128356
13441710
15717612
7355863
16395792
18249535
19198354
22343196
16791200
9950555
19233904
11553731
8203375
23221411
12273238
15112066
16504327
19217269
21643618
12618091
20189196
21475029
16178926
12051405
22114181
22607845
13498922
14654437
11257054
13974008
15817661
22794802
23928920
21099042
12768027
20301244
17438251
23425983
22023006
12999118
15276880
17835275
16002967
15673504
7932928
22130504
13978152
21477722
18927964
18536748
22273768
19693081
13819456
9099465
10124890
15041227
13181992
19150983
14453839
19066890
20266974
10962745
16470734
17985802
15038220
15267301
19160959
20113673
10126309
13144470
22659437
14505099
17359324
15496101
6901821
21913723
11343350
21552926
19926885
15748872
17507726
18368618
9565171
16426845
23547477
21028747
13742217
14139253
7613293
20803088
8872813
7965375
7426518
19348686
21106312
18480934
19695234
21405431
19292549
15904269
20598984
3827378
8475702
18309579
7713679
17142346
20630723
21894819
11795055
20897999
23884347
14887370
18351527
20673091
6576716
12251238
20353899
20187413
18285540
18903618
18949821
13212132
18010040
17411593
8217096
16105131
20277058
15196788
13736770
16564802
17363103
12893032
20161928
21197383
13112609
6694606
22138655
19384237
16595379
12298247
11142649
17858257
15100329
20714714
17161206
22353000
17841449
20863007
16715090
16075596
18803507
20595283
17721853
20923614
22030864
9058822
9435005
18392983
10319334
23695422
16607708
18234010
16244126
14120554
20721864
14666575
14570340
12832988
18152158
22553674
22071441
11711193
11056151
17020402
21901084
15757307
16541489
17707135
17095370
16799620
19722209
18191250
12400351
9522933
21710422
2636821
17180245
21006755
18019680
14634160
16448583
21157202
19637903
10876802
22463092
16033687
16644022
22754941
13517361
23578629
19314487
12349283
18207266
20878591
20276979
15972435
16635738
15157746
13953308
19903276
10285155
23289178
19110761
24066751
23317926
18468294
8016466
15633153
23387290
22395457
8923670
13195215
19740811
22020616
21839524
21055488
14815105
19754888
18148407
20223500
14851154
20685208
21986252
18650217
17246106
20078081
11165452
12417989
11192470
22591081
20080404
22497107
16696226
22128269
17048701
10990471
17189926
16352221
22568386
22922555
15054764
15809680
21834916
21197370
10762857
12315147
17741286
10048271
4035060
22827785
15367912
7836508
21085623
10899605
8912526
17035418
21495613
17541348
17262459
22717449
17298899
12601994
8592724
18269624
21394922
18410797
16163556
22073271
22889394
17056496
17797118
16492600
18953167
19794258
20449498
20807581
8407431
18073300
24238592
23893167
10356001
13992900
14068310
17695525
16505303
16457258
11922446
19033450
16952100
11856974
15964891
8973129
17080109
15324050
22537376
10598737
11285786
21851796
20056806
19048860
16568332
12180362
5066588
20182807
14944395
18389011
18008848
21093061
14790170
15177345
11745472
15053272
15766551
22890171
23758495
4629637
17063966
16876382
9219235
21880151
11131274
21882170
14023145
10937417
12751396
18886026
19237384
15263388
18520998
16749898
21162687
9752885
17655360
10355885
15905988
18063947
17387858
24074353
16878782
11630876
17188739
21256832
11456778
10299865
18954709
22374566
19614853
11588921
14787561
17019858
16238892
14422884
13330987
24522442
19035320
24151067
22423900
13605869
21541020
24659563
20471684
11937964
11682880
12954650
19682930
13968703
18633743
19381070
15533743
17447409
20429439
16476613
19567784
8901307
18162033
21405071
6358994
19809230
12546421
15421734
17817272
22018967
22458448
21228465
14921727
12696146
11252289
17278476
20341164
20139656
12995894
22597517
20644697
16107270
11836389
20317173
19428568
12154516
17061030
22796249
18576573
14346608
21926501
12735654
5921020
12799763
22934990
11152191
22459177
16765945
17868856
20207897
22046710
19970666
19240644
10464419
14265656
13642138
17692153
11813700
14231039
20413881
8177537
9537443
12689264
15031789
20183903
12607803
13686821
14316567
7372455
13962661
15413564
19259074
14346918
14184008
20909820
8283249
20863746
10152820
14247086
10147017
24626906
12893303
14698646
21213861
23362110
12704302
14221524
20379044
16609837
18542576
15378701
20746385
18289985
22033060
18936594
14337267
23236994
20267630
20813375
14430930
15155396
22288245
22599280
11145265
16249781
16079858
21282749
19445766
16297899
17372144
23108966
20732767
21566360
15249660
24121876
16399597
22399334
21787290
16399196
10883970
22827218
18883412
20730197
21873387
20504823
17223834
17978298
18765687
11138130
16783091
19709282
18521413
20817706
21880950
16935305
13882901
20798528
11835488
13577897
23212975
16399087
19973903
18441069
19993024
5839488
19226165
20067641
23744863
11085767
19726133
19214073
16574423
11356244
13134083
15881039
11631980
18157579
21881449
21515555
16205474
15422056
8104271
17878484
21431614
22019374
19073345
22047851
21211671
16085172
12942771
20574032
12213736
6285505
24428258
13593772
19263267
20205224
16650761
22955367
21271678
15649851
14451450
5437208
16137568
6748081
10188099
19983203
5533091
10715983
19694437
22685563
2796729
8759658
20692681
18132318
5626200
14980108
9063576
14413199
17028640
18630426
20376402
19762725
14286195
23776212
22661563
18331947
16322536
14626661
11202249
15713422
15550266
20003830
23636546
19907441
21498442
19075918
19512879
11431263
10765884
21002957
18641877
14981006
21096292
13178180
16129127
21434496
21111500
20842798
20589187
16890811
15438321
20492700
13104800
16512531
15749409
19275432
15249428
20120516
18335132
15491271
20089884
18349574
17059178
12513380
19738737
9649550
14347396
19612930
14164539
15363935
16889930
16492619
18369133
21589622
9823451
12922435
12468622
18652370
12278189
19416685
12754193
18445494
21008768
23459238
18446509
19960076
9126399
21118591
15067320
19923091
14847603
6242261
20085949
17182989
10351067
13838078
18076417
18516005
21840664
16424631
21915401
10823207
22525276
20876228
20406412
13663595
19568884
22537069
14721567
18344458
21361162
6268984
12317440
12782065
22957293
19711567
19290696
16887579
19923436
17970246
16885151
15551622
18119376
16046561
17432074
17584324
14074442
16902445
13511208
18144175
22683975
9864900
20200401
14246318
15037636
13159564
17395424
14181832
15931219
23111095
21322857
8320660
4209293
18723584
16080100
18947282
12260536
20744463
20413742
16131583
12233304
12999321
17206362
21404683
18349148
14559995
12915854
21363353
24032456
17784359
14799737
16390264
18310661
19335325
20233365
21254937
21167369
11631533
13872090
18911769
12909527
19784288
14833946
16868298
20412264
21205733
6353948
10445049
16304423
12781642
22160329
16146519
18760232
17312462
20045168
21436558
20562645
21412555
24766410
19582364
19142681
14136469
20762209
14795754
9158477
13932979
6256657
12945501
17756862
23458693
20508399
12526514
6416226
14181625
13481961
21094628
8700774
16020212
18917410
14836791
23806726
17285269
15209422
23165795
20562075
16760980
14610587
20086744
18212725
18572466
21181694
10032122
15015818
18072957
6061730
19803019
10400123
14124428
13273796
23399293
10267216
23890772
20001578
16553324
10125713
16323817
18549398
21788574
20932998
14869204
16112408
9453203
12454032
11197805
9017976
8404456
8921891
11153308
22627796
22254993
8598159
16475139
16127918
17938267
17167312
21800280
20919230
23665007
13770189
18710855
18045170
20409753
8764790
14349049
14043158
15652430
11428414
14839738
2449099
14103726
13779291
10297890
11846600
12035018
11325990
24342575
23714745
17212009
17176876
21915862
17593877
18114590
18833834
16507087
16906809
21941295
13546549
15798648
17408403
20449527
22008686
15594072
21178682
14325106
23015714
19822651
17636539
12170730
7283230
20036985
21360203
16675070
18553228
17399602
18388778
22150873
22542529
14265896
12401939
17903387
11661143
10926386
7605461
19303073
15132013
18092397
10308962
18609725
14144587
14523893
18288415
8093180
18618955
18982844
20378483
11552232
18725250
19784575
21642159
14953901
17060884
23016286
20448508
9185477
17778848
15621468
18185026
18881502
13518153
18152427
16122890
21543808
19420923
12527817
19953512
16230964
15074134
16930805
20491330
13653170
23197301
13614717
17225507
18264390
17830232
8468232
23185035
17571130
21467043
18030746
19728486
2297560
23877391
20906218
18373016
18204877
20280011
12137149
11216028
20500811
20116324
16963955
8284500
23520427
19949480
13399801
17771051
20041633
9724250
15008755
23128454
5523003
16077107
23821543
12753133
21832317
18336612
11964840
12541467
15955987
19929829
15287768
21561460
16033542
19961056
19572908
9546282
18580042
19176325
16966222
21117982
13597228
16765737
10857374
13999161
13413147
9826350
16845639
13647773
20956772
11771581
10758357
16689575
17530242
13170668
12023776
18881793
11792065
18736602
19982632
7923665
19778904
9343956
18877747
22095126
17283267
20415630
11574017
17044499
16115298
11317132
11300534
14173120
11411624
17741804
12650686
15807855
9757718
20106999
21972290
21042192
8709229
17363043
15230286
16010493
20033533
17601868
19459400
22650190
21480592
18707213
24102046
16961189
18288769
4476390
12575354
13139779
23137549
18387896
16169741
19566806
19439955
17595075
17937033
21493146
22789396
11830442
21695935
22574528
14444824
9324740
14293414
18705754
11825193
23722718
22912371
7065719
11207969
14738040
8042711
16570539
14925978
20664414
16991542
12460810
20222173
13619232
13528033
21748067
18608224
18076894
20344030
9623357
8320134
17834498
13744697
22484955
19979450
12045363
24221732
19083098
13297370
9342289
15621269
19505703
9729445
10334509
20069675
16869567
16451583
19220688
9715293
22225073
8550404
6547599
13354462
10674457
17468392
13508696
16826977
21732706
8778825
15358673
14397345
20882886
23142258
16566988
15642515
8790230
20553806
19913243
17641189
10219277
16647349
22494834
16548653
15197328
12667191
17025356
9915740
11544337
17535148
11827475
10390991
17686562
20043291
15961051
21080032
19545867
20473002
16994426
21880976
12436729
6718250
10128642
14466323
17671187
18190423
11909154
24470146
10403020
20040276
21616189
21163156
3917471
17652360
19080885
19499391
10578860
11252422
13039062
10853769
12757751
22500596
17452011
12877224
14744451
7044784
19255470
11505270
19675183
14889885
21585299
20203426
10326496
10709737
22620560
7600178
14183347
12653805
11107021
9970327
10123439
17953583
11129769
23702565
10823372
8413509
18774017
20602965
13289548
21735366
16287957
12343239
15563947
14456021
20731646
16623035
22275204
10573033
11090110
12916711
13429900
13594167
18804175
17802082
17718583
15721392
9947822
20567448
19098027
15343289
15919252
18309609
22723382
18907089
22912840
17040746
17049797
23672322
9746311
10007756
13498328
24255830
16272097
12412866
24151787
23851764
13618751
23301085
22499405
17726232
17797141
10742268
14661362
13538616
13605198
16616184
18788722
15946170
16839742
22236833
14613141
23638869
11903638
9122349
12852430
22658446
22571498
17795571
10831873
21144450
24255904
14629938
20997827
20437798
8390065
19472326
22803439
19779851
18707042
13158614
14392603
20127397
23921412
14081323
18153100
22667249
20294555
15715554
17168253
20337591
19418638
14964238
17256293
24213444
14301916
17452597
24507756
14285509
24116500
19373042
20117033
6837556
22008378
13831438
10116594
24523077
11016890
24186440
16042554
17633679
23651309
16290327
13817306
16919638
20134130
12425306
14673499
17830471
11019534
19635827
21308225
17468918
22057457
15884062
13154948
11870937
7766224
13407327
14390704
7495750
10712229
14732779
20811934
21099887
12773827
12633837
23314846
4564950
23048123
16965268
16695358
11037271
16873089
17790418
23166839
18525967
13856694
19214469
20768871
11437719
23634648
6934723
16281228
20725215
23379925
17649773
20750410
18075121
24162564
17083766
22606943
13038317
20930741
22433095
7360170
18915986
16709767
10441037
15174356
24119908
13857322
14303706
22584530
9747524
22646252
21951229
20637334
14218341
15891269
17058650
17079394
12805819
20892409
14131343
23936477
21425260
19405634
21240785
17187913
15577442
19259468
19461200
11990697
14901425
19378529
19400221
10798860
14406407
20904929
8437098
22780539
12420899
14444832
15543165
22669625
9710261
15809173
18104722
15552861
6945633
8595662
7054045
13871327
21646003
11678929
12021062
8580436
21445408
22470112
21577025
22730784
15770581
21090651
12752151
15315177
23241779
14366932
5533655
14048605
20160772
22062142
15086969
21158384
15354382
15189741
17119756
20210448
18029976
21174403
11172272
17490157
13554714
17094516
15378302
23323744
19177880
20147699
1267416
21596570
17996083
9249213
14855887
21586583
21453909
18797893
13544083
10525392
21903086
16039177
20862256
15119439
14926000
21939888
15206267
23997473
20810015
23623561
20867510
17332611
20106785
15724384
12648321
14801368
22112663
18417049
7513057
17569503
17084340
20699723
10443551
7405876
3616652
13347297
17273163
14335965
22076025
15902783
14623356
22556751
16898164
10503363
8921875
6145299
6509024
8497512
21243756
21541549
9727984
15733572
23266139
20830981
15120388
15424051
12762748
17919406
15575963
20632467
10768208
17992669
19381351
22051969
17048573
17337496
15395631
16045743
15321470
19539261
17557841
11592842
20248097
17124230
9683103
3762445
16891859
12126941
22515550
17429362
11175932
7255270
19514971
20125726
9639753
13226195
9273141
12428601
18202628
23812915
21041210
19787305
7466771
16508348
20126747
14778399
16160247
17548299
8116930
18435315
16879546
12176907
9816080
15855201
19723773
16153388
14046107
9344889
8976992
23878439
14200383
20198738
12857974
17720728
16769778
19631999
19239579
13064816
6756433
23596386
16481043
11931764
23662312
14707157
21985337
15601010
8865460
21485189
17492994
16759672
16092143
18240424
23779938
7198956
18741897
19750827
12215621
18154250
20499534
20574437
11488810
14935600
11496282
17060884
11529199
18628425
21705738
16359608
13422318
7486083
22422853
22145768
16343006
11941833
17082659
7087448
17260172
15258517
17500833
3674477
21382766
23042507
21084270
13314423
21408167
12861661
19386579
4183508
10383329
9992258
15356639
16671518
6646078
17926588
16273453
16598849
20376385
19020443
20443382
13798459
10711095
17229399
11281088
9162389
18168800
24033983
11254896
20584244
19589385
9971896
17785286
14460664
21660904
17293541
14211757
20117179
16247753
17472269
16735691
19553679
12004277
16443281
7440050
17702287
23708024
16550366
22904623
21980877
13784677
13180312
18232720
17052512
18279364
18042297
13674913
22441073
14918991
14229131
15104202
20140705
13575357
17451151
16498350
14187626
19589273
23526593
19292145
20980540
21503809
15476688
6204737
20611807
8200079
13429527
10377645
16949598
12189905
10733511
16813301
17891697
23727267
17970323
23453763
14349075
16940190
22003690
20651165
15044277
12645210
8198125
18288204
22084424
21962385
13054750
23301271
19511766
13120317
17368097
15996558
16275685
17103387
15651962
16305211
16743473
22709403
19857919
15590883
18172828
20153689
8275661
23654121
13684346
14687093
10135109
19140281
11864072
12395225
7208543
17167203
13079566
13188019
9943419
12549537
11494853
8285594
16056400
22336589
18173592
14137053
6970816
12334955
14586789
19919303
17457164
21184921
13497746
19396875
9647651
21135147
19766852
17555021
21083083
20822918
17729377
15170319
23448436
8840490
17099508
18674691
22455249
18998398
20500696
21397456
15382260
19999145
14833083
10591671
12109195
21773318
9799481
16763101
12082005
22426613
23131000
19894901
20997407
12411215
9349817
12440177
5982781
15250190
11083190
19959648
13192656
17448466
21258028
17002160
13071190
15864657
11273433
20842562
14839740
16803831
20454144
20476147
10024202
14864779
23086026
24390551
8851405
19120651
14313284
18582263
14139578
16853039
12205850
23079380
17964733
21155635
24108407
20200911
11932428
19378459
23344058
11424533
20633517
17462919
11004378
13645082
18445386
18533178
22460285
5732856
11611407
12422157
18230421
8318669
6479433
13088555
20601598
22798146
23217519
20666237
15817469
12558587
20814819
21304103
11998378
21509773
6285108
15508898
16502313
17837159
19570416
22784230
14261784
17359203
19200716
4778417
22827011
22921434
17289730
20984532
21152717
13442723
19612211
17217811
12128400
17089417
22467642
23901451
10988962
9927504
21457610
23434827
16633924
15969996
19451846
22698354
13917633
17568571
20640707
22496469
19609688
21371475
21076440
18163178
21671323
21699649
15451413
19422980
7652835
14642251
10067672
20144207
24457790
10062796
11290517
19712957
6310237
18360222
11106552
22309908
12562372
15686282
20150390
15804505
22469830
20480095
12448216
14082772
20210848
18833228
14931661
13650831
18841768
22154906
14868278
16184756
19699607
22958770
17968490
20197823
13643992
21171158
14768408
15485915
17580508
12538841
23560543
15494565
14521651
22515511
14737625
17389662
23388534
22452570
23133821
22875375
20799020
11438271
17173400
22085757
19834449
7099750
19430844
5376929
19255753
9971724
19870723
22182062
20318188
18583169
13383247
15954072
18583936
15356832
12268733
21056260
5715335
15803402
10718909
14106902
17892977
4010647
21810894
16277553
21917760
15891217
15695247
14083834
12688013
14310054
9358277
18427829
21597182
18860794
15121420
15614094
14604595
20992902
19323096
23775609
15908121
21103201
22166960
12642278
15158707
15593224
16812348
16620663
18172661
15056460
11262660
10220744
13934787
14744864
22133428
14729600
20127332
13578867
12893489
8136991
15942677
13658814
18864841
18562245
21655869
10548236
9613393
19713783
22538862
18774798
20649078
17931395
13045968
22815984
11827602
11249735
13934572
19593544
14111784
18310464
21732772
14471178
16662514
15845147
20820781
18659923
17507356
21245199
18092885
18412888
20241076
20648309
17406161
9490679
14012668
15330171
16505839
10548501
17775862
10518321
14234725
5266870
20100360
8521808
23342037
17364247
19741487
18074692
22402486
21837421
22543945
20411621
13961326
24922823
15520962
22424647
13958278
5770042
20165557
16834163
18004199
18917907
7084140
20463975
15230329
16605208
16378261
16055461
15368902
23396658
19710620
10407645
13871722
24250068
15639070
14990931
16188627
19905672
23982853
18663279
21615110
20065258
9114560
18732299
21259675
16240128
23322889
17604635
16415814
23418356
14443276
15741038
21392448
11626700
9642185
12610605
15656243
16111310
8778048
23839074
18482369
20935245
12791355
15516159
15913683
7498286
12126022
19566951
13763128
22238451
17911797
11986388
19048894
11659167
20768567
13352290
21727379
20159397
23789865
16333611
10449823
18588164
12613889
22622020
21110799
21666741
10841526
17199562
21168039
13482382
20112841
17267664
14862303
17810522
13745252
18715052
11737829
11576237
13463844
19578493
14779994
16575315
16949578
14877804
16505567
11369099
19792852
15716845
21919479
8046091
14453131
13011494
15252361
21634708
16793296
19014167
19810763
21290084
13853518
18161526
9744305
12356322
23400205
22535164
16064013
22659586
21214866
14996803
17956169
21199266
22408942
23340617
7631826
18951536
23372309
20453133
14312267
16214129
7623461
14990780
18312222
12084108
20270368
10414592
17773640
17375439
15893282
10901552
23427406
15297980
21137171
9347289
16819376
18411724
13066294
14273169
8404294
13494026
8026398
14717377
19516111
7244106
16294456
19060973
15838146
17172758
19306359
14781167
13173637
10556501
24741335
6373048
13137863
11554400
17505534
18910809
19295974
16295699
16654532
18488786
16661274
14889671
19267117
21154243
19549302
15839277
15019450
16504879
15944417
19291957
23532111
10901682
13033989
6692391
13028203
15190448
16947952
5598686
16194964
19181893
19243335
12941708
22705977
14202558
11699792
9542693
18202197
23603685
11059971
18553668
16933398
10613815
15642550
22626234
18149334
5923795
7514927
20274234
20312682
17498488
20141014
20345289
20323845
16212605
10575086
13496904
18174561
17620774
21764518
10380396
16035078
23310283
14446758
21420164
22170766
18454164
13396879
16017804
16591478
13240688
18401131
23714403
17054158
16313504
23015234
10423759
15727236
18179148
13551422
21839136
22808371
19091109
21432163
19847317
22506635
16833820
12855690
9821103
6350384
14811081
20041308
23232393
16380403
8165388
21895818
21891251
14893069
7985102
16737220
16255208
7383340
19376228
18996824
21512371
12903380
23006859
13652657
22030217
14585548
17234854
15695418
17533352
16539222
10719923
16920210
15353611
21083095
11034837
21680760
10682077
15659169
16362813
18609636
6745801
21317905
22338382
24396996
22193122
23095463
23665489
22623458
19310475
23916652
16402032
21573883
10465309
13889466
17617845
14371302
23964554
14164885
19072308
19113128
19878606
21251906
19283093
21209974
7126800
15612945
11100874
10115969
17800854
15502864
15120562
12762342
19842768
12260500
19789078
19185746
11096491
23856922
9834200
14042009
9229052
19024574
13420535
18518768
15783933
14310618
21452343
13588976
18719646
20571077
16083740
13785179
20536052
19372295
15076177
12749435
18142102
15381422
13304764
24035485
6204562
17209250
16296391
21357013
20209499
11440141
23533084
23989938
21353924
7338741
15806581
16010044
20462811
16839862
17920177
12681113
8025215
23503459
20921756
17453535
11538025
19225900
13079279
14717766
15288940
21332615
24262560
17141225
20339245
15727715
10533619
10693651
20849236
17783250
10688248
18257738
10178456
14378147
22113184
11096226
11891712
22826488
13060430
15418844
8412358
15892832
18160547
21132525
15281573
22159873
21885225
13681768
19083893
18803209
24730782
13240089
16600538
12741543
11673941
19554478
10773774
16295617
22857767
13152838
13577848
22214815
6932447
16184125
19571469
21155177
18964516
16332986
7884513
20363774
15005851
14686842
23757727
12652786
13839113
15847062
16234281
17851012
19003958
17364238
20722167
19832173
19940083
18723306
18621150
7717971
19715982
15778750
21929499
11968030
23337657
9941741
6756255
17109361
18747395
14904082
8565029
15661550
18072495
10443340
14448317
19864081
23863553
11711594
9677451
14440907
21329233
5754954
22930010
11513100
22071738
23928144
10944715
19383643
5942609
9521457
17898926
15689163
16442265
14329143
15365370
21648627
12352272
14318884
19275807
18128056
20254337
17734650
22192589
9129185
4639768
10850244
18685286
21352523
18353361
10358609
21222470
23959489
17624593
8222010
21253581
13164171
8714960
20478314
19656062
11081252
21610702
18471841
24336514
18801334
12256851
23455618
22235784
15424792
9966818
14722542
15720062
8155168
11357030
14642399
19116481
20385923
1881412
16579138
17785292
17341707
15295762
16431796
13306933
14813772
17045446
15030135
23792520
18726429
14537657
11072066
14010026
24414507
23205966
16278901
17850104
15458411
16604133
13250980
16851253
15657779
21108585
21318094
19163801
13141369
11536397
19994884
19861121
21742248
23176837
21565647
13885825
14813651
17495899
8523067
17465508
22203054
16314953
15386973
20686217
14581352
12822404
14937318
10186214
17023627
18310152
18544888
22051978
18125135
11311519
17937485
23970363
17163634
13802003
21033539
8817877
8405967
18949906
12275896
23938147
15847657
9534539
16580077
12266851
12794519
21186593
22802225
12668355
20975944
17786037
21476569
14846337
10234466
16725220
20358630
19679351
13421867
18960391
22557444
17129291
23268554
19388792
10547365
18860688
8214244
22603886
13071839
21826681
14130175
11279160
19351345
22195422
19481684
15029607
21298219
13621804
12022809
22000521
15847155
20161388
8852319
21694361
22963773
24065938
19516429
17032071
15103873
9898409
15326200
19271137
20926580
9361618
17298537
19555990
18226206
21186651
17402458
19349561
13711495
16267723
21111555
23495635
16514221
13521521
10559864
22080179
15146811
12945802
18456141
12954879
19792509
13496178
12074094
22074248
7454558
14510332
18610640
18470579
16470784
15199740
14290587
16177449
15988057
13781132
14616670
14439278
11342847
22000268
5158487
17970415
11958145
17674886
23315748
17883503
23393897
9314138
23296005
14480854
16735310
12290127
20041344
11839847
14531759
20258471
22499420
19887145
6964360
14546155
19001817
10040385
10704962
21290295
11750305
21223076
20996096
15444645
19524935
16755963
18876934
21408578
10087345
17086174
4616273
18153791
20312262
12314072
19185546
18205889
22403262
23108258
24242571
19791554
18193528
19552854
7600905
21343297
20816525
14087005
24282826
13642536
18885887
11024221
15389677
18593112
16647477
14105292
9086900
15269509
4477656
17733182
14536840
12335204
22488707
10186727
16321773
21985020
11695654
12210357
20611737
14934110
21798860
20030518
12938108
18575741
13879643
11850486
22994431
18906230
18252989
12810314
21233353
20265504
17424260
12277045
21176377
13924931
20102189
19868649
18227768
16149562
20554789
23482747
14444196
7986235
22813387
15754372
18266040
18403883
17550845
23345639
10916942
16458006
15054492
17133605
21564159
12794933
14829549
17548530
19746187
19043129
22872576
12000311
11823699
5286870
20032446
7052294
16851369
14419190
21130093
12582483
22066867
13621922
14851768
16732860
16057114
20859658
11312076
16449352
5814028
18494345
9895508
15482838
10814684
21188543
5458315
17581257
13474951
10300469
17102299
19051832
10629341
8645782
9051620
7763494
18971677
21746898
16550167
18405758
16445785
15256299
11596563
14717241
20695408
24298948
17202117
9496677
14636483
11150423
15588505
14623677
17170994
21105604
13945047
14691211
21620847
15178799
24109614
14976728
16759746
11630794
14282688
10566915
22773745
16494881
13951168
11061648
10351058
21765132
20240631
23382992
14320001
18665569
11730636
16702101
21860587
18267373
21589055
23152513
14327379
13335987
21052087
18935453
16269865
13743027
18488142
17183845
7396827
12068652
16680490
11490128
12920780
23868966
24702616
16218103
12640907
6914511
16954966
19339941
19130823
9412355
15038231
17160976
13167438
12045074
18966094
14839749
10260277
11367135
21663697
17649151
13806808
20989912
17418315
18368667
13796563
21584307
19330611
18663658
22189917
21737447
21060139
22730877
20563598
14511996
23174518
20147289
22821500
16098485
13611238
20705244
16304882
16786031
20733320
19591622
16119190
22960891
19546277
14292574
10227603
19833822
17545637
17287633
18832138
9530522
19795272
15452909
16811116
23535175
9188220
20780544
19181768
11683164
20351828
18173697
14264453
11192754
11285355
10351185
17035646
15151951
15412480
15807291
14248923
17820312
16111940
15501490
13852776
12521131
20326388
20234049
17805110
18865433
12089479
20309440
18223553
21437780
11720714
23006030
16123428
23190242
19647213
16014022
23208414
20653882
17606457
7366817
22330695
18269815
12635988
9934019
17628221
21565759
18218761
21230241
21101210
21926480
18323900
7825783
11084631
20489299
20104934
18612612
23089672
17960701
22565554
11478879
18103575
21535848
17394486
16960866
15934746
12362363
19995227
19246063
19701407
7527153
19717982
19576638
19241533
11364717
20399369
12039199
14032758
8724945
16598359
23824550
19840752
21578928
8077100
7478728
20916046
15973047
21709820
23121380
16763979
24128878
20565910
19731654
18532853
22340759
9828742
19281404
6413494
16406145
14899341
14312983
13823399
20517714
23337351
17021235
21404572
10048556
19404765
18430135
20816002
18476077
24347837
8124427
12161443
15852180
9327635
12077108
6700151
19440610
17175314
18264464
23509365
14304928
22378824
20443548
11958621
6152062
19486619
16397890
21478522
18910010
15606431
21747247
18868624
16000930
16861654
18446727
18136667
14309960
17059582
10631315
17363149
20607204
23013205
12902455
12870229
23043566
13994450
21489153
16884715
18127669
22174427
18865034
11760591
10701722
15967237
9086340
18823758
14290410
23652189
21473874
18992788
8650680
18223330
8573306
8784812
9152797
18261071
14164666
20080068
17136655
19329046
22938120
18050018
15350664
20121096
15548088
14600738
20021646
21657399
15200464
9848859
20565456
19809447
19585710
17434368
14794532
13182542
8460826
16357158
11917252
21159300
18653898
19198554
17935351
18029004
15590106
21257132
16964122
16336499
21957072
17582092
17209192
7737547
11446687
17882806
19623893
13412032
17871632
15041828
24155551
8711864
23018982
19310576
16166130
9925985
18976706
17263770
21063760
20054518
22332689
20546305
20856238
15496907
12609228
18559785
16627632
11371306
21158106
20632017
17437088
17857786
10285298
10718698
17751147
20605376
13706768
15433495
18116556
19743681
21399436
21529606
18718412
14495127
16653321
21858709
13265290
16883299
21139057
21058396
23034365
22266577
16741882
10479576
19960419
19074920
16421530
20699275
21555161
20320286
13936356
13829494
16174568
22561422
21786921
18448488
21649450
20170280
13298609
10324638
13927261
16975950
14425399
16523652
17340205
20669039
16041049
10302801
19921713
14574071
18122073
18152950
24613785
19308319
19982751
15923897
22371039
21005530
21136258
20146663
16748048
16457948
9384989
20798648
23717683
22145504
18777931
23060142
20515959
14617521
14390714
7211890
19609651
19617727
12597822
17353307
18947013
19590962
16737971
18916011
13588964
9104129
20167522
17008258
11974332
9595341
16321403
15620524
21035828
21407010
13605717
18205847
14548421
13318581
14008151
16190646
23166000
14522739
20451470
13429780
14177190
13394163
18710278
11418317
18464542
18001954
15633425
19161863
19402253
12033953
6826096
14891666
16845238
18627449
21870636
12466534
21131153
18654075
15087262
23805521
10530536
14136962
6664696
6408098
21192935
21840963
14745400
18379616
12643238
13116134
19258157
16535321
14507047
18584382
7909428
14391124
13886052
19035353
18045367
11794109
17134089
18471745
12742546
18233865
19707316
16902998
11677460
15482040
19763462
10619190
17845673
19348877
24226548
15780623
15910837
13956877
11618405
13824227
15550841
11342613
21389665
17464067
12933450
21540651
9449663
14779565
6998130
7499879
10112445
19249781
17724462
18472178
21687542
17157789
18232468
16046291
16340740
21428208
23786739
22184298
20043505
17018554
14112264
13139725
14718318
20738882
16964922
20138054
5682484
21986004
21307206
7851689
19915321
19038663
14272907
12673871
20401492
14336207
15133744
19671118
18728852
21237967
14930501
13928341
10313954
17082759
20870585
9278850
18530217
19135946
15490120
15741339
16101975
20793284
10929255
13652671
15066044
19555972
13662273
9104330
21111381
7038823
20367242
23358113
16219319
24479538
9051504
12538958
17532163
14439657
15555591
11519807
9089465
21504238
7206318
13170557
10173213
17424251
18066156
12272901
10744812
14927863
16968667
15262846
13861467
7355092
23148599
16318407
9523492
14050595
15497723
13716809
22059460
11581290
15017506
21697360
14068566
19371065
15627446
18796489
19159214
19628460
16318892
19268415
17603573
19461550
13472840
16604103
10933541
21177851
16680404
8720216
20744788
6223377
11319697
11734777
19490482
17517118
18765415
18020277
11579349
13874984
13971664
16279064
11690513
11106751
17598798
21747657
13379822
21180241
17682222
17383540
14589836
21998929
17478290
15379451
15604870
10749687
21795946
22823293
19860895
10920914
11932836
15028393
20698905
21172752
15167787
22776955
15535103
8624612
13135190
17675820
13621361
19607690
19507070
22642313
22595660
12312445
20687228
22774508
21660403
22369975
21925853
9851781
18362325
23328351
16646253
11904474
23021716
17087079
18194088
13182637
21962883
17136538
14082839
17979978
20091673
14002576
21496451
12410536
18122910
19477019
21597103
22053172
14240035
24929962
19342670
10996523
16430151
16562686
15072767
20858358
20075461
19949961
3696311
12038369
10112973
13008937
15918675
16297811
18155402
15108115
20283204
10594788
19588586
16953367
12950835
20825241
8592826
16354554
18209168
14949498
18778824
12178483
6528731
10080393
20938982
18043045
21523252
17385953
11818942
13460324
16001211
9922335
19354211
23282349
21291413
14139166
14305715
21921760
21308725
11922582
12346371
15147251
15814540
23944828
17509846
18991163
12107997
7635657
23461500
21693029
23340031
11318638
13477550
22802126
11323937
15167170
9670007
17195298
22027884
24329766
23078785
15928675
23461706
17808766
13440146
8037017
10006346
18567950
11904171
17264360
19488367
15517642
15094493
12842062
18969256
22183660
9405333
8691683
22830835
21552469
18118314
21432338
17392611
24273282
18380946
17847160
23417618
19161519
20849914
17017137
15785698
13723289
14274771
14678918
24772638
8687475
23284319
17741478
13286398
13892620
14611177
21001686
21117007
7265970
11382977
14226868
21815209
5856436
11830512
21244623
16473620
10355162
17267008
17889260
18506349
10432037
17344525
11136882
18084855
13087616
14961354
23261401
18156932
23583303
20323847
5725330
18263862
20902913
14449396
17242952
6645273
21891877
13937948
14764148
13836419
8723586
12160501
9864621
20121605
12640264
21708403
19809015
19169610
20085139
19674648
13933132
10166733
21838352
20226404
15015777
15426251
12483149
14004731
15592429
10432262
14576631
20778075
10580194
8354344
18031006
10557401
11070993
19218725
21621822
17013593
4205003
21692873
19434642
17288546
10650171
10618686
13934054
22901483
18141849
15867417
11851285
22200222
15298291
15992481
17943107
6954730
21654075
17350044
24313923
13580703
5501956
19969448
23544789
22234476
11540096
8720561
14538611
20613331
14110735
15834249
21534660
8882847
21288428
14073248
22040565
17649506
21168047
17440368
13920111
17679571
20680368
18720535
20565399
18592217
19441296
21690561
18467829
10809747
18947734
19545820
15230270
16900648
18759069
18085437
8592713
17736572
11841794
22177286
15794660
20852572
17650718
13410042
14760532
9908284
20494652
17805844
21979971
21168465
20370421
5434639
18958611
20139296
15936545
17116192
15402054
9745718
15538791
15528821
22951579
12975854
13531623
19992177
17276688
15151318
23166312
17573266
16963790
21912811
16540909
18177538
12046856
18743419
22083650
9192386
12830940
4254656
16496439
17183993
13805253
16029579
8377825
18870810
21029202
7678174
17767683
12642202
16023890
21807209
18959114
18640708
18444425
20014410
13410009
12631011
13313800
19725405
10783672
21912352
19199706
20088020
20997950
11088558
12257807
14477326
23163102
15403407
21661678
15133331
14214662
18741995
21505208
19027485
12860347
15299268
21150061
15962029
14576894
8744683
17448657
23230621
16232127
14278264
13092362
15300840
21104858
21504295
24691732
12819477
20872388
13903333
22443799
19365034
20294200
23940312
20585944
23426362
12835487
15815352
7002820
14615308
16866770
13070184
17147142
17812013
8386288
12622259
24368053
16417138
22841481
21454598
15635376
21435257
17535838
21231832
15150146
8907463
22259038
10846023
24557048
3986673
16416589
14273416
20293040
24361951
22932566
22022948
21718771
11580565
20608089
14841150
6530448
16016832
21148131
12925722
21786788
22057056
14085730
19007542
23706138
11390987
8811347
21012374
17103701
17434397
9226332
9793197
17411913
16784935
11418825
15703163
16044054
16330672
22785595
7409093
18726822
11099646
15888686
23366372
22189691
17403716
14501311
12676523
15145394
23503084
11210035
22703874
15044324
20234010
15812189
14584968
14308057
17088998
23629805
22925751
22314400
19011477
6365459
12274982
18172352
20506017
24231513
18910411
14503154
15087202
21848902
18326724
24540501
15947432
17487765
20937928
19190406
8279696
21849462
22717866
18384706
16871190
15846595
20165395
14125757
18922572
23479321
10606030
20012331
16697790
18470837
24802268
19340128
9327006
20907986
15900176
13383646
19761385
21458790
21432258
22253486
18338580
3965417
16428424
18677302
16749911
16241065
9454611
23067869
8415604
17420662
17852451
21922450
14161028
14723629
20448874
12052594
17975071
21771932
15696812
19140195
20262365
15541086
22573208
15702389
18296324
20403961
17915244
23426513
16217379
13088656
4247194
21991037
19350503
10337335
7586905
15198854
16742419
21462319
8498876
21102679
24563314
14465104
9269513
6509121
23451318
21030878
6578737
22121405
22453988
22129527
17833137
17929816
21685335
21548559
19021713
23547531
20570113
17300856
14839976
12452606
20740546
14960959
14520717
19314214
16936757
16768319
16902488
22721543
22263896
23741162
15816282
18271448
14563554
17600874
17513307
22852068
13352808
6514760
15692053
20957629
20319072
16723935
10354485
13723169
11359374
22505547
12125631
17948039
23670375
20685192
20942619
18916784
18495254
12454459
19455176
20433340
14883823
13981309
15464017
22458994
16945835
18701598
18395054
13942298
20645426
13052708
14287627
15628967
12925601
20276743
13019650
10637321
12410412
21991940
16139141
22549031
16206754
19002731
14872716
19125306
4671242
9122257
12664670
10856011
19744664
22437842
13803693
19077922
14345957
21711552
6010805
16563428
11583446
21036159
18412113
15149013
19482298
16373738
19495048
14088849
18265308
12185783
20308904
4960192
22128941
20491959
15272017
19183724
14982211
22395937
16592861
15938072
17127431
15367679
15279073
19514677
21989470
16387600
22898108
12344768
19479125
6283639
16794215
23992282
10118281
19498915
16828074
20047135
10062231
13740166
14171741
14054584
14047947
14156284
18024747
11107269
11043264
17763954
10675932
17074789
23494032
18003603
20842813
12763018
19433833
8761243
13342147
13409468
11509059
15620587
15265587
13342658
22805220
15377937
14593906
14758501
6599989
9413282
11596128
9933483
19941959
16799292
21129630
16406562
17920588
7103371
14521262
13411541
15279595
16544143
23325031
18370573
19871174
19231143
8203225
8233602
21513895
18358805
14961027
21927692
14293016
18854133
19610529
11897060
10070654
17902165
21252606
20989894
20182471
7793765
22783159
18023030
14827160
16632894
16698378
19045503
19714800
22275832
13414234
6115251
22952486
19286869
23574008
19974491
16551112
17456215
19140761
23647661
13409735
20078837
16771529
21830023
17513132
19469279
16271716
6412553
17310727
23780864
19878876
12614981
21722539
17391205
22530817
22538102
12307936
10228778
18896293
9253304
18164760
8452129
7571345
17224520
18270448
21034971
19112800
12884450
16244580
23370184
9846413
17327332
20380115
24462327
20586398
17374808
17686076
21092537
16388959
9917967
13001710
6444001
9636132
12219379
6793237
12507704
16069713
22777622
18513350
12590082
20353712
21091028
22819771
11679152
21343577
12835414
15131765
15657896
18232254
10276592
13926476
20968730
24316660
21090914
24020393
18091387
6463040
20731192
9344512
12843373
16483934
14277357
16678334
13280749
12378231
15659487
19830837
18743597
18791425
8363526
14164697
21108409
18581483
11949057
21671247
24410344
14070338
15626162
11635987
19886230
20748814
20313750
20808978
18880934
15989650
16589352
22361863
22813792
18031267
17022075
18340515
13435852
9279745
24593729
11006877
21570279
17957965
22810681
19840070
12189903
21022474
23276797
16831454
13907610
10902901
20649569
11243753
14544244
11584065
21823585
19106406
11037410
15456437
12456148
11628604
17638183
16797988
11723145
7119096
18387225
15361709
22616705
22156136
15095530
22317188
21930812
22356213
17244718
12591676
14255217
19822298
15751797
18745914
22264882
16367782
9987687
20155744
16984497
17541489
12183652
16909226
16185474
14647046
21046307
12927761
11939878
20098337
14894681
17366010
23450924
20226197
13956240
9510619
15446199
23447356
18916545
21952154
15322605
12960171
19985590
8220332
21518952
16010319
21978496
22185390
17276650
23765782
20718989
14813941
17274326
8100577
15464906
20958704
19900077
22797620
12776797
17172009
11989450
16028546
21693678
12043854
12492302
18785376
15942129
14090045
19655477
21805257
15513556
5100918
16856253
18134456
22984416
16378067
22528472
13812629
12620719
17182211
20547332
14472401
15876066
16360041
18836142
16344188
20115941
17112054
19230563
21168213
13076746
18527731
15619536
12870777
18482371
18557938
15120616
17616923
5494519
10985380
15866585
20371281
11253918
17915086
14617008
21574332
21138309
21975363
19553180
15409555
18519118
17015076
20834333
22953542
23186608
14137093
17664800
24721589
23768688
14924969
7663093
23752239
7279118
14922846
20564812
18864888
12418489
11841287
14350740
20890618
16692137
9643055
13875452
16509035
16677705
19094355
9471702
19585847
20435134
22989383
21403882
19282122
16234904
15325989
8038267
5713344
17252186
17108487
22746366
22077349
4122014
16153423
13136665
18711236
15077307
13836500
13386385
10140975
9384736
12499424
23461147
17292109
19989345
17498554
16649814
7716214
14808055
18092777
18417978
12998243
22979112
20761669
7369161
21084971
10940687
22173218
12380331
9920999
13024186
18943124
16347321
16620024
21384334
12016254
23416340
16612802
17816510
21135180
17955134
17606449
19774096
16768272
21333368
8180006
22495203
16751093
10088367
18850019
21078163
9335071
17877284
20816166
8165173
11143385
14225433
19852730
15075892
12586477
17478385
12553288
22482036
8391268
14748179
16766739
22623817
19760753
13450277
13172438
23119715
23010591
22886106
20335702
14960530
22492404
19976215
15913260
16998443
15503919
15178792
22192912
11074685
21181966
18546055
19476528
13748492
11980239
20698385
14385921
16773476
17521825
12844668
15830551
9206778
20753763
15957818
16876994
13562347
23426995
6155172
17993028
19453397
20852284
22087216
21161158
22470974
23236175
20051725
17898780
15693672
18097776
20833726
15118854
22731900
12146293
23072539
13132460
16444205
15161906
6923825
16027847
17352867
8850969
16813993
17977992
18718253
14923826
13373811
8708737
24470397
18413118
15311779
21453714
20571167
15494182
19408488
22349083
14445866
15268464
10192878
9126562
14779634
22026348
13857396
17885377
17815901
16515363
16026678
22592677
14488048
18845873
18058246
22492438
9375524
15834075
17413685
20939068
14579824
9806320
16024360
20143040
18591062
19796008
14271039
20915224
16412935
13948127
15825689
13603018
19076160
23660541
23095719
11958435
13142386
12839890
15505262
6119560
18321360
12436854
19768285
19969662
20466868
18774142
15507635
18727303
16444392
17081985
20053504
18913004
10667348
13807293
19310347
13881335
21540433
14713059
10110401
13463955
18491749
6157839
15268914
5508048
14848538
15506020
14472839
18085371
23616039
20973050
13610766
18663570
17345853
17975553
23719663
14541223
23532630
9100323
23032101
13361179
13742670
21734765
19308285
12845031
16636884
10331405
16301851
15747346
12527344
19310006
17710785
14422550
18512686
20206375
4576530
17042637
19829148
17677799
18131958
20369025
22241146
13895652
9384463
18012749
23510297
11469995
15291908
12317942
13746593
21335402
10916999
16839308
14769848
16077467
18611911
21292077
16652251
16197317
6881026
20309705
18441361
18085724
16785503
20369720
19957068
22784198
14681633
17711248
18555763
20196711
19164316
14508892
16078763
18954593
14476533
16751422
14399024
23021569
15429775
9778782
21205943
11680826
19847261
9664309
19967889
12511893
14239199
12803591
16524025
24404907
17695349
16424474
15047877
17154493
24500701
22924247
11474685
20427703
20361096
15997832
22332881
22772566
18433597
17895374
10476132
11772574
7593376
20628602
19525857
14626896
20761538
16410014
21547106
24434292
22747259
10407060
19500069
16401014
14852625
6581513
15529580
10722343
12147952
18078554
15998376
15675797
18749011
16896121
10660835
16538019
15561026
10778977
14120239
21027553
13415603
14597603
13109559
16526768
14666367
11909330
20537819
13507090
16251049
20613835
15477202
18986353
21151734
21911605
14142256
12962362
9813189
11697243
12556092
22206956
16399924
12854860
16235367
12175055
8364108
18319071
12990037
17609077
21375086
12337767
17954047
15203741
19765492
17519373
13796156
23456245
8951129
15193777
19183299
11966861
18401065
12358595
19540135
17392755
10028623
16114817
8355022
20715424
12075308
12996123
13403894
18712883
15960346
15863414
18162704
20099916
21595110
11071023
17260910
14267396
16605890
21817467
22513140
12284514
22451607
21957511
16040285
21116346
22066460
9576006
17634981
13340262
11917592
17878539
5602548
13997338
22900066
13525309
15354256
21829297
22737757
23263399
18743025
23112139
20443668
11376580
11138508
16339999
17568836
15447620
21243209
20724452
4797226
8534256
12215098
14248792
20330959
24819864
22788051
23238036
18365221
13738055
21667792
10645063
23086056
13555932
16069475
17312519
19545265
9849440
13176498
8559430
18981529
19915273
11163222
8828802
19414954
17208886
19768046
12129681
23369384
16209547
13706645
18417038
19350865
21393255
21400567
20274308
19728899
14374213
14758051
12145015
18739141
9259654
14063490
15337016
20254635
18677084
19059461
21084831
21455810
12549772
16880017
21745536
10809244
21444355
19750111
20560514
16591889
20873365
19067263
13500059
21626467
8637006
19272952
12925208
2318539
21615957
15345560
11211962
20594756
18885408
10876986
13502439
14441099
7527506
16474016
12100304
14898754
16753596
15925355
11954968
15772004
13425539
23836338
7555785
12753603
17684354
15992530
23350841
17939926
6666696
13862039
22972282
21911460
15238587
13517849
14359222
21062596
18130977
19286839
24374589
15751639
21426649
9203307
19326344
22576413
15226366
6841051
20333090
22634616
16446115
19570743
19920224
8177622
16510207
17183805
15188774
17331792
11585756
18926765
22132794
19764346
8732352
17472749
20558093
19369642
9606617
24508149
22726250
17597313
14204431
16124742
22566752
11726280
16953706
5140274
17929004
18719047
15853342
14815217
17561577
8655668
21678016
15069310
14094371
8487057
18100804
22264599
23207786
21075991
18625286
17693933
10747235
15620786
21915885
21863055
21298252
19368106
15634872
20683314
22434092
22704503
21568522
17320540
16363017
17058479
9396966
7242338
19747459
13153650
13880617
15869470
15571264
22548840
12951973
14060691
24807569
22746172
22546204
17720309
21604442
14027916
13942278
17577373
16840566
11449920
17962081
9072677
16738844
23124586
16304448
17913130
19508030
21214821
15423608
17738171
17470477
18888146
18167418
20003623
19381803
19588667
10441390
12907284
19926369
20904358
16049431
18392183
22365078
21758222
8339641
21536390
15703785
19371206
16747658
22695515
22837494
19691051
20417629
4498341
21250868
19451409
12038993
20972393
22078033
12902864
7383815
16189538
14231398
12662338
21567048
12904945
14449805
10585201
13090579
13436881
20172692
22820104
13398390
12115001
20891540
10063853
9376951
17691396
19369426
20811704
12951085
20174921
12298951
7431296
22733974
13749151
18387303
11900571
20184555
21878973
16576481
9090497
22309087
21776691
19986788
17962507
23761980
17274966
16432734
23484261
13454128
16040963
19304454
10487883
18674275
21146210
19819422
5107740
18820034
21991563
20850968
22991900
23065383
18896334
8202435
14714654
17492988
19169664
11418468
20927975
12808526
13331939
15198809
20428841
18049147
17629128
21984761
9150263
24874983
8682530
14330081
22138428
22896829
20044172
18739464
22411863
21850719
19501837
22011944
23848529
8603070
21657872
8966839
7467794
8258757
14385744
6279392
13804979
18638423
13904282
16441859
14163593
15559321
22961330
20731732
13972584
22804864
13643218
14356906
18853030
23973242
20354015
9307404
22493954
24668059
19312280
15041730
8705578
14348277
19120716
17879695
18407003
10979592
10583921
23348906
9570405
15845513
11871374
19180140
13312530
19093476
21583982
19412586
18401040
15525283
21060802
18265395
12678501
11823645
17173845
15878164
21914838
20731174
19793137
20415656
16760127
11353571
15397782
16545683
9291404
16388274
18361607
18569383
12413944
18522042
13914319
15762912
22251224
14512896
17358766
23056376
16539521
16348073
19410990
11277867
9373657
22652415
23359606
17077032
19118087
20588988
5141785
7152531
6879560
12481111
22247137
21256747
22113541
20432053
19070338
9720509
11520985
11441930
23932678
11318040
22267777
15808656
11139642
18408698
16068443
14847284
24062464
19486989
14271804
14452220
17333729
14933483
19527360
13041295
9412593
18362440
14119955
13682271
10110643
9249233
8336691
18158077
7814478
15706809
15449562
21116811
22246740
12370396
18312869
22829993
15217163
23851409
18127974
13438276
14182488
6151847
18530564
23092795
12075441
15463748
19625073
15112196
18676628
15400618
18380233
22549060
15183338
21583834
23576026
5377209
15550189
13951228
16348079
6048731
14219229
18540845
11192086
18834639
20861990
9098112
10932955
17022224
14826844
19714534
9655793
20769991
20262273
20564882
20912134
22405296
13918702
13990384
6610143
22711950
17666043
13639564
10650155
20144592
11855989
12076486
9796410
23046463
20106858
18327694
21730533
22846724
11665060
9519920
15998310
9583611
20692349
15596113
21849373
14290952
13700248
23100790
17352098
19672328
13420541
21957626
18858617
22397785
11224984
18740105
16578784
18083324
14872462
21586551
18923610
24150575
15389014
18525998
8682554
20636169
14659290
16449609
13239890
23875599
10313256
9957122
18786742
2812766
17129802
16869463
13583773
11568386
18532602
23381602
3038674
18410637
19398167
22205909
12699596
18917170
9488235
10663957
14818700
18458540
16291406
22056140
16927121
20561648
12430338
16723754
10562136
14209843
13159395
17209988
23769739
6727595
15391074
20870640
15601539
23011717
16969704
16220192
10548271
11128166
18135100
21555937
14688708
21584759
23787365
24017549
16362777
14110835
20896650
16987358
10122974
23058271
20086604
10521735
24311762
19668449
10652265
17875846
18688056
15578444
11893696
9778670
18353835
16760985
18607274
9310698
19296598
21491979
20763637
23640037
24475886
19480006
12519279
14179731
20599650
12033709
15261240
22996671
19105487
16866653
12060504
18159730
20909980
20800252
17717007
19930018
18091465
10839086
19966351
7323335
18310153
18943687
16275045
13925830
20709057
20629773
22147714
17445184
15640059
17476343
9395234
20938717
15554658
16313527
9958605
18543569
12172062
11766900
20563207
23350362
20787798
14561368
21025054
21729604
16108010
19725941
14554595
16020080
24027198
14442181
23687312
9289214
17123805
17081984
21787784
16604021
17171763
6288394
19209105
16766133
22774696
13311461
11094710
20165867
19634595
9707412
14774181
14857679
21668424
16385132
20765102
22899285
16450110
23662289
19274261
15878179
18874295
17653432
17427840
19598622
21098301
18380715
21796493
19227796
14171237
11356008
20254346
20147316
15755425
20290883
11044763
18115640
23147705
18462084
17470326
17766938
14228912
16468276
21994333
15267544
11179948
14192219
21670303
18881026
10852305
19180982
19907822
15132748
17765079
11293039
21366967
20870925
10775926
18885579
18329679
20097968
11399287
13323899
21030130
21793039
16396517
22895925
19966042
20226855
20216557
16672035
16256362
10596343
21508664
22073930
12445827
18628057
14723135
18426179
15712714
19280954
17520521
14073025
18215633
12927945
22936316
16075080
12338732
21115605
16076826
20858874
15152169
18543222
6789039
19106933
24423898
23874290
13889430
15567466
16413473
17867702
6542927
14293550
19210326
4979109
22792934
10247604
14912995
16890847
13022287
19761120
19396827
22512949
21020938
17559551
19404158
19984495
14024780
18413812
18905151
17801542
23398621
18047697
22207651
17176494
11935507
18780197
6240233
14521659
19707465
19637328
18739128
15550029
19271150
12278460
14089015
16750751
17721921
23436917
19905439
17263540
19840293
15974861
19253039
7126906
14847978
13556056
13605684
23147944
16493832
17025433
14709739
17856491
24201273
17652438
17956172
14587694
15693802
15560902
13791281
18914058
17352651
14999273
19773138
20417203
21979689
22950305
19750018
18180791
22539888
8912080
17555767
17863901
11370549
15401696
16608504
19905432
13102991
20191442
14881436
13658354
20800572
16925160
6734309
19801131
16110975
16349382
21265193
23234900
16860079
14521432
13403341
14939624
19887358
18396972
10995766
11910982
19757183
20774591
13374710
21970615
19471049
20205268
23066356
21365343
19980784
6848239
8831594
9253816
17537681
21165634
16092329
14512473
12034175
15027626
12182818
17043729
16436086
6102684
20376071
22884865
16825075
11543632
18854741
9136105
18682462
20780788
21612134
18500832
20526108
22332454
19660687
8583465
20567558
18677813
21907738
21987716
16328447
11335970
22775237
11723514
24094546
15256293
15855627
15981703
19141147
14208770
22460867
13149698
11369052
20674045
17101036
15928682
16731951
16429351
22405620
14383634
18652401
15648080
16651785
15330606
20783563
18334786
20097538
18651251
22166866
12448540
19268391
21936019
13180576
19939930
20344414
20447515
14443026
21166748
19391365
14965230
21704372
20125958
15302101
17338851
17309492
17458004
17994039
14297007
22975687
24932730
18239118
18037998
19413154
12644426
18733330
22915444
10956927
20973190
12431962
13719971
18541764
14855849
20751781
9129783
11192155
20345795
19274386
21413277
21300001
17434353
3945790
20498270
15445180
10321904
13131150
13488592
18863259
23390003
10634175
13475417
11822310
12571422
11787742
8866082
22435953
17182892
19857220
23099124
15361146
18146243
17761105
18205756
7913518
14190050
20915965
16272683
14798073
11294180
20950168
23396715
18959777
19166243
20705718
7075901
16527328
14769304
17823648
17377397
21997082
16521204
16249833
20551720
17188073
10157508
24001424
18451390
14291741
18282542
20710341
16961897
13724830
21040447
22441411
23254410
19258594
21403224
19591838
13959826
21226211
18129499
22526290
18027030
20568946
17396841
7193782
18376151
15600880
15975067
17673111
15307320
21045335
8938699
19379561
20499144
16588547
19418309
17290274
18710155
15760855
17332781
12250481
21733175
12206274
14887855
15832805
24171762
11663408
19708477
20523257
20501870
19118072
23056051
19668278
20988494
22919508
20411917
7047623
13426449
22894053
11995477
21292813
13679764
19163630
16579030
16858080
4756986
6848303
18554427
9992817
20083271
20892454
11197063
22467556
9451525
18329878
23756056
