23310215
20821916
17865875
8561211
13112748
5547068
19698784
23240772
13302464
14675691
19734770
17444913
17714661
14281784
19828248
7705770
17419429
22173033
14943140
16152706
9316742
14723612
18941388
20423991
11686148
23070082
18198546
19000313
18819261
13150204
17730369
17308877
20430538
16991347
20437740
15864195
18231750
18980161
19130787
22380395
19939788
17488044
14719020
20746580
16892779
19580252
10241734
14842665
19661822
20118771
17849112
15908843
18148717
11822593
19785056
17507834
14882567
8718949
17219735
17484386
20742959
15021447
22074908
14531456
17024865
17071168
20220084
22601700
12122244
6421807
20360459
14110916
8229873
19893285
24758084
24546032
15276673
20382141
18426266
14704103
19997013
15085507
12461648
18952387
13926377
23569347
20360449
22157411
21209474
13983129
16536342
20678099
19431180
15977456
19235738
19058298
18847494
21957114
17110127
14704663
8712794
18464357
10820573
23335267
17744787
17199999
18199976
15647386
16683756
13908329
13668000
20270324
13803490
11527193
15303997
20971856
10726745
18830092
21982451
15956420
22547535
12181148
20412730
13944895
19230122
17056634
20622376
20495618
18080897
24493330
12766251
15950748
15556597
20456951
12397662
20478847
18140677
23612536
18994151
16158397
12578717
21432681
20212725
18037508
20196875
16320218
19726238
14593983
22330203
14358360
17550599
24077447
12455374
11716186
23877217
22142029
10815459
19821089
20477681
12348313
17199780
19149871
20219129
18859590
14497011
20675874
16987416
14835892
7086887
23394980
21113512
20601889
11163545
22410289
14423162
21893331
13725518
20250782
21564974
22394550
13072805
19408689
22856805
22029368
14362324
10201827
11808811
18976851
21227725
5352423
18019853
13751689
19107294
14257291
12231444
17940927
22586331
23463813
24307097
14996307
16196924
10791620
18451556
12065902
11853443
6771308
18091696
21943542
16584680
17455462
21572847
12222667
14168266
18998364
13441055
10229330
15532454
12752006
18816953
22244159
18057026
24331311
16931456
12153659
23609272
20340225
19184730
23027933
13765449
12301335
22632074
23549984
14035021
19988223
15134626
19824458
20266661
15321004
9657673
20205498
5580370
16182494
19428166
20871211
15374088
16238116
11655246
19140442
7841312
9741982
21472403
13644418
11421901
22651107
15901951
12470610
7824216
19687939
20617452
18998557
9978195
21481659
18814005
15427958
24251868
20961147
13793290
21856893
21309347
19988405
22480908
17758214
20146193
15944774
23140345
20423800
15329804
15552184
13623461
16362937
8178707
17765022
21143699
21134314
18891133
16250616
19162525
18878985
15791612
19771647
2689344
22698711
22962763
20513231
19755494
15007626
18509445
13364412
8912763
14908444
18974360
23436228
21286871
23044069
18355972
21113703
17831277
19711685
16289405
10176199
12569055
15039741
9033863
12829357
19640087
12105655
17548257
20922299
15294841
5069030
20701417
12231346
14654304
7523983
21850977
17082184
22835946
13239981
20192462
10403568
19948041
22384484
21099942
22425572
13070278
10938235
20329089
18409411
7978830
7030615
21049469
23602843
24637206
8481276
3001935
20865283
18446595
6381334
17211014
12978391
19421749
18097076
20844090
21908519
10184262
15915462
18220930
17747172
18042922
13378357
18808849
8831067
18482228
24061969
13519209
15582152
20745965
10875893
21883196
19991104
14569340
8232971
12856974
21546544
8079812
15642236
18225819
18795696
18956803
16338533
20446885
17480604
23063183
14684439
17787363
19334626
21031739
19139316
21507658
18170397
14075589
14552172
12021914
10472500
23650347
20082283
9612043
13175926
6364609
18971876
16793392
16339007
4955055
21829050
19946027
22062646
13964228
18242625
12894468
8889602
12240035
11347694
23065388
10447257
13868746
17058313
18035477
14380736
16742964
19852501
6735156
11242020
11008796
6987117
12670772
16635543
19244463
24079540
22067532
22588992
22506211
24018529
23835578
18919371
18731269
15302305
20524550
14690565
20042230
7753149
20391393
11329685
22664838
21834796
14552980
13258307
22008461
12100727
22499320
22233128
17883448
16807996
21788859
14926025
16803975
17766970
21319207
22409587
16204235
11314234
7156716
20583011
19472808
21998332
7591541
12607646
21311213
12297768
13880199
10367234
7914236
19807471
16267148
15161374
21920352
12796335
24382816
14656121
24214504
16994430
4689071
19888708
6214067
12069674
16003649
17070024
19454195
19600492
17430560
10597254
22075585
23956197
13697987
21069292
6770243
9494766
16211986
15313318
12496830
17242743
19283294
19594705
23363586
12477116
20862051
18986550
12919878
22933319
6024801
16552621
19204811
20244500
18225962
16236713
14394697
20237807
12024724
17915872
18162307
18538859
10114613
16567813
15543383
8030188
20343230
19483982
15044389
9494450
22353432
18967201
7463666
19750513
20427960
15136690
18575336
20484869
17548398
19855675
22916052
19768503
16361675
10104188
12681070
23774878
22656158
22111534
22530517
23989099
19149672
20368152
7288000
17701524
13627919
16463536
15549868
22088260
20688803
16326049
17716511
21228790
11807494
24697771
21564280
19771660
23062620
18221248
19330813
19461126
24688624
17322796
22605800
16154368
18111381
19471078
18210145
18355728
22784064
15257581
22826427
16815864
18628553
21337132
14079878
16871840
6712716
17425917
16377122
22276886
14395350
15579026
14369145
11875070
14266954
23227823
13735718
19314813
24186851
16368319
13953062
5563582
20135012
15531616
21776939
22325785
16099077
19955391
21712024
13216777
18807564
13596326
14061905
20978144
13215857
19114516
21081655
14347747
13350798
17561311
13696977
17320565
24384664
5147041
15855818
16186637
13842170
15193350
20957187
14181709
8159927
22867695
16845348
22699259
7058626
13958136
17150268
16042208
18242700
19960657
8737149
17108973
14198185
20213190
17607341
13960656
13955553
14530205
19193537
20276359
19917462
19320283
18640528
17671855
19273708
14964729
15216536
23482969
17086450
13034042
23059465
14507261
15202410
13602634
19910130
16726692
14162985
17675442
22106240
15643815
16299446
23154967
13881173
12953388
22408171
12815896
16782677
16309295
24086454
21597091
19822470
7381074
15844226
21584598
14070320
13180570
21054487
21118189
20987177
19320356
11496486
18637784
7823155
17077922
13730722
22862147
16905826
19585273
24993603
17960257
21664043
16997439
14270786
17981456
12454850
13363302
19820543
20835831
12529946
23164307
13430186
17371681
21203243
19148308
12462986
13958674
6348083
18761727
22749067
18983264
23747607
23674633
18196860
24263676
16219345
11083848
15617113
22817446
16830434
18659459
21038594
12194195
18455673
15752244
12270221
13331690
14601687
19442065
14533789
13773543
8614489
16816664
19565847
12893488
20830256
20380719
21364280
19763885
19110323
22862293
5486353
18684124
8092233
6661826
5962637
21705288
7662900
23611350
19217025
18238528
11365327
15863963
17396482
19297247
15263278
14051450
10665556
13095399
19826862
20377476
18200795
8307965
11870886
18615753
18736873
20152960
21945034
19629387
20850981
20382971
14821165
16579824
19348981
11640902
8049531
10865159
16964379
13314116
11348273
10486202
19892815
14416555
13535410
22610545
19533438
24120408
17985711
20589325
18447141
19975956
16233482
21563792
13490069
19190749
21449630
23305314
17212823
20909917
21121938
20645632
18794961
22645562
20903146
20123401
20271716
21660737
15388051
22420964
14775798
19351599
17315119
16505901
16072163
22432365
12831097
14485312
23988070
15853551
15356121
23694657
16834034
21059430
21817062
22326317
22780126
12485324
13248153
19764957
22833160
21844220
22763796
14788273
19980823
18173167
15482240
22327877
24102293
19821947
20127423
17260601
12332531
12640933
16841212
15125933
23271330
21073151
16917545
4863520
21977016
16740752
24369168
16396022
8453486
12630942
13595659
15730673
9657788
21053668
18528431
17103779
21594835
13300415
17583795
12069067
21279913
18316414
18075711
17432791
10308008
14354290
19241900
16149697
17208054
9362730
24430459
17087444
18284932
17894229
8723420
11112253
19996767
9228266
15866367
11300531
10112049
5163783
13616994
21818531
21261233
21010416
18079515
13139698
16503762
22138056
14024086
13583587
19021873
16987143
13354712
18896761
15142210
21687234
11959953
13297639
22001250
16852051
10352621
13892480
12755214
13391078
20813554
10408910
8473253
20912612
21596863
13240443
19629077
21543464
17232180
20707044
24499977
6734798
20077521
11225860
19793847
14877621
17770991
16386636
3232984
18966879
20648191
6970227
10694260
22026295
10303622
19982837
24008060
16969884
21058325
18672904
21338693
6503334
20761733
16498563
18581307
22674958
18804961
21667270
18221909
19464059
18608231
20753709
17269036
17830827
10020227
17403201
12459591
18600611
21241588
18587712
8744793
13959353
14728150
22396937
17650390
20892637
11162986
18311652
6251404
16792247
18307165
23148426
11767060
11890814
9750685
21245197
20434110
16380685
23504086
17744377
13044706
22312715
7098768
9396418
14889760
9456275
21766703
14157454
18871483
14759995
12775632
14543190
23103479
19097735
18276472
19184391
20370678
16820020
20394794
18801372
20810701
23107360
6568358
17828682
11933421
22204174
8310337
18651272
18402730
22347058
19287621
20115455
13424779
4790539
21432438
16799325
18086298
18836755
12228494
17111628
18036142
18145072
18960545
10962126
16744854
23445353
19815517
20238396
19111838
12201338
19868036
18031206
16198137
16163233
21805254
14001487
21050826
17700801
19923911
14434734
16137990
21721386
22128081
18586129
19938376
11635042
20717915
18552584
13906583
21795005
13778806
23282013
19529052
22487728
20079377
20267355
11911169
16098362
20688893
12186878
21218377
17096542
16178475
20041079
15964760
19805900
13090338
12761206
14864695
20782273
13988493
24603271
18509894
17166430
18902363
25113324
16135471
21476242
19621182
15400002
17889995
15066608
15617678
13182593
11550379
24813726
14020772
21795733
20948264
18585401
21011286
17171361
16658567
17611264
19640237
17292278
20724950
6492574
14559649
11765006
18976984
14075836
13173542
7680792
15847509
22379072
20573589
15652293
11214135
20344899
17587042
13179569
9239341
17044975
21344326
10389009
6506547
22681701
18633582
10418383
20544368
10336604
20067956
18661092
21300371
18493400
8242153
13418079
20387709
19085803
17516191
20244004
12480004
17318658
22688683
4954967
17147379
13701747
19866702
20962330
20143908
16916657
17668507
9230478
11709643
12353504
15934331
6421493
17148540
22532076
8530906
13852210
22004777
13158356
10991962
19601779
16822654
21297729
20682791
21566572
21447729
13560120
16145007
13634541
15212678
18949603
14133387
21501158
17012156
10418936
19782700
19214560
21369185
10598305
13787746
17783942
17016393
18870800
16128439
21493200
18226484
6818946
13561074
14096747
8266749
12912010
21265242
11597902
7070583
10407259
15801042
19860929
9768195
17344875
14321561
16616280
18794169
20142892
18652175
15946033
14427506
8511716
20537071
16326508
18511003
23378363
13182565
13284852
17446966
20794685
21280058
12520457
15398844
16128189
15751327
23180500
18181802
7857548
19200701
23354068
15495034
20913467
19882948
20126281
23193961
22069218
6788980
11255755
14033728
14443409
20180372
16572142
15737029
20304172
21235747
5231490
21214541
20108306
11369242
20376651
12640445
13973881
16364612
12769320
8339352
20722635
19380763
8147780
20861612
17601473
12781463
14582630
16131150
22566934
16063561
20597120
10200425
19133339
24114820
12495611
22005786
14167442
19485812
12145698
20888786
12738825
21992283
13465887
18359329
14659835
16027226
22182275
23789036
21322449
20599046
18817385
16932498
13536501
23585913
19056474
19392415
18359513
12562411
13014643
14567623
16685618
19070463
20012521
23205666
17657772
13419340
19890675
19107379
5943850
21502463
16242223
12604773
12679951
21491554
19480621
12952050
17157076
18668417
14245192
13157729
17586177
20899040
17650324
22320857
13304570
16183673
20636069
17403162
10154875
18756944
23037015
7377060
15083330
21164873
7131231
22981977
22555953
21887534
19455183
18622421
14020963
13918207
22329530
14708955
11191469
12112935
20902648
14970794
16588570
20636966
18602978
22513264
14051459
20537814
9101776
19012741
7498931
23131418
14485126
5525490
18238776
12670739
12759903
21567487
7230275
17008472
22928022
19736111
8310868
9896576
12694876
21018729
17097304
24688165
15979532
18361210
19735598
20985695
12150047
24351725
9752335
18996488
13209384
18953062
15356356
13754562
12291172
22605472
15180799
17855287
20388135
8874406
11933646
8509204
17484398
14533291
22418116
12327237
20274364
23448320
22538799
16308040
7576780
22627196
5176962
16475493
18931090
13252291
18802766
20823401
11194789
11585784
24852354
20943051
19791693
19331381
10810269
18245561
21307343
17790372
20914713
21087950
15022664
20837946
17362020
16669794
21879796
21877603
19461119
18869840
17088626
16147401
20821740
15191443
14507045
15422464
18095414
24610329
22351118
15485747
16969968
20709106
14329593
23572689
20126686
14846185
24018255
22222722
19104702
19130306
19929840
14283378
22147544
20747274
22032163
10120653
24042872
8832301
18028091
20046014
19664720
19018709
24471007
16166701
19780429
21105257
22172237
12044160
23014739
20308263
17060782
11699391
20541000
20309493
22950273
16439702
18974082
12797219
23659029
12975142
16019323
16673708
23002676
18439297
20707362
13872784
22594318
22435396
19331672
22922609
21381202
12076192
22669689
12255191
19236082
17853194
11854913
22360430
15547660
23916914
15045741
20956473
11019608
18421720
20735573
15464759
18778746
7410341
20220893
20448852
20742462
19861538
16412099
16501326
6429374
21518451
24683358
18961203
8710480
13302073
21336425
12210282
21889289
17693958
20188660
9668069
12836216
22183502
15384526
13148344
21433428
8567416
18405011
10525360
21993786
20958269
18592151
15419249
17294081
13074184
17712969
16146778
16161514
23749162
24347250
10829405
17478060
15436849
13995359
7124969
17315098
19316949
19618571
21395574
17877108
20683296
18848509
12861732
6983714
19554124
15408856
19112065
21054745
6836236
12896807
12825989
15128437
18733284
20439859
20814448
17353938
22788845
11533823
13504514
20609225
4867884
12234927
16343283
22297044
21534959
19595711
18792418
15416211
8574478
8148141
17648479
12932372
24420316
21852818
20249238
15622158
14822836
11668200
8559176
18977927
15934515
7916139
18478771
21109995
19399393
21863179
20707059
13631902
23615577
15514348
17859434
19309038
23096159
19801595
19306518
14639321
19207455
12309089
24417770
24366408
11471499
10108732
18165548
22673638
12607703
15780133
15184070
16087987
17078978
18822693
18756584
22063257
11446829
11503646
19633748
15139485
10639266
20677910
17666979
18658954
14161112
16418943
13921872
15970895
18548957
20174388
14289747
15356915
22190323
13416118
19512486
10020815
11381920
11362951
17601396
23018792
19900916
15604697
10333485
17556378
16936003
13570104
17467717
14653087
19701039
19678327
16406537
12230592
17330459
13549224
19632816
11101711
12716019
19211069
21702756
12238999
8394396
11214948
20033137
21788192
11507133
20970881
14503350
17529024
22207580
16330253
8959233
24302891
17319549
15208525
21572369
17224484
23390567
19425759
19801002
4769707
19742871
23174483
24613454
18283780
15536126
22422472
18625722
21036398
23760262
16017684
17461293
12464260
11756988
21735810
22027340
21057463
9947380
21726757
16283670
18192202
14469044
12480207
18382907
19869234
16417297
20526462
18281055
10040727
19988354
19843168
20776670
15194558
8801613
5039388
23171669
10799322
11584671
15761103
21991493
15016325
15849681
14688421
24688262
17334074
22025207
16135142
18026116
12534243
12788065
22137709
15081427
19946383
18584823
14201844
23085315
18420646
11874964
4858699
19635363
20665382
12633864
22584206
22066342
21093080
20330995
13212572
11852452
16228552
21413771
14099723
19163123
11705973
9435266
14330698
17662931
17344314
23610378
6060769
22820864
22786052
19923205
18130989
12839836
19772049
22468237
21118089
22629023
6743505
13201964
17798048
15373212
19085136
21033045
21546932
17834595
17092330
11967117
20064700
14354120
17062111
21356452
17000422
13701035
13932481
17871031
13431800
17075224
10608313
23313000
20971096
16925499
12569229
18043218
9415864
10484342
14781703
22148414
8630171
16583965
18828097
17009716
11986611
18598538
8213224
22140998
16315939
7527052
21194039
14165407
13593186
16357446
24516977
20500739
13905236
15293012
18122125
14562460
14679946
23071053
15131480
21284420
16222440
17922204
22456763
18152172
17604906
21038198
16879360
19000681
22200717
12560041
23624566
17290230
11779766
13649016
8880852
23204524
15128456
19502636
16031865
21960087
7816862
23337473
10023247
16593288
23545645
9938099
10634305
17744670
13022752
14944750
9873722
22668491
19401648
10497114
13210890
11829783
15447574
20962538
9174750
21727904
16181932
13569434
16521678
8894547
15316975
12219157
21703591
19299438
17859121
18459350
17826288
16567044
17008750
19329616
20537044
16572340
19899459
13933614
18251575
18558080
6382131
17778580
21366101
18728088
16441354
17602486
14735876
15877134
8685964
15732281
17107835
20075617
20419619
16595613
17138695
18362137
7483223
19314703
9589821
20345103
23007696
7765273
8407364
13324919
16852200
18604367
10059558
14004696
16319951
18279577
12335383
12966786
20705661
13250258
15195358
12107969
17950409
21619342
10694055
22222156
17032544
18710687
23087829
10950354
15835540
16192528
13313590
20815370
22896105
20629305
18340107
18511323
6778480
15533343
17678675
7150002
18622578
20604680
18576114
13730678
15885275
19056529
20116017
22201219
11367761
20956750
18578015
21949401
20855667
8943778
13327745
23063925
17883576
24159927
17357617
20426337
11875358
14467565
10627663
10403540
13985272
21036997
15377951
19846953
19456458
18720202
15169476
14811056
9489439
11612716
14424814
20782525
15283786
23911943
14571368
14431760
6748920
23306669
4533416
19574555
17037693
18784683
6548067
20158638
9018963
7449925
21922771
6472986
11725193
17126683
21848700
22688347
17647263
20426080
20646512
16782366
12264816
18942516
22216131
12617112
18296090
16980940
14100493
12264508
17125281
24234311
14441376
14852641
18100532
22312886
20867534
16831821
20736942
18299146
13132692
19518902
16286285
17326717
17233579
8832287
16558638
16676060
6497237
13934646
17139781
13309522
19219774
10670722
13378922
10572311
18759965
14525987
24635988
21952369
20513977
16558524
6398940
17849500
16982237
18908273
19917134
19228584
20434621
11166229
13607980
16188158
9502928
20821101
18704710
16862992
14335120
16884301
6600057
11599940
17265576
19653347
14783574
11090843
13803244
12475927
21105742
7484188
17393668
22084639
8570501
21067612
17012230
12122109
16055010
16379062
18023685
18696313
11844817
16754155
19749882
19645508
5195801
24158091
11452340
23886109
13943738
21520956
12115465
19046998
15600375
16244797
9440463
22987348
20743507
16751754
14475772
18199044
22485793
14742650
10999547
10823847
23128375
11962979
22750669
16266839
18427238
11378195
5934793
13173149
15492656
16578634
18556930
22389120
12538507
17795057
21189934
20186286
22032664
19419993
14775483
16796041
17299110
15261756
13988400
21618534
17041480
14900689
16289997
9069317
13578349
21628943
18154965
22587402
18027999
20847136
22156385
8385282
13984621
21245056
20322176
14735266
7404753
18592826
24048381
10528219
19328578
10368027
17709989
21458708
18954936
18136945
16995138
13131712
10205185
11703716
15474116
17502976
16427206
15328048
20692305
15097859
18292893
17880250
8541355
13665865
22940987
18238173
18527600
17949416
21724078
10466727
16990436
22378900
11270367
22239035
19207139
16834520
15370290
16275477
22836652
16277975
6227264
13314667
9592108
16269037
9285817
12229139
15835919
12332559
17001255
15852387
14440163
13054867
19480818
19351778
6163166
17052489
14394212
14421472
20171490
19412886
15257420
20799675
16925010
20322033
13135000
18449577
22636679
10644115
13789965
21653729
14138401
17183960
22293312
17942949
13249794
10716656
16097749
22011041
15774817
20402909
16352910
21425424
21288240
16730331
14039682
19481642
18229448
10385278
14371305
17986570
15463486
4655893
23655267
22560572
23152102
22168312
15282099
8970917
17513298
23948134
16787675
11511872
16356511
6571227
4991397
18499953
20728426
24099678
10866615
21120731
9566235
12928218
15252098
19862390
12426570
16914925
19434942
14650945
16140515
20222258
15599837
20682005
15086996
8042884
20424408
21361890
21020687
21255362
14559774
15876612
22722301
10434371
22334234
10786935
13375812
13641696
14925038
19536469
19704589
13598394
16293050
18017014
10095196
11806444
8387001
9273954
11477810
17623376
8832272
19852546
18326185
14885136
11192513
18240741
21246474
15109548
16341170
11733607
11420622
15455024
16177153
21380778
17637753
16002320
14822639
19096683
23388799
15734258
11512059
8018334
19907971
12725801
15667546
19630906
19698025
9227386
14257721
8723360
16084734
9724601
12145854
20289906
14704835
16191326
15393690
9724531
22886266
23918547
7797407
10099839
16484546
20295812
20999467
20077623
21381911
14279766
12249861
10724689
16726786
15272488
14288310
16984069
9053210
19992818
15590985
13854047
20981117
21464598
23045090
17605480
18944352
18371385
19987487
22604028
19128790
23930278
11348632
14142736
9380589
12270287
17513684
16655243
8753659
20750727
20643428
19531623
14992663
22716718
8673016
18857267
21557219
8834590
11942798
20221913
20336949
13534523
14507205
20118405
22478623
16371948
9873853
9446960
14184383
16039214
22536387
21607556
18836672
21017127
15462552
15614895
11410371
20629307
16200111
17247164
19822608
12408888
18211256
16121511
21707751
15952112
12150809
10601625
12881358
14543047
24166279
20676096
19381388
9870840
23426295
19469702
19985127
24799497
22319021
20219012
18215322
18032871
15759009
8912849
13463968
20328761
19414983
19191454
18942249
17224982
20851684
20106129
19768583
22810103
21012444
22972783
19710090
21815224
19146434
19167235
19607115
18296139
19283651
13605727
20396757
16309761
18977688
14565306
14018074
16314553
15144916
18037519
15298603
8953188
20204914
21593852
16158821
19761035
17350311
12767600
21334767
17789921
12174801
16830208
20727125
19661873
23251054
18899756
17086571
21295622
14525698
21482067
9333450
23875413
10701705
18375470
22259117
22387703
14816894
16808954
20127420
21326197
13599188
24142282
24116390
10134476
18923701
16476290
13220731
22150637
11935651
19626731
14284292
18907653
15251338
21022183
15502980
21275113
19039503
21265899
12877888
15348415
20213195
11482345
16248762
8477791
14349445
12270512
16324170
22139253
17566091
23422475
16625381
8962936
19085674
9824006
16088674
17343170
19035990
23409826
17943439
18953091
24382900
23048211
11914173
17668655
18070241
20427617
8950680
15235587
15200431
17225994
14823553
18566323
14731470
19294167
12835428
16566661
17153415
12046590
14338701
8209357
18648492
19836095
19151646
20444081
19827236
14942185
19430077
11720081
21138265
23754378
17206460
14604330
24624586
14724228
11334821
24733896
20338278
16533598
19958184
19652936
12502421
22614227
15036890
13730187
10873369
15304572
21375935
19285083
21946980
16994856
22211032
6899782
17025203
17534354
17339937
13144136
22029558
18773327
11238305
19395236
11355278
12835899
20963797
16963223
16409498
15547602
13524258
21070327
18042481
13286013
14125529
23839424
14913162
6284340
21600034
14417999
22028523
17916328
12982253
23441625
23760302
21199721
17629872
20512158
19731759
17911704
16737767
23673143
15836581
11777892
21371652
9806529
9955810
18525575
23155196
14764716
10888882
19815538
21365628
7007716
14181857
22305735
13210551
12363469
18577618
18060034
19294585
15904687
19179018
8787272
16170577
19207228
23508517
22136589
19980382
15253199
22588319
17601312
21637259
17330869
17447410
20939407
17414108
19206977
17316416
22721988
3631624
22207005
13827031
19653741
16397530
22211555
22037425
19143557
16742887
13011636
20745115
16673997
15186782
18211581
14732850
14703718
11665768
22084331
13251795
15786773
17122661
16525122
18617097
18405363
15111548
16371667
23893077
21553825
21153348
6216567
22050460
19142679
15048623
19722441
19067130
14235297
18301253
19004092
6554369
21253581
22506698
17977427
13613094
16877209
16176281
9941197
22625351
19192966
10597672
23116915
21772550
14467994
16653975
11832506
17220268
9259666
18261459
20243169
23179939
15111862
20744551
4722171
12395463
14547402
22398446
14195465
19253940
18866272
20047907
19467843
12078985
12266728
23253183
17542233
8785078
20671203
9338379
15218746
23595477
8992378
24079129
20582722
17954621
16527739
24020474
14760410
17932359
14979635
16697501
18519199
14425579
16467766
12485347
15080566
15203618
20381926
19475235
23375445
12019626
12731377
15640183
22222435
24591215
9695903
16308756
16981834
22159889
20956153
15595589
6731091
18717904
10221306
11535530
18492425
15258971
23707869
12679107
10747416
21281712
13992910
23242521
17894752
14383057
15660251
16254238
16772077
19969252
12403046
19559233
10123852
15348750
15481781
21513530
18907149
17618360
17336904
14663584
13275889
18271987
20996866
19598351
17608215
19363225
21586738
18247843
17721049
14395568
20550104
21986152
19629584
4015868
22804668
20815896
19052542
22353988
6660999
13053573
20966256
20006251
9698188
23509956
14173712
22831009
18829170
20739754
18259186
15216370
22258899
23525923
21115973
21270626
13075618
19505145
23316370
20829215
22308706
22165240
21125384
12261517
11178203
20010111
18133821
20252591
17694795
20217612
23314530
13140405
18562796
17542976
20918653
19362946
14312009
15662138
17311631
8068977
14221283
22405026
15415546
5361569
16812245
20284583
12281564
19716985
24142168
22131656
5549317
20110072
19268800
23410914
22192644
22669751
15544723
10296057
21736310
19138308
22035474
16733517
20481670
11276384
21889924
19621014
15832681
12632239
18639222
11354538
12354624
20520068
17867270
22376842
13714082
21130717
22350448
16051149
23854576
21427028
20384517
20928475
14202287
15433181
21593994
23664045
16717094
21255319
18634310
12702872
17190396
10206462
16769697
20230498
23925043
22967916
21255798
11354031
22117881
13234872
11574750
14946945
19963979
8247609
13771960
7617226
24212805
19121919
14840855
19435942
16652714
14144611
21071314
22174530
24858895
20911828
19466469
18534612
16782186
11377004
13806719
22014839
12228773
8016542
22038835
17159892
20190425
11282945
15148533
20041803
15048785
17191869
10527419
15794923
18363140
14426035
12546525
11905364
19120944
21824959
10678625
15179678
18345886
4282405
22025746
14809861
17464902
18719630
17685856
16501653
18950264
5352724
10379864
21468219
22140956
12859467
14914997
13150134
20721144
18647609
10293371
15275466
18157715
11210344
22626810
16756924
19463375
15558831
18859488
8245096
10510649
7137741
17367437
4761330
13527692
19333099
22754157
23416176
21985278
21668825
10603593
12376221
18713278
11090777
21218886
21486257
10153508
16426296
13806520
14363525
10576989
14748496
17090361
20598593
21017783
19290755
17389561
14742755
19640056
16042014
19135888
20939374
18875913
18163523
18066449
13985204
14505019
18356487
8820814
13558476
18854443
19184975
14831949
8892418
14684220
11547394
18353021
20963424
16915436
14770516
19685004
8412626
12300663
18370693
12865802
21031569
19261627
15705305
16312414
19885559
15682260
18812261
16386123
15396113
15426685
16680078
9951246
21029599
15148104
17079453
10871369
20880433
12138730
13438338
19048721
14591342
16318865
16301311
24339889
15957019
17545372
16621379
9481863
14408804
24689850
15279114
14942867
15283188
20045106
14652944
23769975
12548546
14118177
5480162
21885656
22112989
20020872
15108022
23780051
21309770
17184618
16201862
14441113
19400541
10875479
20512605
21864877
13087532
14277474
16012952
21741648
16388728
9954655
22218977
19808552
18685896
15340578
17239872
17483435
22078775
14748312
23125305
19773049
17467484
15496684
15075661
12207301
17202532
15611276
19555529
19094461
22994742
18962723
10676247
16833603
11806768
20254879
23044832
14055251
17258989
13843530
17204836
10867843
17228906
10892445
8347079
21751929
17059480
21364996
13524387
9406904
15288386
18795794
3525657
17057571
16601700
18770284
18136220
13407242
21459311
18562699
20172444
22825587
16485201
14527895
13021598
7796908
11008385
15305649
24692961
21334346
18381382
21952127
18451245
18038736
22771259
16996471
14913451
18414028
20033947
19828752
10871411
9968195
20990975
18396719
11587891
22657188
10709973
23636811
2658310
15255127
9774809
19627493
13879868
8620851
20328682
16249654
11023575
9595085
22076651
17232699
5900778
19610936
22540511
21941478
13177517
13846870
16592568
21766381
19378087
16102086
17545755
18298909
21056940
20755208
13730086
24386174
18328916
19847724
14007189
20951250
13308344
14949213
16629824
14134631
20148820
14568500
19852778
19738270
23358526
14660020
19342906
18155053
15798399
10616724
10466743
8081747
14239491
15749192
18920967
18341136
18034247
14677535
18627386
17191175
19256355
21170637
18358317
20297112
16166980
22559366
23278371
20818691
14973747
18448536
18437432
19970017
13638887
19322289
13051025
11889367
15683063
12678360
18524386
20576975
20982095
22643668
22469162
15832247
15310410
21280946
11311323
9911368
18138661
17818532
11606811
20342409
16234212
15902351
10124458
13893042
20697129
17553333
22491375
16155570
20613681
20876654
20310293
21835434
19996561
22391599
20919373
23332801
7538295
17996022
13531498
20841203
18381376
20696430
12928624
19708434
13456779
16429009
16668191
13267520
16993861
17707418
21350648
21669991
18089975
13562497
22227173
4754369
21621282
13584014
21657463
12112079
20502309
11085352
8678314
17707799
16661572
17397981
15439839
19370005
16977090
17628775
18731115
9504235
16822050
17038312
19867872
14824813
22261380
20280315
18257251
17377949
21654668
19962023
21769982
21248737
4639562
14246933
20225710
15656961
23268444
16533604
6806247
23958021
16202939
19047165
15008666
19112336
10085682
20317535
15886727
8396878
13685782
23347574
16751303
8851570
13913280
17610240
22505017
21714804
15171946
9885390
4406931
15313904
18998423
20386578
10667851
20574244
19524609
11394918
16264192
22532252
14704889
16846019
8782081
13638541
13336019
14985370
17657848
11414206
12599276
12885865
16483787
13002489
11331309
20984840
16477485
21680263
20192774
15513335
18588457
20772624
5395065
21570207
16383041
17146290
17059135
13559894
14383278
17992264
14508549
22200378
19590248
20506046
21097605
18887768
12956906
17338003
14210046
23852091
19181830
14042061
13595862
7408784
10963815
15001185
19521495
20874608
13850917
21125382
7472969
16746258
20164994
19312131
15351839
14388032
22019607
17028708
15929803
19480249
20408901
16427539
21555572
14145254
22566726
10981927
15580457
17379193
17624144
11288177
13512423
10412126
11858797
20834377
10260121
14806392
16128060
17922878
9493880
19080828
9355224
12441176
20234328
22003598
14432209
13764197
20136689
19164868
21701450
20452846
18643860
12034033
14304716
19452349
20718383
15977996
18231768
22643210
21148757
21294074
17959390
20440917
18479836
16564298
23552330
22593878
10767511
22230110
6384801
11479024
21346655
16692775
18019041
14898087
19246110
21498000
23325380
18264268
15118648
14355687
19004569
12985417
19550056
20689859
5189204
14677681
19528072
21704466
13008056
15976479
23231694
19538483
13747145
19503483
19443544
21226922
22692520
9040335
22653619
18494637
18347435
16144348
7823033
19911650
21209476
20771085
20117067
19062587
12616045
19535971
19174838
18394442
21259724
21214455
14232307
11068813
20580431
14334783
7030648
11136527
16238915
21607215
19546348
14778326
22563361
18288878
6428894
17908684
18942704
19417855
22670939
12008318
8521601
17607645
22869292
20757553
16955451
16389130
11920554
24359213
22152630
16464088
19676558
13664482
6330111
19046278
13415440
19917143
21067316
20126064
13784243
17476079
10744147
17378177
11295338
13687424
21056312
15804776
24303206
15319997
22713794
24842211
18315368
15920974
21978488
13566437
13624517
23898614
20131192
15865441
13592736
9937381
18748265
19363688
11555561
17322765
15736223
19595937
16023919
13957324
13419657
12164905
15567719
16582276
20012935
20835956
20045752
15195778
13962952
10641525
20390074
14665299
12044950
17403584
17406766
14637305
18166762
14136090
22018089
11571380
24011074
15306263
19488006
20421696
4332085
13439022
14761361
14778851
14968204
24663215
20048360
21675716
9904965
16481177
18779421
22033309
20995526
23049369
20098527
21805938
15070517
10238123
13657257
17060228
15925583
17641203
18077877
11691431
18599031
20508251
10206128
23334252
23014466
14104010
23583682
17654612
15997126
21670948
15068755
18949158
15972160
10190967
20312577
17354894
19063801
18453957
15331198
16286968
17630617
10819323
19139461
22917786
9771591
14538613
10053598
15369875
23329232
12067495
20319597
17369837
17396284
17374112
15248411
12481379
14714873
13457019
22780372
18106662
16294991
17807211
19045965
10128236
14496831
24108415
13549352
14751812
15778971
22666281
16759881
13952130
23124369
21881533
23218209
15928582
10221407
22205076
12914405
14753265
17655397
16563649
11453480
14944614
15321279
10248493
19635307
19880695
17121016
21945821
14054016
15489461
18567941
18526444
20286386
4761308
14520142
10076687
14490760
17469811
24415703
8501285
19793590
11734346
11589997
20209301
14146028
14465368
10813964
17071054
23176235
16619345
12492990
18664276
16312017
18882871
20673998
12134280
21112165
13418851
16405277
14937707
17753352
17875970
22711312
18820557
21037311
14342141
21295237
20450638
15864226
18980238
9120055
15961237
14496084
13240120
7799728
13518038
21117220
12311691
17607055
11840045
22889875
22277407
21010836
9721247
18067106
23485609
13649942
11279886
16854155
21510612
17387281
21701376
18098509
20609795
9138030
18060296
12977246
15266068
22609252
15398928
13704412
21676772
20462042
23615638
10343331
4924032
20121723
18032494
12481696
21601198
16138061
17086028
20787946
7475699
3808568
10613863
15020957
14116407
19442568
14233003
18151249
12016909
20252795
19530936
16450556
17700510
15464451
20165108
17093988
14260972
23567442
18945768
23335107
21194998
20950277
22238479
19866923
22868296
17852962
5717569
16826599
20557727
15648099
3891017
22359286
16012264
10394823
18342951
16534084
16534131
14159737
22448216
16873956
21925872
9275347
11470935
16170275
13658564
23573640
20428252
22616942
18127464
19125110
16535237
22466359
3758499
20522960
18426767
15034682
16572774
22698778
21054424
12532493
16737249
18139297
24843329
14279567
12831329
22016489
17933791
20750052
15381424
18076171
18050712
20499476
12362337
17312462
15658856
15623835
10264274
22033498
18129880
13152994
20870495
11728185
17639683
16432245
19854869
21446767
17589473
14839016
23523080
22424581
19094839
14287650
17599462
18626880
22105913
11488058
16654971
20035695
11442011
16621818
12924018
16510198
22878558
16512567
23817546
11260163
13406022
10117440
16449590
23462980
13846459
15628908
16984462
15017135
14441741
12997115
11330754
22664935
14354748
13827685
13748659
13265988
16928564
18118200
18856562
16721716
21741651
10264166
10563231
18128585
17872563
20840805
20118874
21417335
10071670
20301356
18520926
17929451
19348789
23300233
13577678
15661364
19157385
18030555
14970714
5016236
21424722
9206631
23365898
20059854
22403049
21620763
18872321
16026744
14570752
12177037
11811441
10641335
20645942
15179292
15891529
22604244
15322966
18903567
14606291
19023865
19839030
13239829
15503365
20816049
14357628
14370671
11706975
16943499
17528936
19821717
20913489
20832052
23137205
17049024
4086758
15405643
11525823
10985517
20729352
20902574
23923453
12378209
17687076
12073296
18448742
16491714
8467463
10313501
20398774
8158907
17981422
13217759
13223309
11162554
17187544
12474588
12437003
8123369
19607441
9187180
12820749
20269271
17089596
11896554
21183714
20404207
15618264
19967645
13186586
19994185
14449591
22019380
19036128
14184075
22276733
21768873
17605668
10854681
22541467
17526287
22407284
23487679
15102382
11194559
21055889
14798272
14936179
19702309
17245164
15016954
19675563
15411635
20046298
17087043
19210284
3462737
19622757
6235278
22373903
18903838
18423178
22371587
13635795
13004875
5962444
19758524
19668183
19880720
20713698
24322146
23496789
16594533
22070178
23705614
18548431
12929906
13043908
19513366
15114954
21877073
11968644
22514337
24199790
16230848
8508431
15515159
16453813
14539723
17105825
18673233
13664246
19939462
17333520
16874263
11648635
20580108
20149751
19254365
20671861
21467391
19757314
21433794
17134875
22217109
15258077
18773514
18906478
23212237
10360412
21377118
21764450
22218266
16124870
7158789
17077777
8971176
23311131
7519775
5557227
15839689
17529174
23201815
14889684
14878926
19012522
13025482
12463862
9475302
8008877
15981040
3686040
21791383
14304070
20272110
16472877
15756445
22711546
22380048
14137389
15821124
14684174
6604694
20129311
6908917
22937255
12809875
20213845
22767445
20653088
16256996
22257585
18514919
22917895
16594458
15410978
16505576
18950876
16797964
12557579
20396883
19607234
15033704
21262253
14829259
13581669
21634588
14429796
8422786
11439341
12097435
10553919
15965835
15923187
15724816
20098038
17820938
21738250
17274824
4273718
11121364
21880944
18405918
14195915
19289619
19361374
7053391
19124678
12827992
24452297
22984685
18453216
19458208
10861047
16857212
14834855
15942940
13462732
16164172
14452793
17456940
19433982
19850130
21860233
14320487
13932995
18149964
22461656
16436450
19550870
17667358
16839508
11014071
8226329
19560966
18460651
12310799
6295035
13476859
13126686
21229434
18523416
17446792
17924448
17759906
15999275
11863594
16058626
21978998
19339081
21642322
17668757
17263107
16077838
20488339
21606719
15950297
15106365
15482213
13176126
5601289
17371456
19180853
24361171
20066850
8127234
23275265
21192433
9012333
10613706
21954614
17411074
25030238
17328592
17758229
18931732
16887104
22231215
11651062
12845730
14789471
14908305
19887180
10686576
22074381
8354045
19931725
24401299
16023386
19612587
15966822
14852918
14546132
16058782
19002924
21817969
22851659
19788168
15697094
12742851
22329131
5417245
13863019
22096762
19257611
17586112
23043257
15856033
16533984
23433887
13709816
12837043
16308340
17647359
16286844
23925038
18564982
17959350
17145130
19845845
22296723
20743420
14730322
14376219
16644145
21198646
11227943
17477329
14674309
9927436
17506030
8935048
15362988
22908662
21670990
10950934
11160756
12718944
7980175
19885470
17029894
11662661
20401549
16747286
21339905
9349649
21271187
21090850
15897143
8845017
11487909
23791550
15785937
19800812
18781182
11591179
19969624
19493353
18516573
18933806
15570675
14218813
22844206
15695923
14594590
14861881
19969601
11674125
17692896
16161534
22952906
14914467
7248506
24101381
21827738
13811370
8824929
17568158
22022073
15292371
9123973
13151976
11846159
24029155
15351221
14868762
12388922
22340975
16669577
17378871
19925159
15995136
16555493
18253604
19123121
12370239
3980418
22804238
15842895
16827090
24290836
12072292
11468373
18358529
13702897
15227728
13322646
13633408
15676460
13087735
13075898
17684666
10466274
14732544
21847225
7572095
19944740
15074303
19103570
20833496
12198697
17530064
11585584
20021118
13390456
15950427
21952010
20070681
17155462
19018847
14529168
20573172
15421341
18738083
16758744
18105570
12962062
11945262
16439697
14761056
18423306
12065440
20237356
16577948
17111825
17522252
24355912
18076669
18409897
18901947
16030076
24183816
18436869
15332507
19270581
13377227
23273629
17366255
17192298
15558927
22680050
18713263
10722643
7763968
17221692
17027451
16815874
20179410
12119082
18040427
24505415
21578176
18782637
23680271
9355595
11015950
14298245
21425109
10052146
18833499
10466916
21518306
13236790
17867683
18360720
22440613
17069124
21156734
14882211
18474062
17692709
18127915
16852793
15713803
15487234
16442358
10820890
18413360
19844545
14506075
23929837
16547248
13811780
20985692
19125752
22823027
15648220
18805785
18634828
18916214
18045507
18296322
18497873
19317696
4056931
20409122
13682346
22130666
19046091
15458329
12426176
19499841
18437840
3897034
17654054
11734154
11229467
12990995
21207240
17552211
22207623
22017749
15436764
12994419
11868844
21038043
11347055
21254879
13558003
13861991
21201361
18101924
14158609
20357531
19915100
11319913
22059890
17516485
20023329
12763110
13318666
17644532
14317036
10888782
15525395
20051183
11999877
22508728
11974573
15076430
16628699
20213169
22596249
23227225
16990998
19589045
20837997
19960968
18661927
17195831
19853536
14551667
16064269
12511540
20705181
7841305
23549346
17689329
20980868
17701615
20023245
11190592
20062848
17716974
16745645
10703491
18325185
14905505
12782865
15670394
15749037
19135889
16734535
18717586
11975151
20385720
11956513
19200851
17851706
7474176
23885211
18799758
14479350
20012182
20495429
22233589
21121251
12940045
16053039
18400160
19953473
24026995
12530146
18757650
16866788
18974468
16859318
8403290
17944676
18044646
20427338
18961236
8770944
10950870
17018267
24483153
20905019
13931989
16726301
12476415
11693053
18997221
9555871
22893373
12820324
12202614
16019989
10633323
13316907
20029203
3788089
12416378
15233081
16676039
22508138
20292605
12199346
12541605
23990758
18600385
15327781
10142217
18569347
16927628
12687394
9918032
12094130
16747633
15197443
21931750
16310089
8889304
14872104
15017609
13303596
16065335
14775263
15668446
18626408
16689745
12355147
19869635
15596210
16177124
21808729
15101768
19860133
19249115
10804038
23840784
13532385
21880357
7162104
20447038
18391524
24513647
14710969
20067422
21622379
14483899
18740836
11188740
13340321
19887317
22630087
10949902
14880161
21260508
23257493
5820598
19952565
13496851
24447651
22060491
17217822
20996036
18210154
21040861
15872911
16885368
17224271
19856875
16543483
21537999
18543091
14654264
9820881
21313597
18717417
15590526
13295164
9400957
14027859
19784123
24762983
16428024
10079025
16254798
18205454
18319225
20937043
18205316
18882470
19276637
20623590
21446693
20681461
21077909
18207410
15070915
18086866
5633342
14057278
23771781
24847118
17408255
16779278
17734551
16632693
22115847
18259309
9875881
11085209
17546511
21151324
17033190
9032874
17389122
15215641
14622166
14116468
17504584
20602364
18651380
17466267
19826775
21855036
9610863
22332605
17630752
22689821
22574135
18915273
8394329
9958177
19148535
19959367
15765425
16076588
18189982
13328772
18771986
17575974
12902730
11774673
18853143
19462454
20724667
14137321
13067327
18162634
21408101
10245318
20649748
7007084
13307080
8511089
15401689
12837752
8653591
14400439
7845688
19548849
13959238
12264968
16563646
13075870
16403690
11957270
18722247
16965760
24185550
14258524
17366762
19597023
19601913
6409755
19746761
12011567
22738918
21004872
10685682
16347092
17406590
22326230
16910114
23334174
15524838
19147318
18237099
20782615
16011562
9745686
21606585
10240480
15520774
12827272
7740476
14149175
9927603
17748862
19421127
17963241
16215611
6761508
7885046
11185769
8655738
18257120
15620378
21064359
19725138
9944036
8187473
15359975
16954880
14590476
16870246
19391531
19297714
14723760
18441384
18569247
9325771
21438682
23170580
11476853
18356249
23969641
16900834
14601868
22511368
17813835
13163586
22099930
24671856
8039970
15770173
5689327
18003832
21147543
22719628
16841607
15439330
20112911
14470497
16131314
17989295
21598918
21608750
14673725
15650139
18403243
17940635
13569215
19255062
6296403
15541447
11747019
23288133
17930773
16417974
19311369
9448457
12699503
18217304
22036289
18692382
13748380
17654712
18197565
12559560
17303316
14931909
16921954
19975891
18508899
19182274
16576160
22777208
7778095
19948427
10059193
16136112
16392722
15610576
13514023
18509181
20822707
15334105
11855331
21438454
19154409
21723748
17404690
16157577
20594231
15349673
21866549
17119776
13772736
13218800
23307485
17648071
10932991
23582594
19746053
14146264
19576147
17626570
12289444
16908174
11838603
20626533
18366943
16101352
22723076
17701527
13343603
23377321
18789641
17450129
21392877
13742596
19112724
19519582
10684349
24759740
18457466
18322235
21504756
15721988
22549470
22497779
16120370
20633446
11545716
10069862
23372462
22743530
14107065
18893439
16554801
17346019
17457086
14908311
19246904
18394606
12300680
14670182
19339135
17253328
23288641
12157406
18459400
10929191
17370677
16311591
16734236
23489427
22433674
18585047
16559055
15325436
20865447
18597098
13632523
23867440
21344355
21455889
16636008
15559522
22168592
13770971
10361274
13696818
24351097
20969459
7828538
11299036
11404623
17057653
11028484
23158374
14708660
10101076
18122854
15060290
16532681
13570403
23683048
11504235
16007559
8700638
20586520
19633324
21933608
14818677
15445408
20249463
12550165
17616159
15600254
14384370
14235007
15604903
20945353
17447880
23870919
15198899
19988686
20871606
14074458
19995865
21308811
15347732
24582562
8948654
20487969
23020959
19709786
23271037
18731754
20047461
10930567
19819297
17788989
20519392
16306414
22891060
15248524
15814298
8680475
19753082
13841592
9684832
16985477
15604981
21059072
18156011
14449218
21136543
23636039
22211208
16744862
10035309
12186432
15647272
8738598
20111692
19184581
24103353
14426984
21464153
15088903
14263377
20348880
10670474
17752976
15081849
23849253
24607449
22953128
15595348
21216857
20828692
20913712
16978682
8793693
13888403
12557429
13336708
20352214
18245758
10426658
10353653
18425292
10055641
17616038
15076180
8744789
14735856
22620921
19977583
21053886
21982706
19579192
16805342
15307189
20065541
15884891
13604166
14401550
18133201
23543800
12175498
18086158
14433951
18427339
23071045
21559887
20213939
5558899
22926311
16608078
13414781
18979201
18063314
22095257
10154389
12358024
17639075
10892460
23397759
13282386
19188462
16220327
22975879
19269162
16376477
17067252
20010609
17694654
17730152
7110358
22179767
12343941
19272554
20430338
12646218
14701987
19546163
19071355
22043460
17879695
14444424
9191763
14966102
18758266
15667902
22446905
18171638
18134506
19325674
10239197
22817296
23244938
19359653
22310909
23552437
23512567
13070705
13474891
14600309
7503277
22281437
13600372
18432711
16545689
22706492
21076394
9618995
17154960
16300122
12453494
20755503
14590235
7770360
13158939
22177791
17000002
18118041
8868945
11987753
22176984
21642377
14943127
18985306
17116651
14266466
20182762
13718586
22370164
11099625
12480970
22334811
15744032
17871573
21572804
12827268
11539821
18761298
10146098
11762344
21808873
13718212
14304506
18140036
17921359
10928344
18627224
18802311
14703675
14689017
10644181
11208041
8893806
22308108
12752927
16116935
7189642
17771460
16410519
17936783
16808264
19296989
20027844
14247234
15768986
12182241
4617885
13437666
20580974
11054376
19811667
6696387
14804179
20722878
9217598
17389254
22399203
16686430
17595281
13973320
10730164
18440257
14413561
15334497
22237750
19253532
21304387
14282118
22714935
18311452
11092619
23785414
18890247
22446228
13561046
14118831
17203540
15793513
11501854
20620767
12262266
19849207
19993642
13163792
15579041
15784010
10126610
22235098
9268658
15549457
21682103
21047917
12072245
18469140
11517753
18174024
15137590
6093759
21569700
16207169
17487254
13117745
20594013
19212196
7502694
21235324
16514947
22783859
16428063
19278899
18552976
22619715
14355748
20604756
20317244
18917575
20648680
17672521
9023991
19544713
14459882
23916763
20384930
18296824
17197619
21592581
21948190
23186694
15101838
21397932
21447416
20484721
8670408
20780286
8490406
20534386
17442239
19005150
19975966
15042015
15854151
9147762
12777746
14405102
5064806
14319080
16196585
18025618
12518945
23087721
23360526
16920361
19836424
12674188
18044741
19875071
17671742
14839005
14524116
17839844
24563802
22317413
21439208
10115349
22720250
19005168
20897285
15654846
22164733
20343365
6846807
14533781
12390485
10098519
18019150
19149453
15488760
11782810
17253188
20157231
7915277
10937464
14809894
20241035
20661448
21326673
5550718
17179069
13601392
19314030
17419070
14277296
14289296
16834433
3149594
13675561
11703155
19263926
15970930
16836342
21360731
23128931
16611652
21642032
20773386
16704803
18650157
12850031
11787872
15174367
21811341
13103650
21118188
18411630
6674877
15914733
14446148
14678322
19794086
19444996
17891503
16518587
19150335
16406407
19587713
13848153
20025088
18967019
13583667
20019745
19017187
17674082
18377015
12871333
17234329
12049483
15350885
9077592
11083375
22749537
15803674
22357958
11773307
13374030
21615020
19382938
10798721
15584600
22903139
14371775
18928920
19451381
15445570
18654950
21872959
17662644
15488546
20842851
12631391
21809515
18701766
15714724
9359444
17665306
19096686
22635310
11662503
18114234
14500419
23014256
15706085
16747392
13029096
8644941
11414977
22078219
20100715
19388578
5304935
12163191
15702071
9590101
20592455
17035771
23786715
14629808
23918074
16887736
12663593
14533122
15651402
7874968
14603220
18093749
15357612
14835597
13626983
21900782
15271266
19264691
9362609
19280194
17597996
11730177
12178329
18774899
20712683
11126595
14046946
20396435
15390823
21646894
19148421
17629495
17322834
14712411
14528330
24639676
22482904
14052012
20454368
19586857
16818279
10285766
17516172
20033222
11233686
18359556
19453423
17579313
17576652
16896266
20964107
20919781
10464434
7257706
11104793
22432703
22971871
16451694
11967485
18562014
22905128
15419708
14580631
22382523
20734338
13140810
21914229
16666827
21292248
11911109
18452630
18674693
22317682
18871651
23083271
23934883
15705960
15220365
19030676
17799937
12438528
18296510
23309226
22878663
12518750
16789690
13687526
15369050
16431757
5459296
14227503
22257137
18130396
10650747
22384170
13238781
17506819
14344589
21461719
19056169
18748194
18489760
18132278
15629883
6384106
21406931
14920699
24504633
21917145
17960487
18574913
20419061
11293003
17575024
19078430
16262179
15108651
13320802
22867616
14543300
11697784
21444348
12152775
23086791
20441408
17944578
22859779
23009237
16290052
19002587
14508052
23422280
16823970
14505240
20498799
17343392
15318186
14484934
19268870
13801070
14850384
11068660
19967402
20241880
19852256
22374942
18479652
24457657
20927589
20240037
16435075
11995214
19303479
19288210
9910983
20190313
17104561
12518601
19202688
11283206
10807745
19645856
14023295
23323939
19287979
12680590
11044094
23322081
18549902
12005798
20781473
15403406
7670718
10363751
14221780
9096598
17517667
20002120
17984199
15514753
17257720
17036583
7643479
10870439
17989815
19349230
10785114
20070435
7381412
13868560
17779585
16541068
20032504
22322404
19094795
14453688
22270322
23314710
19519013
12303509
21827345
23361034
20820630
20885138
15522602
21288422
13950649
6683068
12060027
15673299
17934000
10911757
23765992
17497055
9650885
16085405
20679757
20163044
11914552
22922699
12201505
18295597
20873372
14870602
18823627
21022496
8010687
22320000
23322932
19253793
22621014
21452058
9693541
20956989
21201971
14093327
14462053
19891885
19964874
19049648
17442098
18137400
16042596
20205550
11379880
9435080
23936238
19554545
14646809
6095347
21194682
20617649
22000235
16232531
17932532
23676253
20733551
15844322
23012269
16733599
19754521
17910226
18860007
9442209
15548694
17938897
21416751
6875796
9335336
20065739
19267390
19014097
19635441
21151994
17638458
13715420
15946720
14495499
16233652
21545996
23113424
19290967
10394398
14698996
14428477
8319293
12377888
14389197
15239471
13570057
20841223
11120494
19344302
15194255
14468434
16908414
15936017
17759227
12775445
15964184
10477439
12186913
22359984
15771097
14674389
13007833
8326607
21407195
22626862
17194863
21356574
20393478
12031794
21142579
23657441
20603315
20071418
17986707
13790940
17118055
17538313
22286253
4909105
10351662
21935528
10913553
23675304
17819124
13160647
24056472
9882429
24723403
24286533
16560629
16470541
23315802
22794002
19550010
16138794
18495100
18290698
16952424
21491757
11378894
17134957
11369889
10090785
14706128
20231422
19001582
16218963
22655592
12884040
19787814
16705409
18460281
14986020
15174090
18712976
16226169
13735342
11892398
20380040
21108510
17518917
9562894
13785459
8454731
18567854
15267919
12984822
22572119
16649566
19570669
21717079
10667710
13139905
11243965
19834630
16061337
7528242
14134916
15228444
7059518
22803148
19297720
9264617
19114678
17260630
12398210
10444661
19817049
21029735
15375736
21451563
22117171
20511841
14977663
23164554
12755992
20519119
13255935
22756261
22086461
13982773
20966188
23575282
12630486
11713161
20144374
11848741
13275263
14147069
23008383
10222956
22502978
21646979
18860462
17480947
17321124
21231682
14524299
16763620
21568255
17727350
22863158
11303299
17113317
21881774
16010250
7200853
19895755
13875995
13678151
9938633
8176682
17874359
21083764
22325674
20405502
7034508
5651731
14941375
15734104
18026856
15252361
19420695
14343099
11117321
10701985
15833499
12229901
13235144
11875850
14118166
16996393
19976687
12362440
21479559
21448521
19260220
19178111
19520276
19956842
15508367
16918011
20291665
12781461
19699046
19564097
20050982
10585992
14920448
22931985
11590925
24823937
5086135
18875864
14327823
6206835
16907900
14802265
23341804
12260253
19051768
18209208
17807664
14762694
11897099
14157871
14333525
20882278
20269373
19206059
21729121
19325994
22058837
8771823
14403339
16288970
19633100
8888289
21588849
18612110
14643012
19872691
13187124
13306796
21542094
15112331
20536501
10917047
17557206
19402173
16397453
19206622
17096551
19448397
17347592
20405481
21899751
17748371
19767385
19553921
16661511
20904271
17314569
12513614
14228458
11782043
22537704
16232871
20671899
19042528
13875164
17735632
21128268
18496115
13224710
21788176
24155750
20523795
13335791
11780614
22473965
21354349
15491230
14710262
16857403
18945580
21489361
15049449
21309736
16467550
18571218
23733484
12835683
15140966
22495650
20785162
13250012
17518755
24283713
20172625
24593669
5116697
16365420
24630740
16774246
17957262
11771928
17639331
17828633
11813105
20558561
10035195
14338485
19573696
23324644
13244973
24143263
11805742
11556882
17533456
21295595
15548924
13947736
12923310
15455352
15714153
20198143
16991152
19830750
11070638
18779711
17412809
23298221
22694442
19771859
24324071
15023078
16391725
12877584
18335396
13680256
16254110
18811809
6357207
13520851
22591762
10735452
8536869
10911589
24752625
19824995
22565301
19050205
14147839
15999279
11093786
21042384
20963867
16343697
23275039
20200542
16728672
19749034
17489092
10589204
19757108
8708272
18999806
7159523
22993493
21539980
21686947
19907492
19383277
7832334
17454734
21744486
24664216
17783082
20898602
21113415
7949403
10677617
18562322
19260334
21535408
21622176
12208933
19843154
6886667
18797030
12956789
16173262
24120498
21038386
6293983
20393674
14650005
22694363
16273205
19478923
15824814
8237612
22227372
12386238
15822365
20715754
23772553
21324879
18269526
15065498
23972532
6761486
20978589
14068288
19342717
21283128
20312250
15850009
22267301
7153572
18726889
19109743
18857371
8948163
16471193
13524228
23267404
14250019
19949132
18900212
20237578
19270657
6229942
22239192
10373102
20734298
18227080
16470683
13854732
20456719
20973313
22372257
23071159
13910669
19562801
17210371
19446255
12933027
20371761
21378419
13740896
20988679
13032221
8766317
20613832
20175117
14733189
22579018
16564361
5583448
12731474
21311156
19806163
21420204
20461829
23422450
23968591
21836039
8749452
18567432
13881842
21645506
15406961
13743371
15571046
13530693
15140991
19520111
15403912
18850488
20222182
19124731
12560592
22550259
18678643
15506418
8751287
20387578
18567382
24384167
14976398
17339817
10177649
8666919
23713400
16115481
15516537
17795768
7769387
10994064
17778012
22591203
18324649
20529771
15156316
15648162
19747157
16157325
18198897
8765176
8189122
12331478
20020318
13216793
20305672
20680682
19827414
16977858
13535527
18044044
15467254
22675523
15923466
10274682
20239424
16642737
20042957
17211182
17990526
21732875
5949149
15998101
16865773
17587605
17052171
13522397
16700920
11946942
11706512
21058661
17801760
18394977
23400823
23075303
20319501
19774214
13061723
23907899
21264235
14214065
17147595
21994995
13780653
15958797
15131879
19507616
20812960
17303218
19819275
10999983
13279573
17215223
11501882
6754295
6664792
8123957
24619350
23607574
23346711
21228735
20265685
8165002
14352551
18231240
16467051
20030658
22281241
12902267
17928858
20209971
20979241
7820858
22135334
22569443
21938250
17004429
4002789
14358200
19344570
14127717
12640246
10798583
9989845
22908839
23033803
14345159
20489775
14585902
19011812
16439307
22599270
16621504
19351314
19203189
21607190
16572431
10421647
20833639
18444004
22327205
19846009
17514467
12988529
23274606
21943936
19300973
7094781
18180421
18735028
7950612
19602780
19550409
23253502
13215834
14839339
13809345
16934542
16034791
20573304
14878336
20247819
17959005
14783108
11214503
14250437
11762879
18455000
17504667
16320779
11780018
13669890
17345700
24262371
23240410
19539219
19014320
18304220
19315828
8570787
23777647
8865417
18678578
14179037
12571683
9314277
23461731
16597830
18972557
15011717
12518261
8547919
15405773
20401864
21434215
16766952
21098349
14209754
17763012
15975806
14754872
18035234
20853393
19829557
23125946
15268957
16904069
19368049
17621363
23928339
21865342
18805979
20662635
17839435
15776637
13011390
23650563
15349519
23365110
22057315
12088152
16382322
13658820
20899016
16879196
14096374
19891018
21855171
14518678
19801394
13386010
23389026
17807649
19041141
10137775
19878112
12142968
19876800
5098553
15165727
12084893
18289952
22501245
21329269
16888248
15280767
9971031
9172154
17004949
22000968
16449519
21868319
7654023
12610559
13142226
20164102
20926258
13158424
16537065
21349614
12710345
13202790
13405862
8206244
19697398
18019870
10619818
18059850
16745086
23725681
20523865
19383677
6198431
23672096
19902084
23578173
20583017
13165581
22112376
13196440
19114043
24224234
18069555
22876483
21216947
9790995
9574715
17369316
14148194
18763535
13969329
18292491
14040967
17109920
21799992
24828753
13900757
24241114
22837526
15890800
14284853
17568784
18360800
18712644
17560429
21696867
9004785
15689415
5633243
11822193
24030657
20144422
18159984
16345091
19375025
13579232
11882326
19073264
16255332
19239189
20836857
18835242
11862591
23738039
8332798
19216233
18309002
24139573
18717670
13614210
7201057
19175733
17344232
15738496
9535754
18614728
22532263
8093073
17633855
20668671
20818968
14560111
16470173
23242071
20925936
18265135
22423924
21224709
12928635
19375795
10070027
23073767
17548951
23175818
14839850
19969932
10543221
24041822
16154125
13880070
20642488
19924891
20355939
12466556
14522099
15736863
18503423
15091397
12879581
13828710
19100556
13941903
17148983
10680097
13640292
17433014
22750489
11509620
20053811
7190652
16184992
15560479
11094900
9466808
8951819
5217438
19699896
5683338
11150603
10715732
14956542
14179311
16899925
13353729
20028193
24500578
20194184
20857253
19623543
16632162
17754820
15992481
6782359
22345100
10832120
16248179
17767010
10723092
24350729
22530614
16489812
24362126
22136009
11600518
12723541
19265364
14407171
15290366
16586163
12787211
19284390
20881102
22100416
9280303
11864268
11166934
16900284
20274641
22931673
11045619
21446123
14456739
19225351
21792965
11241184
20414000
23719153
19968830
13090758
24501512
20149116
16966155
21263295
12828741
11690620
17593370
10385159
2907465
12233489
18420664
17478622
15083371
16716115
13674297
2783008
19790930
18419880
17439959
20497874
14364122
20907542
15012123
8469865
22807460
14256775
17461170
12190832
17771451
24676276
14373929
18677191
20499582
17686756
11879370
15773469
15770063
10291681
18287650
16765825
17185108
7016551
11118078
15355550
17316969
5609960
9938147
15072828
12174599
15872566
14530899
12096163
19478511
18095382
18851026
16126770
23359828
15212654
23076025
10531438
20997404
18516408
11823906
22467650
10787711
18235431
18346608
23271070
11432968
16200691
18327301
7649904
19474006
11443038
14085991
15533098
11398308
9407617
19757836
19365788
14695630
18606978
11721458
19871119
18786900
21710757
23762835
22053309
9541322
11931010
15419350
18071194
20371228
16055108
9854794
13159859
13838417
18782310
17445457
11368783
21531551
22346160
21956461
15913465
22709845
17996805
17513277
12269773
20798375
18405252
15673761
11810944
16748609
15661651
14413889
18918481
21314058
16885755
7742948
14467413
10959966
18075853
17953756
18504861
10762716
21008136
8723287
19034515
21138244
18501898
18205487
18932944
18679338
18331099
19061034
21282719
17884562
17706026
16977437
15215934
14598738
22520287
13063913
18096517
16775571
13410950
21969788
11158551
22441866
12909988
17064206
12602906
11779629
12754325
16800963
14914403
23669371
14885449
18785029
17749228
19377065
19666437
16180945
16824208
24513989
8334241
16732034
15593722
20512599
9298252
21875555
10306364
20001078
17141479
16142973
21741923
23338845
13428349
3804848
8342947
19044327
22359721
20298097
16282595
22497646
17908044
8548386
19861888
24162404
13385065
14574356
15406158
23333465
21555328
13702990
17414424
21702836
19811342
22497738
19474130
18147335
16002785
18275968
23202173
16274951
18994625
19972689
7102451
14124944
12515685
13186695
19352920
12801999
22179899
14325415
12236594
15603285
17797116
13613287
23811534
23538577
12459366
22149625
19377744
13056831
11547186
21013652
16870966
11888088
17636214
21233329
7225797
14625527
11688943
22942488
16166232
7206533
7971905
9961834
15483729
13939216
21050942
8870476
18876927
19394950
16940254
15828471
19104713
24240734
9804594
7792155
17566512
16649133
15850670
22118014
20667626
21226085
11916440
20676933
8537199
17320685
18871769
16522505
16075350
13010515
9508985
14319393
18916468
19569288
16324170
15397913
21318382
10594816
16172315
20147518
18577113
20484304
19364939
18743537
13373129
17583759
15478385
12025094
14952678
13223049
11198098
15763074
18636875
22158643
16756403
19648448
16323235
22151998
11431451
16385662
14657036
15397625
22595996
20365445
21123134
15760694
20422559
5325333
19411956
13596777
17958430
20424832
16786642
10129108
21066572
22109236
22020497
15521319
21961383
14835400
14921578
21467293
20849560
13931170
21510183
21178853
19792105
13125964
7254045
11855996
19538318
12989325
18390969
9642979
14899665
12205105
16155519
12149255
11934971
23362384
20948160
15396058
20884861
15277880
15114212
18905258
22174224
10926716
21386211
18361569
22145575
22863511
18712225
19001880
14075547
11421789
16062805
22848064
6227950
19433728
14425329
15490817
9638702
21450166
22650010
16505198
16388159
21861263
20064656
8886806
17329552
17577594
19732933
23659504
22538220
22917146
6683727
8059595
18669316
15914107
14888602
11825068
17316037
16282033
17386819
15668046
21009699
11758808
21330144
21635634
20337320
18640089
18607960
12558019
18866783
13881260
16401197
11867922
10490239
13325659
18176981
16920708
14355316
16086881
21176002
22385975
21827675
17278389
17948611
12414654
14901799
22674405
14780574
23610023
19713486
21343925
11357297
13002882
22485729
11876470
23142051
21519499
20386826
12160336
15902751
13844897
22502937
11620116
16875635
7065878
24045218
15574925
22035801
11718335
19809569
9678633
16175021
21713479
20063097
20000567
19526675
13243714
5281458
18047778
23753073
22482346
20136158
21374537
24979769
21270853
16063502
16727337
20022629
16587433
9146070
18194612
18943142
15034086
20917127
22451251
9803023
10527812
12988456
4604714
10829068
16112746
20995414
7502582
19697990
12034186
16482047
18569061
13066693
19424230
19836960
18199982
9678925
17778957
18139407
14434172
9506760
11558108
11466275
19452125
9727409
12587156
18144503
19641555
14261384
14545131
17503390
22391144
9406996
20450936
11694101
20547472
11399686
20185019
17905898
13426352
15935234
9905778
19676741
15842048
21000699
20640981
15222171
23510959
17111560
13934487
20931366
16612818
22478886
18053468
20763285
22707722
16483431
15459811
17873770
8132011
19379449
11768750
14573928
12920965
11762123
16045814
13491585
13907022
16997511
23374010
20081441
16201124
14887916
16782492
13604843
23933956
16131396
20095421
20397844
13527609
20821345
16267617
15560977
14873683
15922128
20774795
11523645
12889758
18707421
20063895
14787488
17569573
16156249
12490190
17934765
17925843
16914177
9151387
13412948
19102818
12118042
4485745
10443301
16598806
17765774
12915091
4851091
10621153
10209706
13547556
17237001
19303469
20761319
23500408
22757851
17468168
19861897
22156891
24167278
15226920
3764899
19128090
16064351
19862533
23753694
23389851
20689672
15519475
10588086
10174398
13068055
10338105
21262924
16666278
20342757
23678283
22409382
23107513
15509464
19415893
22451627
14454835
7616254
17573920
16000852
14308841
9879544
5608399
18638728
22341812
14518003
23805377
15541452
22566220
21367067
21404542
13467674
10383546
18504316
19838918
23683047
15523389
7063321
13242979
15361720
20435631
16875310
16130540
13745303
19814402
15811160
19404978
19475301
16636734
11868193
21296136
16058945
21133548
22448664
23489054
16846958
15253451
21893822
12383532
15879730
15128107
10812806
14604599
14658551
18683829
16298234
10236202
20405219
16797684
11642963
18873813
19806301
13823978
20198397
19160657
16831274
19797622
4669788
23462434
16599186
19381456
24711821
18378314
14891071
11098113
18396607
22148887
21408818
24485671
16952085
18934385
15784053
20743147
21236217
19632523
24496942
19612474
15860806
21231771
14917950
17065391
17685567
17428809
21083214
23329609
20307230
14723554
12477432
9028941
19744203
14892542
22261822
13305193
20556114
23723558
9178816
14113139
18944771
16028806
9282417
20860418
22355228
23482632
18515450
19919070
19346975
16606150
10323938
15094507
7522370
15938388
20148275
21144875
22577218
17367123
21072826
13221272
10935758
20629043
13579420
12032360
16419081
9795392
14151790
17626688
16727255
19413735
15879193
13257430
11314957
16890748
13048701
20012615
16286028
22648873
16129108
10790419
14456900
17136402
20972919
13582487
20022692
22787526
19581885
17712633
16271559
16992777
8245727
14187191
20980976
13544532
14215293
14713251
22238332
22870367
22959493
9651108
7368126
11743129
18342920
13212383
8919979
13685489
17072713
17661723
20603452
18861868
19802594
12828761
19322635
23938924
9961604
15705490
10584738
20362317
15011572
9440292
15724465
22901470
16516147
13545328
9712896
15209791
15030586
10238459
15401022
17437426
19219010
9817738
22394037
20391405
21450988
22809532
5363829
13639408
21352471
18925673
17008989
24058984
21629088
19547331
14741182
17300118
15168162
17322233
19220736
13550035
8746826
12845621
22592142
22062683
12028756
17684487
22137770
22973968
19495915
17181837
19224758
12759960
10978794
19259739
23679365
12399712
20872015
15298106
16421254
15750031
20829577
14535710
14500340
5931758
14421148
2621562
17913228
23948886
17673247
17363918
17145747
21497127
20693861
16129781
17155545
9207749
21420121
18760998
23040405
20624921
22525563
3713541
12076147
22202165
20283544
18086783
23758848
15593409
17452134
19821858
14870528
16529682
16837962
18568508
20940363
15187083
21508166
13947031
15022151
15925501
16579722
16305503
22708229
12307685
13052972
22023711
19606567
16831178
17747716
14043597
11974828
20086060
12244734
15100673
18169982
14860741
9175281
22226302
13457291
17713754
10229161
15249211
20420023
22088268
19588124
13329330
15293424
22659405
18908272
14908343
11733789
19321258
20652917
20196950
20297046
18449856
11482473
20592502
12167626
20242944
16030028
18951433
12409967
17385221
19931286
10506525
14731709
21536355
14193733
19400664
17676196
24780654
16457190
16956249
16024828
11340908
21428613
9487227
19098075
12510000
15005227
20098896
11101854
19538467
15973569
24282892
19546874
9378847
18028995
13186285
19309384
14291453
14992481
19960461
16102003
14678209
20607286
14179021
14576238
13870225
15027684
12642797
24998186
21979340
14537217
12086097
13525335
23668390
13788540
17626585
17789334
19876600
21465508
22451632
16934648
15057979
17004225
13511644
20983141
17209054
15954908
19579818
15530986
24683607
10205556
18292876
15803694
12553218
11327364
13663430
21395466
17460259
14029082
22494820
23506899
15024196
19473830
12486499
16086486
16553575
19372882
7986989
23934604
16725687
10240170
16252824
19171529
17487568
20433632
16377287
19873699
15119909
15434401
21431127
12148957
11468083
19863913
16394341
14026305
17694385
20700418
20654933
16537358
14926263
15224091
20307239
19077768
19156055
12463514
16102709
16360925
11968788
14881120
12634806
13928531
15807925
21905411
9950705
21305481
10410561
16408864
17220602
23390287
17813805
23386506
17669192
12852291
16596254
12210264
16033215
24001819
15147436
11488933
10495598
13480640
10942767
20527079
20289474
12999954
18208282
23129319
15810823
19988631
23058005
18429442
18330349
13912854
13223351
21636668
22847967
9133680
17731613
13173501
19565768
19506807
21944702
19581505
17756749
20932986
4322930
17658332
24171284
13138523
14734012
17485185
18078476
10970972
18611776
16764982
18014428
15612812
24065150
14099300
22893242
17268655
7269066
10979179
12525854
13632430
13186261
24275813
20083123
12793243
15504276
12601820
22499654
19621913
19657467
15437437
21924594
14606885
13286384
15021558
12176149
21082052
12312672
20641530
23963483
15039804
13035474
17097224
20220248
23342588
16358317
23165495
21786527
18375999
14064613
14308802
15211870
12288309
21242296
17834092
13714683
20903979
13917562
19567680
23377420
16610150
21708737
11432337
9140740
20464349
22457740
9876935
8518951
9691788
15850680
16393562
14252177
20476857
17885079
18462668
18991442
14325058
23055653
14928055
10454852
16724543
14700493
10984624
10137378
20532105
24724615
21057822
12723234
10475716
16459407
9342194
17779850
22475679
14580721
11020210
16594393
20766532
17862526
20180090
3628062
15111766
12190905
16567749
22315878
16047675
16197944
13779218
14483102
22790502
10085209
20502692
16188392
13913285
16986282
14432594
16391064
19809993
19076452
15121505
4822224
11682703
15977932
16195279
21355312
15403234
18309706
23535574
18618060
15261001
10155703
20134280
16402459
22837977
17787710
12828005
23717506
11449178
13457796
17387429
21561473
18906399
11299979
20798579
16590251
20597835
12475310
13309916
17034961
20862482
18393213
8645858
7047918
18582759
6180003
17407141
9670737
18236663
20956323
20763852
16532270
21039335
16833287
11464293
12163251
17287068
5190270
14941833
15318271
8073058
13189566
18999819
24682017
21321154
18113038
12910785
16964016
18003424
16893877
21140811
18018014
21188985
12908008
24738154
22327587
17802935
17397230
11907889
19042530
9688477
18947234
20419388
13122182
12158577
8945320
20040069
17136754
12774002
15962538
22992005
20733916
20515418
19938915
20734654
23381014
15735556
15294441
11747660
23193194
17979588
8527361
15713861
14226273
3791621
24714985
16081059
23448207
14325625
23297037
13704693
22914144
23357712
8560792
16495041
14126755
7797394
19794390
17753959
13566356
15397054
11625774
15173290
13178007
12712769
8584676
19175924
9542078
21887391
21439309
21209054
12549429
21092390
21342228
15913649
11863557
22885229
9048162
20782829
12051706
11856347
12610050
9130120
17649210
21947909
16366766
5695362
13902847
9838844
16720408
11996467
19387918
21060650
16482732
11466414
21584408
20925326
16135167
18677141
22113051
18370329
6689032
19416782
14466503
11490049
7247352
22670334
21120223
13585675
15396082
21909470
15573099
9508594
23139627
19007029
9296263
15019782
18567193
9422545
8314918
19072488
17322556
18738646
20873520
9837339
22013436
5722730
22150532
17193175
14657867
15985776
23671250
23256972
22161746
18646294
13809307
19115498
10862275
10271193
8038269
22391757
20779482
14351318
16581732
22528065
16498563
19089657
17818846
14698906
21250651
21679398
16455782
22707270
14296044
13628187
24753177
19068883
22092925
10475538
18801827
21901512
11589604
13866694
16026773
22445085
16667756
20854170
17451384
18118856
22240184
14290377
15496801
18084561
15459581
17416442
19224733
19888090
10280735
18646182
16501214
18439190
19853211
18490470
16540502
23492595
15560060
9326085
7253361
16290136
16904112
23514150
16210438
12898460
21734638
16905058
14255367
21332342
18516289
17364113
16393481
18955837
20303723
22208827
14034114
9757272
21919380
13666654
13151050
12237333
1791714
21690898
11053547
16691418
19224030
12011831
16338070
6198299
16321740
14899318
10508785
4433365
13541589
23640368
22382444
18123019
16616424
20011236
14375483
19994688
17945047
22483536
16117871
14678295
23318959
13570465
20323917
9819148
17481558
17246867
12821306
20158521
13674198
20536581
13013878
21194880
7673400
22541858
8471660
21945082
13438496
21417256
18332872
12923929
20259402
12760550
7275187
11906837
12994639
11655566
16463155
22299892
23538733
14814490
16213707
18317950
11596033
15970905
16993159
20960230
10384577
10583600
20293536
15166911
17986647
11267668
20614337
21763533
19226699
15553801
10066612
12362204
14431843
17531094
17078132
5561538
8311913
15683917
13119450
21590488
14324204
22997509
19995552
12404633
21877668
7591066
21088145
20723263
16234541
20090256
13659422
12879303
14888379
14938240
18802104
16750631
21748916
13817870
8479899
22057220
11694173
23590147
21555517
16654766
19758956
15432389
22207217
17914478
11796713
20449305
14381957
20558723
13499218
19096497
22120241
19490639
10964413
20812097
12420853
15880088
18457245
19820886
21843088
9305875
22084119
12663162
17305366
22312861
20421456
23469390
15299085
19367168
12774217
13658375
22196668
18702469
15887286
17774197
22455769
12744813
20086345
20365586
20662198
10606865
18076395
6663303
16648707
11114317
14649876
7987845
14509998
21765702
15886860
23891903
20314818
17556794
17649435
19534172
13522519
13436447
24358019
8272920
20691435
14679863
8917412
22364678
12787735
18164872
11317429
16566029
17597401
16677819
19032144
19418922
21596935
16422501
4641737
15984444
15130127
17589442
11486695
14342177
17567866
16223499
17074764
19448793
19845327
22647994
9948197
19782360
20069125
18171444
10258922
12372091
9503971
21234369
18394319
13251416
15894102
18930375
11223438
15477531
11013456
17858270
15342343
18193850
13227152
19490464
21621752
21408341
23948480
16179843
17035327
20417974
17312235
15145392
15672629
11754669
21313289
20676042
11683503
13312238
12992960
17938092
19447590
16666744
12813568
19951915
12299076
22300751
20712740
18386828
15188570
17721854
12690852
18687386
15360911
15168129
24152892
24312639
10539007
14383569
13278657
18696530
8432603
21429662
11277225
22443945
16993448
16847788
20128292
21862008
11736776
24159823
21515944
18332480
22583473
19883465
21987867
17790929
17947311
17060083
18533406
12611445
14178574
20261578
13125564
10212617
9879475
20638570
16474311
18209769
13727538
21061682
15702407
17555002
20287465
23315081
18004594
12456895
9309748
17311282
3760013
15154235
14430701
10648214
16635718
16933448
20149055
20709716
17017399
18365934
12977668
2320135
22609007
11541282
16194414
18905805
19835509
23343131
21547213
17150382
21880536
12299656
16105205
12031287
18517181
19386335
17701089
21122743
20138205
4997108
23735945
19276792
8542376
17877453
22950562
13850951
15588371
17595921
10825118
22916436
21104137
22093403
21338075
18023697
24397226
22621121
4394720
8955252
20640999
20880603
15144287
20300899
15829904
22765679
19999707
16613174
18601382
14313370
12910804
20396916
11267711
19860186
23453659
15447530
20079066
22418377
17839767
8814908
6601933
7767979
15821482
18620187
20574752
19730590
16007655
10969714
22270314
20378225
13911382
12171315
18733537
13314514
2328562
23611204
17523162
10410671
19907720
16724016
19584682
10472570
10022607
14390182
15148211
23822520
11431248
21997225
17047568
12468297
17086975
18520496
20181273
19422930
12911884
10586550
19726338
19461607
22932667
22790584
17893552
17108672
17044191
9001657
13407727
13495514
15073341
22186974
19661462
15331638
16953397
14266625
10896304
17048131
18496461
21622207
20752240
19906897
17982295
5773145
19650412
21213060
15436448
16566085
4464529
15938799
15055796
19897127
23336853
19233127
22047137
13057077
13566985
11391418
16998214
19229665
11137960
16030063
17357676
23427098
21526630
10071849
22716820
11449924
23184148
15729479
14111409
17358205
16479050
12912098
15781960
18862460
22421730
11163284
19822147
20493311
5639661
23432171
7722119
12071029
17713648
13408840
18286208
10793656
20605888
11198947
22962619
6290117
12396423
8868577
23112927
18380271
14760199
12644190
10548112
17183060
8465979
23633203
18306655
12028368
15444948
17074376
11761097
23599846
17148616
18185098
13617205
15568082
12671495
8796463
16232260
22963274
19170468
18849990
7929461
17534377
12676349
17949799
5670283
17899999
22403137
12483306
13761941
16422850
18501904
13931208
11618414
20240435
16241302
14906075
18805252
10556925
18579825
12742834
17496656
19011343
10931581
14527676
24157827
22708840
12915750
13095096
21028531
14908082
10564182
10361002
22167307
16298527
16995806
16135963
15224909
18632873
22066548
12380655
12669605
20745460
12470426
7489880
15375926
20930076
19023997
15107479
10863242
16783884
7312827
17907710
14715217
16971635
17204411
23982731
19420812
18591935
23035346
21273954
19589340
19689134
19439917
11363811
14950040
18810076
17095967
20206584
21006269
16776245
15118660
16380379
16666348
19449175
13241658
9503792
15374084
21683144
17923416
19614696
20085358
15907684
9969015
13592877
13469774
13917075
17672479
11503179
12388907
15907065
20973710
15391846
24508966
13713611
23059747
22070505
16914242
24800159
16487504
10544965
24703123
21475772
23465995
23651478
21661617
11457573
20708090
13180638
12848498
6223412
7142783
12774923
22738641
6350039
15937641
12586989
9615722
19161428
20321643
21372037
16590844
22386718
8620681
16831643
10392347
12223967
17556752
17764393
18441987
23999867
19940032
9420252
12273471
16208620
9545367
16068630
19723541
23216767
18230077
14809152
22832631
23084907
3631246
17968272
17620166
19787449
21815841
17087270
9725758
19538525
13215173
13681572
16022467
20215057
10010993
13639344
17952538
12410207
17768157
12881844
12609963
7674071
20281570
12219054
22097678
16276947
22496880
18270883
16908051
19023930
21764171
15114472
13787532
22392336
23182097
19312593
22943391
16086830
20941335
7147382
15779551
5212015
23932501
14148182
21484624
13787871
22255576
13051138
18021563
16304834
15176196
22079777
22604228
14949692
23696690
15132834
22249798
7676784
18058348
20486096
10700692
15496388
17136357
18904105
19254398
19411706
16408003
21000540
13741904
13071441
18989804
15542972
16719109
18918775
16325647
19842232
21417432
18172431
11558838
14616408
17798896
9925829
10409228
16952859
14567768
15287977
14057292
9569632
16736960
20716395
16113168
21072310
14510232
13180395
23960723
14778861
21700606
19587306
8240667
16294234
18001267
21636615
15547543
24498756
21548017
15664757
10194712
24679800
12103319
22098706
21124372
10053115
9684083
20332531
17467500
19866108
11265322
16935963
22089987
11768532
14780010
18262226
10524944
21016507
14091324
21223421
13599657
14619285
17168077
22000635
21827786
20385274
12937677
14199242
22276434
15277134
22561142
22442731
16731231
18758881
9726467
21210001
18580435
21066778
11025312
7920283
15717999
13436792
8879461
21323717
16874405
18318572
12570240
23113419
22549010
16613491
21123673
17586954
20232900
19514365
13300819
24273612
22020383
16984569
22410026
16219251
23109916
20807982
11896520
9461119
9583158
7588633
15976411
18066164
19735912
18504000
14568798
14083947
16671003
6858821
19352924
14578047
20844459
22484473
6446525
17091576
15464750
11251532
21389365
9044999
15561519
19091300
15993203
16894651
16436832
17098300
16152226
18123972
13096490
5817748
19424749
16078330
20480427
20378550
16783819
15577417
16652485
12354311
8092397
24032869
24575350
13305579
22489867
21382044
18018231
21059966
18138674
19418188
20259432
19249998
13725358
12589649
13729729
11955337
15883822
22736188
13911393
14304474
20712656
22693368
19656997
7416574
18087848
12701862
23800227
11307808
18128912
14542012
16036629
16328178
23019947
16162898
21569341
7407958
15266397
14928790
18297590
20013769
17159312
17171041
5624649
7083553
9950990
12577818
9339263
14736031
21127130
17824497
12723470
23145792
12696798
22925227
17744377
17567900
12959766
18970026
18833618
22982855
12500935
13859886
20434384
12658241
17652396
14031524
12858074
14923013
9734814
15271996
16367541
10316752
13077482
19047795
20861509
15980721
9464381
19518713
10161996
19873050
15052061
9586254
21480367
14759348
8711014
17030894
8275723
23884797
13919617
17100130
19816604
22044117
17654697
15568096
3470069
19527789
11918018
22334702
13299068
19406555
12371704
11581962
18377280
15591393
12006091
20497474
20424479
22976267
11638084
12887244
23165848
23351240
12928319
10744718
23614680
18985530
19669543
21130660
16032993
16024231
17012606
21355984
17666511
17875782
14014261
20824146
20872273
12859926
12358024
22542963
14473515
21122473
19572670
22529985
18730253
13027409
24175079
15040703
18632538
24344050
20694154
13816644
18241391
16846419
13346313
20054364
17241180
16454558
15409446
17375160
18708711
18408734
13369639
18710684
11676469
14664244
14508213
19149985
13408840
8831571
13745265
19111213
20926775
18786707
22582840
19617081
9741146
20256395
23166080
18710054
18535733
17657472
9883040
13588944
11055304
21605722
10418463
18604214
13597452
11179481
19166991
21378385
16608932
10667459
10731130
19621161
18208803
11641997
8913305
21898205
16671168
15870016
22867237
16028160
14254805
14752525
24396005
8471596
6679252
13886144
13438999
20849435
22539711
16140906
10663346
19582960
17412907
23138900
17882449
13620954
17018096
23303520
7784856
16418955
7925982
15253970
8597688
16136391
10549300
16292405
20164349
10992794
18736983
21937283
13487303
16028993
7078570
23755871
14763380
17869005
18117765
22951513
18250611
12755019
19284190
19067862
12847827
18206047
21686175
10278753
15468219
14545780
17023852
12546723
8854804
19014348
15752741
18595594
9771736
21507979
14257471
21022760
18675545
16773840
17432464
18785212
9740976
19144359
16268169
21555732
13991643
17906603
21620667
16521293
3957931
19697207
17212294
21245360
21691672
18669140
22694476
12845271
12776578
18879842
18925857
12677918
16983344
15459213
15177364
5257246
16376384
15199672
12107814
17904966
7924805
15897952
11857329
22414923
22512546
16135432
20101376
12761559
17626992
19673056
14183825
17997871
21522415
21295851
16172651
17351341
16885703
19745803
19472903
14698413
19285173
8510828
19628443
12649320
20290341
17209458
16434976
15135360
20003898
21097934
8477423
23101646
12036923
14154696
20490126
19547701
12257423
17844507
23189236
21467697
18342460
12132459
19926926
13523566
15243031
15073513
14498816
15577369
12596806
21689739
13474450
21710059
18397839
16997453
22842213
9043080
12539212
6080171
13933910
12805083
24702332
20579655
14659216
6169583
11553268
15807455
12273226
21893357
8237141
16137058
17803585
19157435
13903982
11752847
20713054
13095948
22957286
10839822
23872824
7548418
23037184
15412569
19831063
18031278
7882470
18690635
18430731
14234953
20378448
19458386
15238212
19203858
13947713
21582238
22089885
13123910
19935951
20136497
18071897
19409670
14520230
17985250
11724623
24392427
15991527
18026210
18505971
11898535
16103622
22867077
12827802
11222752
21262760
19934834
8367199
5591140
20949079
10222638
17066710
22786234
14844336
13871854
24024079
13098623
14580167
19049395
22267896
21027432
21661386
22488541
16586853
14421213
14965906
18033395
10679476
24046382
9904490
22889650
15225416
22229355
14942876
20844705
19249246
10926015
16442707
20439007
16494660
17525082
13437937
22380242
4971629
17305223
8050787
16997627
10356914
8948291
22099943
18557081
7117999
14085630
19997225
16400383
11641000
19052728
17608292
13282321
10714029
21336348
13674538
20400924
20621811
22815596
15093912
17586978
11527825
21707294
22401364
21490980
15657572
10283963
12736210
16859347
17640638
18665259
18978412
15866049
20135627
17177200
12449977
19670102
18035401
19047253
11853115
15564225
14237982
13110693
9537064
21855308
14712306
10159802
23114417
9368121
16033385
24286943
17787111
11709634
15740995
20045470
9097546
13564534
17133542
11101805
18497280
18754798
23017421
20527823
17177196
11858089
13127838
18841764
13537749
9290998
17168087
15157396
23924446
20798528
18486242
19177918
13423046
18410988
13229496
20148029
23264898
19710530
16384229
14552653
13898564
15878099
20330801
15533740
15439307
15583147
15904719
23074001
21987619
21417704
16085631
18641525
18885922
15727094
14372096
22434251
23445129
11162412
19899565
17153430
17646810
6767899
21192550
19824293
21885214
18019646
10780811
11788300
13569883
16872503
21144531
18340831
8940752
16693066
18140740
13673518
21033640
18093006
14149342
14345221
7376924
21113999
17987153
8506941
14664351
14207235
22471212
21910612
22532988
19640458
18977815
24312920
23065019
14248569
17449920
21784823
20963789
11111779
21567359
19718020
21019275
15976723
20998524
16105548
19799767
20753014
13473586
11989290
8305703
18556552
20466335
15912630
19674186
18199127
19086923
17757925
14327422
20020151
5842510
19182236
13051418
22413160
20015602
22663660
17892597
18079046
12850854
15107789
22994282
10775934
14968228
13303494
23508353
21036131
16606017
19974528
16608742
18784762
23080126
9318217
18498174
19831584
21601931
15197898
24987560
5960916
16153190
12059275
9605005
23206814
22953092
13855054
8580203
12123944
18418327
20490675
8452069
18371366
21445218
18518744
18213058
16318177
18479571
20447738
12961783
18129690
23675755
10411987
23310191
12443928
21547588
20055671
22702896
21075736
11874087
21040521
17866140
12385711
15364085
17981864
19292816
21166609
8354892
13388196
18223161
10483534
22873901
21764115
20816187
12512498
24422024
14223583
17905288
14117114
9927667
21961646
10421007
14860065
16495653
21111310
15567345
19523558
19128331
9594399
12845307
20762749
19861331
18919356
20144199
17780594
22798688
18675349
17534479
16695093
12092797
9676561
12956348
18922848
17924746
21755344
15814054
14011543
16458116
19998210
23124487
20898452
4370757
24063399
18938496
14937926
23490918
10941593
15302276
17999657
12171710
24796293
10939581
16773780
22963827
20271948
21895165
21393742
4628303
18332224
15520651
18816440
18555894
12711498
18596859
14835192
13422562
19958322
18686535
22668396
11936287
19160950
13515294
22246489
17694952
16296736
18305663
23781811
17968131
21951977
13699309
19231875
9965808
10783672
16699581
21690161
22260161
18428156
14434430
22918916
22209357
16338452
19919284
15678690
14753531
18486633
22764519
18198027
16104124
20547385
4887209
8931261
19318784
19049305
14323025
16175715
8881132
23727302
3259807
15888911
23130599
13936338
23303883
5209252
19123810
20882718
7144093
10547030
19837554
17623961
8284361
13585762
23795282
17515269
21743638
10986571
20930329
17036652
17160630
21985789
10395443
18449640
8202350
9720857
15637614
19936302
17430129
20428995
17663075
21039980
20783996
19604431
13216133
23540966
10355645
9609068
19187763
8192617
20489798
13029989
17255537
17520183
18055210
19949785
13819015
11901018
13927853
13568261
22242843
12573616
12454095
17665045
21436676
20126292
14301989
20398800
19994201
12741435
22939854
18364283
17762808
13734086
21615271
17693433
17632650
18052042
15522688
18661717
10932089
16797799
19472051
11857440
14207485
13813226
17831668
12461268
15092988
19755778
16396933
16074889
17603756
22579339
6735471
17098231
23035453
17902115
13893056
14712857
10523332
12807943
11020080
19800489
22195812
4526731
21994175
22121804
11213528
11677490
13957211
18053734
18030000
9847741
9429063
20450982
11202428
22082137
19516007
23139254
16836658
16030579
10073031
19049349
9459303
9892472
21355819
13852550
18555900
8900256
24433144
14280705
21579832
19132980
14965776
15708755
12006963
14119873
20123894
23336311
15293966
14273492
17421635
9425010
18514899
17518570
15617713
23377397
17034747
12478071
9749392
20879011
18911823
14617962
19801934
24449836
21867895
15414900
13586239
22836069
19857697
19195081
13376860
18971793
20312372
18746290
5379420
6117272
10204264
14411800
15593859
18640976
22666170
14569622
17953899
14455343
16249123
16701358
17651601
11684256
8946154
12389563
9266632
15205104
23456331
20621336
20124009
15190436
16704874
5078820
13355511
19562317
18940990
18472796
16600855
18760687
19879541
18567431
22072784
21292578
24115619
8573668
5501624
20883515
16855366
21242233
21162323
22211693
23606193
18906712
23829050
13870268
17192895
20881612
16488299
19463803
19736257
11576751
17015533
17839823
18978719
23428452
18514732
24189934
10559284
15020385
21580101
14205044
18420279
14423245
15223643
19693319
20437290
7016708
6824161
17192233
24036295
23346085
10319358
20789016
17076201
17232952
17904217
20808120
12723771
16801461
17165256
24160147
19694558
13999576
7733640
17775873
19744202
19330399
20089537
18533042
22755555
20220845
21512450
20289494
23148890
16500812
14598214
22905398
14883782
16064156
15013583
13139815
18099522
14760154
22271628
14936174
18856118
13176129
13924226
10179235
23567227
12994303
10332275
20965279
19256106
14104860
21972436
19944834
20790502
12402511
22722634
13845400
20978480
20737159
10162729
12578947
17290346
24646664
12817929
17566706
21517106
20087436
19275283
7425208
19165560
14824998
22999089
23245757
22239261
18657475
12794758
15234074
19127901
23273093
9050752
9419933
10725922
17967595
16941206
17262487
17285687
19551506
16316248
22588119
14377164
12865418
12319400
13349412
15077288
22363640
22080585
14904082
22976145
20109460
18833317
12163543
20323125
19244223
13881269
19444650
7614893
19202287
23012303
16956505
18453928
15732443
20697065
22431031
6189753
15022895
18463145
16268263
14201604
19634828
13450701
10571119
20917694
22964666
14283710
17222312
17892405
22773084
18334472
17107412
13329220
21033729
15953718
