26247
23476
22536
23846
16295
22665
22988
24471
22042
20905
28590
20054
26330
18105
22241
16700
19337
19124
26011
17397
22880
21894
20010
16151
19807
20809
26497
21874
16822
21922
24495
25076
26121
25230
19239
23295
15522
14000
23457
21428
22977
21508
20468
25377
25608
24163
20334
20857
22895
22686
21002
21915
20960
24627
22557
23140
18187
20801
24018
15841
25831
22958
23463
25118
23677
25397
17928
20394
19548
20244
20733
19939
23850
28833
15986
17364
32488
24242
22398
26574
27954
26136
20979
28073
21832
19300
23872
22090
19661
25363
25024
29465
17325
20964
20851
22595
24329
20669
16691
22052
