6862497
15676269
11385500
17601320
9283258
18328065
10611180
9226531
16278397
6007395
8845401
17452767
15466665
15057387
11051948
10088751
13115548
12449326
17960674
10791522
9127041
5326344
14726863
17058576
15744321
15301740
14091765
11224101
4617965
7446010
17190718
17597885
18024670
13788948
13928323
17253252
13123652
10828578
13053891
13844516
10342341
14702737
16071888
14144361
18060396
9790747
10027616
13206088
17691226
8647577
12398551
13019747
13691930
17398422
7974006
6502773
10173817
13305871
13176200
13102118
7766458
7811896
13124698
11899725
13142373
17873691
11751060
17100259
4118619
11927211
14441111
11994388
16089398
13443049
12143317
16748677
3827032
13093373
12661528
19513607
13053157
11270667
19556622
12921013
14822741
10402472
15857635
14649591
18986712
12382532
6971704
19298656
14487251
7555559
17909754
5675348
12073197
15075903
16525324
13991537
