5031796
14252765
10672920
13909485
13015207
5911044
5868742
17673871
12285360
11342198
17787817
7352319
10433215
14672714
11563201
19315980
14492463
7078753
12338494
18802582
12259023
7491434
15512318
12522476
11976424
11815099
11903970
6972777
16508528
18332206
8732005
9850741
15535149
18869168
9544788
10440474
5021374
17024710
2658469
16033344
9382555
18062394
4962399
19444669
9748611
15476026
17360207
15585253
12464978
14970507
10574294
10022630
11765084
9969027
17292840
9756902
14461320
18034890
15198514
15941185
16324164
7896563
14616354
16670910
3465551
17730323
14276885
9727201
13858773
8888566
13390120
17662921
8197319
15806323
12102400
19858444
14793262
18785969
16136467
12682602
17219579
16939843
13193370
18716480
15184716
18977002
16276825
13026387
13835595
12249427
14760932
15320137
10856821
7500376
14617157
12384151
14975804
12721956
13386818
12880893
