14681234
3753277
19181061
16410920
9974577
11154692
8093396
11603135
18240499
15474441
16728024
10899171
8307644
8067120
16414753
9885787
18718181
14266089
17154299
14795184
8922070
15961187
9645937
8498352
18692445
15112475
11553843
12875330
13279005
15588811
15997206
10351724
15335398
16126857
12646024
15577312
9933550
16667344
6549345
11394667
11720155
14854736
10948571
9882993
9979917
3256116
17753254
14823574
18118105
11612589
12798558
19569944
14682465
12061224
15181991
18440664
16587211
12346692
5162416
16515570
17052892
13444455
14488290
12929204
18108801
19187829
16974052
11231512
8355001
17449799
6933265
13559656
11838009
15239771
5645548
12303936
16929417
17692600
9273450
7469840
13551279
16274292
15602676
11650818
15120480
6048489
17474139
12363631
6297336
10057006
19467745
14624488
9392216
9582685
14467125
15743006
6066566
12306516
14046018
10329024
