11704019
12864596
11608290
16386089
12613373
14832226
16458145
14599819
19037970
14449905
17051961
15184589
9330978
19015797
4568842
18140966
7957682
10669574
7138616
17587180
10844419
17560284
12170460
9799049
11982148
4799436
12714953
11110993
16066223
18900348
14261197
18310977
16242789
13389872
14841049
15483793
14448599
13558927
4903278
17590963
16557163
8265913
15440628
17505148
9803554
16999444
15254986
16010713
13364761
15173588
18987376
16379383
13212504
19311363
16661554
13984081
14556418
14671293
15756855
15652550
7365181
13848683
18238245
8283006
13825126
17042092
16233754
18269463
16138116
15160689
9106074
11143373
17988003
11902718
12653548
18945134
13042009
12168128
18355558
10345974
14357532
7779521
12117284
15012145
15608370
6717146
12544388
17384379
16544475
17133378
4253730
14192363
17268688
4221457
11393922
13546026
16432121
15981082
19238925
14912629
