13602643
13286589
13712468
9018866
16827722
17315950
12344149
16601253
13841580
18309113
10799588
14307945
13291762
17366116
17544995
16602301
7229182
18520141
9586607
8172975
19521708
15914429
14626346
16498560
13630722
17447271
14425069
15536393
12529359
9824967
17238258
14300868
8168975
12409003
16183611
12332761
13985188
14413925
4825046
10098074
12018977
14208522
17345928
15314688
5538462
15364847
10499725
14192046
16405919
14951742
15844559
16453839
6958337
15803564
16034637
8538984
16404282
10802083
19474185
9904377
12878880
13487471
16379247
11262450
17131845
13486995
16411929
10838830
19156673
11266906
9978335
13119035
4266453
7389773
15052781
9670663
16887646
10467611
13474978
7307489
7789323
7093868
15071350
7495266
7090402
11438058
15548772
13786518
5480990
10733847
19124848
10046701
17515712
6717136
8643195
15522563
7120846
11037461
14093045
13099832
