11842304
16700882
14022170
16957701
16287271
14944131
12562295
5790723
12963559
13512301
18283522
7521025
12828326
15559159
17415443
14004452
18046223
18271898
11963692
13744533
11494034
16050712
13210335
8843601
14754589
12812733
18144216
17262300
14022340
10393114
11809808
12163973
14191770
11619105
17261586
15763682
12337875
14080172
10992480
14472966
7502301
14487900
17234134
17867910
18153127
18822325
18605937
12152443
14152886
17150676
17246578
14371129
13612382
14985465
13622763
15022318
6798310
11230294
14469006
8883770
8641239
17961139
10316317
13018101
10381704
15793856
17801790
12605885
11694763
16949934
13729000
16272393
14367130
9829760
11712228
12717924
17214964
11725297
14439995
18333837
12831685
16156676
5823807
13614509
16436627
19212912
16809595
17203939
6338084
15471678
15290348
16495142
17761589
15804469
16633116
18865447
13278835
10539847
19810523
15749109
