14968225
17476781
18816781
13480370
18640168
18851615
13657013
18730897
16216456
13007457
13254406
4365786
19294108
9277916
15109205
10024252
12068249
17484471
14697973
11516219
11771486
8361799
15878645
7817038
6982543
14685729
9880380
12916260
12283932
9784789
12881725
13506042
6920180
13297334
19411710
9988797
10748387
11440428
13892720
17414958
8621413
10802026
15676669
11954187
16122891
14424891
7709431
17662816
10907327
6766874
18203863
8634621
11847423
8499829
11814905
11378305
15898596
12006644
11269830
10691218
10539167
18248865
8121664
15593869
13732044
8707290
19168517
10470480
13923647
14061128
12734962
11753180
7215445
13495274
18538676
10546891
18389294
6364118
14905606
16518596
9516363
11159348
18833177
18311135
12381950
16483765
9467688
11161218
14480633
14760650
15167286
18355643
18479267
11550559
16534038
17879827
7476204
15877643
11457499
12928081
