12108334
14539246
11619150
12302081
16574534
14727619
18660504
18239740
13101466
16856703
17865414
18777414
17292755
16647816
16330262
11210852
15779056
18189974
13897320
16590120
10192938
13403685
17456857
16996853
8462683
16171467
4329037
17501947
17170079
14281619
16212351
15700870
14553710
17753543
13602302
16352141
15084960
13285017
7078454
17569276
15413926
15827629
18277579
15626715
16848544
18198004
15702943
14483150
17289736
19246979
16672529
13751788
9451193
12197464
14179150
14627944
18024945
15006605
13307641
15033233
12508138
17268997
18466279
11054106
9424049
15146087
14251397
5028821
6889258
15537979
12618684
15008520
17842343
17812290
17160926
6728223
12169621
15151098
9696457
15161073
11735150
12636776
15337987
14961914
16514105
10660031
16459126
12168347
12543983
16112537
9654033
12571415
16069735
6142872
11179263
18446600
11789033
4957648
8155200
17651033
