18667183
18646217
18165855
8328221
14214419
9065376
18638294
10471979
14736234
12202494
12628834
18497435
10889889
7619794
8122870
6521161
15860494
12342320
15644265
15711724
14968721
11758126
17319513
18661840
10783400
19223230
19250754
11528415
13652733
11609835
8614691
9292315
7068992
16395298
10232526
14430834
16184513
16489586
9869276
16026732
17823545
17354868
8243146
14225713
19368974
12073804
13843384
10842437
13547730
13746721
14307145
16698988
9490060
14827921
15667498
10065190
9571244
15500776
15715302
16478211
17990868
17871468
12545974
10888761
16797216
14068309
11765653
18213299
19221015
13936878
16282140
14091522
18816801
15112743
15130736
16603227
17346054
12373449
11637720
9980598
15968486
15978916
13124454
13356602
7806607
8912332
17584000
16450002
15112571
12782321
15408632
13108713
11619198
12133039
7233096
17254532
16042273
12809569
12554252
12773034
