20198
16274
19455
16203
20664
24841
21873
24385
24873
23702
20509
22012
23304
21972
26906
26573
25748
16919
26238
25791
18189
21835
18147
19988
22130
22207
22044
22535
17068
27034
25813
17534
21985
20846
23779
21864
26956
22885
22185
21532
17630
21087
19206
21576
19046
23629
12363
29048
20006
25158
14124
18877
22117
21788
19405
24082
22428
20242
21513
29995
22313
18963
17035
18444
24518
19274
19647
21564
21706
22877
23865
27218
18219
24911
23180
25973
19386
13985
24877
25381
23010
21488
23678
22445
20142
23647
14221
23677
20600
26979
21793
24302
25079
19367
19239
22448
16363
24064
17089
19353
27586
20967
24712
18930
20178
20848
24179
24833
20701
16932
18785
23388
18825
17073
19992
22583
19779
15696
20155
23422
24626
23694
21872
22791
23805
22337
22813
19867
24506
22782
18227
21749
18209
21732
16392
25974
20262
20256
22348
28105
20557
16668
16503
20936
19659
21194
12925
25167
25832
23049
20265
23665
22228
24550
19545
24134
21150
14798
24554
21410
21388
18631
16337
17588
19620
27598
20869
20534
20925
17738
22875
22522
29634
24120
20423
20214
16285
18839
23134
25252
21562
22403
19347
21432
20510
25229
20932
23357
19983
16066
25789
19974
21378
16578
21988
22013
24697
19212
25217
26134
19503
22648
27654
19134
21372
24415
28093
24867
24822
20972
20093
23257
15129
21080
23726
28679
19893
17250
22415
22822
25285
29552
19349
21190
22627
20168
20064
25675
29673
25915
21992
17762
20743
14510
22738
14693
16454
25153
22171
24783
22487
16492
22315
18927
25150
22970
23397
20939
19927
17000
31206
21661
23844
19566
24659
18765
20968
26154
21634
21653
22902
19155
25850
24540
18165
23366
20551
15306
27030
24340
22701
26542
19816
27270
25921
25482
23919
18663
25993
22751
17105
23222
17437
18721
22792
20337
29283
19453
22551
22280
19815
23703
24688
24886
20682
18431
23282
22903
16184
14477
25091
14893
24128
28408
24481
19669
22170
18912
21839
18459
27021
19111
20471
21039
27713
15120
19332
22512
12620
20653
18177
27123
20691
24754
21973
27788
23183
22016
24503
21121
22916
24546
22653
23451
17381
27041
29477
22575
22545
27067
12122
20965
14860
22392
19376
24075
20690
28186
28417
18334
19384
23295
28854
23735
19885
22620
17583
29163
19330
23942
17237
15079
22462
18536
21129
20956
23132
20556
20429
17961
16538
24347
21993
22355
18921
20355
26195
21931
26118
23809
15946
21912
27244
26966
18960
22221
25182
29137
17694
23165
25094
19962
20857
23434
25274
19355
21982
19775
17149
22317
20184
14343
23797
20934
22139
25044
23256
16327
22569
17377
18362
23750
21136
30264
23043
27430
23597
16083
24109
17287
23198
29064
21061
26617
25331
21866
21647
23508
24223
23418
25958
25041
20212
18032
23742
20790
23265
23915
20276
19387
19293
17034
18409
20776
18119
26316
26977
17321
26986
23426
21277
26038
25980
22404
27494
27289
23240
24613
19770
18597
20876
20513
18562
20898
18676
22810
19619
25165
22733
20883
27273
24998
21640
26332
19449
26245
23044
19532
16174
21371
21582
21844
15732
26903
14942
21090
21797
22192
19752
23259
20513
16707
20796
20610
20878
24600
24260
23816
30184
23706
19691
21413
21080
25802
17405
23073
15998
21542
18386
13941
18475
22863
20972
19175
24057
22820
25972
24516
20110
20457
24022
21823
19453
24928
21000
23166
18679
23095
22534
23995
26578
23579
22815
22014
22733
22761
20976
22339
27293
21430
26473
16066
22616
22651
31405
19564
20181
24440
21915
23100
19973
19359
24408
26095
22874
23651
20477
15069
21377
16198
23853
18066
17642
23541
29858
24561
19298
17968
26715
25745
17675
21370
29259
26549
18291
26562
15911
18773
18990
22583
24107
20465
17771
20278
20360
25132
26330
14437
20974
12827
20732
25641
18121
24615
16205
24461
25300
23742
23082
24319
20942
15917
19647
19207
22694
15434
23359
19765
19512
19187
16594
20449
21222
24025
22475
23542
22656
22111
22146
21629
17705
23737
19789
26110
14915
18954
24727
20359
15125
19825
21397
19512
22055
22655
23691
19789
27693
28250
32331
22911
20724
19976
18380
27933
21401
22166
27410
20736
20885
24078
23174
19933
22695
22501
25145
23556
22390
18471
26201
24268
18486
16211
22661
16520
17044
23846
22257
20316
25129
27112
23118
18613
22972
16574
21800
16571
20641
23716
21385
24920
20023
29376
17919
20585
19982
26149
23777
16555
18263
31123
16915
21327
18861
18612
26263
28311
21372
20430
23362
17611
18177
22273
29512
21693
20841
18877
24099
23189
21195
18601
23170
25960
17015
19120
25177
21380
22304
21615
26449
21785
22602
19078
19613
24614
28583
28053
20263
17208
16844
25673
30514
24268
14495
24782
26453
20891
22916
25251
21928
20922
20728
24515
25377
20161
23407
20608
18098
22858
21103
22884
21853
20809
27023
18910
24442
19840
25261
21073
25386
17000
30875
25958
15810
19237
20807
17835
14129
24634
16305
21874
22954
18539
28347
20551
22801
22898
14426
20833
20180
16588
18153
28301
23980
22307
20653
22607
16284
25898
13154
31922
24148
22742
21026
18579
18052
25767
25056
22401
26625
21162
24362
24105
21717
24680
22497
21785
26362
22813
28200
25248
16553
22442
21912
20664
28775
18778
23376
21322
27605
21451
20149
17425
20958
19468
27015
23223
24341
22797
22823
22971
19391
25096
19312
24422
19152
17802
21064
26043
24997
16276
25796
22978
20769
25218
23052
18073
16720
27131
21125
20791
18963
23336
28417
20090
19828
17144
24421
26897
20502
22266
18247
16609
16823
19271
27041
29129
23107
19517
22628
21572
23556
25949
22455
21335
22743
20790
19292
23049
22321
17469
21343
18705
28147
25029
17891
18758
28603
21441
22916
18480
23795
20689
23799
22646
26065
18788
19456
19635
24247
21704
20999
22760
16908
26100
21062
24471
24262
21112
17203
24329
18194
21872
20602
21513
20648
20666
19992
20292
19984
23011
22264
27727
17730
27397
27095
21953
29525
20401
19467
20779
17596
20515
18607
18206
13996
18540
23436
24498
20795
19790
20280
28499
18178
23010
24180
23004
19166
23251
24066
19164
22520
23654
18386
23616
20821
22578
19604
23170
30216
26410
25734
20016
26274
25127
19830
23363
22144
20962
23757
25509
20846
17510
23765
23283
25424
28882
15946
15395
18870
24878
18655
18202
14581
24939
20136
22660
24095
19116
28148
22476
20523
19280
22307
25564
22291
18469
22173
22783
28433
18984
22774
22444
17410
17741
15882
17824
13130
23572
21885
18790
21352
23945
18602
21464
26863
24913
21883
21236
20519
19680
26960
18904
27982
21162
17863
26420
21871
25565
22733
26928
18786
21062
25126
27817
17286
24455
18581
25839
18066
25302
24827
18171
28240
24008
24803
20074
23312
20874
23039
22727
21033
17946
23382
16749
20307
22045
20263
17158
16195
17914
18571
23055
24954
18861
20262
23532
20860
18998
18901
21820
25800
21657
21080
23650
26994
24506
22583
23739
17325
24830
25396
24666
18493
22842
23787
16771
25192
18425
24766
24433
23447
21036
23563
20220
21165
27247
15584
25531
17969
22902
23224
22613
25636
20758
20323
17859
17451
25977
27297
19909
18148
19348
20377
22952
24219
27819
22167
29886
20377
24517
20585
22044
22413
17952
28298
19365
29124
21324
23045
16277
21883
24349
22689
19544
21271
16719
28675
27449
27199
17293
23486
21023
18250
19153
21107
23955
21532
22750
17102
28856
14990
19115
24847
18756
20881
21649
24004
17848
28781
19037
18787
23030
20181
28370
18464
19386
17442
24795
21865
26426
29788
18338
19347
27082
23720
21080
22748
23447
19534
18739
23630
27148
24296
17065
19247
16029
21437
20229
21426
17616
18475
22262
26107
20895
19636
17132
20009
23021
20768
18558
22054
22159
20121
22906
18547
17208
19699
25586
18528
24881
18462
20762
22573
21381
28694
21335
15384
17888
24411
23122
20101
24631
19884
22711
21977
26953
18280
25017
22119
18586
15658
20209
28202
24608
20319
24724
21480
20589
17609
22311
23087
23379
14176
27798
26928
24895
21118
23572
24533
17358
23399
27488
23457
19906
22885
23514
24189
25771
21803
24526
22988
24114
16143
20440
24161
16285
22708
16070
18414
22217
28606
21003
18320
21764
24920
13779
27673
14208
20562
21183
19040
24011
20301
21975
20825
24800
26673
25872
22166
23138
21318
22863
20591
14928
17282
18452
24911
25019
25137
18906
27804
19617
23850
17929
16362
18237
20706
23572
32510
21576
19789
16910
22215
24625
22612
23154
18971
16425
25283
21378
21668
20407
19028
24690
24452
22257
23724
25431
18833
23306
25335
19680
18592
20625
25887
20246
26571
27901
16086
19364
27906
20862
22772
19672
19146
20674
16822
19862
24943
17767
26112
22322
20419
23367
30485
19770
21399
18875
27665
18899
22065
23021
23987
22998
21968
17548
23653
17236
19579
21821
23799
12750
16564
20029
21881
21437
14664
21319
17927
21849
26341
21514
21722
21154
16603
23379
27397
20108
22434
21541
25026
24938
23498
21122
20439
23406
28407
18358
17959
21135
26877
28231
25290
22482
26322
21854
20841
21109
19432
26456
29310
20290
16735
16113
24410
15744
19933
14900
21208
23479
19878
18005
23307
24406
19691
22118
20036
21109
21288
23423
20957
20970
17833
16062
21804
14895
18836
26397
20370
24663
16697
14848
21207
18614
22689
21356
23801
25474
23284
26703
19146
22288
23795
19470
22328
25066
24520
26020
18936
23732
21078
20127
29074
15555
25198
19645
22232
22068
18499
29933
19586
24357
27023
25471
24940
24238
22524
16566
23958
17959
24026
21474
20212
18508
21903
26707
21871
26280
29441
24354
26940
21156
17952
13654
14397
23234
26932
23392
21326
24542
21476
22211
15592
19285
16409
25296
23239
23844
19120
24800
17574
21112
18958
21647
24400
22197
22030
25813
24114
23132
23115
24800
20696
20946
18236
22103
22146
24333
15681
21440
26443
23896
24826
22430
16920
19661
20125
19635
18798
25177
18212
23972
16702
28416
18679
19856
22030
22331
19719
20635
25358
21184
19485
19654
25370
25264
20016
24827
27754
29257
22849
24978
16701
22112
19819
25062
26693
24892
21497
20133
18988
23651
23962
14697
22856
22903
16846
26198
29374
29041
19368
18460
27093
29618
21963
15809
22784
21819
22529
20478
17425
20687
26556
26545
19115
22760
27614
24670
22402
17282
20905
33813
18275
22554
23081
18253
25408
25030
21700
24860
23822
19775
23445
23155
23201
25765
20496
27642
20957
17646
18788
24027
30453
19379
18011
21326
26967
18413
19519
21963
19302
22241
22705
25476
20745
20414
16332
16843
22997
18116
22005
17164
29245
27365
25016
25279
22807
20429
18037
26678
18991
22902
17231
29503
22081
20456
17914
22825
29564
19664
25139
23996
19940
26288
25151
20698
19129
20744
22546
20784
18126
23524
19995
22365
22634
18764
22081
18848
19300
20297
16615
22447
20994
15935
16209
21672
27707
21094
18818
19044
17833
24441
22646
21163
18683
20994
25348
25156
21097
21358
27495
14950
24670
20794
22743
23306
24192
20036
20725
20181
23231
15459
25796
22329
19340
24670
24765
19831
20116
20210
16922
18158
20631
25852
24363
23048
23071
20789
25577
20520
18236
27440
22646
14242
21915
20111
18801
23261
21418
25002
18499
23362
27416
20967
19859
21081
17636
18777
19523
22176
19232
24336
23848
22834
17719
14366
24158
29856
23991
21286
21937
15278
21772
21310
23423
22218
14140
31185
19861
20731
18630
26059
20284
19583
20207
27697
16960
21673
28547
26123
23742
20670
22289
19746
22763
22050
18075
16318
17583
23861
15824
25171
22676
23965
21661
26230
27628
26041
23029
25130
19356
16139
23314
23642
25455
19747
21033
19810
14085
23755
20953
18613
17963
22865
20608
20411
18718
23194
25114
19509
27218
26570
17767
22518
21422
20489
19030
22015
21432
21924
27993
23122
18229
25746
18900
24857
24901
25056
28716
16821
27435
22532
27717
24902
24966
30373
17458
21632
19502
24198
21737
24184
18851
20920
23177
21255
16152
19199
22081
21681
25379
24405
23537
19677
23427
15634
26011
28826
23086
20977
20664
20862
22417
22188
24209
19974
23105
24784
23266
19349
18500
25528
20696
19831
19483
21582
18794
19240
24681
21057
18179
18825
29700
21815
24702
19516
16063
25036
23599
21057
25058
18173
16438
21150
13963
25315
20524
26500
26667
20144
21193
23789
22322
24763
20587
23358
19669
19404
16771
18657
17815
28060
19042
21415
22848
17438
24629
25276
22932
20949
22223
22145
26254
23564
23147
23190
20106
15515
25498
22396
27987
15027
26917
15555
22166
19567
25614
20137
21722
28107
27875
24990
22081
22801
24141
19944
20210
25109
17220
20326
23177
15796
20867
24265
20463
25610
20543
20350
21335
23184
18655
20630
19001
19327
20501
17772
26489
21475
22323
22466
20437
17927
21420
24421
21432
26180
26791
23219
18510
23355
24179
15439
21026
19952
20783
19058
22892
18201
22450
22549
24431
23564
12884
24979
20281
26334
29662
25174
23315
23326
22662
20811
24041
26811
24268
18813
20129
28592
24860
19995
26169
15028
22907
19276
19465
19518
25133
18322
20132
28001
28349
16011
20065
21975
20975
25476
16673
22889
19664
29017
25926
23284
23821
23176
22180
20554
29568
25087
21338
18527
21950
23581
17634
20110
14805
22079
23128
13979
21097
21768
25326
25642
11930
15619
16722
27541
24014
19793
23691
25053
23042
25010
22776
24288
23224
24821
17193
16324
26220
25652
20941
20743
21853
23110
27727
22149
23747
21556
20008
19827
19798
22764
21412
27059
23560
19180
19539
21202
16981
18093
23925
21662
24053
22263
19978
22836
19990
23101
17161
21590
23032
20269
23270
21721
22217
24632
27765
22864
15925
18369
29732
24908
24347
27404
21218
20927
22405
21451
22770
24657
23625
26341
17383
19600
20882
19613
20863
21559
17814
18562
15145
21645
18925
25259
22684
30454
22462
23269
17510
22483
14732
25672
21887
24866
22102
24477
20060
25222
17953
27637
18702
20491
17499
24562
25533
22450
18938
21050
25919
24272
22709
26997
20270
21232
25896
21031
23275
18256
21682
23074
21081
16352
20702
19894
22312
25870
21520
13964
24997
22089
14390
20554
21185
25704
25705
17604
20477
21937
13424
26111
16460
21676
25861
22388
24130
19492
18445
26463
15723
20239
22575
19240
16973
25078
25363
24984
21411
19160
20088
20175
21178
18858
25984
24306
22812
19746
21841
18027
21831
20171
24121
18144
19523
28015
27591
23770
22475
20055
18069
31170
23138
27811
16523
21488
24628
19879
23746
19573
15220
27982
20027
24144
25198
19199
20068
20814
19627
18619
21957
21360
19206
23698
25103
23015
20718
25451
18700
23753
20546
19070
15947
20493
21068
23607
22451
24047
21118
23756
13549
20423
21785
26475
21733
18143
22309
25501
31366
23777
29793
22446
20950
25854
28944
26373
23492
23526
20713
24482
20185
23573
21149
16980
23060
19089
23632
15058
24520
27055
25948
22436
20436
17927
30739
19257
15453
18649
25066
21583
22085
25083
22803
25441
23702
23107
18347
19843
21732
20954
21906
19970
19038
28404
21033
30466
22949
20607
23455
23203
26980
15723
22374
24247
25867
16537
21996
19710
22303
24030
16382
20426
25902
16029
22339
18146
25929
23106
24589
24127
21699
14704
21421
19656
27063
22189
18510
21695
21198
26091
17054
21736
20671
22023
16220
19781
16934
25350
19678
23905
23170
25152
16368
20497
15859
20762
16900
19160
17865
19802
23733
22181
24305
31766
21759
21420
20575
20212
23319
18119
25077
21494
16879
18584
13665
28281
26283
23991
24834
17368
23228
29653
23346
28193
25655
23941
25749
22264
21668
23788
25756
23396
21549
26717
21488
22640
20523
17766
28191
21222
17815
15252
17711
20125
21449
21113
20525
20001
21775
26595
25545
26221
18218
26867
27662
23984
20527
18810
25430
17501
17556
22744
14989
20972
22967
19940
28227
23905
19072
23718
23975
18013
21302
22924
27393
18221
21443
24836
26273
19515
15698
20179
25386
26067
19255
23446
22368
21855
23308
25743
23528
18927
23865
18134
21623
13117
25456
27176
19588
30709
21354
19048
15121
20284
18319
19649
23685
18860
17419
24117
28373
17977
22826
16043
22737
25042
17309
24318
21765
23910
24088
15752
20597
21459
23962
17425
24464
15128
22264
21882
22474
29419
22895
26003
19289
20545
24524
23705
19282
24582
22211
23485
23237
22923
19550
27824
19806
16424
20677
17710
23073
27223
23595
21271
23915
20398
25443
18552
19443
27473
24581
27398
24128
14305
26473
18370
17925
27958
22605
19096
21564
24924
21679
27178
21695
22151
27852
25203
28666
18088
25594
22967
26254
25246
21147
19810
22630
17961
21517
20004
19062
24523
22280
20682
18117
25175
21186
22584
16737
22242
18856
20867
18496
21595
16491
24169
24270
22251
27691
16872
23290
18560
17826
20580
18130
18056
21776
24129
18323
19547
24280
24625
17002
24415
23628
25034
20016
17471
16136
27518
19426
21914
21840
18295
26822
20283
20000
15422
17840
20698
21352
21080
26213
26501
25063
23339
15435
18632
19009
23957
22604
23613
22199
17519
24566
24714
23582
22250
13879
19640
23288
29277
18927
15665
23444
22979
28927
19358
19880
23932
20029
27925
22345
20176
25312
21939
22915
28445
17989
21887
19464
19441
24250
21004
20316
23955
16171
22206
21410
23716
22679
19583
27723
23094
20070
21559
22298
20573
24930
21903
19058
22955
23067
23455
20001
22039
20379
22920
18296
30726
19386
21251
16838
20960
19540
19087
29547
27532
24597
22441
29360
27616
27337
19609
21583
24991
22826
16063
18396
29555
18748
18464
19501
22390
16373
22060
29550
18762
26283
21233
17752
19392
21597
21678
20480
19750
25506
24541
19899
25858
13773
18939
20672
19791
20678
23748
21908
21575
23969
23307
17449
20902
16197
19258
16345
25121
17209
27134
23699
19435
26394
18711
15665
16244
22330
17156
24926
19445
19583
25753
18200
19152
18961
26341
23288
25480
21301
23394
23772
15906
25507
25213
25749
28266
25632
20035
18880
18854
20005
18776
19330
27551
24684
22375
26577
23569
20626
20844
23313
19673
18585
21906
20033
21175
25210
22818
28221
20612
17093
21891
21227
19034
20077
24068
24613
18472
16612
14808
20670
22653
22919
26368
22879
20568
25142
19851
17687
15879
18705
16730
21913
13609
19426
22264
21444
15734
28032
24269
23064
23745
18913
23587
17334
24294
18390
17432
25558
27750
19006
19934
20671
17415
24986
19014
21963
28863
21980
19563
20057
25239
20476
20676
24264
17566
20819
26375
24916
26952
26629
18668
21263
24158
24368
24565
17170
17534
18961
18600
26350
22925
23267
16689
19612
21424
19176
24974
27538
23101
23936
17436
24330
19247
20597
17423
26108
20938
19915
21198
22745
27266
21622
23875
18505
24428
23298
25352
17982
20077
19247
21643
16491
24226
20716
23229
14401
17670
24870
25615
19745
18616
19853
22364
19092
21157
19514
24104
23799
17175
24869
16819
20637
25227
21797
23690
25809
23494
20394
21116
21900
19497
24226
21258
19429
25988
23545
24507
21645
19427
17059
26039
24117
23123
23887
29135
15501
22999
18030
20389
16822
22826
23429
22599
18283
19592
24086
21457
26403
20240
16442
21735
24548
21044
23327
19811
19214
21271
29655
24144
12527
20698
25701
18594
24252
19665
24700
24746
24764
30107
18752
20673
23131
24883
19727
19603
21767
23240
16614
21612
15076
25620
21358
22641
21518
15658
20669
28375
26345
25432
22084
19074
17475
24087
17758
18048
21699
26805
17076
21257
22971
17368
19110
21102
26422
22353
25040
21484
21546
22934
20447
16118
20032
20359
17451
27270
28258
20705
19146
25945
16884
24188
24577
19512
17082
25097
21133
23119
28546
20535
20777
25210
25010
19970
18891
26844
20849
23774
24157
20523
24256
21961
19917
21983
24486
25698
27279
19468
24035
22575
19010
21468
19948
21117
22658
30830
22707
26674
23779
25123
18462
15646
27014
19743
28216
23968
18395
25138
15698
21107
16959
25728
27165
18339
25247
19637
24066
18727
26761
21422
28949
18474
28189
21423
27405
21557
19523
26624
16838
13314
17600
25564
23820
17711
18025
20370
23035
20753
16711
18347
22037
26653
23945
17334
23313
17714
13999
25723
28888
17861
26844
20345
25898
24925
21454
19192
22843
20474
16673
18116
19600
23611
20296
26143
18921
30161
19199
16994
23774
22283
19941
17832
16743
24837
21637
12320
24473
25144
17903
20102
21822
20279
16179
29417
21270
28171
27104
24254
17948
22510
24009
17854
25625
25913
31503
22688
15302
20400
24534
17601
23493
22493
24591
19254
26686
16418
21269
18108
24666
26041
21868
25785
17840
22920
23218
24253
16652
21919
28013
31599
23346
22892
23995
19105
22019
22052
25196
23303
23885
14538
23572
21349
30049
25053
21449
22432
16617
21737
22641
28540
22200
19595
22950
24797
22438
19501
17860
20640
19348
21634
24307
27310
19056
31091
18255
20367
22556
20929
22104
25671
26687
22603
22447
17377
26955
21227
23217
20987
25223
23320
24611
15400
28830
21411
25125
21249
21546
21640
18370
16803
22697
22978
20681
18573
23921
19550
18538
25280
22378
25436
17174
24532
22059
19052
19485
24558
19415
25484
23741
17875
17944
16594
22384
23278
22561
27365
13917
25344
21486
20536
30606
23593
25262
24370
21735
22653
25098
20875
20102
20442
22068
23472
27101
22855
23414
14179
20795
20948
17056
24726
16059
23170
20751
23215
26192
11326
24026
21511
24234
19102
17913
17402
23413
23155
20215
18318
17502
22304
24072
24144
21308
23330
22577
21483
19735
19475
23569
23706
16451
21658
21019
20421
24796
24050
19745
19395
19062
22337
23579
21666
20560
17435
25116
28370
24917
19270
22456
20864
26806
17730
21647
23027
22197
22724
23144
23480
15341
21376
23546
22475
23105
15253
17930
19698
23591
20549
19082
19318
23125
21635
22502
17158
19841
26274
24238
18659
21783
25117
24634
23526
20749
23071
25820
18413
26070
17876
17534
20018
22416
20280
22458
26455
20362
23245
29462
17646
20411
21215
24949
18424
24478
19723
21824
18167
19780
21756
22715
21244
24977
23164
22669
18977
19376
24002
26214
20538
16921
30222
26870
23607
22549
17641
25760
18493
18730
20978
20043
23811
25299
26772
23660
22529
22482
12744
22553
23344
14108
23037
18774
21953
23941
24714
21828
24446
17768
18574
16826
26305
25523
21990
21518
25153
24811
18022
16467
20208
20540
19399
22188
24170
27977
24702
28898
19846
21946
12589
22991
26710
23116
20619
26325
20042
17781
25335
16367
21586
23145
23463
25412
21360
26437
21326
28122
19265
18337
20541
24491
27732
20326
23035
18992
22611
16083
13756
22072
23862
24096
19454
21231
17787
22091
18999
28276
24249
24927
23714
30410
27580
19983
22310
17538
22795
22999
21940
28387
22116
21852
32704
17381
23937
21041
19211
22185
22501
23591
18691
17392
26182
23623
26789
23552
20188
22320
28568
24852
25342
22680
20646
26592
24699
23470
19761
21309
22135
19924
25213
22535
24975
25775
18032
24595
21659
21398
23206
15852
27309
14632
19413
26034
16500
25500
22285
25517
22427
24071
22909
21486
23482
23184
26054
23948
22245
26770
26850
19663
25104
24665
16301
23361
28477
18188
24704
22989
19379
26155
19256
26248
19294
21194
23578
24616
19045
16469
26835
26866
17646
18725
21212
19965
15651
26152
23641
20496
18169
23460
25845
19363
26153
23953
21753
24397
17677
18185
13735
21088
28377
28229
20322
14999
20860
21608
24125
22893
25514
23323
21741
23252
17590
16759
19274
21916
22614
20214
21686
27108
25714
22443
24633
24211
24204
21520
27744
19910
23037
24840
19294
16192
22894
16137
21754
22369
27318
19902
24607
21342
25073
23079
18089
22110
25225
31034
30816
22089
19912
16997
20993
24662
27277
21878
17354
23573
22126
21521
23539
26145
25397
19662
22686
18483
22023
19135
20407
22045
21164
24909
21228
20202
18771
24491
27129
18540
22464
21934
19981
23159
25357
23454
28355
21970
20904
19264
23789
19719
24378
22304
34002
23623
26691
23310
23846
24931
19853
23930
32151
25191
22134
28312
26473
16080
21809
22051
28559
24045
21674
25097
24727
26362
19215
19681
23640
22489
18925
20129
22743
14166
20075
20557
27807
26441
24806
23543
19544
26118
22459
19050
23834
18869
28542
20951
21364
19194
24278
21098
29593
25605
18873
15097
23996
20490
25867
22155
27097
21973
16149
25091
20151
27518
26358
22164
17407
19766
20726
18814
28983
17183
19732
17884
16029
22487
22025
27385
23323
28317
18635
25188
23157
27801
24484
22504
22143
21352
24566
23431
23063
16854
21933
25203
20914
27888
19826
22811
27119
25955
18521
21270
31150
24483
26531
23286
19271
26563
15758
24641
12981
22202
24594
21268
18775
14941
19231
27013
21230
24429
19061
18822
22289
26364
18550
21169
17372
20087
20182
26908
20148
20634
21847
14439
23520
23139
22033
20269
19877
14774
16580
24036
19110
23537
23545
22544
20977
21692
18325
20107
20816
22881
25707
24308
16074
19328
19239
23592
23822
27043
22994
17823
24327
24821
23808
28093
24038
17590
19589
26567
16900
27538
23778
21741
20053
19095
25810
24242
21320
26258
27267
22967
22985
26473
22548
29871
22259
22259
20347
25365
25317
22850
20127
28817
25085
16457
23765
25182
22906
22415
20441
21729
19953
20610
24736
22779
19244
21830
25770
23747
20945
25235
24267
24417
18407
13690
24456
23530
20277
19554
19744
20987
14348
27567
14973
25441
19839
17588
25862
17938
23485
29016
28423
20334
24263
21977
28960
23656
17019
29802
20890
20267
26454
19048
10801
19656
23534
24221
17506
19447
20130
17743
24009
17962
23091
15111
28639
22814
21475
17820
20376
26109
21574
20834
24549
23571
27761
20752
23179
23798
19342
21024
17322
24271
19533
22373
20358
12738
23317
15314
16181
18974
15977
13953
23089
17206
26033
21563
27027
26025
21497
19168
26323
17673
21606
19744
23900
18356
16938
23438
22432
24705
16754
22365
25088
27619
20812
26351
25408
23132
22459
24897
20899
17717
21441
16459
25782
20206
31154
19399
19100
19382
15889
16721
20490
25845
21561
24885
24194
15370
26436
21409
19484
19847
20759
19660
20023
21421
17314
20268
29906
24987
24367
19630
18374
22314
19618
17744
19447
21089
19152
23295
21818
24531
29770
22665
18994
23981
18697
23103
26482
21961
26401
20991
22118
15846
18721
19411
20619
21590
16089
21501
23033
21258
19841
26382
24484
17172
16662
20647
21951
18182
20776
24736
22092
25723
26191
23472
26760
22831
20411
20717
19792
18785
23743
28078
16994
19533
23837
23418
19393
23946
25258
22506
22080
22100
22204
24296
20632
18883
20873
21566
14964
24403
19203
22134
20094
24748
19799
24176
19818
18010
17060
24279
21789
24164
22537
15130
14487
19864
17765
24445
19278
22308
21799
20017
23520
23857
23638
23310
22437
19521
18693
21144
22272
24748
19363
20481
20876
21955
23475
19304
22598
20413
11533
23014
18865
18262
14363
20160
19587
22169
16382
23561
19711
29724
22039
20219
22597
21408
14661
19976
23407
28005
16535
19107
19188
21175
18890
20549
24398
27023
20631
16037
18485
21532
26873
18251
19606
25315
22698
18761
19460
24472
18675
18751
23294
26529
26351
22698
20023
19311
22533
23671
26088
23582
20612
18741
25131
18795
25856
23631
27470
23347
16475
20597
24637
23044
23817
17813
17758
20567
24847
22862
18649
16900
25817
24800
25971
20673
17949
20979
26551
24017
22729
29382
18490
27444
24408
21602
20706
14911
14368
21755
17759
22246
23959
26280
18310
24194
21735
25138
23974
19753
24578
27680
20223
18968
24565
18427
23694
17448
29101
24017
23301
18370
21216
18319
23185
23845
24035
22086
24957
22802
22832
17323
30302
23083
20384
29665
17163
23643
24700
23335
31984
16390
24438
23973
24224
22200
21611
24413
29521
26855
24696
26367
15162
23348
17814
28384
22306
28678
23831
15588
24012
24389
27613
19620
19819
22629
19689
20837
23018
22904
20878
18125
24097
22865
23405
23310
18367
19321
18088
26284
19590
27625
27601
20861
21236
24293
19071
27389
21480
19440
22922
18569
19327
21362
21564
24840
25081
19543
16949
22567
29407
14221
23227
26111
23493
17022
24732
25771
20308
27951
24838
24626
22056
20108
17595
24290
20175
20985
19328
23807
27191
22970
16231
21230
17159
22947
21697
16451
24489
21506
25162
18932
26547
23579
25820
25298
21433
24609
20778
27074
19372
15120
22091
23955
24589
20288
23276
20474
22835
17634
25274
29395
23817
23590
23279
27987
20113
23224
22270
26451
23829
17599
22301
23928
19394
19054
16782
21344
21563
16934
22316
25435
20999
30475
17155
15657
30493
23530
21016
19117
20384
14384
23698
16210
21868
18690
25411
22360
20921
27664
26828
21060
17904
21298
25137
23731
26466
20397
19874
27427
20124
20470
26250
20361
15863
23477
24233
18437
25738
18750
16828
26305
25713
21685
32017
20106
19840
21026
23567
19258
25408
26461
18634
22428
18223
21676
26004
25913
18884
19733
24287
21062
24801
27223
23844
21549
19158
21240
22257
20220
17794
19440
15681
20742
21397
18371
23252
21984
22677
17407
16064
25281
25804
15330
20189
25816
23582
22319
26871
23467
23799
23355
20599
19335
24459
14834
19547
21166
24988
16050
24571
22019
21201
21762
27790
16251
30349
29139
25010
21588
21403
22283
26654
20834
19997
24632
21453
23727
26513
18952
25488
20070
18302
16834
19758
27225
24090
27264
22538
21725
21060
20341
23315
15148
20640
18392
18840
22855
17156
23054
24539
19943
19917
11917
25936
17628
30117
30692
20319
22542
28047
20263
24210
14898
20678
18269
15720
27744
20155
16949
21705
19691
20959
17177
21245
23909
22336
20600
19708
26627
22393
20977
26690
22043
21802
22524
21372
22476
22118
17702
22819
25798
17849
27384
20888
25251
27101
21652
22647
28006
17237
27484
20196
27737
22409
15234
23258
22166
25913
23915
24407
18585
23930
17691
27286
19349
20163
21400
21688
16709
18719
21871
19592
20246
18943
14242
20859
23653
16188
22195
17539
16450
20258
18885
24051
23667
26341
24052
16475
18686
20552
15054
29431
25512
12012
21986
21464
18841
27598
21719
17774
22337
19579
21063
14587
24730
25271
23200
20724
21852
18735
21106
18988
18173
22987
23780
21753
24044
19478
26191
22806
21511
19851
24653
23085
25521
24576
27232
27051
18206
22223
18127
22679
23218
24012
29239
18558
15019
26563
19379
20696
17782
19481
18964
21050
17560
21138
25906
23537
26190
24525
18606
22504
29802
21353
13344
18694
18182
22416
22676
24089
22547
22624
28757
19539
24749
21066
19989
22627
23315
21928
20808
22522
15433
17416
24336
16388
21782
18773
21897
20269
21516
23304
25239
26216
22215
23372
16015
20946
16101
22211
17041
17108
24045
19226
22531
20805
27678
20129
21771
22595
23714
21289
19295
23571
22214
24145
18587
22873
21902
20499
13918
20102
23768
18997
18689
15757
18529
22255
23198
25372
13598
20830
21077
21353
25597
28271
25397
19598
16757
18078
14451
23153
18309
18658
17634
23874
17317
23894
21669
27917
25942
24326
24581
18115
26377
24609
24586
21120
23590
16837
22894
25227
23040
22584
10619
23262
20332
19520
22710
20211
15218
21403
18507
22290
26262
15102
15062
22986
24481
22130
20022
24134
26664
19092
26664
21252
19285
26491
24475
21275
22311
25917
25917
20970
18368
17761
22119
21397
24726
22426
22881
18891
22383
24236
23722
26391
20434
24987
15379
20470
21719
23586
25561
30341
19938
29835
20783
19059
19587
27294
28658
21649
23277
17601
23593
23054
18076
23757
22139
28153
21225
26860
18181
25952
20168
32049
21598
20128
19340
21773
21036
21073
16868
25695
18894
25407
22996
21873
21985
21317
23807
24462
19136
24257
22459
24892
25891
20584
23608
23066
26712
20465
17817
21297
19613
25903
21145
25945
22245
19268
21396
24707
21719
23966
25551
21477
17346
18889
21113
16430
22826
19500
21424
20961
25851
22071
23591
15108
24251
31943
25662
18277
19951
23674
23177
17575
26505
22760
28035
25903
20015
22745
21603
19876
22603
23665
20698
22270
24404
26251
19921
19056
24770
24092
17990
26855
17341
19290
21208
25723
22190
16826
25703
17350
22562
18221
30003
22326
27209
24012
17918
23163
24504
20314
25363
17421
22052
25422
26714
28643
20928
28179
19995
21792
20581
22663
26108
20929
22898
21189
21332
24517
19912
16657
28183
19214
23245
25539
29517
25447
26537
22578
18263
23990
21049
22047
18460
18292
22301
24311
24506
27168
11949
25018
20575
22638
20856
17910
20640
22865
17649
21598
24690
20215
16199
27455
19974
20111
24937
20215
24431
18965
20915
19745
23868
22791
21929
19950
24217
18498
22039
20909
25407
25320
20717
22830
24927
21811
18432
17974
23868
22843
17668
19452
19597
24725
16306
24675
26322
22180
24510
28452
25268
15638
21088
30792
23289
23165
19687
20114
25482
24385
19839
25691
25591
22455
15693
21017
26244
14520
20869
26601
20738
22333
24159
26621
26876
23549
28300
24819
18294
21447
26264
14034
25391
20328
28330
24046
25955
22720
22981
25302
21261
28121
22545
24408
19827
20558
17210
21759
29780
14739
22506
16385
23028
23545
27135
24445
22936
24666
21608
27265
29589
28876
23871
20818
19800
16700
30155
24434
20770
24535
26026
16305
23058
20684
29341
27505
24678
21156
19000
25839
22437
17644
23712
18867
30047
15524
21923
24295
15665
19574
21764
25825
18883
22387
22111
19843
23771
29704
23270
24014
19225
23545
23363
19419
12748
20658
23960
21395
20109
19675
21394
18173
19996
16265
22186
25052
17457
20595
20879
21494
24317
18801
16860
21653
19713
21326
20241
20021
19880
16896
20640
19507
26587
22081
21253
18628
26894
26296
32858
20671
22279
20765
20437
20523
19225
24975
24523
25084
20485
17735
23417
13942
26064
22356
17555
19853
23831
21952
14886
19731
20865
18816
23394
24256
24027
23959
19490
26540
18796
28105
21065
16910
21761
18397
19713
22281
20726
25572
24941
20404
22351
24482
26454
23646
22197
20233
23332
17885
22314
19438
22562
23292
24076
25607
25045
24792
24009
16334
19399
24007
16863
25107
23856
20717
22349
28532
28592
28264
20851
23916
23539
28348
24006
18293
23946
20300
21065
21972
22994
20262
22143
23930
20894
21879
23577
20550
16546
23225
19626
21967
19791
26192
20929
25956
20167
17633
23771
18264
19940
22718
23321
26613
24140
21355
21403
21296
21828
23405
21428
21656
19936
16134
20278
23660
22857
25307
26074
22054
22881
12923
23381
15512
23446
23421
21218
16635
18572
17731
17031
27432
25585
16412
23823
19018
23572
19037
21667
18584
20064
22544
20314
19693
23139
25921
17866
23664
31742
23056
21447
23838
26906
17222
23460
22063
21136
25320
16661
29462
22366
20183
16937
19368
23454
15941
18992
23416
24113
16476
26982
16899
17876
22194
16491
21914
22372
17737
14224
19460
15990
17228
20461
18313
25852
23371
26917
17277
19153
22100
20107
24319
19807
23516
26307
17908
23979
23327
21407
21026
21545
20802
20126
23459
19011
24088
20586
20209
18241
20808
19646
26035
20894
17513
29444
22956
22674
26568
24886
24354
20796
17992
21133
18439
21135
25684
21860
23887
27182
28127
21013
21529
22919
32249
17641
22245
23245
18979
23222
20043
19557
23956
18673
13952
17813
20165
13672
17739
24357
25008
28533
21203
19895
18267
20624
17982
18146
24772
19128
20746
25304
25080
18253
20536
26724
16423
26850
20012
24082
19261
23430
23853
21973
22259
22665
24103
25422
22585
15289
25800
21499
25166
21812
23105
24990
21958
19962
21064
19537
16882
23050
22017
23702
20499
16269
25303
22629
21778
18019
24095
20590
15312
21398
18192
19993
17323
18461
22037
25742
18410
19929
21836
21751
22970
18976
28662
21477
22763
22387
21463
24637
18154
19516
20141
18002
20624
14987
25893
19901
22723
26175
16275
18118
14980
25798
17420
19414
14356
25446
26223
24872
23355
29147
23056
27954
24968
27261
20769
28150
17411
22713
23483
22906
22492
26882
23624
22041
25943
22571
21552
18036
19261
22466
22617
26748
25491
19731
18319
14491
18384
18094
28055
16759
19418
16791
21042
20006
22497
22417
23004
23020
18185
28810
19334
18281
25451
22123
19737
26352
26029
17455
21169
22505
26361
21021
24517
22253
22961
21383
21663
20240
24068
17909
22535
19337
25968
20756
23415
20574
26101
25318
20894
21060
26416
18293
20114
17205
18930
21376
19725
24967
27705
21840
20514
24071
16528
22493
23697
18328
26204
24234
20318
29711
19701
19893
19399
22569
20506
24413
24519
27441
23375
20454
18305
15289
22241
27649
21591
18087
19230
24559
24088
25115
22719
21410
23529
20629
21817
22891
26695
19490
20813
19779
24603
19318
23826
18328
16556
22137
26633
25181
21045
15380
16645
24609
17605
23651
21997
21800
17177
26027
19159
17472
14402
20728
21987
24565
26678
21582
20471
20947
23248
20037
23299
29416
25562
13366
23151
24695
24870
25167
23189
18857
24111
19747
15917
27516
30079
24537
20568
19146
23724
20964
25112
21317
22877
19354
20631
25732
25901
22096
19354
20906
26481
18834
23665
23257
16616
15748
24634
23850
21507
17664
22071
22763
27469
21107
25012
23059
24943
29699
19919
15025
19916
26396
22777
24039
20092
28000
27815
20279
22793
14102
25274
16316
24037
27463
30323
17700
24462
23803
19997
26107
22597
18052
16369
24100
23753
21778
15747
21657
18863
24425
20910
21202
21845
17996
20151
19635
21996
21271
24181
22650
21352
26105
23723
25908
22160
24443
20005
25070
20431
17528
22888
23407
19916
23065
24265
21712
22077
11181
25053
23623
18312
18675
17068
20728
19982
22280
22302
23890
23939
24515
19787
20398
22432
26917
18738
23337
21666
19881
23562
27183
19654
23610
17044
26463
25669
19376
17023
24270
21304
17594
15802
17597
21486
22248
27338
24195
27208
19906
17684
17856
24090
21494
23625
17904
21972
22430
21772
18524
23424
21269
26235
22659
22012
21409
18007
26259
20906
23539
23028
27004
21013
19735
18062
23107
17500
22413
24633
21344
23953
23955
22488
24098
21070
20802
29837
20238
24046
17548
28232
22944
23597
23403
16905
27780
24725
20460
17326
23672
19305
19107
28385
21156
22830
20875
18392
23555
20497
20004
24817
20572
19316
25769
25322
22389
15924
26687
22566
25639
24413
21235
19161
22708
17105
18222
23878
28271
23226
28271
27887
21930
21249
19553
23360
19335
17277
25109
28769
17669
19397
20700
25366
23488
14764
25507
17185
21476
19791
24061
22447
21110
20195
20128
27115
24646
20859
18860
23027
22820
24904
19108
21373
24109
23988
21375
18965
24003
22473
19262
19035
22015
22706
26973
26041
26565
19693
18720
21162
24968
25372
16999
20422
19824
25208
28460
20663
17373
31186
23946
23731
18770
21252
21944
21509
23133
19209
19598
16987
16714
19731
26772
15301
25327
23453
21649
18307
25932
28085
24237
20586
21996
23017
21674
21365
23224
23419
20311
21770
24607
22165
19275
16663
16778
18430
17366
23974
23329
23308
22817
21976
22883
20728
24401
19109
26182
16388
18111
21932
25922
26047
26850
16679
21593
19477
20855
26982
24462
18011
19581
21796
17533
20290
21704
16096
24297
23921
24218
23729
24169
17191
20340
25768
27194
26957
17764
21328
15196
17631
22460
25238
25590
19470
25518
22930
23611
22452
29401
17090
20474
17664
20297
26668
18636
13022
24503
25082
25835
22845
24977
18796
14582
20140
24880
24797
18296
21494
19945
28677
26945
28476
21659
21465
22326
18012
21836
22175
25288
21644
23080
18685
18089
22168
23533
24627
18266
21774
14494
22158
25301
24365
23758
21372
17942
13608
24575
21721
19762
19993
26765
25888
24398
20351
16893
19368
30240
19949
17518
24473
16729
20590
23351
25868
24494
22675
17548
21181
28533
27231
19631
21551
23956
23439
18685
23854
17130
22497
27476
24876
24779
20983
19963
17562
18461
16613
22333
22206
21481
19477
18949
17759
30017
23024
26556
23441
23496
19917
17787
21946
23700
19290
23535
25685
21731
19979
22174
24919
24598
25173
22137
21351
22287
29481
22329
24421
22127
23554
27311
14000
26079
23850
22626
26062
24692
22028
19318
15315
19751
22532
20958
20572
24857
29856
21299
24917
24750
17920
19088
29159
20883
27193
19852
20419
21874
21000
24391
22771
19564
24409
24709
21241
21205
24315
21700
28829
20028
27431
20601
21077
17807
24278
19452
25922
13950
20468
19391
23147
24908
25399
19840
24898
22285
28028
19432
17667
27669
23476
25078
29498
22333
22019
17060
21588
23392
21412
20044
23633
23168
19654
26333
23269
23367
21889
16395
23159
26030
19562
20462
25852
15606
23213
23285
17994
26934
20371
29235
16480
20724
15344
22491
22560
21306
16953
20556
22464
28219
23013
22298
25344
16356
14472
18804
16945
27045
28371
20857
19540
22974
20762
18511
26324
18117
18927
22520
22328
19166
19748
21563
21354
20307
21173
19662
24820
22677
18155
24424
24601
23433
24926
26119
21643
16364
24075
21083
25177
27053
20199
13172
17465
21126
22148
19480
23452
24945
24310
21427
18348
20806
22155
24362
15765
17398
23705
16698
15312
25031
21878
24900
19126
21615
20950
16178
20041
25680
22877
16721
25337
21963
19760
19812
20506
23830
16326
25859
18919
27428
22115
21343
18438
24614
16520
19360
20591
20279
18839
26466
21227
22691
27414
18304
30528
19472
23174
18903
22010
27959
26208
23234
25407
19618
20805
19154
28781
18204
24271
21123
23900
22177
21519
31873
23737
19236
21999
24056
22637
25541
21228
17500
21039
21694
20739
25195
21672
21087
23560
27058
20326
21131
24880
20362
23645
24702
22672
24524
24578
26275
20385
19955
18806
25351
15399
18687
26686
27006
16299
20359
21996
25195
24662
18196
19963
22390
22318
29554
15168
17381
22245
23769
17966
24621
22563
23124
26594
21060
27844
19555
24798
25165
15440
25940
22251
30675
21890
17720
18222
27144
19205
24143
23692
18384
24325
17701
25549
20704
26504
23206
18156
29463
19299
22094
19514
21726
23280
21542
25732
20482
25227
26607
23840
20600
20776
18479
22732
17837
21394
29702
21605
14039
24469
21018
20024
19706
19244
22594
19933
21523
21298
24183
18432
17394
22665
21913
22177
19605
24058
22091
26336
19355
23397
23325
23979
20435
22705
22484
21811
26267
21862
17130
23002
23333
20897
23244
25981
15419
18851
21387
24892
24202
20213
18686
19266
18286
26884
20069
24723
17683
20088
28302
14915
18492
22764
24261
22214
21354
19331
23204
17372
21765
24594
23344
31238
20556
21453
20148
18991
18259
22690
24776
20115
19378
23196
20688
20231
25051
17876
25662
16915
17678
19166
25197
30616
18925
17971
22235
24472
18730
21793
23785
24362
19742
25267
19008
20398
20414
21250
23477
24383
14340
23804
22425
28441
19080
19011
21903
27197
21069
17713
18365
19723
22771
20866
26207
24002
18460
21991
22139
22775
20542
22487
27289
22491
27768
22692
20804
24432
15964
21976
23337
26586
19487
23463
16057
26300
22725
18189
19147
24491
18080
26175
18924
23476
19647
20646
21375
29163
23274
27710
23991
18209
23384
20345
23254
19933
23417
17508
16147
24554
22580
26642
22593
18087
21589
21669
16649
18898
21317
27689
24164
26940
18590
19441
25807
19778
22711
23459
24579
23655
23460
21805
17136
28246
25556
18121
21247
15856
19920
16671
25630
22255
24014
18699
21675
23554
21010
19999
22485
22886
24657
20552
26008
23733
21703
24425
20205
24934
20344
24769
23449
20427
22453
22649
18010
17850
23847
21044
22546
18132
25775
18845
19469
18265
21402
27639
22749
22469
17617
14002
20950
27124
23602
19760
23343
21567
28426
23396
25266
18696
21772
23223
21577
19772
15418
26959
16689
27690
26309
23581
24356
24559
18115
16685
23017
24941
23155
25581
28977
17746
27601
26393
21125
18452
16749
22534
21230
24872
24001
17146
22812
25662
24686
22924
23685
20054
19356
22777
18408
22038
23785
22510
17605
22890
22370
23410
19019
22524
29472
22424
20945
23594
32359
21941
26881
22209
20197
18448
22340
29841
18082
22502
24999
24137
23080
18822
17105
26272
21064
17008
14642
22136
19509
18480
24151
20604
20120
17078
22511
20814
20494
23152
22732
20854
22393
26430
21173
22159
20147
24653
21884
20738
15257
21698
26142
19675
22510
21479
17800
20478
19549
22469
18283
24138
22028
16512
21431
22132
27217
20912
15145
20759
22289
22019
29280
22195
20633
24150
24357
14506
21830
19080
24896
25835
27776
19726
20363
16689
24621
22298
23858
25973
20220
17796
21390
22119
18768
15272
25759
22830
15921
18371
25325
19885
22865
27247
16981
16458
23631
13630
25670
17012
22291
21613
26809
23996
20244
21678
22702
20090
21877
21962
17237
13394
25132
22831
23408
22094
25294
25841
16471
20402
20508
21435
24307
13868
19230
22630
19704
23732
24252
23984
25864
27679
20238
20567
22982
19712
19591
24908
24204
21231
24415
27071
24588
17455
25182
26163
25291
18247
20200
21756
23695
22655
19062
22948
20914
17768
25021
19980
18925
21694
22618
23160
21336
16305
20688
19849
25846
18019
26108
21664
21179
16169
22799
23843
23765
18875
20052
24773
25219
18268
23244
20026
16500
23990
12958
22432
26015
19154
23280
26298
22975
25187
19350
24160
20514
19919
21278
22916
21131
20969
19001
23790
23829
21931
17297
19369
21388
21165
28003
20127
21378
18940
25392
20835
25435
17165
18640
20784
23667
18272
21778
19491
22308
17410
25241
27680
24389
21267
22202
20176
25424
20551
22834
26031
16740
21617
26527
20232
21251
20648
16629
21840
23756
21202
28009
21079
20891
28783
18699
22028
23344
25120
18625
23767
20169
18694
22515
19593
14100
28243
24120
29197
20951
21086
24222
24084
29042
20029
25902
20675
25875
26382
25703
27188
15576
22675
25239
17416
24879
24343
22606
21590
23021
17300
17683
19316
19628
19557
20419
21059
19393
22739
19714
20990
19228
19639
25948
21935
25306
24712
23308
14374
17870
19666
22793
20978
23273
17399
17002
18464
20398
23852
18114
16637
23571
23392
18010
21318
27615
20903
20117
19021
21931
25132
18640
23209
17803
22718
19216
19215
20667
22376
20989
23787
17763
25466
23972
20318
23785
17456
20758
22800
21982
22643
19470
27000
23332
20987
14609
19611
25936
24212
20319
27104
22481
15091
21657
17728
15869
18507
23576
15626
21445
24125
23446
16418
21357
20790
19571
26929
17489
22981
22328
21744
21796
29250
24569
21498
18805
24526
24442
19462
23022
18477
19631
19915
23310
22292
18477
21810
24907
21134
20778
22528
14422
23996
25797
22928
24693
23601
21920
26485
22086
19498
21643
21671
18243
19641
26488
30755
18785
24890
22006
24103
22689
18247
19602
20377
21297
16593
26360
23424
19928
23100
15450
22728
24391
27897
23702
27033
23571
22620
25303
21016
27533
27862
22553
24806
20368
22850
26155
16311
22023
23291
22800
24175
20968
21169
20620
21700
23375
24064
26151
24459
15602
21601
21358
17034
21466
18700
26199
23982
28171
21737
19688
21467
17106
20529
23483
16512
25183
25044
23005
17865
19524
21474
20432
15521
22584
22060
20826
17437
14426
23767
18752
14982
24717
27678
25421
18576
22251
18099
23180
26862
26185
18864
21275
21413
13779
27869
21032
18672
21266
25975
19021
22729
24364
23503
25557
17540
24326
23602
18950
22151
17424
19635
21544
17929
20334
19320
23319
19085
21867
21001
16737
21059
25348
21085
23274
20922
20610
22205
18604
22971
20071
21680
19710
28899
20594
17960
20159
19623
19104
23009
21137
16258
20988
14866
20970
18744
25458
28117
13625
19663
24001
23331
26644
20795
18392
19293
21042
21316
18955
22145
20302
20176
17964
19123
26769
22751
22948
21150
27730
26593
23601
21094
22136
21733
20139
20632
20810
24370
24634
23982
25817
25650
24177
19383
20310
25579
19559
15489
20210
23935
26524
21123
16015
22644
26210
21000
19832
18993
22777
18800
24838
24362
22629
26079
16671
16522
23692
21656
22877
28038
21176
21747
19978
22829
23817
25107
19949
18313
20652
20276
17690
21147
20820
16925
18445
21478
18583
21511
16760
16175
21316
19670
26533
23137
23932
23995
30243
21608
21636
24916
14957
24933
21552
22723
26908
28013
23061
18322
20929
14463
24643
25813
18153
16770
27226
23924
19016
26087
19750
19844
26751
17825
22356
29103
19574
26127
19480
22941
20881
27578
19561
22474
23026
29341
23801
18501
22450
22733
23891
20800
20002
18030
22657
25277
20544
19619
22494
21729
21806
17872
22674
25026
27665
20422
17461
17224
14488
25344
20661
21455
20186
18938
22360
26209
27832
22264
17937
17502
16606
20345
21375
26160
16474
17370
21820
21019
18830
15962
22939
23362
22273
25996
22096
18505
17260
24740
19287
16664
18900
23585
24326
19665
20565
23275
25442
19986
19540
27271
23755
17587
23281
22927
25448
17010
30689
13282
22026
17393
18314
24850
18504
20088
18836
19947
28329
19286
29815
23295
20090
20270
21418
16005
25619
23878
20490
21653
23540
20083
28023
16719
23989
23240
23501
21457
19794
20983
16599
26499
26038
20314
23547
27362
25030
23077
19379
18940
20459
27289
18393
24622
17166
14488
19381
22693
12737
21119
24801
23414
27270
22076
20450
21151
19520
24095
24117
23457
26239
20051
26582
22186
20749
25031
21940
20689
22021
20269
19673
22135
23154
24984
27135
15680
24654
16798
25984
17838
16319
16702
16485
18968
29402
24147
21119
22700
22644
20660
19458
17047
20020
21664
24659
23278
18198
25876
16208
18672
26179
30944
19554
22457
23139
18744
23162
21196
23468
27366
16924
25305
18965
25977
19120
23379
20493
18676
19760
29323
27660
23221
20957
24401
26189
19123
21656
21004
23621
27169
20696
17340
22388
16750
27684
22439
16185
23440
22496
24889
21563
25661
27375
19266
22673
20263
25070
23168
23561
15798
20065
23679
22307
24124
20882
19163
24738
24379
22845
22611
20198
20871
18648
22378
21258
25436
15673
14822
22876
22424
22944
17754
21337
15922
22309
20979
14529
22472
24061
21218
16999
22472
21420
19429
22231
20238
23899
17811
20855
25758
23401
23462
24759
13558
23019
20993
23310
24808
22647
21951
24243
23641
16234
19865
20023
17263
24153
18528
25567
22909
19450
14513
21299
20997
26536
27679
20697
24642
18602
36035
17913
19901
19833
23459
27235
22168
31553
21050
18870
17684
21452
16154
23979
22512
17387
16985
24280
20500
22833
21907
17289
20732
18582
22724
13438
27745
24934
25834
22050
24859
17626
18208
16915
23712
20895
24004
22488
20994
24221
21683
20402
22306
16556
19533
20447
19645
15410
18977
20539
25929
28381
20921
23939
20636
16191
19644
25308
17598
20088
23823
19543
18871
23842
24468
23721
16674
19078
23661
25023
22934
28757
25321
20388
24123
25219
24066
17677
26259
23392
24305
24726
21999
24891
21746
23830
17612
22221
20026
22446
16260
16150
22375
28305
21873
26584
17464
26168
31322
21665
23673
25561
18332
16784
20464
14055
23066
22436
27693
23619
19931
20395
18178
19279
32704
21003
14409
18700
23360
23585
28297
24028
20590
20632
20292
26383
20943
19300
19522
19514
16796
25914
21060
17943
26555
17918
21384
23025
18012
24744
16932
22817
17886
22521
24902
20101
23364
22276
18722
24508
23930
23608
22792
22102
20456
20810
18197
25245
18469
20333
19912
21472
18134
18804
26591
19693
26509
20317
19231
16553
30425
21052
22375
20147
23115
20312
22643
28254
24801
24670
19902
26067
19081
14716
22021
24584
18341
20035
25950
24609
26196
21521
23898
20763
26540
15840
17736
25182
23900
20828
24741
14148
17250
17702
24430
16870
19951
25208
24869
22863
26022
24511
18415
23084
26498
19532
18780
24062
18250
26518
20707
19974
23393
24160
22736
17744
20816
28238
24325
16541
17587
24802
21182
27975
16001
20260
23376
21401
25085
16351
21527
25145
24166
24476
23855
19043
23369
23381
23483
26143
26919
25771
19693
21636
22069
20194
18770
17288
17813
18009
21533
24602
23198
23544
29318
27305
17136
20454
28971
16032
22469
23721
22423
27072
25197
19144
26125
20512
25193
22503
25998
18688
27442
15981
23780
16135
22853
23359
26417
24717
21641
23438
21223
21154
27203
23852
26098
25951
19541
16880
19964
22549
16712
20545
21266
19404
24624
17475
22389
28223
24122
27251
17986
18074
21007
19355
20395
20094
16499
22745
27024
21784
25337
23523
30435
17801
23515
21563
23142
22264
26877
29613
23163
21194
27114
25370
23753
27102
24592
19700
23943
24442
22789
24115
18083
18353
11974
19891
32077
24281
29541
22508
23118
24595
27038
24391
26912
17906
18191
20728
17461
21988
27930
17956
22132
13824
24138
27785
17315
26405
16220
22469
17629
20814
21567
21190
20741
20504
22260
19962
21497
18707
23188
20624
20464
22801
22094
17632
23739
20057
26450
21065
19571
14233
19007
19581
20899
17218
25546
22964
18287
20809
19574
22875
17282
20361
23588
23496
22289
19901
19774
20829
28745
19806
24653
23424
17412
21853
24546
20618
22108
16737
21238
13943
20123
15613
20570
23826
32089
19147
27177
23023
26037
25644
23159
29787
19485
23619
19430
19293
17201
17702
20436
21562
22851
17414
20895
22562
23894
15873
18086
19966
22615
17684
19554
24287
25087
18752
22844
22850
28957
17747
20935
22528
17876
19738
20503
20397
22693
13879
16467
20527
19556
27279
19569
18613
20765
15155
20751
18237
26608
21917
25249
19003
15815
22248
23302
20228
24468
24660
19621
21497
21378
23551
17233
19349
16945
27291
22446
21938
24137
21772
18641
26167
18163
22635
17996
21751
18692
23159
21548
20950
14356
19010
21962
26279
26228
22855
20801
26163
25724
25372
20870
18156
15387
18003
18986
24516
22105
15882
18352
22577
22732
13600
20195
19427
30332
22567
26869
23345
26879
22721
24707
29250
18685
17803
29809
21178
25234
21290
24575
16695
21920
23618
18788
30474
19792
17300
27207
22014
20688
24825
20126
23272
17621
16759
24321
19664
29579
19704
16591
22961
19684
20663
24833
20389
22462
26055
18555
26130
22317
20009
23274
16557
22627
26729
21086
23623
23764
20083
22000
23950
18901
23140
23755
25861
30865
20399
27400
23010
17028
27004
20082
23082
22685
21926
25471
21085
21768
19521
19234
19702
25372
13995
17059
24262
17016
17259
30198
22481
19171
21024
12668
19487
18208
19743
23698
18912
28031
26809
21230
21147
21817
28083
20266
19209
26575
26834
32803
20637
24438
19867
22127
21862
23539
23271
16922
20798
20907
18715
20949
28680
22813
22788
22161
14308
21436
16093
18162
20040
19181
20644
26980
23506
23889
25941
20562
22701
31325
27865
10863
24061
21497
24875
19237
24363
21730
29413
18713
19653
25376
19131
19631
24186
25256
20652
18663
30257
26228
19975
14678
27150
25840
16611
26083
27520
27521
13041
22025
19300
21144
18976
28485
22973
20431
26704
19549
25442
23447
26739
15721
21589
18201
21093
18055
23517
22464
20488
18145
22731
17121
19717
22220
16875
20280
27510
22792
19178
17997
22627
23292
19059
19349
20882
20724
27624
24842
22244
26831
19343
22765
19071
24961
20469
18663
21441
29321
27186
23825
20907
32630
22113
17884
21895
20657
22579
19312
20586
20190
23651
24350
18979
20385
27324
19207
22854
22727
26589
26022
20693
19807
22209
27726
26199
25093
27041
24516
23210
21584
21844
20082
23847
18809
21638
15388
19524
19413
28945
14042
21864
19836
21201
22956
21026
17550
21861
21885
18728
18937
22219
19693
16706
20188
16170
15672
19050
22845
24054
18563
19473
23135
22017
18148
17815
20646
20291
22631
16299
20708
16093
21427
23419
21594
20670
20379
25660
24094
13778
29387
23833
22776
19605
22866
22860
19605
22120
17244
22027
27902
13228
14248
20733
21643
26042
26276
19623
23006
23975
22688
24447
23971
23316
23568
26099
18552
23307
20570
16863
22532
20436
21454
24954
21518
20433
17030
22382
22539
26288
22950
24235
18713
26045
16403
19600
23810
19377
22438
23398
16933
18791
19258
25074
22418
17993
18905
24591
24945
19707
18623
25413
17202
21862
17522
19537
21322
16946
19976
22270
21887
24081
24692
19696
21912
17323
17323
20862
21053
20849
18233
18583
19595
24474
17269
22064
25176
25510
22309
27521
20629
24796
17521
21260
21599
20082
23998
27542
23527
17158
20107
17886
17738
16494
17927
25107
20472
19162
16270
24019
29211
18379
20566
14554
20934
16993
21705
19861
26981
29847
22490
19769
20899
22618
27650
18468
28824
27044
21176
16837
19527
16117
19831
26488
18347
19269
25412
23102
14445
21291
19827
21616
17259
21604
21053
19289
21850
17442
17131
17890
26042
25432
12677
26616
21194
17290
17652
14535
22575
22034
23980
15685
23628
19981
16681
24654
18984
17804
30247
25987
17024
22110
20012
21212
17420
22464
25170
20019
26848
23877
18815
27311
13941
23483
21746
22614
23562
22458
22683
22339
23794
23353
18473
20954
22864
23334
22847
25653
21686
19258
24444
23181
24256
19149
15650
21501
19242
24895
24952
20266
20112
28600
23573
18258
20343
21295
25002
17588
18584
20500
20596
22636
21007
26894
21348
22423
19622
23436
19477
25326
19725
18004
26173
22334
21730
22382
25448
27556
24925
21482
23301
17003
18646
25367
24324
23059
21606
20790
20978
21543
23176
21389
21066
20459
22140
21610
19350
24486
17362
19380
17583
19654
24486
21232
18172
23202
22552
25112
23852
21731
22239
21543
17307
22575
20155
21768
20464
30186
23931
22467
15849
25225
23134
27617
18168
16352
22547
20722
17454
24174
17790
18033
21204
20081
19035
21866
24083
18907
15839
23804
17041
15541
26609
22263
23422
18337
21102
20258
33264
15734
21911
24203
17527
21643
22625
16821
23416
19105
24158
18346
20229
26776
16605
22401
24065
25883
20192
22439
25183
27594
24958
20416
17563
23477
18256
26643
20384
22125
19508
20367
21672
19209
25634
17945
21424
26487
24286
23363
24105
28039
27001
21828
19421
20818
20683
22709
21180
25595
23734
15858
22546
14903
16946
18849
23333
18957
24616
25799
24884
21049
20844
23733
23599
23290
18467
16185
23086
28599
24172
24259
22689
18939
16485
16836
24016
19922
20215
20557
26699
19359
20681
22528
27314
25647
20465
19117
17926
23449
19469
27331
23474
19836
23214
25347
23333
18396
19407
15802
20473
22416
21730
20190
19294
24632
27885
21086
24911
30206
17821
23824
20106
26754
21828
22451
27111
20055
28569
15751
20243
22912
21463
19502
21366
21479
21680
27101
23308
23968
18150
17920
24502
26867
26079
17873
28037
21785
27936
20799
25927
24404
23366
25858
21951
25230
19092
26177
21330
20932
18431
21594
19043
19195
19082
25033
24458
21262
25557
18131
23034
20861
28650
18239
18517
20554
21618
28674
23360
17458
17843
15414
24727
28212
22181
21652
23164
24689
19984
14695
19484
21063
19261
19064
31230
22517
20521
16572
16068
22125
24497
19977
20411
23224
22502
19141
20316
20038
22866
26492
18010
26037
24424
18171
18062
24505
22397
18774
17179
22238
19600
17501
17717
20306
24049
21457
25358
20021
23050
14006
20831
21056
21355
21459
24809
18897
20485
21237
24082
18689
21574
22437
25040
19402
24559
23221
21596
18906
18492
22637
17489
21364
20296
21594
20076
23012
20626
26573
19374
24170
21707
21558
19441
19265
24693
23252
17154
21093
16030
22021
20668
22500
21515
26627
21731
29072
22976
23220
22091
25776
21938
29156
22733
16409
22775
17657
20250
23960
22184
21343
22955
22418
19528
25109
20876
29695
22793
23628
17697
22367
23363
27219
22155
20049
23012
24436
21104
19251
20158
23924
27066
25228
23703
15210
24808
24717
19232
24896
28415
21683
24533
21747
24603
20246
17822
21403
21609
25212
16053
25979
22882
24003
19816
24298
18108
20957
20828
18597
20554
29290
20150
27009
20237
19063
28396
24710
27348
20100
22360
21329
16364
25314
25369
16365
24934
25882
18331
25681
22564
17122
22128
29115
29614
23060
19968
19064
19384
17512
16606
18058
21668
16927
25653
17768
20705
22173
19843
18172
22695
25733
19709
22231
23852
25125
18722
24080
15626
20717
26126
22475
21133
25174
26638
21984
21506
26911
19292
21761
22153
24168
22361
17659
17075
18674
19770
27956
20265
17032
21477
19382
15756
15690
21525
22106
24322
19676
26908
23346
22761
19258
23862
22565
27434
23443
22081
19248
23253
14956
20460
22914
25466
23128
18888
17895
23337
18415
25046
27019
18767
18627
17338
21701
21785
25244
23522
22899
20462
22179
21297
24221
24466
24369
20455
22139
25922
18453
23135
22403
21305
23550
21556
17053
21908
20322
25103
19044
19363
25029
21040
18121
21035
17304
19624
21327
22000
22303
18771
22552
22628
19370
27153
17820
25304
23637
22834
18456
22842
20488
19175
16851
21950
23656
23193
29189
27626
24094
27425
21779
24704
16547
23528
28086
21034
24634
19740
29420
22390
22750
24045
21928
19930
26211
24065
19970
19793
24302
22062
13097
28124
23433
20893
22141
22983
15515
21661
28405
26230
16275
29906
20955
27029
21773
19917
21607
26767
27821
20950
27809
17127
21423
23186
24566
23464
20692
15895
12897
21680
18011
18731
19045
20201
22528
24219
26960
19172
22030
22896
21285
24634
16930
21065
17379
20495
24512
16032
20265
22211
27541
21333
23899
24117
23255
16458
24320
26331
22719
22673
27805
21298
26754
20782
24796
22911
28234
16518
19773
21352
21116
23072
19196
20629
17246
17754
16779
23483
19561
20514
25512
22434
23158
15799
22542
26261
17874
20566
13606
22821
25942
28530
19222
28808
21592
22833
18922
24696
23330
24625
17088
22330
25552
18443
19701
17368
17890
14985
24169
29622
22387
21084
20450
22013
14992
16467
21619
27127
17135
20716
20735
23899
23683
21346
30690
20960
18305
21503
18490
17028
23369
26547
19279
23418
26625
31702
23818
18828
24418
20810
18341
26513
21512
24788
17911
23800
19700
22165
17239
19230
25664
21853
21555
20492
17929
25641
17161
27414
21377
17120
24898
20832
27974
18240
36119
23284
17104
22313
22759
21597
25579
18875
19977
20344
18929
20172
17540
22399
18722
20213
22348
30715
24646
21772
24055
23989
20362
20990
18044
17201
16575
22028
20178
26533
23758
25543
20443
18355
24887
18653
25078
21414
20100
22880
22628
19917
19270
16779
25082
19791
23536
28624
16995
22852
18901
21659
20224
24168
20363
23242
26212
23074
18706
21257
23760
18813
22363
19536
19920
18740
20134
17008
13026
22288
21167
21377
22104
20254
21939
25435
23236
26795
24214
19061
24559
20482
24291
24544
17434
19707
19310
25922
16809
21306
19841
18686
20103
21226
19388
24204
20522
23608
18809
21272
25092
28468
16365
20095
21593
21175
20304
21407
20900
24382
27085
19851
17353
20186
19938
23198
24727
15527
13744
25293
21430
21713
24849
22619
22065
25551
26911
22253
25261
24653
23339
20396
18956
25396
16875
21986
20310
22777
22627
23282
18678
23611
23390
21259
17841
24239
26978
21080
20083
17409
29085
22509
18152
24321
20895
21336
21566
18327
20381
22545
17789
19716
23263
26925
23933
26245
21136
22426
24556
22165
18921
22674
21043
25323
25129
17766
17254
21175
20420
24394
19176
16783
22421
20857
29823
20742
22768
25266
16477
18228
20956
19939
21176
26533
26308
18609
18249
22745
22392
26540
19187
17953
14327
25010
21289
25429
25342
24024
18347
20634
22289
22233
15441
19836
24412
20283
18302
23023
18952
25451
18737
19531
22626
13657
20873
18414
22364
18060
26995
23741
24025
20443
18642
16195
25935
24346
22777
21629
16526
26501
16853
23554
28365
25144
20379
28364
17000
25716
25498
21418
17988
18161
16191
24828
18580
25153
19431
23941
22689
21483
19397
20621
21929
26134
20928
17807
28178
20718
23057
25200
20247
20504
24196
20681
24612
18407
19381
22342
23617
23311
25611
17790
18405
22967
21171
23678
23966
18965
20603
24730
28626
21531
19191
26785
22277
20846
16073
16414
15853
21859
25426
18690
26026
23784
22329
20798
24865
27502
18606
17482
22565
17876
22798
18935
20574
23992
23228
22154
27459
24136
20714
19341
18739
19199
16457
20630
15675
21084
19846
23850
19690
25687
23509
17653
24863
24735
17859
13571
23445
19395
19089
19821
28346
20761
19841
18533
20901
24345
22117
22644
20272
23159
26443
15650
14373
24785
22748
21690
23830
21587
22371
20543
23994
18999
31731
26683
20003
23313
23214
25268
23302
21138
22536
21270
21272
24480
15454
27363
24926
19797
21212
18979
14741
18097
22454
19853
20163
24445
18337
20582
26130
19142
18958
19460
20268
20169
28965
20437
20242
20066
17175
17897
20526
24810
23278
20229
22727
22499
21098
18716
21562
15440
19801
20592
18986
22358
20231
24681
17959
20846
