18087338
11682076
15284075
8642440
15262951
8493945
11950404
13833878
10195082
13410826
13604863
11735001
16951175
10655692
13456081
5966776
11999480
14695434
18291500
11989291
5306187
14021103
12640332
16410942
9732053
14622506
17415754
5704910
18786623
15959712
12478537
14710398
13080054
10669760
18109716
11776357
9697605
16128917
17222139
18830266
9246839
16029932
15465140
15907473
12813479
10296101
13947621
7594587
10362347
13349635
14299288
15970356
16092893
7398301
15030698
18028747
18377209
7618561
8655829
13408177
16944038
14564405
17546737
11072154
3228083
7736775
14509067
13449536
11827252
14170133
13461171
17599027
7668776
16240259
17481906
14805570
9727442
13868981
7666932
9558655
10082960
12982692
11668604
11168034
17598805
13850197
11099745
17531758
18501242
19001320
15328103
13611313
18413230
16284336
16089953
12661564
13828726
10498542
12658507
16023331
11215843
9118422
15701060
12413052
11040914
16441207
16730890
6507978
15171179
8402545
15140427
12072818
12210903
14362222
11900125
16215967
13904941
12517682
17410032
14511788
14935294
11019994
15233819
10234994
17225442
13862606
15621271
7622662
9131329
15956605
10240802
16062426
9918385
15296455
16840391
14330719
11370565
7406798
8896572
16121265
12067229
17292229
9161366
13128416
6888237
17001810
10353931
15233836
11768172
7017036
12803855
8259112
8245097
12508501
17607008
11788460
14675316
16003406
13752200
15204054
17243871
16601147
8186531
15359322
17481073
13787967
14058699
17407192
4752905
14333043
9942165
15184464
6349763
18655615
15721428
10528274
6089816
9190830
12673647
17664310
15116340
13611652
16069928
10756435
10781630
12335983
15226441
8360402
18982586
9997477
14262516
6651110
19055075
14102901
6455425
12407832
15925479
12584647
17437116
14379658
17466467
16098784
17358391
14380924
17090069
4747403
18639378
12049840
14703696
12183202
9973072
11554442
15493005
16155643
5908609
14603299
7207443
10538161
4450134
17333196
15243211
16935567
18287975
8228936
15346813
14143981
8847469
15058556
8422691
11346752
14314357
16876267
12171793
12421156
12546507
16316750
13257043
10746461
6728227
7622537
17010548
13493543
11716134
12767755
16772005
7349030
9888345
13946736
19113912
17391366
15686312
5862708
12848021
13375979
12388287
14561646
15481975
10546047
15942393
16847617
11066831
7896804
8415284
11701276
9274627
5265597
11028818
14911171
18195800
16677443
8049691
13032274
13426023
16708100
16287170
12589173
15598762
13494042
11415787
9172929
13795768
16250449
14211570
10144724
15959793
15938977
14536655
16422546
17006165
14656476
14192150
18110307
7175310
12679265
10160309
10978765
13204506
14425495
10314572
10562647
4809000
8075017
10623383
17193913
17348234
16954971
11777014
9299451
11280708
14505285
14852868
10991217
11821373
10161578
11606237
13326493
16767422
10783991
12274906
14957272
12222262
10612044
16988678
13552504
14477608
8729158
7388723
17565505
14370979
14641486
15077016
12990019
16903923
13116236
15710234
18790166
9579559
16886662
8842633
15594350
17299245
17342716
15922583
14020042
7993720
10651105
8287422
16757631
14799377
16476066
11810436
16727505
10204335
8822767
17771716
8438477
10566817
18205070
14025121
12248460
12684540
16985739
16129460
12029181
17142601
10754810
8998337
7162906
11129153
15346498
17821972
16302809
16718199
11772363
12363074
13824157
12151810
8354484
10848487
10219425
10311383
15814752
16763679
14420213
15427094
11627083
14034038
13901383
4484692
19417509
9336032
3777393
12670600
5888549
14955532
12452995
11490376
12799867
12301629
17435929
15255129
10691832
10169316
9012041
17338194
14862401
11345473
15776553
13626512
15908062
14717137
14358184
9341255
13120828
18895065
14868165
14078149
6013792
12726221
16514308
15315097
17711221
10776890
13251704
12307903
14451466
13421310
8347022
14803324
13279709
14701023
13700618
15391107
11666280
14490269
7863412
18143098
10462989
17697692
14387667
6092651
12860515
17621500
15891547
13480007
16102681
17431441
15088762
15934589
5434239
11679698
14435891
12686097
19139179
13845817
11158945
15346293
17260352
5414621
14136089
11301189
13651792
15178634
11083374
18739950
7025135
14686090
14311089
16096078
12766599
14463751
6426227
9557440
14413627
18370304
16747479
14392774
16171720
10771877
10027046
12708363
17197795
16807385
13907449
12083399
16878105
16382965
10363557
11273421
10644362
9623517
14736145
16207717
13833140
13200141
14645568
12875259
7395400
11972611
12332951
3263243
11759590
12082378
16542443
9320308
18363805
9833761
17398093
5082372
10499216
6915412
16248268
15561532
15415352
10413452
7808278
14242089
10393406
17980411
16878049
15890790
12834637
11612034
18673669
17335910
18231879
17266319
19065257
18808766
18731783
12608829
14673483
13250279
12143298
19334127
12736923
11062617
13473639
17893053
11612435
10530367
11556435
4327103
14529634
13636450
16994021
14619629
13338566
12317723
15287849
14159665
9119935
17581368
13479764
10819704
16145425
16756496
7428865
15701100
13089443
7385949
13447040
19315137
18929395
10482621
13460159
5610077
6192094
9232734
13586122
11848669
5992701
16690384
12516134
13482626
12409128
16183807
17785750
12055788
8424889
19127908
18568134
16626167
14443459
15661497
9423640
13348286
13415060
15395980
13234214
11271291
18953855
12810296
15372411
13824153
11765861
16316593
12840010
12014055
9324520
8827060
14504148
11700459
11137279
10704684
16702883
15362692
15503261
12352786
11928547
18654263
12261890
6917981
12568557
19129965
15697344
18674753
8363949
9941058
15542922
5564303
9432423
14901481
16245285
16850713
15261872
14023235
7928207
9278733
3522387
11921870
13153111
10431745
10991706
15975235
14829752
14689077
12903013
13356874
18050757
11494866
10157981
11736974
15518764
12894287
10728190
13604529
18202235
18013829
7623149
7167229
9314844
15137410
18227314
14537074
9480368
18347523
8442781
13773989
18941971
17795830
16839145
17539938
17661720
3460789
15464822
9819318
17955873
15366615
18396469
15870058
7536973
15727750
15637681
9430751
9440488
19272072
10650282
17000702
17309717
15786522
18278918
8070910
17313177
15598191
17080557
17633743
14838228
12524725
10629760
17534431
10648538
11772424
11927385
11770432
13364440
12451499
5623573
5618239
7534132
18012646
17316925
16195801
7665956
11593543
5176314
12272352
9631737
6898299
19015935
16764301
14757633
17508659
9006586
3986200
11940965
8095825
16757610
10623210
14785712
8145542
12560531
13859923
11197356
14139477
16437067
17736706
14478946
14181697
11126271
18164921
11884342
15093720
17189633
13724987
8180198
8914033
15034937
11598457
17707126
8137677
8367954
14852500
14372782
12651123
11397322
9400817
8142571
16584540
10552142
9816749
18031611
10651895
16834900
17500087
18929748
16595507
15312457
12403889
17084423
15697650
10914967
14681990
16789340
12224707
13003666
10315399
9836987
16683046
17051434
14654120
4135172
17356202
16706980
14704615
6168924
15222196
11048448
12603278
19467868
16132241
13401702
14969259
12995308
15232862
13942682
12106749
8361872
12894925
16929899
9606703
9634108
11206222
17530431
12314359
18946580
6395875
14287302
10894550
12851385
17052808
15010476
17583245
9108682
10711398
12356050
13549043
14749347
11204325
12711025
14450404
18363136
15008798
7632887
7979063
13768946
17086538
17177773
13752930
19049530
11398216
16521877
17351953
10540752
13948588
16918841
16935045
15546707
7729347
18237987
14462063
6324869
14484868
13836658
11723805
16839362
5049683
14307144
9261464
11365314
4342775
16054077
14257306
17440169
6032903
11246146
10217424
15583508
15765419
12660960
4373615
9010265
11354580
15591307
19202229
11333401
16478220
9351682
14333765
18806632
14775756
10587874
13127949
12352048
17031555
16165267
14758039
10841298
12379946
12087093
13246581
5414561
17599203
9022157
10731335
13155165
7749340
15019019
9365837
12930150
13282262
15592836
7777026
7867977
15827810
11547870
8561976
11134137
10855155
11994061
10865232
15461833
14986387
9452534
16482234
11585548
13805066
13056514
12280974
3080272
15269547
4175538
14971246
16731525
11288016
9542491
18150323
10642119
12968219
14088398
12357372
16099819
10001373
16718826
10156471
15609151
14235152
13288573
14470432
15089363
12605656
3317370
12429749
16824543
10220799
9038598
11203046
7543367
11460957
17068025
19127440
16035409
6969591
8296534
7412280
9916596
9824184
15763802
8045647
15769328
7337812
16421802
17584182
14382076
11528972
14706295
17042448
12400074
17333339
17135826
5578193
13940774
11931058
12112242
10959637
15929744
15588168
16812212
15384692
16825943
17758657
15248628
18468733
16455955
7819725
16816375
7393260
6538725
13699106
9324049
16924270
18420001
13274178
19056452
15895965
17598099
4273257
15164539
6146962
12943635
11615097
14927298
14843679
16446970
13413274
14082610
19033113
14657186
14241184
13876998
9516905
5824962
10365715
14871656
10196552
13327629
16495482
17430556
10692337
14069497
15291670
14733625
18032911
18637088
12430689
12873127
13135947
17170316
4378955
3995192
19513030
15171426
12733666
11465706
16135987
15688265
17245706
17044215
9993984
15556467
8630164
13022238
15047710
13692919
12872146
16062877
14845583
16398645
11086795
13033288
13688977
16442508
16028483
16723708
11896393
16560892
11809968
15559112
19301196
14164131
8936545
11349759
12196139
17915556
12768379
12797623
15772251
4665823
15985763
10080042
15702620
14716480
9732785
18997137
13085067
18807656
12710912
11201779
15376917
14748307
14815226
13951043
17438051
19115316
19247916
14175459
16153327
13719180
14662384
16294203
15554072
17361488
11050528
16766763
12176287
13855480
18209750
17382832
12134133
11700276
11195378
15423288
8601011
13082372
19080708
9488240
16857623
14390242
9020345
10954807
13546119
17830580
14355178
17050063
15278347
11888166
3872861
11462081
10520590
18335796
10142290
12637389
16180565
9156878
9285882
13875955
9537188
8209098
11740129
11082291
14046266
13930373
19374763
11876891
13433365
16958349
9262174
10869451
17908608
12605006
12227011
17957564
14901110
18174585
17940692
10925937
14857704
11215089
19557745
14696328
12879979
11501396
13152646
6901908
13369345
14017361
18626100
14433721
17667635
15183847
14958585
18349032
11401571
13367140
13591958
17110397
17008796
12733339
9608990
14129079
15444032
9060768
11965139
10048850
12988851
14594088
17785711
17990775
18350565
12190612
11008741
8163967
16887115
10065504
15470771
9795085
7455561
9207280
14628116
10608912
7774791
16990985
14291239
17629342
16527234
17571229
5852639
14894091
11653092
10519085
17128398
11565269
14345202
14557014
12087788
8143542
10667291
8988992
19431209
17799950
15551311
17890620
15805774
8688137
18110257
9633314
11628012
10079354
13998291
8215905
8432700
11248869
13664305
18147688
15723017
6843589
14272765
10425731
11080452
10327501
15550165
10204763
14934720
17510070
17446260
6760600
12265039
16202784
15532594
10260615
11486624
13525633
13675361
13405391
7246635
9882944
19056220
10517590
15681011
12481529
11847312
15111782
13165601
14668221
9427355
14362804
11087965
14680597
17947233
14324329
14712759
10366405
15136861
12437168
11373088
13252159
13099516
12589600
5678875
15455135
15543986
14422558
11298713
13923943
9320808
17077903
16577129
17396023
10905567
10818780
13454606
18438238
13530658
11792658
8354177
17515306
11323592
16052164
7394596
15926495
14160940
11469812
14136213
16988556
13053195
10260595
17592294
9435432
12082653
9895033
18054276
11070954
8187457
13947654
12197508
11967013
13514395
13460270
11642002
13269178
7985111
11262383
14342875
12956538
16847195
17029611
7348604
18408932
11009999
15418745
15904903
17699880
16492629
14332454
11492844
13935438
9032817
12442931
16111214
14499259
15936045
11644621
18921117
10387619
12421362
19207476
12574725
17190842
14435706
12185949
17477570
13988643
11108979
14889917
7295028
14667789
11782071
15121261
6180340
16101826
18535604
6718286
17079781
10666679
16178860
17387918
12599430
5107534
16545528
5362522
13108349
17683318
17418470
9494267
13335337
19343722
11575338
13181070
12688932
8257746
14097132
12511112
17511553
17127334
14447319
16744947
13758207
7233392
13767450
15717228
11647843
16902546
15982918
11519383
17446218
14659840
8369322
17148785
14927048
15231470
17925900
13068953
15877098
5161373
11531394
15485713
9365907
7712053
17734651
16801784
18558389
8907147
13503568
14831103
13543573
18620351
15454353
4747413
8117672
5647330
12599780
15708710
6451683
13856693
15998456
12807222
13379304
9649209
15194542
11634926
16171633
10071850
15419238
9686126
16186188
10749498
14910805
15377828
15987809
18135633
15761935
10481295
14014228
16753647
17196291
10779287
18681021
9417505
3471820
9572257
15656172
16042816
10472766
5816579
14324861
17347043
13617614
6108043
12268697
9333680
14787906
16689144
17310014
10638786
11594080
12925127
16289599
9415477
14065854
16814394
9763903
16042536
13706775
12296618
6697249
13158793
14531772
15859655
18271079
7387571
13965404
19319930
14091926
14427084
17383137
15288617
10702023
14019632
9395157
11614950
10714486
13915695
14790876
19127336
15973232
15403713
11568262
15111975
16542346
9097876
11608513
13007162
17921192
15008375
4172867
16187402
17161757
14490943
15517767
5151799
13355098
17076318
13679500
9091148
13821045
13626199
19422045
10883856
11429585
14656826
5636342
15963221
12313580
8784504
15789988
11006482
15281468
6104628
17690426
17213436
7771028
14614849
11055595
11498757
9411274
15111099
10791336
14738744
13980705
8447642
17904974
15467893
12527492
12134186
15448503
11274262
13016147
17511954
14169155
8605755
18560319
13924466
15371955
7776233
14467446
10868878
16095510
10314375
12693953
16529290
14008388
12285304
6328759
13677661
13042261
16718556
15829287
17658801
14072326
13222371
13477626
14343802
14154557
15748034
15065103
14197217
9815725
14964373
18512266
9517920
18413360
14455494
10103058
13871982
18118054
14758495
13216224
9635848
11977346
17167307
17324889
16117272
15024289
18124776
17734375
16036268
17786855
14130804
14569662
19504375
10550254
14014070
9175341
9939970
8681016
13800709
11550536
10231588
9812345
17041497
7550310
12268883
11633294
15334902
12459100
11698048
10394954
6942823
10065636
14400114
16235459
13296074
16116398
16163629
11735204
14019075
16168117
16104827
17011404
7533224
13847544
11205636
13973155
6719645
5519557
13301441
17716030
9446615
15164993
14260214
10903749
9188907
16665082
15297520
5400811
16040265
12533078
16936195
14914659
16837405
9299687
10886428
8557714
19436976
11745636
15356916
14081309
12488438
18144760
17642697
10081739
17585041
12022813
11848619
14067827
15331935
6809712
14756451
13180937
11642194
16513139
8600048
12925468
15681896
13160094
9552582
14610841
14121809
15848042
10439430
16783586
13029444
13200691
15417838
14449265
11954991
11465961
15318342
9703458
11661689
16923519
8850704
7086733
10655823
11924554
13442347
6645811
15715805
17954822
8838114
12280120
14343496
14169756
15877985
10429466
12767304
8334712
15050629
13438529
14694964
12700838
14191006
16214478
16629480
12789845
9323072
14730749
7801332
13616669
14322570
12684127
8399282
16170746
14618854
15368298
12150575
14673983
11413187
18561070
6938798
17623534
16490490
9290082
13199172
17218513
11748470
15823129
15010315
12737338
10366435
19242244
15359700
16948471
10507542
9993794
12838438
12108895
17362391
9268744
17358897
8233499
9252515
19053131
9317311
16947529
13089707
14089461
16439863
9217193
13921462
12193778
12407526
16265325
11740715
14455181
15157721
19671994
11546606
9986341
10323241
15789863
15781899
13479179
15878949
17242489
15634770
12864730
16168070
6420152
11435528
12728238
16306295
13257436
7990567
12603366
14216855
14289204
11053448
14281210
8457988
17794398
16201145
17929107
11072548
13286553
11154378
10410645
13677267
13485633
12792492
16953131
16753636
19046798
13016533
7254300
9435668
16442036
15592466
15817677
10223966
11738414
11485237
9810138
14198789
12661586
15477711
13500626
9314495
14014199
15076246
16189519
16188697
5971240
11138602
13288223
12250226
9166680
13889672
12312988
14760657
16780619
10390869
14409154
18088076
15004003
13381163
14253450
11562333
17432671
8039944
16214287
9681327
13509425
7994685
18718614
15937992
13890021
16322390
13315129
10127036
11943583
8804230
12902973
16991603
9362388
7464427
14705945
16814815
19397019
15757260
13132645
8166612
14671020
17658933
17550034
13449010
13553501
6890645
9429265
13189454
10843056
13686475
13844664
13710369
16294504
16188250
9536190
16833786
16289763
9881172
12411462
17885946
13996131
13042843
13000064
18276310
13644945
10051037
17335301
6274641
18624656
19805075
16218469
14130443
15196152
12217000
11922838
11147606
12329922
16932743
9267928
17961577
10871443
14927608
17336868
15507600
14788026
17101665
15759979
4851486
17904020
12039939
13982677
18819890
12614398
16408783
14043547
16630462
15699678
15649177
17924728
18461456
6568728
8407120
14202772
14672765
12317127
15289312
15967820
17899841
13379238
3387954
14184638
17395119
12678221
15665963
13533259
6596478
13337223
9111393
17283783
12234706
15430967
14224119
18244928
17751376
13479274
13613617
10707212
13618552
18870410
11876362
17711649
16672425
10061567
10507303
11665437
9917843
12478992
12472675
9062818
12613846
11446084
8328295
14617721
17079900
12096801
12566955
17202668
16198571
11765988
14245487
10302010
9594931
16429784
11241675
13966578
15709448
10898697
13246919
12496775
17988880
9058962
19618886
17384230
7177039
9199537
6049059
19052090
7202089
15255665
17069155
16261121
17980752
7778016
10999430
18208207
14966195
12078738
11820228
7544036
18134941
6368190
14318732
16022742
15745739
9992592
13520932
16626393
10784950
16697584
18466271
14200881
17200218
16967031
13871595
13303482
14153914
16441082
18691465
8359146
12160009
11938723
11044486
9300828
11621785
13639422
13579880
5878211
7854349
12509279
17672888
18829386
18430797
7778739
10898302
19327943
14676027
12357095
15073043
15302844
14632676
17980928
7020465
16751030
10101208
13895815
14049815
11353193
11774001
14212494
9573869
11017887
15965046
8359991
13574164
10503114
17052928
19370760
18357864
13758916
9421119
14585209
8862385
11760396
9588068
14792049
5862291
13944290
10594461
9862738
13220075
6467515
13517539
10813979
15237897
13825957
15429469
14208364
12072673
18367540
15434777
12669617
15898044
10659965
11983432
13989901
6423366
18242863
16585364
17714721
11907261
8849448
14898453
14245336
14319666
15100829
16089894
17936768
19613639
8214489
5689697
12123846
11297905
7983510
11250935
8730579
11122899
11671686
11552437
16951062
10024135
15673230
10042006
11137914
17003856
19060897
14959227
13252692
19170254
14154549
12138551
13248767
9493814
12722735
12240762
16430037
11697437
13536837
13640415
11734653
8689915
16002585
15123215
1982248
9089887
19353414
7972018
13638819
19283578
11644341
13913360
4905815
9723541
15296389
8691606
19040012
13327748
13394060
14571763
14387382
16994651
17599813
5593435
7082883
13253813
18992823
15589037
15761849
15676705
12506042
9325575
11214304
5955783
11129753
15957309
13629572
12616429
16819836
10079194
17139377
15176182
10853593
7526249
10471736
10855079
8392171
16483824
17227296
11398401
16036370
10412103
13710169
13547597
14422394
16121679
9911052
17055590
15270623
13099860
7284213
14901209
8088390
7521405
16893827
10377073
11272003
11693078
15514988
11611445
17086947
14341947
14147144
18396517
11795698
15610682
7334127
14236912
14110462
13270010
13505323
12108633
17928455
13881036
12237064
16466817
14844722
12158414
12410036
10923365
15776029
13847837
15377195
17483482
10820923
18562256
11818401
9627043
16499296
16883679
13838440
12491138
13753715
17626301
16988530
15189230
10113166
9087721
9384027
13875221
15901285
18049807
7566415
14444144
16079202
13925369
10502165
9783743
12284402
12114026
17229606
11255667
16096412
6227665
8326372
14944728
15835524
17630983
17785218
16284211
7089812
14152790
5541124
17951607
7188985
8093060
11592675
17319570
17806939
12142466
5557568
4580144
14318353
12032619
9962285
11431021
19249770
12297449
12092498
14790479
9095891
11372920
10289478
15362334
8282937
17777513
11633137
13304903
16546608
11898834
17445189
12335362
15739535
16951974
7464818
15322684
18484552
18128440
15513546
15987691
14713125
16384414
8689211
18834992
13373041
12145175
8013892
13379861
16442750
3175075
11703327
16063213
8428891
15438945
14285891
13909005
8493628
15011226
4414583
14841243
10139188
6042802
16207837
15518702
8287436
13581589
16969308
13263576
14061126
11285936
9604365
13838121
15337334
18967493
16836428
9332614
17152567
9572283
15194545
18843700
15596358
13798857
3856689
14674323
15517506
8851994
15834150
8084975
10024821
11319035
16843198
15402061
11659189
13446828
13799497
5741260
7737722
14549726
16807023
11279215
8934326
8362256
11871787
16578458
10273775
10841745
8392851
11407288
7658450
8285659
16429345
17009086
11840584
15091454
16171776
9188448
18836330
11828191
12269995
11460712
13619315
17058024
16372934
13019796
12647229
16848312
10120439
11183231
14404833
13011628
16572667
7635239
11125336
17574633
13761687
13270809
13525861
11563417
10637661
12937881
15221679
11682354
11603084
16849791
6533177
9163864
17107153
13649014
14729074
6786062
11859345
10656829
17393959
17015418
13228830
14693265
17883342
9641810
11209952
13853660
15747845
13843064
12106097
13384674
12438533
13592088
12727053
15188695
12780067
12371842
11072135
15828871
14066272
12501406
13987987
18117663
16427797
15075603
6767282
14405774
18516343
11140545
18468197
14316103
14235943
17736663
8922338
14089628
12448478
10971579
11539401
12055945
16444301
15982917
13029259
9868778
10627616
17849079
13225456
15084123
13455617
11218394
18640416
9134443
4865510
12710309
12204985
11027067
11042310
13078931
14267326
10063593
15536807
11691766
18454640
15536759
7927582
13146797
8007400
11749775
8690043
10186748
10611909
15040998
9218881
15308257
17974273
7722258
16369300
11906842
4787651
7625097
10258055
14152936
14522773
15471872
6248512
17269230
16349108
16372426
2319861
14961651
18606698
14393191
10823732
15024901
13467378
8660155
13720884
13889084
7591877
14102937
19017515
6862450
15781515
13256145
10188410
13250534
11256711
18047462
18700378
7279458
13268897
13291942
12605552
15399432
13319178
13895091
14900451
11732129
18861627
13916877
11990652
11110228
8512540
18914467
9693757
16271543
14601305
10593018
8728253
19287615
9040463
16208144
14725876
14269365
12490789
8747256
9826997
11356020
16488508
14440920
16028996
6619989
15146296
14959459
19503391
15807261
10276620
10309430
11433487
10348927
16816297
16113700
13094327
10576633
11659376
17808837
14599775
15792378
11585636
13224127
13256316
16142346
16013811
16717346
15931338
6590888
12903731
7560555
16598186
14551010
4464531
7442296
10751883
15770061
10230184
2468772
15265352
17476480
8816348
12597653
14513054
10466951
18671789
17172288
17556611
12993325
14772437
7553047
11088809
19060995
15170372
19141387
15853403
17418780
8012643
16849938
11005272
15966109
14257070
18305880
18900644
13665400
16662048
8364226
7355046
19686913
4076227
10974460
11622046
10606281
18519979
11472050
14035458
12588009
14508396
11413398
8831925
9481092
14783250
12279665
10422062
15593772
4804671
11546589
16067244
11960084
15390187
18782950
13471421
6916287
13096417
14156590
14203297
16561444
9318270
12292473
15671938
16239981
15602993
8189565
10209306
12019701
8870551
14487916
18193124
8303813
8993966
16086375
6567746
13787600
14367682
7032853
9157794
16870339
11444566
15092647
10634817
16360517
16894905
12712686
9951510
17649669
15118572
13222576
7588433
13914097
15969996
17212745
14266403
12378201
9714069
15080407
12283034
13086227
16378864
16499250
10088378
12378011
10675794
8644392
18000922
15052653
10303845
13127020
4485015
17739305
14059332
11171905
12245903
14937856
12652348
15031753
14037043
9814660
10514008
17511793
11325755
14088392
14025367
9335061
16775666
3224837
12750172
13328551
15962486
10405850
12762420
14054326
8497543
12031468
16502724
9937466
18126071
18427666
18751990
15716778
13316140
7214275
12617248
15544521
12759895
9931796
13603638
16280756
11598549
10522792
15459896
12701955
16624790
9386235
17040277
8701442
16280970
15957092
15848022
12998672
8921694
14178932
18907395
10024594
14331813
9243747
9434914
14722745
7435373
10765031
10211113
15993816
10139199
17133467
11722947
8513143
7588523
13408780
11995217
5824090
8980487
15058931
10489706
13900500
3167195
10774774
18947458
12895144
9157086
14290611
16558619
13355990
11886878
17024952
5471009
12657916
6768498
7533248
14954988
11652006
7252343
17473236
15119948
10680862
9352166
15968254
15746062
15633504
13550285
6345683
1979751
8043047
13588346
18536364
14435631
16002583
15322074
13237051
15198339
13927144
13164822
16066928
8875373
16816172
17055896
11410515
15709740
15467966
12791048
14787632
8710274
15752914
17655149
10262553
7342944
17271337
14321764
18162679
16844075
17448521
10061960
16471298
13141263
15158409
4911505
7618139
15751117
10237171
8301542
9575729
11381764
12620890
12698552
6932807
15338486
15831559
14500859
5662835
18534709
10666043
16895947
13926059
13691761
11448557
13946706
13664115
6150762
6603195
13472300
18163322
12356050
6466242
18373216
16317008
13961669
10673881
15285772
14433138
16640566
18696290
15448070
14605808
4915090
15346717
15302603
16487245
19246029
7262767
9036724
13083670
13742834
14334149
14657732
10405948
15228565
18431163
12261403
18725103
13162191
13131574
12622991
15890275
8889293
15981974
13980130
14481829
11160653
18356725
13752949
9382978
16538218
16255792
12857269
14723316
16660525
12210858
5920041
7301448
15727755
15551906
11518158
14410209
11156447
13852167
13908097
19126658
8253955
15163177
15985049
8811651
18575639
8778788
16164076
15554703
13032375
16406613
11276016
11907244
12201065
16105764
18426068
16496807
18308487
16662905
16132771
12919841
18501981
13624916
9201194
13579354
11159467
17637654
14421930
17049173
11356182
12214308
17775301
15215599
14312124
12504466
16717447
12434963
14097311
11776772
11333168
16542830
11968496
7690372
19392687
9239842
17887083
15070409
17895827
10018282
8616680
6554307
12275623
15890599
18553595
12930805
8260332
11754309
14638965
16969713
6418235
16806220
15846177
13194664
16861109
13218618
8469328
14687086
13468644
15436369
15970007
5883003
17229011
19064424
18739947
15082686
7162532
14386322
9617575
13411999
10961304
12357419
12747469
13416358
11997906
15359224
8505209
5912236
7886576
16904858
5428454
13474835
11697179
4851026
14014455
12478118
17067844
10949034
7691778
13458334
19185989
10445521
7149914
6060177
15923473
14089197
12947928
9315591
13960415
11895073
15283271
16897359
15718515
15218228
14850822
18223964
16614929
10924380
11089421
10732956
14841767
13811735
15333761
10905613
13187879
12089416
17493304
8643123
13748355
6290831
17966861
18413978
17500630
11673263
13797231
13340175
8303137
15016833
17998974
15542558
9345378
12292472
18713754
14231679
8059067
13108694
7637833
6142220
15205967
13745263
10123679
10530377
11135423
15102066
12602065
16405328
13280776
13111037
15961492
9112687
19433466
9873687
12987687
3711725
12952670
13676774
16648847
5654047
14264389
16180727
14475270
13092522
15185293
16711136
11737093
15627276
18463470
13958164
8630545
19687260
17100729
13511464
17253505
10425628
16678791
18406972
10760340
14637092
13382839
15206718
13699773
14208499
13799773
17018471
14109677
8592624
19106133
11306908
12968602
12874847
18337524
14792577
13835990
13254010
12551755
8951225
16028764
10641211
9358645
15966963
18541965
16937706
18621182
13266319
9708031
12826604
11635400
14507216
11914488
11139545
17389434
10426736
18035056
11141676
15722400
14842263
8022429
12813525
12431777
7081537
12985656
12046858
9152598
17220936
16251895
6478343
14036652
16411462
16120697
7698728
5097494
14576724
16211918
9536312
11927375
13255162
14285058
17763680
17878745
8952622
10260578
12849035
15158871
15571832
11791695
10631444
12093683
15625600
4792431
15725162
10296785
19045012
16123133
11591931
18048218
11284841
17551800
11631458
16223934
6714079
11987451
11729071
14037568
14901295
19546530
6550310
15643113
12858645
3244203
15069665
13427879
16054835
12634718
11650206
15094414
10231592
12630467
13927648
5354778
14107636
11841616
14648670
17292387
12746235
18525697
17133261
15536411
8127336
12316864
10410281
7366256
3814250
18121017
10115158
7793630
8379539
17036017
15629595
17378082
2500904
11760346
12325441
9351506
14916054
13339017
16427184
11527495
9630834
13936366
11101204
14065089
16786489
12166659
14446533
9027916
10725926
7488512
16210363
8709920
18201852
17268928
8786089
14176420
13881001
12239407
18565468
11263895
11925140
7369286
18060287
16485756
9177912
12805948
14823508
16283709
7753934
18018738
14857403
13129344
9379872
11606963
15929461
17882098
19251270
15511989
16690654
14386916
4430845
15927110
11793715
7372551
13702198
10403824
13986132
16791544
9660188
16789216
5825337
4538664
15302703
13766164
17870141
4709716
18169630
16533491
10770170
17050096
16409049
16551930
15685706
8437640
18358481
13981492
13576316
13084337
16622604
14097618
11618043
17730670
15118201
7587025
16729860
9298335
18192600
14488952
12487427
14195068
9738641
15039435
14199380
15902457
15294924
9397183
10670721
16839834
15901330
13972219
18547409
16061309
13863813
10748492
10041186
13666363
5491413
14600132
13310481
11524371
16994147
18944572
14765995
14052242
14804991
10375291
7032050
17240371
12402806
6299059
13460041
13464162
8051312
11137809
9708415
12007903
11732306
9982062
18016504
18226603
14489226
17957551
17403177
13945790
15853881
14044465
19140387
15697435
11992506
12421421
3272805
9874665
15415727
15592197
17014751
15582942
16626453
15343879
16512653
13788226
9537978
17360101
13984906
16956378
17008905
13160288
16361259
11912415
15281300
15049824
9293416
13053982
13064306
11164358
11041832
19667029
14188711
11804913
11738054
9727491
16108819
12201775
17973988
13994352
13915663
10395538
12073173
10714244
16202123
14375348
12385959
11892217
14087647
17957018
8756146
14972137
15325772
13810021
11184006
14450821
11613384
7304581
9350919
11319474
12878672
12436332
10113603
9633725
12637686
10193935
13863595
11215220
6248573
12527848
6809897
14602211
12543407
17924500
17816832
15691270
10683104
17824467
17147946
8336884
14477635
11384940
17017803
11202931
16003084
11663795
16957931
12962854
15657814
16861072
14257120
17066683
10391759
14416918
14871700
14258948
15727133
10196861
18675035
6917775
14512441
10320096
16090693
15801258
18829355
5465985
16025526
13368922
15708477
12095996
11240289
9849868
13206142
14427450
17893786
17418546
5192213
5478049
12448911
17057281
17800270
10452167
9440317
10214829
15773275
10493794
16615829
13505351
11831034
12246558
11201094
9241816
9478418
19387324
9154255
15097481
11619571
12624431
18241411
16993949
14071797
11547693
9773492
15285122
14395342
15207262
6982372
14380043
17821706
15117673
14273556
16204156
17715294
11085183
10337287
16658673
12013968
9576132
12706654
10328980
10821135
12571200
13079383
9084464
16820525
15945716
17036710
19250008
11458664
11895572
11083521
11482084
17723296
10389828
15105913
9959453
15958616
10030681
10459006
13778128
13276856
15593742
8095500
12870934
13741595
13940851
12698051
11324713
12299587
10392317
10406719
18168253
15496172
15640509
14518757
15854971
12850614
9069160
12989593
14112251
14971009
8917750
15202114
16093538
13005528
14386340
7580156
13984015
17590678
14242377
8134099
17578117
8204132
10152239
17176039
8675925
10642520
13550047
15426203
16176600
9704160
17050121
15628060
11152333
17402774
18323481
16962710
16193800
15936894
5164222
13101269
9933014
9345751
8418757
11056907
10041320
19091876
8429383
13582856
14867109
12986454
11227118
10495556
11317441
13913875
14559930
13247796
9158954
17012387
14281792
18815030
12350855
11978988
10322957
12302601
12637152
14175568
15999448
16036083
14297333
11954065
14734617
7136596
14121437
18739838
8537848
12366074
12862958
7551829
10924106
9299491
13554887
9465676
10432545
14031990
14402433
18375959
9836323
8472581
12890510
18851355
12256779
9343333
6737145
17526181
15374799
17907077
6042808
16109751
6055926
17289094
8274734
14623932
12181573
9296288
13681692
10550334
10251994
13380967
17091743
12597953
5730005
13304074
14153231
16513374
9228347
13866305
13075941
18998514
16617312
17055346
15297871
12115231
11505043
14758769
14838371
15890793
15921072
9215888
14866764
15964290
15978976
13452247
14104045
14490582
19665242
11134605
13364524
17342824
16797481
17686097
16897400
17568456
16746500
13277326
11445010
6932036
16903301
15967374
11102436
6738296
16865304
10369239
11654971
11253937
9385870
10575216
17013366
11718267
15135674
12956062
13891852
15101680
15532691
18864238
15378093
13346527
6366422
15180082
2802192
15096555
4924831
9349041
13286802
10729297
11617508
10977729
13628682
14580272
7167264
17581633
7331043
9960309
12227389
12217983
14368124
5317820
16397386
16740277
16977785
19240921
6148017
15301650
15335787
6951716
14971590
16949538
9490824
12782173
15169257
13638196
16444432
14995289
16731513
10802254
16440229
15920935
13175300
6860924
6016426
17579166
8567781
5954476
10208677
19438484
14149354
11165513
10853347
16339244
15102050
14650312
13884407
11123161
19507250
18526642
5186566
13752013
18503219
16855952
12721808
17314740
15942448
9259136
14326103
18620714
16401131
14098769
17816497
8697655
15894469
13735434
12944484
9779453
17105979
5525591
13880398
9841385
15327077
16759960
10817700
12800122
16666165
14809641
10963275
8347769
7689149
15696673
17259864
15216694
17302587
13886546
15806966
10801875
8059605
15558629
16364258
11410399
17543517
9647711
14672785
12017770
11010083
12338061
5399240
10022940
18397754
10011416
9216750
11062281
13837839
10194782
12655774
8434994
9943577
11974054
16621842
16118974
12525095
10268807
13708106
17379737
6465060
10754155
15257676
12635119
12014996
10186264
11767870
14350771
15246884
14998622
15072652
8496839
12968171
17765295
8526757
18250052
17559857
13732871
17514971
13544383
12834094
9403988
19761823
13401103
11775889
12175736
13412858
10147002
17536140
8360951
10536402
16611347
16224522
13775100
8159492
6529055
15843825
12656738
13938278
5430218
18057770
3871572
5540692
12045936
13635242
13728066
18076014
16416157
14927266
15926630
18270886
12614586
15040621
9299341
18043550
13887220
14510877
18582045
17547700
8912318
12310602
12124447
15951198
16289417
16606639
16881057
12968215
13712325
15120226
17467837
14503974
11671663
17214705
11198204
7636121
6357574
7936297
10866715
5842057
15234077
4044525
13879798
9569567
11040507
7338822
17036822
6773958
13827618
11300170
12689467
10248958
8594949
15579935
12527628
15696289
18347613
10880321
9837266
3537168
5618610
16997636
9231454
12787310
14075375
11366718
18113009
4718913
19659200
12828160
12309719
16838257
16649894
13013145
12323121
11424892
17763477
9888569
13416776
16129814
14780924
12117695
12720279
9534542
14019096
16306414
10483494
15391176
14293040
9507384
6871103
15671677
14557808
18189770
16437449
18702691
17339693
16555648
13391469
10433211
13376952
9553674
13884295
13775737
12436888
10733191
14033412
15447321
19367036
17125546
13908817
14212300
8723302
15021850
18379293
15420317
18703798
11271560
10903330
14535654
9135488
10256718
16847409
15035336
10687470
5736896
13029869
17471251
16083022
13773287
15617161
12809071
10171968
19013934
14543707
17665320
5609448
11064249
17162075
13039901
16121124
12327255
7174392
13216012
16531883
17037292
5388755
16270122
15566817
13446333
14185708
11603083
16234325
17010770
13756685
17304504
16311746
14105232
13785992
15613610
16939540
12638613
11876001
17875492
14127080
16209090
17085937
9399575
16252555
18277156
11916525
14770547
15840062
16318292
13506996
10369222
11974440
11221729
10689444
18889366
15577692
10637124
11168510
10474967
16748456
10694394
11532803
17190086
15115364
15950266
15880330
12742219
11615975
17180678
18726114
17245808
2979707
16644650
10287905
9847816
12185701
16421728
15826222
10295328
10045968
12064141
14965940
16936855
17478584
12462788
12543637
18001857
16191200
12646511
12756498
11049815
15038567
9901300
8688589
14980125
7194010
5288341
9781608
17465721
14240353
19735937
13323460
16726176
3689496
13369224
13055802
14956655
13194391
11968476
6469298
15093911
13409867
12133704
14177643
13871304
11528284
9204938
15141425
6450262
19331340
14572050
18579023
13223054
15904326
18704961
12924587
14734473
18127000
6173742
10553298
5926219
16839399
10444339
14908250
15189508
13299759
10760593
17127043
12606408
11637087
12227065
16903529
18161959
16577756
15734196
15134174
15945769
10264411
13446500
9961033
12693706
7765914
7065644
16477504
12692497
16054059
14592076
6585473
6697740
18985560
17311511
18286660
15904853
9658090
12981420
7163808
14435653
18736361
12990562
18452231
11093621
18838347
11252869
7665142
16625994
6429399
12457306
10005893
11589063
7351198
16370731
18138803
12515102
17625723
16553076
10689774
11340749
7592847
14276007
16189391
13265778
15058101
13367492
5616792
15757740
18034106
15251804
11748535
6497828
11958124
13837084
8927760
6686686
11359011
12252134
12057738
10841355
18078190
16161442
19009123
16145100
17887591
13593285
5733931
14068957
7642984
12708629
11396105
17459400
13449514
8380066
5528812
16055759
16564080
16904864
15341002
14029421
8083052
16205923
11250641
10934521
14212099
8541176
12988707
11631875
16786397
15346743
16194226
8649160
16384947
15978523
14285626
9607367
10504346
12831312
18363937
12274152
11841035
17604814
12722401
16035775
14156364
15334921
8013236
10361798
15419868
6113524
15700411
12578601
13694738
15912834
14941727
18357525
18815829
9393458
13365175
11366623
15290906
17001180
8370382
12640073
14028067
17363216
13064684
7156337
13700625
3992322
17561888
12743890
13655358
13258216
16857648
9922541
15210815
16080755
13013822
8993552
8566849
12433268
12820802
18136350
17489072
17097267
11561861
13932430
10933494
13303595
14874798
14728126
18248182
8008092
16227432
11659101
13021052
8798408
9678495
10541743
7652227
15747665
17009387
17948110
15420010
7294094
7969543
13033704
13991460
8802660
10575152
10997160
19102908
18884478
3744933
17484344
14532128
9537122
18575425
8577431
10391829
13307025
7738385
17200574
10816736
16276009
9599527
12335768
14992996
9857820
17187598
16468644
9673466
9451738
14604240
16504771
1575904
8241411
15491451
9231700
16620150
17484397
14510170
8550212
17875690
17330765
5586368
12228430
16702171
16191157
18459083
14000226
10292210
14382784
13439592
6106239
16880989
11729789
10430824
16509173
17041360
13460058
18006884
17041133
13258468
17387559
14704354
5531178
17678471
10913227
9701955
16988876
14329058
8578589
10439721
18743929
13479960
16164052
19114516
14642484
13405222
14267525
13825162
15327445
17159030
11681333
15615202
15515959
13090906
14236824
16051753
17549910
15230916
11576341
18310596
13004324
15056077
14046615
14350999
8180918
13559954
14902050
9950351
15899921
8687069
11940898
15685398
7012741
6842810
16994355
11683131
11317940
15034537
13567063
11658303
18662289
11557774
13496853
14319474
9990140
4194142
10832832
16638638
11429153
11631453
10724231
17125672
14832995
14878703
12625091
10669504
14676940
7948916
18363753
17770324
13203852
10764654
17071104
15972118
14890169
13884123
17263161
13539307
11282626
11817408
12637770
12186441
16362484
14556847
13165544
13688729
8570580
8602289
11313870
6532612
18897773
13127394
14031232
13867487
7545304
17540923
3924694
9444922
14056863
7617396
11768543
16226656
6711385
11080579
10466675
12464603
14120030
14502305
15536827
15580950
19255404
16793956
12549570
11134389
13445899
17118407
17740924
17552972
9989017
10469355
12474468
13739075
18694289
12122786
10006821
18476951
13540459
18655420
18233110
18399523
12540195
9476727
10656124
11546482
10909301
12387216
8223866
15245491
10135224
17936506
13197869
14169958
12232307
7559408
7463557
12857501
11642584
12803406
17103517
8739278
18377020
13567787
13091154
7063336
13582529
9412358
12249968
15208808
15065297
12576078
18365876
14015905
6403603
13795511
17231685
13817186
17178149
14695500
14088377
14463017
16529905
14843216
16198769
16546290
16609579
19106395
12399696
16192733
13851848
12227553
7145665
19315974
14708259
9577297
11952222
17458043
9771252
13380312
16681452
13956163
13588095
17691394
8466300
14502522
15031431
12449808
14857686
17884343
13302211
17845952
19643935
13599043
11681700
13979997
15450305
15574105
8341984
17017858
12715038
3962117
6590717
5698716
12147549
18040070
12505366
11785862
16457821
10798038
4664800
13215282
11520592
14325507
17336471
16653738
16494164
10119499
8505292
12044949
9729019
15327273
15839295
8687750
9191268
14142276
11986036
9693641
16213222
6056371
16585646
10527310
12270427
15924062
11333236
15773734
13245061
10551473
10690528
15661514
16439073
9063164
19672148
12842827
13919535
15283435
14491804
5208238
13852034
16625797
13640227
14120859
14125127
18400762
19668487
12505014
17073279
10864810
11251286
17329530
16012385
12333677
12051930
14290362
11770802
16582859
8012056
13423369
19474905
7138541
15215550
9154485
14076112
6950697
18477364
11460577
10711452
15436807
15175565
13844564
15266989
10833556
12559719
16610565
17618163
13552553
13967777
15621425
13177204
9404721
13242855
9553630
13054629
16908842
14003475
15140678
17918545
10121121
10342017
18742496
18409891
11552710
19528643
15980636
13260388
8012493
14044017
17267394
12276958
13024005
13932977
12618381
14647318
14821849
15904657
16228833
12005198
12812248
7302176
13591771
14155781
8282527
17796883
4375581
12302768
12277872
11618627
15655553
8810894
10844362
7582530
14304731
11027371
12449120
18287872
12553121
6699337
11735081
11873941
11562482
14996203
18659790
18588811
19589141
9997353
9071738
14393687
9412694
9057672
9968341
13398815
11775558
17738161
12089770
5921820
16752575
14860712
19473401
6393148
10727419
17688464
8526105
15945536
14713584
14003070
6537022
10895420
10822391
8098500
13886735
15328069
7539599
9804770
16470791
12317736
18143592
16008977
12929148
12198256
16484050
8840622
16623624
15993181
8980680
16000036
10713532
15264249
12613010
15862285
15656367
15358160
13340376
12004812
8892036
17727819
15203264
11692349
16858688
18127883
9415988
14525435
15386653
15455883
12735078
6115043
17502762
15989759
15731132
14377495
13921005
10358031
13213233
16947397
17245127
15523821
18246622
8995534
13825466
9016844
16391630
5846653
16155987
14841038
14858642
17229813
17833891
14207062
13749939
14098348
16905915
9085261
14908279
18068300
16199347
15883368
10433272
11337419
13542505
16470699
11033812
16905498
4946936
16533618
16747881
15489007
17615264
18393451
8225923
19773633
16371231
8930595
8943841
9629069
18484021
16010922
18799355
13320341
15422625
13606784
14304681
15046396
15678583
14421515
9013158
12524244
10316016
14892249
17700388
13701512
13370887
14505947
18537488
14026367
13127811
9780376
11545506
12655038
17047812
13666997
18518404
7818591
13953650
11970157
10831909
19330822
16734905
8014270
14375691
19010652
14540395
16918713
14715632
10140148
6812932
11554965
17633157
13912190
9183201
15146677
14549295
14049877
14316421
14899572
14376371
6382378
14214009
18597016
15096423
11324468
16778196
10286093
8750664
11739413
10668573
14676865
18311796
12281062
8546185
13808864
12385120
13185090
14540612
12675552
10470416
10817440
13290362
13222956
9799362
16945880
13391989
9961932
6766064
8050898
15729519
15779579
19453135
9833768
16270597
5601099
12015669
15574395
15310608
6799246
17050315
13216601
13892924
17961297
12302368
8847766
12211664
14191735
11520528
12500698
14844673
12001867
16853986
9539069
15971961
12232750
8537027
17703333
12230172
14018709
11599138
13487064
3707349
15202450
10921949
16371164
13828180
12827100
7614028
14380571
15664734
13876276
17083171
12481160
18555001
10487085
10556802
11857973
15322958
13410552
11696211
7401240
14475132
18251528
18201397
14567619
5935916
17518575
11330933
16499668
7098831
15074956
14394454
10998614
12151672
15255389
16900099
13839252
14799911
7859606
10470324
8965093
7540296
13395181
14952142
13998839
13450639
11242203
12411770
16032400
8000672
11286571
12752273
15552350
18191270
16564120
14001769
15831353
5416525
15160791
5457873
13024822
12277254
10276561
14122408
18565356
14940364
13049457
15036528
13350680
8329596
14549271
14007845
18110548
7138533
11510974
14281506
8850553
10488448
17481748
10776982
12748814
14933181
10202069
18908146
7352547
12027175
12192153
16746712
6291402
15771712
10631534
15543358
15513337
16107651
13872569
7527754
16822547
9092399
15576301
16774956
10037220
17308316
17380518
13166933
13328578
8234080
9707709
12256481
12182540
8406852
11685133
16205267
15738928
7625179
14288000
17372412
13599062
13044590
12006604
5799504
10372339
17861457
8893733
14744284
7571770
16787095
14837627
13222600
13736544
14373811
16047078
10306480
19012337
13228112
8666696
14979507
9073031
10423759
11939187
12203692
11690643
16687642
15112459
13920040
5983911
11546749
4883970
13378886
16712841
13953181
7900987
10155864
18017448
7190074
17283991
15129084
6472933
11221802
13499042
6418190
8054779
9819823
16072710
16238514
15736941
14315656
13286449
4729248
11538175
10037266
15645644
13577689
18162423
16003994
10803123
16204316
15594827
9412991
15871294
16656696
7942839
15488954
14410859
17963256
16339180
15955258
9576975
7720354
14569615
10086877
13816548
17295107
18496613
16364009
12266837
18917596
16310042
9784412
11657842
6995811
8785620
14204531
15802439
14792565
11627877
7246340
16969322
10521627
17543487
9794185
15978273
7168637
12751287
14298032
14788360
15044658
7913266
10330218
15579341
8563039
15237970
15293078
16490033
15007259
16012736
15008987
12637868
17463069
5122265
14533721
10915442
17012217
7676473
11777944
14078230
14339717
11609293
10671193
19300668
10313392
12024429
17929059
14299646
15273186
8520259
15219027
10773489
19348470
18928578
8744406
13700593
6939472
3802657
15561449
16433027
14057614
18225074
15636665
15968687
12266227
4400259
10615485
8359773
10281958
14459268
13843119
17982667
16886709
15335167
13040075
14477372
16215846
12272562
10267738
16425943
19512125
6099369
11452626
13333548
15106647
15484486
18469610
15117839
18505360
8250296
14723944
14164506
7370556
8410460
19259263
17438672
16260950
13356973
18340808
13676876
15872033
18532054
12779039
10320887
15175437
13819992
8051986
13366744
13440450
16491493
11238796
6663334
8352051
5529141
9437301
15970702
12540431
17451092
7062389
18637308
17761127
18223944
14214288
14340741
9838115
15487127
13296969
17295294
14382707
14856165
9416430
18765762
13128004
14381640
16588019
12509821
17017873
18293339
14090232
16449950
13352748
12642880
16516681
10967161
9165273
11262919
13715036
14099582
15319623
7226230
17682394
11948221
12128639
8481860
11724018
10962704
19108072
16965084
16773281
14421771
9718513
13632448
3745582
13015536
13084131
11603405
12201147
7539539
9564135
11676228
8102868
12140471
13732593
18651448
13166286
8646077
17337081
8052646
18235410
8743317
17345725
13087889
14029412
14815933
18125907
17658352
15829102
4066436
6785928
7918170
13795950
8561980
10285262
10738481
16259790
10841832
16603989
9185448
10317032
16708220
12794743
12837015
15841416
18873244
16834953
14798025
12815046
14374545
6969849
11789677
14573355
13257939
14631677
12551764
10978729
17205721
16939493
13952843
17315010
12917384
13390944
16799651
13698237
15892061
7805927
15029259
14953604
7851764
14798578
15367341
12644616
15464777
10839630
9783908
17638023
15796072
19297980
14216515
15391448
14562525
12304630
13941104
17491156
12597097
14765242
12097806
17927581
17933739
14520895
9542899
16995743
9435206
16392004
14488976
10188761
11197637
12019642
14543412
14046308
13545991
11442371
15770205
13905529
16041021
12485928
8532537
3018277
11528137
16371930
17935546
8612386
18967439
13914437
10938404
13020396
9826472
14590969
15621770
12578845
16321081
5119209
18260831
16116525
8183426
4595093
12498171
7203055
14391365
16430200
12150918
15404317
11856910
19305536
15221629
9350362
11182214
10278275
17907602
12528438
14976306
14459350
10075795
8285016
9724699
12657408
18381552
7260934
16334750
16149731
17996069
15368254
9575189
17514033
14237002
17494445
17111941
15714882
14974191
12762310
15756128
12844419
8689114
16206562
14917474
10129565
17419850
16651297
9935731
11388123
17626570
15407072
14626437
16924941
14594480
11791028
11295395
11731248
11918907
9191403
13454629
16549672
8845684
14203915
10980339
11534576
13080576
17428405
13269138
13612729
17184187
5209170
12707992
10671346
15571843
4982971
7595806
16899545
18856564
12195170
11706480
12402126
12057866
12981054
13877044
4337340
12095355
15165465
16603506
14431223
14775947
14386753
14802948
14618652
16489604
16200906
12917719
18604627
14842773
7583924
17233278
9737250
16104091
13263164
14722442
16560176
13260933
17569155
18929492
7721411
6072344
7114539
18054652
17284185
14771928
15850670
13859748
14667928
7373970
5678201
12504541
11552916
10909752
17131668
14504314
13144255
18679751
18220577
9080139
14536548
13388975
12555855
9226021
12161587
16069582
14767357
11740972
10919934
11542165
15853141
12578329
12714207
11319327
15226778
15500458
9109211
15320701
3551031
15725149
14307102
9550832
6679859
17717848
17172310
16531403
5446058
10347267
10329842
7377801
11639705
7253742
7762330
9036060
10570841
14787778
4282446
19582315
9771258
14165712
10677280
11435087
18568962
10874325
11207062
9715313
11410141
8085465
9132113
8551772
16978215
11559980
7864238
15459166
13289799
15026155
17158297
13103547
12070209
11564018
19138984
13199849
9508098
13058238
9080848
10047764
14106515
8475200
8423708
10017976
18579871
7428466
12303611
14543419
17553092
11175129
14626326
18574710
9880468
13723759
19252343
12857676
11914455
10582282
19081542
6496203
17105350
13066697
16897427
12454991
17797918
11952308
11848639
12268042
12394257
13387863
6578176
15821411
14762541
7185674
12620342
5626702
14577508
10757761
12807764
15542174
19347008
14130126
11198930
14919963
9168728
9223973
9374186
14379978
18766977
8125105
16598477
18534134
16625833
9437656
10455237
13089904
13577868
12416673
15707661
9415341
12287559
19338334
15001190
15683072
12190009
18027096
14325879
11527577
11760947
8745466
13840241
6547286
15016300
11854322
12868061
15371204
12582535
12032206
17077209
9659782
10371052
5720220
15445711
14709721
17418063
17407222
8680944
11217639
11880703
14573632
16716851
13794648
9401064
14340208
11029685
18782867
16508932
12993301
12080637
14603247
11437126
16908566
13644201
16563667
16664694
15657190
6167342
8263640
18282056
16329757
9562988
13415043
11995777
10228612
15532051
13090008
13959069
11314350
16903603
6767002
6912136
14637733
14966094
15265678
15287303
11138758
13658345
16634100
15724526
15673544
13555826
16981605
9972714
9091262
9690181
12904186
12666245
14269248
18090261
15454347
14597137
13504355
13364702
9557261
16529430
12710397
17358044
15796792
9322501
5970744
17185320
16262018
14465726
17093803
17112291
14489373
11539879
14100653
10041153
13572261
15940081
5411145
12721359
11333699
17074176
13057115
17284618
5877989
8838954
13071173
17700965
13849418
10672576
15114116
11776182
13220373
13697974
12929219
13022075
17985034
16906647
14316309
13225351
8756280
14400084
15823076
15325964
12428294
13472319
15438319
8585182
10327630
16083067
13194414
13831025
11302407
4924316
18033379
15348023
7892182
14635258
17615758
10126901
14128171
15403518
11501706
12554320
10748818
10980331
12859983
11038541
14713333
13805444
6876147
13577032
15731508
14481540
9628278
8369265
16285088
16348899
12190788
17462859
10065713
10424862
11505745
14435736
17663217
16086079
13233152
13222436
10608239
13520450
16956337
17700811
14081154
13905718
8232133
15723338
15026374
16980222
11557890
11972225
4895359
15306426
18490941
13929827
16462790
9862454
13223655
17321467
11955440
19317047
17270257
4629098
13549962
17696539
19064116
18120916
6162483
16313442
10905008
18112666
12110230
13441183
10771327
15457363
16162015
2058303
15764423
9542800
17708560
13015327
14355595
6817700
10661016
11986713
16533409
18429309
17343837
10797489
9787555
13778141
8541209
13893544
10656424
17023148
15397922
16856870
7773038
16587799
15719836
14378371
16682051
6275229
17696142
8443465
16851549
7821395
14869845
15011961
14818669
15672766
14969484
14872655
8241247
16175722
7191125
7064500
14694989
16476933
17619326
13852269
12204981
16949279
12752147
10332959
8167244
7990157
13465667
12511538
15819454
6483765
13466890
15045305
10926985
11456809
15371318
6025517
14123601
14797697
18291211
15782498
19575868
16842728
16500902
5511386
11627999
18536900
16152203
16857888
12000013
10970188
10322081
18940504
10305626
17126801
13248198
13010378
13319912
11157146
7416235
8775499
10754980
1559358
17405075
11933902
7347720
15464077
16958274
11454372
9008060
15467064
12671669
14191978
13758077
6227477
15828171
17171067
14376137
3304887
17340639
12582839
15613369
10584055
15668162
3008537
15325018
6546911
12948958
16793482
17916154
17667310
6841661
17431439
17779063
8723140
11480464
12410429
18796291
14812142
16549413
14664011
14800043
14087713
15132457
7957964
13693377
15635138
14624961
17538089
7012421
15975285
18219539
11461560
14605948
9542098
8681532
11843255
9991494
14079868
16020068
16464261
16356978
15368982
15780923
15930052
17539004
12046852
8215516
12474436
15577102
8307200
10393091
15242425
16939216
12202438
6793413
13335868
15212933
11829328
19498728
15878719
4771642
11237245
12095258
10722659
12945377
8324301
15239546
13481879
15049807
15385375
18259665
9683873
8790439
14796373
9483882
10079334
16330424
13843113
14074764
13200153
15022498
12803175
9276459
11441782
19034704
11867562
8147558
16398057
14542505
12716397
13786738
11595856
12373881
13661065
12006487
18041731
12185458
16741012
5471876
13630059
3430327
13913864
15247277
11842147
13626796
17170280
5130842
16085855
11312180
15357964
18375199
10401491
6872148
10807776
13945548
13396006
14910041
16589049
17041574
13582227
11377527
13527379
11810114
8893333
18591652
8040158
7969218
11514452
16640451
10728856
12084326
15467832
17092839
17649221
16401474
17633734
10387496
12211997
15652019
15300477
17367370
18316993
16704245
18079674
15931191
13883982
12176908
18266393
8580201
12576856
17229675
19109084
18602156
16087091
14237729
9980900
12235267
6083987
9051941
18452775
13264480
12305491
14986325
17280405
13859733
16833308
18529733
14750335
10255150
12038244
9263862
9036496
10497780
9314657
13890746
13862860
15752823
19780319
16571818
13303873
13720680
17794565
15817655
16683243
5772320
3607581
10617425
11603347
14150854
16959765
6160521
16840044
15929069
8236951
13684176
15464696
19637829
18534418
13319901
14153653
5640038
10993189
14839810
8400226
11996146
16908669
13543749
14261666
15683718
9855570
9261527
15073684
16081053
9413548
18801101
13208469
15430861
12733808
16606394
14444410
10762597
19063536
17850460
18952388
13185085
17300565
14825024
13125544
14388024
6382347
13142645
16307759
17297338
11192744
17052990
17181903
8657557
10175652
7828127
16768756
14987448
13989885
9122153
16694393
16929211
17208842
13795548
16841990
13470728
3840243
16869124
7050429
19108991
14315764
7189531
15043744
16030529
14279961
6454846
15170157
12223021
11700647
15462089
18128195
8680024
16379873
12623331
16494414
7540680
13020948
6845273
16550161
3483260
14046204
13807259
12995383
14491498
16608177
18461941
11539900
17546786
13916901
14837113
17034036
13645738
12398530
15906381
13697600
11116211
9309665
12381871
19276711
16927662
14641522
16026567
11943220
9931620
14172077
16415400
9567626
11840761
10466992
12777031
6563320
8701655
9276616
17954337
17602887
17950602
17478795
17422250
13071269
12361852
10779515
8703730
11711727
18810795
12182475
6936423
7478906
17812157
16431537
15329810
10615735
7260239
14410528
16404384
9382900
10675962
16807879
8039734
10489088
16235442
18203129
14522191
16355903
6782585
11852224
15852382
14152121
12528540
12220410
16133610
7879857
12070746
12249308
18818006
16255103
8187935
14847857
16295537
14894963
16082350
12736147
8020854
14528286
10993463
9979633
13560588
9855335
13014695
12693601
11753927
12838809
16865529
14087381
13460992
13706918
13481089
9406344
13280479
17820735
16080979
14443224
9497709
14224508
11324562
14903167
8911385
13602729
9447660
14312988
7575357
13015751
13938815
11902523
14419919
14798285
16914768
14223508
14969899
13874609
15514526
17119058
5448701
11989593
9853033
13287564
11630045
16335393
13633931
17417595
16264039
17575118
11878120
19357392
13952640
8648648
14643214
14844448
12847852
14718030
13696356
17881161
18477946
18974338
11905395
12229333
15984183
13840643
16971890
14390044
12690086
19080695
13810214
6247001
18237550
4624246
8090680
15380341
17618469
11318731
3872554
13912644
16736804
18800148
14124001
11618737
8271491
11317539
10556870
13582425
11950714
12848683
16890006
14058713
14373864
18582429
14911914
12001351
17804945
13923137
11000979
11089889
16033800
14472766
14456578
8207655
11397973
17240723
15986248
13423458
2546325
14116659
17862139
17806562
4660564
16968621
18914104
17810467
17689408
18453470
12218245
18347196
9052694
14517147
15927765
14082985
10118874
11793453
8415450
18627688
13970992
12366709
15938344
10223839
11631609
15164096
13113850
14586166
13343813
6817769
16080959
15902637
8685963
16143625
18065857
14458681
15685622
12516278
16907812
15764273
16320099
9906106
7000782
12164406
10049781
11466944
6595668
12907593
10687733
16555416
18055195
17923139
13867071
15749137
11721211
18121370
3808366
11011244
7081431
11678209
5915388
16330253
12104086
12373121
13261542
18370477
13766497
9766462
15122873
17673264
9646675
15809653
15185469
13148633
13465934
9448714
17110745
16241977
14596904
11718728
5998115
11392069
11341598
17535716
16433707
15470628
9896123
6516826
12498931
13701653
19357157
9515250
15783706
11501417
11640158
8613611
18615054
16368584
15571868
5931682
17431782
10736961
14172217
19115381
17239816
17285354
10806463
13664406
14589211
14477563
12740525
8070205
12403089
4439542
17192165
15038553
18731802
14661500
15819494
6474188
15488858
16043246
6466284
14492128
12977127
11628989
14891559
10653983
6632802
7884746
19517989
16300547
10358868
16051919
11479331
10248878
15862002
16770046
11802060
12972650
11604991
14688908
12654525
17931359
11553933
13862652
13441615
11072496
13364661
14259515
18040300
11678728
13193448
17586952
12499492
15766916
10400901
14134677
15707239
13367467
5665017
3623032
15208063
14014039
17465970
12877786
5880535
14357194
15293021
13642560
17327161
13158576
11164280
16729485
13313921
13636679
13148029
12883710
18153800
5132710
14197301
11537204
13578987
15555121
16876107
3790693
17261203
16575765
14981628
8410129
11034095
14551547
14951804
14158026
19055028
15833137
17769320
15007042
19656887
12288636
19325785
16336916
9639765
13977270
9639963
16125327
12345303
18063874
9395945
7002682
16611631
12134800
8696059
15893540
12835916
18503519
14790781
10027237
11367137
16411884
11709148
18420599
12534158
19441505
13321147
13709096
15126086
9240967
11823925
10208346
18036351
11357803
13375724
9980596
14224773
9403775
10760918
16880832
8979327
11489692
13625344
18090591
8566928
16101553
7266401
12383631
17364443
13081228
11492975
14545881
16651913
12089861
14024755
16925248
13607933
13285630
11474237
17451517
15624653
10807788
10683742
9268449
12367993
13376574
13541929
16202340
16320394
15319336
13030831
4703130
8816286
6695567
14410790
16110073
14301159
15885647
8528209
14292848
10890030
18830857
16577116
7723407
17546205
15810002
11365562
17708052
9895281
9456885
10346457
14022952
7015781
7849617
8661513
16013726
10928171
18603988
17512700
12957884
13275797
10525576
14784977
12095675
16462165
11921205
3027616
11244083
16197399
16279063
8288874
14060816
16329991
12679109
7249579
7605828
16797343
11847382
9798094
11535099
16194839
9177904
18812993
14851616
15366535
13092372
14554388
15520871
16315702
13888294
17299622
14981996
7610214
9686937
10421181
16648366
8035394
12649451
13729913
15162625
7334262
12649373
9451028
10403456
6989168
5052294
10011181
11396010
11157907
16468502
13478132
3167100
9086955
6900687
14742670
11753233
14293272
10823873
12584136
12054759
6397867
15441107
13767255
16730349
4525030
11055766
14623869
12606003
14495486
12457477
17629651
15772758
15332044
12720733
11779578
11795443
8620482
16436821
10380158
6370268
12272939
11434894
15854121
15439677
15631183
18561034
14432806
16297102
11287784
13520175
5802820
13759663
17153413
10139912
11665175
15375957
19164731
13312037
7894078
14208788
10876960
11254235
18054767
12837976
13469428
5759849
14384585
6714138
16928460
18698911
6097987
12626288
17607617
16469843
18463014
6578374
9230112
15550236
16987718
15030829
13721303
3241594
11673970
15979662
17547761
18184614
16749475
15105770
6997587
14047516
14345295
15920969
8442413
9450886
12659181
7480834
14464899
2148907
17851285
16008677
16881981
17110801
13717816
11360236
7958212
11292605
16066042
4531581
8687123
2430220
18047639
8964504
16059750
15407791
17260642
14439325
14537240
11712991
17842972
13860282
16554061
17258734
11596008
14951742
9543857
14073050
17771061
13912745
10165848
4788865
13803125
12052359
19562316
19163307
13517268
13200787
5277008
11815149
13599739
14295881
11057037
8117820
7235277
14748100
18334742
14788519
6894597
16946449
11940093
17394057
16311750
15413555
14405556
14718047
14340662
9594739
16466678
9434802
6813715
14004703
15176977
15766800
18027906
15208266
15742105
14092034
11433989
12572432
7815270
13342800
14235892
11932759
15052731
15063585
14326195
17618900
11916031
10453466
12405151
18724565
9656443
8654479
13921391
14614709
15997905
15697104
8315585
12867637
15671826
13263618
3029096
8979514
15685123
10001252
16493748
16065965
11917680
17510058
19007439
14803863
12627082
11808762
13346767
8089631
16779578
18851564
15569821
12196722
15317451
13368239
16323828
16990148
14074872
17463040
9000644
6163839
8885453
18213363
6495906
15286486
17414808
17223297
9439315
7944931
16899031
11357955
18951173
7281179
3656635
16572206
14869839
17049962
17604960
10444739
19413638
15951047
9005240
16017426
17659428
12443208
14413194
15624499
10487817
12762000
16681125
7937472
14624505
14164909
14829944
12843010
12396512
14334963
9562717
15485021
13939719
16717567
12258312
13121921
12314063
16252604
12542209
14777450
7087455
11060217
10892156
14387949
16750221
9768485
16853817
16790925
17917227
11952038
16633285
10594555
15409244
11539465
15970215
7740181
14771780
10336902
9740896
5848526
9956575
17142892
11016250
11695851
13872702
15689454
12496078
13299148
15323774
7494558
9499120
11623752
12644394
18530745
8736104
15310719
11647525
12860467
14262091
14837578
16511798
11215248
2484535
5580542
16717823
9790527
10019617
10556053
15039839
17084542
15174513
10919013
8944218
5178910
13644692
17917642
16348201
12409372
17730729
12550935
10939832
15264711
13257672
10512359
17599970
12153505
13644160
16108607
14110149
15744239
18725047
7592059
8994838
18671412
10631152
8430868
17306550
14965915
13246446
19098472
13413567
19749236
4230387
10387260
17557342
12578406
14042849
11672136
12622884
17116985
13356257
12674984
15191101
16301256
17038549
12609227
11682696
13599314
14642019
6202758
17609489
18707877
9218442
16289832
9150341
8681000
15088401
13967062
18142824
10671763
16426643
11139801
15049356
11463359
18969139
18857486
11331647
12820339
16684923
7842929
14093471
8065788
17540267
13421102
11513743
15535434
16524164
15068236
16009882
17732455
17124928
16023827
18119499
4152239
14503045
10539823
12331160
12766150
17317623
16248562
14127900
18225865
18012307
12782774
15430199
13442991
17283129
16595131
16310246
14174266
14125785
16873010
15870937
18058507
19377084
11766521
17579629
11414174
12773129
17732227
8674272
9738079
11951231
17788130
14326058
7353715
11216242
15501682
12352257
14863225
9674911
8690699
12219033
14411502
13041429
18267449
13729660
17815430
12358326
18167505
7625935
13028489
13512680
9728447
11301695
15119354
12649611
17934747
17328682
19207293
6832176
14975066
15376706
15445866
17908955
12766518
17238201
9899554
11726417
15064827
18107744
17985918
16503030
18344846
18487724
8466578
16043278
9823413
16506770
12125721
8431813
10835455
12824650
17885887
11242579
18412245
6812150
14703139
13369871
12693010
14784842
9382994
5804507
16892689
11902975
18396765
8390296
16059463
11728784
17777031
14609021
11699982
12100843
10225096
8197852
10006679
15366021
12215154
9416437
17670238
5662501
11929772
5298913
13389570
18059572
17611477
17693417
12329770
17709471
4214143
13147649
19480380
6977126
14199453
15109126
16565598
14348779
15546409
17820163
6288069
5192498
13855345
10587502
16450103
11161406
11051984
14079160
17427661
15842869
15464010
18155543
10127510
13659055
10561965
7276844
16609295
12472292
17956306
11770500
14007441
16508946
7960439
9225825
10438446
14533343
19650269
15505030
13851742
19129581
5967589
4905989
5778357
15741445
8039611
15619647
5947632
17305244
16568832
7173871
12372375
6501774
14668652
16894404
12050127
5763367
16789930
15971656
9604079
14753854
14137571
13173914
12863037
15408107
15734872
8715049
6161488
5226367
13387839
11420716
19125315
8452487
17288458
15819933
17301737
17540717
10635911
15599874
13890544
15180638
14536551
16832255
9952201
11432452
15555155
14779211
10873257
13095398
16398367
8100784
10464297
17520085
9716419
16401398
11954220
14694973
13728025
16599974
7798685
12017163
10421652
14963901
14353569
13526705
17173949
9551924
14134122
10767165
14428836
16178105
7983451
12015151
10884912
7384463
15593222
11702978
15042444
18374577
16617880
9482645
6352867
15060291
11640484
16075714
14327321
11467247
14378389
10936769
16965384
9148019
7289893
12970734
6138478
16562417
16040205
8991012
15876467
15048778
11173952
14487197
16529583
16641316
17845039
5709963
14932022
7100921
10047834
18724470
15182628
13429339
16840354
15118393
16939846
15355884
18845209
10270036
16355469
12898550
10474940
13404269
14799453
5559584
13400437
9079842
18227579
13004701
14090426
12038081
15152742
14484705
17997708
15270795
10461145
8124706
17183743
10912952
10720119
10823560
10518102
11184059
14645714
10425501
9481417
11582494
4814921
3659406
9938305
7667566
9613631
8428392
13877369
15199910
13891380
12186030
7619606
17068701
12368347
17008299
13384314
12193440
18246656
8792948
14405696
17723813
12088852
16816767
14714145
17600862
16005101
5076379
7057723
8377241
16600126
7446431
12431441
13648286
13987988
11652293
10355711
7264162
15344293
15943961
17642450
16086591
14093202
16670210
15207702
18139163
10984471
14032924
13294970
17735292
10088416
12895621
15200991
6945214
12298211
16796246
8230462
19552299
12643384
17579200
13362366
10229277
7822647
5942117
13051247
15304555
13102072
12169618
7776194
15059620
15923770
13430757
16360102
11936149
14875691
13699980
8023347
18503585
16554606
16893247
16622765
11092864
10894618
13123800
11381938
13993469
16058747
8619950
11661094
13646702
12161757
17400537
14140548
10244634
14210462
12647974
14254770
17422505
14390657
7844876
12619676
11600671
18663369
13933816
16202108
16012578
16046212
8622221
7596364
15304679
14402420
8600240
14820188
11099112
5711891
15146348
10754404
15742565
13090764
12908448
17338502
16852659
13625670
11580045
12056133
12597824
12334680
12264431
16734118
15239590
14319730
12415240
12694107
15607038
8620954
13488322
6251052
9578766
16433945
15742304
12209915
16157672
14684187
16831243
12689254
8265444
15396578
11469785
13712249
18804384
14397378
13692281
13528629
16751637
7651808
8276443
11523468
7602752
14067310
12605379
15180104
16302795
12877401
18499365
11886557
12045196
9029891
13060053
12034715
12737672
15012032
16314242
16708873
6269486
8349781
13016524
15990918
15418034
15518019
14329879
13582951
5709488
16032773
16985834
9648739
13231506
6318898
9088411
17720710
11158351
9919559
14404345
12991368
15803102
15243131
16273947
15339381
12649198
15316546
11200159
12373874
15190621
15590808
17729737
13780327
12307885
12571009
10192319
11943673
6520204
11571495
14358439
14989136
12917060
14671816
13149272
17826545
16222704
16505740
13790055
15942062
13884939
14583233
7382956
10909530
15118821
10193757
11598952
16183203
8580994
12631702
8289727
10527824
19374067
18336443
8544264
10190175
7318146
16225602
11844379
13674672
15999705
17350360
11376299
18796692
14778856
19097910
15176039
12653147
19285701
9022073
14345310
13104688
19033186
13270958
11158108
12812693
10217049
15529652
14704953
11984433
8842239
18202097
13265576
8787976
16145684
15291442
9779404
6599643
11635292
14981944
14901707
15913622
15628892
13259697
6104311
16031556
11194299
16694349
10479106
16207977
17511889
7958139
9607444
13492226
12060481
14125984
17253644
16764913
12986900
11087530
13327972
17391224
7115159
12712873
14499806
12615828
13696713
12846056
7310480
11115751
14156263
13214217
14200073
17097403
17109552
14752757
9152659
12874265
18762409
8954107
11161524
16917660
15769636
13971139
18140597
17093667
17169934
15355265
4516709
15895293
8410265
14406607
15086564
10733274
3514363
16013422
10909068
12559624
15115608
11224189
16288585
8474715
16306667
11473564
12567763
18707012
14616650
17037526
12628922
16467129
15793231
13080420
14515841
13479160
7938317
13745232
14636461
16754990
17336187
14863821
11673299
18069899
16841737
12762297
18755327
17449454
14708012
12285765
9658880
14726648
19116485
12557321
16381552
11058378
15926780
16739871
13099136
4905447
11493596
18709031
16792341
9654298
12013876
12291948
15032934
8157761
13318136
13828597
6323476
11505558
14356377
8517151
15828487
12557528
12783740
9398718
16451396
18480194
17009690
12891783
8809902
10075526
15374499
13571780
9335883
18084991
17780181
8059068
15834479
8232630
19015952
10693032
17091916
9273999
11689720
10174851
13236253
12478776
3949481
14567849
16837691
10735433
9427690
15604454
17076144
7096981
13401594
19079731
11654276
14867837
7784515
5356929
17199014
4701088
10304631
13607158
11477168
15545767
17803569
8765357
15041549
16881547
12570071
11359174
13462517
10990494
15837509
12149568
11028027
7282765
18287903
13502793
13087896
17830541
6408527
15830791
9823384
13450255
12413411
15194169
15848889
11906868
17805134
4216485
17304082
10034765
10492443
18446663
5189841
16719072
18247437
12811403
13512389
9523359
17011010
15421237
6318959
15063973
12024656
15327759
18024152
17986147
7440523
10509648
13946141
8182907
17057105
18394174
11597391
19115936
17152821
18765805
15685658
16544140
8792782
11301409
14029206
10403866
11281828
6513156
14562112
14072499
16822615
11294531
9833858
4985164
16692503
11038302
16730715
11951681
14147577
7050332
18812630
15792595
11717118
13160057
10291048
5972983
14581816
7784756
12563128
11837717
11408912
15800825
16477625
16599938
9096689
17804610
13156370
15523477
12686558
15915745
11352136
15604218
14362275
14349467
10417850
15899420
15253836
19349902
14440784
8825878
12088114
16339031
13757673
4338186
13729630
16992382
14298895
17949203
18002796
5437285
16542442
13640105
13139559
13083780
6942717
10467991
15929134
8529062
15908171
17709180
16564399
11740822
8732552
11496351
18781890
18375967
17904816
6166448
7277519
11085294
15784910
9746148
15680855
2974203
19317810
10067171
11844405
11975787
7616784
16370494
8051401
17835966
14934663
15795986
13060643
13770968
11721048
12472781
14149109
17914343
17975347
14704793
16367268
19204888
14184877
6130142
8313594
16229716
14575924
17579232
16445041
16008793
18223107
13835473
17360640
11724530
18889944
8464123
14622828
14340533
12706884
13277701
9236789
15001646
18570286
14070282
11206461
10768580
12279030
10574117
13683615
17316167
17162809
8688042
7956152
9754110
12756538
8957756
17034045
18664847
15308814
15827220
15230430
11672388
14338591
18340940
17945387
13128780
17744028
11620208
12904202
16120945
17261189
17906676
18506176
13953234
9291769
13698118
17250539
8425732
14955214
13160391
14881079
13614545
13548233
7457329
9784042
9235199
10419436
17875046
10221372
18759105
12567779
9562636
10218469
18152539
17209692
13597928
18020132
17268402
14940702
10337071
18549659
16236590
14069528
11579400
17303725
19370978
11931679
18600649
12431976
14277768
14794644
17869275
17098918
12866448
16857629
16685805
13285371
11009661
12761900
14138991
11121667
16950138
15598919
17829062
15011041
17781711
18918033
14803831
11739359
7999929
17170988
16335153
18413115
16221301
9731396
17368373
18689211
10370214
13631197
12409318
9453282
15413941
9353310
12014698
8466588
14557526
12788495
7575763
13596686
8652393
18193635
11828035
16111598
15648862
17244739
13090068
14315709
9095179
13146629
8578285
16178019
14322297
13181946
13697599
17489404
6340426
13064626
11620262
14764270
7913968
15529008
18604869
14988401
14694042
16986826
14940274
14290573
17591275
9447336
7804146
6693152
12111764
16685779
6361687
14356478
16808708
16351744
16277127
18862262
3690590
12159695
15301023
12481922
15285363
13056890
9419381
14787041
12269392
9009746
8161820
16171165
10558032
17576464
14930233
16485332
7040085
12829757
13501960
16494357
16852470
13943773
17497124
15947662
12491283
17749629
15055274
4684004
16350724
13068783
3504704
11871948
19355640
10890132
13921762
8271241
18287645
15427076
16364772
17505564
12928664
13448627
14964689
8411020
11725724
6459216
19334704
14567241
12844646
17101899
16699246
13611458
14372981
11085133
16566675
11051835
18954884
11398016
14705641
11170454
15163100
14589536
13002792
9119282
10353064
19118600
13439638
18703563
14169861
11999580
16443487
14584007
15967623
9030301
15291614
17307191
17420462
11964644
9549933
16067071
14748342
18491445
16848098
17364792
15124328
13140887
16591601
13901951
13604689
12128827
18750060
14424050
13104330
9001650
15050596
11893236
13525246
17054453
18770916
15696968
5621855
10205888
5794118
14906052
14747962
13569656
16797707
11335535
5619993
12539782
18469874
9990461
14600887
18669986
11392706
11381469
14006415
16771220
14877617
16156994
16318965
8726034
13434784
10810003
13747585
17445261
4707963
13064832
12179586
18830105
19005803
11636289
17050454
10824854
10999282
14005652
8636850
10734771
15469791
7344973
16186173
16349433
6287367
19375291
14867754
12162946
12973562
15213102
15071545
16312732
14927794
19297954
9344063
13613592
13247597
8410584
16887161
7424609
17208956
13909134
16833528
9250023
14685705
10500933
12673990
12973396
15138670
18405837
10061576
13183158
11618405
17632022
14900407
17273461
10036924
17691614
14149082
13891880
11642455
11079557
11852419
14394022
15258908
10771942
14011660
13151724
12340619
10776237
10936674
12436698
17429746
18815010
6309364
11996744
11200101
14256031
17184864
17929783
14027255
13681050
18976046
9672462
10155364
11545546
16079267
7740635
16283338
13222445
10752339
10320662
7867579
13920004
13191295
9927545
12322053
11221075
8814649
12113202
12552764
16721199
10118579
15953495
11348123
18700029
10593822
8822097
18286390
11899014
9818402
16071335
9052007
10289643
13349739
13569836
14198648
15798187
11396964
14417503
14433210
14621241
11264362
12116521
12191798
16788285
8637140
11910751
14478276
13008066
12038390
9925649
12632313
8636791
11250269
19265687
15576454
18080080
12722495
14312341
5133212
12609995
17201897
14405013
10528208
11484256
13681686
8316261
19260429
14743359
16815271
13532473
15449335
9960709
15021577
15697986
16171828
6308494
17732227
14354332
12291061
14386053
10999815
16852962
13042681
13765642
17577032
9911812
3367834
16514566
11758549
12774516
18500742
13125140
13800915
13357763
14255781
13248069
8818822
16080668
12029996
17252393
8658531
14175767
8080933
17778171
12915110
14298432
7694542
9364168
14954533
14165806
9156632
13512414
14224693
7696962
9074775
10610949
12087015
12934307
18240972
13562645
15899814
12801673
12185850
11503236
13884706
10901656
10273704
17788740
9879325
12520538
9585420
14602786
13731251
16507376
18751106
14500162
9760697
10952608
15854050
11347502
14297645
11950975
10199312
10889044
9290752
12114752
8122008
11725786
15059326
14798341
15731048
12863621
11359130
10675953
15668970
15583947
17798575
8081545
15497146
12780654
18044220
19037302
14883582
17307615
15036262
13193482
16708717
17253220
6024594
11666236
9600297
15286739
17601275
10776094
18019749
8606932
11047525
9437516
13911691
18191509
17160152
14674048
11347092
13532104
18887980
9368055
12898203
7762054
18459331
11536204
15595989
18165116
11967695
15596793
17108819
3805129
3604521
16236394
12668447
9431350
16626060
6263293
9080651
10998959
17049352
18012766
15695072
11408274
11345839
17000021
16048693
10879997
7959176
14399381
11834434
7347283
16961721
11902034
6317632
5045179
14322999
15552635
12984206
10877754
10720044
15846841
18827926
10747663
10896992
15599298
13439644
12324251
5209545
15698748
12209241
12385013
13526259
12636027
19078008
18336153
9211202
9061437
10694782
18933160
6817217
13006602
9283954
16564027
11486462
10772644
15474662
18288228
10678127
12256420
17915419
10702116
10173986
9875690
12014204
18650472
10616983
10482407
13094605
11104692
13147612
7553046
17772035
17006704
18737854
15709744
9139397
16050123
6178431
18359806
14707495
16000749
13368402
12679239
16425814
18241182
12625064
12763596
8564881
11628038
7715656
12442391
17676123
13665352
17356537
8539195
14477824
19019081
14747330
12003536
15201755
11139883
11943246
12876988
11281486
14805274
10490613
10376824
16374559
12044855
11060692
14592787
13513422
14297923
13913475
8864511
12397894
16475958
16578262
9995104
15248272
7087814
11612410
14931792
10392206
17001312
16822440
15126350
11285022
18437440
10591163
16799099
14579250
6188951
15039265
12748924
14098372
14636826
14990695
15233571
10583775
9301774
12395068
17652832
12689842
16486246
11996386
16214420
17187647
15155475
13550536
12903336
10338820
15763264
12092351
8808414
9081976
9143251
13287137
10359722
8796767
14780479
11535557
5683126
12182879
9706326
11864442
14682866
12316482
17740393
14267915
16763680
15065144
13237180
19838128
13413312
6600585
12851285
19634410
9443039
18039654
19048014
17943505
15917828
16804340
14949734
17530685
8526925
11116418
4774469
15720892
14125892
18612814
11053780
14014679
10506230
13413676
15639460
11100888
16477716
8187911
18137967
14919877
12166389
12862435
16527614
15932581
19524988
10469821
17511652
18436703
12216712
14675010
18389258
17993637
7847983
8278420
17497453
13122327
14327013
17840478
14296935
13482780
14770863
7647142
11353953
13643096
11773502
14529398
3233310
15689979
14025038
18294969
15532743
19603264
18010467
13748650
15720651
17438789
13813037
6419706
13351976
15981070
17231708
17508142
12661687
11089101
12138478
16157747
13415475
18116836
12495372
16544794
13314808
16048145
18759955
15799043
10683352
7314141
14540175
17034871
5893661
10057079
12600125
11775557
16753981
10178149
7735749
12600347
5631525
16493450
9486096
10281255
17167338
10560619
5088303
11531294
11477340
10671397
13160865
18317479
18909565
11665182
6807677
12191070
17644877
15283196
14651048
13316727
14620702
7563900
15004084
12760576
15663264
10014867
6531329
14913073
12169308
15245107
15459680
15972696
14522479
13059891
6805075
11959639
9470472
7871109
15006025
15653893
16920256
15356081
7562960
18753491
10207959
9588681
13584445
3012416
10079339
7247386
15652376
13636218
12971986
9969484
11678535
10945160
16153434
16074765
12069368
6098165
7403635
17416811
13289663
13351751
13081025
18484210
18428116
6454388
18540806
15138243
16588998
18553537
13550086
17175626
16550439
13330030
5582607
13085885
17054572
5734777
15910201
12147709
18041412
19390060
17276713
14418529
13678078
14713345
14854316
16694398
10361107
17428569
15490319
18232638
7823520
1171249
7297479
10456042
14038036
12266053
9160391
18177248
8471154
16196757
19314874
10114318
6188204
15368087
14640428
17936675
15575807
14147642
6925237
11231887
8623517
10890265
11053187
4913211
16355021
7947557
15846722
17959001
17313651
17985050
5586539
7713427
13594418
13214477
10433143
12868117
16540395
12520973
12303726
6829081
9503557
14903631
16520829
7420723
11649557
18011564
17810736
7836147
8931640
13777437
11013765
10600307
10271658
5603771
12689345
13953117
10229446
14676853
9540945
17691994
17586185
16851710
17942468
15559983
8021785
11395879
13231837
12218814
13858195
16632082
13788702
12197782
15937359
10010678
12092566
7248303
14211989
10875949
11142038
6436494
16030122
18285936
15913348
14262866
9688253
14984070
16886375
18130357
16775885
12581810
12117987
11278923
4201360
6147081
18754500
15862999
10178080
6725724
13476274
17283882
11639937
9800481
13490824
15936043
14390699
16494697
15291614
13833142
9717687
16065743
11216156
18744697
10976364
19569726
13761669
16255794
15046128
13489384
15015945
12270834
14628299
17166605
15872530
7824897
16987967
13384567
14061923
12682181
17063475
10109582
13440066
11917183
12807761
11754443
17852727
15957328
17998615
10290552
16853373
13550291
14298719
16676547
17909753
18425177
10631787
11580139
12325537
12658284
11435811
7294000
11617701
7849013
12156640
9774816
12399644
16610310
9961095
4876899
6080093
14096575
16005681
14024963
14085555
18359250
15287017
12432271
14385641
14001043
18834432
13274467
13614265
11742035
18547358
10487269
14455116
18275249
13197907
10171105
12566029
16590241
9773199
11851140
11951663
14053587
14911830
11072435
6860060
10236581
14416740
12444460
18037930
17786950
10016312
14960658
12145090
10158990
10071267
10024156
16760361
7860425
14858277
7936295
12201650
17807037
14834780
15458722
6180246
16535798
10612099
16677140
9981955
12330702
11355815
12698548
15943583
14426449
14488425
15373400
16211962
16824770
16112374
16635268
17609293
13959450
18313536
13705039
16133734
15585595
18830200
12833667
14616194
12622482
11761125
13982474
10684337
14319809
17236011
14644775
18043510
8959229
8500930
12313816
13628060
16074771
17011872
13670498
6478187
15427466
17527321
16979366
12189988
14218271
13073441
16785944
18860603
11711005
10035896
9634979
13324005
11601192
9558068
9062680
19061198
16750652
15992468
10842447
12720305
14751481
9889573
15829277
10472403
9557693
11249712
13656815
4616759
14123137
18314262
12241401
16879073
13113140
18164135
8007095
13517118
11610610
10261453
19581388
16289305
7623214
16863523
9356430
4101620
10419332
14976822
16219677
15457175
13313889
19097266
14797376
9492071
12042364
17644724
9546997
19125839
10878235
11015469
11301559
15300340
16053778
13558324
16294109
15158968
14920422
14215692
5693505
14078469
13890878
10083204
14714729
17878656
13538849
14887988
16094025
10562211
9837288
9441374
19040433
15572860
16861673
18611335
16084276
16126076
8335336
12812050
16204999
13614702
10830057
15682858
18863364
7165039
15267466
11486808
7972101
17471132
11344053
18240387
17577016
9875903
17991700
13381118
16241378
14790037
14783507
16920684
15906296
16139998
12843159
15828301
14473602
17463633
15232274
8738985
7318549
9936274
19297723
14310654
12368289
8988878
5407678
15354870
15660075
18312173
13566035
5317642
18003325
16861178
6564120
17559929
13623861
19213423
15544654
17514588
17103465
14987349
19098758
15526855
10164118
12281518
14571730
17437805
17748740
11293755
16203799
11599487
15916497
15963929
9653413
12097577
13619869
6553636
15441520
14732787
10167170
12433692
18078428
16757591
10867507
15712552
8838708
9041607
14967399
5864249
11954138
7305073
13275025
15756557
11370514
16594051
15549949
14604114
18046876
5125919
10711553
16491154
9827834
14303969
17739941
8461199
14650557
15266644
16716049
9430494
15514780
11061526
8702299
16812083
13615446
18660646
12673065
13405706
2895737
16489994
16512408
15743586
15675510
11485282
12415074
16412639
13417819
16100581
19561969
12723226
10383925
18446628
18899377
17025130
17912524
14454728
8915441
12545855
10855497
13374464
7443345
14643422
16574430
8012492
14420815
14855833
17808587
15634562
11648472
14032318
12417837
18300137
18011424
5576888
17585955
17595698
7280710
15702152
12786935
9231226
15450866
8579022
14151760
16700775
6603687
12569689
11043144
15983847
10828775
14993401
15988545
13243156
9774010
13131625
10925275
15023998
14013020
16565081
16966598
7016053
14852092
13027322
10086547
7434387
15084912
15366792
16531770
13719884
15041136
7798241
8030016
9738013
11188384
8423177
14352638
11960134
10448327
14190896
14276977
7062110
14000347
16854396
16260564
16226035
17704870
17458721
8867290
14469933
13150437
15212361
7401435
9318449
14339063
13228764
16353886
13912626
10933669
17001651
5363612
13563696
9658620
12937381
15069363
18662865
13176410
11981030
10654403
11087634
10449442
15627646
8867486
5580672
6563321
12241099
18280416
16366497
8451646
12261486
15593528
13752426
12629591
17222081
11163224
12369937
16592723
12219261
16916463
6513068
11514917
13354859
13351467
17726850
10880107
11679337
15172527
12056675
7562925
15026593
17820888
12261624
11418321
7382531
9024209
9823469
13988975
12875621
16098018
18679691
18572116
12881614
13511692
7031561
3246414
17328511
17427884
10387241
13262230
10355221
6131734
15920426
8671624
13318717
13665907
12374047
14159837
15282762
9711754
16876555
12039166
16195811
11981480
9863160
14095631
7827241
6140093
7655715
14962399
17109237
12653114
7963646
8222717
17515635
14144130
10684471
15943272
12193305
16689948
12691549
14802307
17690604
16290387
11338198
6085275
9353708
11789315
16482036
17807885
14985223
16549455
13097338
11359456
14359773
11740822
8864260
9372114
15578757
8836809
15498065
12484991
10629631
6943369
16047240
3628470
13485796
11117080
9565701
13518832
16330368
16331776
15482222
10796410
17299438
6961736
15230738
14758663
17232401
10357082
15394989
17980552
12409129
11816866
12947351
15832787
14196958
15050621
17563786
19425381
13316021
14881198
7577921
19294367
14692591
12159739
11536051
8810875
8250015
6313584
13060583
12044132
14873852
17394774
12159012
15900140
17961802
10081586
15172566
19163186
12648449
16649886
8568215
15298759
12117514
13592606
13870121
5332239
11557034
6953912
16390133
6294853
17554498
17534380
13450573
14286686
17070792
13080928
11657262
14882847
14236620
16785923
18110149
15711043
10867690
17642693
8594721
13431296
7802840
7369971
16987053
6524554
11279448
12997985
13265147
16267922
13228183
9164698
16152023
9784127
5028111
10736559
9092091
8743009
16139037
14023554
13625357
15642047
9725244
3968048
18316320
14508959
7770568
13203882
12878530
13955475
17119636
7420789
13931069
11917282
13310676
11806499
13171272
16827628
16844818
12939275
13054074
16366149
7287985
15825639
6910313
15838953
17753784
14512436
15229180
16824561
13148614
7800121
9048295
19109183
16779143
10503514
13336724
10209006
16089945
17583894
11517648
18318257
12884819
10378201
9792510
13600417
9932935
7626024
12300346
8073760
12244738
17587210
14257521
13335850
13099486
11498792
18359969
17768969
5459760
7965060
13871355
12192679
10986342
18477935
17588420
14252913
9893199
13192685
10930828
16831542
8596810
9328073
13154420
11837244
6321716
10984576
17011319
14796431
12786706
19110012
10050170
12556684
17398799
14898592
11107480
13355079
8631195
13537707
12624790
12833874
10582300
13635099
14854649
14588304
12554969
15442396
8511094
14145877
12032100
5420722
13759309
10275461
14043900
10452060
5731365
10122617
13736191
12405856
16608077
14649953
15535291
10835548
14208351
14057960
15237108
14773127
13341248
13232643
8981530
12438046
12642951
4569924
8231032
16425961
13976046
16895475
11374482
16396126
14609406
11535040
13318544
10602440
15147606
17727734
14124899
13884592
14033270
17122330
12894472
15885049
18385051
17516799
7468724
11420311
17609274
15982899
7397646
17754398
7684162
15148250
19183087
11877502
13967779
12253322
17373772
7315422
18980967
12233133
14231452
8956791
6784398
14792086
15501288
16934537
8337081
8101174
16458723
17030943
18723911
12271923
6350353
6755053
15736027
16173186
18687054
13605315
16668558
13597816
11496940
9681153
15907090
10497986
11790916
7522541
9215749
16731323
7221352
10840792
14079915
19161027
10259680
15562378
15331969
15507162
8729899
10400475
10240376
6347296
11907128
14544056
11813942
13419347
17836898
13069124
15529947
9257492
16336335
14132680
18875570
13093824
6082618
11374611
19202725
17991223
14925447
14190944
17270902
11313510
13048340
10059085
17295538
15873083
8894913
12789758
12771555
9656993
9136169
9212884
15543512
13711295
17516053
16035527
19439153
12859395
5567494
13046425
18428071
18117945
13746950
12207124
16685526
12370582
15387629
12630492
19666994
15022523
13388845
10039500
17509180
18556588
12535344
12402884
12464079
13566936
17463363
14379186
13190901
14350960
14970626
17687522
18850949
15095194
9220177
14188459
15866453
12427472
18625577
16618821
16785286
15589828
11732132
9050231
12007714
14879246
10630707
11554432
8563354
17501566
16895696
14203553
11841106
8130681
14203646
6492845
14298821
15705684
10925752
15361879
16667479
7565960
14214527
14484723
18357322
14904477
11101569
10305276
6705852
16288552
