15862369
15807505
11394151
13968268
13326581
17359542
16008859
17211455
9836030
8132865
12188627
12897571
16397775
17628901
17224009
9535208
11043450
17075335
6397475
6023928
16701301
18668039
6006719
13265878
14513005
12033095
15060526
13856561
11034052
14340187
13104338
15376170
14595673
16655145
12509244
10496801
16036612
17055190
16502065
11909311
8606148
15310489
19472375
16185109
18597361
16123395
12723892
16321772
8271383
14769916
13703977
9345976
11077230
7082999
14225948
14618266
5125810
11915478
11188252
11565602
8153594
9836056
17629960
8224469
7765485
17306615
4601120
13266783
14009103
6958271
6789354
16682873
16197131
17994506
16607307
3924047
10032655
12924499
15453491
14746262
17603087
16102665
16375360
13052725
17487853
13390557
11464269
8985437
18205423
12903052
18279714
16580001
6993751
15287120
15292398
8026231
11779272
18863176
10022833
13563560
18879325
7264367
15872887
11262694
14610557
15573442
18289875
14112979
15736725
8406854
13805439
19037608
16688473
11550507
16801399
13625802
16934460
14565784
11928247
9946851
17594758
8580429
16672568
13279003
13566411
18069924
14644971
16347679
15174265
14075743
17644966
11494032
7053188
12695248
8600874
13148525
18451113
8940638
7661731
18498580
18715721
15822393
12291237
13370636
10859505
8033886
18521870
17457305
11094944
16340511
10797503
6585069
17809798
6896360
15037317
7063249
16518595
17550570
13332732
7204620
12251272
11340952
13770713
15961530
6209945
8299792
18188303
6477043
18163675
9949332
10641292
12628915
9987894
14778252
19657070
14560353
13306986
6094646
10573068
14088761
11270130
17620824
6192531
6494158
6231609
10054894
15243048
7908128
4891732
17537963
14709958
14385659
13622036
15550861
14540373
14848258
16060235
16058675
16952441
15277730
14017954
9603076
5700150
13881765
2604351
14325465
12048217
17559401
15455597
11123433
10165115
10375139
16144807
13313990
15775339
7413133
15756783
11485071
10873850
14551040
13584233
11244032
7744994
10205310
9265325
11308546
17087498
8698984
14615180
16833351
16819807
12360502
14496670
8577603
10253833
15162989
9333823
8392017
7167006
17537746
14864692
11771828
6848535
9416700
17187100
12368086
17114660
9432727
13791676
14304482
12248812
14958648
7191574
9699827
7253806
12302792
17537268
17364720
16606627
17046210
11032257
14054662
10936001
7913721
16103843
18059053
11849568
15116813
10040440
12261543
18992308
9599894
8553080
6559481
15664538
11332474
8066395
17421518
9859122
11173258
11178159
16666570
12147657
19789098
13710209
11006072
9122953
12199837
14403256
12007111
11334349
14473720
9525881
14561715
5129994
14101427
16498810
12916281
10772773
16407809
10001297
13440693
14930288
13676999
15342476
8177388
7611893
11665489
11302951
11570917
8345808
16780850
13864374
8865879
7854601
10381805
6753122
17669768
12934494
16453199
10860657
11162403
17030605
7954172
10583467
13896550
11476680
9346770
11371356
16893883
16208338
15601077
7830239
16613526
11350371
8947625
19856857
8528659
17546557
15506964
8896332
17048173
6979864
17251439
12929689
8313830
8029556
8873814
17480742
9908695
8162876
13719532
13810282
7726046
18654844
18808591
9190662
17321581
15945158
11052467
11034524
9058848
14616300
12696917
14428523
9746216
15271323
14713358
10450950
17403115
11226529
11818992
17705746
8698801
17862594
16536113
14454800
9297040
14658298
17908838
14928725
13098463
9500383
11828385
13191574
12519878
7436302
12776355
7531237
16271850
17575885
9369953
10439561
11196126
9025745
15446938
16116339
11934989
12586761
18350077
14400810
8353219
14353117
13280303
13713383
11707773
18011857
16161452
13357716
12893933
13620902
18663803
10429659
9547681
15627207
14587654
13673761
15123027
8497366
17809989
10485087
16873199
12161416
13236509
12360938
15079474
17201810
16535858
15390303
13921693
19551800
11557250
10432445
9688714
10522023
17439521
5628849
13558015
17109099
14606586
13497220
8551793
10213656
11515431
18287363
9146401
14945545
6733065
14329015
14929289
13114841
16139111
5829070
7736618
9910993
11859657
10926923
13554083
13367090
13173640
11485876
17796269
17979884
15252098
14138533
13088487
15373146
14960596
12183723
5247991
14567878
6506655
9351058
13554589
15893382
16330832
15787243
16547491
14843992
14421831
17306464
12228258
12707689
11692950
17077012
17814134
14454741
18155573
9402315
5117332
18277433
15028241
15715329
14038905
17526834
9242818
11084074
11069271
15882979
15842476
6697869
4174370
15057117
19329823
14227139
17285625
9347932
15710436
5410546
16762804
9025031
6625107
18284919
13110206
11418265
15433744
11859003
12592852
15724418
11388469
14672386
15159950
14628371
13536257
17358884
16121386
12811679
15294153
9909953
17004509
11668149
16981405
10052800
13824044
14618509
19665274
5947094
12767474
10378629
14703250
13273549
7664876
16795950
18980844
14687080
8290191
15517894
16906794
12170338
14807511
7618452
15641955
13724790
16292793
14205368
18066992
15298869
13993488
16314678
15038587
18179698
12073697
13061392
14243560
7220907
11543470
17101493
9536706
14728385
13477092
14896870
10432911
13075310
11589174
17304171
8075756
11801370
7931488
16659336
17396875
9164177
18130003
14232525
17106156
16378644
13886358
15239551
11676803
14506686
13766542
10114905
16787459
3872788
12483762
6889947
17335542
19064491
12722051
18774208
6182768
7828105
10255018
5356000
16000273
15543775
15311149
15012256
9803469
13249814
7501982
18058633
18829087
16302422
6574356
18973830
15988694
13006522
10347049
13085160
19132195
11315292
5221493
18444350
15739006
15026077
17505725
13826805
17897188
11249073
1770095
13368789
12964909
15406965
15231258
7815026
15768144
16375271
15792762
7888759
11817130
12744695
10641887
5230899
13267344
17262067
8305331
15424497
11449260
12154063
8285346
18957760
8988301
13433499
17861038
13933106
18405992
14047383
12607253
12409479
9963451
14672655
17273054
15042808
18221687
10428436
14597179
9197113
15231585
15130246
10094634
10429825
11407706
16228515
15413225
18490564
10868348
12718262
15434523
18470483
17891462
16477171
17007682
18532423
16483552
14137496
15176707
14136577
16083938
14320238
17688749
12727844
12897004
14150383
12470687
12966170
16568540
8863532
9453558
16384778
17990985
11923100
9676211
9883771
12991595
17462005
17909787
9589419
15474674
6730081
9126218
17073087
10611385
16002222
13098239
9927536
11361817
16632808
6708142
14521191
7418478
12220594
15455695
5977832
19623430
15436378
16260088
10979965
12547668
11840466
10227095
16773134
10049999
15393578
9804161
7249943
9182760
12486407
11226932
15209366
12108141
19119598
2920978
9780119
15900298
16715243
14916572
15342812
13568268
13724604
15604774
17357442
13554939
17957773
16119989
8845133
19315368
9302384
14527253
11391090
19696634
15566498
6444422
12854551
10808373
15414535
8843351
14317726
9598230
15782081
13988914
10704975
10264742
15828270
9901154
12714386
15432829
16752544
13655145
16919981
17195939
5997402
16164147
14503578
16381654
18362981
11464639
11183429
11670071
16425385
13065523
15273182
18728346
8946271
9263499
9971652
11829766
13843875
13237823
12897020
16904978
10948023
14347373
17008403
16165705
11811859
14223633
13487305
13024473
12422185
10293611
8537910
17157003
15200966
11794777
14963360
11841282
14538323
19691091
14250334
16413549
9624184
6306400
16671362
14019243
13266236
19719937
13749311
16326767
17288742
18570082
17269900
12780809
12716340
13607772
16917418
15520392
16239506
16136097
12904686
16443182
15517523
7461214
14086021
19558467
3379907
16997513
9193753
15229302
12308129
18758686
8235780
19648756
11620844
17683164
17830431
17092774
16272919
14174427
10844358
11522144
14904014
18906961
18936200
16959843
12082906
10929285
10424863
14712533
9656406
12497532
19206028
16214865
15005673
15788376
15107326
16967978
13270708
11374599
14627307
12629672
10933885
16742979
14275118
6445831
17104152
10744091
17171655
9382779
17923265
14249087
13975543
11077796
15412345
3598436
18897152
12137051
9298985
16427354
10446093
9820686
13234366
10474628
16514275
15295275
7004702
17469820
18594495
15438444
10573740
10118088
11748561
19054277
15791087
13178386
14916011
12905832
18630103
19222108
15880907
10641909
15224103
12380320
15436178
11753997
12680378
7927366
13673742
10567185
15897121
15638063
9574237
17274911
10549843
12723005
11585866
6676033
15353965
5600365
17962033
12369368
5311233
9514543
17058956
13334950
15733055
15958110
19191519
13952283
12895258
13146981
16177982
13359704
12921578
16312166
14232875
10221610
15549150
9353866
7297431
13690517
16938518
6682570
7802124
18577137
12777804
11569689
16218976
15182541
10456667
16299589
15923349
18979759
15841115
12630510
14790769
8201361
16214834
15270272
15130969
15596470
10054905
16332830
17355508
8237436
15301503
10629345
14450739
14327461
10185855
16113403
13759629
17330313
7714880
17660203
17448582
15528711
5923729
10868995
15703512
12355451
7840691
10228054
15403244
14713144
10280058
10149879
15701020
6755114
14245314
17391623
15822600
5295160
13450897
15969297
17071314
11478248
8620755
13734374
10075845
11865312
11593125
12716799
15126324
13594267
13032554
17385155
12646983
14500594
16382772
8329734
5945215
15033080
10512956
7421778
11181850
18511561
16564763
10217378
11005954
14524826
16701047
14566820
14031332
12789301
14174709
16492558
15576221
5427865
8601330
17524665
8842188
16255857
13077528
14560642
13405840
17212032
17045932
10250888
14501932
15216302
16760899
9308602
17482112
14750024
13856651
19061799
16132214
13505520
4934790
19690554
11922259
8469897
13090075
13069702
7973413
10399022
13624232
15107157
10875787
13803594
16401080
13635819
16267048
13961454
11766002
16771217
13968360
7779767
12875656
17282754
10281931
17271838
13834992
11821147
3658221
15152878
13023605
11854262
16380314
14550414
11580441
16095330
12844375
17887390
16027711
12771668
17998586
12605384
17229379
11172314
18963098
8966644
13677842
11502729
7590672
10856379
16653169
17187619
14801336
15099241
14068657
12260394
15379233
16282996
15523388
17091216
17931110
17426379
7087011
15784844
15894612
7425707
18899242
14130309
8680300
18332660
15882573
15034154
16842810
9372529
11253470
12427916
15952434
16349330
15059113
9804418
16590261
17664094
15863710
13487421
8232698
19024545
17453058
18131754
14213666
9832093
12850314
11386587
10786242
14823246
15392407
13270766
12646877
12564451
14167096
11920975
14447588
9576321
8226130
10727977
19356070
18355126
14754367
8216715
10875858
13918489
8326714
9288506
15000906
15622154
17909820
8961748
14854031
18672111
13896477
11998192
10458007
16754033
10088702
9486913
16841623
18705393
17254709
19688567
10688575
19020778
14520079
13033940
15616800
15891510
15703405
11708438
9624272
18303545
10641471
3549123
12763515
17584306
15339432
16928943
15936637
16828564
9462697
17608993
15044730
11937154
10707714
14898129
17253718
11432500
14790000
15908878
13437284
15054401
11331735
15301426
16628109
16661052
7311247
8526664
18312775
13231473
12014772
5245075
15218123
14465369
14364232
10799742
12881611
9883334
7132528
18286734
15254091
14915580
15881146
15697116
15942997
10605371
13899414
14244310
16773281
13838396
11925695
18577130
18716138
17281250
13879340
11418345
9935693
15020358
18370432
9102625
13045066
12966213
17004129
8838422
14401931
17026385
16569095
19034989
13433657
8449050
13631846
7803318
9635754
15833984
15346138
14172267
15136492
13899746
16794707
16556480
11078143
19168863
13675887
16744183
16254031
12053453
15403061
11879978
10944062
11379919
5559250
8541108
6825327
17917519
11681133
11115264
15921877
16018956
13660143
15425879
18881680
15514243
14667154
14266019
9620292
8315536
16060617
14563907
17344604
7263900
17753389
12037054
11684470
10233646
14577989
18761165
12737084
11301716
11342879
17049651
12701202
16098958
12155985
16872795
15293463
12252969
14180209
7577144
17174847
13883882
13122841
6562964
16466310
16806089
17639237
16229540
15600473
18128956
9950102
10640035
14630623
11011856
12824830
17479414
15911664
14411843
10517694
10419565
15856461
12985541
12824912
15643007
19292462
11111022
10239680
11979982
9203161
12346048
19625830
16185508
9601737
8993401
15218025
17355169
14233670
11787202
10797900
7812720
14915698
15309590
16524938
9666928
11648064
11351395
14170662
13730063
18511504
6373270
11939422
13691748
12326397
10353451
11669899
14680926
11878355
17647242
16764775
6191545
14459520
9801916
13874074
10090825
16694045
11532864
9895665
13787219
14084886
16059111
10963914
17240478
8743009
15959581
12575214
11189549
8567886
16344567
11094402
10338900
9464087
12242061
16097929
11894745
18376140
9236269
8627731
15209307
10982287
15480680
6718569
6628000
13950909
15427978
11881308
9240327
9851011
11293093
18261638
7442729
14498843
14555500
11261600
19027746
5449841
8432971
17757213
6848407
18155878
18200022
11324859
12436476
14999191
11361521
13185907
8519951
12994743
13043727
7598684
12422113
15178615
8164295
15999884
13268106
4581980
11639659
13235854
14735055
17893201
16853304
5260030
11246795
18082083
16585372
14221018
8675029
14580411
17253300
15445966
13828178
18207466
15135979
8000992
8147030
8833905
13005430
18713816
14419220
18693165
10622932
8951123
11883106
13152962
9189611
18680863
16295898
14787363
14381474
17289231
11335879
13224484
17242671
13799604
11711976
16724602
17882156
13193159
16274748
11979905
13900890
17371133
8490992
18275113
16903433
7912086
18432647
14074487
17941576
18500627
15325644
12997482
15349624
16850892
15283618
19757118
11632970
16132784
19123031
16827275
12313637
15336771
13635731
10597423
13845130
11216866
15221869
13514554
15030377
15736593
12614446
6307169
16423766
7461527
17924372
14407354
11631638
16800800
11114825
16714005
14588771
13195386
17728848
11598501
12292698
12917169
17100401
16489770
18477646
12084728
13937348
17514118
6743343
18547860
12067088
9961190
17899984
11705556
17990910
12013154
17241125
12024787
14958691
9915473
18094227
14437960
14744539
14383974
15500179
6467530
17565596
18509184
14080381
18892340
14059366
9113640
8544928
8211877
16037275
11196551
12104489
11250954
12365677
13729447
13156062
11907881
5750116
10223371
9535308
4152826
7452020
16948822
16223375
6438632
16635400
11098757
12215203
15577558
16028131
16517852
14712083
14530701
17455019
16447515
13598403
12185397
11408995
10049799
8500845
12048799
15994871
16464981
8032771
15165326
8919242
14127224
17806284
14178638
10078049
11135444
13299016
14644063
12155272
13044783
12996091
14946972
15389203
13263762
17423184
9578143
14843463
15141084
10670093
13013038
18176025
11242485
16842802
5007696
14791983
16883247
18426211
16794411
13132830
7186283
11256070
14611312
8533802
16346378
12258108
17126605
8553663
10771158
14898818
14472608
11438244
8295347
18618765
10337207
11108983
12136947
13299052
9983070
14155937
16379330
13723568
13823305
13165087
19284362
10937137
12564084
12944448
7320311
12083924
15604448
16281358
7622663
18283676
12139930
15495305
13957500
15950151
9887735
14903112
9175455
11359317
14905093
9179091
19202269
16158195
11767159
15854372
9397953
15567471
17691802
8584831
10475636
11083888
16499502
17744315
13552612
12781872
15386679
15584304
16425066
17693074
13276981
17110433
14051761
10151653
13902636
15579134
11406571
14940016
19476757
16823576
17749889
15205335
17703818
9595059
17817422
10740682
13145605
17245114
17202137
16744243
13958785
18390203
12871735
14482912
12201890
13069072
14088222
16088544
16385397
6769132
12176710
10796569
12389650
11771303
7913075
10328380
12246109
14581594
10714439
14064137
17405491
14320129
12387557
11169501
13057375
17260642
16884931
16603092
15611697
12766342
8097171
19780537
13698050
10511174
13955808
17579435
13864709
5267664
11274543
10700229
15549120
12273205
8922119
18183029
19186397
12438196
19260419
15887333
15839225
10166401
14705796
11469268
13508353
14644752
2931445
15340230
14295457
14842210
8046732
4342418
11442898
17718734
9913297
10933212
17889654
8970512
11029392
8681706
10634720
14412055
14225577
15173253
15344017
9446926
13287397
7445762
18910609
9301294
15395372
19598000
18502970
15472286
12539956
6526110
12859838
11260669
14667763
18388582
15544462
16050265
16698977
9437675
16241045
16787147
13571762
7955058
11555340
10804245
16874368
19381561
19625890
12565208
10928200
12311205
9485676
14935953
19066389
15430044
13706975
15828985
13997536
8113702
12220595
13926399
14093217
16009787
15731999
12904432
9774538
9710606
11937192
12167550
6258048
11712185
9056799
12679715
19557587
10466836
10039529
9502000
12347512
17724452
11036077
15246297
14001647
14637448
14100822
15916096
15566558
14193823
11561936
14489400
12857816
15071767
10793357
2341291
12146064
11147810
9952363
15463340
17915997
10060551
18976492
11833438
12341371
16000966
13055414
8501608
12323137
18283110
12236526
11440596
12188202
6311179
16134855
15121689
13833204
19343377
12272441
9366710
16629559
18166826
14586951
12915538
11324656
14938285
13498783
15951778
13566964
17245169
9849763
17116774
14878914
15781333
16709777
15279183
17540178
16029692
13608665
18660110
11600799
16294121
15721583
17959509
16954724
13268674
15359333
15741695
10764815
13688672
13456083
12532446
13976472
10037056
12957924
12479458
17738955
13312501
17568540
16215978
10319314
14940559
10547184
17959319
5073127
13732693
14229816
12734161
14904548
15795332
11040346
13666521
15287628
13769482
9910170
15986182
13210367
18168974
16632360
18696097
16147032
16515975
16581670
11246699
14475972
17883241
13960042
6515321
14545815
17190693
15721974
11914786
18171437
18139214
9085358
16183651
8296195
12295347
7446311
14860172
15949157
15902898
16919690
14183200
16313409
14124516
9650766
13031398
8218428
12018544
11514721
14704890
10855568
15842536
11928922
16044097
4101929
18230500
12020492
6407155
14919879
12446834
15042134
11651642
13229290
6841757
10641533
14326642
13536540
16391590
14767005
16321411
13613265
16319990
8213461
17093115
10819899
8621303
8095891
11258568
5529690
9996523
16589546
12123785
16598343
17582388
16706869
18755645
8673491
16603347
11364584
14385199
13101219
13967244
12272084
18409873
17848469
10132971
11632776
7528284
13476172
18267818
14125830
17410271
16833500
13839602
12699170
6329990
16802059
8557744
9518545
19342286
18368155
18037795
16764053
15987372
7360932
12585445
19683611
16055488
13175571
11267520
11060761
13178198
10436596
14460397
12709737
8111200
15891452
16951221
8989643
18616991
11765324
17033626
14442285
8614394
17468838
17720894
16767722
12543045
12217277
9985772
12812560
11223396
14779598
13566355
15085468
18565329
8273845
16787694
4635643
14353581
17997290
9616438
7898737
15043931
9671282
18589334
17964640
9105569
16606469
16299612
8844173
11368123
17696183
10712226
8153456
13670411
7446548
13581955
7936459
17672503
14083646
13021547
12428780
13311690
11455243
15542057
13483536
12460450
15458086
14796277
12051798
17662510
18822937
8823872
12885451
16904907
14054303
13400461
9861668
15391373
9496923
18760185
10771906
18426010
17137905
13617675
13544427
16427252
13153236
15722715
10845750
11437251
8724003
17962731
13557123
14089530
16096347
17450576
11897780
18197628
11971127
16061641
7314882
10318935
16450224
14173104
10393297
13473457
10127214
16622071
15196707
11664638
13591569
12873374
15152018
14148415
15134012
11025157
8827521
12230691
14645029
14836278
16723225
15445791
15397021
7749897
12729743
12799990
13643060
10728361
11410802
16541184
15186592
6010761
8436224
7606067
17640606
12655016
13074132
13855276
13185445
19836045
9107087
7664677
12334600
12864004
13643775
15707822
7937967
9386002
14051916
11649650
7309553
15498918
14397878
18060501
8685946
15174849
19408575
9278159
12789214
15836069
11389966
16849040
16270329
16656083
9419120
9308237
8863573
11597800
15719185
12440798
15925285
18765226
18221754
7665002
16104982
18554813
4501947
13720694
8402492
9661273
13346944
18651825
17738675
5814280
6595261
11012037
9978011
14587808
17639863
15250287
5532129
14416362
14536478
13927298
8373786
6415923
18609273
17991292
12895687
14642253
10644853
7939491
15038532
14642242
13354047
18734508
14213798
14621627
15613387
18599404
19278664
13169091
9781015
15087627
13061055
15140822
11302090
15491619
9902534
10282887
12913043
14873524
11108997
17892524
18803428
13256533
11383679
16386002
18710742
9342883
15263493
14680760
17260146
11082881
12497085
16103454
8079724
18964134
9535613
9901878
11612854
13023324
11071995
18647479
15076560
11864885
18011222
8239927
13143716
14561546
6523215
16871131
17090439
16111033
17504672
5529858
17904211
14450988
8443209
16838413
13851735
19116032
18544193
10381936
13647371
13822601
12238864
16087601
18507295
15789035
19093335
12731810
7171638
8337122
13184460
9745231
17030041
16089494
17908203
10522140
16648658
12275604
7604639
17421985
5566610
18500842
9061160
14353430
12653351
13922072
12049113
17449670
13341300
13844106
12685337
15997299
8719764
12147534
14477312
16224976
17120527
8551662
14923037
12292878
14165259
12151892
10683389
15513291
9310150
17843581
16018475
14268603
11047480
16708642
15210794
11637348
13623030
13715338
13869182
7241408
16255153
15011698
15589585
14969140
6403826
9192137
16828309
9429138
10147152
13209824
14316140
14857831
14992554
16676339
17135683
15558094
17954474
17013912
14958814
18231649
17892778
5278998
16640786
12783016
13073872
9678215
8160910
14864651
15063268
11922745
9371467
9658322
8569054
11248589
17051666
13145865
16541021
14910890
14691577
16474514
14948032
9090699
17862029
18437978
14609477
11208776
14457348
13315956
6943381
9632235
9601517
15387482
17372522
12475987
13578536
7708243
18297125
10949534
12337524
18754235
15994436
17552410
12156968
15421934
9464894
7330895
14633963
11873394
14423094
15591978
15231346
16882865
13519561
18204826
16573173
2631864
4821092
11633839
13944889
14617365
16565712
15505532
13489054
12209158
15521678
14386923
13642431
14471653
14411556
5803777
15424470
9612177
19840188
15752626
8919230
2103502
10154698
18406683
11848915
9119750
12930796
11458377
11768482
13430644
14778856
17507482
7384261
15519949
16100337
13748452
13908967
13784817
14522554
16275407
12014478
13433054
12740263
16362096
15137120
14449972
19033972
14306458
13629598
10210814
17496319
11979723
12053139
17476036
18550738
17017966
8974297
9479629
7620006
13765640
10522743
14378011
14871184
13592536
9917806
6146397
13956976
13309039
10748512
12544013
19229398
5246452
18455211
14573023
8881228
19373691
13680188
7539103
18145071
13308303
14179998
9673424
11009904
16723237
12350775
13260947
12154398
17445970
11184664
16639446
13520635
17687948
12818770
14808830
15077822
13730814
14639357
17979202
15260464
17890759
12810841
13229876
11064022
19045306
14980458
17506950
12717445
19705716
10751954
15000491
11702662
16400838
13557980
14733417
11166444
17673012
15926595
14547051
13701601
15229141
16926673
15343289
17623769
16210637
16489808
16573866
15519711
16290918
11440100
10993809
13324920
12135570
16702365
10828863
9093622
14749273
15321441
13649039
16749765
18226667
18592862
11663499
12908801
15993289
5060827
4340800
16815107
18575140
12090098
11933219
18760900
14945352
18150461
18170013
6221258
12107410
13036708
10853191
11967978
19272559
17763715
9577169
13397090
14240147
10621333
8577830
11676585
10281561
17616520
15475638
15383215
16752053
18084716
11059835
8188766
16395666
8599978
18188651
6760191
15108315
7789873
7827830
16135874
10007750
7181054
5585256
16971704
12236402
12917613
15009606
10749075
8758550
8651448
8687574
18520183
14240880
17283912
15465045
16981271
12718653
9748529
4843607
13894538
16811347
16566351
16602192
13586745
8203601
8539198
9185790
8876001
15695630
16827814
14597149
11503236
14046507
15323219
17449803
12109533
12894144
13227085
8081332
15546879
14418653
15288642
11444788
13180454
8210372
16072368
10579014
16246303
10174580
11247774
10355431
13849167
15493857
10387297
10043059
11400017
12528253
10916431
8631322
15985652
16670239
17240889
19048171
7437227
12134840
9369920
14973348
17318684
11296500
16962929
10434490
12563012
12264022
12349176
9732484
9525188
2375913
12919099
17891743
11440544
15023490
15165222
13555805
19447118
19070864
17142783
11369939
14498932
14823358
13956570
12162362
13584976
9844148
14006037
8558826
12449745
10132030
10742292
14430159
15783911
12112516
12881145
9098170
19337987
13391359
15539494
11949078
13927000
14431705
8009771
7779332
15139537
10444118
16935643
12312442
14192081
7235966
13965323
12575519
19384959
16387288
15954109
16499798
9156958
18432451
13301134
13484403
15896600
11839225
12151630
9334804
13517825
3816467
11567556
10303437
10446985
13139553
8907093
12962457
8086961
9821519
10764242
15602267
18283744
15031380
6325749
14766052
13359587
17479435
11806549
11539291
14109407
16269023
9088988
10741144
17954196
16285775
15805097
11771979
12998074
17153011
13928031
13628580
13804527
12438285
8698512
18115941
9863661
13298039
7279161
14489068
15872100
14208983
12826009
9215379
7507336
12216052
19096475
12720847
3578472
13267707
15302787
13870072
14178289
18641212
18800882
13799611
11230062
6913863
18788415
19227653
10415344
14099128
17664204
17163677
14816165
14114745
8212507
12043973
3726327
16920102
6050888
12658810
15922887
11753289
16728996
15748018
18287314
10924612
11438200
14220784
5727301
18858369
13305247
15314542
13253016
7770005
6402333
4713496
15253225
11818210
16564054
18555581
8532525
11661502
15633203
15979187
9338135
12445363
19132710
16818364
11248331
15815507
13623464
18081293
8857421
12468028
17402118
19702080
11188711
7781809
15009694
12538092
12471283
13488321
14799768
10589226
17969929
10983636
16833015
11448312
12659604
14697309
19681799
17684186
12157669
13297287
9338074
9651214
8800846
16792125
7491549
16219545
17260248
15663836
17012860
16548788
9350202
18048670
12071954
15618476
6220059
11163007
8041564
13272473
8490622
15904073
14620807
15873985
17442220
8749940
14457080
11070508
18881875
14701474
8876674
12009883
14152514
17420389
12501138
15509925
14248465
16109887
18796520
12750391
5275839
8721346
17072968
11631581
18965623
13110967
12553425
18796950
10885054
18160862
13561938
15816237
18382852
14621827
7174927
19763350
7278947
15571773
18891753
11550766
13463318
19126008
11715585
19523147
10304987
8945531
18761077
11823642
11798050
17438283
11448992
14234082
16484263
15629530
13122498
12896140
11981231
15112202
18687850
14665397
16540587
17707723
6508477
6990692
13852469
12591892
10130989
18858299
15513938
10107133
14517142
16851214
12032825
16415516
15576991
10853768
11114347
11860937
12958609
6938885
14787221
14337200
12603732
8352629
17229448
15326084
12303864
14540904
17984633
13791419
14974248
14779128
18866818
7458568
14761386
18352601
18228242
15991717
15965575
16160759
11811285
19435500
14320225
17186147
14764871
13702999
10830967
6574278
12313977
9143763
14184880
14624440
14653166
11491819
14352194
15762352
17929853
10505350
13611653
10443592
18671430
8270981
15867670
12653196
9109691
10580011
13474623
18341980
14775734
17305223
13306358
17842096
18033076
17044119
17351736
13460502
9016820
9432269
14043102
14234771
11093890
14717987
15353967
17374172
14900314
10724314
8899774
10926687
13108279
12616255
18198508
14477533
14195411
6599371
6125434
8270831
12143096
15035279
3931003
11754039
15345653
10640334
16643770
13369850
10330694
7483494
14754983
11177679
10624291
13610609
18640770
17232590
13645991
16984696
12389771
8956339
12125877
14068591
15665725
16336189
11092146
15392001
17775972
8933544
9670056
14280894
10845186
11227222
7855657
13600828
15476767
18292406
13200361
16026421
14494764
13639413
17577407
8629937
18977696
16334077
19656675
9790977
13344930
18753937
14653287
17640113
14581600
5885750
18139530
6514173
17064033
12849005
7973277
16025003
12196501
7814537
5873710
9400056
18100776
13476673
14719461
6290928
13322279
13695012
14821375
12080715
15680632
12692612
17011225
13536189
13795467
3936456
5497787
15786464
13008989
8845068
16070182
5850423
14370793
11132519
15666970
18463652
11920460
15353480
8425847
18550018
15310015
16147031
15181193
6875192
16859370
10878722
13233697
7698595
17568128
18566724
4708761
2722618
8533341
13639003
12177022
10395887
13006476
12531917
17147464
9575115
18272152
16650422
8849538
13759500
13450508
8133392
12754867
15259748
15258471
14394414
19513761
14289373
13688045
9903693
17423888
13128940
18016164
10239003
15835305
14345766
9881017
12014610
10542471
13670183
7514076
14587810
14516446
11685927
13029042
17534323
16344254
14499294
11990407
12723180
14672123
11302293
5768119
10701041
13593177
10600951
11997004
9617506
14346479
6632856
13597150
13695035
17586522
16913755
14924982
18189524
14934772
18073009
11384210
17752201
15844205
11357674
8610920
16155620
16391846
17927167
18702672
5953713
16810395
14319123
9403323
13825916
14644719
11796044
16352999
16497452
13868582
9585619
12001581
12118914
13568911
11085703
15870539
10715931
16117094
19005523
18426670
12169935
9592961
11830262
13245754
18397163
14893447
18840207
13440130
14921271
17038223
13323191
9459323
13292612
18864568
16190218
6870201
8171709
11949513
17406154
13566604
18651231
6452574
14935970
11012162
8428295
15014300
14389589
16990010
18746506
17410821
6321143
12070091
16419852
7702318
16910998
15676803
14810251
18418394
10857891
9176294
15982581
14111274
12674177
19491025
7167978
17253137
13952459
16088677
11263730
10304880
16895457
15435092
10516558
17445426
16846256
18002474
7238051
8416297
10213786
14771709
9189090
9642342
17151555
17858852
1942339
9774371
17953069
9720847
12321168
10383493
7882816
15772889
17959320
10627782
12192001
13644511
11884089
16826232
11987969
9619955
11833781
11041772
12562530
16408831
15555267
14369122
12635995
18536872
13948213
15385904
19231129
16648861
9560714
15638396
17628213
8855184
13197060
16896515
16068218
17000795
18735671
8632566
13913509
18830129
10485064
12612225
13949620
2557259
11185924
7427532
15483441
8573005
8089880
16625440
16969893
16587501
11181534
9442814
13746439
12047460
10867352
15895387
15945401
15972221
12043542
4812520
11483403
16446698
17733291
12045161
13384787
10109545
13945743
10220344
12764278
7441606
14745184
12325587
12492012
11358724
12139486
12791937
17612038
12839602
9459511
17981914
18169140
7788514
12681920
14944106
11483567
17066550
19742555
14173156
15985297
12382346
12412714
15592418
9323407
8506657
14051451
6313875
8822586
14112746
17059066
15369254
13785582
19646545
8091547
12957958
13275733
14561967
10806503
4018974
18315531
11837727
13184700
6392200
17296116
18306082
15835149
16885523
16795315
16714423
14730748
19018387
8878464
13414481
9915379
12231738
8958942
4841120
17807697
12212979
17361431
18985348
14411503
13643070
18843930
17750910
9621704
15935536
13275304
8188499
13406811
9891748
15816332
15254008
13579063
11250217
15441287
15472638
13277417
19573723
10800075
16307898
13325793
16885085
19215587
12733535
7010665
15928262
13686318
15091026
13306164
15909842
18101528
19085519
9446093
10867429
18127152
13031190
7593534
7302193
9766162
14241106
9547599
14895821
13569408
19725099
8844236
9814100
17497722
5102131
13856205
11073276
8462126
15519073
16398500
10608644
17503172
15294496
8246316
15558672
13143632
14291303
16700647
18650497
2093059
17544556
16895022
9410273
14663399
8336772
19594755
14759010
14851816
15554700
11219223
10930183
17130201
13441144
11413358
13816452
17576989
11608672
15877685
15669931
11750132
9938469
7821409
15231127
16860478
8961932
9224113
12540727
7712710
17469289
14692916
6088260
12178538
16674989
17637633
18252774
11314843
16091163
11256446
15350953
10240096
15163521
14909438
11152519
9324360
17523993
18490953
12762417
12978244
16255167
10268790
13582449
15197570
8562023
10866114
12249445
14674525
9919298
10361610
10666925
13433075
11565564
12650503
16157768
16580329
10429716
14998557
11217113
12715846
9975592
18024921
11039816
19785903
16594664
14411575
13468690
9764165
16381867
18371875
15640007
16228588
15375854
12110624
17924726
16480530
11965614
8395557
10686337
13993242
10668755
16171903
13872693
13691003
16776538
14875386
17188620
14377119
14046490
19105871
10555087
15026879
18790985
5734582
17844585
11827332
13494762
11611555
14891035
11588732
18744592
12697919
15828458
17669553
16665368
14260267
16263958
14000335
18452295
11071023
12565652
12593894
18310062
8701704
10866488
18909726
13728614
9633164
10320254
15333916
12921381
7150153
10071083
8586073
16484833
14545629
15106772
14742803
12181646
16794815
16841701
7357150
7945578
19778133
11371608
14659110
11955550
6776216
14165613
14038280
12340581
7653506
17664119
8018181
14568607
12280795
11898857
18048283
12422430
14262955
14739856
17812803
15561684
12922391
16945722
9974781
7251536
15600116
9453072
17297323
13584913
14706533
12153367
12418353
17640313
17455016
8665888
11433211
11595393
14371101
13792724
11374294
7593402
17327614
12294102
8237854
12956247
12761277
13921803
19296232
12956780
13151378
18234472
6411091
14686680
10203288
17319258
9298966
13366661
17211228
15143718
11357594
18182481
17106974
17272133
7755317
18151204
18164453
18971703
12306753
12881675
4952677
12434902
16548426
13825464
12489143
14310308
7525291
11805624
12356432
13660915
14579028
8374104
10444226
16247882
16898455
15205042
11130492
15353009
14667022
13189939
17643476
17813924
19811186
17697333
16423386
14153773
17806341
7949560
9505105
13872303
14916126
14923066
17445525
9201681
6033460
7535211
18241904
16845223
18540632
15607225
17940270
16026119
13562569
11966043
12163789
18794443
17461174
10571162
2927989
18652444
6383273
16507242
12508281
12425284
14694235
11426564
13600169
10025296
18977957
7455943
12068083
6784320
10390221
14237387
13279215
12192739
14698205
12764471
15972713
9341484
17064244
14839554
10246747
9526926
18800225
14625147
14909116
8840285
13534686
15895996
11575186
18714425
11054613
14116228
11123379
12586416
18147705
16272663
7910983
14536172
14214987
15895244
8235488
16250890
17004840
15841149
13678503
11535232
16663792
12174258
12386665
16902708
14862580
16963874
16444076
18468179
12003863
14850467
15546784
10198076
12856421
12666457
18379146
8295620
8779764
11968819
17903102
8306939
9152353
14163138
15347526
13513910
18351291
14803160
13667687
17272464
12768394
13360513
11353679
12836711
12324675
11541805
17296635
6682506
14015160
18694136
12564303
17319261
13499561
12071220
14066849
13756706
17092488
15981770
11551714
15487793
11826695
18482743
10883445
15939924
7787948
17585238
19376478
14698617
14683185
11355268
10570705
16387780
15965394
13417896
14295826
9367689
14293063
19206638
17861214
11297591
17144170
16447805
17528477
7886967
13662546
15522317
7069750
13537915
12851991
14668562
18437436
7476291
12215878
8360525
11877186
9497590
10858280
12659035
12627559
13592356
6849387
15522146
11309593
15986253
18474854
9980471
13754038
13151272
16043263
14364050
8042632
9556578
14382095
15225524
18452957
17483820
13306180
19474140
15366127
5712724
12015444
13707676
12337903
17181794
3746566
12576583
11095380
12361749
16210410
11709239
18543254
15045984
11722627
5904883
10118867
10213765
19738911
15985974
16595219
11475521
16356720
8629994
18596744
11602311
10636191
9831144
10686340
17606651
16449429
17501844
18076775
12406239
9262048
13020280
13841017
7032198
7061784
17638344
17247594
17906664
15622589
8781518
10390058
18031314
14241645
10916234
16843307
15119158
13581597
15931105
11660063
12420833
13797038
8192052
12315101
12876991
7114468
14215659
6354672
7979454
14618081
12617174
8000133
9877464
12602924
10095143
17421115
9301113
16968661
5761400
5781077
12191758
14375921
7471111
17428444
6678884
16699818
13634722
17609090
17758198
5479724
17808210
9391108
9003926
14949791
10621331
15594077
14445978
6527098
19557077
14361125
11431101
13108073
14051381
10225558
13827469
11668550
17002214
13621733
9751609
17727913
12401886
16649793
12554978
11173957
8394431
13636207
11167339
18125592
13898847
17309206
10728617
15208265
12578696
18190024
12232368
16743203
8914763
16375511
9783391
12419766
17047465
13194656
15683077
16470761
14871380
16076676
12033348
13628034
13973350
5652831
19325894
12088253
14476063
11895689
8974725
8460658
12598830
11242542
6218928
14398568
12814229
17409874
14843945
18938638
12402609
16726267
6992233
11356040
12017108
12685333
14017837
13017485
13743373
13597059
16639657
13682802
16082968
12412075
12811666
11864203
10588778
12954876
7172341
12516482
6657558
16305928
11468817
7130246
12210884
17053250
14680925
10212663
17691744
11316323
19899791
7816362
14407463
8377988
16897098
18105816
14805418
12796128
17138000
15968048
13226999
16347387
12821832
11148275
18522298
16919815
11025568
15437296
13742737
18376533
17257063
17047103
14538982
10445303
8243200
8307819
15727780
11851506
16598886
16916054
12380108
10556892
14576507
15035649
11766610
11465743
17637078
14866973
13234025
15418878
12742790
19753749
9111739
18173013
10354903
17144246
15198629
10912833
2650107
13950388
18208391
13908636
17192796
16837303
13624084
17823325
13101403
16568897
7920001
16733814
16979451
9290184
15909671
15882432
11996990
11233477
14832920
16542892
17759045
10738698
12581356
16735182
15393352
17168575
10591960
17856442
10773229
6040191
19889082
7958636
19445612
13584549
13939688
14083632
16157395
8668281
17952937
8019839
14787699
14365317
7621269
14037862
12722106
14720126
7115252
9485070
9858796
7544406
15269606
17485786
9447602
15116238
16513391
13903508
15936439
9506765
14869153
8868229
16472761
19069818
16524899
12450434
11139016
17606923
10387962
11297636
18183676
9034911
16564308
9112763
11608253
16427557
14202223
17526799
16586446
9484838
14125073
6104767
9190040
13727174
18032442
18186142
7595621
19231969
14786081
15866694
16015010
9927517
8448049
18966036
9278230
17983396
10144143
6215982
10467183
6808886
8270329
11991314
17206351
13347985
16970350
7772444
16374283
13919233
11525717
6268338
15019176
7246662
14606377
9932055
15599464
10748472
18486771
18657635
16051567
8661414
6060567
12969899
13682746
18559112
14761483
14594119
17061441
10850716
16381102
11878730
16200168
13909082
19543944
6866644
12909970
13143381
12592787
14777289
13182215
18202273
13407729
14832121
11516806
14605685
11923327
14180011
16101833
10698761
11640689
13350868
11942684
13366631
13519432
9234673
16664380
11118136
14736117
9998537
13738346
13559620
11804991
17439525
10421201
18114533
14969095
16756858
15055283
8328921
13612962
12792412
9578204
14210480
19270289
16776485
8782132
7485666
9093049
9066369
16290343
17034527
10869333
16410152
15361395
8110744
18060769
13771473
16653359
6836653
10781879
14172568
15369457
15267167
6530336
12544457
13703303
8316006
13915108
14262516
9883967
9784179
16805428
9169145
16837800
11319192
10732279
8168185
18906416
13013878
6895397
15738573
7304212
10061729
14548579
16863448
13564093
17438794
10207555
17065456
11076878
7039553
2617530
5045845
14960118
11606908
19621003
11426179
16483755
8213450
18361458
8174126
14055443
8193264
8701824
12029018
17888191
11497148
15213527
12550430
11302131
12776063
16507168
10906348
18933170
12029464
11328630
14371603
13776783
16170872
15016424
19037999
6698559
10819217
11060441
18943414
17054300
16005100
16068696
17169887
12514832
7800555
14675766
9830842
17165018
15230761
15360932
13308771
10674804
12771510
16951272
12436496
11246819
6911762
17374308
16399758
16142117
18950982
14535432
18246634
12318363
13668539
13927705
15708770
9741198
18130573
10628825
18980237
14191190
16312147
13162084
15646931
9118477
19187008
15897034
12106786
5959907
16380968
10690589
12877915
10426496
15444414
15107753
15448009
16480024
15140399
12763859
14170225
15060387
15125927
11024811
13883408
15948274
16791426
18439504
17585671
15820204
9101504
14089056
13820387
14637515
14590397
16305079
12352365
18141967
5613504
14635765
14945082
17266543
7883322
3599127
16382168
15629292
9744829
10501091
15235692
9146189
12355556
11020914
15464939
13248786
4670296
13984229
15856012
12528790
12104078
15197331
16602602
10047138
15964835
18099722
7774515
10925641
12377274
10590282
12562188
18965655
18727014
14118489
14843027
12659424
9372756
13670485
10751748
6305402
13168469
13598093
18400871
6416249
7945401
8364523
8998499
8537074
13753182
12035913
13510689
10780661
10346072
13311231
15995829
12872526
10430183
6162458
17883196
3994974
13192040
7748225
9240881
13604964
14281470
10585169
17556866
13988063
6876404
7161654
13242069
13452908
13119347
7679624
10142233
12910689
16975228
17173504
15011427
18579200
13211354
13863691
13683352
13088309
11646653
12482270
14205251
15243099
7799609
18599984
10314216
14010556
5338467
15555888
19316274
10138378
16715057
17691740
17381467
13294508
18314402
17271076
12890754
18319319
12231168
17820365
14039487
16895807
8545168
18392061
18657477
12608840
15969999
15570336
13985377
12112792
17192424
12336280
11729818
16680271
17457057
13588811
10809556
15901342
16959122
11772772
11670074
12785456
13751117
10418600
16798914
19008037
14659098
14013399
11938159
18358385
11950940
15883445
5987790
14612107
11029716
11850214
16219727
13772176
12929913
15058856
13248655
18163829
16068961
7882085
12035516
11048019
16218091
15664401
11802778
11441216
14688726
15391428
15104399
15904054
15183612
17584693
11744200
7474450
16822431
9725338
14994783
19515164
17193083
15366441
7888917
12793347
14251274
17034184
13591329
9331458
18819322
12522409
12262154
8681413
16525349
15965868
10266114
7845142
14212859
6091507
16451679
12445335
18872136
17033399
9947982
16211041
13935776
11266338
14800823
8756135
12781210
8235391
15013843
16342608
11975795
18247788
16101359
16537397
9444901
12778401
16038990
18186814
7598425
13832723
17804932
8990225
11962093
17099468
14057760
11998840
16611556
6163180
12435938
10344560
11571774
12482882
12083684
10409979
10647321
12238986
13980252
14813532
10133982
14708065
14735350
19177361
14109284
8740793
11534320
12003914
10808093
12462097
8120055
17323421
8629108
6113451
13702033
9076930
14053193
16018688
17012027
15528909
16576646
8711944
13773007
9914450
15952169
12757475
16552883
5605314
17575558
9380886
13673568
17260115
13810982
16974640
18721226
10395407
16244837
12207072
15330107
13702038
13497754
18403648
17078526
7619909
7970572
6919017
6706242
17901629
11683352
11181652
9185257
7041172
9893509
16359623
15138059
14354661
16727805
5800290
17712594
10334249
17378519
14441006
15269975
13935900
15910958
9369703
8150105
11302873
9988645
18292405
16228171
14775440
13973321
15668752
11884942
16022504
8804469
14390839
11085914
15677091
12651938
11292437
15307326
14460706
16109726
16922987
17713956
11778943
14981111
16750332
14551294
10912200
5094308
18409710
8063354
17978378
8377824
14494290
13296170
19802765
7253806
11154814
11263938
13441632
13301946
5263101
13656465
7750465
13196091
14735747
15824552
17207389
17087415
15022345
8793864
9255645
18521338
13777029
10482704
9712398
14994264
13013930
6458391
13979737
8338170
17016964
11509498
18672349
15231208
11595170
12618438
7390839
8822036
17122714
12137217
13661143
13590576
16646854
11263033
5736688
11093888
18019689
12614080
13143512
18311408
9503331
12610207
12657899
10847726
14402203
13180499
10958696
15853213
19681374
11865785
17495744
10326879
17117583
18043612
14152664
17217510
15105282
11947185
9178430
8998568
16776030
8925638
15760039
9724433
10402655
18634400
15603925
18080978
9867317
11907426
9585478
12164278
16578082
16198921
12589777
15831486
13677781
13878807
13139237
15401986
11643573
16430170
9776045
15474055
17554084
17226869
13452922
15811156
14167106
14148146
9420451
15539406
13685606
9685964
13527493
8473687
13189948
18407553
10941301
15164941
13862690
14267361
11610655
8640864
15014095
10514750
11288973
14189403
14102396
10875044
13346433
10296636
17906202
12233684
14650366
14285483
15175679
13612129
16603820
11055878
10721050
18040991
13173234
16725384
18778927
12584121
17070857
12984457
11875233
12323374
5563815
15754019
12249759
17079537
15986521
18386023
8672030
13022311
13920166
15232808
9845852
8526177
10919550
17757194
17837278
14842607
15866273
9374006
8418671
16145551
13603741
17450679
15956218
8032762
14678704
15418587
13352645
17210575
11626602
9951642
2538412
9790787
15331080
12804897
9613649
10945285
13231384
16683183
16999257
13435328
14360329
9089890
14992806
14828614
11447410
13837896
4610032
13153584
6354174
12231882
14864454
18444206
18394283
19796439
13618702
13979445
10825357
14382668
10648966
16850596
11907266
11998960
12258398
3814799
10543071
4529898
6773141
14765890
3977397
12264767
9355944
14706333
15206131
12092118
17255938
16223718
12914570
18227023
13725936
8807657
17760060
15599742
12495689
12660216
17426705
14608083
12420735
17946923
13960967
13515271
18788832
14560697
15721537
10874686
10716883
19178402
6205626
12999748
19094894
11695534
11696045
6859551
4234590
12261853
16420852
12846989
11153044
7058817
14202531
18382068
15834574
17357919
15926185
10918090
14087486
14178014
18516906
14224697
18127379
10358567
14654053
13760511
19502701
7700491
13336729
19680370
18429086
14216645
13397755
16309002
7975658
12460236
18912752
15536424
6784512
9844655
18942377
16901236
6816984
14317747
14016219
17157393
8663340
15323479
14501370
11524355
17007341
18459332
14223264
15986278
17878516
16737669
17245715
8425548
17766313
11293219
13368455
13842269
12957005
19450521
15221890
18248316
13255158
8214603
15974501
14922333
16326645
11860330
13364892
19507006
12062147
10441692
11888184
14718493
12508722
17945437
8154542
12160739
12472829
10978235
13921075
6184489
9988236
17998604
14553033
12609928
15926553
13723897
13545944
15325999
16716677
10725522
16902531
15368829
12010152
14400936
16479117
15443885
14613684
8847248
18352576
12402903
14269697
17431336
14940421
7694329
10300836
9259548
10654032
17614626
14957333
12570471
5028560
10638125
16742859
15764428
7968375
8105504
14962954
17836181
13158665
9560549
5912342
12435172
16718873
14992644
5795590
10864663
19605858
11315320
7350709
17953013
13094186
18440386
12885123
7370477
18990943
13157283
17416078
14779399
8803046
11640417
10212389
16274760
16852987
9788570
9145629
11837052
15570522
9615778
12290547
14696588
13320516
12628433
15785652
6681442
13728783
16742244
16062330
7803640
15505242
11110083
8947266
8097974
18498791
14080792
17918306
18413313
15268493
7500096
12358916
18171773
16543573
15785157
14303896
17719274
10150574
6705569
12622634
14901589
4552141
14587674
17095954
11516685
13684298
9395219
12759379
12090969
2901406
14938861
8547618
17333533
14564322
17387049
13583191
15593889
11891578
11007682
13120587
14877997
17684077
17292563
16568815
14421529
11307634
14250337
18215081
10781968
15310867
15622906
12378710
13568997
14622303
13376853
7960061
14438955
13192996
14760153
15336006
12723861
17558222
13047916
17028983
13110690
14757038
10941099
9065103
17369129
16318708
9426906
12551172
15928972
16030486
12265976
12535410
17623808
14843076
8762109
13775918
16910007
16448062
15960123
16379836
18612417
16319041
11058860
11843880
17278465
11582777
8438499
10705507
13004104
15112413
16405583
9887031
13282746
16986588
18838958
17057191
6730653
11355094
16101827
15323432
10601302
11937537
3650362
14037359
10184930
11722900
11405897
8323032
5759993
16017151
13180021
15104150
11033748
18528558
14717739
12680292
7920439
15853096
14484994
16993985
13022428
12010684
15223911
10138700
13907291
10821283
16443933
16967665
4335533
15531901
7822585
5078926
16861272
13844733
15532164
14613765
13153166
13660060
16688047
7347720
11996727
17889064
17154882
15235743
15306087
18198999
16348605
14471079
14108758
6938817
14962774
12654869
13196566
14827924
15397661
14461573
18821186
13949099
12464400
14045523
19832992
17349946
9055493
9380893
10028524
11913763
17522162
16378521
8658686
9192786
16897550
13480420
14730753
5444230
13599361
14585603
15156490
16566426
9028238
14855408
14196931
16075650
11320789
13212115
11994435
15984214
10581282
14772562
17324861
9666005
15298550
12303322
7534584
10059253
15950390
12769897
9359294
18247264
12004482
17912104
14846882
15022707
18034255
9502486
17098515
18507679
11357710
10143377
19110687
17626181
10258783
14015725
10929199
12545925
16295762
15230801
18720385
10619720
10711051
18006967
13166263
6875892
16135911
10831211
13965625
19578349
10614710
12260122
18278400
4724596
8277153
9021223
14741887
11568140
12260831
5272212
13248305
11465114
11005097
16316178
14858375
5724712
16671390
14179862
17990992
6656186
15797640
16406650
5121887
6856410
16998436
17449162
17332203
11497621
15679756
15908232
12743198
15303395
9822886
17633858
6117586
8571638
12612182
19538533
19481324
13044636
17504357
16829557
7906554
16553030
14262368
15980516
6166254
18346879
13965148
12453545
8031095
18369880
12959489
10117719
11593162
12382534
9495896
12221675
12798788
17198514
6042840
18212306
8012434
13397247
15327718
13214487
12443860
17154748
13344850
10051769
6908348
18542951
15789344
10873978
7890420
15089806
19028234
14609944
13813594
13475233
12619946
13409698
12941184
15923388
8484871
8926797
16196127
10068554
19582930
17448152
13034195
12008420
9507850
18588449
17747151
16192845
16152562
17248406
9685216
12551469
11030732
7903087
11777345
16138985
12453899
12468531
14862294
15368129
13181964
16303348
8279004
10750772
7617414
14487897
14181988
8968130
14915027
15377916
16021707
11662723
11747954
16068327
16680906
12504826
16401415
18252152
15307130
14531155
7125112
14652947
17210774
9754861
16766258
13191666
13175178
18892581
11803781
13111564
10473072
11859652
18285923
13463887
5328850
15432085
15478334
8565115
9810081
15084695
14480965
17031376
13143461
16669444
11205671
11226698
16394348
18837542
11522659
15774823
8525548
16805158
12648191
13445087
17911244
12016257
6262184
12538323
3515406
12443387
12532274
12123087
12652332
12054741
11338823
14283289
12012473
14474573
8304963
11518252
14052682
12810655
16192554
7289851
16979236
17759591
13520517
12978596
10980536
16055545
11924259
8221531
13878544
12457651
18213318
10961590
18640737
19344447
9922555
14087422
9275892
10693785
16695775
11228194
16452585
13180968
5471983
17618221
5906700
18449884
16271812
13018393
18098965
11046791
13177062
14016789
10092125
10555329
15264677
13553627
13409955
6512444
13959828
12702472
16431934
14931142
16987471
17939792
9216378
18935426
12840899
16720249
11628856
13798101
15954438
15582900
14896932
8467055
6901779
8929299
15326377
17361575
11084549
17545427
8047937
18240534
12148712
11572329
12033940
13111799
6936823
16769061
12952715
11479337
17541020
14026953
18339281
14472029
6526583
18400025
13799847
8397722
7453489
19177069
15644595
18837407
19067834
17746629
10560808
17926401
16993622
16106305
17712804
18477967
12881901
15591326
18211142
13614717
17152545
13404812
16608310
14086716
13408197
11640102
14675431
18131193
11709010
17027700
12412340
10581853
8917893
17571820
14441870
17849690
13857589
13301945
16538732
15147745
16330050
16552160
12685474
11018593
18908667
3729376
12186008
9759845
11665550
8030123
8452752
9914694
16617220
17365173
9626373
15531576
14207964
17705298
13522803
7489287
18912235
12478161
17111272
11563633
18968955
16364389
11413962
17536456
9566856
11768034
14009144
17542154
13834942
12281649
16378462
10724951
15740780
3969306
15816549
14537907
11637272
16443939
15976151
18813903
13974735
16301357
10349262
18633912
14922785
14187694
10468537
14958507
13394632
9921957
11479478
17762466
12700664
11647058
18469082
9639213
13406962
12176651
16596117
16973772
14933141
6835687
9969164
13228014
17874393
17778571
13828863
12944580
8029967
14106893
11316093
10546361
15746125
15809657
14174551
9357094
14181051
15953972
18286321
7404424
12973231
12304183
5567215
12551820
13077115
15255632
13371216
8824764
16318406
14213546
8895818
14811839
16275160
12480579
11413428
11752525
9746975
5726721
8892166
18214297
11560569
13433021
8337686
18892927
10581163
17449166
11749288
13041742
13117339
15420454
13554322
12955275
13866312
15727681
15193117
10728966
8889712
17741268
11838607
14069583
9234036
12934460
6433121
18585165
14528894
11738295
17304299
11185756
9601443
14845794
12346396
9807701
16877138
9531259
16140764
15463940
17877764
6406803
18211650
9454495
11942267
15085923
15546201
13289929
15256648
11159369
18380002
13345260
15779929
15297483
7275817
13179029
12561656
18000013
7699883
18797115
14826878
16532454
15638680
16256379
17284226
18600727
6031085
11115191
11969085
12150874
5350301
11941043
11768809
13237465
10995490
15793216
3661518
17509610
17237064
5857731
14183170
17236214
14872020
16492273
10839908
11970991
13570750
16275592
15796503
10682757
13337730
8525662
17282642
10902055
15596005
9985534
5861000
12999431
12153736
18298801
14239947
17475594
7121655
14651268
16597001
15867982
10039634
10640769
14161850
18489165
17294932
15822666
14437658
18338069
10208978
13076490
14401898
16195706
16753454
19208207
16143452
13625874
13438482
9233441
14593484
12370250
13609227
11323112
12362665
10940666
18175752
9956324
15141236
6541066
11635040
17478944
4089063
13913580
13769504
13583650
13228043
15346040
13476367
8323104
9119833
18710186
7065545
18435290
14696879
14349926
13579312
13021825
11827477
14526313
17619628
19065064
12259419
16374675
14419045
9955524
16150332
16479320
10100422
18661818
11647226
13338628
17286321
11218721
13964179
17191241
7642396
8777049
12457816
14248477
11548405
7088770
14475967
10284916
11144445
16815109
11055288
16202117
9812442
8802275
6205856
13030414
7442433
12099746
8737350
11102548
14104487
15144049
17992805
8193625
17607017
15887155
9430947
11853048
7494019
10029142
13880137
14746255
15868547
9646270
8999841
13358422
14276718
8150728
17433486
13245081
17432515
11711599
14797732
17340737
12433023
13835119
16424568
13899103
9737005
16349545
16644126
16228677
12610789
5008458
16717921
13453564
17386277
19397314
12582491
14441129
11623907
12992128
15460918
12538723
18111276
14139903
11549245
17970006
16776372
12340327
18567673
19633690
17449552
9019803
17605431
15839832
17868671
9528566
15082594
16195952
12420800
9271718
18616285
16634030
18164505
13507669
15551369
11309732
14994740
18026936
11326305
9632104
15179294
17869534
10668633
11460442
12581948
12142216
9102454
19357249
13639920
14781284
13237315
13712758
12200548
16405421
9540471
9704402
10614245
14081309
10425823
17097712
17072886
6967473
9097271
12269433
12556857
10023350
18786080
16943382
13845211
14693080
9281385
17856865
18219195
11866243
15109153
11868830
15808854
13317155
10605225
14639584
14113164
15296453
10010489
11032454
13925318
14278751
6894274
17191054
10222596
8432655
17378089
16077201
19269205
18051495
11635682
18154614
11611835
10470137
14782440
14909761
11364059
9957087
13754221
14955910
13848415
7460511
16075597
17724901
15187026
17429874
13785840
15203525
14114121
18459815
13112526
17618285
14557837
15745603
8761935
11118027
13217083
11858148
18068437
19046724
11154222
11783592
9623010
7381231
10928534
17161765
14750035
10839949
13236394
15701563
11502733
14159022
9361661
11918761
4652822
8599028
13526426
17508408
12509965
12273093
3975095
10704711
9235344
17645558
13152870
16576155
15317480
15962509
18694166
12061287
15436944
14670176
12110113
16550512
10204334
17955097
11433967
15600761
14382450
18787683
11247974
4878031
5947056
7667463
16779518
5182513
18907679
18989943
16417846
7055641
10802869
18858395
11300481
9940617
10816501
10245286
17740824
7177577
8045782
18360761
12678846
3237218
12663326
10376599
17125090
16080655
12831916
16215433
17848470
9171433
13644021
14525517
11187900
13407430
17875806
13720007
9156436
10328546
14217280
16276822
12179459
15778499
15557631
11884919
14870169
12722415
10866277
11186520
10162163
17080476
10001160
5658325
10406298
16757545
15826849
11768226
11907742
14281400
15346161
13172453
12510204
12092465
11426582
7821663
8959967
16627863
15398392
14034104
14768385
17702221
7633466
17644537
11889789
16766457
8838576
14863771
9133065
15517850
9270662
15486041
17089809
12482169
17943300
7858762
3810707
12717724
16010026
10670537
11727982
15851543
19414317
13363282
15789722
18854985
15663708
12803955
17092660
13052451
10611393
16402732
16918535
12377184
15178355
9587667
12057390
17640128
14688052
9910704
2855775
14925636
11404649
7858828
13686810
10650632
17844205
3507406
7039148
8872974
10017326
11760843
15204475
16600459
6646944
8068691
15757615
12724884
12199553
12563448
14674217
14343270
14909394
17817750
17473613
19349029
12258228
14558575
10745540
12486302
17371442
12976804
13854141
17971048
17822838
9447634
18848921
10174626
16279240
7080797
4633486
15783655
15899253
10851894
16126979
11646143
12735272
17191975
14819746
12926625
7665186
9109806
18166335
5623188
9845274
11118656
14719439
16439865
10762090
5183504
17481271
12829699
8373222
17176000
15987560
9934690
19022625
18669977
13539394
14485182
14195337
16054557
16816771
10208518
14989911
15140100
15035868
11551355
2937323
18745522
17484379
15928598
14114168
17583911
10315204
10684895
17267225
10146404
15971194
14586595
12522775
15969056
12181791
17495994
13933470
16526216
9340159
11078912
15140339
15596038
17551923
10893409
11910332
9057491
7160438
8186849
13539536
14973960
18983230
10498429
11701189
14695781
11596781
7797715
11344232
7623259
17700230
11276987
9184101
14551530
16001160
13043602
15410450
17119418
10168116
13533141
11877830
12901005
18338769
13183498
12916612
13768484
12554422
17396281
14089361
11313612
13824816
9703454
12823897
18539862
17686099
12327153
15758546
9425170
8374221
17075004
8870826
15938902
10301496
10399040
3282969
9188533
12847089
18309040
16664376
14819907
17299313
18781458
16625361
9906255
12066773
7134997
17669179
18534604
15756478
9966561
12543798
17742298
15242099
18584745
8239017
16466143
13700089
11128234
11506680
18323680
14158269
15108081
16531662
14139400
17206991
16877005
15339313
12853349
10774613
12036340
17507789
8722580
18124748
16453969
11843270
11107236
15615382
17536650
10597589
16503301
13001990
18598259
17858722
8490191
12913884
12007777
8776565
7795114
9405270
16344887
11676362
14958475
9542269
7754789
9242163
11748769
9395211
5877046
12175955
9631120
16176824
19677287
11466157
9149400
16880783
18384360
12906329
15406419
12900648
19342064
10294808
16009131
13144441
12933693
18178533
19215473
10582794
16258596
16308099
15470165
16577287
14984657
19026519
14490664
12813934
6317803
10802416
15349142
19000501
16952515
11398305
14203645
12957011
11620770
11860216
16317619
14524285
15893438
19290227
17252559
18481045
16945646
15961088
17598229
6511675
10381978
7673423
15237597
16118546
10144088
15768474
14668909
18088592
17097187
10705314
9010160
5900133
17665511
18195190
10363218
14118407
8273462
11272446
17158715
13570052
18812092
11037704
14784917
13040808
14282892
10798937
12835805
17511320
16622259
12761594
10875474
17431914
12499456
12587137
18002133
4494509
11788719
14974072
19766623
8725333
12967185
12812736
9771630
15470139
18438887
13220703
17164376
16906303
12438215
14619462
19849787
7736613
4703588
13290873
18851586
16123490
8474370
13322870
5736655
18090801
16529457
16871617
14119798
16895372
19310376
19407830
13228937
6283792
14665248
9068631
15660847
7700747
17908185
14588110
17838006
15273157
14225591
11232815
9790909
18840911
16054750
18190177
17495345
14511047
9232527
8831677
14749424
18045868
15909175
16016959
5685312
13607544
16390380
14039190
12217273
15967302
9606606
13001444
12344969
11111101
6057035
15426864
12556533
11473012
15902262
18899073
19168597
18516410
15075781
10377559
11646522
15730752
18167801
17642183
15543406
14670405
12460668
14872358
8506759
15147011
15217077
14755985
13569099
17435475
10865256
15564261
16176836
17101651
15010529
14909372
13073009
10912213
14935971
17368850
15823588
16175222
7539504
12793330
15325554
10373442
8898055
17966713
14521976
16854921
14621793
17904632
13198976
13817838
17772446
17161828
18136337
16852267
9916227
14232358
11579630
8005174
10401555
4016039
14625720
11462825
13812167
14211908
18918114
8441126
10564520
12459521
15701276
15884698
13861191
8569270
13286825
15371894
18047234
16260350
8438838
9573375
11971605
8393429
10028830
11715675
15751953
15719505
18902126
14035169
14010262
8891603
9148315
14232250
15280281
17182095
7989747
12457646
14013871
12638407
17423936
16950369
12854295
18632952
15804794
16805594
10002476
11946911
15017342
8491312
18101318
6290513
16356364
8355206
12144739
12176687
13885418
13268259
18057379
14164385
13775304
15103771
9961421
12468887
14456749
17778978
12188050
14244911
15960173
16993667
16039706
14242321
15448994
17012622
12511400
17965015
14722887
13553783
7737429
19374380
14586462
14257819
14801642
13615587
10121858
16831911
9399241
10914072
17707877
14567316
17326834
10716163
12814429
11763591
8587030
14717948
4929735
18735866
13542040
11194058
15521462
14058696
12071796
12100222
16438678
9502307
13844529
18109555
15806753
13473812
13769537
17688874
17398919
18424815
15407484
15327954
3938763
11536729
7983386
10831973
11224074
14419516
8611858
17851451
16694254
15787972
9122342
11216954
16704709
15465047
18577618
9928601
16551117
5279812
13739024
13574943
4032695
12394806
16781473
16936387
12516200
12739890
17692950
8073761
17166111
14022605
15471884
14830451
10355400
10097885
15691912
14090085
19669996
7322861
18722910
17388288
16577722
15108647
14250668
11403891
13721392
10043254
10428651
13370904
13906859
11904847
16478589
17597085
16813445
14702042
18551273
12314997
10566744
18194627
18611395
13906100
18527584
13070425
11446960
9101901
5491927
9821281
10303035
13771040
14315418
8301515
14624209
15699583
19855208
12295899
12303499
16803304
11050730
17611650
14592443
18639233
15514649
10758030
9215796
15381491
15168152
12571447
12293914
13646703
9614982
16382616
16242751
9852899
7666298
19074304
17687366
12658618
18401588
18434966
7406926
15009193
9766899
16425883
17192443
12309220
18589323
16394965
12115651
13377403
9294825
15177563
18743385
16885730
10960340
10431156
4583568
12123395
6933042
16431801
11731429
5719552
13766732
13767385
13543521
19123678
11750021
9924775
12797521
13064210
8580088
7865753
15220746
15323167
10452228
11057311
15884819
16856753
9813492
15624765
15117528
16664175
17265766
5865968
11265896
14502244
10682416
9181476
14264838
6895086
11922293
16578077
12588085
14822639
10021665
17230723
5394595
15008399
16799760
14918336
6928272
13763034
10867806
13666648
11629692
12820242
7712386
9981580
14523754
13395369
12277155
12289180
4749299
15679207
16661944
16545917
13498817
11430027
17188201
10585487
11624470
9338106
12952194
16526789
16829777
4748091
15948593
11587360
15657548
16972123
12169081
15666023
8647549
15398632
13811076
11773767
14794383
16609413
13143076
6996157
6621691
17175814
14664843
19141363
10496320
13782208
15078045
10113241
19124918
13306410
17295634
12657500
5621278
9372173
11815865
16385560
8229828
13364208
2951791
8837069
16639425
10824092
12180682
8142255
14347744
10885908
15720287
9373509
14459904
10653698
15251188
13723609
5154722
17671684
19350404
16575130
17215612
7961697
16801323
13471541
9393439
13540381
10195300
11492540
9970102
17099758
9987276
18991267
12189883
11272479
14341433
15190543
16430368
10729054
12850476
14314958
8211303
15190137
16328842
17854869
18526728
13633540
13044199
5952042
17100477
7436497
16489789
8257845
16935492
11610369
13229773
13457424
8949790
15570015
16089362
17316483
7638283
15466724
15086152
13607397
11130790
15984716
12157532
13905478
16844059
11091120
8151406
16924447
17658518
13044663
16714729
12627543
9246378
12250609
16666622
12522211
9565533
18599220
17453218
13772888
18423998
11565379
17708814
7894789
17722137
18044651
15546950
18096238
15123488
13327332
9750400
15347321
12141541
18043459
7909175
17044633
16245744
16561603
12095724
16530857
18359464
15322872
16728509
7383705
8166274
10249374
10950035
12539922
15349383
14151914
15601143
12475047
2331862
14895584
13397090
11136476
11564646
15597013
14326505
9162499
16586981
15140600
7897122
16243541
8725628
13677831
15123329
6093056
14282144
4634408
13961651
6416236
17464891
16396026
7915240
14484435
8173313
17056176
13617350
13483166
9174094
15374555
15085394
12619199
15657953
6153581
11436050
5504690
13894112
9462018
15826765
7892163
12737655
13424416
9079648
7756619
15427598
19729234
16879852
13348657
8148528
12738370
17416409
14163115
18613602
12262015
15890614
9447211
16847763
11015266
15625002
6796292
7885490
9657565
15549786
16885332
6667109
12589149
16788085
11909600
14418495
8217002
18337670
16436281
12473446
12298945
17215037
13406828
14282658
11173980
16021787
5546612
9231116
12871648
11176800
15556952
3800401
6953987
16492151
18856013
8210860
15682224
15520554
17030798
13533013
13203376
7609632
11324526
14671157
9260456
3397616
17171775
17922124
16789271
8589162
16400166
7439211
16229066
13473590
4757229
18545534
12931459
13176176
11907065
8613192
8158044
15136223
8894653
11407291
5760106
5515634
16276482
11494587
16007697
16172547
14859495
15650982
14291862
16014836
16242255
15318659
17357222
14196097
6685407
14429450
8503819
15366582
9192539
9137772
19583728
17019827
7980035
17301420
11636929
18146057
15017249
11358358
8442300
16053099
11108652
11026833
9166011
11014271
13304091
9542919
18198185
15618838
15077583
12369556
18997470
13842282
18231999
8667143
15311918
12121596
12468364
11307351
15737307
11864495
18263816
18468235
14224851
5960921
9857778
9725390
8536493
13331722
19614976
11440128
13646432
17724617
17395743
15738130
18996552
6228546
15096055
8655647
14034082
11072917
13585665
11995074
16630399
15246944
12964035
5799127
15275205
16914050
10063503
11980705
14997742
6804600
14225049
15616392
8631483
10774480
11379096
17570831
14760958
9051441
10091364
13323914
11736221
11602919
10176796
16696081
16305108
12687737
14923848
15326353
11171579
14408521
14471677
15134459
18027189
18044352
13753217
13394136
18078730
10339732
15859779
11235182
10407682
16070008
15067996
14777257
8728721
16596664
16063061
14261788
15485757
12610814
12647798
14429023
10395258
15091527
12822559
7447170
14305737
11698004
13316895
14811115
16289925
14401920
14338200
12922509
16928040
12223796
9240358
17484169
8673054
17749642
12531295
18870272
10309501
3921669
16106703
15192691
15910202
13816680
14655535
12660056
12975696
15042142
16760033
16229502
11598579
8522048
15354096
12298455
9264181
15154693
9585975
17611543
13465593
17071987
13743637
13854737
15584799
16715446
11746417
18254462
13876925
19529806
14596765
13230962
13141480
16043861
16627113
7277158
14549213
15205761
12525127
15953431
17539205
12950764
11584863
5148844
15120731
19547450
19314657
11803433
6839829
9479056
12176923
15238892
16580240
15855742
11833736
15906882
14911748
12527055
14362670
11343881
17213063
14954217
12648675
16718059
5943754
17557120
17574327
16587046
15306203
11579619
13384688
16824470
9918802
10879037
19536426
16458740
15334676
12440611
4237391
14647172
11037924
12400576
12402379
7689408
15767180
16675696
11283826
12356544
4994274
12937161
13582960
13949400
12267975
15436652
18810067
15902761
17471159
15374318
15972370
15864958
10963256
13288618
9089222
8790239
14515968
17359194
16490651
9087682
17277382
10216964
8471760
4748463
11406426
12177968
14149888
9790454
15180474
14579327
14963774
13971907
17383304
5720808
4375072
8240121
12238384
16557601
3971118
12813775
13759593
17589823
16459327
5461339
9124275
16719760
14116496
15165877
7624948
15230673
13700902
16301013
17077341
14526498
13085474
14745432
18971444
8634313
10910720
13393271
11898725
18339528
7194768
13461669
8968384
15778887
16952124
15131070
17427294
17413427
18793372
15445620
5102577
18947209
12496614
14373192
12772067
14035208
17802237
13355097
12980161
13189091
15912561
12361148
17114555
8598200
18145316
11126555
19051764
14705433
18974526
11342963
14314144
15907288
10572709
14719537
7528984
13443278
6191151
8584235
19537668
9877601
18221521
15162076
12179855
10038269
16198954
13661215
14854324
13647434
19546371
8331478
18043274
8054687
10932174
12214439
9477717
11469313
7444474
14670702
10158158
11821602
7744456
11314244
11723228
13767215
14021085
14132682
12835621
14349568
11534488
12668417
14348874
12804179
17117168
14951448
12898179
13527132
9436195
13869385
13738376
17014979
12896978
15304983
15785722
15430549
14700074
18316891
13360920
16035411
11506630
9069050
14322752
15360580
12087992
15481946
17918343
13264913
15570047
15023146
17302877
12824957
12808261
12939063
4278779
8217047
14639222
14633739
4342882
13498580
19083115
15195683
15925991
14509376
13400481
13617576
14298072
16631851
6064737
17763257
10554009
15939701
7353705
12702895
11676667
3037809
12062554
15894815
15565366
6615624
14022926
10655303
7765095
15469279
14558081
14315748
6995847
14423035
15380133
14808691
15480900
7208796
13263032
14998458
6865766
9979257
13205401
14462174
18374489
12731897
14769703
13820809
12025124
14885291
16591650
5791861
16492289
9434838
10859860
16025078
13770131
9734064
10873224
10489737
7928364
16870628
18654837
17344742
8657923
10728084
4819307
12996933
13044436
19014251
14245928
10926494
16502409
13750591
16478867
9650209
7483796
10279808
12128329
16436035
12243007
19380830
12758153
14939369
9123444
16511179
18377167
9875195
16627516
9182866
12448328
6971355
14131134
17291951
13002541
9874024
14555628
13304423
10613360
12926443
16474752
13974608
13676492
4104453
15951605
11499860
12592872
12338880
12721788
15407902
6718770
15315033
15827088
4354610
13730685
7827553
13941937
11506494
14492138
13994807
13847172
11681377
6962914
13407012
19778625
18831043
12385618
18278187
7059256
16942169
10835120
10304397
16970884
15762357
9203933
10337354
17338617
18137939
9541160
7874268
13119853
14728921
19325058
17179160
13406424
10522912
5284490
12596838
18866355
17124725
12836368
14119943
19098047
8841975
12323064
16089116
12381561
18957207
17230454
15683344
10783727
16599823
17342967
13337033
6193821
10725115
13798887
6305396
15170721
5831192
12694169
13766736
6681156
16478267
17967098
13931968
16792620
17439382
9721893
14053024
15072191
11805328
14393799
15734866
10967898
14657825
17791383
13234587
11695608
17927446
18250452
11467595
16509631
8921549
11991440
14400097
9360743
11332433
17857297
10901728
12931555
10615499
16425991
13489443
18146651
14867178
10581643
15682429
7384743
9633945
18001987
7292048
15219912
16617684
7984439
15558463
13869278
9314262
12942884
4241170
9933615
9986938
16498494
17205543
13163650
16735165
4224094
16526475
17768500
19054653
17194983
10410010
9826390
12431153
10757378
6457859
15956007
12654136
9512292
17033628
16013966
8660482
11872876
16445993
18660676
16792063
12244747
9864931
9436659
12722691
16072334
18132327
17956315
16450117
14738813
12195061
15465637
14064531
14945626
14532658
14453716
17419021
7180353
12876910
9298103
6053612
10628250
14655941
15673767
16724762
11544603
6591510
11080949
16524525
15138006
12010184
14583617
15693382
16387751
17549205
13750674
13642180
10301577
15378176
18589388
12218594
15520282
10845983
17548992
14091918
11285325
14422481
12092338
15746170
10218923
16843279
12814042
9551305
17667927
18123551
3363112
13491564
9237680
17752106
12208640
15459142
9106651
10835474
6920985
11895889
17844842
15104632
14688783
4342564
10417589
16169813
13901347
18417343
11406460
7765966
14958248
10154323
15390574
9779460
15056607
10652988
5801319
6760770
5124865
9960324
17819357
16165585
15154612
18301568
13783851
13200073
12308598
18432521
17055862
10094162
6335840
14296465
17012776
5629729
18434350
17325061
11025787
16940892
8783121
17849701
10602545
9520119
16864102
7739999
13584012
6461919
9051659
11935671
10934521
14525648
13713894
16873376
16785778
14638413
14297366
19073252
16864015
15067648
10447716
6031726
12357260
13556626
17089563
10729962
18780148
10825853
6444308
11260338
18234879
10590893
19743269
16358303
13067994
11608634
6319556
17469697
12328976
8569527
16944468
15188794
9779256
15575141
16362311
16945142
16983301
15607499
17309021
10837017
8058321
11998722
6394152
16513183
14290481
14054435
14588347
13625211
17483787
12674550
18559534
14039917
14836548
10067409
13813420
8074995
13759020
9785701
19123962
16810913
12996417
12962885
15896562
4834166
19725502
18010211
13717097
10928392
11812221
11162476
17497849
5541151
16277191
10651294
7440780
5865877
16513681
10135060
15447221
14407509
18354643
16341120
11539500
14659401
8285001
10351973
8694311
7299429
7663190
16504123
10026662
7621256
13291186
11310396
8161906
16202027
15277133
16543426
11475721
5366495
17468292
8338078
10588315
11542321
15454670
17118171
13514769
10611505
8109887
15815509
18508095
9692481
7231856
13216522
18325252
16471668
16221291
4982173
16083725
14591970
14866568
19015761
9236648
16406432
7289659
14107182
13507392
17030000
17896788
8862335
15100046
6903626
3639617
5930460
14031629
16250626
18120931
14204403
11565009
11601299
16805631
15742122
17361393
16068671
16740274
4291645
8498350
17250967
7231235
10484737
15292522
11803629
13098012
16257669
16146739
14319541
14283453
13204181
13292945
14658767
9890782
11132857
15262405
13252792
18962614
15459656
16069594
8136199
14468804
13666077
11535674
17212196
14648160
14413310
16640392
7003209
12442482
16136834
15650936
10600525
14206808
13271701
14585161
14939816
9051618
16674517
14172438
10933273
12005268
14240061
15716510
15622085
15042232
13192321
15494305
14562485
10748687
14404507
11900239
12027902
16043442
11734542
10568276
15143925
16932564
17248651
10163394
13184546
13690130
13064490
8070178
16110065
18245252
7608461
16792055
14298179
10788756
10348951
15665272
12629975
10887466
16032206
16977775
7842551
17450791
14823268
17291628
15799023
18223597
9328926
16047597
18538976
12464517
14430580
16476368
13783779
13441802
16948750
10288060
11670195
14443700
14428422
16140050
10905042
14317831
16309840
19658283
11911685
13719987
17687734
7213393
16795958
15146431
11740114
15906219
15124751
8114917
11882227
15847884
8753282
13559539
11872631
9914576
17585665
18310546
18650338
10958397
19437504
10558018
16323506
10541239
13156892
9924783
15407225
18375917
9024437
18511931
17369507
15611075
16969362
14892297
11889285
9784230
10864799
15890171
11085132
11946869
12532932
19355595
5884019
16284799
18920051
11631371
16983868
11259360
19103691
14647925
3951883
16048734
13247216
7368780
18209650
15397698
13689673
13109366
17117555
13502443
11439984
17416896
8754370
9755034
12298120
7385099
17351799
15134775
13823716
11888545
11095005
10666312
8846348
14790206
9008982
16952158
15648674
18742167
15514649
15203109
15067021
18539377
15224518
11491357
17504491
17746515
10416566
19371556
8632357
17675991
9589531
18549346
16503321
12576670
9578405
14939079
15751142
14833248
15171019
17347253
9095111
17663259
13870219
8798524
11243724
17485697
16374561
17634178
13753862
12498292
14597655
6032229
11166121
13109776
9372613
18082543
6556446
10827020
12091162
7678049
17501274
15972785
13733034
11877095
5435203
11431730
17296377
11949662
17532110
19059162
10551459
16536273
8797109
12595228
13926904
14391906
19365488
17548528
13033389
16212126
15714166
14281165
14553827
15277665
14948487
11901275
16966209
15402450
16752243
10918736
14073795
12267598
9341551
10021813
6757074
18305122
16866874
11070325
14341574
16938329
16265982
10038866
13971800
11889680
10286233
14529208
12737968
18318929
13506905
12589170
13905761
12898784
16540425
12831969
15868527
16138780
12851339
12775845
7227083
18757120
19166810
17577757
16858447
8455160
9750946
8677737
6569745
6673634
13626836
16396821
13070584
11957308
12556005
16030115
14205789
14638696
5126106
15540039
15507566
16107531
1621562
14805406
7302221
15809294
11599886
17251865
14643927
14789752
4547885
9560440
15017640
9043426
11903757
12425748
12047527
13878366
15459540
17054357
14616949
14993983
14697677
6758617
12537198
17057350
15022250
18027365
17597086
16866750
18301853
8338158
10366530
19036188
15523790
14190628
17209944
15306097
12501992
12142172
12052006
12397875
15141374
11675957
15822680
10386310
11611066
11876001
18979333
16658397
8612469
14327450
12439805
15213239
19133240
11308427
6989490
16147271
19389101
12140368
14672477
13430407
13742308
12662676
9157329
10330211
6277688
10217339
6562815
17136409
15857368
6954932
18171974
16792374
9707152
17799579
12390740
15602938
8995249
7813365
10705462
10026055
6011176
16426918
12735055
13695184
14138109
13128683
14566440
16219437
2996976
14852118
14533467
11009922
16293328
15510302
17177337
7696467
9248691
17993386
15618809
12373892
7434331
9633751
13074693
13212602
17356991
14910412
13895520
14454589
11684803
9740834
12774495
15398814
7153954
10623155
7661329
5461690
16917852
15877450
8284466
15191202
16630178
7519409
19381596
16764471
13329209
16926691
18231690
10905746
17541098
17386090
12448944
12544275
11837149
12864065
9641904
18097931
14903519
16333593
12678715
16540933
16262188
9898946
19071868
18577559
15844358
16678671
18278615
18921782
14027500
11867599
15166130
4500791
19203247
14091923
11162648
14826833
13048209
16448260
15583772
16277562
10720939
14428439
13418020
19874644
10191838
17432310
17334964
16606531
11515738
15821031
15061325
8459661
12137335
16298520
19558453
10889363
7568776
18770606
11672727
11146048
14999806
16867317
16005716
14864081
15589193
15118694
7313742
10796842
13248347
16219839
11554424
9286053
16748456
7981694
10129516
6541849
15095053
14505349
12151237
8401398
14026472
10805437
12513659
14360921
11819084
13025461
11308781
19327050
11346406
17262775
4573121
15029010
18332430
9641439
17506298
11575676
15981138
9648012
12875226
13934048
10861525
10150591
10149860
14594906
10644087
17194160
11590317
7518642
10479057
9382700
7536770
18757404
14978936
11840484
13303100
17484917
16484117
16836538
17192994
14876848
11902229
7861986
14138689
14455737
13489906
12284504
18484722
8784783
17795660
19885250
11977066
16877735
15786609
6835910
12270219
10388285
14676307
11203164
9586331
8752887
10218162
17406762
12229857
13276931
16477025
16470934
18583702
13860524
17554123
16286665
19021505
12432100
12541787
8663641
14810739
17309087
16007172
11479192
9333652
17292926
17279679
14876000
12819018
12382326
11012960
17405448
12876684
15389650
10508884
12369867
10493500
19486722
8934586
16616773
17524292
17217345
18052235
4652456
5632449
9732481
12265110
8903229
12516863
15040432
18582960
10645332
16356390
16164147
9382410
16275710
10315741
12601072
15578430
14267969
9689842
17664678
11981604
17544260
17518277
16042878
17921972
11226096
10128990
8692731
16046296
11387328
18195894
9746274
14960491
16167455
12406434
10273832
12124020
16345509
13475334
17528825
12779738
14623153
18210457
8377234
12652683
14283067
13714717
6465427
17424728
14934712
16424934
15390265
18093228
13483282
8864221
13222775
8960531
16476036
12672330
11555416
13782566
16257500
16035334
14089285
9972065
14450132
9936662
14780455
15527506
10240727
12277044
19419735
12050372
15272255
17677101
18049174
16040748
10369770
16181351
18493520
14291502
6608096
7803184
6993559
14696084
17178193
15613061
14122867
9469156
11271852
12697451
10703102
13957122
7561803
15569620
15046266
10976355
12427330
13427316
12472073
14492980
10963788
8427910
3976962
12747757
18672407
6185188
14340373
17058347
7356339
12284113
15079616
12418379
18615059
13423932
13970072
6300560
7443474
6407537
11888824
9941082
13530112
17963766
12139820
16284550
14457096
15415464
15324886
16159975
14359697
15371182
18000066
18844136
17843497
10543208
17223746
12579520
17987476
15993633
12021499
16453150
7995888
11579789
18238819
16892593
15597558
15845619
14896249
16798720
12327806
14238803
11111996
15347114
8793972
18954045
13508841
15771603
15338695
8869102
10093423
4348527
19602458
10327239
16530362
17656192
17162305
16659136
18174778
5600512
16088993
12812529
9872363
10580715
13210098
9634794
14362645
18175965
9916581
7432143
19263133
3617570
19751121
15100673
18788093
12977660
12490228
10621097
7270780
4196894
15436458
14081205
12199429
12354462
17389484
15781584
13279690
13895111
19867538
16609787
11891049
18163094
13398379
14492003
8345327
11963704
16758645
8356949
14588772
11563257
5622430
19878789
15764127
12268206
13496242
13595552
14501212
15944791
9219445
14157521
10277617
11770919
15819851
10772098
16360834
12265104
7883656
11058769
9301034
10985611
17757848
14175376
13864575
15245924
18042949
7482028
14013380
15377553
7292886
10212173
14637405
9191549
8845984
16134528
10659541
15926323
16774468
13369519
12631999
14036023
13001743
15664699
9498894
7603663
16632963
18621734
5587136
6994830
15522184
16000313
15730374
15602251
13352713
7195719
15208846
16010702
12869574
13848204
16256917
13298499
16989146
12533630
16253482
6545588
18063866
16308345
9598849
15194748
8303227
12224296
8250405
12981097
8337502
13232674
5598816
6044463
11966345
6653955
2261855
10980253
14391532
8385859
10499036
8864745
18407330
16580895
17915269
16994447
7839224
9728019
14264460
6172095
16849110
13813102
17657806
15645245
8225294
12537330
10161815
15046722
11207696
9275387
12029919
13685466
14359452
16752587
12107265
17728338
11174442
14095172
12477280
14589702
12758665
13673421
9778345
12989488
10722339
17350835
14687412
14748197
10624027
7454787
8673665
15269314
8206772
17557613
14285365
15566755
10440123
12318223
10687106
14390569
9605539
13603676
10029450
11730755
11880569
13494595
3832423
13116748
10956382
20006568
16857055
16751753
17419248
12402183
12542916
17111489
17157123
12330616
12389819
18692983
14882914
9606929
16182273
13588762
14037206
15513704
13345563
15806342
18718004
12436458
9035530
18340043
17714632
12996716
15814880
17082841
16816330
5947953
13571356
11091056
14204154
14440122
15196388
8749869
17515206
13676544
16753454
10073292
11532559
13318283
8854830
15154972
19041087
17754961
17658079
12773186
18767560
15623617
12885791
12768825
19938007
17709927
11052054
11067400
12182221
14367878
16784844
16180983
9857439
18066465
15579082
17545905
11588441
11551507
15568859
16180134
9057012
16997518
12622605
15726400
17115834
7766497
13685524
14641192
19144948
9604235
11716568
12198840
18305315
17146570
4327588
9801855
12829962
9875902
17711057
8073738
8684413
12447131
15196478
5857832
14745983
17707772
17859154
13254552
11367385
10427238
14672265
13804987
14832446
14987997
8030375
14192141
13775282
15892742
14854982
16305718
16623620
10808532
11235933
16138408
14573009
15118833
8443225
15050716
7086992
14354942
17706766
17421399
15172275
15177833
17316285
14119543
13715315
12129595
8304769
17609393
11222166
11039792
17131472
9541004
13415024
16287476
15457640
9841059
14202914
9825150
16294291
16541934
11337850
6467504
8769463
16649481
7329295
11079642
13018798
17996568
19187898
12214978
17803495
11470068
16413876
16577207
13657577
11059585
18037493
10567106
13307447
13367632
14014142
11476001
13170393
8361745
12470872
15712206
16058699
12142432
10599350
14600777
14587892
6016504
9151426
7608780
14262221
17714844
15060320
12374107
10072097
12930113
6305014
11148545
7811747
15705932
15527028
18128209
11102796
15976173
17562272
6505010
18792664
14797101
4927453
8714075
11957118
8827890
12742216
13881740
14893884
9831617
15853981
9175322
15542230
16696594
12193896
18577136
11319065
9627198
17483678
13896178
7231247
8910852
18327132
15791167
16774093
17147229
10019665
15641117
14019613
17677884
9755731
16022769
9782713
10753206
16360541
6305730
7573312
6645232
10898276
10965153
9118450
11072467
4745929
15413526
14928751
8826254
14878086
15931946
15229895
17243056
5041118
14102017
14119639
13165436
15013677
3679487
13541568
18153421
11877976
12417885
9399860
10452307
10967771
16318947
17006425
11436627
16537396
8514110
17052336
19264469
8872749
8217236
17612022
12687241
17456694
8424701
14517643
12200090
13674553
15951474
7537652
14608389
11829517
13241267
19043743
15050630
16009294
9116093
15102359
14175668
9030739
8107123
7826771
9708196
10134513
11085995
17069825
12873288
14942819
14529735
15889728
13273328
14686782
19596273
17140294
19365371
17412358
14602902
11385628
12784616
15536777
9659286
14897502
8760427
17440635
13368436
16226937
13988140
18891860
14583692
16227710
12228558
12509477
14575806
15218753
16417169
16275042
12592676
14710992
12697500
14887348
14850923
13928366
16389313
9145637
18380921
19237740
15162727
14659104
12342128
13931084
6559932
19105584
17521342
10737427
15595199
14901426
14847140
17933760
13995741
15017637
16065918
17956500
8856766
12357195
11320081
15250730
13549377
10530395
13087728
18167325
10202271
8463759
11584117
13242599
16397655
16956792
11696542
13403598
16190348
14933434
11307640
14514739
8420017
15024415
12359825
13304898
19199561
15256063
8539053
19199109
8731314
16668420
12751926
11020321
10262001
15559141
16548398
15098271
4700586
16361669
7402512
14044249
11319445
13182185
5198392
13081206
15664601
17362171
14858028
14541755
13000079
18973262
9932573
14294917
16539321
16050708
11662173
11792178
11281588
12614153
11541464
13506752
11945290
14302109
19098146
9818145
17432529
18851689
9557103
18002504
4342146
10458495
12625721
15689194
13325427
6979844
15059070
17782531
15781332
16286232
9253833
18091285
10726613
16498570
9514662
7562158
14770878
13381102
13657795
13858391
14910017
12201151
6861512
18691149
8921284
14299294
7396007
15548049
16376667
18304863
12048826
12097149
14184456
14435061
13003322
19146215
10933503
17671175
9578271
16796625
17702462
13623501
18208152
15853151
11962285
19248133
12238942
10429404
12348395
16243029
16526895
13087831
15761398
12015117
15419793
12371739
8580138
18573857
14532490
7307352
7455575
17177625
7412501
16462589
12240067
14040175
16460778
14032541
12079539
11919054
11477913
12582628
14480249
13396938
17238327
17986001
15984424
11215128
14498887
15866763
14251272
11539432
14976169
11807081
13023509
14957731
19049622
16276782
18803751
15173531
17412048
17988226
8529937
7383213
12203307
13555177
14495311
9579395
16351553
3770362
13609102
16126657
15132947
18446816
15401761
14805223
12558623
19404069
13155301
4761846
14077947
14505671
11875578
17309051
16020608
7353578
8857813
18131126
9137891
7366890
11561173
14471800
15660925
12913766
14388487
15859966
10252973
18924823
18361976
16587451
14452734
10507919
17484250
12394507
18446725
12329585
12152197
11158424
15993354
14695416
12368340
16325289
18942730
17905566
7787106
17506015
16105929
17366806
18058405
16032209
10722466
16193382
13902219
13981070
15479804
12447413
17898347
9617711
16182906
16164115
9380727
18371674
12488209
11817850
18097094
7127946
11935152
17711005
8259395
12385689
19249981
6398776
15455589
13101350
14250496
11224813
12207068
12566328
11812060
14277794
11165787
12409350
18055902
14794309
17753531
15841174
14584556
8121386
15997221
15809533
18961513
11449550
9779628
18382274
16020542
6389928
9717061
12271472
16575076
18123339
19293656
5213668
11664125
10333788
14242538
5730906
11410783
14490220
12747477
17013036
8730380
17409020
16386434
11722493
8097008
15086987
7296093
14550189
13276515
12870678
12561404
15087038
14339415
15474590
12355414
12083401
14360891
12489652
15050203
15358602
8158399
16517240
17018058
13565674
4396919
15386833
17680503
18614843
17514572
9128029
11150979
11811983
9735598
18258409
17075303
18515754
14055122
6311593
15011478
15325736
7721127
9467923
18010539
17947446
5948681
12505276
14008129
17935818
12264027
10534817
13308772
14742616
8685300
11698166
14902119
16533539
14662054
15173413
12449535
9428246
13864025
13542211
11812026
13124232
13975285
15197232
12161173
9096145
11858859
13852925
12445471
13115861
16987124
13243494
15746830
11836699
16513784
11702681
18158274
12460231
16423514
12896332
17244325
15232195
14934093
7955727
15310987
17256719
13448360
11317986
17719247
18634753
17818630
11550717
18767362
17879243
9374513
12610872
13490010
10522787
15067783
11295598
17473986
16926831
7500239
17117591
13739090
17049067
18306894
17403180
9454086
9507672
16405529
10468310
13999266
15128332
17792313
16509402
17925089
11314731
11980014
14806349
14979970
18541329
14508898
13503832
9920361
11461242
8934117
13341174
14787025
17930511
17395052
12110062
15423976
14077695
5113268
15119433
13936747
8614415
15068639
17571938
12392120
14323745
15608053
14444839
11924032
17884921
17466988
7801519
16659247
16232419
5809408
13071010
6782379
11070525
9897134
11536224
12462109
18158617
16568532
9615237
18113530
8384871
8175458
8736033
10142093
13731969
15119963
17142189
15911047
16352646
15621663
14011698
14857381
10126562
10055535
12347431
11556749
12985083
10147860
14786871
9509415
13025760
6427121
3377874
7265498
9356543
16692101
10503840
9343571
7875381
10540553
19525705
16312930
16837162
15933759
14061105
13668949
6630675
13491459
9586188
15601946
17824525
17894156
13858249
13411951
13154145
6885878
16373550
17144290
10814893
15231136
15365243
15593231
12373095
3356954
15317991
12861967
12682580
8114391
19695561
15446078
12194737
16435383
11376901
15683370
15364768
17736059
16170982
14090600
14348103
16150795
12428649
10264281
18470242
15535517
19042162
19049022
8242698
15623122
16226692
11548229
15819420
17670619
13879742
14983566
16480570
