15470098
4869814
16612654
10689009
14831372
11165890
17707854
12642045
16099032
18236514
15325998
14435517
14327642
17736650
15802591
11385221
15527629
5580295
14905498
14976200
13549265
15540908
11911284
7063200
17575838
12485658
14484025
19791231
16061660
17245359
11356977
16913692
14453381
17235799
14136102
13733465
15200632
12844394
15818182
15727684
7316166
15401466
19385180
17544718
14773060
12438181
5481049
5272149
10310723
12147842
18926922
6455241
17869238
12740471
6998372
11407641
12861123
8404177
17883820
11196335
13602831
13246466
9374171
14597314
17315356
17741045
17697143
12018649
15612128
19636045
7146157
11596131
16851323
15675468
16925326
13168466
18867104
14663383
11778543
15189445
13948158
17203812
9469214
12789590
8537125
18602294
15687182
12476531
14354614
11492241
14420399
11580761
13737695
11632492
14657109
15538442
9901186
16308679
18291685
10916862
12227061
10163616
14395209
16622439
8414491
11828453
8932645
12454661
12217874
18754939
11288042
10035735
14606358
14064988
11729799
7508900
7626718
10844041
2951847
15496345
10744138
13219553
17009077
17654593
16503448
6684135
16624944
13887937
13637324
18878528
10101632
14568148
11256440
16044669
12314449
9463021
12084384
12791430
15344832
9888444
15323123
11097075
16914843
14067295
15583575
18457746
18681822
18884547
12945443
16189563
9045804
11905882
14979073
8481234
11357501
16156285
11511435
7666179
10582955
14669911
16441133
12728238
19406046
17681129
15365922
12820978
11609606
16431986
16594807
15382506
15510009
19379828
18196501
18440625
17188930
14444050
16258501
6272036
11538303
10674711
13778117
19476066
18407147
12631748
19569575
7328534
16638023
18898453
5304206
10522821
12486633
8279135
17816071
15086041
12448048
17067004
13003870
14461974
12406086
13075481
13189867
17086689
9852768
9728534
18029079
15385498
11114130
16171719
11239128
12988903
11731169
18498864
18621284
13440503
18120833
15977048
12326719
10184529
7555196
10426960
9277134
17201282
11555970
11966292
8312096
17623832
11325026
17844535
9396797
16892417
15503097
14549367
15693560
10266001
17584254
16657135
13697109
18376098
13338339
9113833
10495780
10454840
15273480
15125869
11436106
18675283
15562213
11829372
18704599
10375938
13134422
17049689
16261446
16703270
14583259
14670002
16493815
10058353
16252677
4848448
14809890
16244486
13649687
15840048
16718677
15441094
9636059
14287676
4588351
10823578
16094174
10537713
12329225
17638081
14591601
17817448
10683047
12345322
14499907
15851410
11968966
7086952
11885025
15177221
16491694
13664300
14433656
12346577
10663037
16143182
16877196
16361650
15176520
18816366
13398792
12963934
6669991
15797422
17812489
17362984
11425484
15991792
12898815
9780816
10629024
16676785
12427101
11408825
17343885
8864544
13266657
10207924
7273273
14193114
10213478
13746388
9299506
15695788
14656462
15161014
16331889
15287710
14447840
15486641
13096930
18249936
13234970
16100228
18540334
12872426
12415531
5080062
16301557
15582197
17784098
14719712
10266365
10281486
13999625
9445622
15199457
12274211
11121092
18413464
9945403
17869485
13244191
12754903
17531359
15772954
13639385
14421805
12819061
16896990
16610232
17736091
13531139
12067471
12420085
14433562
13622791
17418195
16861418
15848661
10193182
18517840
4157901
11551069
14649077
11667498
15903903
3460985
9571937
16029032
15410798
6853468
12455314
19651874
10378823
10895548
14841078
13660820
7703781
18925200
17475781
9767525
10166124
9447173
13511998
19214509
14639895
17658322
18907338
13180914
15571065
10617177
18476257
17746106
10659351
12667725
11187588
16847706
13636068
13590235
15715182
4500182
13497346
19559674
17131296
14385037
11913419
8296168
15785801
10469140
13191224
14210409
14434446
11852935
8318621
11131349
16724918
4432639
12771645
11267818
15142928
12356770
15856666
13099566
15850831
13920608
11873814
14349922
11603347
14874246
11849255
9726179
13604409
12982820
12026179
13424185
18330032
15682758
13464246
8628613
16914012
16178051
12559876
13461272
15001429
6543365
9055409
16741731
12254728
13259351
5302437
3783453
18052103
5857758
13799150
13916974
17923089
19046939
16909010
14241134
11960309
17905080
11998861
3341611
18953507
14914713
15628776
14861922
18059399
13951230
17957620
11782510
12958297
10630584
18702238
18323142
14573536
14884538
13587819
7130483
13891917
9668503
17844846
7631523
13690380
14731916
16994697
13703628
19192037
8411619
15283214
18894310
15335985
13767193
17699798
15377387
5527871
12649863
14021943
11882159
7562280
18434299
11980928
14790987
17332358
10332207
15322896
14076357
17545630
15640305
10380866
18924822
15156539
13594028
17391213
10780224
11102467
18771792
13124064
17438795
11665043
16711669
8640652
9623269
8265156
11549600
12623310
15041861
14496812
13132002
7002430
14136502
10333531
11892200
8685753
12239890
12709385
7326204
12904841
16840601
12693093
9832176
14380579
16935196
12226390
14277042
12096267
14961604
14863142
13061566
6867390
19528322
16380337
9076631
16747626
18008226
16343713
17289980
16246056
10185899
12961493
4484696
18821974
18124773
17361521
14077081
17283489
16675441
10403910
18536167
17569370
14268644
9786428
16413450
13554393
13905769
16553608
9299562
18551185
18980382
9260911
10742145
13430375
12749354
13569555
13832657
12488926
8632939
13496193
8804215
14273175
12936597
12770202
13798343
15207872
13594536
15963328
15303861
8737217
12767604
17298284
16133311
11980547
17067369
13405935
13267364
16343015
12681648
10929725
13794404
16232216
19468391
11020663
6613840
5466312
14955460
14541928
15206354
9643147
14210766
18200189
17542447
8653512
14456020
15553019
13378488
14246409
15836869
13025521
14957707
8560677
15595078
8932740
18263838
11471473
10826430
13788520
14463667
17874027
13346616
15076786
11207072
16812761
16681145
6542374
12856815
7727755
9635143
16130547
1608140
16573646
18547931
16963384
13958998
8499512
9612539
14766292
15151760
12609459
10944732
17766784
15876739
17422257
13405592
13670252
14861528
10616966
11394616
9703339
17085296
15085688
15420377
16442157
10185318
17534380
10081888
7974548
18646304
16817020
4348328
11331760
8551938
9299246
15977518
18568979
18287017
16081043
13059048
16117390
7607813
10559560
10157283
16882893
9218421
15441440
13898875
14138057
8796555
13570278
14365600
5523023
19153911
18850469
17300445
12786086
11859603
10117754
8913728
14251028
18938785
18095461
15815621
16447307
14836717
10390754
12853835
10726651
14128144
6764618
7762113
11545584
9351155
14297997
15725318
8881970
13789526
13084696
18213692
18266814
10705006
5013730
13092128
12636301
17271740
13066607
10075359
12997295
18447181
15764973
15931421
10311841
14803628
14933611
17285309
16394922
7394112
10430819
18325361
12078117
9111723
16114674
15118674
12742019
15785603
13946531
14168217
13974214
15446076
18257910
13094404
15489506
10314574
17387121
15162232
12889656
9975349
16283473
18495330
18746564
14688543
15917181
15760903
13686811
17166001
12908143
14908259
13114905
9568328
13200280
11328409
18457452
14771983
13637575
14007579
6602594
10757727
13581042
14374053
7325920
15587080
17276806
16945364
15150738
13591793
18972192
15820793
13318265
18387425
13084494
11167232
15641489
5574314
11449292
17220550
14127183
12847081
13292506
16512449
18516517
13232649
9319951
16723641
15615305
16130566
9964167
15406053
13237230
15700354
12574387
15379421
19763760
13285169
11862857
18223502
13264855
13809085
16672505
12716044
14827051
14413236
15369806
17505174
11786445
8485152
9397162
11996221
15645151
16667298
13324825
7458485
15954695
9176068
13221345
14818922
17940554
17272687
13775818
15174404
10668104
16388415
15386333
18100842
8312042
16189748
9067894
10683112
14591937
6698140
18594735
12239241
17421067
15490941
5416564
10118699
6443883
10700237
9541948
10528765
6261183
8212182
14876511
12342175
12279502
8674993
13769653
11733763
12685591
10123454
15115458
10047601
14091271
12369380
16089666
11447236
12305125
12078667
14610400
13696912
14205041
12649157
17861496
11084708
15998542
13024950
13421668
9236223
11459351
9072077
14578450
14879927
13719433
11526926
7017582
14538219
16650604
17012633
16168409
19554620
14199093
8129208
9659275
13044873
14041897
14103579
3531112
8758645
9573494
19069364
16088173
9318838
19365383
16381984
18243605
16829025
18873288
14573394
14588178
13285291
14799800
11799968
16652515
13499148
12880852
15906670
13741174
11067890
15699213
17375304
9401305
10018731
15732455
7923488
10413372
16327819
17664060
3791956
11131651
15528577
13555824
11701880
16121591
15484686
12848061
11600763
14654589
11099686
19279281
5716581
11569217
15772049
17696721
4990452
9206174
9232897
15220314
15524549
15756269
12675761
16306790
14155698
13443520
11567097
11445150
11923383
18891147
16872818
13492345
12403321
14902962
15565855
18374493
6893110
12993460
16259691
7122364
11350647
11391705
18559190
9476184
13446164
13597033
9049318
8426735
9358759
16777395
12318075
15173050
18355402
16627095
12481520
13632623
13524046
12618873
15243154
9625573
7348197
14719937
14814109
15127084
9857944
18559039
17424318
17279822
18360060
17075408
12900731
8469973
16380446
1817690
13357338
18629487
12409262
14101951
10200237
15740477
14693523
16203679
8094670
13040806
18009721
12323395
15830370
9334051
10966072
10876128
16390011
14967093
9302285
10142973
16431986
10660657
11346828
14944867
17683443
15716386
17947503
3856737
16893205
16815464
15972084
16194801
15235593
13789433
15741485
17583926
11874998
13062552
6831976
12544436
15791671
19597892
10571690
10147158
13680930
9153924
16433236
15402751
3462435
15705293
13029897
10084268
3746333
6903812
13546675
12578644
16935868
14267237
7399799
17078400
16674865
13508128
16107953
18367350
15546816
9527722
12963353
5265343
11694419
19541175
11350609
18984363
9905022
14905623
7892587
9735572
10160175
19126118
10696705
18775208
10642336
10375156
17402307
8404889
16590493
16579575
11240157
14489084
17023819
15644574
10305955
17787705
16306948
14264526
17798766
17945722
11650794
8394990
10644280
12348493
9557918
3745978
16976456
7617235
12671227
16832763
16161526
13531170
13274925
14877482
16036214
10751680
12301740
18277079
14930920
16367501
8215186
12744975
14576151
6687181
15501174
16513436
16397423
14577094
12087423
14367181
15244156
7637774
19221510
11231664
9438712
13772292
8159065
11019276
16917360
18897047
13312295
15878460
16797328
11012848
12863749
18993772
16382450
17725729
11198486
14360645
16166714
10424946
14759090
19785958
12219856
14404039
15709143
17537928
15467133
8966600
15585152
11282211
10889212
18438054
9841446
15948068
19633146
18521825
9554857
6941359
15547037
13718665
16950428
13579541
12054114
13283399
13588717
9411289
10889304
15066818
10403109
15797326
13622948
13320640
17304263
16626635
5360093
13405997
11840043
15452527
13624388
3431169
17482608
15890826
17456558
9234506
15992518
9556423
10528560
11961099
13934803
17693521
12550306
11872401
13052312
14386560
13886796
16396117
11546005
19080104
15689850
15460426
6825024
12516068
10870180
17250687
11571171
18267380
13542022
17733412
12016407
14556057
15783493
19332822
15187617
16553747
19320486
10855543
10392728
6900983
7595780
12320289
7041321
12492707
17835738
7858294
15740767
15096628
16781405
14250761
19849356
10736615
14845849
13810466
19370703
17925257
14435383
13337038
16064737
13760315
10348511
11490393
12975112
15320644
16665561
16393059
14294973
13687534
12501101
16378263
15145940
14223891
17629182
13702787
19454793
13445056
19607783
9751301
13668382
15802520
13693240
12858832
12965715
15845259
17597007
9919669
18317677
12524527
14984049
13856563
13901438
11153706
10096216
15184979
16248835
15040461
16023208
14526813
15813015
11589389
12124114
16547207
14614065
12517078
9686082
18610532
18859043
14639954
17782184
13739869
10289247
6122842
10780808
15346730
17181471
14583943
11842242
15745936
11354839
10974439
17320625
17946161
10888479
11227571
8092285
11774296
8948926
18714290
10486786
16515275
10736859
12233344
17086616
15351232
15569256
7710266
14143146
15336330
17486834
7072392
11675769
17571528
17614980
18711205
13403417
12623919
12244351
9965249
14512484
5239167
13611715
10523464
13262675
14280838
14658022
13002019
15345617
16012518
12360458
11602616
8967817
13657364
15235093
15516515
14170744
9797677
10553598
12399284
10500516
11040143
13631264
17787247
7634148
13598991
15748786
15678107
16832077
18789825
18457258
16961094
15825628
17141432
11780248
13213006
17041468
6893305
13485070
8589286
14258726
10847141
17381301
13998577
17435455
13049012
17210072
16975832
16179335
17925548
10443315
10246167
15472868
10784256
17758427
10897721
14998742
12028379
14422390
15742792
4935686
9431356
9151892
11457209
8378097
11261449
6210042
9454528
17792220
16824388
12507965
5451478
8134703
16655143
10346560
16581222
11241069
12148773
17817368
13516072
12653581
15109730
9193347
15864442
16875286
11213500
5907762
18830270
11912561
9224934
12932292
14472246
18219131
13116574
11668113
18007179
9193746
12471967
19689060
11891655
9546115
11775185
7843564
6902574
12671600
18427709
9385196
16589663
13323785
8521211
15497524
17864988
14963010
8470398
6817852
7428170
10688016
12035956
13668924
16872290
15894502
14434777
17609884
9310737
17155762
16354469
15437731
10628377
9808051
11545489
14930252
10182645
13670598
13304732
12754141
16540389
18172630
1982602
17154101
15528804
18494365
12673943
15662814
12852504
9175625
9274888
10047082
9958529
15828459
19050602
18244291
12965228
12198839
11319535
13097307
9990730
12200727
16777109
18049416
9342328
14662386
8919159
9868107
9859175
19147326
10357127
18130039
11116648
18695764
12864024
16312962
6150615
17951636
6497947
16482760
8102124
16092118
10265510
11625419
10371047
9387949
16222208
7291033
13123084
12699293
17737474
11534602
15496288
14634724
10714715
14647442
13383919
13583158
11846339
17962891
19517737
13616690
3498898
14018728
11454276
10905945
10637419
12833433
14330768
7980327
10962339
12831702
10416695
13132709
13898103
7193756
6974112
11029123
17244896
12758696
17943141
16205761
16641803
13043353
12843533
13709467
15657390
11521042
16370609
11860183
14896508
8026796
12954405
7332428
13405975
14490906
14039075
17627169
12054189
10421624
13067136
14141847
12356798
10501143
12010933
15712028
16244909
10490541
9622891
11368547
18066447
16824320
14653919
17856162
18620629
14889420
14412232
8671654
12016945
15390233
13498283
12774299
12058958
10016708
9902786
19019334
16883845
8985579
19360600
11155012
18782222
13500056
11265394
9996382
17362954
15602684
13429842
8423113
17055157
13154339
11790642
17427358
15285635
11776944
14205802
13730259
12720168
5448210
14398785
17174471
16500154
13031929
12465775
12874864
17078572
7433228
9408395
16543495
9459811
16933110
10021021
12021554
15038238
11944043
18224071
12484852
17279390
11668369
15537186
9123590
14899773
10759053
8850630
10812854
15036963
15491339
15179542
19412646
17689540
16707081
11079122
14617418
17137015
6832442
9521736
19476685
11182230
13644261
10015086
10564452
17270396
13399572
7518480
7904609
2653946
6846432
11490437
12187580
14076638
10282413
16284656
15657044
15857593
16580482
8227776
16844559
15301429
8213173
12694851
19336994
12096374
15882965
12965105
16358987
13321308
11610051
10513164
13330104
10420714
14425668
13206905
15852458
4751049
19384617
12765631
12941156
13597109
11017275
17000770
9632528
6926196
18092992
10762724
17521987
12871446
15231924
13175341
14825160
13271842
11315320
10976990
5976030
18166815
15693659
11297677
14045950
18052435
5798508
15288844
11063249
11286325
17134865
12186032
19615095
9338504
8768725
16043367
10302814
16522474
17737915
13678334
18181636
12192059
17623894
13286803
9507672
11364573
12887056
7439383
12265653
15145754
16815633
10044022
13447364
12298420
5635421
14879674
15159742
18279737
14081903
16105354
16946326
9481838
15277660
12366920
13655519
6722957
11444195
17746496
13377043
17182243
19498437
9747165
11158759
18225548
13908542
18697006
8378683
17201348
18405418
6669107
18414234
4380606
8521884
11884515
14821325
15776507
16312041
16338828
17896119
9575103
10367296
10582728
14037200
18046884
17069154
16005880
15052248
14411950
14425302
4925061
14654310
11058258
17040631
17749041
7777994
12845966
5575837
17325836
15737521
10843153
10508203
16732157
8936710
7080736
6193129
17917484
16416287
13663472
6582941
18047917
9848133
15856360
8183911
14884594
12406033
14653021
17887392
15519046
18646058
16801538
18598972
13747695
15334434
12816922
9900265
11162485
16861023
9026400
14123950
16067418
19023297
19528895
11359194
13468392
11915316
11899072
9740546
12242299
16214483
10730469
14641971
16037967
13676689
19306772
3685450
9018595
7032995
15518276
15374126
9262996
7275295
14544907
17550904
15618402
16097168
9588174
11339955
15292772
12443534
11646614
17003285
12555636
6882908
14699408
12760250
17136861
11798502
13176176
10674809
3898558
8999331
15766372
13947354
8067687
15267014
14978843
14733368
16963113
11587004
15730983
7085177
15759420
19393131
8642775
14179211
16370136
10238144
16591988
13028665
17764256
9155350
14897801
10681053
10902886
14668799
16385798
10543276
18668489
16939261
12189538
10702043
12537105
19350578
17345703
8610203
15444779
13079021
13226702
13970263
6086386
19470399
13930503
16984055
11327517
14318117
16854983
8689758
5881064
19426342
6772562
6627180
6613619
13603687
14315117
5536518
10965724
2589469
16442927
14028926
14590747
14456697
15593963
15406304
10629355
13779722
9371090
17661823
16688694
5482163
16855855
16510686
12990997
12421349
15018779
17402196
12784599
12640879
9184372
17721444
17620052
18137102
18535834
15540851
10571408
14221029
19534212
18266126
9399648
15685275
8831332
12260942
18080732
7590721
11497214
15838960
9492263
19091794
11597818
13384342
17828484
9724302
15498417
15896767
11407208
13180401
11804336
11505853
11650934
8642666
10677533
12295062
13002518
16906858
17011576
18972691
17096841
18324224
14915846
19679540
16773039
18300201
7454391
15731299
3312083
14808619
16174931
13878544
15629323
12883155
9249546
8319616
18959512
6876066
18809848
12177483
14556888
4643174
16836101
17492577
3513375
10348167
7751650
10767206
5000733
6208049
13811316
12744094
12098622
11501801
15284715
15506939
17693803
4036106
17915315
10297903
16799798
14244533
8254637
10817622
10312889
17573356
14731285
17236807
16894920
15398041
16976952
12701364
9937871
13099977
10928718
14544731
15652989
12697707
8088978
12506813
13688841
11580960
16508952
12444555
16809202
14703788
15183176
16422103
17860503
9232860
16678341
5723412
17010002
15912929
18715622
14046945
8725807
17649242
12126980
12698739
11235255
16639381
19550711
15314090
8719371
12278237
10143996
15697968
8791504
11505271
13286511
12059507
8986295
14582675
15471297
8427306
7098480
9071389
11230528
9158688
17549366
18438095
13833862
15792821
12422945
15438911
17025947
17831386
10053222
18431130
8390997
17786128
16795438
13592885
16037241
12442389
12412946
11484587
17096060
9246408
10755196
11225676
17752615
18780231
4575251
15986059
18060644
12733256
13617875
17495317
7563562
15800226
10771373
9901050
16272163
17433433
13007048
15113289
18747997
13973684
15366798
16794648
4341353
15608364
11408449
6581656
17078009
14920447
15233296
16084163
14778688
12908801
12644298
7463238
15611321
14193607
8337998
16121736
13375173
16998763
18970794
8834385
12067916
5568652
16864604
16449987
17234219
16345978
18795788
14479496
15041321
15935708
16124820
18109165
12691055
18639077
12564471
18800673
11903978
18539346
9501166
10325877
9933505
11183907
15059925
12588678
18416362
11614606
15120357
3655170
12414358
15369285
11037554
17391558
11302816
12949991
8742337
14529092
17361019
12867816
16039962
12296248
15667608
4075574
11249098
17695336
14597158
11909073
15691426
14696484
9038951
15789837
8577876
10273456
19231313
7206673
15271367
13510598
12580284
14058100
11803084
18214067
16352058
11129451
18006275
16856227
15460535
8405640
15224689
13548236
4772247
19438887
11567619
13238371
16755595
13201174
18562415
7087382
12673387
15561086
19431917
15835107
17110876
10888563
12479778
13714081
12586695
15837955
16927439
11178060
13980802
17448930
10354802
17444675
15525365
17131882
12841171
8221632
12360603
17558789
14412979
13294370
17239485
12658437
5138986
15708073
15372233
9411844
11448748
18219697
15511555
17571308
11097363
15989559
10250230
9510648
14918296
12061196
13676625
8167491
9495278
14578341
14164260
15335732
6241646
14681845
15145013
8579628
18718763
13032339
10572270
12035780
17033706
18315490
17988497
15781657
8701707
13299614
7491137
15754530
12886206
16652849
8647719
15618608
16931242
9315246
9872964
18934775
10995943
10886996
15596700
19535747
5379903
11197913
8410668
14011790
10251157
14108303
8784121
16401049
13923556
11615460
17031939
10239985
12132133
15212877
12066417
7641144
8326817
2044155
13913413
16912299
18014967
13193175
12199929
18162763
18365695
14993728
12969184
13466079
19347717
6165415
18957681
8017455
11389506
16130312
9154489
18248958
10538367
14539722
14777555
17592272
12799598
17505251
13803318
12462543
13969359
14860377
14938809
17307263
13278550
18204791
11987700
13083143
9757150
8261352
14607632
12539332
10155341
18066082
5750082
13523049
15958201
15190283
17230943
15190052
11393569
14366233
18124282
12554628
11209694
13207304
14794242
8566754
9481829
5453741
10102270
11743835
19047039
16490426
16916659
5002781
15577388
14695219
6777648
13196645
11252240
13583391
6242485
12438247
15632790
12908878
9700531
10365923
8960941
5971010
12668068
12549572
16133496
15007870
15876630
16521198
16775228
13231258
13210227
12820193
15481837
5398091
14600368
17543564
19795819
13872747
13788763
18222916
7543779
13588003
16588406
16104654
18150862
17049492
14087559
16524252
12007326
9745695
14075260
16469687
14133461
10734855
13849344
7540334
12275542
15404085
6065978
17431042
16136977
13147283
18856737
15439559
14438236
17123478
12736404
14307762
16609010
14421179
16550742
18315907
14960528
14356000
15392013
4180896
8752793
10933644
11694121
17875340
10571216
14139303
13340287
17768993
5602132
11089638
15982845
14430644
12718908
18934264
16161208
9155789
17757715
14566487
16850916
4980794
15803040
12166514
17256029
13844751
18548487
9700360
17637917
9334216
10843397
17089519
13695408
14832451
14714474
11208508
15336784
13767501
12162914
14399077
15913481
12713437
10994698
6519624
14161361
14933121
17695715
11687428
14398248
13279578
17056798
13309951
12692473
6293067
14317760
16487829
10927516
10989021
14540634
9324400
17400699
15080360
12997482
5614819
9596168
16382303
11561893
12717697
4928319
6582021
11601224
12313659
5345788
11017524
19128109
9419271
14956269
15461210
7051067
17346939
18646490
6348991
13992225
14087476
19443527
11597400
19277479
9787900
16301932
6884151
13074101
13909238
12217507
13854012
8693810
15561390
17051147
3605184
11660426
13153030
12502252
16748523
16132272
13832047
9800976
19046176
11226805
12554200
16304367
14998188
15852779
15135632
11306332
16897200
9634356
13646278
9735315
15596371
12336031
18279441
18279122
13854713
9717401
17757436
13792960
12876477
17936602
14076168
9158691
15158253
11372397
7953754
11878866
11880256
10106193
12129943
14108240
13022919
16675337
16579289
8214252
6730845
6963466
14910810
12903939
15711134
14071075
7525193
7988358
13332626
10930311
10877112
7632990
10121996
11452849
15863929
13882775
9687213
14202962
13842028
6076735
13108676
14338965
6649707
11505835
13733240
15018862
18431748
17299221
15218780
17148119
6384514
18924381
14733744
7508234
13541594
14471851
14110617
18363305
15281474
8695710
13535075
18662189
8255114
14608542
16964384
8867671
16238421
18127739
14663094
15763144
12274878
12928608
19401698
8886107
18088234
14926950
14591465
15150353
9038008
18946394
15870614
5015603
14043031
13435655
16840928
11405876
14490398
12795899
12914829
12614125
9369521
18071539
13709820
8101787
13882552
15953662
16948310
14573931
15403723
13410700
12751199
19697646
7892486
10514450
11497554
17773949
13195014
16018548
12100040
9290629
13716626
17335954
13046484
6372627
8181012
15477400
15692044
7934564
10825120
16913545
14495362
16959488
13270154
13631313
9902428
9816873
7065316
12961559
16135856
11235867
13043246
13477702
16964954
13136466
12343384
13345454
15797431
10950960
4349730
10954500
16957577
11709554
6909237
16884498
4278354
11326984
9298688
12838849
14568339
17006678
13705333
13149728
13344409
17556825
19112690
4887654
10454864
16290408
17040288
10439844
15773240
11511674
14768130
16945010
13926734
16467889
13233055
3964093
9669163
14018123
15828707
13647917
15932781
17431686
11553938
18784507
8602911
14327343
18274760
11751553
9309184
15563717
11029420
10681075
14505154
11886233
16223824
16017172
16255880
15046796
12374986
10903404
15525147
16267612
16973231
10493288
18507316
14636639
13728253
14642228
14553941
13874646
13416371
11468738
18075416
17990508
15564526
10062253
12187513
13531410
17309176
16715324
12093034
8679773
13024308
11863195
10248208
17449926
10706802
10799976
16358107
8131909
12273760
11179876
12125829
12938856
15583570
16497157
16009161
19659844
15785716
18567161
14658953
15272024
15628299
15487446
16539293
14281910
15837264
15695387
17119463
5713620
7974443
16061367
13848539
13797649
17318587
7292487
11282478
8728335
17725225
9981712
9788205
14864910
18477106
10921012
17286619
16751637
8966903
11069393
16148186
11813027
12979139
10765228
9518914
6352259
16705179
16339264
10787008
15037655
11419635
10518141
13586674
17162221
16394646
13309109
18347816
16881758
11476754
12127513
11498138
12816543
7885220
13746072
15744888
16749085
8951111
13009657
16694467
18799527
12839346
17194736
10780696
4093672
11136494
13484990
10146814
13429209
17948420
15318224
13957056
11095126
12783846
11958893
10157996
15071531
14927876
13823330
3886717
8475049
4161775
16654502
10941550
8087785
7051912
4820068
15696768
9524654
9990346
14736968
14657142
18158925
15772222
9569962
10759081
15559595
8385092
12938425
12760036
18322227
15277786
15770433
13949947
13149653
18434560
14046361
12102168
9827857
15275049
14992419
14679295
13970960
9855749
10581276
12263009
15566009
15165347
10480699
15448442
13213069
15809836
10320249
10553562
16627409
12131624
15259480
12680995
17648311
11790424
9546132
15206846
10504351
11230815
12378272
17513579
15421468
14451481
16192692
15294114
11354225
13041816
9342022
10198158
15627458
13672089
14206491
14403127
12795543
8641311
10677743
10577958
17979329
15382246
15292082
17887785
15874953
18204485
13499021
13109427
15428971
13246095
11531389
11640819
13101812
15391864
16994987
16575893
13187121
16982512
16237536
16430946
10242370
5231828
15692742
10548838
13738208
17513389
12885485
9191745
17645989
13789626
8928303
17343655
5217920
5814354
17982567
14727104
11432688
11826346
4542778
18643624
18550865
16723795
17766765
13542737
15193642
13360171
12694176
4176800
14764876
15486562
14889583
13970167
15022892
18419694
12866203
7862025
14858231
16974231
12181908
9541131
15490919
12479253
11606218
10735210
8099213
5532870
15826505
14359149
9977445
15042417
10274897
11102267
15982224
12644203
10807937
19150411
16176950
15163544
9373792
13791399
9643574
16599198
15067348
9695490
9390663
16927353
19776400
15091694
14310559
11197429
17761121
18639164
17195191
16891538
11570854
5266580
12345174
16499928
18389363
16083193
14276703
15861629
13008858
16255118
17548339
15918429
9998116
11693856
16726212
15414383
14620484
14859175
11621282
15495361
15792437
14519161
12632360
15998541
18456475
17383376
14683922
11313110
10191661
18515074
16219335
7364865
8122489
7717046
5742373
17330203
10480382
13840141
7137902
19043626
11873649
7427796
17467258
15959888
14974732
15023351
12968731
11537429
11684315
13011904
14021553
8816992
11783236
15872385
9750269
17384546
16757397
14215393
15276521
17458185
16791273
16498118
9360258
8045293
15258271
10319321
10416945
3152332
16810123
8301675
18115446
17693898
18044816
14952907
14847038
9831391
10917852
17856326
12903101
17405483
10011271
13715775
15257511
15520744
14492898
15173430
12133855
17028071
13688972
15140820
15234909
8211257
16801958
15421724
17960446
11999234
14892069
18727094
14618276
13548033
13208621
18226462
15313703
9045889
15862662
6464102
14191068
17574444
14781000
13875274
19384017
11079241
10288769
17330491
9648342
12098301
10134681
14008861
13245685
9240295
12892614
12237046
12502103
17639918
18056897
12185451
17352682
17569030
11396358
10196269
12923049
11965087
16421801
14854119
14806301
14679979
18098434
11312923
12615294
10260660
14500249
17630542
15228722
11951344
14653120
11539042
16544862
12798251
14954415
11244283
13898656
18033281
11335735
12767642
14487671
17107425
8342445
17759687
12487592
14895426
15452860
13178392
11570656
14429770
15887440
11413264
17374243
16190910
13049952
13599572
12141437
18087665
14198541
15208675
19630452
15122405
15652381
11029938
11085080
17041636
12632215
15447213
7344545
14130866
18000742
11492556
13553492
18888706
19559632
9590130
14244087
7791161
12908082
15841774
9781859
14942396
17652559
14706684
11115715
14427359
13267127
14268883
5227189
11655079
16924850
14103730
3784557
6438983
18037979
8943389
11461359
14202438
16256598
10581226
13723728
13175681
10895738
11700914
16430970
13414501
16063064
14649347
17489163
14512261
12748093
12473962
9284059
15452185
10150078
8071460
17265795
15116844
16084941
10011794
11787355
19368664
8921600
12099802
9267205
16678905
15439805
3929039
18516631
14973482
18978922
14967437
15274646
16700650
11126397
14617270
7617674
10252621
12305127
16056296
13441176
9760133
10447335
12787803
14491013
10413720
18471371
13706504
14857703
18002337
15782534
9515154
8732785
12753730
14193633
5520461
15142709
13828720
15808962
7092903
12014020
16220426
12550042
5776371
16679964
18013256
17167971
13894680
11750762
13849439
7101225
16112887
14029140
12121452
16664678
14181852
18972091
16240787
17058166
14851290
16205709
15747741
15258533
10221842
15468583
15100445
13893564
16671969
13431352
14035017
17260666
8331104
9095054
6556527
11706356
14643405
16769867
15754829
12781105
12308095
13071350
12894442
15560712
12593385
15858025
14015117
17464384
12763726
15879461
12285568
9483040
9013334
13744161
6608071
12817949
5139767
15084025
11013276
5517841
12800280
10815426
15331659
18010944
7872445
10433978
15912780
14859896
12240812
14348757
15853495
16192352
17655345
10442187
16038079
14395186
16758055
14022248
4319702
17540296
16612214
15613687
12774398
16641880
18070222
17480776
12379931
13997726
16276358
13019198
17635370
13562076
17637908
16353805
14891632
13553144
15124204
12976571
15035132
13106038
14820204
14756185
9736809
12658725
13740419
7764505
12938269
17308004
16216795
9546082
15767617
13078217
17356197
16054196
15452904
17064998
11540757
10270230
17159583
16722720
16927941
14726574
7465610
18255444
16996191
12522985
10700915
16011438
11003347
10826829
9959889
9101153
15110264
12800619
12196291
13243359
10784101
17445200
7292755
9678467
15981536
10424055
16608547
17338081
19778502
12103764
16154794
10745692
4614025
15668059
9800518
6092109
12502288
13611143
5103200
14212439
14880391
14288090
12775744
11875657
19941128
11632514
13631882
12254460
11973695
15076131
19335503
19455294
11715051
12653983
12762773
12996277
13275426
12175732
12308617
6452235
14493953
17365515
4845205
12497453
16644450
17931539
12478644
16784265
17557826
16578558
14351957
12794186
16050333
15935714
9659403
15842292
16076105
14198782
11549236
16107060
7866726
14552619
12892765
12355268
6150825
16653415
10427798
18308197
12122815
18531539
11697335
8317942
17342831
18706611
16726157
10485109
11056501
10349951
10109447
16488933
16721706
18666689
10151244
13083213
16830402
10398701
18722090
11345738
11975900
11462349
7708590
9348782
5006014
12240126
7295591
12898735
12020182
15296784
18652077
11162253
17189915
8285437
14150226
14688078
9446246
17113950
17023180
16652715
12681657
9464622
4755891
9472889
16606906
11531160
8567609
11600958
8904874
8747085
19576236
15638865
10129750
9220557
18448549
11074151
7706917
14171469
4368769
15776425
13283319
8038283
13693633
13015887
9995348
17288179
17369921
13028609
17987428
14467385
13150700
14000147
16349396
12781966
14616238
15569487
9803676
17364804
16147846
10679811
18092253
18823738
10950832
15800420
16896064
11845743
12021190
16739579
14950326
10116551
12642489
10894150
17129813
17755096
14075791
9590037
10523088
18126195
14094972
11764296
18780476
7966985
16765729
10036214
11818508
13932465
12624963
11450769
12098029
13020555
15115670
14523309
10433916
16266240
14786566
10743483
11608003
18846838
11498331
13014052
13883700
16601285
7001318
5714066
16681476
4796551
6082697
17036724
18320516
16293928
19504952
18185052
18902899
12565669
15532690
8145905
17888845
18708110
12447537
18206765
15696979
19028223
15593228
13127264
17283266
11931212
11277321
16289855
9831843
13097627
13220632
5140260
10531311
13477173
12056921
16657367
14604519
17785452
16558995
16950458
13654836
16442408
13879366
13557601
16256995
11489538
11926680
13767234
14565215
14018270
10497024
11859753
18550664
17338140
18295080
13451496
15119308
8868166
4629947
8814318
11840164
15897553
16667289
12183553
16545847
14593525
16667910
16458613
11381713
9284687
15270047
13558980
17845426
15411685
8757967
13977995
12525364
7871064
8716069
10314219
13401925
13729313
7073002
12949197
14151459
9727144
8400548
18286290
16778018
7853690
13321433
15419982
13306559
17960253
17787675
11416017
10072050
10628603
12578104
16471974
18098079
8310675
10966503
8021263
9581571
17353642
12985689
16768263
11845326
15698766
11631055
17607379
6219215
18018540
18153875
13980045
15775798
7218493
13584480
16478272
8658465
8722417
15428393
11313830
16666502
9060215
18588256
6865061
14705330
7379809
11030210
18898321
14918494
12445707
6219007
18059727
10129970
12934874
13834984
17031310
10749013
11760812
17037319
10764727
13377539
15971640
15331652
14285715
17724489
16586385
17492332
12271103
10673452
13484398
8954751
15513196
12126708
14161715
10886207
13026887
13597335
16610757
14618495
15800620
11559259
5288239
7842078
13568631
8244717
12901148
9820461
12157665
3516462
12947408
11753981
11732535
13007628
15053175
11605575
17055332
15579594
14251895
16706061
12726799
12444864
10244239
10995718
12586336
13278267
15384352
13837080
11315943
13637818
12484375
10443782
16009187
15247544
18728294
14443957
13850020
12108775
16903477
15215916
10451637
5480637
13431086
14385488
18362096
12964756
9968078
5835017
16436941
17165206
9394296
13629637
16230335
14811142
7574861
17225803
15932577
7993621
8485119
15069476
13185370
13535066
9954798
9353938
14044801
10523535
7069016
9204241
4680809
14681831
13384502
15421670
19398367
12054536
5938158
16578418
11440494
10109585
17804498
17712618
11966707
13056994
15200531
13698319
15955133
15821854
13180357
13735909
16147550
8542426
15128009
19567142
11982693
19169707
10382307
14286324
8666687
13880883
16173731
8024603
9476556
14187658
12696960
11399252
13099647
17006262
10497849
7698522
7036922
13001463
19211522
4561719
10611644
10579885
14641798
3281830
6329813
9661001
14597518
16200806
3971544
16390093
8946932
14909718
15705666
11948939
14500963
11639051
19020221
18535227
16475620
18869316
13300638
5877798
14615882
18983827
12051433
10213715
10617965
14222840
9219971
15157121
16623060
16430852
16660128
11905333
9364500
19090844
15009672
18034244
18319986
13166348
4952101
9738921
12083069
8924969
15081237
6662618
19879760
15217560
15701916
12715103
10358332
13944952
14547265
9232228
15011050
19132735
13396777
15044034
13326376
9697933
12534447
14435179
16211287
14422587
15303947
16925282
3974046
7293306
15826382
14367650
13661332
13065415
7494493
15642057
13195236
17740727
16128967
5428607
15557141
15807165
11824010
13431637
11095304
17644446
15876214
16150945
14552661
17399322
9955798
15554744
7379025
3580387
10564290
10613281
9355778
16212314
12613024
18618015
13484318
8911796
10585116
18019666
12792869
9570436
14968996
10565897
18849413
15469994
15210485
16653608
16012617
7994083
16486055
14154018
18943637
12562164
6498659
18895608
16036987
17819014
17655674
18284728
17105136
17098210
14779548
16238350
12854145
13282527
17856962
16824369
11723339
12088234
15005875
17534551
15489083
8145871
9228366
14918838
13745299
9483428
18490059
14985329
18730016
11728009
15166024
16567759
19139338
16482861
11303740
16286586
9045932
14982102
11640888
9484227
15710063
7337726
13936008
16742143
9610248
17719080
16547229
17452482
13126116
16792037
13365014
15338068
17449943
5278448
17953920
12262822
5667202
11261042
9673717
14580918
19317568
9373703
7658209
17622808
17208805
12740891
14101193
17397533
16347327
12364501
19507174
17488769
6594672
11017139
15625024
11452198
9190581
13508607
11029227
9797836
13658018
15691924
11013154
13846594
13504894
16941971
16085520
12724178
11453406
12972090
9059607
14067444
12830060
9585696
16103003
17487562
15526198
16674708
8757931
11643230
13345320
13763341
6502499
11391343
13391101
18365108
18413223
11742726
9441623
12729641
13480148
15190081
12654464
13039773
8300234
10744569
17047762
12994363
9379777
16175833
3915969
13805794
8908192
9263486
9868722
14915882
10677502
14008079
14795028
9930508
9875863
13905689
13317021
19082732
12980378
14576401
16804583
5748779
16611810
9067942
15075200
16885704
12557102
16468782
13075381
13468607
10712254
15597127
13778802
11429527
8943908
9909617
16717879
8006324
16327434
17151201
8315565
13826476
14314003
16788803
16106245
14835546
11362370
15516430
9079227
14161481
12292583
16198831
17463390
15720431
10939553
16685315
14213366
7162481
16432623
10220252
13437630
12585693
17272959
14804736
7573896
14168043
10311784
8001468
15814493
14917292
8068366
16571810
11255516
6968535
14828594
13061444
9820939
16247828
17280175
14247762
14692171
14757571
15069701
13759325
12670471
18252674
16642347
9398156
15547507
16829481
14365956
10395585
15799663
15884888
12032027
12184453
13288954
13817344
15548746
11541035
5897420
16034763
17483304
15984794
9405312
18894606
8849012
12868276
19342003
16044008
4891480
15897609
14892111
17570123
8050907
13325747
12215625
14344595
12191290
11091251
11087851
11330595
17463572
12358447
14537902
15097118
9647441
11395323
16426127
12122448
14396873
10960856
14567604
13519490
14662977
15605799
6031984
12549019
16657549
13565386
12018075
12662648
6803726
8365600
15945110
13192394
8586465
16216957
10530421
16348099
16880903
9751627
14629909
17346732
9145672
15999294
13129724
11061752
18760314
13192305
9581715
14717722
17555104
10983919
7859132
15531654
19119830
13468174
10447615
6496705
16751617
16792602
7286700
11115644
12124001
11852823
11217696
11039000
12422707
8354614
7779165
14128323
16544448
15269982
8846711
11718983
12280462
6025004
12982196
5417188
13632049
16966230
17132684
13539163
10310675
12954331
16030088
18957950
17867660
7982584
13541232
17389474
17338728
18066230
11677971
17678732
11754584
12147626
9516267
10571793
12216848
8557889
8803064
9214990
9537396
14759004
14801983
17624328
16140444
10328551
16147641
11702115
15183503
10235088
19796370
14842019
9237879
15871347
14587490
14511627
10734587
9558010
9094535
16763442
16414808
16488494
9302366
7390889
6741981
9216973
12261568
15737935
9294478
17979412
16169399
16194839
11386043
15602973
6879048
13687824
15478878
14758113
11604705
11078500
13674052
11491898
10843796
4786370
11662527
16269596
10827857
15086239
8651893
15442380
6819131
17846191
9493606
18720130
12269202
11534205
17028789
13240854
12077440
6786526
17254070
9176763
10762141
15818364
11934048
17955240
12923658
16899094
15951772
14570463
8110370
11990566
13761502
11068973
12150595
14450038
16608991
15384920
13542463
12245482
15623986
15112733
14815382
15259467
15294079
9913439
15757472
11351831
17256672
16329708
13476145
15859894
11756420
13761682
18712424
9507449
5628700
12438829
7264635
8192914
8730818
9920798
15221687
11905120
16603006
14889325
17323523
15716326
11706032
9802371
18328496
8586797
7792917
15595168
9155086
19132829
16490675
10972153
15414449
15134007
12507708
10564123
12633254
15438041
15429592
7409831
17056809
16167532
8437488
13644063
15642712
13563120
13963623
16488191
10794512
10642673
10474978
12584207
16972740
9543854
1920219
15821209
12796387
8440724
16971109
16065990
10120821
13981646
13988651
14704889
12963995
6672729
8960494
17177364
15393026
7408141
13873564
10757801
15747689
8779745
17118845
12720375
15282714
5590077
13171781
12302359
14630924
11128724
17390205
8484956
14847083
16472485
14886856
14830855
16502931
19175542
12310702
13933378
13654585
10185951
15827908
13056664
7682755
11915351
18181858
14821262
17521143
13097210
14105867
8275124
16881359
12810125
18926338
17175552
14827913
12817468
19989874
13324386
5584808
11194991
14103639
12237819
13255455
11827686
14323440
16851529
9893005
15181071
17106354
16474070
16265982
13067801
13733488
9058668
18470802
14821517
18547295
11347015
14862047
19248607
10566884
12287204
17477804
13877937
7443481
13486163
18447362
15506394
17555998
9567368
10671764
13237937
11146296
7478430
18237667
15443990
14821617
7155815
6858862
6017655
16363587
10353267
15395007
15028842
6605253
14966646
16727339
10143582
13573493
13556177
13459978
10458345
8655969
12600206
15059808
15355346
12885146
16521409
12407981
16409984
18223135
19256022
11281639
17102786
12925723
13362675
13633066
16007198
15971925
6760008
13315995
7589063
14970966
12568790
15188099
16524872
14505316
17229671
13950369
12950348
15908788
15667040
16012574
15014475
6962804
16106063
11999640
18180418
12464298
6639576
8716224
7639223
18519804
14391858
10890246
18433898
13054701
7990470
11087502
16722219
8331592
12930938
17347821
13898905
17394927
14960709
9891085
16019772
15982579
10720933
14426561
9307115
15926499
14007510
10853212
16073766
13842915
15210210
17291206
13994869
16293650
9596263
9385603
12838355
13199587
7752212
16532632
14911714
5823724
11693487
14690045
6568295
8573180
11269885
17294633
6443362
14916996
7864878
14350911
19606692
11466532
10627025
14612507
17057896
17860827
12243191
9156488
16500972
6718704
15335898
12435672
8945350
11207242
12704413
10447956
13025228
11161413
11448942
14433599
18257965
15663505
17291449
17798245
15184814
16306103
7273128
10107726
12389931
13142786
15235145
5169575
12857283
12134598
14320795
7672158
13869778
15667871
16153901
4490394
6842612
13532593
16293174
7969631
6156294
12593873
12567255
8931226
14899490
15610788
12725919
12117597
11467694
15988051
16155157
8864730
18320969
11344494
16972300
15084900
13986128
11622250
9828526
18277740
18175027
15702579
8266996
11293205
17584966
15727460
13133270
13582911
14395065
12104597
13153012
11116331
15027274
18524824
8036505
6560424
15420845
5022066
18140203
16237692
14493502
18805386
12557117
12793441
5773240
12500263
12549610
12792157
13919671
16146217
9227137
12335314
12975522
10562146
15571972
13881344
8875856
19310801
12212158
19111311
6430262
6050577
6634662
17032621
17405532
12093199
11355946
17936076
16864614
15046275
14832996
18712974
12517263
14350122
13970357
7873918
13533653
8854072
9249749
9674978
14026417
13166902
10639739
14260238
11722275
17987069
13545368
13881497
5534518
10378188
16774252
15284411
14613927
17810900
7496099
18707541
13727630
8651209
16067893
12816645
15692913
10592173
13710260
11532366
11006290
8689510
11661153
18339863
12789630
17894950
11006070
13569229
12980537
12701401
19214531
14433311
14338605
15169840
8446006
18020113
17471798
15054704
11138187
6845110
17588328
11816703
6646848
18135723
9512007
14922983
16371876
14654251
12291000
5585784
17642451
18604665
12439022
17076190
16891518
14851811
12675167
12599210
18713022
19207543
2311868
7864336
15579254
13120760
15670416
9236938
10367432
13660165
14988248
13717366
14299440
14840519
15210565
17040525
18073019
13415564
14868142
16422587
12915236
12013815
11112034
15330044
13150672
7778326
12129257
18599600
16264249
8588070
14506040
14248138
19109474
15014163
16593020
15035785
13707201
9001913
13820393
13647585
14389545
15520401
13322268
14245925
14261758
12479121
11657907
12663255
14911654
15113586
5359607
6321964
15186541
15070421
17331620
17463653
15956007
17338243
9924400
6335075
14908067
13449018
11728665
12780347
15379341
10697488
13742862
14226904
14934083
11681398
16903991
13173365
11515824
12533157
18056164
14278404
14205986
18419635
6356877
5485120
16021229
9841098
8642099
11752467
15729822
9445717
18815862
18432590
11603151
12328284
10980768
16308134
16099738
18680132
5894687
10384745
7967950
6222701
13965073
7309795
17117523
13954733
16567256
14156540
16635691
13600365
5131438
17234649
11225244
8297063
16912229
14790835
11821915
12210745
16800026
11878090
14381438
16351941
15238900
16209817
6771538
5920206
15547791
18215247
17332887
14594816
8041745
8713994
12375607
16465406
17740153
11692858
17614775
7739723
9245222
15083933
17442507
15866640
12206323
10328154
14483483
16352596
11924666
15186845
8686319
15705674
10284442
19124667
13782653
7740058
17867355
10122337
7940137
12165847
13678344
15660400
15756253
10537815
12466074
16145307
7153023
17068851
12413392
14289929
11973763
15237484
13045174
15253846
12203762
10817826
13381345
16347830
17206544
16693258
11732741
10613407
13972797
17054364
16306921
13284018
18382942
12419176
10918411
12369190
14872713
12224143
16655505
4031898
14473696
14726481
14776962
11694090
15685945
7430460
11817260
13601993
17906455
12862850
6063487
11350655
18285592
8181377
15975679
10671095
15799010
16544636
2942240
13984471
14832276
9152901
15866292
14558387
9127888
12431857
7046945
7850077
7173278
15101997
14660372
16590115
8472327
14863019
16822402
16435906
9450686
7012710
14919676
16717726
9667577
14594528
17714677
11102635
13928448
7399398
16125416
17677104
14400414
9803481
17389989
11905402
13855402
18179684
16704074
11966879
11059517
11025894
10331495
11792869
5597716
15230149
17940423
15250843
9901782
12485628
9741199
15585596
10534510
16728132
17193759
10897799
18672804
14173827
15855297
19472988
15152185
8826625
10996473
15416510
12992790
12506411
9853214
5848481
16093361
19246090
11264543
12078933
16574714
9744904
12212297
9705568
11307964
10983627
12688068
19481050
13050162
17101461
12455514
9253980
10382753
12636839
16642098
17738870
11689404
7762377
10297865
12106387
10458011
13295552
10722697
8178653
18949975
15774675
16336798
16177201
14463989
13310298
5445598
15540061
11473756
5159260
19382202
10486551
17850252
11092224
15829654
13376887
7940239
3275103
16688735
10213463
15828960
10209761
6363679
18521861
17592525
12389848
14309579
14158991
17426848
18566407
15805063
10204563
19073211
8240491
16725424
14769770
13198682
18196019
11746564
9880557
8114771
8368516
17208516
9656724
8238631
14576396
15270144
8722983
11526596
8670031
16701628
13934118
15176496
17792886
6620430
9765055
17657045
9239481
12998129
18518553
13309173
11226105
3029477
19009734
6547830
15982622
15863921
18705431
15977705
17643462
19110779
16408972
13378282
14863708
14860331
12296003
7890123
11973282
10748382
17430824
19090618
10199315
14778854
14568262
9670933
8932789
17082098
6741548
10840344
18638141
2500770
17909492
5863016
16004468
15053926
13394306
17504464
12275361
14264109
11672069
13810022
13181926
17319007
13031474
13193261
16533858
13761334
15503682
13567912
12100466
11540280
19797988
15776097
17960619
19203383
18917567
14399910
16970283
14601178
6307016
11048698
12117340
19213104
8962091
17083584
11746675
11454046
16810922
13016363
12465280
11809784
12884314
12665144
13477200
12162695
13458404
17426290
2122725
10625186
9830821
13116443
10770758
15696431
15060610
19743905
9975095
15610116
18477457
16876531
15627284
17198097
14348496
12716642
16195628
16414818
11787070
16531892
12606955
14577645
11088134
14403582
15533702
12502931
15319438
11899967
18079072
15958900
12518348
15853645
10853215
14684128
15156672
13517368
11344902
9986163
11973080
19459123
18216512
19180349
16666417
17040739
18166257
17918951
17081559
13814079
18197858
3612537
17624500
10927660
11669878
11327471
15870462
11291073
16513520
17055594
12136107
13687646
14041247
7238023
10711398
12976393
8551886
16247432
18058339
12829504
13681298
16982484
5045107
18354451
14184301
14415362
10811401
12245329
6346461
18237412
12302127
9278868
11237646
11489141
16776950
10500060
15307937
16755016
17411553
7924715
16057652
10438304
9676076
18532665
14687863
19234896
4752973
17176441
9461834
15516683
6628297
9605565
11518150
12017857
10186926
17566569
12473282
6569598
18876308
13006427
18757955
14475833
13911676
15095158
16933731
14526616
17548818
10630260
10367259
18765481
11142365
14106043
13217725
12531046
17569714
5503919
12157632
12122317
11657926
13432842
17228677
15837306
18449392
11621477
14123363
12375231
10600248
11463690
10368060
18013513
17168290
7716016
18125272
16422905
15018596
16065490
16085875
14253961
11559044
5826315
13061030
13454446
8725890
13922965
9235126
18054372
14216417
15666338
16250133
6905156
12615367
19158296
12625217
12118007
12565150
17671613
9381484
14340907
11498387
7680763
6065526
10564779
16693088
14439871
15428517
18439164
19800424
12877388
16320359
11432638
17381454
18516039
6979131
8046751
17080619
14622893
15097579
14822204
11413275
16676239
11001835
19593358
9844046
7317561
13220622
7931528
9452012
16601507
13124569
14448597
9102523
4973327
8870562
15620805
18297116
8175272
3759292
11267083
6092613
13629866
15100903
9411943
8506037
6465955
11123709
18936852
17339162
14398090
10982787
16195589
9752648
17093233
18128689
18562346
12949540
11295639
15468039
13860399
10665008
13013402
13627451
12822730
17749459
8838336
12474391
17046620
10678680
15013888
9794228
5710234
13777352
15819387
9601494
14370413
13554479
12088737
10825821
17547688
16025890
15020787
16918972
15217166
17258927
12151621
14902000
7631643
13622040
18855861
10684379
11696024
13297208
11928062
8270680
13556697
11789003
13943909
11416241
13341164
14553239
12252977
14590220
13539470
3994675
8845348
14031728
14719177
14793326
9969543
13270118
17432707
16862009
19226842
13149403
8032377
14864032
12964629
18453800
15066607
13223979
13696386
14261658
10330174
14761068
12933297
17946778
17629059
14634020
17657063
13381940
17454238
13618383
17868430
14298722
13940821
9063095
15641615
17773443
12443998
12820523
13061103
14035317
12910886
8461957
13028770
10751276
10119824
4815902
9558850
18405839
18259904
11555772
16288191
9353304
11393485
14200653
17125848
10796989
12458466
5574628
8322459
17455436
16074737
9409848
16403297
16399339
15749662
15497979
13976336
8202069
13886832
15885339
16405438
17608111
10607244
15395738
15980921
10914072
14060109
14019123
10330490
12792167
16082932
13240673
12851304
15247565
12698060
15222007
17005161
16962504
2664464
14282104
16215110
12961446
14850120
16256716
7660883
15671681
7510830
9200697
15177792
13710206
13202637
13028515
5412010
17127086
14838234
16034337
16040388
10259891
16540512
18143662
19186089
15429431
9755012
13008970
8972864
8764490
10783647
11592803
14902105
12705765
15242072
19124078
12882782
14969215
12576796
17853667
15328146
12005260
12036419
8513934
13125900
18643257
10686115
16984453
18747765
15611118
5943894
9472279
14657425
17633047
15334126
18594964
17108977
18400918
15307834
17628094
14312173
17921699
12742504
13680989
12134862
11626252
12880985
15492335
13253570
14716432
12683541
17061768
15875399
6287190
17377399
8892148
8119390
12706772
17046198
8926481
12753409
14509943
18814588
11742201
16798729
11161158
14882375
14684180
9422838
15594602
5786292
8935522
19604512
17044018
14376498
12652396
15652808
16368649
16671153
11217645
13224526
17051207
18248517
11061652
19186733
12202989
17352905
15013514
18766265
15539645
13644721
19411339
9906096
11189762
16456936
15896733
13330089
16803714
14526579
15448138
19386658
17781871
16003580
14650676
15032499
13482944
11384033
16289690
15172173
6595056
13025565
11410519
8213579
18292875
14397434
9445726
15292129
7051453
5885445
8891725
13411486
7236296
8865471
13350222
9806021
14539211
10501646
8581960
16517197
8087514
11661861
13931153
18363472
17110019
14445137
11268237
15225205
9414554
11374747
14997650
16017446
16755568
7170597
18162731
15627759
18626876
14365773
15016661
8955979
15458077
13009300
15850871
13249960
16962688
18718942
13639390
8058837
18938598
11742629
7227636
14149330
12042600
15151804
13631215
10437609
10871238
15266470
16737557
10436622
14932596
16996962
15565468
12338298
16303070
6782789
6894642
12951780
8969076
6308990
13869421
11146243
12247682
10673278
13144577
13692964
16382929
13715390
13619342
9620764
11835192
6424544
10772362
18033798
18034799
16276933
10230775
11094317
14863617
14404668
12217993
13170130
12788320
14728941
14638029
15956710
12633174
12482354
4673129
16641209
13724436
14517217
16863935
6954722
3472975
5871923
18583655
16016036
14725727
16994060
14018608
16951952
14486771
11509485
17277523
15182449
7049210
6431218
15216323
15025493
14953410
13348125
14533528
16241970
15884359
18316810
5987095
7173297
16962257
18511948
16036977
6759539
16300690
16395913
15397726
14932476
7663331
11977266
18359047
14833498
11851869
7788084
14159630
14692265
5094771
11682516
8566306
17513195
18242014
17317110
16933612
10655545
11514151
13819912
9936266
12555487
18209523
14372146
13508436
15938393
17722656
14507775
11309191
9181249
10772648
8010999
14741347
16285213
16122256
18516436
18099715
9332217
18387492
14149644
10626568
11861414
14777853
9302423
4993480
16936038
12276132
14623156
9087303
17325517
7283735
17089284
8968994
18472879
17465345
11239292
16965331
7453521
13840273
13697133
11336837
11164368
7544318
7910686
17531753
15534948
16863262
17696319
16756346
10006421
18605704
16384352
8451418
14146564
15874683
17070650
12806553
12803898
16234140
17041990
5076226
17143088
7989565
14096877
13937434
16150544
13066419
13593294
18307288
17739733
5354704
17283365
19481608
6479169
9992830
12521455
19001645
10720944
13296823
14104613
9214070
14060005
12474778
18371705
15673690
12201417
12907640
15521160
13766498
17873509
12155318
11083661
19317957
14948210
10834284
17406618
14173812
15952166
10019011
16405904
7527796
2905467
17520777
14502292
13896984
10658599
15690381
3192629
8995404
13977504
18309246
14994790
11870344
13143535
15106545
17498131
10120467
16962731
17242179
15277071
7140382
14073340
14534259
13783567
12487894
19776247
17800638
11794635
9021102
16716758
14950419
4627621
17848010
12218273
9270243
10407523
16183684
17574154
13626395
17591669
14772776
11399889
11064579
14008846
14423695
9247980
16481584
14890824
18976320
17290820
7373821
4559691
15454427
8920224
18908862
16379085
16917821
17783594
5315286
8129616
7229217
9768658
9030306
9665680
16253084
8385352
14854300
19111300
9463238
15695148
8250344
17478312
8747402
15285271
15038834
16834732
17758178
4614412
10443292
13186431
17384075
9245736
3681687
6373860
14978139
10270963
6216327
13711565
16652913
18140077
16405538
18811383
15706982
13261786
15804975
15650671
8725509
13709515
14392804
13211135
10970448
18930736
16844768
12415294
15757647
7092513
14256262
12405681
12780930
10560948
15076084
14942997
7161578
14009328
19040659
17214480
19403572
16156066
13232110
17513856
11529269
14673360
18020204
11468384
16901576
19006132
17570796
11863587
10903047
14132098
9061567
14141864
17776673
18922410
18977867
11954368
13745647
19164500
11440825
8990447
14588434
16449910
14585208
12388739
15719621
5411407
7304619
14125016
17964711
15107048
6824601
15281586
9897514
12495708
19887045
19069388
13204253
13252145
9826999
17001068
15987060
11671591
9650613
14461846
16614510
11426984
14713745
11095734
8559560
16443004
8158698
15553894
13509241
19282049
9222113
16228780
14689022
6074016
10401506
19470211
15169858
8768443
19592129
12714978
11790623
14836939
10092842
12472551
8312557
9789793
15319917
14090045
4682633
13405877
9897826
12265715
16094468
8024800
10110352
12172999
17352675
13896346
8975680
13506612
8776059
10024050
10451067
8875260
14229848
13787410
12429596
5455983
8714058
18349659
14660053
19134390
11093609
17981424
13897535
13089089
11460474
17143231
12409959
14807357
15187273
8725762
16531542
10727979
9842200
10248853
14259223
18017653
14790397
17667963
18724435
16347889
13763592
15579724
13148125
8219227
12316114
9001842
14403583
13923369
13812228
8473930
15314270
16662090
10366535
17800366
15792598
12412658
13643381
15405247
9887736
14190080
10173720
16852362
11701158
18528988
8672569
8259671
16820330
11072916
15775967
14592083
14574191
12870667
8050500
8809329
17129249
13472252
12675734
16947833
13481625
11081132
14616237
18210934
14282588
14324770
17071167
13732244
11584098
11960566
16264372
4050144
8194191
12906442
9929326
16518665
11991117
15110203
15054412
16219290
13867275
12079119
9557784
17248748
18409717
16589806
15241622
8181482
15540395
11600288
10968773
17828433
12879714
15203898
18276726
8681393
16750444
8361098
17611788
11499493
17471276
15230038
13463151
15098611
18079011
13798187
11748542
15719445
12147680
16835217
14298685
14885334
18194957
11397341
14000069
14068766
17051276
10766013
16481598
10054784
19597640
14711865
16342886
15757017
14084565
11735207
9816121
8754286
11908133
18326433
13277615
17731171
12045840
11521233
10475972
10636888
17008516
11109248
12650570
13861627
15212510
8196192
18531965
13368049
16991372
11127353
14032377
19264688
15817377
13046864
17063760
13186585
7860250
16241588
16566329
15892689
13590880
15241744
13917431
11729821
13728890
12910449
15462552
15520297
14440475
15888403
17334403
8645897
16148735
8789557
16426717
18341679
6138495
13871583
14026583
13876773
11436519
16784661
13094424
10670312
12570475
9860903
9399252
17778097
11000433
12541337
11350727
14727339
6230065
19125480
15160235
15532566
11582610
9632596
2662592
18285787
7933767
14469730
15228155
7857234
13317525
9186177
15566579
18196139
10430425
3659313
17386233
14004629
14067058
16033415
13475380
9659015
16675368
18271266
12985494
14563123
13723915
15575791
14118102
14766182
12892714
17577155
16285084
11895678
8957728
12594878
16259097
12593757
10246142
15873044
9868486
15990115
3902916
10486496
14585914
12389782
13483908
13251237
7766109
13976208
11320238
6131349
8567954
8470489
18699943
16664683
15487176
10945026
17484977
7891778
9992100
18042842
17600733
18118817
9044790
17618103
16064228
13657935
16194028
15116080
5559649
11885082
8890488
12134739
14779738
15187018
12199550
15875253
10924651
15495183
16598892
14937068
12756787
12679666
13066543
16492974
14620303
14973310
13151967
16789133
16562401
18664826
11778254
14786811
13447456
16854571
10085456
11888731
6523332
16536169
17312940
12303751
13922044
12653611
13541460
8024596
13307474
12971495
12640206
16089762
11176453
17383138
14327938
7119028
18068523
14317961
16652518
14188717
14081441
8836113
10076228
12640919
16603771
13959537
11700062
14190687
14203273
13481029
14766170
18262771
14048341
12107395
19439258
7424319
11788069
18020008
6975534
17292119
17910105
10509294
16775199
15585935
16962914
8998719
14673751
11203308
13324151
13247997
15180830
12703351
16406201
18154301
15732559
17555133
3928678
14784371
16115000
11909189
13152477
7914865
15562323
17083952
7599619
15256981
13264957
18465635
17623118
9085921
11835447
11381196
15185228
13641335
16896523
12547426
13787836
8809943
12434885
14119484
14417290
16495999
10257745
17077083
13358173
11528445
17262189
12521105
8138744
16137195
19323556
11478039
13122198
6151552
6833069
15577514
18373607
11752521
4155640
13975543
14401189
10666730
18053447
13153920
16156668
11147553
15182034
15457906
10395068
14016561
18716034
17713140
11567392
5421289
13102880
16500155
13133749
12580342
13685532
6601580
16992085
13545509
10914408
12831842
14591457
7699431
11089162
15687561
16649724
17723035
11010742
18433391
14916363
17169931
6495246
6808804
14858591
12188109
15288070
14503613
16315695
15913686
14305268
13110874
15068804
15209030
9826953
12473940
9239431
13722127
16736258
9489442
19165542
18089662
16306736
13756105
14122015
14798472
15882027
9601104
11030549
11875930
11533069
11869932
13884145
11182791
10276163
11662796
9768910
17626101
12779852
11637223
11665105
16095561
14422469
11957515
9357172
9972532
18119477
14898130
16871298
9481128
14628658
15230818
16170939
10910792
11305170
17224982
10616400
17769467
16188599
9698313
12072723
18030326
18068305
7814932
4891907
11039812
13996667
6899059
13051716
12542391
10194575
16038293
7114949
13848585
17591291
16625416
14051789
12137957
11437082
14636930
11273778
10262386
10605648
17912357
17306792
16706591
4613782
10579880
14380834
18193013
18202296
16510564
12578258
14984459
12683468
18581606
7040690
14276593
13162814
14822383
13922449
12942208
17385598
9320707
7029279
9327699
17132455
4496739
15355105
9930752
16765333
7785341
16951118
12344557
8269569
16396665
17725644
15070968
7498416
15719223
8750535
9479652
15164506
18337935
4711513
12896920
13011258
10252801
11881027
8728945
11934008
16155778
17962929
15547022
11971634
16227920
12905394
15867712
14554375
17428212
14141851
10626617
14625638
17620322
13449683
15340163
10424143
8506698
16326674
17721429
13980095
12997244
14715564
9958329
16268393
8662614
18026414
15498167
17027040
10899567
17393220
13275532
10155090
7164505
10203608
11082127
11979571
15918958
13998326
12862615
19252060
16404647
14160061
10712780
13651716
11256310
13770421
12769215
16607775
16804034
14384651
14404007
16860205
18295911
17398833
10255393
13834323
14481567
12831428
16869702
18387885
17960815
10691857
10817166
14388391
14726651
14173610
16790003
17530269
8612591
14065928
7197606
10147753
17661233
17419546
11110117
13497320
17173443
11752961
19570329
12146556
13766051
10738914
12330193
12591853
14980887
8164950
16952107
14619560
8485221
13346836
16302200
12757245
13909647
5657948
14473859
6418983
11600780
11408871
16670925
10366385
14264302
13662824
13775994
8491629
6872943
10768462
6559451
11237816
17941710
13740731
17482016
16348336
10481023
14564063
7632732
16224359
11450927
12521259
6729221
12976882
16967259
7637882
14034678
10826131
19102575
9235502
8576535
18071660
8163564
17255564
16991755
8643139
10025897
16566317
8524836
16468112
9020471
17534177
17225580
18968988
14736526
14832585
11109337
14357288
13584767
12997378
15910275
10915441
11218913
17088563
12861651
13210239
19175132
14567386
13662195
16644947
13092049
17110008
16434179
16244187
14645307
12174538
13517602
17690784
13115321
13268284
10737811
15491298
14268985
14598613
11339498
17557861
17256809
15592795
6137703
8241732
14597618
9282556
16745999
12188790
14387541
18257906
17817059
13996455
12614247
11859364
9084893
5229707
14673904
6809584
8715323
15372200
15691623
13962689
11605946
13283404
13280009
6451157
11788927
16189363
17368765
12459277
7381199
18242081
15595264
15698104
16116029
15064539
15927977
16614473
19188109
13133971
11488079
16425257
18249376
8503383
12916943
16376801
13342981
7132365
8820237
13110815
16901973
15891203
14492446
14503729
11913653
8984181
19345224
18935859
19956008
14601673
10100809
14123477
14903862
19154658
13829848
14083942
13826794
7909436
14858949
14228104
18288939
18017691
15743856
17949276
8871035
17767723
13822622
6296288
10203446
17572391
17266593
10771429
11537521
13141279
17994651
16326433
9405507
17130536
17164229
18170691
11740573
14477078
10221896
11164015
17914295
9118601
14796674
14841228
12507973
12210002
16733206
16361293
16082875
9055869
11352973
14723360
7170912
13475776
15842837
10035767
17894719
17155768
15179240
20005303
14801809
19021893
7927869
8590676
9126729
17101906
10625098
12312916
9935445
10466268
16643359
12783956
13941784
13393539
14461502
17204157
16784714
16537211
15307895
6259901
17970455
10833956
9738287
5946575
14431161
5418556
12937551
16261974
18071270
15357317
15080744
15322184
12185393
12509154
13076165
17460499
15994011
10774838
14377163
7329563
11297959
12258610
16077997
14940163
16816658
13152142
10648443
4921140
12397760
9963122
15462963
18592346
9821073
18270659
9834916
15264048
17939019
14092214
10386470
14591780
11384564
13585727
10370259
11742838
11091721
14297967
16572348
17745707
10761939
7839360
14585154
17523299
13369999
18646588
12296513
15387708
12155577
16135923
9261911
11234818
14562036
8459264
7974899
16451963
18569796
10611994
12474587
16383072
12383695
18831288
13618542
7936199
8223577
15928511
19024881
8771936
15756439
16602390
8424208
10517978
14671240
10143712
14445392
15198198
11794485
9024140
11765828
16104204
11901628
17945462
6395790
18010655
9543967
15071721
14657559
13455598
15589576
18057976
11408618
10903587
8216611
11812541
12182408
15643300
8614395
10261713
15105799
16371020
9754502
8013611
6090141
11796709
10761129
14840206
18220214
16348305
16279706
10493107
12934162
8023680
8437602
5836601
17243417
17596095
14803469
11880164
19085808
7196293
4098370
5411530
13164314
10799454
17520554
16469964
17877426
7526349
16404788
10222935
19542364
13608922
8921474
17573855
11479673
13435837
14628433
6730256
16431028
10547921
15979903
11384856
15272270
17961581
17507398
9091158
15313817
17578620
8456086
4501336
13606360
6413584
15794195
11880760
3380832
15034060
6288404
12744757
13783021
9489468
13562467
18080849
18102604
17032819
12057408
6451611
12466328
13853932
15307301
5308644
12703128
14529096
7760412
14604685
17777336
18991304
10761100
11484724
10003023
16508261
17333392
18366910
15300632
18522069
17305093
15674003
12558929
8531507
17296690
14009868
8629183
13137373
14965901
8000440
17765452
12690796
19460180
19696897
12300044
9985799
19478372
12954018
9540455
14213725
8751756
15934466
16839611
16138310
16115561
7240654
12332704
18423116
10168057
17627853
15255135
14942811
7492725
13228384
17771076
16161296
17655039
10537966
17059150
9317172
5910854
18545661
17852605
8170170
12101400
10801619
17154773
17406158
12641490
18371265
8032423
19081105
18190437
13579883
15193624
12561578
18271767
11422350
18796344
16504839
16996120
11199117
16551080
5342236
18487570
15906957
16981959
8001560
15661302
9101753
10321024
6920703
10461944
18347902
13761470
14464040
15681630
14050453
13761655
12216293
13107337
5885669
15800835
13094800
17737994
8238217
14348764
9428576
11437467
9878820
14867046
15332122
13585916
17400947
13093863
18310808
16170614
8821379
12043176
15649668
11613126
11128895
9822816
15721722
10611674
12617938
12058846
13327694
14758841
14595709
17259367
15872527
16755715
11745377
11721075
16474879
15116063
10480689
8040980
11572196
10644972
16382617
17938963
13364480
17883636
13118635
19826529
8972298
15107946
16859952
8581468
15868132
18291690
14612762
5379227
10006685
8322003
7990187
9604914
10539000
11570517
14151478
11536811
15265407
14783723
14205107
14089081
11100798
13341431
5946708
9052942
15623899
15359194
18879040
5590675
10808008
8429846
9071875
13915624
14850187
10488037
14787198
18897704
16028000
15690556
18812680
9016350
15472129
12642868
15831470
12946527
16985987
12801554
15149670
14064255
11399954
16281008
18001636
11056589
15415233
10552801
15057171
18097435
16852641
18090917
10456367
16386413
16356127
16688577
9357822
7610279
17747430
12490041
10796324
16346038
15322410
10146347
15787303
18385430
4840045
2474606
19492374
12469462
19285375
12967049
5044513
15385530
13438970
16152489
16415325
13712749
12947080
11321027
13216745
15600779
19078746
10441521
16736958
12762695
9279586
17922986
15642099
14740979
15236269
15826534
6720057
16530245
15538698
9638892
10630527
17861308
9414074
11729716
18077223
12865314
16282229
17436618
9420310
9373291
10728261
11352449
13450097
13877863
15908252
15367259
12076235
9821471
8781356
19223044
9050989
17948895
11305733
12209849
12911167
14010925
18023918
18313792
16718105
10482331
6995670
13745189
11849512
10016741
17468586
16518639
16740466
14490886
10071206
17493400
16499692
9005228
16237724
16093266
8929155
19110210
9827460
17291848
9945759
12174403
11761907
12281304
13461863
18177582
17067704
10518184
13541242
16067932
12907957
12681252
18536004
13618432
15723973
15317226
12098323
12645654
13262403
15105507
13584731
16032643
14917661
15847431
18188832
16446870
18758043
17709376
17520588
14243609
10707638
17577449
15414467
13247553
7508431
13583460
18543525
12498264
15530902
7924352
9664525
14612933
8505704
14258370
15520704
16082891
15403582
11934841
9822531
8198268
10513388
2826198
11071541
10095910
17465100
7958314
9956987
10212081
12944468
17211160
14158714
16179657
18219604
18572002
10789863
18366205
9467393
8289556
15866178
14566629
10374853
18570418
14876842
12760751
16173024
14564052
14560081
16909262
6957132
15968911
11339893
17919205
13793568
16970325
10083936
11565631
12840795
13102803
9598456
7690970
8086093
14984697
13012619
16286933
12526240
18436235
15327509
11658048
4682294
11885594
13147670
11854855
18247011
15532769
18192681
16050277
9372542
5164995
14390115
15918258
15723345
9240989
10868264
14678290
18100858
13454759
10437567
14809045
17345215
11442530
11121654
14363487
17061755
17335461
10376678
10914220
7184514
18493211
16305439
8594403
9503261
18587074
11950152
16517282
12507202
8159360
14963520
14678673
13782984
15770341
14431173
12134251
7009540
12162874
19816824
10898445
12102172
7230255
17946469
14855274
14900230
18024776
12428851
9624776
16450954
12475559
16141756
12927283
16513636
12692095
16079235
8752419
12619728
14461546
13092464
17840419
16652956
18501342
13921786
17877568
12855729
14663651
18276545
12236258
13694431
12408916
12928887
16747038
14539465
10363434
14623461
15445221
14330140
15954557
11881028
15033255
16593406
13976845
18352709
12786744
12299589
13137801
11282553
8369918
10169495
15739945
16730444
13778060
15040203
15924102
7254951
14024366
12683746
17705354
10717179
16398412
17828109
19100698
13565768
15760450
16750090
14808015
12477859
8922798
7590616
16316080
18290569
11988450
13103942
5216010
13602551
12295538
11605391
15264867
14087184
14097560
13965816
18995998
9984418
15330104
8178105
17058068
13075104
17811644
15237201
10659239
13341470
15578625
14396964
16860909
15252777
17706882
5991477
19353352
8842923
8074299
14297843
12428742
18164580
13425470
10881965
15651758
10126995
17649193
15904078
16623341
15174475
10938566
14543971
13413329
14514491
4937977
11379776
14785872
14752819
10881117
18902698
17428723
14796486
13723941
14832667
8436704
12058237
16298637
15270669
13131093
12734925
14299710
17591936
15751682
16049081
11229024
14175700
12100623
8784910
7508018
15039346
10061410
16272732
15686868
8935103
17549052
7696433
12402251
6715966
18210481
12571828
17378854
13517428
14533260
14037059
18983686
7630421
17563176
17510280
12357897
11652289
11480041
8728386
10787607
13752538
19145523
10178753
15359833
8523446
14721993
13872443
16390126
9715834
8817291
16258960
14696177
17901846
12866081
10829652
16640935
14248298
14628778
16960869
7741959
11207377
19011679
15992682
15411862
7874700
16000686
18666042
14248769
8976858
14709114
11380592
11954791
13966186
18328832
14521388
11950464
11576805
16999990
13994420
10938789
13197828
16293143
9466635
14451134
9485530
9605946
18546956
13946863
13318913
4968314
17133366
17428537
12703085
15918628
16341423
8251512
16356253
12363215
9733665
17990397
13786582
16284379
9374262
6497511
16562875
14571334
5850549
17615295
15677302
11876070
16134238
6360574
14277956
17711233
14650063
10644216
10985665
17719248
5296360
5326018
11288462
15499786
8805778
7300434
8450905
11581066
11915115
12160300
15648493
15008905
12933072
7077456
13590675
6888053
5472852
16047730
18343814
15470733
10791071
11394700
11238674
11026821
16810928
16959590
15653549
12017594
15408475
13375488
16810799
11095154
15992822
11912718
9374821
12223871
11206562
15539553
14847424
12901858
10724814
17189629
14816779
8456481
10631055
11017430
12954379
13136262
11788374
3764826
16837067
8183580
13014891
19641540
13574625
13945333
15793928
11634322
8775707
18874319
7743843
18339571
11388518
9490602
16544382
10685258
10116050
12782485
14510497
14737889
12519534
14108136
8462104
9435783
15095515
9471976
18895498
17880168
12800795
12357414
13223992
14992329
13662585
12994798
7251613
15759408
17797678
12766395
13896471
12928397
16016926
5686988
19037071
14654635
12122328
10581455
17693097
14570190
14786468
10741983
17230754
11341076
12821614
7317714
6467747
11661123
15958826
17784129
9621824
11840230
12668639
17211624
14606728
12798796
14429021
19150238
15612613
14047442
6234663
5904617
17716003
6457911
15610844
11997793
14583447
15200777
12199673
17926318
13942669
10952349
10833738
16646389
13848311
13451594
14804784
10829453
16850938
11061768
17288666
11644385
12730733
13768810
10880703
14670229
13513277
15754439
12684459
12384922
17209390
11669494
7826338
13926418
12436279
12258860
16107129
13543821
13762640
15147470
16051479
14702443
16355411
10569676
15939298
17997197
8696295
17051925
16110774
9932718
16644769
14252468
13467322
12894844
17492632
15394288
16291798
12119188
16317621
9904803
12092280
9305206
17754538
11541898
10677687
14185781
19662450
15822642
9178123
11280544
8204492
8074750
14214430
18203037
10693768
15772858
15330847
18533806
17870463
6096599
17533796
14796029
15702434
17829800
15620085
6900189
11622974
18407069
14983484
15226947
17363818
10596950
17613811
15216719
9152137
10913828
14588327
9837885
15768572
18638195
7833995
7780597
16875492
11341038
13730559
16618146
15507161
10963705
14924391
17681686
13614235
15309682
15644058
19050527
14135104
18111234
16248539
15224133
10509343
15239933
15171791
16201426
15257836
11825481
7729292
19290140
11463076
4763715
8128693
13451799
15420471
17023132
11479615
18739198
6977764
14470418
17254108
10918378
12063364
9801183
16324293
4220562
19149254
14340832
13434337
10698941
17360685
7585499
11344464
10664551
17034676
15435051
19252180
17668099
8030415
14228294
14762950
16239531
16131902
14727646
5389638
10861831
11559800
12963176
13308929
15799353
16603344
16679981
16376124
11550564
14806920
19192077
12463585
12349713
7309988
10051839
8116126
8787821
11229676
13215270
17974021
11706793
13302165
13729419
11107168
12235315
17876417
18127518
11102468
12359173
13066934
10449547
9153550
15073243
14804384
9195278
17836464
13858456
14262331
9184109
13510814
16984439
18941204
10314529
15283862
12565867
11868018
17198810
15637607
15398914
12354500
16525009
14490502
11589402
17022759
8782286
14814872
12610911
14833754
18785301
18091881
6939561
5211590
10743835
14649895
13491855
7322026
17215814
9481458
8508455
16688552
19812424
10368493
11033676
14522917
15081519
8554063
17367904
9908632
11601413
16613719
12233432
4335725
17363223
10472729
15023320
2825132
11115205
15969956
18038616
7939649
11994387
15902170
13563919
13072129
14394967
17293225
12303805
18565289
7924113
18624172
14293964
15978202
8330776
11765638
12845131
13350006
14861016
19333293
13699444
15695366
14649280
13739642
13597214
16674101
13835582
15891939
12111974
15570539
10202036
8903046
18361354
14422080
17345671
18699922
11120982
18991723
16711556
16407508
17775844
12975616
15380897
5818579
14428286
8457068
15299049
17258836
11760848
16580754
8848973
7452322
12689368
9351590
18205686
18615365
13654417
13605780
14584608
12210442
9488140
16915818
12361708
4958377
15838646
9238989
12725628
12797761
10870399
10123819
15377468
11325714
15296637
9027612
10338926
17236175
17739735
17163954
12133991
8561980
13926729
12509805
11632495
13686214
12445605
11672303
19355505
12508446
12523562
13998988
16007738
15693248
13709008
10250759
14284797
19395324
14505140
16466895
15476529
16350759
13616523
7424761
10115028
12592743
10227572
10819590
18027467
15522281
14979508
16145064
16036892
18999124
9764302
18559045
18246231
16674072
13627046
10746207
14184498
9684551
16199289
12349186
18257355
7922507
6010662
3278782
17528496
7749881
19462544
11675648
8163755
7015862
6609444
18420104
14160083
16068111
17364084
19866455
12688639
14644896
8641113
6349813
7333731
10710616
7870068
12901425
16679420
12186486
11113247
15723891
13268159
9360314
13079838
6090323
13053268
14647891
14457550
18047632
14683150
5496917
15363943
10227545
13508456
13754104
14718813
9394542
12013664
7835950
14602538
12678261
9757512
13061306
16611152
12476874
9931777
13763777
10797784
13053813
8915575
13203174
8009236
16792560
16281366
10023057
19955837
11971539
14833088
16917652
17551966
12550507
16288249
13504664
16789818
16126071
17470361
16485322
17624911
14508139
18606177
11772784
9405529
11393951
14455816
9994865
15852119
14565496
15915306
16508219
8659226
7717265
10939378
11792326
14289852
16234922
12622625
14909411
17967177
17367813
14792354
11404888
13053931
16890661
11377102
12816066
16572068
8358716
15237012
15644926
18490272
18983443
15571149
10326342
18564746
15955256
7051499
12893955
7754433
5855620
12668050
14440540
2566335
11951847
14846477
16405160
17471630
10962379
12715406
16548905
11804134
15370153
16681445
16219921
14747489
11685213
14424541
15203702
17704187
11190873
18135392
15468854
15374079
16912631
16445877
12359313
5566053
16337308
9553543
18020999
17006269
16609854
16779964
16295223
9952985
13628653
16976223
12009155
11186930
9562147
17999302
13986856
9581383
14810855
12810028
7194049
13526729
10186650
10281497
18615184
17188314
8341106
16192673
7893983
9827095
7128829
13467446
7101782
9038555
13121033
8498767
14083022
14377148
9787533
14526269
18597973
12187686
14525615
7766609
15988698
15983306
9617847
12815688
15873818
9605255
14086883
16381348
11174023
18426339
10613738
10198265
11566175
11726791
14946829
8370623
10227127
11516288
14423249
10140094
5463493
13175518
16229223
10256078
16639986
15541353
14750424
15277987
13483226
8630351
14780331
14362865
17141205
16958800
12954550
18496309
14103105
12014413
12833808
14755012
16919462
10979528
15257844
9688762
15595396
15586723
15631680
10999502
18126580
14237346
7059292
14891930
14760941
11453507
11046723
15508996
9068305
19021389
13555540
17224192
16194075
15248040
14139949
5809450
17942861
18361729
9783757
8287885
10330767
13406368
16675844
17519836
16710025
15507255
2606161
13264090
11420707
13633519
13075145
16126660
12047253
13327847
14768593
14472919
16858233
14847057
15711957
17329738
12402909
13425347
13575429
13300612
13144677
12005478
14263802
7751721
13489580
17341271
10092854
12932744
8379727
14197122
11510867
13674167
8859921
16435157
15230075
15906907
11256066
13732384
9890091
16620364
8617302
16363601
17427385
15615032
13934828
11343377
8836522
16467985
12693701
17810400
12081471
11427336
13972963
18741312
16805713
16363683
12173988
9846092
13226141
12274136
18845830
10977440
18171280
9211839
16646380
15626923
13852619
18920583
17196545
11434727
15896216
14453904
12038789
16760888
14826786
12064769
12012484
16742760
11068252
14084362
16283788
11812158
14521318
8983765
15677355
16635805
5252600
10843461
17165458
15808995
11553517
17510890
15722292
14107252
5246047
13987588
8093071
9847003
10174657
7217447
17166745
9825709
11834294
14202476
14713285
11659721
13509511
8663833
15713718
10569623
10740682
10432570
17079370
10637357
10895925
14446571
7877586
15434767
13547229
13992865
9206581
14229501
14254243
12418036
14712234
11519563
7574054
11532931
15798905
13662685
19453195
18595278
13688727
9407160
18515607
15325198
12903165
5352528
10782639
9808055
13953015
13786377
9386875
13018454
14476406
10536791
14831102
12937981
2410306
9056939
10689171
7305245
11219594
3658007
13961738
10988619
18642763
13692551
16012200
8802240
15502735
11127163
12281553
15136260
10325885
8188951
15922573
13635782
15989217
18304957
7794146
13466642
17017472
17882141
11007977
8659336
12486160
7462083
11868164
14619142
10783572
16632367
14915672
16183161
10370612
16519916
12324781
9389183
6577590
15439719
15312664
12007538
8917073
15070311
18515813
10997702
5731248
17289009
12444935
16359891
8830540
7798274
13290598
15180956
17072421
8935780
17349345
13558299
13973141
16957111
9044164
11465632
11818072
16232542
17202076
7153199
17440494
11523946
16775452
10298792
14765517
7708685
14269674
6348221
10491747
4512809
7916432
12268261
12922615
12717498
16228687
12128649
16096449
16043728
16044689
16223983
12696948
13016510
10537850
10390871
11594750
11464665
17358446
9734504
12017435
14457254
16512083
10400679
7725573
16335876
14944308
15526250
13284977
15218318
16242434
14067851
15258155
10983555
14099930
12500433
15619759
14312676
16835802
16227461
11616021
11362039
14605801
18781275
12229222
15835077
13066047
15447071
11029752
18221268
15038526
17636249
16058279
9765269
17993893
14764204
14031669
13904120
13252477
14561293
14689439
8990980
11172056
10292271
13119092
16030863
15739891
18412194
13530181
9437141
14942102
5337755
9063731
7098577
16223907
19041429
18271265
19516779
10776892
6244854
6250954
15001810
12314858
16413317
8466389
13805228
16968875
15137521
17600682
15909659
17635377
15744382
16263168
17567061
11066761
15102351
16995672
15193389
13610502
17294701
7687544
9875937
19685760
9742714
16413928
9219323
11937068
11374747
12748237
8213044
8670962
13714183
14575960
12990032
11079325
8578446
13131171
11536032
7650939
12817311
15949243
5286858
15372725
12456899
14317323
7039507
16284770
16791609
19607530
12501255
13172555
15954714
15074082
18675330
11794196
11199136
13913649
8760183
9733929
14764907
16262425
8044996
18304018
15833117
8899472
4521913
17541500
11681254
12796834
10798329
9822863
11013519
9299689
10642372
6105314
5484746
19228797
11791571
15421911
6372756
12613387
12080473
11241953
18445091
15274636
15050110
12674151
13588416
14088866
15307959
12439300
11806438
11686071
13476852
18545896
13962947
18091849
9716560
10087135
16618520
17461660
13963457
14148838
18111312
14504560
9689010
11040103
8995530
4952368
16002545
13072289
15018413
19182756
16402270
13505162
13591561
8883184
11937897
6873291
16570505
7589280
10994231
19153051
7037405
14801772
14267311
8494406
8408855
16046246
16016726
11769120
12573444
10857218
16031577
9848965
9244460
12244311
14934083
17501741
9886244
18210844
17669534
9109537
15807458
10717222
17831330
13800821
16767540
13858220
13649295
11236852
18963235
16405787
13390626
17193766
12890167
14494577
19198479
8601301
18765342
17207280
14283394
15356027
14926470
16985922
14237268
13573510
14622372
17415757
16691994
16545350
16999875
14127497
14609894
12916717
14163388
9497574
18293255
11542283
4903870
12783075
12525940
17267734
10257919
10437775
10735971
13192846
12544111
10984449
17299973
15259923
14194331
10558040
12586640
9320366
17058659
16784953
13802942
9974147
16571363
10695114
13014168
12209896
12235988
14016195
12069982
12058967
9911560
11578106
16977997
15495569
12886896
14894429
9766112
12970168
9971032
15155062
14414091
12954154
14514269
9240887
10241572
17265345
13601552
14449664
14891396
12016545
11074156
7269126
14711378
8104921
13204798
15646017
13798747
18379627
12155107
17508762
16500902
10978171
5985558
11609604
16649984
16944157
18701572
8541157
16728987
7362257
8670785
18344811
17428915
14833192
13417240
8168284
14084666
13544378
12347072
15026743
11133033
19627417
10947446
3525833
17533290
11361997
7536768
14697347
18074111
15985221
14741465
8101479
13885550
15315617
15985151
10731419
18053098
6897910
2765896
11611723
12186983
9367737
14657293
16478348
5693630
14833065
10676280
13658225
15996855
12554126
10762778
14831887
13132229
17490151
16606580
9646083
15658660
17447451
11665303
8663962
11409685
11778077
14448982
14688151
9747120
4842288
12576442
19159519
15784154
16172538
11533315
12656592
16664180
17804267
17201238
12206274
17791352
16422773
12534746
17329513
14671047
15765761
12407018
13453662
11034858
13157226
5340388
12710285
11418118
15495145
13073670
15012069
12712931
17659898
11097721
14930739
18181630
15678074
16369021
7702014
10457179
13221844
12202649
15605309
5188920
14012557
10836947
14124489
12768392
18303431
18023946
10761855
6610162
8698896
15136300
15231102
14616129
11698897
12478909
19775679
16560906
8785570
16743083
16448787
17030360
12569298
16585016
14352241
7953485
4737969
15422985
15938256
13538200
13296731
14070920
16595358
17735416
11366152
12894445
13054402
19691149
11176695
7129112
6579813
17004967
10606146
17849464
19058991
7913092
14994928
18521141
16986102
14713386
9469418
12227038
16235630
11036966
11408687
14349520
5065084
12866926
8937551
16285527
13874460
11328116
16471876
13706518
17191445
14928508
15804598
7701751
17826502
18797277
13714479
11477841
10026423
17932245
11272915
10437456
17645682
12741747
9558005
12180826
11683189
14367013
9935465
13750966
15776627
19503669
17197222
13803352
16136111
7771666
18017213
17215429
11180962
17607743
15379190
15157058
6322026
10527311
17665782
10868880
8662715
12204970
15432760
13288003
9007798
18165670
12262963
8736188
13137895
15477091
13650243
4722105
15906299
9046142
11298964
13340688
14654103
17230402
12227932
12552355
13381576
14934472
9761860
10390437
11864921
13563196
15023344
18363706
12288192
6921895
10304594
11856583
17376957
14425534
7537108
14315935
12891920
14581354
13484279
11146894
19051919
14903468
17950441
16371928
5259983
15499543
12924305
14466023
13933579
17873586
16171354
14911171
16361289
15545295
13794090
16483178
10645671
19027637
17539931
18985014
8328017
17851438
15543913
18961654
15357045
11007322
10893046
14191114
19490612
15432383
11332163
11354331
7154502
13859064
15028258
14752553
18265100
15820388
11487571
12314832
15746893
6433631
9995631
19307989
14360069
14019748
13449052
17328622
16620392
12271917
8356171
19537872
9258292
8277594
11411311
10910251
13566530
4301057
13013933
17369515
4041425
15356265
18229740
10528658
7334194
9559178
18197835
18481431
16941540
19308459
13251524
15666848
11700773
13883802
13562222
7414043
10138686
6614668
18806919
10142014
10671110
18394267
6799440
17642790
8093109
10666222
16635060
18194244
14505572
17977261
13593233
9873450
16695731
15789144
17524881
12078623
19026640
9752528
11249768
17324813
10782318
12287875
8639239
10379710
12001205
16291467
10424643
16364233
7323875
16546732
17071692
10381601
9235609
16916367
13112156
16444037
11071514
13621181
16796570
11567948
13464066
11452852
14321577
9419678
14471264
13949164
10676043
18890666
13101895
17380088
13214698
16604146
16405224
13077514
13634527
12831874
12783999
11072209
7345560
15624281
13411469
9653371
14350957
16084179
13361281
14122596
8875615
15009081
10512862
15968242
9491087
6105669
7984863
8946822
17478830
5421174
17906770
18295881
8522340
10897592
15693519
15108299
11146186
13554126
12285295
13905452
5506005
13219966
9106404
17052342
14852328
13128453
13278864
5727733
8829279
15149272
6564148
13035439
18613705
8248968
10893129
13115618
10777503
7645478
15027513
5511853
13367934
16872248
12294414
12615322
18054506
13122566
7887648
16016083
18060776
8146277
12913584
10237701
18713822
17228252
12294245
16784460
17952199
9716414
17267650
15844253
10986762
12288524
14683312
13345594
15288089
11565108
4652990
14235592
14027609
13107931
16135037
17755432
10570310
14811660
14907281
17566280
13705576
12712728
10802398
15041733
6531585
17923654
7313902
14960890
4247084
13578338
5835669
5174073
17285377
15362431
14523567
15189544
16834716
14501629
16438535
10638242
15098387
9428583
13663707
16550040
13799483
8420482
14121108
11421297
15282617
13968659
12213096
13507697
11504398
18261712
14206535
15452939
11031129
13551623
13730892
4376463
16283656
12386536
7350151
12701574
13093969
18185851
13335618
18608347
9644001
12588709
10126006
17451979
6528664
13836010
9321670
17262467
18643348
8884454
7169711
14581990
15388093
17152422
15100871
11181223
16492744
17545129
8311238
8634924
16458520
17235257
10093690
14272098
19223652
17210738
16885657
11041058
16348461
14873820
15866119
9372147
10236600
13775004
17558751
5122828
15418331
13897873
16196600
13270555
15000966
13215902
17560296
14553522
18461265
19696378
12796860
13591038
13902702
13751352
9909573
6969551
15970717
6400746
14594950
9487595
14932664
13990863
6608481
16005331
17885318
15583078
6823992
8677517
12994355
10934150
15984243
10456259
12997686
12691095
14726056
12175973
16581935
16388103
12263686
13251582
16393218
13933146
13605164
16807521
17868478
14657967
11757312
15588317
13709572
10765524
13017310
12790613
18271279
9204976
14645020
13965023
14320272
17133931
14151321
19078099
12985857
17093884
18337415
15370485
11438052
17103926
5458342
11104599
11743846
6968274
12354955
10040778
13962173
11661219
8181389
8225407
14752630
14873862
11096088
10669173
16237530
10488922
11698148
13205730
10195551
14235644
7935244
13208041
5595131
17572020
17554452
9012300
16031383
13908572
8504132
10154636
11951406
16302005
11068018
11869487
8350087
12599547
18503560
9891160
9358627
11670491
7322161
7902956
15845668
14649146
13741545
10852762
16314381
12400115
5400668
16434719
18272838
9348317
3449475
18967659
9666729
10584700
16860277
11570390
15041429
17790886
13334661
17009805
9959628
15506202
15042522
17980434
10881910
9501132
16089810
14209048
14197620
10478130
16448797
15375600
12141031
15485992
15426082
4870620
12891240
17963487
11218637
16101150
16107443
15904635
8159560
13277314
10693737
16104989
12466652
6574424
15668230
10335145
