14194336
10949853
6028353
16355629
1947006
10259816
19650765
13688291
8102188
13108508
17574038
18886050
19165919
12471953
15772553
14942669
13095481
13093532
13459314
16491368
15509944
6074039
16188710
17388639
16202836
13325759
17779054
12846602
13033687
9763255
14563613
9737603
4285313
12690543
17826242
9734262
14737925
15993333
13249658
14157501
10321860
9536589
9179248
16053908
14225801
13698975
17802670
19569331
9143371
12176611
16629628
15952159
13584733
8281432
17734765
9497936
14926277
9377055
19033719
18232010
13474742
6467899
9440124
12647393
14657243
18193466
16862948
14749618
16638824
11985472
16616025
7807440
19431849
13335299
11415831
12426859
16496911
17298682
19205797
11242797
10172669
17808198
11406832
16732600
8565512
16200097
12019930
18254875
15373407
15677646
15455033
15981997
13456591
13865720
8680256
15815595
10494124
13295404
10551643
15230901
13085940
12812207
8217777
13859207
16434182
17515799
14403615
5733523
13746789
12603815
12546412
14850042
17207323
13272022
18677106
16377664
7916421
6603993
14186055
11749027
9608337
19379596
15483002
16060196
15191525
11878979
15688280
16997901
13529489
13534012
12857603
12663982
13831536
18053213
18518770
14734222
15391172
16765414
10763075
13459204
17860680
15689020
13789246
10959124
9998299
14567794
10201944
7031618
17068937
19041222
13886487
17357535
9854110
7680628
17939603
14506151
17992074
12997286
18745029
7620126
16001958
18682340
7576038
16223900
17509347
15509136
14387964
16153625
11081813
14758911
15060754
11125502
12881428
10200261
8545629
16904503
13714064
11219649
11655243
12179170
14618131
17175679
13459494
14457196
13103122
17116941
6629830
11275226
14417284
15289817
14258025
14274252
18072702
17349877
8958919
9043852
11194021
13944462
13701563
10426353
10710499
7958891
6201349
7465153
19300530
16067135
15276509
11806940
17835606
13855957
12233933
9581692
13736673
15339799
9203614
14951582
17988338
9836079
11545288
16499817
15203277
17918191
13940239
15192113
15485645
13105411
13204054
13448093
14598021
6994603
9978767
7683339
19571973
8346148
9122868
7525184
12653564
13382581
10739875
9199757
16630830
18514445
11298056
15806688
13329073
12899150
17180023
14688715
18057043
15565631
17397575
13631749
12575346
14651728
17338357
9427816
10049646
11816971
16870010
10516686
14085977
9054689
18761231
16842987
11620847
10606460
8265233
15735751
14195425
15264038
17060233
13938561
15766005
11824736
13853364
17759980
12461932
15206398
8217244
11597621
18231310
13770615
16774090
17437358
14417901
15643954
17893305
12995395
5501982
7726414
9507213
7141093
11025649
6158344
16709346
17253743
16759385
16737024
12037998
13521319
13766178
9067131
13553393
16724726
6187772
12445154
15016315
14878623
15139364
17413456
16528401
12536827
9083345
8066949
15910379
5159155
13199863
14889013
11579355
14977182
8185749
9903387
9187451
14896834
9526787
5240993
14107482
13302820
16331357
15732102
8336309
14536939
7403761
18757346
18438046
18570216
14550154
15844519
16179005
13480124
16985655
15820090
11766677
14222185
12431016
12330542
15271866
16937028
12705719
9644600
14891390
15055921
6450932
17604261
13342742
19597085
12276825
10619449
5408671
17564265
11327011
10393122
15216466
8239309
18312359
18423808
15449778
9934024
18852521
17117339
12512567
8624648
13791811
12905677
18187688
16128265
17358208
16995564
19093792
13756311
15859720
9977128
7745279
14728360
17788781
8171848
10044417
17721303
9833223
9927781
13269103
17935507
16911962
17351155
16402176
16295764
12442033
15448553
13108902
15615265
19253416
11775068
14807298
11157880
10323375
7175599
11673125
12311623
16904338
10953829
15154325
14613971
9589279
15958579
14730587
15108701
12955204
13219311
12348522
12238779
17861521
11114183
17454893
7146751
11468208
9753312
15653964
15141760
19057239
11141206
19287067
5009527
10095809
18965437
8389191
16457824
14188989
8113034
16393471
9164858
14022823
10852197
14574008
15588211
18363415
4735293
17336986
5580082
8925055
16103916
18461446
8710872
9025844
8132524
18639910
13877424
9315480
15594331
5143641
5902332
11787866
17725545
16747342
16137973
13230643
10572414
14480158
15055991
15701924
13334597
16684250
11608798
18685203
15809807
14816576
16907090
16515139
15026058
18447224
17180642
17621235
12488452
12725512
15285786
8883416
14979562
13088581
6588019
9440266
16032981
15017803
15181430
9393654
9333261
15936635
11806789
12462987
17211571
10377237
13836379
13848015
15854229
17074208
11655053
11897605
10364120
8284206
16241721
4275609
13099774
10709530
9720097
10321911
18018882
7735904
11790445
16022392
7785852
17251092
10510776
11407183
6809804
12271896
9423826
11229931
13063336
10814000
14625755
9427404
16335648
11434558
17110566
6885481
11971135
11927259
8536943
7772058
13843176
12285104
16743468
12653668
10973591
14967681
17300687
12709171
12804311
19551263
12787460
18316247
12116168
11329584
19076129
16160101
14478812
18710300
17431683
17770724
17057468
6247006
13466903
11549064
16960793
13823904
9509320
6463693
4457324
11726832
16514006
14082565
4686100
9074162
4988435
15267745
17272054
7374398
11223661
12184629
19302539
17366800
13226843
16117576
12050781
14485496
16679320
16108995
10444924
17909999
16171150
13475387
16627472
10319638
13378459
9873247
12179864
16561335
16382729
15196031
11592390
15603536
11626281
17197209
11013559
13812909
14647936
18333304
12140543
15373709
16371196
9084161
17195781
12175812
11230258
12565117
17183626
17921458
7319044
13554930
10002382
17922779
6453738
14128506
15396370
16545460
12639108
12571987
6149981
14725704
14565017
13306123
19067415
15517846
14324455
18372018
13800142
11648023
12041523
17579665
17626333
11520098
8995751
16726482
14691921
17084547
14270180
16888290
15090706
14458575
15581602
12753956
14694399
17137327
16907462
14785389
15766680
12441187
10601215
9685360
14857227
14830108
10286688
18167841
15242553
14186123
15681816
6622037
5902171
12247325
12108498
12921198
17144855
8947299
12389882
6165457
13441138
16617730
16951096
14772012
17420935
14714529
13364581
13737257
14010752
13443519
16251316
13462895
15279946
14531188
11200477
12886128
7748695
7466653
18156876
19021454
12269572
14814847
3613766
18666178
17689245
15120463
5644952
17402069
13563178
11472952
15924399
13081087
12013032
14077040
11037272
16354885
13598568
18701337
12366542
14715427
11283377
19355001
8179539
1952297
13072009
7596731
10364537
16501616
11809543
12014712
6646160
9676074
18645733
12983337
12688899
16057645
14649150
17956278
14494228
7022175
9081027
15458162
13779604
16586485
16444384
7257808
15350792
14522561
11280757
12099312
13269189
16009010
9947593
7733983
13775912
11868778
9152234
12341000
9749420
12951638
7821960
15074050
13071550
14057793
17192458
10827710
14836315
11414659
14519388
16506122
13911501
11531793
14036238
10215713
6927422
9064170
14684348
11915512
10697896
19069030
18974419
15808222
16927730
11887286
15150159
10737763
9379989
14287647
8951816
16743574
16947996
10539220
15649861
7842168
10895960
11939155
11634276
7608164
14980807
14054957
16272630
13142831
8607398
7396204
8923193
13997027
15498762
11891435
13125610
13159281
7741299
11750309
18606774
15796109
14894948
19525600
18789249
8807045
14136929
10389840
13557634
17311755
16518086
7600780
12108010
11804004
10746705
18292331
15440204
12114767
10964429
9494440
12264192
3255147
10906084
5968175
12015064
19420024
6693243
10579323
13433686
16732875
13268639
9825996
13348254
15347502
16689057
13480079
18043280
13379644
18231306
18124987
18450802
9867629
9589161
18063033
6123938
6046304
17254246
12406353
17486760
18762676
9089933
12904725
17995738
15357628
7137367
6370656
13760641
13359150
18197551
5493789
9439910
16999718
10515726
13832195
4212383
18594802
16501375
16503917
14853505
14893788
12375716
17293599
13909293
9740002
18820457
18680566
10157671
9279248
13891111
10075189
12795412
10746676
7906090
16348679
16281336
6310665
16520062
17493737
12455910
14704025
16342149
13281384
11329312
9143819
4648799
7132264
16800244
12598164
5696301
14167637
16380668
4913219
13075655
11898778
9955221
5811211
13085792
13191142
11906699
7386222
7656222
14413677
17998447
11336182
16513059
18348253
16575857
15023103
16709268
12961446
14554779
14625250
16187178
15554974
17593004
13559035
14862777
11813646
15308584
16698742
15218533
13278900
13994075
15796205
18207636
17353031
12557849
17057799
18979690
12844608
13531132
17857681
11527502
15249530
14341638
14474869
9839892
15705172
16196229
9031573
17635277
16919986
6855814
13354179
14922588
13720666
8580646
17191709
13029106
8180278
15114345
11929226
15043445
9439757
15621146
17454160
17060580
14252824
11650687
17209158
17192574
15043621
17383708
9699015
14083222
18446101
13172668
8714577
14097765
11341353
12753673
19368933
9097086
17574205
15806289
14778875
7881038
3802876
16536534
11101111
14696942
16536683
16113879
12959980
12071493
8792403
14141002
10508116
16833983
8926915
17108664
16841475
19703155
13151712
14146928
18842954
6333530
9228723
8255097
10370469
8754275
18080678
15768830
12227078
18890422
15943231
17022622
8972376
7941666
18034796
14119518
14745060
13220677
18102768
18804468
13920130
10787670
18246473
9097404
5685384
7456744
14479566
13025412
6785741
16312156
15575226
4816054
5928111
15398458
13779314
14001558
16328528
17882301
11033519
11606372
15169899
16075316
10363329
15682955
8720472
8691020
9295925
18185498
10243348
9219166
13269502
18874384
14286223
14510571
9975686
10929224
18548813
13476399
15075924
16760674
11769836
17822358
15534859
15905453
15946798
14011908
18899878
11058043
8574996
12134515
14870766
8244536
7575532
12289356
19395731
15881133
19125270
12811572
8230708
7446708
9087846
15735286
15511372
19921743
16700344
14767600
9450163
12014636
6787472
10071597
9562618
12989248
17503317
15812927
16409985
13129881
12228777
15518657
12464515
16776199
9797872
8297196
7679515
15602152
12780819
13001332
17374615
14702868
15888141
16033991
13116092
7903730
13997154
18094542
17184086
13824976
8801991
9371345
15267871
12527298
13437925
15574861
6380667
14924305
13061705
16240095
17428089
16739406
17449623
14288338
13584139
10937147
13860528
10756285
16376764
8359461
14944380
16636735
12539737
12356275
17938236
11427982
15026246
13797691
15986186
12703729
16487603
14076922
13981021
19087070
7312702
13480510
15600353
7557032
14129585
17050461
13753961
15404977
8573841
17501930
18164326
11061831
14493268
13196011
10004723
16862337
10726093
16764339
7754768
15518383
16122217
18033647
16350355
12193898
15115384
15332730
14410156
13507057
16305090
16292730
11901710
17007992
15017868
18193908
9719023
8473730
11935481
13832846
9617331
10360946
15206387
11854791
16515154
12840244
14803315
11396870
11297431
8983550
16113627
17414825
15780167
9505662
11091886
10112067
12010654
17897837
17426820
18109747
6754918
15200604
12822486
10586072
12182590
5846275
16260979
18712728
17589816
18027176
11594267
18518266
16435400
16871348
13486796
17680847
13309971
6215892
10599695
14088354
12089267
13808090
15539493
8935592
19548041
18553792
14818591
15737387
12470856
5427292
12649292
16188027
11520706
13279902
16872633
11807061
9604684
13112719
8200292
14814822
16987883
15446910
9032987
14336512
18745271
14283194
8744618
14585511
17044857
5930766
13387404
17198582
8998696
17335396
8620316
9457853
15719266
14218931
11776256
12004265
13405753
12967027
13686601
11154819
14132340
16056946
10044089
10552612
10978010
14670145
13185984
16667393
7688925
13966788
7465691
9076501
17094802
15912384
19923986
17876408
8591113
19277515
7137815
19571210
17493953
13831775
18640159
13465451
17798451
9214669
12306889
14335792
14467799
14755111
17641952
12931592
8801798
17848463
13555115
17740245
11596646
18522130
18970001
12824740
15182557
13716593
15258366
10323291
8565546
6450204
17370059
16267826
16155745
17471837
7485775
11667462
9970636
7159320
16311244
17480013
18093979
18462482
15592737
8559881
12641352
13715682
15770229
12822990
12967773
13827411
1568924
15143206
18108443
16301121
12169641
14364411
9580735
12108908
18233366
15077010
7200347
13161652
14830406
14400930
16483663
10987234
9976280
11575515
12319739
10117903
10501501
16474902
17441073
10321432
15304947
15553716
8872166
11111181
18097647
16642547
13193739
16818886
12674284
18174936
18924773
16914868
12487044
16245848
16380800
13590687
8117498
9567077
15308091
18371210
14051360
15870199
7877421
19030566
6893790
14147906
6574422
10109182
14402883
16383535
10828349
9805696
12880573
4181030
17126663
16969386
17960085
15246458
14183401
13624352
16800613
14510498
15413971
7651534
7613159
7299270
12750675
12899995
8998457
15274797
18357768
14044992
11245122
15236497
12343101
15414009
13733974
14078546
18165005
11233599
18043868
13232050
16905579
17055774
13389410
11447417
7210833
16620168
14302201
14794364
17007710
16275196
12084299
19541564
12983000
11494794
18063457
16893351
10474779
18005322
15679606
16481123
14784633
11174237
15626504
18580673
14211361
14420822
12270618
17717065
11410207
7650303
15870876
14564295
7337965
14822121
17369405
14372106
11829048
16074644
13430088
13676646
19626929
15708701
12123476
17328613
15874646
17000772
12623527
12766330
10607061
13595386
5488755
13361538
19174727
18003281
13488557
14400841
18436961
18195201
15456620
13702367
13863755
9524093
16858444
6967151
14661127
9705371
19249752
15123729
10741059
8578840
10965442
13468538
9597114
12766776
8598249
16388779
13445184
18091023
12624300
7022940
9022147
7020840
14961151
12469243
17856661
10726845
10989297
11305176
15224827
11341162
14805833
16413081
12513175
14869054
12955524
16689572
15932278
15314307
12228275
16481953
12313461
16823493
15901422
16741023
13604394
12437616
8403817
7647130
17814382
12492192
9968364
8312600
12371066
7611629
12296752
11138665
14815436
2945663
19238619
7264274
14078820
15974353
14879186
13112917
17131081
14159098
16867802
8083077
14281061
17323502
12385645
18869877
16104842
17336116
9501984
19890393
12654844
7350539
8701439
14900042
17732010
10735449
11096271
14376772
10548776
11462204
15006676
9575332
7589153
10489863
9669761
13813718
11901427
11196308
11857464
9769560
4173528
10490572
18100011
13189119
9008558
13752326
17852592
17903466
16373533
18203998
14759128
10381512
18661905
16356493
4275580
6867432
17567920
17193057
15934567
16552408
10632161
8609170
10662322
15405785
16366163
18122139
14946162
12405718
9511969
17059764
4312251
13335876
15989966
18612711
11774829
11944141
14742088
17221982
15883378
9561127
15061076
13336147
17302294
14256046
12030925
14663107
17012561
10019574
12503795
13922443
13332170
10862125
13373693
14830454
8410715
14507434
13758162
15907575
14281622
13214046
10950951
3876519
12518165
19000460
10747504
16590673
18451216
8871842
3627733
11285612
10277681
4940142
19479580
7809468
17534603
16144836
14667561
15643690
8258682
6998771
15652346
12916441
16456306
13708430
13190465
16514048
9448756
14889151
10556993
7779288
14923012
8934964
18406678
14531077
14007901
10464609
10257418
9070462
15110045
10624349
11035621
14335392
8927635
14177586
16743994
19278497
5795103
17507231
12544513
18669342
16742098
10694082
14665003
14624612
11303303
15380438
12183520
11133478
12448109
13071643
15463298
9040707
12580981
10154615
17469606
6384761
6492465
13106045
19823449
14441562
12429360
6874920
9334504
15833836
14205609
15065979
13241692
9632183
5257929
11573536
13871387
13094025
14992331
12666832
18496972
15672227
12779094
15434393
16552205
17730222
9817411
15294944
18680819
8083147
8121655
15544497
16426655
10745907
16212272
16473797
17770056
12588823
16559444
7167998
19329605
12511285
16610244
10197967
16082180
10926835
12064694
14698258
13749011
5871911
7516554
12446851
14631979
17752479
3557616
15183977
9196641
9576647
17068387
14546566
9321683
13858347
15181483
12317056
7334857
7670854
11742908
9376156
10274258
11207701
11639543
6292579
14365936
15130591
12690730
12693761
10047581
8570569
14780362
12123024
17326191
12959301
10034247
14211855
10093072
11847020
17556584
16037234
16998007
10035603
17735877
18162387
16501045
13562314
17126780
17970025
12097112
6751817
15352109
13466558
16614345
17517295
15037652
8684824
17012651
18694242
16730296
12643894
10044504
9250381
14268086
18669448
15346752
10778595
10160069
13633280
13368799
10372710
19172528
13833316
6924640
7944894
18350526
14440830
13827315
18244998
11815856
11817643
12737559
13672848
12697078
10039465
13791720
13818134
14940026
11651059
15935070
17218930
15580706
14708209
5014302
14296078
15603807
6390373
18195255
6420803
6884186
12846106
11642521
9783321
14331004
17852898
16351107
8680136
10453875
12687710
6852398
11507002
18022712
8726253
16557532
11343611
15993789
17263626
14579876
11781838
14859907
17504525
16451954
4371351
17085156
9300304
9705557
13359958
15773253
11602740
15901062
4608407
13667719
12391984
15012939
16767732
12370694
18435313
15672703
11170312
16516300
14948613
12447573
14836278
11977588
10708671
14938539
11191285
9778653
7639273
13538948
16857634
15613134
8586292
15063734
10528943
18527040
12118694
4792789
11434295
13812653
12508746
18187118
18010817
11728391
12832175
13633615
7253372
15757371
16075208
9649149
15392470
18156030
14254996
12705872
17852944
13156688
9678657
5185849
16685347
18416654
14157185
13736208
11762811
9735406
13870910
11393782
18398977
17043833
10091993
18476163
14401677
9070587
17204914
15148259
13493103
17996806
10761926
11055608
16149012
7210611
17651178
14338876
15272587
15149705
16045187
16472864
7658620
11452162
12630218
11228212
12008570
16330055
18861747
5225645
18629120
17974465
17001079
8158994
13592050
7099917
11897992
11879343
15975163
14875289
11034553
19259403
13494759
12441471
12891394
8176734
13036194
13685450
11643850
16846644
12373105
5562714
17263140
16269075
11840980
16694751
17211352
12748456
7203902
9682227
10683855
6133259
15308661
18751692
19033577
19174053
11579607
13296710
11962379
15530452
12569318
17773665
15376166
13769044
14624740
12878826
8890325
10674613
15754500
11158720
15257004
11177505
8957623
16882981
15612720
18301497
9198446
13602108
17335218
11715123
18981616
13783190
13718024
13219622
5899486
12579068
10468755
12105818
16950241
13309470
14582670
13258645
14672999
19598526
17540796
13421177
18703254
11109635
11610196
17864776
8276431
16722271
14052201
14130254
7572299
9698084
11147776
18816439
4225092
6917247
8017058
17883986
14793654
4187555
15123204
4693414
10984508
12570691
14245737
10795847
15448052
16170692
15390686
5244428
13065685
18471762
15324183
13736073
14628240
13392035
15903405
13280321
14972747
15902305
15096990
4144715
7788375
13461396
13808696
15191816
19433059
6960787
11220872
9663344
14964057
9993104
12014754
5333160
11657623
18381830
10662642
12779368
9668104
14422141
18220029
16786558
14928149
16929137
16267019
3099237
15889539
10675310
15274332
13368530
17430682
16300093
17540618
13666042
15072492
17661148
12636963
13586354
17186974
17067985
14042963
15852130
12594607
12181644
16496103
16439520
16065004
17070409
16524500
10353226
15045162
16004428
19114289
18376602
10680525
16181419
13380022
13791175
10052921
10651603
15209252
9754932
11507881
16423874
16190747
18468204
14724736
12270574
6466623
18583250
12941452
17986652
4579615
7769372
12067719
14549897
10455707
18358506
15384758
15977858
12877435
13519766
13010232
6904524
12132080
8678985
12583959
17066442
17768181
16626299
10144327
11698966
14822838
14933117
17309954
11036281
14451515
16416832
10208397
17862887
17851018
10172749
18504033
12863147
15340116
13369601
16488828
16489576
11152895
13791041
9851563
14073039
12886682
17076348
19145990
10377017
16693965
11968713
19218855
17636045
7576624
14517008
11387764
12606951
13362584
11659461
19748636
10235458
17247065
15146352
12322316
14353673
6229514
14416536
17325954
11299053
13929604
6136581
12819924
15580662
17401991
18916823
13360050
11206740
15770304
16677025
15461237
5706319
18305781
11937184
16329832
17974543
11235342
10649809
10483492
11767874
17871829
17811617
12729179
12689110
5864705
12134778
9015918
15156202
13094006
16477699
12319331
15216056
19797667
8928493
12113918
18907185
7259523
14946387
8818020
13041667
17484320
17282758
17753353
8150311
15726726
13359798
12809460
11240991
16495816
14387122
14006751
11948613
9530696
7458294
12667469
7240284
15059793
16230708
9594960
9670348
15559405
14993164
18163171
10181010
11380886
13331146
7637803
16879814
15133535
12804873
13967095
3856727
16773238
11979486
14627830
7917694
16175074
15571890
12573871
13840536
10721072
6515812
17542980
14898563
17147340
14185361
8069000
6179148
12658953
17327251
16241824
17239299
13963929
15207272
8723749
14078601
16157402
10987043
13645323
12866209
13697616
14090994
18788022
12823480
12317497
8757751
11766732
15651866
18634011
14243958
14766297
9286790
17030418
15908821
13056718
12830599
11898124
11718609
13082642
17574034
10037125
6420810
8896293
18027779
18468547
14297655
14009352
16392286
19355106
15824715
13653950
16929094
12335167
8884578
17618330
12533057
12309061
13027844
17920764
18591693
14358397
13291510
15037492
10298292
16630999
9195735
11824152
16772895
7985411
15324735
15425693
9873684
15791792
13937604
12172724
11870680
18752638
14811198
6757884
13317908
8234498
13325731
15597644
12498205
15624967
18383552
17658935
17770355
13447690
17394912
10717899
8711332
16420945
10438253
13607365
16785679
14585767
9720928
17078778
16987157
13561036
12885984
12181437
8782041
9032314
13190190
18602361
14139600
13753829
12236572
7047960
17174378
7993758
19479752
16803779
10576768
17446476
16009267
15215270
8801604
10058665
15603531
16480311
11892820
8956232
14850409
13592232
17266807
8940438
11241491
16470161
14192805
8174838
19123726
11785207
10102923
18183333
16718102
11332579
12872619
9808016
9225179
8987905
16523190
13055066
17763012
10205759
18156054
6678968
16002393
7097172
16267570
17871161
7591134
16426967
11258908
16218025
13295110
14289540
11215339
15990117
16401117
15772212
14055052
12146514
13243330
3832448
10946628
14282549
6781069
16421838
16834888
15574847
10741906
11391569
15857200
14243192
15670426
16164170
13406072
7723998
7591607
13679734
10517301
10991006
13822654
16345996
9977755
12731732
13828330
15482912
11313090
7052312
17388346
11203430
11166780
13853178
16182358
11157489
16876768
15231728
18849970
17802843
12148912
9176758
14084870
15759742
17725082
14140810
12100101
8633888
15160454
13639053
10103946
18085126
12273661
13795664
18898747
17204387
6958631
15087074
17315769
18996692
17737186
12251614
16242100
14261916
16905712
5624794
11828802
14283706
18176068
12273974
13251564
13097272
11947671
14065533
14646274
15112456
8847483
8874753
15655768
5576578
15728230
17478109
15672748
9582670
12321616
16672005
8849504
9861259
6049558
18263758
16652468
8634337
12870533
19441661
10470897
14671399
18415128
13125765
9067473
17051680
13214911
9075957
15786829
15199696
10814113
5557381
10228009
16974039
13198645
5468122
11871854
10822466
12754581
8906417
15378936
11520425
9073488
17425186
15674356
14788924
13746519
10355456
17016464
11296858
6410460
15935461
10240997
13373773
16048302
11818697
12332965
11719531
8679924
12129773
16624597
13967629
12176160
15064164
19202953
11705381
7531154
5428061
16863128
12255400
16489969
11042439
17004656
9854806
15049013
7694309
15094603
14541358
13042779
16143890
16270919
15456027
14904343
6378083
13034714
13375431
18808749
15592859
19284011
14598739
14846348
12931423
11228623
15014905
14506818
8990166
14183652
12554452
13871311
17027038
11630695
14893348
13797533
9660630
18993742
9445319
17096654
17503883
16638438
19560280
12460862
7463358
9046452
18932351
11888778
9006305
5851260
16398777
17216906
9631333
17700571
16084853
10670115
14832642
19486078
16234437
12426033
8625315
9149853
18035730
14831159
9933975
16772681
16830544
11770560
14608316
18134110
9019564
13828846
17607461
13247856
18960050
12446360
18215846
15811023
10169147
5180364
15282017
17261789
13522368
6480947
8276768
13651723
15547502
12986589
18443978
12872215
9591270
10147600
9120320
11866997
8429299
10606184
13422510
10809488
8902123
13994606
15522674
7506402
15241891
15092015
8680644
17921389
10681390
11619637
9617936
11226074
10767282
9442464
17415418
5854270
15700276
16259861
7786294
12383852
7537503
10088006
15023920
17388877
9916015
13954461
12267557
13600391
8470725
18163336
13718001
10407733
16750670
10457424
15918124
15316986
14074584
11592456
12871624
13385197
13733970
8256924
15363168
17755481
6500457
15423674
14310561
17976130
15615791
13015351
13847296
12554325
4415290
16623808
15824958
2261501
12896345
15733824
17210183
17100986
14532788
13794016
8613952
11171741
18666001
16952621
15215907
16254552
14742277
13234769
14726258
16659436
13092449
5361992
15172004
17876717
18258463
16059366
6130450
7452176
7527989
9997763
4058831
15747490
16208264
11644181
12947980
11888846
8167397
9106233
18147759
11028519
13710540
14200557
7437062
18543886
18574707
14535323
16715375
6517581
13399482
7746964
13064543
11086282
11904480
13797730
8898320
9822251
17535306
10340400
11740869
11777222
10188928
17454149
15499026
11842784
17348218
10256909
8642531
13015427
10230092
15212733
18264029
11936730
15556395
16552151
5098404
16524540
19059221
12184410
18395912
11545171
13707423
13107606
16446253
16629976
16404810
14439479
15408298
6646832
12788244
10284591
15733970
12721126
14160897
15921204
16273468
8740126
13740604
9620685
3043715
17541781
9281178
15525989
13895931
17958783
12794458
11236578
14065444
14373702
15273109
11998090
11559016
17649399
14385873
14469508
14444598
14274820
13434824
7395222
12010966
19192563
8722094
14954354
11925423
11143311
11152929
16961321
16944219
16392005
13737465
6919300
16320717
14847217
19053171
18003769
4501682
14025561
9068967
17398237
10255493
11442833
16026124
7318128
11229984
16830834
17175415
13053261
15207009
18276498
14402998
14518599
13655810
13298293
11709175
13814170
8940920
4799463
11438222
12723278
19506689
15002231
14743510
9772577
14999071
10463756
7765440
9581122
11803713
13786613
19506570
13346936
15833972
11226081
15104760
6189932
16772790
16443947
13130342
10743146
12302617
14013114
13876369
9987921
16167326
14183130
14256604
14665218
18995079
11579026
14080941
14562184
10687443
15464721
12067804
17674067
14419592
17855693
15077203
13763460
6876087
18729037
17544306
12056140
7420370
10064708
10406235
12001673
10075887
15284259
15177109
13102846
13975667
12783205
6494243
7625727
13798703
7884526
10410007
13547305
14669380
16962197
15003000
13874740
18322136
15785159
17090241
17605503
11594625
16008116
11931815
16185035
10164290
14203375
10606181
10696625
15283890
14439123
11460896
13307028
4214230
18546079
15418126
12809159
12385958
11866567
10360777
14584309
18572396
13705504
17706367
8810368
4395723
14261236
8141205
17386518
8079986
18127779
18447785
10015149
14783666
6831434
16487548
9049166
15969521
10308300
12877349
19013467
12926494
7618460
13341857
17508216
17860838
17088740
10765579
12042416
16833121
15902850
13700637
12272220
15668829
10229011
13819335
12940172
13142112
9038052
9500949
14082767
10855916
18962452
16444171
14944625
17553037
6682345
11515071
12638088
11300316
10372717
18434091
12078308
5892646
18620876
10150508
14079021
16735793
15160475
8661704
17103994
11345449
14084324
8824048
7925134
13590689
15562391
9834058
14241965
15425825
13683217
8519950
17205331
14623978
10949685
15052583
13103446
13738863
17549795
17377528
15085759
12472833
15024970
16850742
14347396
5879710
8441107
14741951
19265267
15557788
15769119
11375876
17931149
18227908
13322597
18705011
12855199
13105434
12909301
10830131
17004281
17970075
18570507
16943906
10354302
7392524
13938165
18179306
16211678
15865087
8643257
13350392
10766557
6187609
17921055
14590961
17362339
14715639
11626271
15510852
11667517
13601259
6980143
16539242
12730672
14677540
17205624
11220951
10814478
18844662
15816008
6521023
14992695
17890786
13063386
9284651
10411250
15689442
18859880
10523166
11667222
13174951
9692581
12822035
17141911
12754102
15294920
12910726
15402608
8335432
18656962
14976081
18919090
15470493
10093727
12496029
6520746
12059750
12613004
14676062
8858648
11725017
19729385
12034116
7185119
7444964
17919211
11080782
15300644
10289707
10023007
13899441
15781543
12103019
12900302
9475511
11012777
13281642
11388094
10080182
11982577
19683053
5893098
15623308
6588984
9633545
4068171
10197522
17405279
13644834
12762459
14319377
12542036
13465350
15749938
16388086
16579197
13708728
14162924
18133659
11548137
18115872
14514278
12548869
7094368
13837494
8105320
12327104
18283369
16088852
15424066
18985351
15945267
12979638
17234465
9810149
8398850
16585904
18667052
15447547
10260142
16110827
11494415
15404534
13001553
11672947
4468047
15174181
9256344
12562195
11049141
18563896
15915876
12073349
18797056
13544039
12551742
15125081
11152601
15924915
13689545
11026756
12812106
14579650
18894428
12999145
10349604
7495912
12816848
4987962
10322938
16394242
13888560
11751804
12032135
19001244
14117323
15360138
11288795
11570647
15041054
8260561
16424678
14256633
12228371
12250301
11902393
17135147
16104279
16540450
16735079
19162274
14773440
14128137
12645871
17659794
17596034
13634858
16380587
13969418
11518295
16958190
17238945
14175348
17551984
12633846
10012268
15928271
15328126
7343669
14111721
19522351
17242540
5351219
12742753
12133696
16055718
14968552
5351342
19125537
3831274
5227132
8419687
13161951
12728398
11451452
12093696
11727389
13485029
5128823
6530474
10925800
8780163
14128950
12822259
14572087
15324578
10952875
12299237
13296548
13457517
15496530
9286217
17447429
10316104
9096435
19482332
9478572
16855898
14435644
17781240
6727968
19400615
13251845
12376699
11635266
16221061
10097277
13846693
11518424
13489204
10340394
9354235
16515464
15536228
18289032
7278673
5289225
16020199
15758903
16966903
13758081
14224816
17721911
2927874
15110366
13145365
12909195
16405601
8525244
18447394
8663354
13167954
19252364
18411923
16003358
13874780
12650678
13248729
17226456
14621867
11942653
12042573
9582940
13561171
14501593
17660929
15160018
12141888
15120176
17063453
15388872
14974387
16043263
11222405
8703282
11726398
5849826
6949742
18880736
11910149
15857168
16433291
16218992
5448941
16809562
3013662
14863101
12648466
13565997
16365001
10136158
8450900
19364859
12808134
16938982
14204815
13182295
15582796
18626836
16469540
8965116
15064619
9705917
15190432
14364554
11855435
13838509
15909299
12465563
12634142
13775245
19850155
17580894
8170525
12305426
16040258
17026001
16832311
18891482
13178051
14935072
13488737
12137266
17567009
19509138
19591939
8379334
15411751
12243522
17725694
15008246
5941600
16147896
12527179
13401990
17460112
9879501
18524770
4909428
13887703
11012239
16933168
9167497
14078196
11984079
11713584
18970152
19163989
8840600
10106858
14655655
14955362
8005118
13748607
7145674
9542357
15890637
17790655
16048307
16521825
16360578
12203087
17599752
14577734
15867156
13886902
16152913
15288286
14448036
13356662
16414412
17802248
11116538
10153980
14188865
7538434
9783436
17175868
15105726
17046405
10476868
14688827
9506493
15943016
13433522
18293647
6281153
15762057
9656388
16216773
13496732
8533099
9199386
14921188
9272663
14893700
10799758
14989828
16516177
19135715
4399311
13909914
9480969
15345334
5750652
14499968
15387278
17645784
13361995
11715819
10723136
15084365
8750167
10418546
13094150
12404929
8215072
8262105
16398490
8492969
13756756
14653753
13243882
6708170
9412921
17611953
13112559
16622603
12608635
7655503
10986964
13078139
14905213
10032647
14665026
14274956
18555784
19947579
18706141
4911782
12320849
14049091
17845903
10386468
15383619
17421814
15119113
18864049
13965046
10889264
19358835
14369027
7384560
9713034
17214575
12798539
17653540
18549023
15910037
14344358
10296608
19522043
11969068
11078321
15095832
13305385
19910755
14900778
13971001
14539623
11651362
18706087
16674641
18495045
6199502
16730502
17979248
10382921
13670509
7309785
16365883
18684109
12865343
19230243
11474202
12763712
16860233
14827385
14720222
13698307
14979754
16673653
19036700
17624803
8806631
10317917
19131725
19259250
11423562
15361765
11726716
16789250
14753098
17122167
15261761
16610186
16249182
13981730
11802682
12500199
12675038
10436726
7510228
17418953
16052967
13756834
11897294
5926447
11123144
10463015
17207818
13780903
13301552
16690390
6988918
9978511
7549467
16078479
18007169
13310525
13325287
10275921
14583991
6437969
12134775
12144185
19384557
7378944
11216579
15575032
14732569
8909210
4756395
15862037
14851446
14990939
15864683
15339538
16662946
12126811
10164727
12652428
13668946
16126841
7509494
11635532
9659141
18712322
16542817
14458218
12597642
5571735
11699181
16466006
16701199
17337194
14713631
7752557
16007742
12245530
16706288
9921340
13107105
18511594
8351968
16368912
10801916
11043690
17178681
12659658
15497162
11303075
10523079
14902009
13273885
12555941
15675882
11976894
15054352
6439882
17397681
14014757
5819458
8437995
15312639
14591679
16269382
10440417
17556034
12910871
4013769
16447906
18063068
15028269
17062253
15749649
16799264
10252485
17754003
6688157
2818656
18709253
18336044
12179280
13690577
10718544
13034562
12660935
16988111
16129640
14856362
15936458
11491579
12033701
14877173
8374529
17960264
15597278
10300124
14600497
12075375
14345019
4426489
14871808
13581002
19632072
11150749
17556534
9925031
9627866
17070291
17183205
14729617
12412951
8199078
15508739
10973581
15657462
15009249
12358754
17402698
11613492
13893608
17544624
17920796
15643839
3477188
7593067
10181812
10289891
13503519
15911624
16773116
11753816
14610803
16214568
12926421
12355749
9998566
18733706
14889491
11026802
12904710
18110725
9548364
7024450
10863444
14316958
15211084
17821110
14349451
16739240
9511391
17826313
10893367
12281047
8447002
17178647
12854546
19082111
9329942
11000754
15997558
13465698
15081219
12673737
10806806
10335652
17315889
12571266
15998508
11683785
10495586
10787810
13076716
14714013
11932093
13426737
17883242
14838283
15189353
12845032
12324910
8566929
15197895
14174640
10138086
18525641
6182278
10349921
13312423
15527759
9514863
15235324
13540380
1739397
5828851
11726770
11218787
12905915
7654582
10497286
9676898
18099324
12546191
14362216
12183522
14350556
16832748
14982010
6152928
8102022
2668453
12485734
15504159
17184495
17749664
7343624
12459095
12849729
16824332
18309763
13598456
12732737
5428639
15684420
10275154
16564336
13471801
10391174
17285886
12959289
11530517
14528232
16025590
9039061
16742153
9253953
10966634
11363779
17667451
11230921
16704813
10399569
16504153
17730616
9525731
17916733
9532478
17177198
10855836
17003753
13822171
15406531
17494288
12141266
14412530
16009784
12486400
14481317
15999741
13266713
17193655
13395906
15821644
12943605
12289474
16243384
14449722
13344844
9086181
14989651
9450351
14757055
15357195
5760479
13323508
18709001
13770283
18942137
15222190
15887847
16141782
14010909
15348382
17292492
14118905
18541056
14810525
18712415
16655943
13745813
12984666
14986497
16686734
13740384
15469848
15496809
16649038
5713817
10076491
16962287
14858189
17757517
17533049
15600542
16391599
16683949
9418074
11194153
12064677
6687573
15962386
10502642
18917736
13041344
14672785
13257455
16802698
13414810
8579319
13615989
11452729
16095117
12981393
18971786
14884076
6416308
15085144
17126709
15473543
12058240
14915996
10572169
13677293
14269316
10284833
8576340
17194929
13416359
12566166
12869801
13940261
17759811
15903363
14894913
13441610
18934816
7777862
13189339
13440529
15735303
16143019
16762488
12734450
15912497
14817154
15378418
15796809
17654930
11430752
14205885
11578309
10494370
18267046
9294381
17117950
16452242
18568405
16006360
11789480
17572103
18247556
9239174
17993217
12840015
16261031
11827812
13184543
15492633
11587976
13583039
12581545
8677940
9696678
13571010
18443589
18190913
12968325
17207710
13223762
18326356
17253713
12175247
16105280
9617550
13613893
10509991
12662837
11477978
14652588
17952777
17504988
14980600
18164559
8671955
19365194
18147818
11475675
14413435
10707759
14800426
19064030
14304301
9784687
19022655
8544013
16499393
16242783
18177854
17523536
12128700
11102175
8684443
7485622
6425541
10414743
18204021
16461072
13996409
18503358
14011429
14774143
10587389
13242562
16830987
13664728
13243248
9964899
16517838
10265752
6442617
10137972
19371817
13344133
18661899
6444081
12548096
18402545
13748107
4521419
18726924
11730397
12649618
18325781
19642750
4974627
14264271
9856504
13158490
16785913
14364549
17484643
15233265
18128514
16087294
11967743
10289330
9990906
16782414
16666538
11770261
11964482
14036322
13992685
14185923
14041806
14141714
8775935
16466987
9087263
14698518
10779498
17891289
8965242
15268516
18471636
2023390
17031014
11580753
19955348
10828792
12484545
13592265
12893706
13398214
8275790
4760067
8991589
18347077
7867951
15762991
10077903
13322998
11497924
19531663
16850731
8063337
15647086
16894120
18247664
11109524
11826114
14620695
18767032
15581243
12086461
8935613
14134807
7057497
8046586
15525969
13220337
13101674
13981897
8350899
14158569
16232579
9372860
13819172
13969809
9114554
14434932
10042770
15233927
15417693
13380402
7069331
15466108
18335872
13652957
17067009
18540156
18742515
15064051
15510347
13989993
10857083
19070910
15254678
16181462
16371633
7701452
9283101
18954952
16614197
14676073
11913293
6728354
12083687
15760766
17857454
14246296
18116374
18610984
11119492
12029812
15168709
11689730
6267026
15878707
7602608
15313203
11257366
7183378
7280820
13681177
11945334
3123702
14955196
13582999
16805514
16700385
14295931
16419060
17364975
5541455
9420524
9248572
14768150
13960239
19917560
14744703
14498434
14283134
9953998
11063375
16839128
15244987
7554211
11921488
10370685
10755760
18594103
12605460
10978995
10477995
7628366
13655771
16461846
12556064
9182213
13831545
19785265
10434401
16342698
13474275
15484598
14704056
11926361
16619751
17549336
13467324
19314983
18221086
10777010
12157299
11180948
12259799
12672151
19202456
11113800
19390187
8985644
13129844
12371106
10726194
13805446
14413669
10487529
12929519
9874635
8089015
8892705
12216984
9269406
12127203
16924867
6362071
2259902
15137929
8731342
18392876
15971289
18443100
14290920
16234182
16271523
12398915
15633656
11476751
15145498
14102270
12100118
11494325
14753281
17092811
5340253
14055534
13473356
13582260
17028779
10001336
12495783
8207151
15222856
16319905
14588328
13046670
12139290
18059932
16146586
8312209
9333580
11201540
11772654
19134552
16921842
11643033
13272481
17379144
9632758
10662811
18969507
8558829
7844063
14949263
17553806
11353405
13820733
16608937
14676180
18787502
15560607
17112914
9109570
12728663
13529171
7515884
12534317
14744008
12064892
12195314
12134204
13617801
12773392
14185702
12979355
17576565
14216561
17494010
15385695
17863077
13162514
13449054
15609422
8708625
9431525
17397297
7391204
15199482
10161468
11648432
15603538
14359944
16986303
17289316
17004925
19748866
10082542
9626305
14610741
17574640
16365585
10337946
17622692
4398950
15734742
11411220
16716237
13688713
16509166
11389329
11024564
12372981
9297963
7030374
11471931
9693687
13353924
14148134
15066680
13663294
8246594
16681781
16407121
15813078
17188115
18323619
9252770
17008029
18179580
14420441
8197442
8614765
13577526
13581486
15774528
9062335
15700487
15672117
16798830
14264562
13944154
13117217
9701795
14499435
17272983
14428000
11938204
14290373
16018947
12693495
15556892
18721503
18429036
17853199
10385855
15009919
14584164
11345435
5901587
13319839
16225524
13489005
11190097
12381571
19422409
18626715
14450796
14039781
13820177
13156048
6640003
12956560
11737300
11594547
5340658
11308404
17972990
13204224
6965259
12015074
16454997
15292420
13396683
11834638
15441519
7302655
16392140
9698813
4758055
13562581
17203660
17876975
16399302
13386074
10310846
11127784
15940401
16030558
16711858
8289116
15809995
8131160
14430761
4966250
8889800
16125388
14928231
17407757
7743257
15699863
9391374
12394655
14737468
13649576
10356205
14786289
15312087
13032418
11857101
16472032
14858300
15036339
14778848
8305684
8038642
12833028
12647958
15047914
16864985
14719394
5128937
19014839
6755402
16531605
13455041
17375361
10884831
17731485
14371753
10720267
16388699
11571362
15315539
13344731
15925976
6839359
5695193
9557241
12756685
12939930
7410345
15825257
10300077
14001943
8932105
10391564
16803094
19247713
17665289
13528209
19031356
12912122
9948173
12713443
9445552
7573802
11887597
13964456
12975642
16228351
9880357
18379497
13369731
8903469
9062949
6497530
15713272
18176506
6485590
11829256
9186099
14182957
14811571
13634172
15207897
13040821
8894361
10206566
18718806
15394739
8308639
17843639
12641529
14375737
14654826
11368562
17309286
2090384
13859399
14095219
13454660
10386040
18604218
18039295
17147357
12097936
11312153
14984476
12874108
14535957
19035295
17020306
8742150
19361745
10950071
16778967
12532222
18250482
17955209
9820807
15405493
15273549
17695872
13603919
12637946
16432582
18067414
18212565
16886329
17583580
9102620
9935459
16908945
15204319
18465878
10672841
11597054
12897909
18604809
15491760
17601758
16924256
11575893
16169755
12319520
8947235
7024658
12344047
13065588
17450716
16316014
5008247
18982557
18562515
12826729
16845191
14475923
16469685
10421557
9272254
16176702
14645224
19721824
11179308
18247513
9259042
18386610
11806678
16861861
17215726
6968531
18365132
17383355
10531065
13527721
13985570
6790097
13508872
9526694
10015304
12827692
15377054
7274388
17757086
9013361
12343209
7236798
17138324
11986782
16110955
4543775
16288070
10186337
8637913
12564123
11199431
14722573
10040894
10246677
13490425
18256314
17135888
16756236
15299644
16038035
11973420
11391456
13336519
15471505
14394920
16076942
17396943
11368193
15065571
16655941
16653778
13630280
12878475
17318629
8812139
14460677
12436667
14398299
5499067
10804104
17772791
10865609
9624259
11182344
12525737
15965512
11564428
12019399
15075012
17604016
14059298
13204197
2721982
12921647
12752342
11085751
16746920
13852026
17674684
9015978
13622528
10013405
11281829
10527286
15880078
16969205
15619803
17604316
15406275
14108060
16327141
13290961
7473576
13410772
17024971
12979116
10928408
15085636
18349296
18536379
13490355
11171794
8148162
18171236
19590806
11156655
13282873
17150643
12790596
12297003
17986619
12174079
18952848
10547949
15558081
9771537
16059338
10148671
15693006
15665602
11397345
16144331
12837593
17578048
14129093
16084762
10645364
10762941
18427429
16313471
4702753
18778192
12079143
18015995
10642414
14818536
9435866
18862670
8624531
10495368
4732524
13534269
17001046
12949091
11770656
13643835
10140404
12874323
15827235
3478836
13748755
8379051
8452234
16744633
17419252
10192110
9262198
11777571
16207695
14928720
18195697
11852414
13198793
15327233
6794438
18789982
16378208
13308046
16168945
12812020
12923476
5963401
10746097
14396509
10794534
12884394
18876684
15360709
14857007
18978400
10581951
19179544
16539709
7252355
14841567
14231100
14154017
16883239
9113888
19220067
15618004
16418282
13479350
17301413
19427498
11637111
8795666
10041273
14360757
14993773
10486522
11494278
19813405
12647715
14991996
8799623
17515681
9247053
9607818
17128950
6132515
15432013
18566560
18020370
7509585
13369764
14088454
16251885
14961768
5903096
13697809
4209324
9220860
12794229
19243609
17604232
13080932
18511982
15263529
9961530
6729938
17064465
15314188
9585766
16637763
16600818
9563936
14971130
14312400
4563358
8922887
14064913
10067838
8516720
14126839
6971285
13404394
16292034
19310004
13933518
14647139
12767773
18936991
7286965
13884141
16658904
15861789
16198715
16396485
12652911
11888828
11189630
8344485
12654603
12255250
16049208
5882643
14286808
13239091
13256812
14791749
8399444
4812307
16286175
12080929
15391816
17734232
12594862
7952319
13014175
15347863
18847455
10327431
15994561
6741789
11509949
14070045
5155389
16700348
15046169
18450962
16956589
8982146
11485891
16892552
17102069
10468084
9789912
13060446
13870040
8112519
13195139
10703711
4750176
11589032
3451014
15793343
14606743
11020239
18478086
17317785
12470340
12805862
5996215
12764176
15325084
8710312
13650604
12649911
10797984
13170856
15780398
15994097
5683560
6116740
16688923
14372937
9763267
10104267
15859565
16013371
12688546
11425025
14349327
17245135
15451568
10537112
19832064
15160644
5994284
13655085
10231043
15055399
15216991
7619547
13209178
12050095
16157825
19296734
12932307
13380597
15838861
18049216
18411250
17150834
18634097
19443768
17785762
12608121
15387618
14963558
17182076
17561502
11250720
17261393
13799301
9288533
12032200
12323524
6231678
18215759
12814226
8016462
13646115
16834911
10550553
7367756
14844385
13771778
6272021
6377798
12310622
17385079
14147359
15544735
6788488
14558703
16167321
15331161
10633131
16698160
10867751
16599943
13388290
18212017
15409533
16304815
19110137
13289235
19700922
17202261
14655370
16653759
12962039
13430996
12829830
14554059
11351929
14534469
16859397
17472520
17183986
11129653
16239040
13825271
13846920
14638774
12471787
15563711
12634584
13734344
15256922
9487180
13280431
12355958
13162971
11908697
16128484
13119556
17373296
12753879
9655677
18013535
11126939
5440758
16230288
14037892
17957662
11278485
7367541
11397324
13176748
13519261
15443386
16336466
17614163
14876309
16881463
14076797
14411090
13288814
11890948
15988089
7507057
15523261
9648237
11795868
16866254
16270135
14693583
12323702
15387488
14103461
19907471
9484894
12980643
9147253
10869577
16673035
14781846
14036182
16070089
11427389
11125555
14124939
15269964
9020293
12810126
12644066
17453624
9483501
15570364
12099509
9089887
15245213
15576074
12025326
11155588
19187099
16179473
13309681
13548556
16982916
7787803
15142333
16365922
19618972
15877251
8942957
13821282
16638015
13246564
8214139
9014498
13209521
14060003
16098673
12170624
8331921
17641077
11308697
10670593
9764548
9165999
18357901
17166107
16520533
14761940
16985782
16164890
14920009
12409543
10280305
13964854
10898325
14141480
17673550
15253825
10992573
16603668
11740216
17228640
14203458
16965646
17791825
8900530
17393135
17386219
15098290
15438869
14523634
9444907
18292752
10536221
19216474
14320848
16072920
18449197
13391794
16164637
7839585
16842351
16739181
12108491
8383205
10661648
15855883
16309121
18317076
6119276
13529255
18568467
5404082
16446529
13783280
19870719
17074025
19088284
17425361
17342492
14554607
15323086
6758861
17930983
8687748
9549316
12545141
14281534
15128071
12568314
16392460
14042023
14254132
17605583
12935123
12366617
10906244
10099305
12408799
16836042
16483562
17438315
12536580
18534474
3808697
4359724
9699794
18849629
13022689
11074626
14396463
13019937
17543070
12392062
18054223
14891352
16172673
11657522
13842326
10430415
18251148
17033189
14069705
14989701
10164527
16603931
16397680
15855938
10374985
14112436
11937027
9170779
12068915
13333485
5870802
9407031
13369492
17475912
13508494
17776349
17269507
13674372
18324866
10653298
11723399
16878352
14719110
12084856
15311431
4830214
7484730
12875342
10378689
9654305
12512592
10891406
14972201
14341076
10736125
15214005
16141691
16307699
8715929
13866437
10817355
12720838
16376732
15107764
13821443
18966940
19392156
11644674
19546266
11748446
5044870
14010237
10086963
9250018
18303825
18715738
8920125
12650638
15595614
14968305
5185374
14154848
12100336
17444214
5696860
15379013
11328618
19397427
13911117
12872595
13361607
15014444
12974887
13792802
11989644
17050555
9901108
14164672
13744392
9320868
8252072
10997576
9867552
5529059
6618037
13498965
7360239
3973943
15512285
8296082
14067677
9064605
17791249
15554647
10888783
15521814
4363098
11870938
13553161
5976419
10962939
14262863
11546757
11499837
18068427
18606693
14229174
12871724
18015188
13661676
14522552
15466393
18351279
12910309
13452426
12861559
12817485
14555429
11992928
6591031
13906186
2787045
12827676
18473181
15360573
17893560
15645965
18159133
14848120
15838574
13490702
16550976
13032451
13253052
13557766
18721369
11486329
17831793
13262230
16869614
9134655
15966537
9259181
18793843
12731122
11444358
7775691
8376053
6193073
18632398
7992507
14782319
13847169
11358814
16261665
1782112
14010077
17216278
15187704
9254945
9746291
8928756
15441870
6791151
14655303
16331595
16025082
3534692
18115153
9586595
15627443
16753077
17164954
18501940
12030708
14061349
18343619
15334242
14912231
11222763
13541535
13661896
18885314
8252190
8990314
18497298
13946372
13091190
17627186
8509049
11349200
18593216
10159448
16122819
7321605
15489027
10027686
13906370
10711840
10269133
6942997
17560128
14599063
9594043
9482643
13357850
18243911
13144588
13665917
11164514
13182463
17088594
12258450
14923477
14956727
14897978
5169275
14307963
15057194
13882643
10317822
17488021
9609332
14786478
16278275
12788793
11288987
7833560
18590851
17467208
9163462
12508337
15611073
16989093
8460933
15315164
13712380
15287829
11675820
8185004
7939866
11088487
13702762
10175744
16233260
16611810
11819637
12042470
11074875
14206395
13851033
14972522
14479111
10433706
16252244
10879306
17354998
10413733
12641678
17645949
15930569
18105702
12592565
18090098
16041234
16040684
13596992
19226210
15197379
17755990
13982962
13281967
8428177
9087626
8474686
10352115
15996336
15733959
18222192
18036344
15114467
8420576
4606791
13104333
19552288
17561575
14227672
14676076
14971330
17337525
13510386
15006129
8804532
17261272
10178771
16325624
18004075
15261972
12555734
17132858
3574560
11222326
16288091
12004914
14819938
16601607
14459142
15504142
13445313
14562719
16138577
13685971
16168807
3953463
15968552
11018665
17827276
18617009
18469061
9814046
13570937
15329900
4352850
12762496
11940284
17642889
13295019
10211353
14851101
9725164
10243686
16158924
12121836
11532979
18817033
17499359
8822577
16568929
11643338
14696286
7458400
16063443
9945441
14923080
13390554
13202407
17452758
19600604
12290836
17312162
14057254
6552904
17012123
18918572
15527203
16606902
12841529
9423268
18915795
15061461
16758187
14454812
7384622
7900429
12120464
14665576
17369694
9107147
14666017
12020684
16719091
18362954
14814618
5084733
18029821
17136608
16110601
16105188
8712917
12408445
15600725
14794356
14147000
2793423
15657976
13043613
16513972
16371574
3667421
17661487
17365619
10553204
12527936
16113494
11157487
9847810
12533575
11955176
11715588
13854854
15757768
15530815
16672006
12430647
17035643
17269315
6031422
17204770
12663784
13116620
12462512
17347938
5381834
16121051
15988511
11000569
19209345
14127955
10447347
12094322
13771181
5950877
16822306
9496151
11379993
12499003
9723681
13081686
15701524
14274997
16049568
15974486
14372045
7051771
11691597
11588717
14350239
18280914
10365653
12745401
12047719
16947136
11750883
13203847
12741538
15815091
8252750
7528160
19231145
17570845
17239143
9925761
9907072
11251002
9893063
15455058
13049559
18478108
8532392
15987334
13284248
13867832
14599193
18346353
14257456
13807671
16138505
15097918
14133824
13089275
16206204
8255122
12022395
7177137
19351800
14937823
13040031
17002584
16325652
8927356
14024050
15144507
17862054
9544509
18984617
12971572
9710274
11315335
10855696
15439953
18945722
15798520
11152937
13608347
5437085
12969005
16993069
11163606
8688567
14893976
12132140
17992061
11122573
10219424
4046247
10258249
14232941
19261681
13708282
14480527
11404799
15091925
8513664
17249880
15458086
18414902
14981426
10530973
15677567
18545097
19225643
17217850
14235166
13795851
9261619
15503095
14710373
12311606
18522576
13192121
10924692
14234443
14136667
9075201
5924941
16509538
17687743
13355482
12022027
11596554
17132264
9273282
9418869
13163687
11803622
7004114
16296000
15413593
7559847
14435131
11523510
18970471
10940373
10265967
15149233
16185421
13864924
12369829
10475450
14385816
8132013
12649041
7851180
16811286
11424443
9959936
13537799
14668822
11399437
12840310
14132557
10788764
14293212
14730994
18330897
13003728
10435856
10916126
10575383
11619140
17410725
15712719
12538800
17953182
18321820
12904813
18521332
9375132
18215876
13202586
17651959
18541695
13986900
12066629
6956271
12637979
12576567
15143552
15710335
13251979
14120334
14603411
14940422
16771293
17748831
14661272
19285867
14352379
11862687
11475077
15066254
12259082
17066524
10793383
18761238
11813917
11101582
13352824
12820520
12862553
17332752
17865892
14931849
8989296
15873531
19443374
9521638
17772356
11353567
17253125
14861391
19581092
15368044
12349647
16879741
16462707
14357456
8079472
17278500
11396790
4699443
10864731
12791903
12435313
6243197
13920628
10614475
13254545
14246173
14763752
17376250
16622732
10471227
13132120
15495758
19075235
11491030
16177535
11363875
5750641
9450866
8312854
18502980
17803387
19211312
16063061
16573234
8877995
15002184
10314003
13502092
12721347
11611426
12146861
18795551
14464646
8792849
16312491
17566164
15176326
16057176
12893330
13470214
9611545
11444860
16186892
12161820
17139071
14724042
7460200
17387810
8997303
7429465
12047811
10012726
19118430
9320394
12705686
12110506
12042869
13704314
16202896
12195176
17116594
18852193
6076294
17721196
12616474
11263689
11952734
13838523
13448744
16073235
7225301
14036595
17527766
11387931
13415232
11429474
7439069
16129704
8330944
10043050
14715444
12755771
13231237
14461560
16126368
10612593
15747747
2229966
8740202
9743057
3306705
15881096
17265469
7180109
12435244
11512616
9188228
6569221
9547824
9484575
15799853
17370055
6329137
14412713
7533737
12766763
5609837
6362850
9171956
15732524
16752932
15541830
15027651
8382201
16796114
16779624
16071804
14647917
13877503
8089089
18636057
4630300
13984376
14353629
19502212
10626436
10565585
18950339
9041013
14242547
12468108
14596611
11912068
19314008
16110771
16421954
16822121
16170374
15736439
17034192
12215152
7094761
12165994
14733892
17830196
17008642
13164696
5696454
12577491
14042259
11329763
13707218
12182191
13872556
17100957
10061767
17732658
16164079
18155717
11611456
18578678
15116503
12434776
17038548
10641694
14653890
15859147
14314927
12110073
16870009
9631401
16843117
14784091
4632153
3885544
15929725
15546519
2613923
13776164
11948553
14980277
11061796
12243999
15412517
8621991
17634993
14198050
16969865
13150682
14425477
17288998
16501468
13296114
18059559
16504983
7607730
13711536
4643658
14301030
14382170
12055457
10290591
13289276
12305710
8996757
11572859
15761114
10196521
11712603
12468203
15247050
19073035
13677163
17895165
14213307
17874333
18408362
9249313
13937743
10842586
15620893
6935230
12048978
13862714
14792902
14794878
10234835
10065310
19938746
10236178
9038638
13803388
18674734
11171530
9093741
14463840
9540794
12279467
18769165
9083808
12007710
14222622
5303339
8887153
16585192
17829654
13154242
14329161
19506554
15622259
8615967
14073441
15770561
9391770
10905305
12989076
19558672
12605901
14212995
17767651
13644916
16151824
10885215
12940405
14097077
11477838
15371868
16212984
13320072
19313883
16377277
11553090
16707915
15788104
15987314
8826267
16281385
16480666
9720172
12460754
13409358
7761207
13237486
12117377
7903290
18401130
8826857
6249085
12613683
15411310
10449935
12293939
11828302
15104613
16121106
9116893
16777980
3277900
12257763
15706868
16282895
11331575
13622019
16910878
9288605
14339725
16255021
16088632
13886973
14762635
16101771
12091485
13467542
13683680
7724496
16140707
16079097
14631148
10099092
12591502
12625562
18206900
8851475
7852177
11715721
18060688
7542677
17524587
12807953
10052608
10265090
19317324
6941406
12890478
8256417
11129518
16414161
14318860
13440146
12662650
11717336
18329754
15117673
11432722
16833657
7005175
5784958
13577601
16669621
13308902
14295980
5962898
14285276
9955272
8747249
5383320
7825869
13185130
8026572
17032585
17921527
14854303
12485333
17298843
14507434
13585855
14264594
10976877
15073585
14546456
16365360
16166437
6927625
15635498
6197901
7577877
12298568
11486826
6571619
14569919
12472569
6013447
10409292
13691307
12851576
16995280
15687960
11739920
10449491
18366754
15786893
8272078
15723524
14784070
13629302
13210818
17299883
10565834
12995948
17049047
15793325
10877635
12946048
13115147
16840476
13612766
14098433
10585338
15528143
9353769
11801286
14574286
18495861
9276041
17761682
18638477
17206661
13877133
11371051
15123144
16895411
12509100
14566742
8400324
14645429
10931083
10824013
16312235
7090264
13449449
9194960
18635094
12820523
15515133
10469400
7744644
14384877
17950934
14118221
15139474
15907156
17127121
18245150
14561457
15414804
9899477
15745126
12587059
17893772
11473842
10091907
16742352
14644022
17138199
18267356
9350340
16693543
15830038
10002369
11443149
8260311
10179193
10524684
16271032
10046388
7752672
17388342
14459565
12257513
13801537
11751981
11803405
17970307
14957999
11979951
19015127
17660957
8919997
7606781
17132762
11992554
14067205
8518709
15069829
17943291
10320383
13958593
9649630
14198462
13017888
11229820
12786266
16565755
17204894
14836744
13126560
13335418
9883778
15838984
14817569
18365694
14919404
11561455
15035498
18296138
15720274
10977436
14360593
8876519
9795294
16618087
15135579
16756533
15156049
10724673
9147948
2707842
12726930
18146028
13646103
18424830
9532625
10951733
15371311
10604994
18706067
12501962
11976933
5716257
17812356
5105378
15141014
5190488
8814795
14396931
17513789
7871815
12050401
11193766
5732017
15846577
13012792
12632054
14851341
11575295
12460769
18178323
10985509
11987895
10786775
15310684
7522224
4544518
11635731
12331846
11780092
11420029
15072133
7546749
10738252
16298079
15290890
17840020
15467943
15328864
17664927
15234010
14934086
17881990
14978008
11523576
11082246
16206312
13671080
17272163
7432513
7269505
17129313
16294931
12361800
10731003
14999508
13640188
12817919
15373743
4851256
17623057
7444005
13151402
19485288
17358842
13141149
13700511
15711292
10637093
16476442
14811703
8624923
15717237
12433706
12607670
14613430
18457047
13696156
17127537
18636882
18395653
17867442
6886456
16676518
13415059
10775152
11242647
12643677
3718313
16987199
12111620
7668719
10936524
14665820
18292606
6470361
9060421
9718857
12474332
15403980
8508624
15478537
18295687
16111651
10797741
4019524
16766657
8777070
17914646
10081211
11149867
18334160
15904252
9542547
12030236
16499642
16111207
13450137
17435897
6622233
14588332
13695931
11425007
13669855
15715908
19250378
15060318
11351286
14543534
11563764
10991952
6294985
15204784
11936553
15993929
15085822
14958048
5165307
12702441
18243617
15820850
17727179
11790780
17501563
16273417
10449557
19120122
4966241
14765023
10006728
15729959
13653147
18089719
9086842
13794916
15351890
8902507
18092750
12920772
10211703
12139869
9364941
6067428
15373032
6577738
13464861
7575947
15819075
9589431
11393353
12670899
14145893
12113344
16595754
5234711
15804400
8819197
13469925
14590990
9792817
12786054
15381374
16079996
15853902
9707849
12850470
17178768
10820700
16732903
17790302
12804692
15465946
15626185
7628512
10921142
16345584
5607688
13117893
16160323
8369546
17349467
17068713
13651738
15026420
16020235
12725260
19018101
11351618
8807796
8038723
12283000
17303660
13340471
11615280
14526277
10139588
12939649
6348294
14109547
14625053
10488116
10173235
7747039
8905679
12519450
12052367
14137306
15832972
9890739
17980207
7171512
13382507
17761414
15991338
7863392
13142179
8642926
9842769
15110653
12209747
15499535
18127370
16068578
15092923
15961905
11163014
12165154
10336177
16135529
11209501
12594383
8761543
12165194
11543229
19229488
13657665
18196417
18052601
15553588
16268048
13583283
15287520
12347722
11780239
14026331
9495856
11883241
18244711
10875111
14645604
12109218
16399240
15407922
19047777
17834601
11944763
19255609
11626039
18320155
8226713
14593589
12625643
15997439
11766573
14537282
12323118
6516718
15339603
11201601
16065433
10029700
17317493
16059592
15751710
13723176
9995172
13249379
6829276
17316061
8895805
7757764
6300486
15982642
12489924
13444269
15062592
17240967
16409141
13881813
17610415
19426069
13470545
17569735
9920786
19568838
10213762
13073559
10202178
12501819
11978651
9896213
7798117
16437017
6739053
1413786
19646564
19508729
16318781
17416508
12191960
11563733
13439065
14154038
16012604
10115013
16956375
16939144
13873331
11861229
11850248
12852852
7710260
15145597
15308526
11912604
13391197
13416560
14982080
11784012
17358490
16300018
11544772
13042965
9065479
16504933
13568917
13106398
6897333
14109414
12707053
17793388
9894951
14512560
4845595
17310059
10799974
14731058
18305859
16861941
17625234
11318528
14218473
17145842
12710804
14941188
9915366
8740725
14139660
15347294
13688806
17376785
10561001
4182217
15197018
19469538
11447146
12990055
14345092
9058363
17285916
11632982
11983272
18378804
5024371
10869469
11402074
11194580
16827761
11456819
11726203
16093199
16262674
15857653
17272473
9804672
11916627
17827561
9246030
9326451
13724828
14365834
14468273
15514444
11700563
18048891
15456469
11771912
10582798
8945904
16864454
17129133
12998286
10828889
18699197
14813788
13419411
15294362
12078149
12848230
18214331
7159869
13605904
11489978
5651620
14759619
15475633
13660799
10859485
12076338
17582797
18510030
6893807
18130793
16991195
19673586
12171246
14445301
11286242
16257823
9169029
10965164
6216166
11352422
15639499
17028102
13511091
14579893
15839638
15763072
17131923
12385402
14359135
8912334
19542045
5452662
8145251
9587233
15947471
16667901
14511102
13965232
6282361
16925113
16834831
10294355
13722875
11932989
15945538
17981832
17456430
6529463
9433152
13827986
9839169
17168540
12417288
14845160
14327182
17821634
8887762
9682584
16070592
16312797
10331705
17133418
17893677
3198636
18796735
17015644
18621739
8561732
12376117
9259282
14471219
9941998
16855892
12644169
14259767
16426820
12575986
17454249
12690907
13213732
10830222
14445962
11827531
4081266
14899194
15921873
13823978
8137782
16085439
8600637
14905704
14768765
10129473
13126100
11419864
11481070
13957129
17043307
15747087
8354664
13646602
15474031
15329894
11205454
9592022
13567697
8459125
10094016
10550315
10474003
8376303
9493705
14695235
17956631
12350630
10338299
13937703
11484381
15564992
14372081
19600659
13510442
14620721
16955831
6267696
10485241
15287874
9711131
14787296
15109550
18288603
17819217
7199854
10413702
13613208
18391762
6629342
13383047
18407509
13276346
16940377
16548340
14632069
15397366
12664668
12337062
17337533
16419201
11406831
16755072
13562839
14559176
10637250
9334908
15981654
16850272
17088595
18919627
16774801
13312670
13212948
12360039
16645361
11234989
8681900
13762466
16150309
18520688
7998444
18537018
12272061
18603185
9622425
9608261
15638917
9619693
11275287
11514590
14842554
19039313
7399471
18879481
16148721
15998566
15000173
12906567
11050083
8701047
17210287
13942952
10255172
13799641
9301831
7095629
17569992
10230033
16090762
15458999
14040925
6300109
13700341
14812895
14916638
17008265
14538172
9856309
18846824
11200884
9620155
8912290
7393823
10279998
9909346
11865094
15486829
13753584
13535995
13580421
6700872
16677614
11937910
19818780
8542362
9144196
6366559
14003822
8549254
7089925
14171843
10152570
9683743
6231924
13249672
13706584
12938543
6642602
17309941
8149559
15283717
16961943
19147035
11822055
13778897
12865044
11237292
7892630
13947917
15004621
17632561
16900303
19330959
11517985
12082227
15418195
16902589
19286429
15133578
17611852
14554014
13768981
11144753
11144262
14775849
19163831
7099266
5193665
15529209
19164913
12500442
18153672
11797573
15529956
16925268
11279390
16615285
18933062
13513307
11642520
14032862
14510727
17145710
16753874
14178871
8786932
7219503
16083184
15866049
18880525
14517308
13905668
13942085
14419471
13779683
13301480
7696021
10736384
16005445
3495003
10942647
15094458
13514662
11601205
14399561
13793874
14426676
15649738
13331478
14601656
9665396
13941463
10477412
10367596
15944091
10061485
17710613
6704917
14172548
4802341
7917669
15042241
15237087
13475563
17522264
15741917
8211612
18258999
16093497
13048393
6281083
15966643
15353949
16433329
6928602
13554054
4261957
17099888
13520877
15447997
11868150
11888575
13947424
17481039
16244233
9606655
9039455
9360155
17108032
14078723
14997758
14573369
18470649
14809794
13215455
8314135
11519132
11141824
12106926
19866426
10367202
17188277
7250249
13665111
11806480
19297588
6996779
12941546
8796204
10383179
15565945
10070670
19469739
12956940
13699473
8619211
15100634
17872742
11477208
13922094
18390243
16412400
7498072
13732567
13713836
16589482
14931598
15229337
17707553
17299969
9282436
14956688
15513889
15198467
6987598
14784121
13459739
18672607
14763887
13972747
13233147
8769829
11447312
14039301
9997401
13410510
16275119
8862181
17482570
6232387
17151034
15243909
14557227
16430723
17635941
16684861
13835301
14868404
16165255
11258328
10602354
19219499
13920356
12307334
11868763
15151004
13176726
9345222
12405892
14411344
14761824
13779235
18682853
11739911
12768338
13546261
15136629
10262824
19942924
19674071
15039763
17908015
12670693
13681371
13860121
12542375
14673755
13966398
11679486
12788998
9277531
9352205
17760627
12964934
11196648
13200645
8838123
6236458
10774926
17791458
13930749
13243547
8193792
13240420
13681765
9202171
18694352
18931964
14443271
3806271
6143013
15541612
13890450
7933610
15082231
5992992
18322498
15873322
14551651
15427618
10478209
19015691
13966299
10772938
13268431
17195995
13244395
16385053
18178270
12784107
3725720
16754435
6120518
17689510
17083459
16501797
15026380
8588284
15766901
14644144
17583959
15066415
12158414
9670198
17026350
11115012
14412221
9601358
14597375
15927779
18557781
16242171
14336268
8172376
9847951
18718864
16945187
15395325
12668709
12402110
16231038
16068693
8680842
10012918
19549887
15217290
16715578
16934179
14291185
10584785
13589521
8101939
9474118
16078100
15217181
11818050
14562303
17253647
13453688
9277384
19462650
12908096
16740800
15012545
16947914
11844635
8122083
16792401
16964567
15303702
10276084
13524437
14308895
11533518
10502935
14571334
13020514
13482868
11229267
16255721
9196189
14496225
11375264
18851588
14687933
16841544
10967031
11522703
8926420
9226548
12384246
13834756
16628646
17538214
11085088
5762038
13677041
15053657
15587694
7086854
14260075
18229343
10063965
16253304
12978233
11024328
16908260
15598579
17427726
15325168
15348112
14712409
11072709
13520720
12842753
16702821
18828662
13590207
11399297
15861337
18443239
15134958
16562790
8538799
10170121
16121730
13363685
4742663
16540125
10599254
9188133
16274372
15037667
3673141
14952153
16036431
13011868
14724748
16895938
9685857
9406371
10883127
10353833
15027305
15655041
14746867
18568722
10800268
13802987
16354837
15501056
6308321
12868028
12125979
17864936
14650505
14383471
15708986
8954299
19017609
14776330
10508238
4818365
6290164
12413254
12483423
13540860
11870726
15090945
12239504
12106791
17658977
8325954
17492116
8808584
16914323
13407414
15413487
8143076
6972827
17303594
14605941
12612359
9379557
14069747
14286125
14918426
12514585
17213841
16912679
9370510
16547573
9065224
18492255
14274571
12564805
11375656
18492313
16034977
18608360
14925850
16104265
9271370
12577221
10689802
5357941
15540367
13439132
13242026
17816816
4668505
12532453
13371722
15075668
17580144
16569976
15473735
18170221
16988343
17917327
10965217
15197035
9618587
11067300
8946582
2214549
18143604
17365462
12451472
15774620
10136863
10101245
16054871
16012305
14104512
13642251
16138168
8697784
17402424
11000937
11718474
16901442
11225239
18336688
7196541
13969270
14272227
8801909
19106799
10627786
11642077
7626568
15710246
14800891
12500438
15667538
19610184
12582663
9372218
15094092
14740922
9145480
13609378
14647100
10960765
7283000
7309046
15542024
10495168
13519812
10665428
12847408
11101755
17425000
18180174
19438290
16113542
9959668
14949294
12913451
17683865
14948469
10642464
18076545
11766257
18678516
18454379
14182395
15629490
9806850
10785086
10925019
13062367
16875341
15953654
16416914
14995202
16727652
10512267
14975348
14574192
18586512
8833472
12496636
14650437
16269913
15941653
14313728
5722233
15284229
15512458
14270141
17830009
16435150
17400893
11200293
19019600
8828717
16910444
15930658
12830509
15208436
13101502
17724782
11428671
16529252
15807761
15476834
9369234
13489600
15580852
17272958
14424974
15663398
16982262
15431313
16518354
17736216
14264075
15445621
15584598
8484402
9260051
17422586
12215897
19829448
16178452
17219069
10283919
13727712
15049252
15544061
11866964
13370571
13004340
8434241
8742666
18308018
12595314
17436618
14027593
12819367
7225847
8454110
10357582
16711543
17183677
11635042
16684610
15220939
9576244
14635657
16776340
18031572
17599981
17376963
14605043
13144416
12086575
17474286
13272888
11847418
15734556
13583975
8955060
8014152
11682820
12716295
7609355
17582042
14257353
16587205
13073339
12162936
12597442
7220170
18757558
17072627
6911998
8573054
15263664
18938717
10009801
13045644
16392112
17758386
12675371
9672935
16690347
15250104
10825269
7286157
7440557
13615963
15384041
14988751
8567774
18226017
16683824
18866190
11054779
8582578
15818176
11772034
12003311
16980459
15670006
7752071
16491138
16297280
13429677
16498463
10696627
6467671
13483833
16447131
13384723
11286838
9744689
12315691
12681432
13497503
15772611
10907970
7000079
9699412
6838485
12488181
16909419
13590276
14481068
14241656
15274296
11356538
12476941
12489285
14846876
16469088
13447878
13925235
10292358
7452577
16829329
16532057
16030264
11083249
11406778
15357583
13445893
14053221
7796305
16941013
16083045
11782831
5608627
14955122
16020209
10866926
10962266
17852457
17094670
12007076
11797028
11373485
16756287
19202506
12406285
8563829
9765215
14566420
14679967
12602241
10384079
11808919
16189718
15681218
14950764
16488446
9764549
17204596
9451685
15097609
7262022
17165980
18323164
14435070
14301480
11529284
15896081
14298159
18373364
14726280
18420189
15638248
15813491
12773793
8049081
16278860
12791603
9036319
7248722
16060948
14292108
9486790
13657349
19012161
14128560
13042453
16541624
13087400
18018349
13680319
17187336
17893900
16469194
17144703
13947512
16418884
7863103
6685834
18294133
18897895
10246481
17183529
13193143
14512125
13233878
10179288
16666949
9723266
17433201
13663650
18754312
13669314
19341901
12724166
14984951
18799901
9768790
11586634
16769956
14952330
6604691
15721068
6770122
14446958
13842830
14237044
19786758
10307904
9120714
9891473
18105664
13588786
15194088
11626158
15444890
16471037
12491489
19013470
14623043
14198414
15506472
12387219
11751226
9603736
17634913
17958223
15185948
9811005
16438375
11792157
19023906
7633074
15060800
11605044
18534190
11964678
14611928
8859513
5495837
10885725
8212835
14139466
15254911
15088275
15658205
9853065
15956719
14319888
6024896
9685464
18516882
17694090
13588586
13734934
11545962
15245393
15875903
13890351
5785490
9707091
15715972
14969458
12730117
17552040
19220427
7153601
10674820
11707052
10011718
8641824
15886666
13602975
17707504
18282848
7062161
5108889
18398268
15409327
11492748
16057240
12371407
15080096
6662619
15144601
9183617
11638896
8608388
19832620
13969771
15401790
11688380
12484927
2541727
5674654
11510259
4205855
8499256
8832334
14867041
12397892
12384318
18511625
7333192
9847578
7095793
11534346
15184331
17674433
4851538
15388481
16807411
9642483
16087289
12588380
16819181
12492562
13299055
15374661
11528963
10609338
5066237
9913192
17835295
8273724
17145457
18862345
15015810
17952885
15299779
12452769
13367761
9602691
10595624
9177802
15104364
16963254
17089241
19168851
9442713
18630942
19593541
15264457
17117101
17486848
13152603
13370699
12851712
16855504
18040860
4413849
13505060
12495791
15502041
5409829
6927261
14916059
11860394
3971036
12706516
3920552
9972329
10969854
10390157
14189206
5838604
10213298
8895597
18370023
5469288
12530473
14456695
18376272
14086054
8277965
15711798
13279513
16814879
15089983
7526868
15546793
15902322
14647259
18440163
18109470
18673455
4497159
17714884
14799272
11047219
12555666
15105366
11064846
13063341
5630910
10931725
6761118
7455460
11133477
19381760
7878198
14641089
16947189
10314071
14263366
15620011
6992089
19065801
14927712
7591085
14601403
15997812
18812059
9161766
18649906
11592625
7851182
2648817
17095648
16255405
12491327
12109810
16116588
6395860
6781828
16703533
10422465
16215147
8218653
14103266
10957792
13201402
12961156
8782983
13819047
14392593
16125371
12071402
9606768
12949666
16503223
17310999
16480969
17048353
17676685
9700586
14856211
11688495
10898626
14490588
14816883
14966542
16604407
11797729
18054935
9043787
14646390
16458369
5939045
10459375
16615166
18414202
13340445
9178659
17780656
15474740
18892172
12770793
14314902
15103568
13308782
16954926
11376751
11224092
17016451
9881130
17657321
14715021
16915426
10547970
13953941
12213684
13842374
12902821
7627754
15633174
17731836
12694896
16649985
8644311
15324240
12164585
12656150
10581585
10922222
15428631
17707472
13455800
16041804
7830210
16206331
5782012
15737512
9076043
13087871
8146981
12785812
13613427
14403880
15308560
17108309
16742847
13445029
13868970
14833485
7941682
12518525
9088311
18385806
18371831
12020726
17508693
12002304
12940093
8199943
14984839
12236921
8647147
17313551
13760757
14195705
13636828
13888242
5959322
11363604
15060248
2795596
15796349
9207160
10124401
17839378
12158051
16830262
13709841
5194325
14855810
13532724
11140174
15127035
6227241
18325142
15371927
6077792
9580623
8528342
18065130
12978098
14281949
17467191
9176758
15988429
17094636
10320677
7071148
16732618
15753505
17704041
9754508
11131550
13325734
10857749
10641637
13116301
13831441
10546375
9574874
18693129
16144441
11717763
15682018
16535270
14835732
17323339
6868897
12614720
8335510
14388540
5411388
19604029
11279584
13558270
14695934
8468163
11496814
7076896
15724923
8968772
11947533
12845705
12390634
14045173
11521484
10369680
15402040
15159850
15633079
13924989
15748397
17160418
13966638
14021842
15275350
18632397
11293615
16844075
14796899
12533104
10443853
14625496
7063834
11332238
15085795
10504387
12058077
18751845
9654774
15953986
9070782
7719783
17231736
4442648
16699675
8263719
8631659
17787764
4358565
10150093
10042399
14297103
9891512
13567562
16820837
6552589
11208016
11510579
11554907
12447625
17473202
11689563
19465908
15038028
7883921
16548758
12503370
10156547
12048517
5534696
16399443
8177566
12620406
14640445
16122174
19933229
17010886
16856047
13259055
14569544
15932967
17211108
12045099
10462541
15612653
15009768
10649881
16629902
13835976
11884261
11412947
10963146
8599910
15830389
9173375
10544996
14896755
10662354
19066088
8212447
17590396
6913052
11383511
15912813
14043915
17509587
16716438
10050249
11884205
18688454
13864292
15421441
10034625
19304879
11337594
11439027
6207952
2833157
15985187
9017198
18092483
18519788
16984452
12637442
15088049
12723540
11231203
6591232
13507530
9246266
16061583
18684241
6212553
12577109
11301905
10816114
13112331
11131494
15005639
16197746
13482677
16991346
14690713
19518043
8642760
19574400
16307625
12838650
12852399
13389606
11328945
16918674
19116652
15479387
5346672
13552146
12401450
10021059
16463824
8012097
15748562
17260786
3498547
16499904
13170822
15892434
12369114
18961484
16557818
16281883
17710259
9333978
10340153
6382095
15483891
15147351
16273648
16835871
15006422
10742394
15885616
11726394
17256171
12223893
4529900
11374843
13937020
5176688
14418483
14284116
4156334
10666932
13648006
14480406
15852088
8525434
16834942
10385592
9760186
12887783
19182323
11052842
10166431
10683672
9548393
16089925
5870319
15971288
4444683
14944798
5288629
18132720
15604029
6044230
15199143
11371027
14419625
17631925
5240554
12632750
17690493
12712284
16452643
17326342
18486604
11866455
13703342
17772172
9912486
11856807
7134712
15471823
13498407
15038296
10744940
12076469
13862084
12853998
6191129
10267621
14201506
18150780
13483721
5792546
13422084
14907710
17881892
16100954
13851469
18627320
12326180
11588011
9141550
16861513
16882827
5350561
10421036
10933258
18344044
14191721
9807421
12261779
13977706
16663331
11937018
6406416
17336088
4913507
11224859
12363969
14253541
16039868
7510685
16111066
13585192
14936674
14582110
11145012
18302550
9084568
17835011
11615731
15384864
16956079
17750383
18129592
10567825
16668407
16677936
14996295
14238579
12105764
11674999
13525074
16440904
12879652
19506492
12734301
12059556
9145227
19491769
12382515
15543437
11825873
11884034
9703478
11414595
17497300
13734293
17047203
16567431
12693555
13862871
15429779
13272482
7839688
16182345
12839415
16789220
12975937
9376111
17089485
15686782
5494163
15929867
7865910
12607395
6918462
12702405
15819442
6935366
17336104
13418915
13590448
16661290
16048013
16123540
9270998
15483035
18087253
14888714
5002768
14282646
15150773
13614130
13083530
18612273
16176994
7639171
11341497
10910114
12467321
13524292
16261117
16659980
12266402
15802777
14377068
13728418
14922323
19676780
12064206
9754656
12032087
9237706
18729981
18822721
17759810
9365674
10379824
13403568
13281178
13604995
11958878
14075955
5301615
16678939
4887254
13331116
5202446
15576296
15289628
17183109
12956027
12986941
15738190
3737380
14364130
15109939
14343399
9513547
10352829
10483109
13529577
10541094
17576146
15959434
18240460
6583333
17431064
13120878
15967333
15538506
17480231
16549888
7793535
17401469
9981756
14668118
16016609
8050815
9634955
19022626
19232708
11546326
10791751
13064056
10416008
11241094
14588200
17327154
14290650
11861076
10542504
15182111
16852408
6379367
11935304
14820504
10303339
14288229
5146728
16098234
10211845
11571550
15311088
9974965
17640786
11222580
11424099
16108379
14302643
16895588
13567187
15090463
10291717
17308192
14643828
15488487
5540619
18024491
7541098
12434389
11710226
12034591
13589026
15967476
18461346
8388314
16141921
17875833
11750605
10105789
12606087
14664514
7740612
14307177
6792439
15701533
16662424
16998767
16371410
10070112
7529250
13289800
18008380
16785338
8510673
12702081
16563732
12683628
14164337
13455105
12650625
16975444
13734915
15926600
14610723
15294625
10075066
10827027
10361919
14700043
17856861
15719874
9451981
7110406
15341842
7473557
14814611
18683505
14757791
15514319
16959967
18199446
14323729
17652571
14713534
17595015
17976544
7229402
13397147
7226244
14084561
13468407
13942194
10768086
14973826
16274528
15475020
14841775
11202365
16797395
10412929
16684807
13205094
8104493
15598015
15609436
9411134
14210112
14623580
15298149
6159199
18901895
8709112
10496816
14360108
16482701
14919016
14203009
5330567
13378424
12918131
16576285
15719228
10973663
16329602
16700521
13009239
17527456
8843962
15490705
16696257
18244383
12655071
17378417
15551503
12786109
13675739
12514460
6682623
11742349
5426046
16447316
15451807
7967944
10331209
16199668
17970418
8767599
15319405
16459753
16425775
7997254
9424151
11453664
10899138
11491656
12380044
8882326
19263170
17311130
13157274
19836129
14736442
15618868
11330299
11954089
15495468
18901527
15780507
16150314
10709959
10416648
18868139
18529064
9744407
19244647
16375453
15656859
13786484
14497149
13276366
14937563
14638085
12068578
7725517
11009894
14675215
12015323
15664480
12525785
17388522
14325563
5327483
15071410
11081743
18945198
7241816
4694652
12882341
16967702
16768698
13283716
11732773
12225732
15254633
16111140
5138001
5334667
15153485
16872484
2505102
10640055
9038008
19510200
15231369
11398163
13903011
8255880
14479197
12889474
14264877
15367736
9809833
14237413
8105829
16950547
14378910
11204589
10229934
11262590
15542674
7541321
13618845
5062261
5786064
8939103
9643171
13973546
16837638
12688467
11797187
12287349
17415061
15452062
10380748
16005012
10373916
12919822
17545704
18380752
13069164
7732538
11252336
16689857
15035497
12528493
11748104
12871239
15052046
12206054
8680658
17994719
12591871
16927497
10278713
10231017
14462137
3386741
19222829
8532918
11471187
8449751
11966751
9488621
15198583
9278772
14280308
18620671
16502928
7252988
8256228
18769918
11273832
15647773
16807343
11529093
17270098
16453017
14667156
10005292
19196156
8383565
10236020
12739157
19319489
11193888
19935390
14045604
14048446
12896957
16800032
15107468
16373507
13558407
17366930
9825034
15675301
8935352
13413108
10982041
13601993
17908219
11831050
5611646
18913289
9893376
8518746
8524903
12693468
17204015
17168918
18077737
10832292
14578516
13401639
18161078
15407075
15927711
11086300
6500787
16094610
14089118
13148234
5266880
16262204
12831464
13075768
10663720
8707144
4311234
12541667
18204565
11879347
9830658
18054789
18133625
6170272
10224724
18938400
8375006
17051466
10167391
17687633
12239966
18851610
14879839
11238718
9641204
9056099
13929858
13073035
14205626
11667820
13305167
8233389
9762805
10875634
16428169
13088712
8872959
8499068
16194822
10551923
16497537
13593152
11955565
11390051
7279872
11546321
10648548
19116455
15650401
10244383
15024510
14809939
6179973
11648906
17446060
13778415
11954432
10093407
13001471
17299735
13542017
16824820
9997527
15382583
6782340
14588938
15746453
11080958
15287008
13857274
10253281
18047159
10275874
12738957
15070820
10221307
10758372
17976257
6735736
13014166
16117475
12055140
13637670
9299989
15903390
13751358
8020622
7797587
11365336
14400834
12645933
18009179
17818141
15887177
15071065
9447942
7370269
12556738
7244977
13638947
6853912
18572116
11595792
8414844
12785071
17467356
4825331
13861843
15700513
18951044
12145984
15165349
11302388
10417752
16409434
10223091
7216641
16691599
15756592
17904757
15321954
11627474
9615512
9181709
15664501
18330275
17276278
12419812
19138872
10669441
17136855
13514556
17228179
12374985
11938258
6510502
17270223
17750989
7779819
10851713
11758547
14036173
7405594
12858563
9459482
14125772
10274271
7922529
7003099
15917175
8257345
11040823
16182940
14438630
18264253
15254279
16863085
13135401
13427651
16075949
12833501
10327494
10780602
15474282
10589353
16336875
4791044
15012025
13130450
12447185
8788828
14940481
5426711
16601125
12745394
12261841
14269520
12101109
6362801
17544151
16885688
16255518
10814130
16638036
16846138
16316302
16802317
16872431
1464108
19473785
12487694
13784768
11528620
5963351
12230590
10614679
16021192
17311720
14401501
16650176
12601753
12427008
14852368
19635560
7980719
14954808
11717783
5414278
10314390
17718722
13974970
11994439
15441386
10714515
19255695
10306595
15673967
3847155
11554830
18196120
6717382
17229476
15698682
17491298
10270118
13890813
15004571
5769001
10895206
6828555
15331796
15273142
10629027
11856334
17647009
11396772
10843131
15442246
10907790
15763138
14821134
14071471
15091578
18599780
8779978
14789654
15657176
10521754
17505387
10564918
9342754
15210308
10698856
11189830
12648915
15177520
11938298
11594438
17473010
12801711
7299879
10221784
19247916
17266267
12642744
13598240
18329162
15093760
7759698
7251220
12072802
18479340
5328264
15228936
10427615
15569065
14296402
13734502
16908592
18840323
11358555
9083483
10438418
16392985
9780378
13794438
16638130
16473907
8463703
15992391
11834238
14742413
17268586
6247842
16450538
11723115
13132985
13630510
15183005
16539403
8406404
10449146
8225073
10923717
17447088
5355410
13171837
4575318
10692215
14357248
13593293
10702592
8373229
11961286
7182660
9146574
7336797
15867026
13157333
13962508
11232917
13584328
13940702
10111969
17135609
15253279
12738035
9655539
13541169
6381479
15979083
19249042
13734226
6242307
12578930
15717097
10649200
11430661
7425054
15787893
16378334
19446450
8901021
17407452
12819079
13007897
18228252
12893209
6062303
15970405
15755997
18637018
8308386
11238542
9308263
6409166
13620592
16047980
15391064
13269145
15817229
9408333
14461377
7954010
16300144
11939415
13310241
12757422
10163721
15984162
15863728
14388946
11301399
15115611
12932097
11008230
17002858
7293072
13336872
12267399
10069303
12932329
14355904
4618092
12423393
15632400
4910774
14048139
11790978
15077251
12609690
10036195
15089778
16150284
17299779
3972234
16656924
11913732
16339752
16231059
16071777
16755343
14056106
18251059
13616545
13606583
17471733
14611023
9459725
17969146
9787284
9068786
13142702
11118082
16695366
5580536
15938114
17831659
17127209
16348344
15096337
8263283
11945832
7437334
13508568
6533147
6750254
13620221
8712143
17976803
11291560
12145769
9721539
11819904
12538374
10015675
16007697
16982393
6221690
11604295
8866044
18835774
17843324
14064561
17255230
10208512
13356571
18791671
13089467
12086395
14133615
16149606
10527192
12263526
7940075
11988697
11884721
15886903
2336693
18469264
14012659
12393448
10381242
15730206
16244270
8117076
19566701
7829319
19316471
4247655
16019442
8605552
8113367
11097172
14761625
14437815
17390783
18580464
18766528
13989480
9555550
15979663
15963742
10987937
5455797
17851203
3694772
9967510
19174885
13931649
17007495
17580563
12647675
9282117
15200504
16553374
18031312
13267176
11931796
9060052
17334880
13411236
18606914
16706849
14336587
8850204
16929894
16003054
4074926
16242653
15352346
17241440
14234490
16022220
18126233
17420963
11973388
11726165
11086879
11503519
16890925
8908563
15674187
11456140
11244345
13916396
7318203
15223943
7361077
16070107
8729356
16602939
17117669
11985708
11553231
4070938
14127448
17005414
14804549
14605372
12036584
16030814
16039396
16269272
16755434
11261165
13172857
16725792
6689739
12834742
19184346
15418406
11630238
12693607
17921339
18361714
16639451
15706795
10465744
15977474
16981911
10951830
14303324
16737926
14841370
10048734
12868172
12273063
12377053
16125825
13562059
17154772
9316217
13944742
11373383
12726826
12499299
13667182
11224553
14274218
16649260
15208152
16856042
14463626
9728391
16224775
17483465
11725439
11708868
16544061
5574716
18159862
4111232
12367466
13100000
14405790
16580907
12677232
16780072
11252566
17285190
13895128
15950348
5885178
14572344
13945219
16812049
15258600
19076687
16185610
9803708
4389319
13365884
9117591
12039557
12806994
9891723
6375319
14140079
11252821
7962301
8628386
14662457
17852290
13127410
14780250
17305822
12265684
9333272
9990542
12277401
13496273
10918796
16674837
11727754
15382061
11265941
13914770
12571391
12778447
15079503
15503290
19135992
17345512
17489262
17912855
5250900
12940845
10267651
11587909
16320045
14358584
12545322
18347856
9843610
15723902
13897592
16117230
15506958
12244404
13038636
12490689
16566399
8087379
10012800
7092088
17357683
16116947
13345370
11524246
12773525
13331580
13439933
16331351
11093133
15994762
14014246
18175053
13407792
15734927
17699748
17380630
19699311
11228256
7342310
16442762
18262053
13507940
14477112
16092292
8218417
15140120
9667764
17758869
16895262
12761594
17205772
14651744
19205957
12218691
11884360
16477467
6563677
9109314
14320716
11515264
17563709
14126845
14923741
18091568
10261408
15955291
7863442
12393163
10748621
6976393
17788028
7719798
14287282
7962830
3835426
8811403
15556139
10679064
14344514
7283702
10573185
12092730
11097622
15781540
14316581
10679635
11129325
9274953
14631304
8776845
10061908
18122974
18350415
12419806
17860116
11923323
8264931
17336680
16652703
17093283
16592164
15566473
15373748
16601627
17330702
13376632
5495738
12793073
4451467
18684480
18761311
16965694
15754692
17290257
13593507
15525166
19229373
6328384
16001260
15828521
17130188
16019151
12658619
19201612
11093315
12799919
5234729
15823171
14597938
18485340
10555939
14919425
17152440
9633722
11602317
10137665
14316546
17902021
9529716
16452332
18299723
16642442
14325844
13310841
17807934
6946883
12353511
18410801
8824521
17930152
19681211
11442249
16971239
11982002
13142582
14369345
13468701
14448420
16728568
9853514
19165863
8554589
9172464
10648778
12473406
15572188
12789305
12113243
15426956
12026855
12300322
5440554
8907612
11418130
7678109
14843578
15040785
11879220
18544843
10390924
11233127
18408530
14087196
11276267
18333523
9618719
10063687
10502406
16082071
14525283
17206428
14905386
16960865
13401800
10548133
16100014
13927257
13415409
11999062
14301696
10007544
6609744
12408886
16719391
9256150
16808224
12842488
17487362
12774004
16978843
11782213
16069331
9267968
15156547
10008959
7267170
17322677
19629395
11766542
13289596
6622816
12346690
8312429
13885319
19140874
13539435
11906588
15884804
18016627
16867964
13375043
17257118
17914462
18910939
11341747
16694962
14468893
7516810
13518453
11575014
17312679
16524984
17327373
8550484
13530458
8978548
10322655
16111457
7389472
13543885
14032049
15463212
15242202
16988958
11350266
12177320
10461846
14936919
15013332
12937073
11575083
11416152
11209023
6485984
12081690
18483254
15787160
6974188
15798112
16160656
11244931
16226103
15297531
16239672
15907578
6655792
17676303
17063169
10866075
12925694
7119831
9670868
11996820
12888076
11481290
12840149
11659530
19095417
10372099
16776419
8392015
14639596
10944973
17911557
10929717
14604344
16467389
8642200
8106120
10871024
13479075
14754493
16394006
