10957942
12361325
12274012
10027378
12146551
14753819
10619449
11372022
11967212
7150653
8888424
18075379
12298586
17149015
16738416
6182633
12931011
9175770
12688303
5632524
14525783
6760274
15806115
11067560
15883428
17533658
14223113
14262343
17768938
15203251
15771027
18489450
12832440
17784717
18286376
11368559
9047080
11913516
17271629
14494837
16184373
6663281
10093368
12775575
15563978
14592339
14788582
17511609
14984922
12775157
12997630
16745310
16450258
15889036
16474824
9989544
12569055
13000245
10400997
11794972
8638969
18863167
11150736
18890662
14653786
14664432
17226638
17569384
19288335
11468158
13683069
16559103
18942828
14746391
8017688
12974701
17409593
14695510
8418859
16283697
17118401
16613313
14068487
13001534
12929393
16531826
10613557
9770350
11281284
12742227
9188166
14574500
10889203
18383333
17066751
3493813
8544274
10170169
15577807
12470685
14137916
12273314
13179100
8640690
16517386
9191980
16727736
15579522
14388044
7499413
14096244
18425585
18684673
18230987
14858349
15674230
13600255
18285267
15473558
10070366
11965231
18693443
14672569
16615208
19466331
15187576
16071331
17132317
14563797
6605353
10902651
13328933
13772342
9781619
13328954
18977719
12482405
16674279
17244550
12479625
8499163
14052526
12457633
11012048
9196321
14740402
11367063
16965085
15581086
16174958
15352308
17172072
14008475
17329340
15757500
7663431
17365649
7452073
15799150
15609427
13054690
12650331
15969911
17712568
8527082
18361593
4794281
17521732
14627220
12547775
14363583
18850736
10623050
18512927
16888018
10677146
8967616
8560294
17716095
10713674
16961957
15227145
11942523
10811903
4930129
10851869
14088857
9748973
13753075
11868916
14869655
14954820
9105958
18800545
13297052
11641859
14273358
13783220
17678869
13208462
13060796
16246175
18324704
11729583
15090111
16645826
17229203
11130490
10099862
15662196
11418613
5341040
15185294
15830657
14150528
10217648
19456793
17429023
9122049
14599248
14813531
11715223
14358227
14927733
16250241
14732850
10825534
13597919
15554529
10342251
11309330
7294570
14114595
8571042
8234977
18437320
13674150
15724842
6162957
16132989
10639942
16145320
10037813
16287441
16773569
10943741
12989625
18848056
8669671
13083204
8764706
16129584
12604742
18839146
16789878
15898955
12509775
17740285
14843234
7906645
17168558
17332732
11607637
11593555
12175190
18494622
13048082
15150870
14176305
7561859
10937511
12281311
16727524
17518605
15024285
9401531
8496070
16113885
15327946
15175613
11104480
7791841
8549960
16670194
14563114
8481596
14508441
14586774
16068277
12558481
8621940
18491353
10524734
16335170
15706192
5284128
13210472
11867888
15754383
15885637
16530034
13220675
19199840
16169840
17150126
16369680
13903378
13427977
15172707
13598275
6907393
17010352
12499808
10628823
19885796
14153366
10792850
15784954
12438251
13500331
18260784
17880943
12807291
11764120
17339665
9266511
15270832
8807558
17319266
16178250
17123922
12203082
11128839
12598424
16256969
16851605
19720286
15079561
18827478
11773407
14047939
3082222
3901305
15063701
14542932
18164389
12598845
19030998
14065024
11587727
18076295
18054988
3905826
16618102
16978888
17483425
11191098
17523997
15193440
16723093
10484843
15867240
18637907
6667330
4887398
17687254
9329023
8948655
10751853
18515129
12438391
8047994
13178970
16028754
16799364
9615877
16350091
16737191
2764674
12954482
16174823
15862208
19833715
15315947
15500321
9133689
15747605
16798348
10654323
10376531
10096369
18831199
8941712
13621142
12123109
12067472
10086607
16184982
15659842
14438776
10294916
13369146
16780549
16688881
9442163
12005862
13000578
10623865
14451531
12968078
17981009
12242101
12452192
7739397
14581612
17971379
12985344
18262910
12945279
14790061
15739604
18321410
12674059
11351654
13689824
13369980
13783980
10414481
18294430
12190797
15797042
15925385
14140087
12968999
19250137
8700857
16803028
19032634
8394819
14968532
16446383
12764813
16667349
9715593
6509742
10234719
15659313
12250479
15291605
15915844
16334887
16458658
11842754
6506746
12275048
11923968
15605730
12965593
13687654
15878193
13025330
17767293
16249831
5326726
12310212
13696055
9707285
14643094
7603567
11222232
13082625
17249090
10314197
14784852
17924125
13389582
17963846
13455652
15799048
14703073
13816391
9843825
16250724
17773828
15025924
11765558
17571762
10821119
15599751
16429739
18844206
13901846
12639330
18785085
5924957
16979160
10990753
9754219
8175509
14378247
12985303
13576164
17816172
14596527
9924910
17236138
11122643
13730373
6756815
13182874
10551605
8776804
15910431
11337568
16192035
16480514
11194894
7190153
12570475
16661381
11376400
13077433
9301417
15309718
10970016
15009652
13423491
13876833
18604716
11886846
10695330
18750971
10307570
11154449
9441410
16855803
13403982
7829871
11668922
11905967
14504182
9895202
14436844
8189117
10753177
15856809
11398536
11372497
6973569
12961229
9053465
17174207
16660534
18015096
10594726
12982353
16789676
16213494
9772172
14626787
12182442
13543387
17435167
18537923
16471892
12207462
13332945
16538030
15848938
15526732
4189148
13709787
16037727
13972400
13566234
8876624
11337583
12733596
13928348
16290083
16101133
17551691
12888741
19023473
13749822
14739024
14236170
11591378
13546209
11314888
10047922
6607559
17225074
16560542
14238592
8461533
9319375
14407841
14636285
16717603
8923577
16586398
13902166
16456681
11911133
12607010
17053220
17466410
16906349
5837527
7242859
13025743
18677996
9264651
7194147
15320520
15582768
8461987
11977996
12087857
15261485
14205489
12523845
16389920
12535240
6806827
14803682
13009815
12998245
14663907
15450873
11441493
19528647
3633267
17736848
8168775
14855977
15879896
7037873
9026001
13590233
15723314
14221441
17848002
9906917
16132876
16515175
7956958
10617783
15149215
15313571
9517878
6879867
13155243
14087885
17810636
12546328
10940039
17357339
14126185
12978816
11608735
9988875
11733614
12354802
11232310
11877102
10360787
7357467
16987876
15217536
14012840
14250509
17978958
14785858
14292647
10847619
15707668
10674346
16175830
12392905
12429906
9924180
10579843
14354776
16231821
14618133
13709048
16196894
16205863
14405740
11684970
5407690
14773833
18691094
9631861
7737455
15487002
17192024
6565219
15980919
13269476
13142136
13409957
16280499
16647072
11362421
15895881
17433845
6547554
15895138
8372390
9028900
14293740
8358181
11040754
17572384
12820300
18633250
14140266
14599096
10895069
8065152
13930394
16837888
10708580
15584911
7889741
13881575
16001570
14202667
9455831
14480513
17237750
10896457
14873334
17509682
9205508
15357590
9070311
13745873
16181041
17752446
10643501
12895767
6986246
13940196
16945698
18175261
11891416
15457024
8537798
19216754
17733652
7252366
10283135
12216576
18179271
13866825
11699159
16604527
17856534
8042343
8081128
14732120
16748399
10622018
14520342
17480804
8614826
16442387
16213278
11142716
13352888
17845607
18115759
17851191
13408747
14661571
15341540
8544133
17979527
10971475
9690614
16710212
10258634
11949640
13221169
15558781
11418277
14475407
17882498
15131663
14331790
12289627
12188391
16719038
11257860
18360810
13199487
15839047
18948763
15683169
8954112
10024502
14942194
16080639
12807551
14372612
12154829
16407791
12180797
15027870
17470988
9824869
12159150
10991267
16055018
14651791
16766804
13505326
12876206
11509999
13323968
16154038
10713962
11925971
9572776
8701121
11361053
5347398
14539177
9107761
17894205
17890049
9446606
8976222
17412086
17183389
11971243
10158850
15502198
16475526
14732830
12891830
12776545
11379652
11226948
12801077
9258716
16041337
9623856
9494631
17121054
11956734
15412745
12917235
16110426
6898824
10063047
8665800
8438806
11288439
17369562
13925180
19267493
17977173
12250680
15812641
15557588
16855091
7034715
10571488
13248434
8822377
16033482
10020716
11301180
16746078
9608601
14705402
6267173
7578803
8831128
12178089
11068370
16886059
17402071
9247491
12085460
17110564
17741770
12239406
17137157
13658797
3404050
15256513
16242801
10348882
15574796
17120716
17594687
12804977
8456469
10419033
15722935
12043469
10521163
19115297
13692389
17821369
16082580
8481766
18392587
14796684
11171745
17120641
5647052
13128087
12620023
12693506
18283623
16512334
10773535
15608415
18494551
15839495
4812376
10658311
17492445
17032042
12575374
16086996
18965143
17704321
14543027
8844078
14090750
13385886
15975397
17362036
18153140
5625847
18828584
19004090
18768272
2538196
10752378
5314761
11441886
17135670
14636252
9052655
14270862
19484474
16361768
10022335
14274124
13955233
15151812
14581987
16240634
7685727
13798699
13609816
7177703
10598981
14410894
5356523
13453076
18107045
10199625
12684364
14867768
4767134
16374689
19548146
14622887
10433456
19606909
18037298
18835452
7824601
9742721
17543165
19061332
14325544
17831686
19499757
8297221
15817246
18277583
8713020
12200031
14066182
12775826
15226963
5834061
11892135
4419715
18560761
13950172
19906616
12363331
14996199
10645152
15535820
10423221
15457488
14923715
18935335
14624818
14515430
7239936
16886360
10196122
17886276
16557246
15920870
10889173
16340380
18960623
7742860
14890783
9240108
12961738
17961152
10439484
14970245
10914021
15388748
15882568
16114835
8137214
17820541
18856317
4916096
15256696
7748508
15442556
15100699
9987205
12616447
9340406
17904874
12437155
12126046
18287323
12466803
13391405
13710808
17924646
13428868
17444363
16476607
14968795
9724766
11447693
11479588
10300552
19100973
15909541
14993681
15874405
14290399
13209763
17548137
13388690
13712791
13799322
16477503
18664056
16396876
16534605
15900522
12569678
16523964
17308277
19057809
13329939
15146892
10222676
17866815
8422414
10932068
15901451
11870468
17105625
4959758
16529053
15166207
14127734
13907602
12890991
6651038
8470834
15498145
11151149
11577391
12733753
16966155
13188391
17703756
12425127
18438124
12144930
15253424
10772866
14586445
16578983
13313331
12879339
18187500
9953678
12463661
15896231
10154720
16293277
9822933
14966315
12885697
18080682
9570939
12500740
13333858
9600637
18804789
11350541
18246574
17161687
14039817
10284452
14682937
13829950
9336706
10599428
17386322
8524769
15253381
10760753
12850895
17546765
11521124
11149227
15073814
16578267
14984361
17053137
14621394
18699166
14499382
14313760
12119118
11266128
15865975
11224010
9165579
15316472
18059168
19196957
13567464
18490379
15651458
10380687
10725669
13270990
11131192
17185058
12163924
14530113
9587690
12726509
13075901
14389766
14359597
9935240
10960937
17245552
15151688
14978914
15907952
10313212
13302431
14849304
12652577
10863544
8574265
16528598
16407976
15541618
15985569
11632546
5558586
14169219
9009717
16892875
11830019
17211010
14256777
13469625
10283958
5987416
14473940
17013560
9395088
10591891
7294169
13197421
11124352
10592216
17451993
16242290
11947289
16574148
13833202
13359599
9274232
14011330
15278798
7743159
13156607
14823177
17430628
10142361
13872735
15887010
3362360
17769763
15580718
17370161
14379071
13966110
18408420
5494586
16708746
15677289
15643869
18991893
15360887
18551688
11856107
15186047
5485649
11359714
10789211
17629857
16807723
18026390
10558681
9825694
13013405
16953890
16642083
13971546
17352089
12701764
12871126
18248886
13635682
18516513
16248570
11208837
14182118
17044073
12738676
6927897
16487589
9669053
14225145
13609323
15498602
17554564
10107666
18363904
9654684
18374238
13554241
11178318
8105772
13015269
14462186
15644489
7383383
12985624
6148824
14682115
10835169
10266869
17716052
15046560
12983560
11192498
17277708
17293372
6164885
19366018
15496294
17392022
19237395
15902035
7220838
12899133
13121923
12077664
13476500
11151072
7711749
15112822
18354786
17520136
12801861
6703821
14853600
18138849
17637920
17646743
16666414
17962377
20003112
13286291
8701758
18915974
13577846
11621553
5007543
11037588
6372263
13180595
16828136
17753710
9316789
16813342
13350975
16747925
12454564
15710964
14631976
16397449
6439004
15909474
12000955
14528072
13264084
17409551
12890003
8616496
16753279
16749498
10868843
14520777
15270691
18225995
16054318
12200983
14968336
16567024
14425388
17621987
16852625
6383920
18288582
15252142
11694576
14841538
13252524
13420644
9990035
7802007
11142707
15415343
8737858
13461916
18773283
12640048
10204485
8312893
13153582
15541025
12297740
8899154
14016884
11535908
16719475
17684253
10589107
5821333
13049148
7322111
14181847
12112545
13625111
9848547
8628536
19707191
10759096
15082624
18555394
16142306
14597926
8340781
15746184
12417504
14013377
14223532
16726822
11070488
13379546
12312572
12335993
8699858
8414555
5776416
15845392
14119281
16257301
15433608
12082697
16654900
9241072
17830661
13709272
16187314
12019916
10887879
14946276
14687352
16011940
11803450
8251353
16526770
16278758
14420206
15506331
15937846
10148173
14096450
13234401
11329002
10879475
7094423
11937221
12802394
9316420
14573965
19371261
14250917
15696468
15102970
9683713
9643336
7406553
14904075
13385275
9521037
7185705
17608349
14195110
14142029
15729894
13369660
15515032
10959900
11632656
13094700
12493352
16052296
10525815
17166784
17277597
13215776
7985497
10701115
8585570
16360910
12931588
17254204
8004982
14620476
13026807
15915083
13908364
15492254
8227088
14335286
13745139
14089601
16951956
14388762
18176268
14744564
14564748
2069687
11319890
10172726
18766421
14241800
17584780
13914319
10730869
17544141
16608436
13311616
10274529
10962304
17497894
17177701
14333888
12373137
19599349
11334895
8679115
11722937
16207139
11617833
17053096
15062279
15951924
11287052
11001009
16403001
16429554
18149202
12173637
17594262
11026499
8853187
8898841
19050114
15051160
11567509
18093396
17003546
5454268
9055145
18072941
17808805
13205299
16983366
12370365
15928077
9770383
4626325
12880819
12441912
10358218
18162504
14368481
9959521
19353327
16627040
11433918
14937215
8320231
16931925
11620554
13702143
14040465
15884796
9971280
12331454
3946838
6071401
13085249
15784231
12457841
12435873
14681913
12490011
14009337
10056645
13781144
12743497
15059169
13828332
16218482
13661178
12552670
9890665
18015934
11548266
10102968
11881430
12667554
17890707
8133601
12517103
14824710
12877296
13853848
15874685
14461809
5765649
15708661
15863599
14077793
16286765
12854597
16167252
15661172
5116617
16250666
17592569
9969835
19280069
15203198
10319877
5939982
17346780
6099233
9372688
8474517
15996695
13442738
16008917
14116273
19041618
16654946
17963117
15058985
16543843
17824408
12479812
15875361
16174898
13945369
7405869
16417366
13475322
15240749
15671475
15749787
12708081
17878420
13806661
15826185
6726724
18311722
14153293
11864194
15650151
15336012
18809682
10746228
16786434
16351918
16596603
11135397
17609843
11286187
17225764
12548086
16548826
10667242
16533288
17753110
13758510
15836600
17558925
13257774
11956883
13975033
10862515
17599995
11267486
11877265
11600938
16790261
11460715
16760148
16599537
11928942
18958292
15400886
15915317
10285662
10507675
17157962
17069585
10065392
12455155
6963839
17021310
15197623
15721548
5787339
14372213
14271505
13682509
10885524
12963633
10886212
14485129
12554570
10685407
16649261
9279662
17252213
17326662
16581734
8463307
14753162
13790578
11428203
14545381
17008342
12818214
14284229
14656790
12169494
14756313
17321962
15851237
14180714
18247704
15154591
15808647
16833705
12415521
17638891
12914090
16668962
15192411
13919082
11437477
7592670
15444462
16071703
10126524
13800317
11399328
15956365
14532496
15121218
16096923
13865583
9916382
16973872
15044862
7168980
13024505
9689103
13790735
18086641
16194696
12390372
16232879
11956625
14949693
15290827
16488605
17271388
16244155
7597040
9224425
6647261
16035673
9188700
13044715
12262435
13018483
11455606
11148840
13893512
17009015
14084391
15672007
6828185
9426999
14780101
14570248
12871460
15024116
14555919
10082729
12713057
18309787
10045550
16542652
13823824
13839691
13303740
14859590
14471746
6640429
4182976
11862048
18626203
15528217
10142613
5814433
10971986
12555290
15315831
14172981
10722396
10443600
15724611
13417794
17810594
10026939
15164465
13609335
16513122
10495182
18036226
18668798
11159625
19352851
13899028
18443998
11452822
16012390
19553702
16616876
16630927
15196150
15919582
7552226
17594840
10131384
17738900
19351669
13991834
14959292
11276640
10045319
19094301
15824985
17104766
9584538
14385749
8781594
16557980
12517092
18205159
14033299
13235066
16118114
15975178
13778701
16181645
12046113
11280875
18656939
9368310
12569291
11259943
17778988
16472032
12054592
14952301
16837585
14747068
15219362
18204135
17923018
4992920
19117300
13094534
10600217
17738910
19561364
14922094
17988248
10680110
13548750
13208654
16729752
15732220
13032032
8057582
14618446
15823442
16592060
15586410
15190143
9190455
18461709
11736650
16113209
10526850
12195921
6717323
12960425
10981161
5667342
14179386
12293963
10849465
19474015
15117287
9430755
8173546
18378660
15705949
18217125
15566740
12045087
14888337
17840012
10440248
8664996
14006805
15237955
13831037
19245962
7521224
15463205
10867043
19381385
17220208
12053500
19044056
9364315
14318005
12953823
13229966
5053430
14021762
9082143
14223731
12517021
9354173
13279267
6288053
12695400
8932656
16820503
17022530
10568742
11493523
15970953
12027956
10791470
14222855
7765012
15473482
11966337
5954251
9424885
14404424
13189881
9207406
11545185
16505700
3080517
5704671
15756721
14386969
9267678
16063774
15453556
14755016
14503485
12685400
12822861
11281317
11266887
11528966
6638366
11376458
15710815
13000017
10863538
17906317
16101364
8317083
13814994
15999015
19312819
11833634
17111173
13118497
18054437
12018461
18497238
13085159
12976874
16494388
19271157
12077453
10399259
11646631
15879608
12235210
13110436
11654699
16134480
11618461
11233767
14264433
15867522
11053141
15540198
11734335
17096465
14327921
16217008
14125213
16084241
18033918
8763142
17489324
16616987
13559833
9253152
8991779
9396786
13392413
16513736
12832353
18011433
13365307
11539081
13927863
7131260
16218429
8709758
18008793
7327090
13291229
11694261
11583191
11862941
16519501
9710333
9401480
16917364
16702920
18067661
18095086
15602366
10140665
9933995
10245221
11356339
2939567
10260014
10621464
15324663
18139437
15845282
15984599
13583325
12582661
16213906
9066704
15894639
15815675
18242423
18224221
14975230
15410830
17653486
12811203
16491313
15987625
10698343
17983996
8239749
10828864
17563341
9618266
15385890
16258694
14175912
14196421
10456490
13512002
12663873
18178605
11500777
19242980
10269587
16685329
13073731
3993086
17511447
17412409
14356246
12524086
8801600
14473203
14739924
15765393
15723536
10171020
16332449
17162653
13468865
12381855
10210112
9294336
11012490
12097357
15239199
12792287
15399074
5307035
17089074
13708887
18144292
12414949
19354897
11267382
15235118
17195607
15456678
8804973
16010538
12995858
18904824
6840656
12235264
16037901
4934696
13474447
15081317
16242030
17872378
15299598
12272141
8351896
10973435
11916551
16378018
12991396
7311100
15588943
12772492
10791789
10797260
7601197
8213753
6680422
11024252
18501166
10858159
18333183
8270489
18372442
13469502
7836235
15857376
11536613
13946198
19608979
12751319
17369248
17678310
6853778
13547131
12578717
10993517
12248325
9502549
19253279
18948694
8157532
18365823
18005508
17015853
9178409
7240093
16765054
12409343
13820642
13388888
18220136
14785067
14026221
12898616
8623772
6609078
7997011
13879004
17642243
14357252
15624824
13113170
10962042
13480033
10798607
16621263
13654272
7147343
19343075
14830583
16338520
13729490
13532216
12867482
13655749
14879912
9116176
8158467
7800257
19417582
14702728
12235131
12432164
16940443
18081907
17396909
10158882
14481889
18793324
14711742
8541378
8145414
14830043
15975599
10808113
13539435
17191249
5213127
5652463
13972549
12327309
11428104
4274212
9126499
2124771
16515492
8227392
8178350
17702908
12277343
15892929
17981724
14314196
10163194
15365115
11385655
9539220
13926931
12943657
7608445
9085137
11052395
15682359
11550719
12454234
12974377
11970940
18379692
9787027
15052152
18202148
17331126
9596143
14848236
17980136
9708438
18605317
18526889
11510662
9022247
11016170
17016269
12102986
11554892
8586556
16037444
18535897
10633464
6965984
15298660
18655644
16419352
15278244
18910099
13676621
17138464
11170613
18819354
12541070
11507932
17895831
8666103
14106428
10425990
7878999
7691487
16961333
16195373
16593987
15120479
19078977
14939088
16920667
15909666
7270428
13558284
14597104
17134319
11848179
14668719
16877720
14011531
11000819
15151158
9658097
16128973
14947994
14283435
17132286
7099861
11109547
15108170
7543560
15344108
13615377
13703881
15807963
13782025
11848720
7953064
14791920
18684355
10779694
14107816
17512379
17418007
8423854
17484672
11989270
13428792
16304718
7949303
14650018
15464532
11553272
16218996
13221170
18634456
13409343
10740365
12845322
16347838
12623781
10326199
6128747
8794804
15039083
9245129
13966482
11626818
19693176
11416281
8186307
17514247
15721031
7364145
13275528
10748637
6344347
15956415
12816104
10929654
15517135
17215735
12903835
15154154
11882133
16079436
17918285
14084252
9031204
14978167
16462130
13615262
16238854
10476194
14657590
6999104
14739328
17681204
14559586
15868846
16189705
7668668
12525975
18498868
9756732
15419107
8805280
10939680
17449505
16831834
16451276
18610490
10844747
17642587
16636739
17559869
11502162
15801725
13865210
12615188
17609378
10802843
13967623
15498448
16609205
8643093
16296895
13081472
16236675
7633394
12002993
10273101
8239069
9580599
10144145
16429963
17060696
11042420
17753862
10903097
15968863
17843939
16672777
14180338
10458073
17290501
17441221
16991353
11260629
15637782
13094367
15949099
16609593
12802639
13352562
14433006
18607706
16291623
15411668
17782302
8316962
19127973
16381852
13148539
12878193
10448397
12822003
11391546
12787619
13805176
16143892
14170477
13152185
14258908
18002143
15072324
15494841
3349388
12518169
16938775
14576776
15938134
15135824
15209862
17162630
8143484
17654693
14449489
14433583
5727004
16341818
10488183
17691989
9891982
13665512
15339075
11476703
14851302
16803259
16891879
4793987
9962363
7576658
16619082
7043947
12828044
14350647
18577774
13350276
15803472
11047141
17770325
12693549
9645802
8637085
17140238
14481790
13409564
18700326
14634000
13654822
4753973
19171514
15767327
16109126
10291701
3369404
12584674
10403394
12125202
15775228
5543819
13649407
18691382
13111566
7546677
18185899
8800561
16252928
18168189
18695933
11810301
12197147
6911788
7905710
14944286
16126600
19287528
13977228
18572609
14859594
16439870
19287868
12648289
17370878
10815005
19972225
17239151
10019223
4953072
12395777
13922144
17426518
18248082
12683130
18982218
16689527
7227245
13908362
18652802
15960811
14682533
13883639
13129800
15609905
14641619
15881079
11224635
18280171
10368356
17423931
11082224
15349067
16154694
15977168
11592662
15758492
13765374
14966808
14388742
14513042
9990841
10975910
17170955
4435968
16019320
12832744
15058215
12510288
6000735
18356320
13287833
13808807
14001902
17696016
15987463
16958446
17347446
16356431
17724915
15559583
15553261
18113812
11916932
13565519
15556280
11702586
15546443
14269663
14266829
14072264
8326405
17272068
9490923
16741510
16626090
10274773
19429944
7559003
12553327
18381767
12456260
16228996
17967192
12869437
5968767
15396115
9431390
16340764
17686800
18920553
10387316
8971889
10117141
13840623
13871317
19581587
18229036
14147212
7120594
14439936
14156072
7237223
13931195
13142247
15110279
14224185
8019689
15639873
18732753
6072693
16961917
12215338
17205919
9644412
15639249
8272255
13844637
18100762
18511206
8818807
9764840
14261174
14417127
14417235
6288986
5876343
12884772
6394733
13398118
2038833
9409230
9490849
14748647
14871254
15800421
18839207
7145725
13732001
13660658
17193049
17395706
13532949
14661123
14466155
13388950
14704600
11802230
3190591
18010711
12011265
10212178
16062856
8458045
17360899
16227332
14972382
15920867
13769070
8960950
14186032
18922053
13200073
16816179
16292308
11074873
14231220
14044185
17194902
12505400
7790788
14650389
15320735
15007115
12047501
18954717
15111005
17025008
13650687
12364218
17497862
3049783
13594002
15110272
17288061
16408285
17983567
12025618
10065350
13226344
18064540
17172880
15469704
16988818
16366610
5716155
14652257
12848061
18100064
15403798
15384865
16416664
18312417
17014346
8839273
9109578
14118460
15774543
8807364
12193910
15113575
16106292
11477059
19289410
13253683
13385259
13814955
7613391
11819458
14873583
5277155
17956389
13558499
15610262
7674571
16260126
13067920
17247195
7207788
9075111
15633890
8970196
18593998
6344590
8988097
16015089
12687455
16173758
9272781
14235395
16138661
11916647
15983571
8476827
9817620
11964112
12511007
17101594
9218298
15494685
16615646
13836777
16220274
15782429
12770789
8419542
19427791
10178376
15073462
9342288
5536828
15392335
9683512
15108737
16253742
15641686
15192777
16687244
12796187
14817908
8235931
15003760
12097934
9642409
14781132
16267762
12564690
13583009
7774040
11011832
17434724
15408192
11505442
12567513
13001376
11079928
15405757
17151598
13609387
17693362
15852762
16347062
13648479
16009840
15549563
14852417
15150647
16523994
15379561
12961524
12790829
17434370
18237471
5334018
11910316
14263178
8793177
15221750
11237865
15644171
5922639
16014511
10219620
17230679
15258351
17860164
14597312
7044248
12905488
16171096
8023711
8623345
7435947
16583869
17076683
11738672
11384798
17210566
13567278
17970670
14131206
15104145
13402909
9131272
11919211
9016832
12093631
9512128
11399006
14437183
18436513
7066929
8588378
6493889
12408192
16092103
12804731
19421088
17426187
19293657
16999674
15817148
15070085
13321738
9505397
14340255
14915668
14617649
12228740
10447784
11043470
15392318
17125674
11350691
13423665
11554840
15844753
6526396
5565397
12510542
15949418
13570666
19876667
19605312
14960736
9807934
15159759
9612629
16342409
9634263
19215998
12588790
12546905
16307070
8724933
10903710
14910918
16120510
10342588
12335945
13238079
5695210
12377328
11233112
10269205
12006424
10846131
15392585
16823858
16843536
14895469
12847563
15060807
8749567
17278378
17678680
8986920
17231158
17592756
18730048
14554037
14626705
18361021
14465499
19747203
13783700
12620285
15577300
14624802
14021248
11384829
15830500
16603850
4390309
12013472
12404928
17495935
8652106
12328492
7255226
13675296
17591791
11463617
7418465
12995535
15610695
10048549
8724638
8581450
11829035
9361149
13516542
17589659
17180117
12496453
18613702
14290686
13729174
17286520
14119724
16526435
10626070
16834448
5056619
10112358
10275092
6674522
10293298
12860031
17811816
15893812
18066647
13390246
14631890
6964880
14354712
13286032
9252332
17967457
17876717
18659383
14940465
17966798
10239058
18974180
16291619
13016233
16111471
17167617
13078762
14326910
12835602
11848730
15683585
16355740
14764847
8622544
12242571
16301771
18244697
15411546
14791434
11558441
10570062
16760410
10721937
8552658
14695234
15869972
19655337
17514924
16870359
7058318
9606002
16506103
9321275
17254300
18557689
5824308
13354449
9947828
6035553
12401156
10529165
17931868
18486615
14701229
16089816
9517488
16754385
18814988
13322118
12821900
12828810
14826021
11385099
17240793
16881609
14520103
12300462
12358484
10532786
11289111
8614671
8281841
15429757
17214974
8122034
12343366
17781014
16038269
15659975
4946894
12248935
13431577
17193357
6547793
12599933
12871127
13147061
13455474
14674343
8757544
12558385
18583312
10493154
14744207
8116872
13691565
11049509
13481155
10719302
18382913
11236069
17662934
14999719
13705511
17530875
12880326
19035245
12981568
18029093
11247136
12767196
16835188
5415768
16474190
7293166
8630371
15263897
14895357
13943760
15965726
15032393
9551647
16695979
10369460
11870642
14522588
14131730
16755097
7880773
14343542
8303875
13073341
13487424
17732190
15582107
17346243
13180494
18841500
10766800
15581439
8978377
12518380
15676682
15609927
14135487
17778597
16285430
19483324
16681300
17752527
7059280
19260039
18489220
13670023
11811591
17630963
15561785
8961602
17568238
9143621
10456589
14496896
18857303
17027655
14104749
10769557
11934141
8812061
16973795
17935227
16539909
17728438
16792981
16879908
9487412
13548206
14410803
18627012
12695689
13282501
16455798
16652466
18072386
12212431
14758297
14291850
17635198
16999393
17175894
15744636
6912399
11677391
16367988
18443562
12429199
11025718
11577172
12726484
17844079
9602066
15260849
16530880
14867304
13519197
15074585
11592288
12696154
17076274
12268682
11560236
10797580
19073104
14955980
17563256
15343534
17321079
5537615
18611420
15921104
13072799
13063180
16014260
12184413
18206037
12213915
12903389
6679205
5038384
15239312
18682314
11013951
17917863
12216818
17487541
15752425
18499937
14445431
18492617
12112491
17576287
8699182
15565567
18299941
16736110
8014753
14832188
15433701
12636291
13718640
18283650
13894244
14405232
13672801
12292199
12466032
15184006
12912659
14843778
7668850
10758883
15615523
6779493
17541861
19496694
11764768
12731318
19573139
9925334
17541214
10407885
15897064
18105157
16421204
16812382
18576690
14841586
11869297
16105265
15993505
15673504
8582186
11430169
10886561
16224225
15525189
11703443
17337872
19037502
14953875
14897310
16992710
8513500
16370847
8090377
9434752
9986928
16462920
9702436
8364264
6477412
14587558
13464301
13298032
12821422
15090487
12767260
16018938
9807028
12661498
8336315
8576603
7076320
6597091
18115690
12712164
7050296
13952896
19797187
13460971
7762967
18091083
14413694
13889915
16763612
14839822
16815265
12109436
12556865
12013916
14176768
12760127
12975462
18932271
14748605
12378661
15439074
15577545
18115444
15273108
15391811
17602520
15554445
17303608
17079004
11757071
14341403
10950844
18480238
14151167
15358009
17582213
13570404
7165525
16254657
15327545
12509780
11584547
15997854
8113698
17879420
8328702
18878027
4946472
16378725
10315194
15880454
10744772
13987609
14029642
12828598
18328351
14878108
16900571
18888938
5609290
14229345
18999228
11387219
9842023
13104281
11347308
8790020
7713270
13327807
5100300
10758105
10129891
13789283
12898626
10522900
10584647
15084273
12771954
13922665
10189043
19127972
15294311
13816901
12603880
16745656
13806789
10950908
12316378
18622269
10738648
15989008
11461130
14927727
15551771
10422924
18819842
10615319
11182803
16085676
17662558
14513047
15475433
19288454
13683629
14888935
10254563
11787365
15690144
14616554
14302139
15349847
16099466
16969638
16122372
10201861
9133819
7847595
14227727
12984306
9710523
16044717
8896018
14602432
14200513
8894174
10385544
8174381
16865446
9734451
16499979
17084998
13068233
6955664
14795591
10784698
6060488
10952515
11549260
12219594
15177510
17362050
15935147
8511202
6498921
18803251
19707602
18374071
14226934
6800241
14241847
15049091
14903631
16495473
19287793
16849913
9346381
15274928
12299268
13007540
14742470
13644766
16882003
8341339
13871862
18888158
13843985
10404264
15021355
11103294
13178390
18053606
17240747
12391396
9834349
12969646
11060629
12734059
11875805
17895307
9469436
16137059
8199090
16361478
17681961
12972022
16265264
13796232
15046596
10627249
17857114
18583491
18985945
14296426
12986225
11170020
8432537
9162445
16779136
14400296
10293910
13026852
14143587
12471228
9961221
12818153
9484867
11090500
18881294
12912000
15533503
18192712
11158916
17967117
13120660
10610021
18884376
18357219
17926293
15971496
14175658
13192769
8943952
18394268
17717196
4968610
13602602
18037390
11720639
16770320
11569254
15058361
13900438
16372777
12926436
13325313
15769842
11981766
5138663
13211296
13038854
17718587
18322217
14643924
17311841
14489371
7234417
12448379
19302327
10496722
16318646
6275367
9258626
11110174
15573778
9619247
18082448
18223107
19600172
11864341
9518046
6124443
9134338
11801185
10688958
13928662
3493134
12619348
15886429
19184848
10821354
16157695
8761957
14152636
17258471
16915180
15294530
11821498
14598985
12863248
12166564
15576689
10563183
10160202
14189008
12938479
13426821
10904137
13642227
12694825
16662111
5785572
11434925
17805328
13229921
15628917
12834526
8327713
13716990
11139123
8099425
11463556
14684234
16230199
8464620
11510442
18035379
12478496
10464509
14828756
7169697
14423710
14431456
16091434
9495824
18755137
10519731
15257598
17378371
15354293
16373934
15716630
12474586
18048551
14313138
13875359
5856002
17663212
10508178
8960925
11920898
10590186
18075758
13040761
13241946
13250750
10644382
18474262
13222296
16321606
17694200
15980500
8912745
16264624
12042071
17268267
10705717
16663099
12012396
14588864
14472636
12715349
8725812
16550100
13573197
9962643
11093134
15871906
11389059
11469565
17534468
18550796
14453323
10155665
12990362
11738492
15213820
10814778
3298440
14809933
17122049
13262324
11912159
4764573
17405127
9482833
13849948
14626728
9297911
18114433
18125314
14552846
8910210
10008504
16159156
16417170
14620004
17831038
7714848
16015932
15619501
4388411
11428564
13411642
14845965
16610342
11454333
5254167
1101768
14561626
14322720
14302661
18658808
8554871
18296625
14080058
17798196
5560076
12586933
16749263
10494498
16025833
14146829
15218741
10400623
17503570
18402968
17455685
16605150
13642659
18716789
16721186
12856209
14025599
16365063
15259248
15015406
8950081
16236532
11034889
12326594
15937516
15539283
14777635
9165970
13131758
17047137
14181122
14130685
16486420
14734952
15460409
14555034
18986205
14240130
6977780
3661022
3895723
18082903
8104882
13410281
5036806
18320403
14830585
13775859
8786381
9556050
16658007
10391332
15300308
15557375
13640255
11608722
9960892
7738654
19803442
8601174
18183212
9777515
8891511
17246286
18883385
16915098
12864170
11005439
9153422
16156226
8762731
9764346
15770967
15513915
14233955
13250369
14905495
17377147
12104178
16432249
18722293
18820365
13532118
17918355
14983417
17298964
19398401
12156543
2175480
13763345
10320445
11542735
16498246
12961687
19273859
9828354
16453431
10481096
13921875
14411004
16257098
13249585
17477034
12657842
17669907
14918940
6511964
13151142
18252173
10238270
17993750
12482787
9696025
14586707
13773987
13872064
13760837
12859663
13211297
17978914
11932451
14594386
18268850
15496190
15796292
19014184
13938059
15656146
16184493
17849145
10643581
12026337
15378815
10729957
10067603
17596218
8855720
19221954
17539301
13053412
12187726
19480319
17715725
13693846
16508273
6907336
14915653
18331117
9389917
8875409
15611631
13696562
8211479
12695120
11497286
16437936
9339842
9569715
15446592
15751541
13772111
15891620
12589122
18342657
16171742
17628662
14897468
18013942
12426251
19633748
16383860
14530071
6635342
10915416
14943694
13970352
11219749
17268663
14423842
11237558
18398788
15103743
15057025
10979440
13119191
6115984
8254336
18297865
10351676
12395635
15350431
12252034
15206801
14818957
16292830
10908425
12191826
14615380
12493668
9833501
4338405
14749408
14253632
9076880
7838591
16666027
14877758
16716639
16947191
17090673
15650691
18939169
15464549
11757327
15544739
14158899
16457931
15182984
11856564
8873392
9817662
16322658
15885621
17936298
18189039
18603384
10323596
14475407
17617143
6083078
9167293
18492725
15781520
10841861
11300161
14713223
14860213
13943584
5646221
15585145
18294165
4789791
14324822
10843002
9166913
13695102
15945839
15144131
10882803
16212017
10652741
13801847
10779168
11626528
16140844
16227969
12746210
13487473
4620764
17992092
16148311
15050573
18458062
6860698
10320470
9230774
10678374
15013435
9607127
7432213
9658382
12512387
18363238
18332856
11555353
13452736
6608395
15694167
9906503
14844351
10528594
7426802
13453977
14079786
13780685
19366156
19878110
11474172
17644263
14777621
12880280
15174700
13248304
9925949
11509797
18063907
12446548
9362606
18057009
18769502
14824276
8915126
16180261
18026988
19642278
15838557
5420358
11357389
15374418
10787040
10932665
13562330
17623952
17856528
8397251
16028810
6403885
13464722
16922523
14458499
10678919
14292735
14129374
11909815
12317513
12482772
12039036
15217751
12727946
11719272
17891915
14808361
13073616
15740295
14652770
10551208
11836511
16818454
14835323
10223466
10914196
18002423
14322933
14429874
15590738
10145188
15294632
8246744
13038089
16757409
12217633
11165846
18143678
13733852
12126528
14414047
15653090
11910908
15278011
10379468
15522173
13682821
16457188
13012999
12078378
15024011
19088883
13995441
13478951
15730204
10302548
16343774
9995310
13925736
17749045
16474474
10491529
11143696
16095741
13031207
17130102
13465864
18519568
14688771
9415585
10692566
17342940
6702084
17560674
14658138
13121284
9695005
17801618
14333671
16856279
10035497
16366982
12251602
14815901
9192018
10332539
16763704
17589474
19320303
19501906
16015384
13506312
11681973
13289547
14507685
18167115
6306174
18319061
14246476
12467619
16112227
12422361
8032679
8628877
7790955
18723220
16283894
14268467
12533983
18260342
10454932
18598472
18756106
10473987
8611796
9246240
9958683
16268292
14653305
17837965
18161623
12375824
16462897
15446592
18313861
15552396
7873771
13504519
11640241
3693612
9661221
17939960
6729180
14415693
10742784
8992924
12363988
13963680
16951128
19765399
12079482
16578576
18304501
9192192
10753172
14752938
12843899
9817245
11037517
7635123
13486002
18781105
14634082
12632122
11553029
17228409
12911418
13537111
14344926
17619777
7123066
11638098
11914289
10965993
9387917
18018933
14569364
16360823
12658325
13738329
15975531
13625628
14577011
11334723
13948656
6542222
16145386
8308545
9459641
15938775
2508359
8576821
10787390
11458863
14665055
10645535
18872614
12487786
15224135
16133395
14556441
15484483
9919493
12329710
11940125
12329850
19016306
15406638
18300042
12792648
13122309
13870785
9793413
12853826
15970369
16481745
17418151
11090822
12557388
19490902
15099605
12484367
9413228
18026209
18494136
10532401
14763844
10536029
16112827
7790320
13982638
13299152
9256621
6982166
11026039
7995199
14869962
19453198
12466140
16181751
8363839
10826908
16354023
10908324
14257564
14274289
8710926
16146355
18077051
10811880
6600169
18432151
11347693
12508507
19356041
16036170
16293172
15735037
12027990
12389749
13748210
12967645
5885319
18291194
16379045
15303922
13432311
16473369
16259663
18893751
15399720
12957125
10539309
10261215
12420070
15378121
13501185
18033644
17417940
14087536
16759598
11701597
15075085
17297631
7424417
18863423
12652653
12158963
14881273
18728877
10464892
10599141
16037661
7251582
14761743
5650981
13995648
14547854
11915292
19573847
10888217
15890284
16404357
11396374
16318515
6084094
13244825
14853764
17851257
9011586
13784047
18719411
14960240
5565113
12161325
17703353
7941581
16363866
11487503
13446022
7599437
12788785
9552035
9433674
15310230
5478008
6699108
18426424
6750355
15354621
13402919
16377926
9099010
16928279
10444369
13353910
16041840
12248020
16428554
12608843
15430029
13784721
19563774
11374220
12702855
9239521
14175431
12920471
12174635
10573548
7093583
9003551
17240066
15438657
13970341
13148437
7058495
18087297
15061237
10301454
19233132
17906356
13196214
13511559
8698882
15612084
9631388
14608100
7605371
11104620
15923341
14212664
11052369
11678112
14214963
7273056
5284982
15297418
17901029
10374762
17745885
11288683
15792077
12350162
12838430
13085531
16942972
6525904
10727025
18267772
10271788
15586729
9149803
16235851
6096307
10126278
16365394
17616973
9415592
10611372
12873625
16686404
8354952
13708230
14988653
15289815
13300617
12154722
16652729
19547893
10729967
13099156
18328607
14947994
19355661
12674933
8837378
4849488
9500567
12515137
11004890
18369970
14862955
14300730
9442211
9205304
9322314
16030555
7702758
19140628
18747499
18384433
14008724
14031216
12086801
16444266
17221553
17627704
11080013
9542372
15494964
8611749
15488643
17762185
7904881
10501174
14110329
12957753
12253609
15158371
17369179
11683513
15737446
11710151
18232507
17816630
16174734
9107642
12297125
8752520
10065098
15188491
12306955
10923632
11301155
7912664
17428467
16267474
11894367
4241379
17170831
14100384
10393811
5726059
10770654
18588395
15624438
12385653
12259191
10013842
15815628
18705847
14527880
13675796
6046035
14504278
16750418
11989707
10983170
8866870
17365896
13893461
12395466
11272407
15816544
14072948
13228818
8990842
13549384
11506529
12991545
14447009
12858410
11813203
17487943
16429136
11030985
14275754
13538008
15435382
6833085
7752252
14108760
6302353
12990796
6871298
10269572
13028615
15749326
10800270
14787203
14275921
8704001
15885901
10583955
13667903
16946587
3263945
8820246
11249729
11931761
18301532
15777219
15607754
13982001
17435666
10386813
9048266
16463905
16087676
12943713
18615654
17740185
13814407
10228486
16838798
16194351
15388141
18934882
12409482
15769390
11752201
13180784
6251001
10750099
17029515
18291531
17516877
18113920
14327373
18227526
9013023
11094431
13662916
16163597
7201794
14615380
16443180
9454657
12643216
17521672
14819630
13300203
12217377
13596430
13247670
15525617
8539127
16406801
15208199
15468763
14113158
8517107
8232621
16208097
11070356
14012426
8797006
17573389
12280069
9740403
14523021
17583440
18939692
16292926
12638266
9383529
4752936
16801438
13321718
14038699
15352669
13406258
4160774
14455917
16750224
12713280
19075549
14154362
11002979
17659167
15615079
13592582
18395677
12919812
13958592
13470853
16140706
15759323
13139740
11967905
17431774
16369980
16914546
12447759
16671889
17999876
18839999
16980484
10838967
19092412
12547271
16326245
16098686
9969089
13274689
16231317
10423357
17992824
11781826
14917035
15064473
13233731
16913735
6092325
17122399
6989700
16570040
10126053
13837738
16481567
16867196
14516013
15987212
11046770
11066925
18598816
14674389
14816187
15834258
17761456
15088248
14266594
7132500
17032104
16638812
16974536
12171917
8324914
9283692
12407226
15948974
13015502
18388033
12054128
13613568
5040217
13562952
12511590
8397195
15939635
18374811
2593418
8837206
11139237
19298149
16438724
5841539
19221182
11585032
15546427
14204001
13756902
14465787
4026907
6441770
13108642
14267656
13556620
15862029
18257973
10176759
8553252
11702289
15737430
10679260
11861433
11327442
11888647
18767884
8637363
14218882
10817333
14653672
9434852
7624888
17945222
12387914
13970784
17564856
17954187
11612524
14711335
17082661
17303862
17884348
10940997
12098473
9893350
16800983
11626629
17659556
14109800
10055123
17307955
12568838
12375279
15335870
15086421
12498934
6729572
12565963
11708496
14130236
14871150
9563611
15456086
15303985
14848432
13597694
14584394
10366102
17885088
9906716
16554837
13903673
15941717
6627077
17096240
16322734
14465904
14613719
10984887
15155188
10853913
18633304
15269125
14211018
8441753
18956507
11783601
9990736
6486107
12371588
15581109
10566801
13151435
18776078
12837947
16743259
10312278
15151673
18033726
17061235
15807688
9819294
17598740
13038317
10363004
16645609
8788805
16076400
10875461
18134969
13403227
15423192
11644884
6869019
10033988
16033923
18194277
10908874
10145712
9924869
14478742
15232914
11616617
15713881
13098097
15373261
11807361
15065736
13850242
14254256
13155939
15751509
11399863
14063843
6176541
11931417
12462116
14322322
15078206
16871272
9996483
13893859
16935490
16253239
17854389
18321785
16854137
13116643
16821581
8724698
2564810
13171035
17041692
9101280
10910600
19133914
17021709
11735762
8074147
14244164
19020573
13474735
12349667
13164738
13240139
16821376
17714825
6103758
6024954
14588323
12712949
13324795
13109805
17436804
9708130
15842950
9752660
12597668
10161520
15072452
15233498
15599985
9991774
3989225
16790011
17057503
17170794
7247903
17301541
14480373
16873882
13289227
11487567
7401468
17729815
18084609
18428674
12403043
13535075
16187794
15238919
14926981
16153377
11509111
8956821
6680326
7473255
14215575
11633616
15523085
14842313
11034574
11295936
10178375
13547450
10950175
16578251
17510890
12350112
12482139
7412754
12167252
13252212
6558780
15386057
16687822
7311517
15887504
14236904
14041662
11508836
17367215
12350751
13586060
19055168
13422844
8441696
17169155
13041634
14835619
13814034
16378667
11047353
7213648
11958738
10106523
5553117
12270793
15859119
17469458
18074861
12006840
11847233
16079245
16643843
15655893
9355827
12298294
18530132
17444178
14665532
10798887
8294824
12093323
17118843
3882070
16301714
19777207
14281995
10262000
18874992
16062551
14513817
13250172
14753242
10120596
14813828
16922441
15919201
14907968
10738115
9392048
9522311
10276831
18670501
12048948
9001160
14733449
16803643
10519600
10957766
15219143
18358027
13759424
12578777
11537759
16831641
18199381
16781736
10421082
6178996
14033022
14350338
10283138
15543599
8552167
15834383
13888602
8962197
16005885
10572296
9334449
13309054
13443028
16827650
12137347
18921418
6609285
19122447
10806694
5445357
15813080
12633129
14883170
9879000
18322594
15105541
17655967
8391928
12846848
17970725
9338989
7966400
13906449
16579850
11867210
17043587
17435567
9068473
12478892
17367514
13973502
11362709
14364333
7776329
17391787
14464033
16526231
15882693
13167050
14741931
11455194
15161702
11196309
7593480
17601559
17990381
11665596
16701934
16005466
13246778
10869424
18691114
19668084
11142225
9018677
14080599
10993357
18159558
8676925
13933626
19548820
18941729
4881883
18522649
10474875
17567046
5421276
11592091
8151264
14014639
19311674
12802790
6978011
8871477
16710236
17207289
17148439
17131617
17482180
8871083
11643920
10532488
19205660
19322289
12098481
6924681
13760791
5578151
8271488
4960668
8977858
16678592
14587253
17688183
13013221
18867161
12779120
12147169
12878677
12387634
7821678
16929939
13733803
16613468
10789022
17105601
16303583
13086818
14450848
11293421
15971221
13637758
15118491
14524406
19279444
14207410
13021085
15812145
15382942
17401838
16397337
15626492
11512043
17031364
16804378
11442968
14463406
14085393
12809569
17103149
15780099
9608092
10572539
15873248
9386756
18501249
18022681
6447356
16740203
12446159
14305485
18183296
15161515
17821502
11873917
12970808
9133815
6752158
12659302
7595037
14184559
12134831
8655648
9519766
13867399
16410294
14524722
11971406
5055564
10630778
8365181
11913601
17978275
11001029
14259572
5875719
14139589
14598809
9916275
16862225
12830403
13598043
12184129
8157305
14457108
11915857
14679184
15106902
11800662
13315114
12753245
8043948
10454549
9233211
11819797
13932709
10449168
16346144
16740494
9694247
12547616
19379187
18731628
10514624
14599738
5956170
10676243
16769295
11386341
15879609
12120072
14718684
16956399
11961351
13802654
15137781
7121063
18860978
13184696
12020663
10659450
13162810
12749165
9721283
15354543
15981626
18990730
13856328
11456832
11661174
18554101
11958064
12990861
7318212
10814547
9051463
6606715
13962880
15693284
18211620
16704674
7692530
17363266
16259710
14516049
11573188
16906253
18835631
17832618
18867525
17705996
12554490
8335608
13258388
12983790
11479190
13806095
17559873
13325840
11671089
9071158
13693182
15336853
10118637
16226437
12262431
7006293
11929584
12662188
12528559
13703035
6476960
7305646
12902349
19420681
13259602
16831353
18523688
9478036
6564715
11938631
13806028
13678641
12430505
10358676
17853747
6559644
12674244
10870915
16344209
18484928
4898476
18015447
13328406
11966814
19670243
10413030
17821015
9946286
11242046
14652401
6435687
15844096
8807094
12704055
13579298
10050257
11294238
7686178
14214830
12444183
15584845
11299856
13871224
17429840
17107701
15854935
13745768
10588368
11860966
15153843
6404563
10653649
2349766
16199986
13148108
13732635
15629723
15486647
8891336
18220848
14005676
15518443
18542192
17946845
18281508
17445353
15928183
9552977
11644382
18206669
17318993
15096727
8634987
15318581
13972651
13157262
13774555
16523139
18323404
15210394
14119667
9054392
17584914
14180991
14187790
9884806
7934063
15600626
10795864
12833067
10155998
18568255
10253890
15824887
8397415
13825182
17974439
16220207
19402932
16089313
10488223
15721105
6849651
17082658
9664932
13040824
8233383
8915173
15518451
10753845
15280900
17853556
7596224
13192391
9078968
8531838
13554762
16874013
18297474
16654751
10997466
5615299
13454188
17014104
15739786
18627594
9271405
17216894
15570284
18364431
7576666
12320554
14228747
13578677
9427587
17058531
17098151
13102084
16559895
17200985
17676814
16049175
6690370
15093104
12807985
11594651
14935465
17023829
16085182
15811783
12807940
15966858
18458602
3174858
17602306
11407047
12799658
14156260
11290140
14922454
8216578
12675580
15049571
18032116
9059975
12576171
18220808
7908115
7890952
10040162
16939201
14372460
16783109
15835952
14331958
13458715
14511750
8373261
16998797
17238398
19065636
16641011
4752340
14209225
13815905
14730554
10342445
8179668
5578709
18741747
17800634
16214180
17205832
18050205
11674541
18927629
12376034
18069991
12430457
13198660
13247479
13522649
16325070
5433582
14352221
17017607
15925536
18908310
18392541
17597536
15989020
17414763
17654691
18010721
17696967
4660486
10068606
16644040
8681020
17136461
10075551
13301215
15564584
11888866
18560050
10375154
18666166
9904648
14773076
16249058
11654107
13919169
15467945
15984791
17397395
12270565
17887903
13404016
16138714
14680921
18025937
11101112
16629718
7228060
9053341
14274486
14292268
12755591
18010334
7650406
15858500
17497658
14181216
5493291
18996410
15970746
4332544
16782873
8293199
13814796
11585548
15954216
11321691
14727788
7849695
9487787
12153821
8914365
13902020
8052980
14203920
13136794
16455650
17315995
8929027
10562356
9571664
15558815
17826334
8796227
13678315
17688438
8905551
17064066
16296411
9450115
11543453
16214756
13368374
16080963
11622499
18507500
9080641
14779520
12955398
15360479
10504096
8978985
14781380
12374692
13635973
8724680
14702405
13719095
7933406
14708532
10366767
16068302
16328842
12984158
13212620
13732655
18016333
11860568
15885913
11952864
8642017
13785029
18423723
15680257
9653141
18251642
12789177
10643198
9940952
8961244
14451755
17100842
14263344
12409106
13521566
7353814
7128884
16244915
11370390
18132883
13613406
15968098
17446500
10525459
13289247
18365679
15060823
8546492
19059366
15395865
19661214
13496240
15005626
18209965
9394754
14343786
14969300
12574705
15091685
10816396
17684477
11412202
18790681
18745187
10711931
16784715
10923703
16981084
13774046
11259773
11906417
12699741
18515964
14462972
18197017
12830219
12915284
14932752
14554101
12038427
4018281
11812376
17287086
11904010
16191144
6144612
15533541
8670673
15371582
12982431
14318231
8004041
13972827
8027846
14418068
17700473
19138383
14508069
17011233
18055299
13360742
16356763
14349007
10757448
9035894
9379386
19164244
13767005
17938328
9817930
17782022
12624245
17242822
8308714
9529941
11416590
15342114
12173871
14896056
8653816
16200095
18276527
17050198
9005541
13586647
15894201
19498556
10998224
19795584
13029625
13873184
8795595
18129120
12008451
18545787
14956529
15313677
17231263
11329033
14446796
10791483
14350332
10854650
16768996
17382709
16031113
12159795
12103375
17181705
12374756
13616076
11681390
12970786
9714230
7445327
19311936
13410511
16080807
13992214
11636107
10867203
16547093
8381806
6253190
10869041
15931238
12267549
13673635
12370600
16943938
11646391
15862795
15118580
17450120
17717257
14159172
9531729
10458008
8971099
8282476
17459900
15783036
17328466
9831492
16957350
13644702
14568614
3882250
477179
11076317
13200854
15817190
16848232
12910901
7769076
11368660
10800756
11232170
16094744
13937937
16136912
16197375
15757847
17160844
13493733
16592085
8132138
11874909
18530340
14495306
16580161
14592813
10474754
11062869
12721274
5802300
15938145
5876192
19647510
12634379
11805670
12277428
13157546
12753206
11235585
9669526
12760426
11704964
11521785
18016764
11297526
13312967
17373797
13628593
8944132
8463040
7817333
9551693
14112987
14012015
16331797
18051338
8255599
15778794
13334193
6947190
11980442
18040252
7051370
18073111
18745651
12537478
16820411
15740091
16098717
9928157
4260783
14210550
15012358
5927164
15413173
14153555
14542683
5430795
14187643
16353449
14382014
6657572
10353106
17529763
16337872
10978771
16523154
14402110
15157120
13965855
10582749
13876537
18139898
17303308
9415993
7788665
10057371
13069754
9410626
15295325
9097102
16048821
15631145
10254707
14195785
14127785
15279559
18512334
18829929
12176633
18010064
15379706
12474621
13084788
16538350
12385637
13523282
11422576
17371234
6284931
15633649
11300286
14732068
19162399
11456350
9883753
4920163
16216307
12894970
16480426
14883913
13577824
14923078
17079403
16869523
10596193
13491330
16356745
16514439
9538325
13469274
17103699
10016225
12186213
17753288
17816370
10219884
6480998
14865379
17348700
15826051
18379844
5176087
9762615
15160074
11993334
9552637
17360140
10132871
13426154
12312606
14518856
14670823
12243473
13266494
15286377
17744705
13014911
15264937
19565151
17354264
10971756
17880561
18775045
9155806
10093909
6918148
14863155
13319980
15764543
14098921
17318860
12538775
12864682
16724363
16122618
13394460
10127113
14010255
16283668
4026990
15435450
11577487
8834165
10136442
12130207
4565306
14807478
19443148
4462469
13702000
16873237
15675566
17494079
16466020
13109947
17203829
13754521
15618760
10711987
10857716
9912703
3764872
16921767
13729609
11177233
14550590
5152804
6583135
11661067
14198801
7207739
10106588
7218545
13341611
13848099
12619388
14299527
10467912
14026844
10851960
7743562
17395862
13324600
17908678
12912232
15654260
15839755
14300457
17954165
6378300
18122586
15411816
13717147
10855812
14217900
14910344
13896830
13929569
6730889
13678722
8377673
13318930
16205044
6915293
17640521
14711582
10380211
9393369
11051011
13322610
14189372
16673855
16758267
11856700
19075881
15612129
18009699
8327988
16202670
14855063
14248291
16593257
12616474
15962901
17364931
16412758
10078170
13323369
10332345
2799320
14141509
16439313
15138763
13833221
12039663
8479890
13043822
6797570
13089417
12634055
9111047
14268646
10762696
12748268
12046594
14512079
15929014
12756721
14781382
14315288
14096775
14392805
17628329
15487166
15082772
15838513
10314537
14402234
14439791
13497565
12133386
11694527
17402124
15695877
9183194
7715585
17685024
18828473
8995021
6409364
11320779
13386787
17425480
13340176
17509279
14633360
16741122
10168521
15609579
5164443
8086348
16789498
11777305
9100660
15779353
14102966
12415895
16587549
14164050
12038832
7438884
8738526
13155376
8789649
11295820
18565024
12003627
6784552
15041661
17137816
19352440
16648332
12364812
14536238
14256302
13839689
18741053
14564889
13645137
16315716
15199585
16558640
14010281
16667452
16354648
11155479
13639637
13421562
15627417
15019912
12681191
8869734
7036442
8842422
11879768
9074228
12308236
10487742
13498383
14670500
13682337
11827108
17332251
5307252
18506673
11283178
9520032
15349860
12636491
10439201
15629842
14165946
11275073
13054424
13979062
12050496
7803970
17739475
14465821
12978424
14589096
10378414
12074701
10674236
6217427
10258139
16680206
11492548
8606581
8419176
12279815
4403283
16397111
12362487
7390324
13236721
15754460
9110673
9761631
14850387
10358412
12815907
8775133
12098282
7892602
12165182
11907636
11738161
11445607
13217501
4972213
10326332
12304238
16543183
17094505
11856800
11462447
19751423
14973857
15310520
11499965
17959874
7938471
14339811
13622705
15640715
6941687
13735889
11620377
12091913
19079197
15244851
18555048
9859720
16754277
7692444
13511339
8637600
10015177
12629963
5249880
15570205
11607393
12984031
15638850
12718424
13836214
14580403
13632625
12316842
5883396
12741497
16461225
17094404
11377449
6325422
17688126
14508071
8202472
8704390
14688667
19101478
15837964
13857676
13932292
17862164
12932255
11120157
15492671
18363942
13189481
11594864
9990709
10603025
12911518
18448309
9307232
11902175
14225629
9215749
12840441
16875685
13407023
14115850
15887715
15572772
8353714
14762821
9397787
18702063
11667972
18830624
13848205
13154324
14900580
14232186
14348728
16785281
15026433
12415596
12966643
13875088
17269229
16360010
14961672
10604776
12855747
12561175
13312507
11061166
7738975
13097006
10907683
14181585
15446394
12386562
6109951
13071791
13267598
5746861
12863835
9021358
16050342
8503008
15519249
17687041
17560885
15770126
13931491
10622058
9885106
12841548
17513604
10098109
15133777
13228892
11432238
15159123
18446221
9255533
11821646
10688222
12006759
10385426
14412491
15247233
11499583
7569828
6403501
15406131
10166026
8054815
14177012
16299379
14578165
13286657
10219148
10587777
15887466
17905455
14691778
17094257
18367829
8885806
15205815
17248952
13138227
16057979
12558795
17308406
19067111
5271928
13013685
11870619
19345334
16177497
16471292
9792286
8571201
17388645
15751272
7125086
18014297
12797344
11686410
14032868
17544103
14613528
18090666
13813980
11753373
16471031
17104991
14864386
15674163
14141431
14202175
9787721
14114868
15825174
15013788
18459919
13637433
10960393
17079233
14588826
14013014
18782341
18322883
17131945
14575383
15557370
11869153
12440896
5828809
11485568
17331390
16393616
11215583
19058383
10880083
11811146
10509410
12251809
13279910
10925284
18273084
12207003
13095329
15152104
17813316
14995208
10419901
14755361
13436232
17271923
15839433
14619018
18171568
16614353
6385511
13093324
15423932
11960938
17685501
18624787
5124241
16047934
15315891
15428384
12193219
8527796
12620362
17684480
5462305
12949876
12680710
6363027
16567679
16238952
12165063
15662988
15727204
7495253
8212740
18021760
13513514
17125015
14502691
15520492
9834406
5971373
12111374
16203051
19382696
12794979
17846091
15913743
16590892
13457344
12898850
12390893
19085311
15688696
14897028
13820154
10495905
11156042
17035978
11099713
19013430
13329655
16308663
11686694
15533247
13985670
7444380
6877185
14822763
17754533
6812767
17687546
14421339
11446434
11587944
11178941
16106960
17133866
13088833
16471978
9728241
10703666
8568653
13827664
8685126
8395721
11876545
13578636
13326509
16859495
13949868
18193818
17580215
17145335
8840732
14547234
17205605
13190482
7807358
11110222
10958624
9402862
11561264
10849861
16994328
12239909
18608303
8827592
18608061
9091505
9543432
13087353
12944416
16350521
19451798
10071113
7240189
19137826
16587774
17666044
6411351
11155726
15564555
13930687
10220940
14861574
13419952
15071645
17030986
11822304
5758948
16467573
17486343
16966003
17865503
13089598
15326297
15776512
12217871
18794420
11198735
13229954
9692405
14494587
17077165
14864914
11132775
13051570
16439816
16870031
8359947
12145189
15328121
13605610
15385391
11424205
12289288
8338402
18056349
15340001
15921772
11031674
14633496
16979374
18815347
19220707
15045506
14124950
18623032
15440606
3594300
17962248
10869152
18814667
5656544
9722444
12786966
15556007
16194166
15561254
12822187
15938068
10046965
11443890
6612984
7595640
14852317
13440093
11741829
7164949
6130211
16787790
14728211
10010093
13228720
14389276
18209683
16384378
9334076
12001193
7596892
6571367
14461943
14014869
19151994
8915759
16040719
14645319
19000232
14803193
10960165
8620458
13865734
7382606
15893293
15438882
10885815
10940097
10944073
7896939
10083899
16460277
10282825
12565487
9306525
16511714
8947996
15686229
13880777
14417399
12264354
13594099
15011915
19522495
12566585
15713627
13122607
11736707
5699683
18765904
7465119
11569363
16183325
15541154
15933053
14315401
16254877
9170666
11677706
9976286
5900116
9609958
17095310
14996187
14620382
17288696
5663495
8234581
12695227
11080522
12238105
14555643
16589227
15718951
17535854
10569245
11101713
10760116
19098217
14551747
17691432
12801764
17667490
12462397
15487969
13342564
12507164
4810988
14716997
7608746
13901094
17025571
11215723
14243701
11681878
11279276
18320139
18474544
17671303
11026463
15791031
14491402
16694328
14970877
17988635
16621687
11531363
11881227
15149491
17024306
18951746
16824451
15677902
15561757
12999028
13889198
18474552
15498879
16070873
17062140
14004559
17389897
14389954
12359133
7603343
12738729
17474682
17849075
12301545
19538213
12724531
14028695
10523935
9241224
17768140
11952522
19104241
11339049
9285761
15978234
12608592
15951425
14967347
13691324
7215716
17322223
12976797
17707408
12452163
10709580
18088816
11272621
12480402
8044303
13235840
18604518
13702079
14147988
15072091
19409478
12236936
7764969
15453384
14416450
15889529
16106060
12965406
14556367
10946516
14912451
9129089
5900892
16017449
13077332
12102850
15584734
8109215
17099902
14685743
12505794
8671748
9450377
16662899
12394640
15859009
13844062
10111283
13721221
18347578
14811744
12540061
10946301
8116641
14161102
10610051
12003609
17681520
10494500
14103590
16959498
14158359
8756683
7817748
10306217
9944343
10869727
19353770
15390232
13077767
14513764
14741651
11044753
16897314
13515611
14916513
14891491
11622562
12157475
13625641
10363053
17787880
14393763
14868427
17716191
11830156
10490149
14428671
15693674
13978347
14321552
17767298
7768026
8241288
19226250
8866630
4055449
14651778
12744609
10325020
15011647
16392386
17309332
7673020
17115757
18037928
10358188
17220823
15078161
5223327
8791100
19506577
10873058
11755327
11196947
10084183
15930945
7912823
12669758
9090580
12672835
3671683
14139167
15660255
13307045
15780489
14106364
16827930
13598496
14132341
18960215
17501234
12055138
8903857
18804476
5479923
15234766
10132843
18072682
14087956
16106961
15340255
6331406
18596893
8356251
11772628
15159990
13723203
17741093
14817066
4588219
15798018
16665534
16908390
6946061
9320250
17880300
13426377
17991934
12853334
14907888
15750360
17541154
6087456
16757375
14332444
16737224
18031640
12582331
17959847
15102482
12739450
19949615
11566156
16045644
18125384
16846380
18081142
12432149
17806585
12351235
12834141
6969149
17423907
17700680
10560850
16576011
13216126
12848558
17648383
7620114
17287197
14754116
15144930
16625225
15983512
9854616
15075416
14340381
13688097
16758888
9342878
14302325
18728746
14229282
11796326
12020748
11633940
10922173
8395023
18640938
11474558
13204755
14965518
14943326
15022948
15741444
14970728
10818223
16673460
10879706
10178364
16997468
12889350
15114539
10275185
10281521
14240804
14739665
6989723
16838920
17566691
12331202
13290676
16439252
9121630
10050713
8135194
17917632
10657090
16334890
12701750
14443038
14134847
12688300
9093360
9577249
6723378
7849550
15496183
18002492
17767983
9286535
17858130
7348345
18713656
9427554
15190691
18363151
16426703
19780093
14746875
16955317
14777904
14952070
16569752
15021021
8157268
16934215
14124719
10490972
12307592
15526951
12248135
15732962
12557653
13300654
12269119
8898000
15869370
17182522
12028581
15478627
12125955
9458695
8723384
13805835
11445246
18813897
14945608
18534758
18197014
12384984
17278204
12624559
7863552
17141549
18328157
13754040
15249413
10446756
15559481
2785671
10132055
14711410
16378607
14651201
16536398
18401977
9325544
14636327
17107866
11697728
15179006
15704514
7581320
15301182
8672746
13073499
7967639
10861245
13270599
13205643
12995925
13308150
6274631
16601922
14560575
19172975
17304228
15380912
11554680
15309512
17141965
10062188
3799649
12359292
15944596
12860556
12236384
17164543
17260528
9221067
16307029
14769924
9023047
11157229
8492613
13322584
17233779
7794702
13010789
6637725
14903703
12287072
5577502
6414468
9879550
7378981
8078364
16831928
16087800
7334026
13270008
6887403
15513175
9078504
13225801
5861672
6574022
11104393
16596473
12372628
12662804
10853013
12739722
18711433
15476420
13221278
17454865
16779344
16613568
10475225
15522530
13982202
15939973
10523170
11336207
18270817
18041063
15785681
9134077
8014934
16933318
6545681
15800625
8727971
13457179
10351860
12627549
17777528
14470942
10331292
7370332
11310704
10865248
13902722
8944766
17951484
17984863
15362740
10511054
9858090
12307033
13180833
14151635
11612997
8423229
9658518
12589297
16370202
14694644
12097572
12385310
9421119
16330586
12802856
10416271
17451537
10667740
18418762
15816363
15340712
4331141
10080716
10059477
18892519
8669992
14528549
16302821
10047401
11681116
11796993
15080992
15789104
16069787
14719314
13736495
11365050
5295984
16990078
18018955
8342357
11733876
12564786
17171320
17039546
15116544
11958315
17602456
13725208
12588602
13266362
13526804
14706274
16033155
8845024
8442609
13183422
12654236
16837731
16959985
16367595
8271188
13773647
17303394
12433748
19385794
17733418
11859714
11307325
7962706
14017045
11322274
15963249
10671053
14950567
6372814
12405368
11274942
9170205
15853227
14429707
11357068
11207131
16645149
17826597
15881546
16873528
12847685
13424508
16315015
11576619
14904860
10544410
9662355
7690879
9839105
2784962
17757858
7206110
12637838
6787176
6602965
5970008
17468159
4981833
11839933
11864821
10113625
15028209
12402825
10000280
17336182
18310221
18105488
15655350
16223443
13394236
9635929
15683546
19457524
9221579
13929795
15989342
12259651
13293769
11649393
14284957
12906421
17682269
11000490
9211433
11596361
14227256
8584779
18501820
6347200
16307052
11763272
12928689
6664356
10922797
4814519
9595914
5485499
15805811
10695883
14267898
18181090
15359707
18387961
6153613
10398635
9836774
9616745
14417573
13588313
16315878
19100810
11595057
16461685
12513093
8295842
7044850
17394993
11985466
8699197
16833945
16491300
19520983
9082490
12617527
11979402
13504963
10302763
12996323
14886126
12651265
17606890
17739348
13098870
14680763
11296650
11315023
14315053
16473960
11294700
18658840
11228281
8921603
3108749
14316035
4309231
11549718
8536568
12454129
16882039
15366094
9001783
8824421
12929133
12546679
12784472
12411653
5519266
17076919
9378602
14319514
13325193
10948076
8238042
5857246
16122047
15833955
14514166
15804039
13484584
12497775
16270977
10792751
18042304
14815996
15557918
14555503
12572067
12593802
5725097
13857343
17652562
16982087
16997453
9442578
18463012
17273668
11634222
18582583
9699809
12941060
15685188
12552645
17555337
13905395
17210259
13607399
7886199
16066799
16929848
6258857
13116511
17227275
17253938
10961689
16785189
9523470
10553987
11360979
15044625
15599570
7795618
15657036
11073111
8013297
13924760
6345567
8659626
9318151
12694506
14495771
15531286
14393195
14641934
18916493
15382280
16134123
18237128
9349888
18546097
5523966
18658079
5167528
7393537
9499177
14439380
13490358
13569870
14869042
10868805
17522462
15108568
12548948
18936230
13395600
18033835
7042747
15700793
12529158
13779087
10434909
18050518
15483831
17334355
12434852
16543114
14419456
13899241
13066503
17613594
9612683
14617855
14136095
13049062
17223588
10406259
17159519
18558759
15121778
9682651
9228486
15575228
8156084
15522847
12202548
17246722
938298
18091759
9487806
19296694
16427133
12990675
15609649
13597383
15857988
13578581
6568853
10232777
13921063
12637304
10128318
19167563
14121455
17314067
4791821
14797361
11518556
7564099
11279475
8101658
11536650
10340595
11872287
15872015
13725707
16568770
11923822
7118545
17513849
11007540
12422675
7054714
9532927
10289735
14911864
13133590
15626343
12564745
8223833
9617907
14018903
8081907
9104241
8635377
5918673
14266025
15981790
16568423
13270999
11425327
16590254
6315839
11309543
12340517
13377612
17630378
5779608
10571123
11236570
13646778
17424438
13801299
13743240
16976416
9331424
11499384
9684616
11764684
11280719
13940071
12599741
16180511
7764489
17064862
19400058
18557171
6295755
14116263
18478232
15210430
14750779
12839769
12328053
15236011
12664594
7636725
10141707
17214203
17434159
17154410
10997883
12404565
8163386
16409273
14527202
10906669
16922623
15556371
16294870
16413159
15067011
7854697
11416668
11913303
9068154
13917725
8335509
16800114
8194499
8438698
11461927
9297961
11138601
12590988
15673176
8046897
16037207
15067900
15894014
14686527
18765203
13361698
13306853
14027550
8264976
14155379
13431331
8502813
11627318
13156476
17109767
11615277
13938899
14960193
14289407
11098285
16868062
14587127
9240223
13097501
16140470
12542599
16208614
13533814
14982777
9660862
12470875
15891180
15717975
14081598
16617367
16051863
12238719
2606603
18840251
6973020
13620484
10034741
15119090
16608462
14205557
16748417
11128753
14314234
19532919
13308205
17362068
13258546
14306296
17081728
16386981
16435146
11690208
14947452
13462402
13452446
17643650
14880778
13499252
13115791
13620964
6568677
12214694
15088350
7470437
8347678
7519179
12943600
9853801
18937222
9854422
4161890
17555518
16418069
7545510
18518472
18254720
11113909
14585521
18224153
18201118
12676909
13169149
11554557
14851519
10077744
12816419
19082950
14653277
11146397
7946696
15977508
16581567
10671008
18325863
10256932
8841758
11861271
13972885
12174204
11147732
17236549
17859520
12074209
12497430
12536337
9124660
18161014
18372786
12360592
15247096
6873984
14478952
15998330
13337248
11782714
8107190
11287955
10356467
17402697
18375312
17494301
13866051
11732642
11704637
12744207
12848801
18322631
13422357
16599398
14634153
13533630
10909609
6839804
12023486
18641430
9025340
14759057
12114981
14619470
16597624
16286041
16832961
13254152
16769729
15124464
15258605
16809043
10768135
12498927
18174172
14865116
19449526
16658992
18388174
8953808
17927273
16938127
14755417
15057117
15711453
11866611
14800824
12930340
15314284
4471506
15117017
13315301
12958562
15725058
13408060
13697533
14948577
18277694
19261933
8095754
12610615
13692422
9564033
13908881
11133889
6846360
8627380
15838968
11677555
19910036
19362945
13871233
18262952
11618092
8710222
17915892
12586955
13087499
13525338
7081179
14368130
14585584
17034550
13557429
9535063
16569351
12619739
12138386
14266918
15483751
17283605
14339857
11032022
15265738
16119519
17405608
18088163
16490603
11443564
7110232
16006516
14623959
13331460
13922215
11759323
18378782
17176953
13295428
8243949
13415492
15164868
11544510
10829570
11228703
17707585
7749657
5463094
10500396
17999271
15137651
7561491
14807864
6070080
18771889
9614358
7174764
18487498
16957806
7032256
13961293
12150522
14825028
9760472
12807524
13551992
9875559
11270894
16132251
8351267
13120294
11526424
10673012
7958699
15221068
18838254
15756392
13448908
9290847
10545213
6946918
16932944
17721348
17116875
7818972
19118212
15799497
17265515
16171634
17633486
4249586
15406015
6831312
16349251
16428138
8948663
11229564
13816706
16093559
11657499
16654919
18823092
11179348
8974215
9225370
13844091
15309513
10821569
10076786
13121761
11741608
14798568
18042329
12236600
15572056
16898403
18056721
14592695
12703937
18198720
13214767
15758810
8513512
12220598
14456467
17883955
17036778
16397218
7167295
12645074
13163963
10685933
5968797
16506628
16119055
15012753
16434281
12625140
7685287
9345684
12470354
11097335
12289184
14347140
16663543
11994927
14834022
18123091
19222054
19002643
14645457
13618690
16289841
13913625
4867661
13034323
11929503
11898574
13198691
13062019
13878387
6750874
10612590
4020095
14796269
7404642
14016949
12305988
12863333
7745873
13544464
7259593
17725844
19355565
8236359
15858616
9127869
14477069
10683168
14838468
11755416
11756820
17890088
9911086
11644553
11712024
18421549
11004777
12669786
11988004
7455039
4977355
12938598
8094940
16349985
16110208
11619049
8359596
13030691
5804300
14058294
13055269
13963249
17315323
11193080
10779557
13603476
14760703
16601338
16430668
13085371
15942515
18649024
10781052
18747949
14405886
15784464
11445703
7053065
8235910
16720095
13169358
13835479
10451466
17754786
15712127
12085974
15613649
9640828
19052852
19301514
11940191
16844620
13888204
17265727
11439735
15774792
15577579
14022485
10121820
11616455
13315678
13565743
8503572
10056862
8485204
15341734
15574930
7497865
15802278
14662342
14859066
17475495
8419575
13286159
16257180
19416858
7082901
12939998
16088845
14061475
12093247
10695928
14113849
12225374
15571408
12357861
12005383
12726283
13160116
19397641
14693250
12081044
12623340
14484091
17775462
14171463
16701668
18187096
16402740
14950160
16812207
13110962
14907195
8515090
12489240
11122607
10756415
18330106
9473953
12731152
13467537
12306063
18220872
14923166
12190219
15812295
14276262
18626776
16568661
17157023
18756500
13198367
9761107
9605747
14891349
9513420
18542019
15293717
17088141
11188701
8831503
12905199
7020162
9744105
10868893
9913790
15818508
17750271
15044509
15044952
15908625
14956385
14735178
11941326
10567925
14021654
11195111
16672205
11559740
16597302
10096969
11545454
14980473
17381562
4465255
15087714
10391156
12066250
16816652
13988969
18217684
15187101
17460801
11340866
13015302
6883695
17511445
19052429
16597860
14992618
15517130
18427892
14188214
7523904
5806910
6762596
18219124
18316434
15875159
10094751
4936117
14911778
14430876
11186075
12246766
8711874
15114663
8781142
10903236
15432732
12175549
12742641
6168966
10504184
11901012
12333178
19344863
12382670
14462194
15512811
18591234
18870966
16548373
13733741
12351075
14249444
15299258
19082699
10714415
10385646
7061062
12720346
17325787
10453532
16021375
16962321
9091683
12217526
10718523
15283486
19308209
18050574
17035909
9650147
19089393
6586451
12061755
5350414
5202763
17467938
14754975
12595257
12172548
13066385
15919196
12263505
13443351
14300614
16766056
15365175
18019606
16352457
14550763
18891574
14177997
18085513
19380025
12861887
14289549
13245982
14590108
19325560
11100801
8975514
17488511
15107280
9182047
16943513
11062763
14619130
9948241
13343274
10919861
14118718
12895254
15471682
11748800
14890962
15552571
16281353
16163811
11782817
17273458
15987098
17580037
12276417
9824280
8749807
8903646
5710316
8569276
10056128
8227540
14253746
16044525
16244402
16935557
12215790
16537391
11861194
19904497
14608047
13696958
13144936
7240443
16986366
13165181
17286872
15358812
9947293
18911283
8823004
16597609
11829815
12415350
10780891
15314195
10141261
10127911
17747936
14489144
8539284
14701388
14900020
17353354
8363139
17182985
13217181
10189400
6383215
11087641
13943620
15451186
13455822
14724681
13596328
15205307
16088718
12300858
18910301
15809854
16826881
11596318
8189823
12202171
15947338
12836732
10258358
4292159
10712949
5564094
10123468
11883356
11606177
4232621
17937478
17493375
16029148
10996324
18012774
14874516
17178340
14835547
9647528
13741982
13726170
11725946
12907085
15810305
11435344
16808866
11498598
8126544
15297329
16279587
16495283
13247171
15851383
10714340
14566068
12436735
12910243
13373521
12158255
12237791
13986317
18079194
6377117
10399549
13484762
13447628
13234790
5941035
15663624
8605244
10901935
11356812
9280688
16435957
12041172
10634873
18351123
10519682
14904179
16250070
18223189
18462968
10411222
8558110
12374386
16670556
14816863
11180865
7494695
19025244
12181973
14881057
13455092
12611969
10825538
17612693
14439899
15455979
12025665
2100039
13333160
15879308
16511613
9316601
13294808
17416786
14281798
16570545
9168468
18055030
14519051
11763096
16269809
15085690
14298951
14154244
14440496
12359993
12322007
12373735
13942288
18273511
14870255
13402137
19660656
11919709
14869440
3386296
8553002
7621370
12682931
10434656
13697842
10316288
4804263
10458940
8514284
3577236
9152008
8649885
16397136
14127053
11785877
11753651
10582050
13697890
12761848
7798376
13275652
13276950
17775688
19179447
17002154
12372105
12137949
14161468
11442189
13984366
18006334
13437447
19406219
14410834
14718927
13455133
15655923
11790156
7382538
13373676
6460496
16093627
11472145
17179131
13468156
15714163
4404844
7834329
10530287
15891241
15921948
9174478
7924315
16177475
8218547
16385784
7976551
13809308
16149068
17454821
7419940
16890793
14258792
11707717
11920598
11318864
14152745
15823830
18784643
14883055
12724784
14157977
13677588
10093495
14947147
3940465
9929028
11105082
7750359
18900674
16464658
13250918
11167395
12252620
18713819
16497231
14192292
9609926
15575195
11099143
18184171
10887264
16395250
6813956
13964306
16021094
10455811
16185565
11517429
17422614
14914852
6550927
7599198
14037693
12443586
7507203
8952870
14029833
12474848
5660124
13614834
18498194
10548841
7591934
3564047
14852913
17141384
8851869
8400669
19598178
7144711
18681994
7785767
10043341
11540322
3823267
18925185
14990533
12538789
14456440
9679063
14827833
6812009
15215087
17814453
11473590
12079711
14135190
11632340
15003383
13139654
17360352
15283902
17475491
16160665
8335419
13295770
18497886
14505959
10427801
19047175
17268851
6983508
11586071
10156453
12034801
13937538
11140951
10539417
14485305
14647720
11278004
15510472
10336278
16348715
7073068
10080408
13616383
13852063
16520177
7444916
17907257
16342123
16730587
16570195
13169297
13098780
17634697
18296558
15996520
19045344
11600132
18865395
15637901
7224017
7216715
9689014
7354958
17384473
10948484
3785436
14695217
14408884
10922705
15836041
18580433
11926960
16184318
15309767
18978878
17531497
13813377
15889104
10737605
13406538
14345265
16254697
14494352
10967635
10424629
11056478
16200287
15545281
4176785
16841930
16936690
4643125
19995628
13897705
9163157
7793760
17567602
14601941
12975311
17507043
12230568
4493622
14452182
6512864
10524822
8671671
16610669
13249487
14347829
13167257
12440127
17613814
11824240
12940006
9760835
11647929
17955671
16032170
16180019
10668175
13109842
15548274
15357343
18613692
17754511
12928586
12042570
17634125
14115796
10213911
12962157
14264270
15982282
13535539
10181658
18532112
18180268
8860219
18354329
12827689
17248119
10149400
12543142
14423327
13631155
18885778
11613280
15732059
13422323
15459516
13267853
17333536
12772042
15799736
10270211
12555606
12947774
14958208
14217895
9444912
16528067
11851240
11798222
16863600
13650722
12533046
18736857
15243541
15021765
15682308
8576360
10283137
18556954
5257475
13291830
14657299
15260804
9401716
9947381
15749529
15371615
11001401
11719207
14899074
17015073
14134019
12804605
15027646
14111221
12479711
18139702
18575409
11366937
12546758
14459764
15742268
12928787
7640640
17022847
10121161
7107505
16343376
12706270
9608399
19245170
16004702
16685957
8682273
13810483
13026287
15414534
15881203
13535847
6340619
16468807
15548529
10112776
16664237
12554967
14227453
19378258
13372252
9281581
13695734
12189257
7256771
16716069
14399300
5172229
4917998
14527760
15622452
5807830
15778373
9403477
9818217
15978043
16095605
14527995
15328104
15819590
5040601
14612809
17113988
7590210
4695384
9573306
16502084
16891069
16360595
13610445
17945966
11607800
14295940
11758364
19076801
10860881
14982989
17543771
14788541
15887195
12529558
11076304
18203097
8381755
14899131
15503796
15392145
19570008
8097277
13563259
18451887
15245732
17280507
19060198
11772549
9605693
17917814
16408153
19065669
5997917
15524771
16890088
12064449
9964971
9822628
15398964
15280544
14458433
12261233
15895416
15703687
4261002
10021255
15363195
10995837
7409693
13304740
10383471
14572524
19058617
16613556
15815649
7767025
12424463
11663774
18405147
18145494
5972779
14114807
16444416
16911217
9864342
8418113
11765642
10220006
11945658
12219307
17931047
12731007
9602546
14245545
13190520
13084818
15289068
16869285
13392275
10955385
8891500
11101945
7780198
16337213
16194386
16418733
12999875
13827093
9131639
10483002
15336704
12036613
10339553
14384748
15283261
13812872
14388878
12179065
10376739
12452933
14765882
15865602
16026463
7892009
12901212
10195247
9362340
16823542
16542458
12978562
13322284
9692431
17098538
14390238
8496380
17674908
17882499
17648432
16073644
5763549
15845164
12379535
11962337
11115701
10272271
15511440
8801014
19035390
3086673
12411272
16831321
11932173
14435092
16059700
15026695
19099649
16179595
13637119
12715156
7534573
14274252
15569285
4076776
17264566
15709414
13625159
15588754
15330324
16162104
17682014
11630391
13241426
13518282
9787721
16546669
19388678
7301158
11911934
17956025
15245037
13499252
17559624
14236995
7675896
10696739
16407845
16395925
4024669
10288727
16085428
14842349
13099416
17175464
6048952
19310871
18274670
15589147
4532158
16682025
17522152
12798015
13843985
14708980
11942382
17301669
9922274
13290644
11451072
6204091
10658510
13153556
18198966
15872074
5260334
14645632
10313990
19481676
12935790
16671868
12504855
13282503
18649076
11053839
13154070
16071897
15214017
9174097
10813477
10920912
11103090
9341212
15293206
13362272
10321987
18707836
11892282
17147102
17995122
13558237
7712224
8418989
15132845
13523547
7705361
16282102
14643771
18543179
19052884
16456070
6207832
18326412
18098430
13845438
18682524
7566168
17377446
8017962
18113534
4411696
11724108
9993099
12562157
14206651
14519500
11791562
4986769
13977538
12338195
14576698
11924503
10878669
14154544
8245180
9735308
11639743
5773162
18241762
14965519
14812540
9669036
11592642
18878241
7114892
19188325
10793366
14896388
17911571
13585806
13722339
13678349
16734958
14215276
9228014
10839516
13951963
17747362
18415564
17984752
18334225
11702688
12783703
18526782
14170694
7485302
14248848
8374240
12360054
10492820
16742410
11375299
8679635
19518106
12523107
18591083
13168582
18550653
9101015
15138703
9761094
9210637
17999791
17451335
10073738
11386023
17316437
18432560
12942970
10261845
5861849
14231330
13587152
14018395
17925473
13906241
13662121
16329075
13671022
11391317
14494553
18033073
13381022
12335805
18194163
12779664
10600250
14776928
16810986
8731271
14943820
12075708
17951314
14262283
15136878
14694498
8724786
14583757
12262685
17376778
11539230
12704811
15053474
15344412
14188164
6154641
19013231
4583696
9837439
9346379
5139671
16200825
13525553
16567358
10886442
15894671
13217080
8461467
10862337
12833766
6788515
15654020
16477466
16312992
16569031
8776640
17155719
12638320
17334283
10433418
10877108
11002173
10243107
15852895
16400180
9250807
12965741
7818836
16390223
13139318
14393317
13984238
14458396
9829778
16356361
18889473
7690944
13921006
11305356
18681767
19085898
12151710
14903057
9956615
11687441
9787522
9586927
10301909
6308968
16843491
15597388
10957315
9546786
11887253
14795328
13542274
14314165
13590193
15847518
11400229
14832743
19110111
13854771
7866991
11770537
18858561
12139649
14850550
13658641
13605819
13493282
16810254
16330972
15991320
15253633
11717972
12695178
14611294
4986526
7842578
10105700
19023309
10527044
16628965
16146275
15273633
12708505
19283793
14600743
18418564
12268508
16515721
9064662
12406426
13663880
18359788
14881330
14864955
18236614
12390664
12503284
12048409
15390170
9922163
12902781
19169750
6806263
17042382
17038741
9011824
17716861
16970792
18746962
18345836
6066496
13216508
6975622
19120277
14465429
9582352
9313276
10701683
8744250
13097356
12795214
18085662
13912827
19026985
9756977
7927661
16855853
14521041
7528046
17235487
10554546
17312997
8078450
9404741
15365792
15075786
13234461
5298821
15253646
15309361
16169081
11886095
14132060
19003356
19036820
16997200
17247623
4930732
16406850
15236849
18548261
14754196
18746463
11114181
5662611
16290391
12887962
12631576
7669168
9229232
10881469
16710408
13678264
11664874
11696914
13548347
17394883
17401125
10260110
12817192
17844125
12381625
12809946
13191224
14738167
17277682
16661303
15394575
15032631
13362184
12182288
9717658
14852456
7646839
16347201
14230307
15444349
9570552
15271441
13445556
15349392
11224243
11851249
11587443
12043597
17653103
12951462
9734952
6771205
10715094
16524100
14303264
10948985
11088946
18323548
16989501
15111334
11457512
18009766
10136241
15248631
14548257
17728106
11706125
14623201
12468161
16330489
19018305
12726923
17257964
12795106
12719781
15870861
3731584
9921995
11555661
12114393
18227405
17454465
16961441
14742105
16949895
7817123
12989050
10254372
11787962
15663574
15607656
11328090
17072947
16907768
15288056
16518460
4936193
15571899
18600105
14593843
8329989
14204109
17979604
17923836
5469025
8532514
15997728
17194100
15799445
14247572
14716105
12173405
16911122
8878055
16691668
19122083
14407795
14836618
9571837
13376865
9227127
15451345
13344809
13680971
9221793
17053474
13419849
15825926
17233492
11672271
17966916
11386312
11527991
12847361
12882100
18292222
13647596
13274713
16448346
13380338
19420310
13357078
15040932
9329854
16789071
17591995
16193743
10251022
16373765
11955566
14512272
8580804
18665226
15801462
16165103
19198880
14053588
8233322
17548921
12047307
14628443
1154986
14662079
9751510
13479839
13235961
13016276
15289910
11247870
8208433
11614024
9187959
17430823
14205726
15918303
15407271
13322565
10985293
9791014
9635155
9129060
12229477
12807263
15245130
11474145
17731932
13067619
12099110
14316715
10508578
19177129
8783281
17049998
15003092
13673260
15386103
13191640
16640266
7908356
12464521
16473962
8316089
16411618
14477930
17029234
4464392
11055244
14089085
11208190
13999957
12829426
17931473
16713337
12464068
17422640
12410591
8776290
10731169
17060860
19524893
16579352
13941305
10900689
11498206
15314163
12411625
9990264
9913947
6488905
16137628
12104031
14067333
11591303
16815938
11666887
11939787
18501080
9611410
8922266
3848462
16076008
10527504
15994163
13104138
9379769
5815241
9508043
9045274
13491624
16788789
12553895
17454744
15057957
14691598
9640504
14826228
12607492
9370642
15990297
19006356
17844017
5466549
12885246
11600800
11518852
12977453
17770349
15146100
13728148
14524342
15440467
15128217
4516100
15791177
11533864
3551158
14133300
10781535
17090674
12554708
7467766
12496317
9713484
19606448
14993457
14291024
13459372
17718930
12308946
16738356
11137583
19464897
17825726
10265364
11491372
10014341
12279448
14623807
15387173
12190348
16155270
12784684
11181466
15632126
15884661
17824592
11621422
6860352
13760679
17610530
8723744
13107671
9525665
9777037
18238605
15853102
11724887
15238783
17673164
15543752
13026701
9545621
15668348
17807073
14723010
15990479
18909353
5429933
10709829
10978742
17008700
11661983
9787140
18841265
9798627
14334871
15010222
9508521
16409330
12799159
8228606
14190751
18578808
18170692
17142589
17882640
15541019
15143094
12180778
11031499
15315484
10632057
11508736
18483374
7451040
14448529
8396306
14858595
17875277
16550782
12303497
11761538
15900641
16433092
12751402
16010454
12818224
15252374
17474983
9168774
17039999
12145192
15770472
7736147
10234162
8206721
17556149
5166924
9880732
17729304
5304485
12577127
10218673
13963846
16689564
14031507
16790034
18852651
13424831
7687708
9719748
16212927
16864398
16501709
13548555
16360760
11796784
10327163
14553220
13342467
15364636
14776677
11722259
19157732
14813329
15337328
7541228
17096972
10597761
11759403
10316977
13363544
8223565
15859570
10352684
12478072
17311355
5212113
12264525
11230463
9935290
9741190
11266533
14430651
12647741
15620135
13952149
16461373
11401071
12345110
16228607
10479542
15002232
12405322
16880953
19162834
9207042
19473694
12161166
17730919
10061295
12894228
16827473
19249372
13732712
16843589
17813790
10745742
18133843
12716110
12134846
5525733
11626947
10094762
9340413
5308201
8742701
19524038
17983886
15131528
8721594
15279256
13471537
14718512
11970311
11228623
5877041
14943180
18967612
14570136
14487769
11974836
13176326
19129282
17508318
13484624
15485461
18082092
9633817
14996545
10254810
13227212
11391964
18541698
14548072
16759957
11552113
16442155
10900094
8601135
7646401
14738035
12133186
17443908
16394187
8963682
14033616
11875755
16763167
15886510
14109575
18038707
15886187
16197002
15962659
13403157
16373354
13064747
17351335
15347823
9203741
11133739
16429002
15667613
16764599
17823598
12236885
11152239
4574054
15386943
13190259
13676931
14595183
14123736
15388897
15603747
14794420
17957832
18536420
13285248
15509910
9795178
10624542
12244111
11066250
12131479
7101334
17747326
16355616
16647399
16926117
15369723
17679371
15773633
9245349
13009948
16620092
15925333
14105141
11754366
12761803
17523190
12823413
8923753
16041014
13677766
13164664
11029611
12961214
10633123
15415493
13559426
13659661
13016937
6327867
12281316
9195425
13954538
9730189
14206080
18228277
14733814
17410933
14317249
15979977
10812940
16522401
11734573
11567199
15014703
15909998
14605907
11031332
15041039
11425894
11068007
10097657
12093197
14906409
16915954
13656754
15972384
15469782
13845703
18746388
10138214
11253709
13018497
19445719
5980000
11702202
17267576
16059482
13580281
14430122
17420299
10235421
8371160
12410245
14576932
11991322
10222116
15461673
15843099
12980757
12478557
13069104
11756062
15316041
17693898
13717223
16074507
16136242
16649348
16552096
19711618
14492060
11364449
16226641
17782828
18690017
11706670
18994437
19972991
12845230
15887154
16849527
12866279
14667798
15515103
13331950
14394547
13347506
8669107
17022602
6757405
8766055
15109914
17358840
9022285
13193162
15499533
18008449
16882435
8104159
19944513
11119681
12873588
10909848
17983742
9694136
10982049
15516092
19809243
8685686
13379172
9633597
17121644
15221557
8640395
13219867
11041670
18099318
14711411
14250115
14407914
11714193
14548048
14998482
16071174
16613085
8370380
11768161
15945852
14762315
12209835
6957584
10918936
16770932
10060302
11435047
17955402
8072853
11213067
16994060
11730629
15024359
8110721
17168208
12989143
7865375
13460810
10007962
8920276
18945408
15517066
12816951
15352103
14992176
16153720
9987304
17931531
13008152
17878574
17183846
5642048
13256112
11268829
10062835
19367840
15340590
17358397
14449101
17718133
