15012883
15498336
13992970
13269434
12824278
6616337
12781659
12454465
16691829
18188439
16092276
10689939
15150188
13404229
12840244
15836368
18989066
14857640
10688816
13525411
14988024
12628043
14114967
14876355
15941200
8745892
14412730
9004380
8054686
11336738
12100311
14873401
13597785
16874119
15855402
14115133
13625777
19307865
18107616
14881956
11289124
15145542
13007070
15023091
9763150
14437140
11041219
14514020
9248963
8305534
12244256
7964832
10767548
16955361
13835773
15123665
14471653
5980050
16562071
16297204
11895434
18299192
12574758
7112168
12147725
14400804
12427019
17577917
17934029
18059249
17796343
16268237
7919623
14989302
16401024
14277968
11565920
15949623
14497489
13088896
8112514
11950107
6673658
9524871
18379028
13090459
5466306
17754047
11741578
16698033
16483042
7020256
14236752
12690172
14614531
10528903
14940447
16061267
18413339
7386799
15789558
15547439
11870141
13596593
13176324
19254826
11660079
6458168
15675718
17666475
13570920
6611317
16626977
14290388
19146770
10659727
10510806
12720920
13297786
12711973
9766981
13526731
14336976
11213865
15463167
17436258
7056100
11057723
15741669
13415928
11825279
11340520
9988672
16702057
16739068
13662160
13634094
7606568
14968795
13033786
15059200
13712390
14488741
9463966
17352254
17705080
17070681
14786626
7646645
17268699
10546032
17904598
17009402
5876604
14031332
12069038
11446826
17596759
14988189
17860092
7070008
17361418
15260938
11221263
9045521
7794914
17567814
15024089
19404320
14563969
13480653
17870137
15797960
18922525
5927283
7923149
12559073
15883415
13558575
16587552
6578414
17878025
10974533
18004728
15513245
2613967
15406645
10492067
10674833
18611497
14567289
19079273
14029374
9177577
11063829
9817747
15461480
6164905
9442962
12311548
17952976
8458534
9988827
17757507
17052327
13465978
17429041
12108971
4826839
16131649
13131209
18062311
12952373
11785748
10232044
6967133
17504450
15601335
18206107
15095309
10173442
17087541
14473046
19106429
18535127
18589817
12901966
9305027
14263261
11319280
17102267
11499346
12039884
14353027
12099872
16672498
16845609
18489472
10705038
14905109
18398739
7291323
11150408
15423785
13402852
15621272
14427116
16191280
10356076
9458678
16702872
11351695
12464477
9177685
15728951
11200104
15886440
11932912
18452228
15178360
13383631
9278682
8693001
9696297
17632225
12858660
13598844
12890592
18398386
17956478
15356639
17298398
16635536
9034943
17596438
6292487
11817042
9689951
19703535
14246551
16976261
14731004
14908183
11340127
14011892
11368090
9013367
14884257
13157159
18015633
14010963
15806392
10602938
12481697
8942078
16473527
9219634
12938302
14927486
16997917
11929719
13649857
9583197
14862341
17536994
11877485
10842676
14222355
19002169
13534657
13345916
12276048
7663676
16662116
8985355
16174374
16175176
9356520
9248866
3694784
8936368
10236252
16543538
13610546
9778622
10633640
10191818
18150721
11032459
12933629
13197926
13309057
8225086
9811869
18382319
14372236
13887376
14352792
11545442
10987934
15431764
10792501
15438668
11282544
13938658
11115070
6894533
12008979
18079139
16914176
10061833
14803488
15305336
14487538
14282638
14358338
11957556
13598601
15418956
13247595
16701978
13572573
14085773
13100090
10694901
13003985
11507775
9688093
13867066
11408299
13089701
12783767
10758613
9824734
14197317
14398084
19647718
10476689
13397444
8261034
10479935
17154288
10874560
18028990
5992891
14230860
13948501
16091243
9402483
19584354
8419206
13367250
15926564
4631535
5388244
18965301
14691946
16948502
18536195
14117108
17598475
16385543
13389728
12259478
12290483
10021654
14972137
15114417
13880750
14107366
12728758
11579835
15381783
13901120
13994910
13745492
12397453
11275839
7323499
16923378
9387690
14775396
19818008
15549180
10482573
13987568
15971927
13734744
17374841
14327471
9039322
6812505
12525395
14717722
16728045
10472987
15028813
15673037
14768949
14214555
13555349
8987610
16001630
14135104
7952930
9914939
10823171
6717887
12223996
14828474
16008486
17981059
15551085
12440913
7520996
14857060
7319639
8404730
19312771
11572275
15757751
13690434
19200571
9464475
15924897
17979487
13538950
9344265
19156831
11178250
12509365
18299249
12721386
2971096
12304664
17213922
18719176
9690248
13775626
16395720
14612503
19260470
18050486
14225677
15604979
14311819
17095500
14049297
11501430
15629076
13764984
14756480
18308980
17966586
17943862
12332570
13853931
12837652
15105453
13869979
12837842
12237473
14740496
11088022
19263632
7530377
17100296
11012722
8209071
6194800
14540661
18159757
18202148
10427488
16541110
10893397
12975124
10618965
17714197
18755405
10062577
16163245
8555783
19064025
13176547
12241093
14397692
13992194
18562289
8447633
16854045
13935699
11728069
10559526
11839460
14482423
15066096
13464156
12587964
14018566
16637045
16715608
15290982
12421710
6542755
17420671
13734524
14918003
11527688
15253983
13636050
12337441
13495197
17505605
13021256
12965592
14075699
12396801
16866859
19089695
16918884
8546265
18128936
16413982
6725908
17335654
13379768
12099979
16242465
12570590
7201262
9957140
17966831
9013813
11873604
14701502
10933745
16541943
10681348
17932327
16427177
13635116
7222837
14412555
16225458
14687609
16914331
10845531
17909074
15030487
15159533
17354141
14961761
8613340
9278683
10623445
12502019
15381466
19507316
14291021
10416838
9911950
15074882
3233501
13429697
17292163
9434743
15212326
7023331
13583545
16645083
12823896
15510599
13630293
16953816
15333156
7691501
16877885
17677889
16341535
13776234
17083883
14370276
6199197
16523115
16270426
13489103
13295609
8081679
15824483
16437021
13089980
15113992
17268204
17177614
13610399
15535017
16642901
17120072
9906022
14682554
8559328
17883961
9624888
5598670
14439223
10890137
10760016
16297986
17087211
7501775
8969199
10046381
11836156
11719440
13449124
15369401
17100367
17523082
15004731
12294122
15848464
18885007
15338479
18925723
17530971
16089348
15381844
8493302
9352341
13479101
8976969
7210348
17380350
16594258
15394720
13691955
10053418
17079942
18743207
16887536
14027120
8723797
14429347
17817857
8279965
17575691
17207678
7898293
8154570
10664372
13074173
7303216
12086903
13334128
11715328
11697774
11960652
15871988
13621452
17121769
9924359
8998426
19695077
11866777
14636828
13291021
14902933
14424335
13175911
11798470
9786204
15965850
14193824
14638283
8552028
6865126
8338171
16844097
8779307
18268401
18760035
9178200
16270119
12493479
11971974
8974852
7099285
10214307
17976018
15047623
15659499
9927419
15417528
12994909
9617545
17428118
13031827
16368685
15063519
15065829
17907350
14313718
13914644
11256165
17253411
8981835
15819960
11106789
17682836
18085162
14176197
4742199
14027595
16516729
16323153
4343773
16527599
10685595
6318136
18793650
7787032
6520326
14575140
15067100
5103148
11346789
12748423
10476358
12930333
2346808
12773290
15314862
15925032
19575024
8254864
10251932
14281607
17474839
18531091
13724491
12917632
16848614
14535965
15662995
12876360
14156739
14566849
14924336
14106559
14775948
12769301
14395546
17396543
17636430
12368548
18222796
12161576
17529207
14718461
18419560
13776760
7234198
13495477
13561738
16663549
12275444
18794434
8984764
7814397
14420927
13164557
14794924
12607925
8490158
16338610
12665827
10066489
14312567
19005463
10842203
15343816
16530367
19802042
10126968
12393691
10348638
10999825
17519158
18966554
14782863
7348825
17697838
17825824
14156097
14060734
6715097
17969113
17350949
16970782
12616390
7393809
15870359
17048816
16352674
9765911
8171964
15312889
14431032
13826206
12574011
17103233
18714536
14165879
15594160
8649958
17678995
11715101
11540491
12728941
11304911
16657249
6501904
11937276
11443405
14222180
17593179
13000783
18926100
10838190
18196064
10231192
11317886
13878199
11989250
10010823
11750611
14292822
9863663
9731355
14763890
18230830
11533789
18926621
10214581
13721741
9676538
16474544
10346911
17649390
14598335
11480791
14776034
12831424
14801609
18246572
13355417
11403099
12430520
12387928
11487013
14571791
11341205
14120628
11676087
3997063
13835590
16729100
14114705
11319355
15328556
15812078
16367302
16764102
17089482
13308297
14876241
19044599
13617950
9390475
14618055
9067309
11739432
13006082
18563153
13511461
17078238
6667350
5810270
17496331
11241418
7790240
10563206
18405959
11637951
14213086
14932998
13604357
14135447
14296448
16348777
16590841
16581350
16683450
9591110
19170904
10254249
13589277
18051040
8321761
9613700
12022885
14194053
10939378
16738989
11408247
3965673
9606657
4991828
12703357
15889860
17314462
10564410
13402230
17666943
12141042
7521680
14334965
11477616
16172733
10681132
13031322
11406015
19466558
13968685
11972865
10740329
14572293
15906626
8983963
14701188
10359542
18492913
11751480
15164109
13254199
7503450
12370306
14125993
13339692
14309924
18527657
17450187
15509400
16807249
18625651
15157325
3733367
16108526
9484361
7092518
11929091
18765983
10230195
7696675
18188143
15846096
3555778
17094042
7848586
10262712
10493137
3709944
12722335
18406563
15570537
17090344
18065356
16745671
17004380
12300335
11672332
10617416
9179919
15267591
13460021
11446714
13514393
15837208
14316183
18948112
12597954
12682768
16133417
12579192
15752408
16314629
11310162
11831436
8367966
6369036
11575141
17902302
11836020
14500054
15947351
10380966
16399248
10985057
15758010
11145769
17621101
12705080
11895578
12994268
12860867
9760858
14959191
11285591
14504249
15702135
7497650
18719779
13501209
11070976
16070095
8604681
8321392
16961309
15473179
12213874
16595638
10956148
13571054
17964381
16473091
19576113
14355003
17818386
10426909
14398664
8776925
17313112
13994376
12510203
12165776
18189529
19579472
15663890
16984823
8301881
18411930
11470977
10031114
12012342
7326361
7864110
15579686
16010930
12117631
8279262
13611790
12086076
13940879
14274746
13865110
15166879
17486216
16640777
13323674
15418361
8796080
12172020
16973136
10017305
10599498
12703638
18172628
17879891
13878565
11110443
17510429
12371893
18409165
14151210
12483066
13486905
9596074
12508594
10946524
8724060
17527988
14231014
6930786
18119891
14311562
9734544
15522718
15284929
14628184
14220827
18462103
8852245
16128217
16841464
8505415
12335350
12542321
10819763
7169810
6146249
16712642
14606049
8433380
16149882
9304687
12543546
12879765
11303186
19014583
17016584
16878614
6394906
14999792
6390161
11640532
17139447
12745056
12291757
13738841
18107377
13031772
17258266
13640255
13957069
16946070
16894089
16603061
13357950
10999839
17678520
11653928
13434297
9893684
14406378
17004061
10119341
11124730
10600031
10649652
6759716
17196592
17672674
15099280
18123066
14296505
13825238
18729612
12235267
6686785
12132843
17953114
15345908
8858682
16488857
10860603
14245746
14001316
13065770
18251102
17845195
7347296
8762119
14985699
17737354
15537032
7846429
10437876
10092578
17792492
11826635
15353108
13907963
13522486
14627493
11953070
4402367
16508068
8931874
2620384
15635905
14448851
12993416
11721556
13085995
8361950
14450049
12296576
14595671
13484430
12042615
16297882
14949045
9656705
11270515
4815140
13514840
5777398
14401406
13407382
18196665
6046294
9356305
13770424
15497308
11121479
16875978
19396578
17020781
11861209
15210572
16354651
11903293
15614988
12452669
14198590
15517192
13543301
10544103
16013234
11806127
15190665
11438539
11745025
16407674
15048056
12254270
10446500
11111316
15731456
17606216
14364983
17038668
13227895
13013296
10415033
16055527
14854466
14319783
7911805
19216889
15629954
10905468
13957866
12527220
9512380
11492493
11101287
8606343
12362204
17987360
8693482
8112810
5326523
19328295
10092306
12257008
7935565
7830773
15358929
12550304
8660779
14788962
11223326
15792499
19716266
15767312
13282033
14011987
13379498
14212672
13957047
16143302
6006696
13032248
13484079
19066009
16435765
11617216
11458729
15783441
13019723
14009312
14081622
18460937
11454214
12321924
14844654
18550473
14460716
13428139
16783467
12792542
18126492
18709346
14059683
17146215
12007624
7856452
15799903
11916625
12522641
10167226
12704356
13461102
6566511
11829266
11510324
8316331
5455335
17957388
10150963
9460094
10930202
14314897
14345517
11208764
17822982
11015350
16546641
16061563
19115576
6246415
17657699
12401799
15161763
16657185
17410255
3143789
15639503
14214486
12988074
15783138
16658114
16755964
7458539
14676675
9606426
8728709
13383048
13884910
10301440
7008214
14381753
11825657
15545032
15079890
11653135
8936549
14867873
8128059
14597023
13072847
15002028
10900189
16517563
15128128
5510098
8879770
8811558
10331568
11587979
12409002
11434822
16068368
8568233
17901404
18181345
12726188
17257820
14271000
15746952
8890984
13808651
18309749
6779341
15637872
11987086
17020582
6300721
7714603
10773876
16472550
18314299
14559551
16339126
13917934
15296111
10411018
11753712
3476043
14262412
18280042
15711176
11646312
16336398
14282843
17838498
18410208
17011129
19686589
7131964
15484417
15416737
10379845
13608876
13330496
13032882
11900372
18341105
12379100
16346397
14211285
17030656
11739518
14223731
13655161
13114870
18176406
14807180
16259707
13364089
5547765
14903871
14611458
17652683
17756668
14270709
12022159
12823307
19428481
17415127
9933696
8092430
13843229
12089017
16750152
12740147
14680084
14091656
9091893
18372876
15007149
8005604
10086733
11691365
6757332
19112778
9425084
10830995
7154493
7622398
14863287
11397945
18318075
12640238
11389953
16813779
10432602
19283979
17480872
16822389
17454011
12679446
18185038
18523983
12045401
16019156
12874716
4128587
12125266
14273595
10015518
15482479
14964576
10912835
11116563
16006906
13499919
15391666
13174799
15034916
10075942
16725105
11782847
14743755
6738192
15534736
9021506
8290475
18463700
13804939
16505952
14020247
14525223
16093716
13233719
11312248
11952349
8519408
13886870
12652173
7734282
8584516
15461865
15775123
16294137
11021801
13925740
17294137
16208798
17015696
12920007
9573610
11442604
16523343
7702185
12528002
6203149
12817733
10521560
8860740
3602812
8823755
12560315
15723120
13451825
16778416
17643440
17014023
14372391
13229496
7570250
16969081
10293313
15667235
9747285
14349027
8825196
15899770
13228820
15905454
15526722
17163522
16060618
10463115
18145590
12161237
9630457
6858623
17521188
5900708
15109409
16838769
13342844
12583950
11270447
14289924
11501472
13900578
14974483
17245808
5745791
16683596
18779085
12223254
7670879
12861777
18279221
8288163
11731661
13373996
12640933
14075916
11431495
17712019
14573990
15162236
13641722
7788579
17850529
15174964
15231108
9162463
14881369
16075500
12367760
16436639
9783496
8000831
10211350
9719007
11573059
18257166
10247754
12510680
15342697
18853383
14793159
14313649
11966570
15432200
10479374
10111135
15688381
19863387
16481815
14069830
14677438
14041857
15520347
19717939
19510528
9703441
12908600
5643631
15343792
8817522
13217324
17073835
19240110
11692627
15587161
14644759
19218377
12666343
16088755
12799018
6308025
11021534
13419024
6517524
16566136
10283899
14387299
17312277
16018448
3805477
15513149
12650470
18053935
14401902
14312637
13209075
12630413
9328280
14609908
10484633
19324851
12210387
17456293
5274640
17987924
18076403
7819160
13958123
12277470
8835068
13190664
15667538
15287336
9748771
10286687
8016042
12524359
17651179
13348913
10730301
16220740
18115208
15860147
17681084
7766010
17591710
8783755
19456313
12931668
8917533
12844879
18496608
15428034
12820865
10732590
12441208
12487942
10071216
14754149
12746155
15339039
17023646
10331598
13515204
8383324
19420739
16632810
9409908
11201653
13734841
16079113
13280667
17548697
13519826
11608065
16145386
15126152
13667807
18477303
15657937
9002912
11595135
12745324
7586127
14055299
12975285
14197327
16176674
16208334
14363725
16724952
17220589
18255656
13480670
8335001
6979981
11391192
9396224
18308247
15650525
16627406
10198425
10776876
15280142
9261453
17286997
16113067
6575699
12085464
12983793
15080478
10827102
10352690
7747620
8567629
16498673
14505581
6225268
15716110
16813794
16233124
17194431
17983003
18938448
15035709
9426400
18144037
8388414
11704878
15144752
12223256
8936975
14884548
8861425
17721536
15297002
12363840
16797376
12906434
6214841
6248344
8302192
17589719
7834279
14075791
9960840
17916344
8473525
14444154
12865528
15827390
8791116
8935585
14896605
14324870
10805991
12878061
16389496
12952785
8621982
11328328
12766332
15304232
13747846
16317484
17717719
15522062
5491969
13340336
16326736
15641813
16052476
11480895
14982126
11498961
12810998
16199411
17104667
13126467
11231315
13473079
16927014
13822428
15048685
19635975
18200416
9345992
15468438
11506057
12499023
10064071
18261352
10264702
18242986
8266626
3382380
10513664
12577981
17029186
18617459
17111915
12842610
7787960
9372290
17849084
8828732
12460611
7950455
10877548
17649752
13733230
9243100
17702771
12818548
14507739
7367553
18338644
12826480
15163357
16406297
7716378
4574560
15021687
6383822
14308777
5689687
10011748
16392659
16996127
15683265
15429653
13708988
12099658
13792841
9645567
16555073
18330746
11334051
6179945
19372652
9937862
11418903
8235566
13536464
7591739
15992363
13723713
12965479
10660618
15478934
15893803
15579297
5022683
18946711
16154798
17304744
5598160
17019700
14168269
14523430
16239143
15899986
17520821
18069910
6352953
15336851
13073439
9446083
10554500
18593088
14571172
11727686
16553285
9364450
15850504
13073706
17697332
9069919
3064984
11648153
14880951
9293514
7540468
9305573
13409116
15578315
16053517
14394825
6236674
13333989
15174472
18270255
8794840
15909548
14533215
8190987
7619915
16063418
15949843
6434709
18379553
16886898
9397992
16238617
9282787
8537072
11543823
16241388
12493658
14411371
17753666
14455364
16187283
13557627
17196065
15343820
15063765
17231782
15522536
8239706
8237109
14298648
7744053
17568646
16377933
19150449
7240459
14813889
11878841
12489949
8913630
12419048
10517371
6753678
16897414
11157683
12555376
15939032
14055361
10911770
13694082
16124613
17696457
15608503
15774958
12268145
10764931
14893031
12292920
16326673
13023449
9514691
14167871
15470327
17471942
10804534
13183708
18360320
18106714
14400787
13633194
9478769
10865466
10411584
14232364
9780988
18869738
9181498
17564920
17003102
12251243
18161859
17627665
8137003
16075121
17471963
15306383
14142916
16013009
15458610
12848794
9954442
11343885
7659992
18046434
13367800
7405581
17934025
14788800
16432575
18312940
17439520
14593264
14365509
17764515
19640804
15234450
16275171
10908843
4156132
8536776
14164717
11485753
18767878
9757670
7986821
17467514
11213682
14205823
17082076
16739631
8967306
8085633
13817812
18735734
14223867
15436566
12780645
8961369
13941063
17453076
18697720
15355640
17079595
16514192
17597519
12181255
10814325
13293770
11172603
12760022
12260623
9691381
15415161
14496499
15425002
14947905
2491266
7856100
16003911
10945893
12707479
14173980
11865319
16973625
18591797
12783117
17048819
5760588
4366729
14701758
16340137
10295388
15432545
13276317
18143995
10576193
8311006
18094486
7258903
14810539
14531497
16407886
12148154
11257839
7375834
8978076
14700689
17169797
15751250
17882965
13901357
14962499
10663789
14970695
10876934
13929034
14296639
18064733
12526375
14410667
17559188
11692016
14541079
9168483
15782718
17320054
10196274
13979588
13675670
14298346
14235763
11316243
7938195
12942979
14275590
15912110
7467224
17037281
17054242
13231937
8539229
10530427
14380325
9278723
16126479
15173634
8469564
12276271
15116850
16734287
9856834
14201618
15267613
13427355
12403349
13970233
14799904
16240976
13118749
6796933
10307099
17039758
14853268
18437312
16945382
10843756
7895343
17132105
14968579
13941697
17867810
12516792
11112957
14710504
17550249
18528140
5563159
11359778
12990076
12468742
17680042
13617449
16652321
17724186
15934554
17938202
11868848
6721817
15505579
9468823
19241618
10294590
16380699
8051721
9822631
14811040
16884798
12501816
12004117
15650486
18173456
12716264
15147733
10273857
13387010
18422829
11081499
12153081
14349078
16837408
7375935
14050235
12892963
17551935
11447562
14935136
10302565
12858432
12903859
18069569
10427769
17592633
14627635
11990803
9009039
16243742
6002079
10424132
15320704
15371759
2329317
11428645
17884216
10019149
18447888
16766548
14813985
16987544
17748378
4703006
11737795
15033470
17002207
13301418
15143820
9954733
11906069
9930207
16975666
14255803
8649104
15668131
15976949
13963194
16644563
8807234
12875773
5935786
11952534
15949054
15817500
14015681
17644966
16125236
7690862
12484110
17884436
15324816
12015708
18568935
8166269
15317519
18422049
6751484
15292182
14698775
5045964
12056442
18655468
10681172
14892332
10761625
13702463
9687501
8142701
14194824
15639687
14618858
14623765
9589229
10705213
14806082
11313830
15406343
17170313
16281278
13151908
14007147
16015014
15171792
9506190
12810426
11782276
7066063
16333209
13297141
12714073
15457467
10880785
13960127
15285864
14839031
15480885
18212802
12382608
17678312
15078494
14273485
11554911
17541436
13141219
17689781
6008008
12640769
19259660
18542678
10398201
19315229
11117522
18140186
18558541
17850035
16640955
12395951
19060599
19395373
15576676
8831710
16894290
11576684
8249260
11630059
17822326
19209835
15429784
19214310
18645685
10561837
12632216
5342038
13452306
18601386
16092274
12577701
9915440
13602330
12811965
17349231
11678471
13544559
18606311
13278492
19407008
19114005
13463642
13726094
17522911
14305142
9966834
9139034
12886487
8760881
8981423
12502675
3936788
11335139
15501279
14752679
14536331
13826424
12722834
14369328
10820934
15966334
7504318
6147343
8317024
15358773
17812535
11004002
16100405
14734856
17807120
11463003
19121298
17510020
18957857
19288646
19486488
13042502
11459801
10088078
14346239
15866866
18115424
17570211
8991831
19603290
6382433
10819023
19479742
18710302
12109853
13830219
16894032
7224929
13229487
17432775
12727416
11690209
9771576
17384171
16298119
14620185
14220566
16557005
10380157
19169535
8178354
16547427
14114363
11885528
13071501
12641299
9274427
16089311
15874421
7686007
10094005
10663068
16063009
8739462
8158880
5372459
17193442
15466616
6158194
17769783
8839806
14232271
16280922
14682620
15146030
13150870
12898759
7327866
17251278
15742231
14597884
14645094
14255848
6494003
16642187
14253087
6244141
7264697
17887298
12634641
15439181
18101986
11781086
15291722
18496739
8491051
14891734
10872119
12883995
15225850
17580285
16799882
18716804
10842983
12325515
12942108
16109337
13127126
10974346
16403661
5087628
16203905
18120119
6015990
16368822
17428113
9824231
8851311
10122702
8431378
8573612
11825622
17236315
8784884
15241303
13685355
8399737
9573615
14784818
17053309
14758669
16716784
12604356
13293444
14878758
5878442
19210003
11246233
13280431
15793295
18855392
11387027
14359841
7970925
6753213
11031918
12625577
9848416
13769998
14786652
16763241
15162989
3962574
10050158
8003829
17619598
12757665
14678193
16652506
13775542
18819383
19476922
9659095
16484623
16706445
13604828
9962102
8322428
12476498
13542898
12652797
10358046
15910421
11698950
12508566
11043547
14756130
17889061
10506916
15591713
17398374
14276253
18591999
14023945
18250806
13454731
15042828
10841710
12071101
17484332
13663523
12436076
14031903
16324873
16905972
12418450
10734301
15187391
15302218
18353065
16334640
8778917
12392671
16711839
10314548
19319382
17765724
12149868
13694057
11022603
14600888
19627947
9716834
6592318
11590329
11935022
18370124
12379528
19088145
10857283
14899713
16405908
12623010
15826265
11236925
9194109
10715476
11220098
13958281
13976508
16504502
12396709
9509606
14458315
12194588
10943665
16842342
16529325
16488288
11162834
16423980
12842581
13662336
15801198
10492644
10024113
18156043
9581321
11262153
11079475
15466350
18982049
12337605
3847632
16389664
12838434
18506376
12662447
17421358
17730917
18115597
9636500
18290370
18186690
11601662
13501092
14591058
9557430
11623680
16522759
16039589
17011420
13681892
17961503
11307691
17987167
14649952
13051779
11434126
18148372
9497517
13664265
8398121
10198092
15262272
15691021
3906411
13136675
17572911
12048764
11103790
14038963
14799794
9848822
13896957
11864693
10464520
18261572
18561419
10194951
9312317
6024466
7571122
16705129
12737525
16242074
15136945
15733473
11407913
14496942
3965666
19427886
11039664
16673887
15490504
11625580
16653458
15503486
17864053
16700940
13495047
9298371
10195897
15807023
14682773
12685876
12511604
9615864
12046531
9930704
10961461
9530388
14991313
13819577
11793067
17255195
13602266
16880227
6967294
12810925
10351192
16543118
15234429
16961614
9133390
16121236
14325475
18526443
10131927
11451333
10919940
17245151
10471307
10810569
9636119
11257551
12082201
19182849
12068638
10475413
13255101
16192539
15157311
13962543
10910428
12478297
11993104
18250340
18558824
9415083
17529272
10810796
13472061
6999022
13920182
17415742
15731689
7871462
12213595
13043904
10563887
16432630
16041346
16221514
13608095
13153285
17264652
19027476
13743883
10175223
17610287
8641174
14842100
16630727
17261437
12299300
16841343
12987576
16658342
15529868
6952986
16886681
16090022
11834831
10314370
14131963
16806135
10830250
14641384
10382639
5226313
15523032
10686707
4990452
10345533
14640223
17440980
17512838
15759472
9092049
18009708
10612824
16225272
17588854
11603764
15251314
17073226
17642662
8991074
14303306
10711952
13862731
14067547
14822202
13506241
17359868
16835423
15020326
9688307
15612759
8978815
16187345
12085017
16310738
11864809
8749540
14165302
19003640
6813525
15737515
8305669
10952325
11847745
12384702
18242106
15500848
16552187
14686184
14704946
9911937
6030236
17845474
13351672
14811304
14020455
14737071
11014924
13996290
11059549
16078703
9736626
18540340
9976336
15610905
15275932
12995199
6251302
8871741
14136467
15340693
16684628
15159189
11366819
9308895
17269362
7377976
11369763
11863004
17905161
13241644
9353729
8965671
14249343
16411608
15047981
17459809
10697539
17326069
15829840
8533648
12758641
14475142
14990703
17180590
10098431
10699554
13239439
9585377
17400925
14615016
18896760
15622315
14128290
14177383
13447145
11334130
17945321
11326747
9937701
15050360
18438681
11047173
15648149
13910610
9220369
15823311
12879732
15806710
15357580
15025916
17557440
18595091
16308492
14166430
12637760
16253910
16508449
12580462
11850078
10078111
3345097
18127031
12658538
13598829
10878271
16975359
14069624
11229081
16909946
11681714
15268839
15776802
11521023
11617181
14042733
17738143
15137824
7505214
12804085
16570098
17264126
6400875
16471832
12927336
14266374
10202478
15928998
8125763
15251418
9785363
12042185
18622573
17901687
14026845
12418979
17359894
13487504
12331199
8421045
12142813
12067202
15642328
15305230
16750275
6856727
17380354
12897276
15666147
15442608
15392438
12137729
10355670
11948486
15574054
13928125
17050856
11198073
18759843
9640871
5457128
9100367
13843356
13846401
6926481
11449050
17587630
15568594
14703058
18382669
18537829
16611296
9145019
17414046
17431377
18435646
12424188
16597768
12268625
18058767
12728490
13697551
18749642
12735625
17705791
10681838
16590412
10414729
17646657
14194165
15989571
10437345
13933668
6138013
5965764
14745647
16564584
16019350
15098169
16900895
10647689
12667301
16769698
14681966
17436269
15307268
18875851
11379126
16740482
11634466
9061107
14844542
12326384
7457067
17666015
15392640
13468792
14255498
13201404
16939058
11593327
12872794
11258571
10501080
17950995
5510009
11452573
5666376
11157280
8710182
9387009
17837486
8107956
12145183
12027685
17343096
17137357
8367403
15313737
17376406
14035536
9636741
16093247
16141109
13775634
16583519
14971805
13127319
12490625
14984260
15110560
18405370
18886836
14229362
13819182
7788988
13809882
11136217
8699215
10035739
19189512
7158185
11834834
11287959
14548552
8445700
8820258
12749290
17028688
17131953
13985892
16637217
16061721
13280857
13981557
11755395
8866964
14790057
8481953
17883601
10672210
16201381
9237823
18959355
13943130
14132381
15403171
16571723
13071976
16603205
15571151
11627745
16309061
11836324
19387130
14478925
17854657
15604229
17944675
9528471
19228123
17860044
16872840
16172001
14199944
12391178
10699905
18979718
9694668
9041811
12838314
6946222
13903427
9846514
12256163
15935811
15738766
14324543
7385887
12049851
17262441
15260947
10622797
15340148
17918780
14399238
15948092
18674841
14009494
17180386
13490437
7057459
13063882
13153592
15580492
17551933
6701268
15136532
12339277
16669436
14274730
15803979
8854340
15844001
2309845
9570463
9439435
12349896
18906320
8550080
12966982
13565904
10136006
8556469
9317458
14607578
12347922
12091838
9709268
8213621
14572408
10106633
15239382
16889501
13339342
18148369
8676817
16795362
13810747
10683200
14576378
16967813
17297781
11145238
15574780
7022807
15259065
17269313
11773519
8079301
13315590
10682881
10653263
10223450
15307018
12584756
18459296
13870343
16556926
9590745
12775726
11536754
14078196
14736594
14135159
15460218
3412389
15925764
16214068
11633914
9690553
9090813
18287943
19207375
14610103
18447375
10952645
9802140
8589239
13768587
13351969
12629228
11632266
15167639
14362893
13606019
18099371
12634977
14940443
6238981
13770260
10599279
10393392
14091934
14188097
7466484
17186124
17087039
14669022
16269435
12118904
13382240
16770107
15593953
10586089
10597673
7109943
17919223
10544200
9649878
12903758
12248920
11049488
7914367
6288440
12314201
14547630
16658659
17688538
12859608
16310899
5453974
13695225
8308003
7829194
15900478
18685911
19199315
8701179
17685102
12693348
5573918
18176900
13702086
12029250
7117819
13648434
11841318
11497266
3479180
15078377
14661573
11028412
12663244
18622966
8329641
8159276
13297539
17693076
13418292
12509134
14138943
19480516
13682038
15591938
16354311
8872473
8758229
14732991
8684214
16690911
12490686
13199654
14551198
10015362
15133929
12665755
16514230
12942296
16429307
15812615
17896455
10170282
11229822
12991654
7843793
15647168
12711552
6682552
16078488
10478204
13729454
13467307
15940227
17743473
10635009
12741629
12178726
8852214
11665675
18119643
14824693
11291806
10971267
12145136
13356147
11746945
5464661
14266489
15060230
5480557
7632652
15296308
12033076
14466808
7055652
8282608
11283827
16371587
15097480
10006648
10626020
16560230
10088759
14284607
11317974
18589084
15422643
15373892
15914998
14196211
13716308
18748875
8578764
16292397
11338779
16655614
15617810
15259046
11372481
19670089
18435894
7518254
15485800
15338655
17799976
16619391
13513625
4682641
9289162
15061352
11540051
18692356
13758866
17080015
7082526
18198064
15839679
12413583
11960205
14759188
11684568
15167935
14799805
7171909
8298407
17116205
10337466
17861266
11127812
8465241
18212843
9955137
15700100
17099311
6909267
12375983
11562525
13417793
8609042
11323476
18557907
15377688
18530261
15064911
14845755
14625547
16257537
14239767
18153724
13004411
18050230
10888915
13041972
10406134
9673296
12544672
9390334
11962171
7655623
18513403
14481328
17952839
17124888
11164317
13019226
6403398
15787731
9706383
14510364
11054212
12914653
10148716
16626211
11775221
10932257
12612289
11422440
19224203
13638231
12398266
11152500
16831736
10873296
10033780
12215177
17786166
15107793
15791704
5282277
18315562
16106830
13527302
12378713
10854412
13628919
17555520
7517679
13042057
9169226
13645869
17201009
6497214
18818197
10492662
15280623
15428502
11508920
11251640
16480700
17621133
11825673
11130080
10450977
18714561
15302887
15000689
18519877
13967767
11364651
14584041
8422270
11555526
18092041
16702151
12415521
8864617
12371289
13681866
13981011
15537500
5093457
15626623
13234452
11603905
11550118
14567273
11305205
13738817
11853137
12421331
10216746
12848255
8126820
13301056
17183765
18307454
17216184
14046936
18092954
17209919
13422789
13300902
14787567
19428387
12822575
17542388
13993518
7468950
13656528
11881244
11113112
19225253
14022419
16842310
18524439
15762658
18815952
15221859
4212010
11578368
12111243
2319770
10339879
15600576
9723036
13431533
17485140
15711960
9593094
11734016
8163543
16333895
16457256
17319777
2378484
17777099
12218315
14655716
10565689
10842725
14331097
15202547
18600014
13614890
18226459
14119622
14918625
17558018
7725419
10996936
18095016
17851986
12080408
13693131
15517073
16473859
13247427
12641570
10175776
6789968
18578439
13578108
10804324
13954960
14842089
10104555
15744226
16906862
18425844
16225468
17866856
15611876
13024656
14948361
15874032
16282080
6717637
14356102
15496524
13252914
4087808
7573850
19227342
13462675
15813714
13696903
13735709
9999783
9508848
16562337
18003336
15446808
18436905
9375188
10501555
17859985
16626919
18516743
15170704
14319946
12613229
9377933
7803879
15264253
14539162
5313724
7528350
9376497
15073265
11709080
18462320
17543285
17489290
15006858
9797662
8810718
16592897
16277878
16526001
16612427
15862543
13728104
17975833
16509536
6559517
16758677
8174412
4332945
6909009
15419698
17454657
18117617
17827289
12671548
9124379
14918115
13942201
17992060
13341379
12102252
15055275
11263254
16936441
10245356
12847693
12881420
11655201
11221489
6487294
6333876
14284218
11777365
14712142
15274411
3474738
10503463
14565155
7043151
8436562
8143474
12556790
16947423
16844766
18538518
16010760
11829352
16512679
10562791
14839089
6111348
13822145
15161246
9878211
12077370
17039999
16657359
6301981
12519693
11178839
18034449
10847262
19776458
14926649
11609758
14920835
12254774
5253884
10838485
15911880
12111720
14999562
7446186
4620078
10776336
10318223
8835730
6981429
15818331
12224082
4481333
12242191
19537638
16702359
17166120
13108960
10068421
11692995
17748240
17612904
15987082
17210526
13667333
12647586
18646700
9299064
7061683
12040004
12564140
13085365
16904340
7575413
19252028
8482247
11660075
11232707
12283079
8512993
13471579
12553468
11171759
14708496
10796713
16749482
16108347
13973370
19662436
11829319
17610610
16823096
16445772
16951019
11232881
15478367
15335347
7317817
13027408
17822844
16774033
17203543
10490129
11027791
9995003
13192521
15718490
15531072
7382551
14169504
19065363
10965419
10759773
8042320
12544728
15644934
17966395
12722491
18035591
14823142
16664446
15127610
14140701
18678183
9170842
12789932
18328326
11393476
14067869
11196925
19086291
12621737
16712274
17111097
18102993
12061276
13558538
19176831
9009053
10880363
15473324
9619204
13909872
18074656
13122732
8801585
10931381
17584157
15261580
14434495
16589643
18208666
11381803
13491279
11849520
17915616
9299091
7616502
15506503
14718442
12945779
13758227
17103657
5798986
16866727
13352990
16163391
15645841
10300023
5415337
16440022
13150152
10132371
10779811
13458190
8129775
11498135
6276883
19453199
9755536
13069422
8947409
9998207
13175218
11454097
15103312
9792761
19535730
9839754
14441536
13227722
7767945
9237128
10487751
15170108
17572992
13488815
13356152
7147346
18248162
12205738
16938551
11855397
14517378
17075570
17261247
15617750
14633854
6833148
19384743
16255586
7520579
11879960
14168294
13389502
15490127
13425561
10953356
17681041
18620376
6268328
14448967
13474698
15637719
10171224
7100298
17139268
12253612
15386821
13611352
15129154
13604298
14141319
15052511
13557603
11517262
18656526
11023165
10208988
19087613
16547711
17603700
7082506
16008281
11251144
17516286
14410199
15481363
11929194
14549710
19213715
12028924
11810985
13600960
14160859
13564739
17328892
10303457
14234617
6180161
12779180
10355513
14891992
9437472
12927195
12905849
12476425
9275685
15865283
12460402
18606837
5337411
15640941
8185395
19684221
16388791
6815791
13153597
11221569
11941404
14755337
4136511
10197590
18395843
11456550
10197200
14825803
13138807
5707129
15576673
11821918
13327606
16466643
12080851
15928659
12089127
14805954
16706386
13766803
14610954
18264961
9028700
13625157
12015216
13286290
13924891
16376665
12601434
13888160
13588529
13948008
15534342
10386180
7449031
9912223
16949760
12224210
12702001
12479053
16548509
14517452
10156602
7703160
10482131
9556212
13191905
13694994
8270632
9074588
14088100
15640920
11783443
13219805
18450287
10239984
14033837
13444441
18502652
18117261
19151461
14455621
12024955
4355343
5645100
14113572
13260099
16186181
6731962
4827249
13733673
14386190
14689458
13637864
10789636
17794267
15636638
14404362
15807082
17522132
8972657
17850399
17813722
10971761
16910337
14182013
16935971
11554604
14617912
16553211
10701293
12970056
10299227
11618828
13368596
13077856
13517428
15745011
14301207
18394292
16043248
10003511
12796391
16208252
14897794
10746299
18124029
14532974
16590177
16402289
14012269
9041017
10265907
10418876
17694100
4577632
10753241
18235106
16533269
11041469
18029470
17526699
10986168
15350293
6291765
16272173
5922453
9235051
4572703
13945959
16979220
14541803
18059063
13703834
7136012
16926864
13426570
13375287
10697435
15143607
11820995
18065706
16213986
8203392
17068221
5279448
12230337
12450094
17660982
13909947
7264149
11358269
9421354
7010961
9520997
9059799
9064584
18127809
16558046
10157126
6511558
12195428
15105497
14084385
16739374
18593970
17174355
16815440
12497220
12214883
17686917
14763477
15810409
9019168
12112307
11558546
9380843
11987053
12350971
17352659
17431815
10531270
19124586
7694110
17232652
14868760
12265317
18710449
12355257
9835754
14078932
17574671
9624768
18838866
12241236
13239045
10139730
10110762
8689883
17555157
4413046
9302439
8430583
12005748
8987787
16296788
10592381
7467334
12775667
2280578
3864166
7507273
14678352
16922899
8691166
17632847
12759504
13045490
16472403
14072573
17347828
13370735
8052088
16090170
10624616
9766721
16840922
15877289
6890115
10546615
12418052
12580976
17427319
12728539
12722613
19150950
13336332
14077509
15500086
9879897
12976454
9513021
9279173
8308370
6326279
13132541
18231294
11974516
12541430
9737931
18837893
15341612
16753181
16804638
15812023
13011298
19022437
17160770
11120914
18766857
6424317
14876045
11283411
16944488
15441787
16271196
12000334
14678362
13102000
14377178
9215777
11027277
8001098
15416709
12275229
11796411
15333736
13199563
17930424
8616868
13566272
3422489
4696499
1970624
11858016
11617196
13736536
14432541
7323409
4446260
12188756
15634413
15844661
11609374
13088716
15878012
17290993
4496107
7044998
15270588
13299094
13882979
17441593
16216705
8827163
17040743
9323788
15151636
8446959
17884278
8488659
13891465
18346513
11168071
18516396
11290474
12955574
12557017
12849627
15840337
19861788
6510233
17767431
14092161
13424233
18861302
13509806
11046215
7821839
12852405
18756697
10587724
15814449
12146543
12050345
9993463
14150479
17153740
9472875
19647756
10791609
13119764
14554331
7030435
15565678
17351902
16041059
10968257
17880492
11063764
15430694
15700542
12973063
7107248
14657442
9720486
11446485
9283084
11621260
16161976
11880136
18809283
18526964
11082619
12623081
17257094
14785176
17288123
17025202
5961855
11949979
15355400
9004180
12575287
16019838
17338813
14104798
18201395
13133593
11877377
16827691
19325257
15711002
8975929
15821921
12462711
6082325
15558848
11325772
8909881
16740979
9573640
8622691
18345474
16111980
15384678
15882087
10722351
9929267
15658924
18944640
9810251
16106786
8787541
10049733
14200467
12489560
13875771
10822562
16504905
18253351
14005961
10433392
16105140
9352809
17388395
15401210
16266959
13157450
12693461
16883277
10233357
3941489
8199784
13790669
15489882
12837609
11486339
15362858
15685172
11603904
13649628
9376960
2869084
7163500
8517206
13842495
4415215
10506934
15297518
6786615
15706362
12943115
14077741
10128881
7294302
11599832
17212357
18258577
11984203
15143779
11906648
12757428
11690361
7776687
14790577
16226396
6881458
18603569
18397041
19176832
7204352
15381436
16755647
13634672
13671232
5368265
14769441
16778583
14260799
16851859
13284277
17749935
12741258
15697707
12039728
12016910
6647351
4889798
13463825
16072213
13360111
13637804
18166122
17962818
17181826
9657678
9343909
11152827
16264629
13412591
17355082
15991557
5234214
11113643
12527379
14021064
17616089
8410843
19430654
9978058
14739216
8420550
16906705
9634914
7800368
18537570
7465276
6930768
7729215
15979453
17640919
13843117
7429024
10653518
15882900
15945675
13133031
12847645
17316976
12712017
16291692
16991831
17179642
12176360
6510501
19655277
15606549
12731254
13383881
11396280
17946024
17099774
10490560
14881444
9150225
9142740
19536225
9906029
14893873
13423210
14960066
13356737
15969046
11207514
9154148
14528512
14531207
17305763
14853339
19496241
16943414
9371713
15922649
12078078
14945226
19101184
18523767
15138170
17997122
8442071
16638307
7026165
12051105
17375018
13234102
9821545
15994013
13129314
7396219
14511139
6281085
6073669
8592056
8603096
18469469
16826807
13575088
9963651
14154913
16677724
4881303
18052614
13881134
14832777
2544101
13155585
14156371
11454979
17014906
14295548
16568425
15706455
14490443
16395165
11737642
12846734
10715414
15568139
9111292
7396400
5963098
9163038
16902190
19075382
11578123
15991384
14305883
17014966
13539430
17344793
12154532
16965440
13343801
11622160
14014801
6350507
12711514
5122583
15445584
14662574
16855963
15687480
11024797
10624464
16790818
12555343
11000939
14652816
13638637
8968003
16772389
11846099
17773856
15175914
17193454
13293131
18595184
15092733
18682779
13145192
13364654
18712326
11511384
15295515
3858670
17851799
7302692
16036558
15129217
14733898
10439084
17598476
12981506
12674971
14278095
16591021
12713856
15678290
9444906
9726615
14900984
16324341
14459533
14701555
12481454
11746143
16583930
16404625
16483089
12640731
10630629
17152122
19696083
12632707
14771634
16795320
9717886
15345023
14858379
17733241
14198251
17672867
12691599
7592201
7328747
14043414
15042819
16432547
17399413
15837252
16179461
12916453
7744322
7238622
10363803
10551903
14529638
10426363
10288865
1818619
17704432
12747339
14192419
14106699
15405935
17788463
13248119
9186788
17415927
4156750
10435142
17073676
12261299
11671079
15521816
16691504
15034235
15893204
4311105
16469110
11164533
9334937
10032503
15806435
8338041
12513725
13714928
17180470
10894965
16117014
11919049
14402434
8019185
8152642
13992986
13490845
4179441
12715647
14710886
8562165
11259936
18686812
11468222
9338303
17877695
17210198
9480299
10118031
9410265
11841730
16717130
12055202
11943271
15543940
12545031
7873922
14398341
14528011
14622977
11953258
10509012
19296583
12886437
9287113
17008013
19268732
9136637
10900274
13052808
11853060
14164579
14166025
10242889
16796324
11963748
17215203
15292291
17119053
12517731
18876339
19043269
10518639
12721061
16740172
16312942
15845221
11696939
15540241
15007308
17519589
13609050
14823405
15094081
10948668
15831216
11207553
13818001
15741245
15321113
9985154
13749816
13780065
4818487
19122288
15108284
9615552
15349844
8927448
14736016
13476561
13533118
8221623
10563595
10704358
12358245
15826717
18797677
14408470
16388307
6205995
19742745
13657418
8181600
10607071
18644600
13853183
13407684
14812545
11783759
9102560
12495766
17619606
11962998
15611177
9743078
3847820
18749920
12384421
12404180
17673132
18253078
19326018
13682625
15348913
16969035
7044703
11992449
11379082
9121571
14273263
13914960
16816664
15412474
6769260
13940547
13008081
11387926
15345090
16296976
6308427
9443200
15999939
18718110
11565069
12016804
11587337
7911660
10108267
9183125
14864400
16084529
10935649
14981966
16473078
11057823
12405611
14254482
11874401
13048214
15097238
17183082
18111887
19095459
14075146
15328612
14853353
13984638
13092296
18231051
12691309
10716806
15027826
17846285
15733279
14261099
13783477
8068239
12830392
18834340
17611848
14517780
7932716
10921576
9171083
3337546
13876803
5284718
19462985
15508184
13079476
13287088
17183437
16611504
16687432
5448878
17996514
10488789
14897901
19955306
15163349
16805754
12022912
8600735
15324647
13858686
9092617
17175774
14004874
14925115
10013700
10858614
14879644
6375164
15178705
14223888
13599269
13345573
13397731
18295576
14527967
13323338
8751900
15673440
13438971
15713151
7276074
11112816
14573393
16335821
15827823
12263338
15405089
14637341
12755965
15209383
17521243
17941151
9074865
9273956
5992801
14655309
12570889
12259738
14602531
12184269
14268465
9941727
8474893
11966798
12566161
7625285
13358450
12559529
15069014
15152217
17935407
14858990
13279243
12255090
14163136
10696541
14365128
12323706
13345763
17532831
16818031
9720381
6383222
15324444
11289859
12014701
8885878
14449176
17595568
15954002
16595675
15534892
11443093
12964595
14347663
13825620
8842613
12564979
16142053
13516932
13511930
17219270
17300929
11083039
15731969
15064338
13583728
11651954
15174697
19017384
15444229
18240130
9105703
17851019
18433966
15290416
4998796
18258411
15304592
13675487
13421530
14855453
13264315
15265449
13446711
12711758
18259451
18801367
16011545
7476066
13304168
8407691
3446682
8710774
15692001
16157205
14937224
15737020
14562649
14664932
9119952
16513192
17997109
12172167
11707344
10261145
15862013
10126015
14545088
14678298
8572018
9132443
13316950
16329526
10111254
11576281
13514384
11593911
9863253
12606586
17221379
15533861
15926527
14996366
15005665
10599327
7949938
13529465
18726118
16351415
6190673
15702860
8436624
14780441
14382253
7946903
15108679
11201973
10726797
14781347
11427835
14092331
14697684
10773708
11001501
14614469
12275449
12529932
16627932
7378162
14048047
17612725
11883821
14055774
9065991
7311775
14386079
15922277
13041555
18612883
3001777
16530053
12916367
10204721
7730970
9400727
13642037
7339925
14322360
10447226
3671880
7226601
7857753
16044940
9177591
12916238
11475709
5966947
6289686
7266760
13339818
12794934
15065438
10014570
8690565
17147043
8254418
7865417
11955052
19079422
16068138
14997692
9328899
10941283
11580694
14100135
10503046
13230729
10190569
10970092
16388079
16785123
7598307
7779066
13564706
13357302
13144864
18671019
13057920
11764939
14186797
4707584
12572289
16237104
7874428
18899458
13453480
15850967
7553732
15496790
10943419
14704010
13188771
11417270
13780016
9475347
3416347
17550750
17308403
13843324
16490895
16846029
16591309
15688302
15095390
15760847
14901243
12600245
10689424
12837903
5211808
14525920
15127801
14597146
14993902
10976897
18582283
15186409
15343150
8853829
18790651
7647424
15611262
17499709
15834568
9697429
13448539
14110149
5544931
8944447
12196711
17910041
19572672
14376096
16859452
6970756
9031703
7239891
10294963
15015828
11457130
18411793
9357020
13219533
15167405
14223257
13400737
11977091
15029735
10736884
15038260
18839837
16090112
14239430
16958499
15740510
9482593
11742239
11102063
14535428
10252444
16416928
14754734
17791547
11903073
11836642
14712749
8834223
13954140
19116153
14953537
16654115
10595773
13573472
12948015
15332512
8583184
11803933
16941271
14789182
14267983
11403851
19561052
19445471
11830643
15013520
9997181
11021329
6142942
15362143
13065835
11048154
8460997
13956004
10993928
18103591
8133588
10930413
14516408
18961897
8587195
16511209
15978818
14826524
14874952
12601132
12916136
11341754
12196406
9373383
9784943
18129100
15341413
11209055
18629569
18066301
16446657
13650696
16364610
13284466
17748764
11492365
13431857
17320888
18624868
19252363
14948329
10538512
13883623
15078011
18357305
15861614
16737575
14458477
3267794
6859741
14317883
12376459
9452885
16785503
15639221
13412409
16444828
14539463
9780272
15577332
9731651
7108051
13364572
18081457
18072461
6070543
16676164
12166054
16745027
9549116
16431747
12534724
15456698
13426581
10396938
15415198
8140671
11134952
17090717
8552203
4997852
16914407
14117981
18145713
5347922
15568321
14103653
9904342
15000258
8534082
7825029
14375972
17597435
7787103
12276790
16038804
16603737
12900074
14633124
9726710
13478973
14507917
8327634
15569084
11454850
9362382
17098805
16136989
18222787
14950057
18398293
12279763
16153642
15523291
14225529
9774143
8536948
16307893
9906285
15069874
14918520
12724738
10646038
8683277
11583651
8903537
12627806
15562293
8429869
9596625
14667679
18474231
15043500
9428630
6359551
6833602
18267900
12058261
14702310
9968715
18464105
19387978
16627808
15830433
12103838
18112855
7321659
15489926
18404969
19085192
8697167
13187454
9134829
9349648
19483063
11434744
12849700
16293583
17115506
9817245
15609727
18321741
16512943
12079495
14104218
13190747
14981879
16159674
10002495
16146577
16692036
11681497
19004594
15765194
17486877
13849686
18766862
12228578
13747807
18994235
14818457
15848042
7732485
17626211
14263400
15197808
17830943
12369544
15173903
11232977
5542768
16061203
10118511
11616212
10687002
15229226
7521353
13661619
12357124
8105838
11493839
15159913
15018171
13037785
17317995
16900367
13463709
11572836
14207407
12512083
10763275
7089714
15045102
6970899
8207734
13903586
16156438
7193732
15196173
3010193
17583608
11312905
11851223
13974199
16411333
3784735
14899862
12118147
14820959
17293774
12438430
17761343
13678145
15264270
18126164
12131253
13923707
18839607
10043696
18843960
17901040
17249803
15070228
11759837
6431638
9671153
13869689
9498223
15300031
14256397
11336059
11514751
16189239
16687122
14772854
9020159
12931053
17319356
8510660
12202008
11791173
14102596
3765936
12685128
13028989
15908565
14323161
12520417
14609497
14489455
17902404
10998078
14172116
15395624
19006451
12565822
11294135
13283940
11027308
17564562
13101362
18887102
12682919
13729576
12066399
19088110
16015351
16469343
18817610
18237839
14205578
14055796
12247099
5107422
15462461
16143501
12599016
7256602
9752255
10681685
8915664
14372112
11876769
4413906
9759264
9684852
13398157
18032963
4421892
15597492
14391174
9031872
14449806
15472372
8387055
9984498
15647202
13257654
16635922
14378783
11158517
16115398
14948210
19147528
7817985
5871355
15861226
13613765
19083846
16546303
13348367
17967948
19619802
13608491
14199995
9459500
13417188
9348432
17305919
10541263
7880681
5691236
11811423
10814800
9493746
15303535
9008932
19563856
17085128
13865826
10287687
15848940
11617138
13746490
13887382
9975419
16513195
14437490
16593553
10762526
13466689
13111633
10936361
12666466
16764366
11566426
11305076
15636662
6507954
15887804
7250709
17060535
14749126
13108439
12193247
13612505
17613376
11183695
18924034
7589305
12452470
12830471
17511586
12429798
13420185
16854460
4782624
17338040
16524140
11579185
11794744
12644390
16630671
17109934
19169726
16602460
6582583
14216285
11568143
16713770
8804498
17357312
11399937
11801033
15481249
16270774
13896461
8495472
13809287
18824306
17716957
16535006
18563912
14142930
6621200
8972444
18890924
17206861
13665871
15357921
11683070
11289608
13138094
13745926
13756383
4431460
10393912
6254892
17129213
14141304
13462101
10753145
15020879
9280215
12339762
7924278
16060249
11668368
16704293
16762649
8996645
12177122
15728174
10086580
17786103
12493146
10569410
15981746
15766350
11499771
14313004
11352555
13249270
14682123
12610292
16766512
14939391
12759448
12312216
17709483
14610819
18592119
11088504
7974155
13055248
18529910
9647844
15060080
7441802
13581016
19423596
9774390
5562677
3402745
13385814
14460852
13804010
11540261
14437278
12121450
8378649
14652929
5657634
7701838
14056140
14832039
15103995
17006449
15076392
11512098
19119203
12381883
10046572
13637851
11903168
12438898
16763406
14592180
11886670
4531992
14513681
18288060
2625853
13169700
9327111
13801416
12175643
13604941
15316050
17884474
15256911
13445666
3184701
14406318
15822680
6612560
15161305
11113984
17817023
12203304
13780372
16459802
9169624
18905649
9383239
17533197
7850117
15261480
14581796
11821881
18632145
15721444
17299283
17263086
13713608
13730258
12679210
14216055
8542788
7202032
3693724
18359642
18439772
13349336
10051671
11792216
14076684
5195473
13585438
15107932
14235461
19069521
11190321
2831660
17787243
14501126
5029853
11471986
12454104
9268931
8965223
17722985
7895849
13414897
11851234
15530050
13512953
13456145
18137744
18730309
13277980
16595372
16338235
9660096
10327772
17765564
13794245
8449580
15400072
8345143
10081221
8775772
19397166
13490394
8610199
11654187
12512492
8586410
15675262
13672060
19807249
15472254
14222693
13281209
15023069
10074426
15469929
13812037
9372080
10432690
14262012
16524678
14695123
6667708
12633998
17114485
4685541
18121301
17165433
12421097
11974522
16071985
8596387
11424721
10959828
6904234
15714118
18741082
12940765
14981333
11553751
12904102
14446978
15865819
13517200
12156262
6505017
11581190
18613254
18649748
10218685
16842323
16690040
16039225
12419095
13471729
14157225
11236912
13817255
16743584
7539577
13380713
12895797
12218260
8142870
15872705
14455096
16237569
12325202
17721036
19102543
8577508
10108395
6615784
14937133
17455015
8157729
10241898
14818364
16925648
17328305
15057725
16436564
11871616
16549870
18390683
9335895
12165770
11004286
14748715
14011190
4851183
6778185
13008104
13475680
14419344
19321318
15564479
16422057
16649294
15954687
15304947
5886269
9466978
14639174
10025431
14278879
15527137
12157418
16554380
16724295
9380127
15779949
13369903
16374963
13917655
7074538
16577134
16432839
12866748
10055664
12311098
8451310
18007079
8222453
19393768
6336491
7642981
15932620
15297486
13245450
14717470
11797425
12245715
10733841
3940556
12701240
16405394
8012373
13653857
11259834
9216639
16300807
15914766
17899163
12739638
10982550
11218220
8620574
7537082
16127115
16470722
18634232
9929470
13100941
10554681
16019251
16602428
11334845
11700509
6002807
12946175
17132184
14886623
14381085
13802960
17965799
16406823
18481782
15047353
15188904
14700826
8867702
13126871
9853713
15319691
16495745
6037568
9408313
9191819
10121489
18212070
18464637
13668193
15338984
7448515
14133942
9113794
14270241
14993237
18069557
11037245
6349893
13684314
9717359
18162736
16791565
9226406
14674951
18428516
11551276
6716993
15124447
10451860
16190540
16412445
15277474
10707363
15596364
18651829
10129525
13221757
15141829
9366851
15819673
12923186
9651486
9758858
18122470
12859066
11945021
11001233
11293307
12654796
9866076
15126611
14395617
14473659
8547491
16233632
15139223
16353262
8325839
16409159
11536908
15515820
13260454
10158016
11422104
17995350
18390281
5798751
9704576
14468960
11871474
9647391
11561255
8400819
13065495
11072979
5465564
10449064
11108034
7041220
10282976
11756758
17077917
17037068
4700610
17513041
8283476
11945825
17253252
10129043
11801793
12429114
13446949
11838944
8527210
19087673
16489395
14891491
11002407
11119465
8724209
11214903
11507069
14957662
13018239
17152943
11030956
18884428
8809867
10993766
14658820
15571692
17680952
11353151
11187225
14488791
13549951
13350498
18867639
13216647
11293082
14741328
13455563
13526912
7731494
11940774
9930514
11898183
16122123
17486798
18834861
17987965
14377847
12150923
10318280
18196507
12230729
18582351
16237934
13827537
8881515
14792316
15214885
15892448
19169954
14748696
13712320
12602327
14509500
8824362
18250624
8627970
13044966
15871987
12082706
14484609
17447357
13206035
4206917
10275281
10842954
13246970
17609383
11613722
13616080
14010354
12187982
13247808
14379508
7951952
15822849
11468005
13773201
15843413
14444970
8050774
7864409
15774144
11472791
12577719
13561727
19382388
17934755
14855468
9263525
13766987
5231481
10250447
15398493
9819169
13615287
13005274
17018508
17375363
19571594
6299428
11577578
16629064
14749933
8657442
10601193
11450478
12594716
15680845
10775173
6243958
11326159
8302448
7031261
11598610
15490692
13632150
15808561
10325261
15976812
18425325
10677241
13023143
8894694
11222112
12038680
12195455
15176134
18529334
14618531
17941354
14893428
15487298
15065234
11861555
15795309
14077497
17061861
14545331
15879495
17454109
14851686
12807077
5737187
7837057
6413432
16755994
14659045
7475387
15984207
17749029
17351833
12877857
13349255
16709143
10945594
16733696
11305370
14184627
13524526
14883512
11916527
8732108
17649670
9370728
14655350
16661035
15521082
13715821
18196096
7724974
7080822
13509835
15081920
13170319
17142797
11989342
18296226
10002553
13760545
12960707
15832864
9549686
18306565
17323571
17825576
14270698
11621963
9566750
13266988
14673118
18924033
6585118
14205091
14698244
5762254
13056383
16888728
14310127
17403419
18069341
15117480
12341916
11707290
16020028
5287874
13271103
17331915
16237073
10022466
13439090
12052606
15814542
8658944
15960540
14056460
19411910
15472307
16507894
19057520
18062192
13905462
13855341
9327399
8026426
10759337
2610059
12538496
9948745
7050681
14101422
18529266
8944091
17812521
13708345
8089553
10903637
17050142
15743402
13905570
13211769
9696858
16616820
18985928
11451532
10889402
16482305
16511140
16368089
13331639
18322401
13634231
15979437
12049550
6662132
11009259
15009769
16351666
16834712
7672773
12938292
7823326
11233049
17110993
9844340
14712269
12014653
17113397
16939948
13826570
17835685
14724157
15421276
16087100
16104737
13655270
16709689
15835147
16086917
19088126
17478335
8007261
17107655
17396912
11752281
17103979
5756603
14376119
18782007
13455867
15573210
6933749
17149024
19049741
9969154
16508408
11817336
17295293
11372740
10156655
13084564
17431429
14168354
17423400
12031382
13155982
9283393
13480874
16587162
13942647
13635450
6606435
13489323
13863045
14233025
15688277
10480205
18006904
5196817
17013937
16904644
19105340
16192261
15063798
14856143
16193498
11459330
10622073
13117162
11438999
15015174
17337394
14530023
11493277
14664962
17440313
7659822
13863885
19319619
15384590
13362635
14114107
15842215
15438748
14911001
11867722
15904287
13236349
8431975
13318789
8215565
12517390
12234956
16397729
15426658
15959363
15539766
13891464
12020054
7050425
18296607
7827801
14405369
13990435
9976679
8607233
14059763
16456235
14793319
7217737
5891057
17244748
19442737
14167344
13328547
9606656
15316569
10158250
18044541
15319834
18339655
18466751
12311812
13787012
10610723
18041285
15175576
9338440
10487096
11003598
11312471
19113524
5971801
17181980
4115537
13538059
10652483
14372107
13328552
16884597
12798533
7183024
9839203
3983707
15097940
9997657
12669486
13047879
15504352
7174093
9782074
8312031
11981612
16012226
14677790
11950442
11157289
14709004
9430686
13323867
17689350
12845147
16933151
5639468
10957276
3521305
14469964
10612178
16167508
14157856
12876791
11174475
15039921
15393930
10528067
12405613
13456377
12406327
10540140
15250207
11855825
7710043
18126680
11875836
6977877
9654373
12569119
17887304
11913788
14904412
14569519
12711780
8080997
8792769
13002286
17320894
14899203
6038066
5794558
18329370
14183204
11340152
11767286
11470419
17905901
15772784
15766258
14641149
8459081
9002058
17955325
11924746
11238160
8987716
15323185
16927874
11644802
17038610
16723700
12612564
9130827
12323588
15314712
12566377
10068439
8119131
14863235
16416707
15657440
18208222
11645813
10847701
17433146
14548218
16728084
13213715
16699427
14107937
16823661
14062681
12394164
16956726
18638956
14257172
17371293
14108721
10582931
8780601
15887602
14633824
13329947
15682379
18221374
8423287
16292226
15955481
17281655
17534589
10899861
18365465
11040252
11138235
11605330
17648813
15023208
16591752
10906183
15864448
11193122
18118951
17592608
4456686
15665716
7513087
9490428
14406767
9880193
12588298
11991856
18313081
13175738
13545071
14937948
15110301
9983839
15352428
11714513
16665019
9745264
13838862
5763652
12045230
16645073
9325050
17910816
13323791
13799609
17433850
9013291
17850870
17194908
11102112
12966679
19006533
9283045
12352999
16384492
17706412
13820213
10923668
16432350
13748377
8546468
10031633
17220616
12061065
10959589
12538607
14531428
19316786
15202670
10722227
9536882
11364160
13222840
15089809
14886419
11197093
16727143
13379818
12352644
17883741
10982841
13605837
17365146
10281710
18131320
16045090
18627495
12685776
15307934
14918385
10377977
12749532
15755907
12831814
6016979
5192588
6444629
13060484
13561008
15887182
13126218
13724667
12938026
15417179
13966514
16753969
9983190
11919433
13950675
18937989
8508136
11814631
15216153
9795238
7599594
14752645
9923603
17610812
10316916
6339785
9614922
8267978
15791493
17052505
14126158
10459666
6802034
14436130
9383961
15539233
11157234
16637186
4977803
12462741
15718484
11921792
4458758
14288701
12932786
13017027
8433749
7389089
18767160
8470303
9163296
16033312
13534871
17031191
13038723
14480967
18310380
12313001
16766801
17658902
9595576
8911417
13915003
16473184
10914915
14818752
10660315
13164734
13384963
14418599
9128533
11342976
6239971
14714436
12348419
7901860
9595821
12356994
10011174
13173404
14916814
10905676
14978891
12467593
12983614
9124381
16776883
7626716
6777506
5060929
15676697
6541875
12547443
17889510
12430547
15447400
15178525
12417610
14460466
18755428
14996793
13907932
5588424
10752127
10824223
7419080
16164489
16347969
17855622
14895142
16489040
10547600
9176274
15134634
12208059
16019725
15079920
16221356
15146241
13354385
11601124
15488706
11544687
15690275
14106950
19579179
15575149
16807961
14170791
14409831
10838956
12364036
14184114
17486402
15369965
15090033
15348554
18867803
12018514
10334444
11963396
10398952
16925613
14518391
12615442
9518544
14483369
17579794
12689109
13730500
16886958
15059597
17948574
11892373
8776698
15919337
13645064
18440489
16084682
8995189
5218698
19375575
11631767
11062285
9108410
15520421
11739193
9251314
15813038
6331710
17779468
12296921
6931933
14307916
4541714
15999319
15346390
16568581
15501225
13581617
19185250
11750458
9685940
16147885
17289325
7963800
9377617
11726769
9664725
18057202
10299878
13904332
12137490
15944332
13701769
14337556
15084075
19291847
10070368
13987456
13770414
12301483
7787422
7615270
14037715
16481977
12531244
10629863
16723060
19129819
11518376
9314145
10770963
19425468
8682709
19401888
11750593
14294362
19321181
16073055
8969933
7904120
11293554
15306652
13147524
14682586
13915385
11341819
13991404
9144572
18790311
16632054
9354686
13950960
19553885
13628508
18409670
15858705
10964618
13964447
12198252
16155788
16001560
15439498
11760235
13878533
14244971
14950313
18965974
10696092
12910005
13394133
9903396
8739000
14796775
15618614
15554130
16375492
17177856
15052913
15691351
14972445
14919073
9736371
17114453
12562692
8820801
15863850
14775562
9163662
9906407
12560191
12391913
18953879
15740235
15402343
10241537
16821432
11588885
14542558
17124822
6808957
5600074
16166263
14867221
17219553
17964179
8118311
13574788
12908178
3243755
17756640
17459995
19653234
14266460
14215187
5803605
15253152
17180533
7665098
10357815
19115708
11854099
13559070
8519721
14000612
16231403
17658829
13395775
16358440
13762852
7529951
8299653
9488848
17266937
19031479
10046334
9655584
15922122
18107146
15807647
13873433
7042059
15962870
14976527
13434582
10579051
9052514
15336666
15674675
15017154
17855153
13002647
17221984
8122746
11338156
9845445
9421691
12496926
12886265
18246226
15245163
11031863
13815880
13258696
18993312
14467253
17903970
10656673
16888122
15580907
17810878
15328932
6979826
17659988
12670095
8472091
16068166
12252499
11345364
13763038
18073700
14048834
10978876
16958137
13453053
18867557
19220655
11763944
14939552
14020998
11600051
6480945
12756491
13633883
8387728
15503339
9627826
8039679
18640388
13749848
14344647
15363547
10677181
8603330
14673185
10026768
16140182
15877833
6977871
16320470
14783479
14862496
15674326
14621582
9711239
18787602
18259290
7072764
15805030
5591588
17272711
11151274
15330187
15643580
15696857
7709689
5947056
13425111
16171378
18107928
10909665
12739621
12808144
16017478
15924700
17251420
13305132
11202713
10991617
16408241
19453229
17443917
10015969
12264246
12379074
14792295
18170047
16655117
16350968
14169223
13623629
17965833
8890270
14086618
6470322
17731352
6825089
8253385
14960734
4521995
16400180
12457374
11277672
12732733
12246390
10114434
11287872
8216711
15368712
18217961
13580428
13898084
13778298
15603198
15955166
15831184
17617090
13630964
15397211
14542721
15335287
12123186
17775060
11003207
14925538
13455477
15424012
8801264
16822592
14904624
8006363
13534240
18050472
14646389
9666644
7846677
17465645
14272384
15162072
17256025
17195454
9244556
13930862
13590195
19217927
9541279
16686151
11017257
17577908
12110357
14326708
16124903
17080595
12112172
9738730
15480840
12677293
10463990
18862197
10834878
13273721
16945790
6807390
13167747
8241059
15584367
8428725
18909066
15763502
15799903
13218447
7796988
14382397
16382702
16151109
15216407
14875926
18562928
13540235
14877975
5786973
10594656
15956652
12431403
18607818
11877077
13050002
17072407
6969968
14169961
15172815
15420245
13763800
18239973
15442664
16001775
7948217
12884267
16423130
15687282
18658383
15343951
13881646
17250031
14673884
17029088
8284729
17518913
16594104
18864388
14025768
10691766
15580966
15464643
14426087
15851014
13956792
15327605
13782525
14783629
15295485
16075635
14786357
7201242
11833742
9993009
15485625
14294106
15761592
12613646
13975708
14393679
11878261
15411760
16014502
5262641
8051069
12723055
13355595
12246432
10959766
12895929
16273806
9508423
18003786
12937531
13801042
16428027
8685714
17831521
13276759
18094925
13542342
17872895
6034894
5505894
9706718
14696284
19396573
11841916
19337704
16554503
16604398
12726690
5689388
12685693
18260116
12815300
12460231
13280772
12820622
15444474
12231967
12610929
16897229
8940833
17276949
16980070
19018224
15264575
5979072
15773323
9674925
8853073
15250346
17982645
13787175
14282537
16739912
11189252
16404814
15328098
14093350
9256650
10529087
8193401
18365628
13051375
15982386
5598995
10554111
11907370
17945719
11698125
17845301
14096259
4173092
12908228
3722342
10794719
15874822
15374985
7301128
10869301
18470391
18743065
16680307
15686918
17376772
9400144
7160105
7681449
11348626
17469071
10238342
9102604
14665541
17373977
7952448
13218642
11143546
7858154
12456920
11668411
10994409
17084211
8667826
11839241
10303180
17559013
16920960
17003443
16598278
16548315
10590093
13109681
18123351
8019074
12250656
8864105
12882432
12495558
11330171
8616495
15765496
18314259
11419983
14748105
14882909
11283078
18247285
9712180
18737923
11882733
17284237
15842132
7702875
9591414
18414660
14401084
15512908
15066277
19639262
8680336
8255905
14637230
16797464
15208604
15667016
9924560
10129825
6385781
8768714
15946208
12744859
15904977
13460928
11142407
18263671
16666464
16453303
7510940
7506452
14015809
12416496
9979530
7447117
11207170
16923749
13925907
13093864
15332906
10422322
18049079
10171139
15717064
10223863
11709133
17113435
13267225
14480978
10201611
15405440
11076221
17278102
13606997
17136046
16812301
13545916
11410943
4173059
16949103
14648925
15212704
9558919
13420357
18714402
14847851
15869999
17283456
17075193
7583044
17276675
15727542
8179440
17020303
8895074
6350144
17781739
17128587
14462423
14217745
12272486
17154206
17722014
16725190
10359526
14844552
7951778
8542185
5704522
8970724
19360824
12408770
12577208
10331567
11555051
15195715
12778058
17639343
11368670
18057616
10711270
15342813
14393361
10053867
15382144
10684269
7256490
17788309
6001504
15662197
16992788
14956868
14225243
17414251
14270602
14153447
18502550
10807556
17144847
13610991
13041963
13539357
13421798
11415938
12108877
18621770
12764667
13376117
13910864
13560745
15031001
13370201
2662751
16450781
11621390
12734900
15655511
17094249
12908937
18186758
17512654
14396561
15739728
14194004
16448369
14933887
6196290
7910667
18594850
14936619
15684337
14555312
14766678
18926166
16858290
14716900
4709143
15383331
10107466
15198187
13332500
12382402
19537857
12532940
12689299
12888396
19408448
17753671
14001857
14607381
14517343
13642042
11476979
19660443
16250106
11510334
3742211
16423838
18300669
14832429
18728442
9975640
10108515
12076991
18733417
10390627
16918457
18559413
15983033
17338654
15000251
15713556
17525482
17461424
18662383
15239826
10933603
16044786
8642816
18497843
17823994
16686288
14063062
10901079
15465737
8604546
13701837
12855053
13435622
10968635
7742056
14838072
14001712
15968668
16165491
18475876
15123867
13386052
10676714
12581030
14103493
15471434
12926289
10266108
13559578
13269927
15727647
6216254
14685684
17641252
17920619
10409461
17920118
15829216
12713367
11787563
16964381
13908551
14127854
11080510
4794768
14371571
18207297
11155531
16990410
8602436
11444499
14782744
14511197
16583369
13704356
9812142
19152201
11594680
18440071
13005630
17034373
15974540
9921603
10049535
10459623
5348122
9128394
16474272
12175115
15532523
11839679
7443197
15436711
14507259
12531037
11216910
17871695
17664498
9652146
12045785
9977037
16544963
13450042
14273611
18345046
13658384
12287710
14992267
12148687
12986627
14310322
19595229
12470172
18878064
10646108
15267226
13206678
12268443
12865510
14438205
5221066
10281360
13894800
16843267
13539746
8262886
12415395
6397244
12700006
7147969
8578564
18677865
13026815
14779654
10681576
11975218
16840026
18608116
12764383
15170111
18159750
17471524
16876532
16486976
17200140
16127240
13195177
18247771
11129161
17295121
10888411
10559943
14556557
10071066
18862879
15781264
15938105
15617410
11285858
5705922
17603123
6409427
16292855
12650560
6769235
15147018
8762714
16537297
12217730
12781457
10665583
18321840
16360911
14360657
12836161
17865059
15811992
10180578
8696531
14595180
15216684
16630898
16061029
17087543
14497382
17880375
16095532
17235830
13189159
5203488
16942410
13292337
10874671
17294775
11010331
17428097
16692507
11221469
15936153
11984955
13548583
4761569
16713485
11399775
9017480
19132194
15857939
18490346
16903802
14184873
15989052
17954783
12688974
7285185
14893020
17336279
12648781
8307255
14677652
13929187
6806051
17180950
12526350
15184469
12820798
14300191
17409727
13583691
13022809
10043648
15999182
7735027
18356345
11909632
13282129
16181717
14991264
10889414
14307847
9965179
8796126
12318675
13065996
7396846
18385689
11472649
16145786
15522485
8414248
14107029
8745471
15635444
16186999
15380237
8266443
16512449
14357259
18046369
11568806
12828325
15206699
17724271
15950526
18740807
12612637
13549524
12696296
7692940
10058644
19078677
17177086
7065289
9797163
11528376
7380971
13511830
7968237
15115700
15476330
13361311
18322163
11919199
15718324
13481351
15876690
15417088
17906147
14382701
11081687
16321244
17025125
10770683
16595310
15392951
16163371
13853246
6094279
17873241
2858246
11446857
17299754
12547245
8369081
16824297
13239350
6844412
11001076
6351283
9914413
8236443
10808169
10903864
14149765
11491590
16342818
16748076
9329816
7871049
9487334
11876477
15680643
17308241
3323772
8741387
11970480
17224439
16039665
9567506
16533729
12419961
18016373
17171382
10904352
17700229
14138333
11571272
17280821
16831159
14084831
11573886
7734521
9594478
15925639
8700200
13432173
12104310
11149255
7904592
16607025
10374409
10304840
11707848
18095852
13276924
17046084
11002423
18535192
18602901
16680492
14113741
14739116
6898389
13467913
10610123
11415861
10739278
10802615
15994336
7785364
16943610
11520664
15631726
5457634
13556366
10924901
17775981
17138965
18376279
10978476
12823540
13685972
9774837
15551882
13126847
5784433
10712475
6697745
14799165
15400827
9888449
10670267
12727675
12964205
12409374
11117173
16752403
13032762
15820941
16138920
12986675
16425685
11665453
17942808
13833559
18592897
16319430
15603759
12792773
18819224
18145807
6428822
13687099
16583135
16139721
14154588
11455399
11037882
19056147
18108620
13775224
17415653
12560771
11969902
17302148
16284481
14448479
14523598
8696468
17505589
13420567
9752693
5178974
7736102
16452390
16938733
17879238
8794853
9863754
17740507
16922174
15951761
17235808
17229612
11460556
13245434
17367816
12062799
18008261
13531620
16989125
14730597
16087280
17125100
18444647
5881902
18291307
13316427
9469898
12240360
13137950
15552532
9515127
9853459
14011838
11224228
13578256
14442796
19398711
13595505
16783569
16134367
17202529
7395084
9555588
18461049
15958548
12653429
12475874
15233276
10424826
12253337
18129944
7855678
12752526
12375889
16239108
11319755
11943149
10307899
17123912
14233826
18029605
18402161
5312146
19748349
9807197
15296676
14171488
13498969
12772507
3015657
10377290
11275853
15379196
10448547
15029077
14167896
14771422
13069543
11171918
17494241
14535507
13509483
11156159
14614836
12111562
15737094
16446012
13685548
13069149
7984281
14421914
10803987
12585600
14047309
17354728
5135569
14119818
12922757
7172512
14078708
7909909
9296430
13514855
9055316
14480284
6040796
11457179
16453097
14495926
7965522
8850813
13641511
12622461
15481634
12666156
10816182
17409760
15754527
11052713
11392509
16446529
12176872
13934896
13996577
12606304
11299607
15091226
15284238
4565589
12218501
13732260
9692026
11398775
11824856
14363481
11904820
11806562
11956771
11332696
14693727
10233908
5659461
11550288
8052481
9436969
19585734
15111873
9826349
18367284
10869163
17193028
14149457
16021900
11971163
12942252
13095326
13498444
14730742
11121281
8815268
14295928
15864946
15930936
18616521
16136312
18209162
14974298
16141838
7873482
13555666
16560478
17470253
7704512
15620323
14103758
9028831
10692339
8768624
11443273
12694141
16756717
19923387
13137369
10862593
14089822
12569334
7335677
14637222
11716029
9867682
16997855
15777731
17010591
15753049
19224055
7862929
14050791
13593277
17911169
13961662
12271537
13735035
12624491
15325052
9449258
14399593
9481878
11498414
19221255
12268639
7527438
13633167
18154522
7156143
14391848
10183747
13092799
16240459
18523025
14441169
18093573
5006211
16683706
15821564
12636546
14420719
16351053
19104413
14975555
12807432
13518658
13881102
11051298
14518025
16804526
19474055
19642504
11264724
14380771
14624379
16280968
5800710
13274612
10639250
11430223
12423504
17230935
8404494
13389083
18475237
10955860
13984533
8926917
7629650
14866367
5462945
12652002
11566398
14667504
16800952
15235831
14878114
12110036
9016270
13365297
14638623
16462267
11797961
15146417
15212541
18681708
12271505
12285172
13618989
15713555
12542585
18720490
13345090
15060739
9140037
11810646
10769313
15488689
11679799
11331102
12005313
17506340
17810565
17868324
13935477
15264072
14285022
15914772
17278925
3720336
13715404
12625897
15973686
17921133
17188355
11736149
18045310
12788000
12970754
10497224
12614692
18408627
17997555
5593347
15381870
12146118
19329287
4710866
15651788
16017531
15482905
5091474
16981591
16811404
6178408
6644155
18155371
17282721
15589599
3683433
5095416
13267228
7238203
11536719
7928948
5916735
12016874
18174418
13947817
16547972
14218836
13070068
15050731
18862918
17560180
16391681
15177111
14454127
13344771
11143958
15420353
13453016
10478168
10479072
12341106
11954874
13227900
4723401
14319338
12114629
5572342
14591536
16210162
13246351
10449918
8483351
11833033
12242214
8897916
8654126
19125801
12991768
7287078
16885009
11201550
13608872
17079518
11257255
17449285
14863774
16181200
8881740
14749229
15985815
8853346
15341238
6980934
11923966
14592885
6694883
7229951
14634662
18199133
15222915
16849647
10484854
10244511
12691612
13720432
5841865
10276997
15997278
12142797
15431979
14961834
10602575
10455506
5405863
15246602
12642529
11023622
11998746
13454950
10984431
13754999
18043820
13878049
14190219
15225235
15029248
10331139
11010486
16034265
12159011
15812212
8235932
14116854
10702755
13195292
15050892
10683689
15775776
17631610
14010933
15767379
7059238
7611334
14453223
15726099
15184332
19019485
11057094
17211425
16459352
7515404
11644066
10758881
6766397
11625895
18348407
15094008
16010387
15869755
10189727
11898228
12770316
16988170
12165667
16410759
17206322
14774348
13662716
19603269
11951598
11367004
13027256
12039160
10550364
18809522
10932131
8844010
7820790
6125310
15818616
16748610
16252468
19001016
14361926
18245429
16470876
8463696
13499432
17196183
11617093
3879154
8312774
16363815
14188088
12136530
8082354
9660827
16548491
15320614
13258892
9995616
8031679
13086714
12030428
13803977
17964158
14031295
11816039
13636008
9891921
15280063
12760965
7338745
11853741
8143657
17441161
9515562
12028692
10159678
14471410
9101262
17312186
11310044
18638649
7954610
16328493
12671304
13907784
15309198
18654122
17480061
13820967
15487352
11688898
14016299
10488334
13422490
16064061
8444246
19199143
15409276
11508333
16407960
13624263
12992289
19570119
13378140
13860312
15618211
13938092
14983245
4342067
15191931
13504284
16806313
7917595
17714927
10222850
13575693
18100888
13471993
15159652
18133774
10945350
16371376
13921583
17438373
13646283
10344401
7414567
14703078
12605896
18702889
14587569
14325550
11501009
14740795
15162208
14915510
13357792
14192008
13753519
12924023
16252746
15624744
18539270
12089255
12754128
14125822
18982774
15458465
17371744
10659290
12655328
13375616
19644579
8885988
11660166
15380764
15072822
15920570
9306268
12847483
10055824
17577717
17503296
15675828
15436728
15234631
10239003
10495165
9193343
16707664
6048944
14549133
18694973
9980233
11923157
12519282
12950066
11913937
16776260
12123189
11784694
14307551
12143383
9735195
11244168
17472198
11414628
8050945
15499782
18310993
15129457
11082684
12058044
15492506
12176304
12420449
6244639
14915777
9020026
16500191
16334129
5006755
10659562
17654603
7878523
10300349
11681890
10926381
13951293
11056179
13832248
10504896
9670028
16853084
14821006
11971038
13977652
16148815
14679542
6436786
14935330
9698398
15881639
13585560
11537444
13189743
16248581
14168623
13440762
13723737
11277369
10172718
10765219
10476346
17085283
17289712
14374234
16503531
16101385
12456472
18406297
12300430
12468517
10353046
14768606
5538924
7817500
10391701
14650356
9400328
6187934
12021304
15088512
8112172
14475510
11720851
14307070
14012641
11422365
18049659
13788235
14946588
10188070
6142650
15400799
19014048
16340524
12928355
8500231
14780901
7900356
10736292
11602395
11427820
11095452
6665951
10032529
11531615
5702678
17923970
10499306
17448791
18642364
12660439
9935941
11792946
11609129
18155753
7334462
16808697
10098405
13275474
13533649
17859981
15655359
10074217
10389296
15280930
5722131
10384635
16119229
15078433
3788786
11279704
11180415
9642542
15579313
13320956
18076286
16486727
13606786
16380712
14912682
14227146
16959654
15539342
11545581
16566531
17257681
16497661
15671817
11699650
7693232
8895097
14566305
15669929
12233270
15277291
15779752
8224205
16100604
9840998
15412194
10473048
14116146
18730797
13565224
11489431
16736711
8078382
7268908
9369866
18644874
17312190
14504604
10708425
18242599
7491331
13437879
13249462
12869169
15125009
14365289
11781631
18772740
13292088
15851117
16038585
6127320
12533884
14217837
13367125
7280892
19556773
7867630
13014254
15679641
9572461
15744743
13702519
10244145
15564876
13504593
13272531
11405743
19215928
8943655
17435540
5969729
8932550
9326951
18349929
13059325
16182532
15122097
11505037
16794153
4061260
15661289
12548583
11826604
14597500
6932089
15617491
15947107
18431173
12998398
17273787
13784374
16404274
16529158
14617808
16299171
14996051
15349565
10472514
19674115
16441310
14696396
13469740
13335587
17788189
14832839
14214191
14812784
15432276
18722264
17653741
10869229
12413310
15423491
12539042
17423155
13403207
16117409
8073455
8025899
11001477
14711101
19509530
13458871
8276316
15696611
16111900
10168694
15320523
16877648
7839654
9860780
14587131
9410991
16318657
8048107
9336948
10970042
14050048
19277050
8233100
15801550
7113857
12718762
12640024
15759176
13551999
16840558
14746834
5397119
14610528
10234554
14089148
15061236
10628140
18775991
14172612
17659191
6837923
13259015
10898502
7908990
13361866
13147289
12039852
13289510
6014624
9719158
14419849
13260470
15842936
17751229
11421467
16430709
17529411
9217460
7577499
6373176
18043983
16280101
8319523
14303745
6780640
17575862
17564921
14415517
17377722
10270253
14456043
12228316
18095982
14298467
11733819
15872665
17779023
19491573
10819807
15949346
11597723
11028704
5375269
11634468
14525844
18279539
10040752
15328316
14709118
3336453
11973504
12113844
17251291
17229801
10840844
15387852
13056657
14564374
9602297
11509273
11063803
18438740
10192944
16178423
14679815
11961070
18067318
16654947
15768638
13658159
15728142
16842588
13726303
19314914
7586192
11468689
17812232
17611277
15823047
17226302
14188633
11095695
19188423
17686578
16903166
17539342
15569726
5281532
13317668
12744158
16190952
13853472
9085515
11959795
11490845
10708390
11444286
18019504
13899307
17511458
12970826
14376428
13470104
7291275
9379094
14163727
10230475
16322815
3930478
4405431
8904085
12882671
14906053
15386751
16793078
19074118
11982856
13174815
15388478
14681027
16481449
18308317
18938500
14513516
14778156
11154022
7080875
14344075
7242676
11843306
15921724
16661619
16516552
8802013
18780964
16777452
15500927
10528401
4931532
18637376
15904657
13951880
14428936
12998640
17871341
9940974
19575602
9938886
9634319
11779656
13554398
16326315
10828823
10234616
15062831
16913757
17979361
15890404
10175756
16781740
9680285
15456441
15931132
7003941
18279342
10399920
16396848
16341363
17802367
15427749
15816015
14857450
13224091
11396530
17350320
11328587
12795857
13287172
8273533
16142073
10415627
9549156
11650874
14000322
13224516
17760712
18778385
7715531
5704175
16614353
18077531
16770204
9633464
19913202
17191223
17064414
12757947
16575755
12800740
11867818
16800332
15498314
14574986
5896561
16743696
15479871
14732396
15672136
13408103
13164893
16075516
7463917
17216253
16472199
12591331
16304190
15445078
14337233
16940434
17812640
17179182
10304147
13209301
9435790
11444393
7059247
15700732
8027725
15342727
15525186
10528092
15754266
17810318
7036136
11151420
12603283
16388267
19482557
16355417
14440519
11306871
15589178
15819560
16619698
8172202
13380480
16747773
9276831
17850484
14139988
6317194
17945245
11144976
10860958
18906204
10205435
10262591
15168644
10832106
10561615
15481174
17581785
10039077
16921298
14166744
9302229
15023721
18446446
16816739
14318377
10428386
10175182
14532280
16158975
13653025
14652887
8767518
7175719
18500262
17532008
12972708
10169484
6499941
13258195
13863294
19100674
7762929
9440318
9615843
14251273
15815239
7591641
11578532
14049932
15729870
16759083
12750884
16174698
7706722
10058479
12264048
8618391
14142269
14624650
19616254
11128499
9445460
17983745
19860504
5728317
16574923
16023341
10438386
13382687
13697433
12166860
15043839
14896064
17398846
16212975
15543841
6822930
12322667
8274207
15703167
19010417
16447330
13696374
13648172
5058514
13775356
16683522
14103413
12835923
12708029
16934325
10074707
13131870
12270308
13274985
11755803
15262698
12233946
10628662
12305220
16152048
10818506
12565405
12507622
17849752
12472611
17143298
14891366
15594492
11307958
17694335
15288115
12016906
11565413
16158268
5499772
14899826
16030459
17536655
6659101
15452501
14119782
8342241
13744706
18000469
15049120
16739368
14866737
8118403
12770308
14630170
14862808
12558524
15569928
17837987
8796582
9132663
5605902
13725554
16497707
13867306
14966194
12091101
14957831
17896811
10079350
15345536
11330449
10525190
15851512
16780642
16146861
15864755
15897158
12133369
13859353
10524937
19196583
16188257
13119893
16265272
8368605
15614221
16144297
17605753
12344359
16348373
5718630
12157848
8773409
14805859
10301673
13809069
15646377
18096504
11392647
19514161
18546544
5571685
12498037
13725024
15168562
16883747
9885582
9330365
9673657
17150727
15402899
18422340
14904443
9954350
14753897
8641632
16125241
13352650
6895055
18249224
17202992
13675633
17795185
15303932
12863104
17449950
10638631
14980377
9403279
18207935
10508683
15422202
11468452
17915000
14231907
7493399
11762538
18299733
17739420
13070230
11213372
17613938
11146192
14337207
14774616
14806108
6888224
17521483
14564794
9376340
15205147
16675341
15240394
7402052
12356433
17628547
12059738
18453870
9532471
8420617
17110665
17490669
11683487
10382710
14204435
12250680
16030879
8470248
15969809
17102726
10031057
7872293
15826604
17764837
17355879
3509549
12328104
12135907
17547075
11297674
16657021
8659708
6978013
13165144
12681316
14527919
15251192
10521355
19171916
14428091
8044747
10106546
11394022
9362432
17296978
14222592
13293486
18624228
9418215
7426601
11099416
10973590
14150718
18310103
12434240
16781414
17227355
16821775
13623530
11374961
16885844
16979034
14902762
15589777
15393044
14293603
13699020
10666999
14779403
8675997
15979514
15653093
8081025
14875343
11745863
17227483
11171824
18205388
5820948
7449421
9957710
11983922
12477533
12074604
9370872
15006620
10974896
7404799
14113426
8629747
9100699
14040803
17046857
8588212
11022228
8433747
12926301
15441880
15216168
17931034
9301408
17284903
15264915
12744090
15992549
14791197
8824591
14345319
9278142
12795178
10965041
9135292
13732910
10215504
18600817
8515344
7543316
17531255
13120297
8801713
19689980
13105736
14436413
14118092
14284793
14258979
12236257
11341096
15328027
16539090
15464570
11093079
15590673
15104964
8387201
10979692
13615525
13217831
15213020
12281503
17320465
14816843
9749526
12810540
5612064
10548023
12837423
13305432
15173225
16917291
14416722
17282451
11444682
15293903
16013878
11145113
13464632
12940305
13266327
12058861
13603730
12268818
17296660
16487843
11990359
13797354
9404983
17561085
8828937
14717868
12220034
4031034
11031447
5028055
16210672
12727562
14849466
8317154
10230020
13621890
15744916
9080805
14712742
6715478
14359548
14502717
9095997
15638459
5389214
11140075
12041623
4324556
14088599
18816799
11417761
18686059
17107046
12831716
15026968
15823276
17312552
13092150
12685590
11669081
16843608
11101097
11745338
13604266
15565456
14965336
10996332
12967825
4270294
12978440
19394727
15600320
11719674
19027919
11962475
12102534
6908114
7549747
7918905
12188739
15241371
10953839
11166168
15941610
11725103
14369833
17998597
14567953
12713374
9754057
17246271
4838397
16035265
14615088
8970968
12264965
10525593
16590746
16837506
11988767
9277326
6612518
14072095
7969615
11916806
12732403
15396366
16528524
13861618
17533551
15581629
13910912
15730330
9964269
15731461
18928664
15510331
11019136
15042608
13118328
13601465
11610588
15245904
4661216
13479066
6905773
11439274
14146289
11574484
17842361
13017532
15062607
8650301
14038455
14250500
9914402
13887764
15823079
8447708
11618127
15839455
16195191
10096633
16266012
14354452
16115368
8639230
12578829
7748013
7281391
15384636
17250863
17092560
12535998
15586558
13566908
11094499
12992815
6815155
15948684
14435830
6181119
15668686
15345665
12165294
15143965
14549326
10254331
10803861
16673910
9113538
11622252
9401370
10879159
18357116
10908077
11763767
10918434
11030061
9994174
18234280
10099857
7432063
15002804
16038009
10826119
14137365
12415049
17025675
19768823
11710803
12236307
12009593
13222258
12294563
9121502
10243088
11442070
13752383
16497096
12267292
13421618
18306149
14220055
14238281
13251654
10112416
16217336
14249946
13792802
7636607
17961955
13891489
15115761
15723182
16977405
7351227
13004525
15198702
13302996
12429100
11797061
8304896
12992614
16912528
14465307
16396224
14471417
11711115
17498488
16055067
5100400
13282629
13807531
17299947
18135971
16779224
17317991
18564936
8767819
6892937
17287195
13347300
12076930
12547575
17676682
18487727
12191009
17800249
16802483
14570373
12122353
12116381
9058122
11589560
15180298
13591130
16919553
11623074
10242496
13114326
12538734
16519253
13741047
14193569
17769370
11338930
15826981
6510474
16406094
11879434
14402589
16520575
16251238
10448464
18295786
12890424
17141175
16879972
19115036
9389499
11034153
18355802
18181001
6992020
13481637
7433773
16815414
18293879
4572052
13937221
13605794
11978640
17547108
17266180
13228412
16851617
17460756
6203692
11274513
11267266
11695790
3583794
10459854
12989483
18090571
15846231
9967419
12341170
10293430
16980669
6028024
13500439
12964902
11097117
8974281
5211948
13825748
17694310
15840084
15019962
16775982
18350449
12828772
15013355
17936284
13392946
14366764
13973087
14057915
13481238
15599816
9428138
6637284
11861084
16611995
19512043
16314667
15404069
11761157
17769220
10832578
18960323
12652973
16897061
12822633
12392459
7454609
8978274
13818178
11192849
17176532
18032173
19071523
9143969
14323840
14675354
16256792
18575277
10344216
8755214
10763099
8588189
16377109
13640206
11457130
9840108
17688663
19610757
17088207
17577750
14869486
12261044
14269998
11354606
17998572
12592890
15424870
14832396
15436938
14275705
13527449
11504179
11758436
15945300
12723656
17080532
5776974
17388787
13018212
17214234
11875357
9045749
13198066
12437749
13210512
12462264
15084529
12160967
13375040
17496711
16663151
14209421
18774453
17845098
12558561
14597619
4785763
14419502
12958475
17537145
8230690
15686430
14875659
15228120
10498629
10339580
12366834
12753090
15998458
17506294
14041846
4821409
4996806
6974609
9691904
12244234
14037459
9547837
3626996
14207581
14040443
7493485
16772633
12826615
10474002
8714742
17006021
15365689
10918207
12741205
14046084
9810717
7789827
6551784
16108850
12008204
13848324
15169372
3775928
9668234
12857713
17110237
13429959
16551441
7293118
16030103
11465186
6885055
13733674
15665849
8072318
10487006
11937218
9037521
9131688
14320580
