8578895
5087189
15739186
15414705
13681971
17784109
8096187
5292135
7302391
6041294
8389096
11010120
14232568
6865095
16441726
14702398
17664093
6199561
7660570
16177736
12618021
13678546
16552429
11273469
13902971
16688046
14395388
12739554
17163495
13921574
12816539
11918820
10293332
17505105
12923626
17113994
11484482
16794318
14471182
12097400
15479753
7157044
15021651
11802589
13182633
9518899
17676189
14239242
13621025
14761201
15154962
15032597
15532712
6988168
16205325
14108085
18139633
9463386
16299432
15587930
9563674
12209925
10020426
17032512
15817926
12234838
14013599
17041641
6987211
11222958
13252639
16444404
12515179
18586724
9292407
17085291
16053041
18026822
16991171
15061804
17551312
7151618
13518206
13561583
6273026
14449154
12983655
15907168
11692003
15820897
18743783
12255185
9558002
18065185
14218997
16164703
17367366
12871122
14433575
8562497
15006096
14465404
8147009
10106038
10393605
15166770
18630855
9439115
16405879
8019551
13960357
13073576
8991402
9985268
18519767
11997777
6992258
17312431
12534549
16928351
10423028
9603021
4272326
10751505
14958590
16297555
9129256
16339734
14088035
14925604
13371675
16430202
10023202
12595897
16280421
13251368
12021976
12444297
5916560
17353786
9266871
17013309
6583407
7609999
11557846
15363220
12847214
11501743
6586823
14251667
12494679
19015625
13572323
14828555
16833472
18186566
10571536
11484356
13197215
11890185
9625009
10660705
6291252
16318207
14779669
18044182
5140098
14982569
12127639
13941079
18339274
5862564
12081212
15003272
15983691
8769858
14502703
13785987
11582387
12023416
17550091
15966363
9107257
10399182
14926204
17870127
12267686
17180211
13796139
18369533
10152372
7996847
14770721
16076994
6496163
14511284
12334113
18004216
14530187
13666292
13762122
10171045
16214525
10965760
9038351
14581959
9802879
14191406
5417961
15175606
15455481
16546545
12945437
14314711
14720908
15405512
15793659
14876808
6933808
12294610
16567912
8491999
13019317
15501670
12433936
10935557
10322483
8533976
11084889
18333912
12548552
15485220
9579176
15747222
15902369
14354663
13374854
12501878
13371560
19268877
7241968
14369866
17070103
7123697
13884156
7509367
17268623
7914383
9901879
12206597
13937184
18083718
15611715
18683837
13730083
18533177
10105497
13572641
13603921
16738380
8981496
8286138
13539852
13086327
15411196
18290748
13294513
16953767
9205957
17299333
15500948
15592531
19565611
19031565
16189246
19066323
6620321
14316958
14299964
12870605
15249141
12277796
12280458
15813970
14875313
8423809
16484485
11126781
12778838
12142830
17061813
13896724
12920488
12350612
15687332
14508735
12539002
14009499
12333417
12089817
16241480
16177476
13319349
13371244
11943025
14764852
15399159
13386273
7331554
5897139
15943517
18182978
4537017
13632559
11146884
16580707
13432238
11725334
11810984
8854519
17674388
15590871
15039937
16940925
18721252
14009049
13501433
11293895
11491497
15049131
10566231
15415827
9426708
8239636
14857546
17677437
18975171
17028830
16924323
7830883
16739662
11740760
16098774
14423714
8746447
12994152
17730473
13203500
13183682
15902505
17136039
18447938
7133469
12125251
17372313
16192229
13340421
9504835
12198524
13781196
15621420
13470016
16759107
15876859
18079451
8545901
9674162
12012568
12422841
9156338
8976760
13966370
11633739
11701065
16664199
10015478
14938958
14727125
11484295
16951749
14878186
12981696
14575797
16953695
13109678
15241974
17752622
7562869
11405950
17235721
13089470
14853392
13217058
16389465
17226300
13657884
8543130
9936022
16854046
12260119
8565144
8909652
15009831
8437917
12421997
9744136
14253312
5935641
17809708
8447475
15108382
10632799
11889455
7165227
15517115
19101885
14825011
10738525
14752106
14261082
12395715
18488677
12997163
10724793
13903277
19250303
13074856
12569795
11268309
11266035
15046517
15397518
12237786
17606671
18409968
16171363
19193528
13773450
8910059
18123099
19398430
11440402
16617450
11137819
15863623
15653988
14757542
14877366
17281922
6940698
16398489
15893634
16006594
11495652
16176749
16498829
10596722
17705609
7919237
9164345
17399501
10736538
15287768
16365886
9390308
8454841
10780480
12229618
11868699
14791316
16340059
16590741
17146179
11233578
6920341
16533150
10546444
13801446
14247535
11075176
17638038
5987758
17187144
14968287
5419960
16632497
14566770
10240315
17407658
15928826
12470064
8736004
13710969
15131136
16775982
12808069
19423648
14186493
12010824
11564592
19008324
12088566
17542422
11580715
15752792
9903521
13992321
18834151
9972237
15637442
16645940
15717307
9577074
7760156
8438631
11256242
18047032
12812193
10180058
15052710
8185935
17464536
14485057
14421869
14227974
11433628
16597315
15891158
13664556
15167938
11957049
14921521
12106017
17981300
11878393
17624852
13921507
14146347
12485272
7025484
17341507
12407009
9168664
16567241
18758603
15890680
14931096
12298241
14817663
8984809
15236147
16943020
11696333
13394072
11480633
16035065
9919071
11242107
13066639
16858023
17237522
6495309
12110329
16276027
19053137
11590589
18606895
9809421
13987509
10679097
16775656
14284303
5299253
10550938
9152666
16293980
18947597
18524625
17484274
18269911
9763433
15080292
6982526
18484896
13510067
10371509
17136164
15157032
15647244
16206819
14149530
7371247
18943664
17050113
10178043
18762990
10953861
7663743
14851636
10336949
9435829
11792683
9498209
15455721
12763348
9344908
14582832
18613482
13086034
13891239
17017702
8837847
12772324
14531999
12323389
18694330
6651028
19139982
10675371
13011345
16252819
6342722
18902324
13911846
12584386
13431064
10689927
6452286
10860226
13980113
10390404
7228614
9142039
16620475
8549615
13869410
12472546
12343030
6794647
10819255
17208212
6302163
7265953
14099426
13516517
5368180
16345370
10891704
7954716
10205675
12853155
19123581
5549562
15115138
14136948
13722106
15754527
8073749
8794775
13909686
14868603
15128763
16100951
12365748
18068669
17030559
14268249
11343832
8790269
14552111
11810289
17318790
9148808
10010483
17526703
18313424
15896325
9861367
15590737
17277087
11779373
17902119
10187899
18595038
17545608
15807231
14045201
8400710
9470994
8804617
15039110
11949243
8292225
10783672
14017214
14431706
3875878
10980351
14506279
15453190
11457886
15687025
10935185
14720998
15890410
8812024
11371117
15938037
16463435
14874759
7777153
5052399
18440238
15772434
13369470
11831206
15852349
10796696
14545174
16673066
13792474
10129212
16879384
8792177
16052105
17756920
15533425
5713314
11527134
12030175
15407780
8779200
15584819
11402993
14986337
9772760
14759361
19078411
16833901
12717400
14103802
16448494
9582780
17954425
11438413
10509470
11174802
15393881
17082979
17151500
17448129
16457400
8922041
14886957
10310596
8286382
16965051
13729027
18015062
6679420
15033808
5714387
16468558
16211483
6949018
8694512
6436614
16951222
15587631
17190215
8112111
17894029
14530885
16568618
13513814
13639757
18836142
16283057
15762283
12034065
16592388
14342166
14323959
15681645
13683367
9729945
16688928
12331653
13237005
9372455
14579798
17436205
3850843
7889896
14357330
12261544
3795222
13835213
10334122
13481076
10104409
14673931
9366233
11743998
18570933
14423855
9323347
12903188
8529692
10070991
13887806
10636726
10347990
16980497
15604335
17404154
19394806
16854616
7828002
5485390
17202581
7431141
9683092
6948138
15430405
14450245
16938996
10439417
12299982
16173633
3655566
13751174
18569479
10986352
13980150
12669317
8909362
11592575
18227874
7138562
11015692
10182407
10669219
11774245
10935490
10645548
9093890
9415540
12513604
17337119
9912670
16543884
18712070
14260140
10031365
16463226
11423888
16619127
18468517
12734285
11358127
13461158
9693739
13738355
19915940
17687494
15480352
17293627
9625852
14851385
12698472
11099152
11947487
15306225
14562633
17580754
15479055
14156136
13882166
9530246
17348905
11608773
15314616
9118570
9539504
16064438
17242739
12868980
19467683
9019039
18029628
11217119
15362783
8553491
9813614
11777196
7759079
10757030
14056335
14028868
15976290
12330958
16148254
13151009
7680880
10487884
18747137
17758972
14998564
14114276
14677934
15265612
15700108
16219597
17921188
15177383
15081182
13100408
18259379
7323751
10771442
14108217
14549753
9779690
18100640
11828099
8275345
14277666
12124599
16138836
14962783
12373690
15871632
11761938
16340254
15023326
12741925
14766914
11143440
15809184
11720045
13867672
18165307
8221443
13204261
15491418
16773599
10019790
12696832
11459657
4398629
17861908
12097936
13485624
12644570
14868081
9465070
14724789
18833141
13184602
9287273
14303016
12879094
17337222
2755706
19456469
12102383
19071968
11859937
9508179
12815406
9902450
13224834
5226987
18629448
18305614
18721972
15609822
16475732
11496737
7616477
15212899
9515426
16299761
15665415
16743211
12464741
8440658
14274525
13616161
13407212
9955047
17244661
15788074
14986285
13433970
8946059
17243176
14450803
8628216
17249319
15156951
14661433
15189240
6177618
12116662
18642965
12479408
16911264
9856982
11958363
16758071
5994380
16800846
11235278
13149092
16109610
8618124
9558697
15905350
17923980
15712730
19133852
6517107
17691636
9171815
17213729
8535288
16898865
15436561
11148284
13043552
15468619
17601240
11678176
10553789
8452115
13391139
10881149
9763126
13523049
14248690
16325399
5460037
15968942
10249262
13999811
18670099
11704650
9592540
9338597
15774730
16831268
13637252
6985125
18235308
14771351
7797509
16193614
16090402
18055631
15036788
14480397
16237600
15810552
13925515
14245351
16729648
18105199
16668869
13838462
15403300
13282276
13788850
16569778
15595790
6080062
14497766
5905059
17863901
14126006
16668492
15021529
12384032
11221962
19240277
14629801
15211669
7616803
8545409
12671995
10859989
17968933
12492401
14109488
13743774
16324680
18327056
14583412
13301133
18085615
12917648
13303487
17646293
9518000
14396260
13188221
18785395
15444171
18443698
15093214
11601444
14469725
16916362
9969820
14031571
11094370
13699895
18842003
9051971
5356793
15357792
17047503
10899058
7846870
15783498
10013671
4342334
11519232
14665989
10130972
14016520
13733823
11469693
11553036
16513928
16743500
12947046
19109360
15725000
15118660
6232666
15758109
16357264
7889332
9132232
9367694
19346158
16712297
15556762
11992974
15840569
11026355
18446881
15072656
7777030
12666385
16114298
16925118
7270623
14125723
18792949
15750153
12119136
6350992
14775022
12679554
11196596
15659040
14086541
18796811
14155742
15541820
19119604
10490183
16894324
13415220
12202522
16883925
13456679
10630073
3177484
13746564
11392777
10714142
12339454
15279564
16559638
15624223
5751273
9813513
11197698
15749589
12487440
15964757
18401506
12152824
13546268
15356306
19877592
13723578
17299625
16153566
13232235
12141870
16099479
17322945
14841762
12510746
18455017
9589787
17958571
12598983
18865753
11003551
7930711
13666134
17442907
9479710
15049092
12621845
17376317
15155080
14064853
7810293
13100425
6595312
15115282
17761991
13590151
15024337
16668158
9302480
9548904
4062151
12072203
5000720
11272367
10017026
17872357
16831450
14827506
17982489
7466209
11508061
17224940
10888652
17561278
16347712
16330229
7196531
10638559
10127530
11345975
16077139
18866478
5855713
19244897
16778334
17583443
12733932
18258791
12499395
15483518
14853382
11776709
8846213
6720284
12877414
14146827
17750617
16867076
6422294
7964169
13295511
14713513
17164343
12551513
12412915
4231599
12462455
16883599
15025179
18817267
13362229
13790998
15739364
12564212
12404674
10480897
17348725
19181746
14220722
13757157
9251550
11243577
14148395
16959415
3346242
17405756
12185082
9212267
10156882
14952949
15727434
9512753
15378795
16323910
9107845
10681068
14060491
17036078
9045078
14530817
9125924
13202450
6519593
19064858
14206234
7135062
9922773
11228977
14494571
16863318
16072985
15083779
6483036
13806445
9974229
16094955
12206934
9703467
14799644
11296589
10471824
10264401
10960136
14683173
16176998
17416059
7955536
16535098
18851064
15526243
14586728
17042942
17598910
14681550
12686656
17748041
17540504
13547016
5536566
10147332
15499745
13666881
18437520
10865331
14774595
12471809
12507704
9805572
7817878
11480833
11507500
17200813
11237914
16325981
18577623
15612275
9521061
14392104
9671070
11865375
4859212
18605534
17522473
18948387
2792373
13672909
13904121
15489370
12404032
16514198
15101902
15632472
17196259
15806933
15615060
9277686
13294307
12641386
16704700
16625712
13769910
15521764
14647850
9971313
10698762
10890903
17522368
14030491
11732515
12353310
10909617
13276002
15702042
14084131
7748699
13512982
16245575
5043265
16086638
9553383
8925566
16576328
15457894
10089605
12357196
14762956
11532976
12861668
17457045
12311823
10232351
7065805
16960101
13480933
7994013
5818890
8666152
17093752
18457261
11470162
5867264
12455844
6148241
13374344
9894767
12788410
13329750
6800502
16955742
7375623
4498921
16214369
15561982
13451509
12691123
11129920
13489943
7298933
15310283
12761373
11112928
11638919
7993184
19724584
13006113
9382834
18068351
8715627
12080234
11527341
11819224
4726820
15111903
9043351
14700330
16324815
13231201
14860727
13051393
15431656
10725751
17715759
13955755
13251319
11031113
13374755
12838241
4847249
5784124
13113534
7358819
9780949
12246046
16576640
16197662
15416367
9764662
12422779
3535779
6054102
12352282
14062845
13499692
11866944
18637308
17415053
14670681
19444977
6642324
12042793
16471691
12421267
13537480
13328305
18292906
16284045
11597337
9295668
7253253
15780687
13627883
13614186
6239248
15607433
14910500
18132494
11057041
13677765
13113100
5737877
8746848
9705139
5979309
7878129
10230773
10382353
12498500
9248267
16545803
13961485
14170338
12956447
6916887
5873838
15211321
18871580
14200236
16232464
8363497
11118469
8982934
14236938
17051061
9193682
7779854
15286764
13052852
12421145
14591117
12691383
9088076
19018353
11206108
16602531
5728146
13840262
8975563
6547665
10014204
12918486
15876428
17814155
11507851
12242868
8064606
18951087
12671486
13603459
10633171
13348843
11161088
15180323
14312317
11835542
14135924
17168781
11463989
5278013
11683666
11852274
13300677
16532751
15524874
15275734
14063732
15283936
6476708
8549667
10102749
15791352
14664608
4800154
18394385
11796811
10932533
12170229
17295862
14132220
9912423
17426581
11933652
15735485
18951834
19822281
10596037
5300805
8502240
8699993
12610050
14922066
17160340
18070328
15479626
10021338
8273276
9629157
9277489
18625625
18706112
10857022
15697913
11836823
15781125
15353299
17816123
11969885
17480228
10460275
16586822
18724627
15022588
17537435
13037937
18443910
6407881
18436264
15406053
17297075
13649520
14710808
10507903
11960056
17077180
16182711
17580480
12343768
10646396
7422948
18070400
18245828
10664810
9919385
14856337
8873376
13898961
10066482
17429279
15962633
16738635
11626247
15354349
4547477
14664340
16135957
6701085
14490110
8816739
8988103
8705881
12231779
14999073
10457332
14182569
17532314
16755038
7584542
14029504
9207145
6303121
15637551
17245307
15651907
4380702
16508912
10609318
15171225
11864393
18130494
14161560
14064312
12544810
16867120
17541855
17888451
12754378
18983275
11220963
16557215
4702066
16599699
8870744
10728751
13666454
6812279
10637787
15178922
16174460
9094682
12877975
11430486
8975162
13480161
12167746
10936807
17763241
10895658
12870140
12082535
14740158
12065217
12847999
6674083
15198258
13133077
17234991
9940404
15526070
15520464
14055547
16045210
17040727
15584357
17870216
16690675
11579203
10531388
18204401
15258785
12281728
13461108
2817884
14066986
6393544
5911488
10133893
13566866
9965961
11940984
13693876
13240182
12115832
14053576
12450249
10145439
9259641
15559672
13077370
9904551
12520654
10755239
13119860
13552456
11737659
13383909
15822000
15887659
10272366
13907447
17594814
14649693
7953618
18560274
13653784
14772200
14518282
14847760
7482698
19549535
17587020
16549058
5356825
17343771
13309893
16191439
15474156
9275044
18399227
10916531
14456604
13922731
18902528
13531610
5421982
14543242
16342979
8458843
16287757
11091312
17163608
12189746
9440360
16196734
15264909
14289034
14097281
12709084
10712924
9758266
6729440
5180884
18546112
4024384
5436878
12953548
18494249
16386142
10426741
17233834
15436288
16140619
13928511
11807047
13298629
11953464
7598273
13801595
12414818
13576281
13991601
12171091
16458160
14672910
12945410
14110658
16677606
10094610
13829718
8001381
13239533
13128824
17164691
12485613
18990400
16477547
9147430
16812809
14749085
14796416
9460434
17782602
17063783
15443361
8798690
9876559
12624132
11511368
13572777
15748033
10470938
11218355
17711227
6718438
17192443
4948381
10140316
8145213
14616248
14068382
15510403
4422729
10106547
10221608
12527305
10687705
17200230
18658617
13600828
13199625
19455057
18207311
16285220
14506003
15001360
18307669
10143465
18855550
16558966
15781433
18423727
17762647
12619383
5592364
14557664
18113270
16624981
16953688
14179833
8822571
16859612
5780544
10610192
14637417
17120990
14055897
16639100
15244420
9053625
14886709
13828403
14682538
14868467
15502723
13124143
14270110
14188831
13798586
19100160
7523247
13019957
17367926
14346969
16010186
9581545
14029489
4528394
9672816
19332747
16196921
8441071
12310375
13507875
11551698
12937992
10321125
11471000
14867832
12713390
12937110
11500479
17275882
16424820
14175162
16643669
11532272
14283806
11336423
19220677
7421445
10015808
14126807
10598697
13427351
10492724
10017317
13169917
11282361
13257413
15175186
15647883
13821941
17132797
10197780
13494918
10837705
14927633
14038916
17382905
16255127
17833919
5955850
13887061
12480521
13535739
15695333
7406297
5764501
15842355
15648807
13898958
15953685
16507643
13959378
17510010
14746820
8591050
11817035
16663088
13825729
13903570
18099262
14763882
13430098
17269217
15965203
7750424
17125926
17549963
12528668
11096614
18866406
18224985
18674247
14288218
16986668
9025474
12612738
13435140
8051737
13044005
14988366
15180641
10216982
15721994
14622713
14250440
13138151
7891510
15487735
10754217
8960894
15857976
12933486
11914746
11031819
13685877
11838106
12960514
17437780
13979087
15476352
14580846
17875963
11602422
16852966
19221191
18022480
17656796
8180295
18617323
14770389
14933488
17374958
18038120
15085716
18799712
5629286
5819644
15484366
14780262
15609998
19210122
16883758
17679842
14039551
18906658
16265367
15015397
15717466
12368793
10722236
13906964
17034427
10200047
8530738
16629832
13781376
6146192
17323146
14190373
13645611
9854069
13949431
17332129
15497140
13378238
15217859
9155886
14269011
16766087
15873636
17731565
14221830
12013934
19076501
17451547
13594076
15397859
11625681
10662507
8363685
12604806
8942897
14786923
9404849
15722808
11128502
8172541
13691848
18025569
9055061
9508239
10876143
12376609
10469893
12183392
5225828
12222282
13545456
10960308
10047896
12035516
13154008
4155005
16962156
14290209
18038985
15622637
10190396
7700453
10516156
13646667
16036218
11770234
4891156
12806631
10176989
11415537
16566062
16289341
14330902
15970627
9256567
13468279
18566117
16477320
8364788
16745028
16983909
15939591
17628222
16778334
16900168
15517309
16044015
9820189
14765920
7824905
14855925
18602087
19688139
6407254
7537739
11071376
14468218
6749014
12866609
19300898
9808837
10808181
17597874
15817813
14588781
15479021
18716558
13669369
9330570
10284812
7962596
11482847
10357306
13247070
15030126
17148495
12102412
16720717
10790457
14053767
14334611
17499048
3981552
16519855
17217912
18732290
8119980
9847287
11249861
17453199
8378803
14985070
9265074
12311610
9249683
12087297
17909542
16794197
7291267
14965869
14658320
17758403
17059952
14797840
14871571
15809013
15858690
17698900
6253456
16827569
15617102
9777706
11599905
15862963
14318352
12953045
12783843
16082374
12457471
7001834
10450439
11257945
18009771
11086119
16962892
15950121
7249996
11738054
13527290
16847318
11427464
17693646
17759354
13567352
10573029
16056714
10081170
15089874
12537632
14659620
9287433
16574204
16101773
8675193
15994132
16207038
11325610
16447594
12336663
10051056
9077793
12203247
15676190
14050704
10580718
18448155
15698464
17090100
7451223
13307186
16729391
16466903
16636396
14278715
14204699
14329956
7353184
15316416
2503500
18214836
16061020
7086409
11012865
18446043
11697575
16082800
17014653
12814461
13233509
16323200
8249877
17876984
17991861
15582329
15893359
9686648
12371934
12876768
16758136
12529901
13208431
14632843
7936033
7751931
9953062
14947515
14383005
14587084
14243890
13762859
19108091
18002043
5532313
15461144
13587142
17824909
16427908
10389853
6246738
13206096
15031243
14516835
12901368
11666196
14598407
17271344
19615207
14433043
4732712
17607919
13908864
12874365
14851406
16456558
16810331
14497225
16346206
19542989
14624435
14892191
14926857
10812231
11338090
8799858
9495173
11845115
12487979
13951381
16030285
15459563
12796926
9835696
6640502
12932879
18206996
9941952
11584305
16505573
6057014
7454870
16568607
16576434
12880435
18204258
15100300
8712779
7991189
11722610
17853096
9743755
14892668
15106483
15247000
12638757
5393405
4842519
17777658
14042414
9352045
13310276
9271259
14142772
12646509
3560942
16645438
6640033
16467654
14073572
11538782
15283302
14546241
12962245
14643494
8216468
13064193
11495630
11788539
12386039
14262502
8607672
15263899
13978107
15725470
16124950
11891933
11413706
15191453
16585430
16455624
16754603
12236161
11496769
16491326
15467905
11719990
13589654
15696925
7602566
14325253
13290474
9533616
6781033
13940814
17921673
14515763
10727972
13355019
17046580
17434017
12988424
12010392
15728054
9948646
18994802
17472242
9169586
9607193
8344686
15105908
12365844
17013261
18689557
18621871
18460192
12354472
11418681
13809858
7847167
10736289
9760628
17504400
10731995
14857852
8546634
12242256
9828609
14618547
17947777
15162453
14119701
14356332
17737975
17657705
17537428
7337061
18527625
17320610
12447013
14664331
7370318
13509461
5656526
8847241
8869388
16368648
17699856
13131893
15783173
15711002
17379955
3707656
4775551
19122068
10979193
19139796
14996222
14676517
18827102
17009649
12347309
16547076
10891564
17554713
14405431
12783862
17214902
14495532
17196610
14390737
15332452
9091424
7151181
7887694
9421838
13941977
8348990
10561697
19266056
16037136
14817158
18410950
10123202
16321827
9993432
11850925
18485858
15058132
13729366
17001396
11975228
12871347
10475553
11347969
8214681
18077839
19454584
14056530
19003536
11198695
13935866
10342760
16653624
17256428
18566951
10732639
14971590
14869793
9616488
17278378
12960345
18496304
10498837
11099049
4792402
12343641
14550915
8479579
17910142
15808432
11696329
17414769
16482265
17936757
10481131
19061375
12826547
17165518
10201606
6304693
15891195
15253834
15435360
10374376
19135690
11340311
13978149
13296333
15832107
4908344
14640600
14036912
15809822
7913311
17512407
14559563
10491129
15226294
14483685
12685056
9386272
17030750
15549498
18492150
14862337
13465076
15062228
17516474
14483662
8364094
19750774
17831536
15748010
9210094
12875085
12475787
16157998
9790461
9719656
7205985
18187419
13729504
11865288
10952210
13173917
16651434
9886913
9809965
12387029
14162605
15946819
18246386
10525549
13868256
15136100
9796874
12881654
11850663
18541345
13079050
11287662
11521252
15968164
13494744
9376409
17749381
9354939
12090128
8903627
14706710
13996837
17826258
10448014
15037745
18035855
17015266
16594958
11251832
12480207
15973479
9143857
18935250
11148355
19519738
16318877
6555522
13139001
11413673
13684961
2492710
14514252
16281117
10067468
17837690
11877958
14716606
17654878
12035080
15963434
11743976
7633011
10277968
16097185
11903529
15675254
15988987
13922548
7648455
13821442
15862987
6074164
12787372
11536187
14394652
11739317
9975396
14605693
13177078
5528013
15966208
13296123
11017304
9566785
11849855
17188461
19703449
16980088
11615319
13440989
11660555
16553276
15379114
18972126
7584789
6162920
14674636
15451111
13658080
12320568
16901711
9685214
5932627
15381831
4305996
12101918
16084381
13343256
11292016
19332874
18744945
11426830
4331015
17834702
14597410
16473781
9825050
9644322
7334138
16580145
13508218
14542242
15423621
17182335
17926283
8613893
13629811
17590181
9428058
18687205
8345834
18210257
12315827
8360466
14390189
7267088
11200786
12221478
15468783
9386666
15060107
11855746
14429749
16196926
9162420
14485040
18813876
17340124
14463059
11750558
14270470
18668623
18084280
19471193
10911916
12743267
12959637
16116448
16518214
8836953
18821528
10546206
17587338
13350534
9599197
15953598
10533964
9546251
7748467
15228629
9579537
14430147
13640487
8312770
13628403
18851586
16609680
9000149
15861045
15676812
11420151
14136788
11374217
13370532
15369019
13262235
11486633
13223913
15629745
16765152
16696633
12360205
11408062
14341765
16857474
14443225
17344917
11362532
9352125
9572930
13850284
18138287
15504077
8838537
17172808
10000160
8964884
11176572
6754514
8188210
11692326
8122972
17828912
14424029
15327441
11156222
13714857
14703148
18461501
15110220
15935540
10245309
3078571
9463423
15911918
16569220
16332897
10077548
7867473
12982464
7126511
11969578
17081526
13038564
19270829
15251043
15015842
13278145
4055758
10286810
17840258
10007855
16252227
14612881
13482438
17003727
16970819
16842701
17794315
10242235
14127556
13832375
18259292
11001776
14643495
15903830
6579217
8268255
10378241
16186067
16147651
17082172
16404860
13996691
12288666
12711574
9074285
19237100
18127440
9650549
17257107
14054316
16413542
16147205
2758116
11647745
13021336
12326723
17799264
13848753
9619248
9952201
17177689
17121221
18102376
15528784
12567538
17503792
14672572
14738506
16162194
11842384
14443365
15773609
19276157
9528239
10747107
18053562
5633487
16129617
4989482
15561865
17370439
15393419
18448309
12075151
14985534
16044592
14828321
12688995
14734747
11574178
8806099
15760394
14379116
17424623
12153889
15579375
7075104
8007725
13740298
14982760
12488668
18106375
15573709
15687001
15918837
14676408
16074673
9609606
13990499
16497620
9571298
15614555
19061696
10764912
17533995
16165404
15783433
17880734
17252086
13752455
11273615
11607699
11245943
12348382
11674937
4994285
9268531
13811316
15786975
14965750
5615676
12223194
10344010
7186798
17756920
13152429
17419749
12972604
12456351
10298019
16162102
13987785
17173458
10320245
12849066
3327705
18643114
16778088
19078189
13732737
17887649
18247176
11749244
13846304
17882219
15974560
6276472
10831699
11977854
12244834
5261422
14597738
8011540
14965767
12926982
14082354
15093322
7513630
15012958
13152348
14744726
10587154
16218818
6772822
17877958
13082350
14954009
8495176
11936211
15835291
10754004
11193142
11243848
15030242
11163370
12142702
11868581
11682790
12814611
1572092
10695852
4980525
14691566
11587041
15085786
11316127
11530998
17836942
16372108
6975256
12424043
17183858
15772523
14358111
11974595
11028461
10211758
15356312
10864649
10702325
11042554
17874377
12936327
16302811
16105329
16736911
9443027
12627710
11245194
17354512
8613875
11652838
18580796
13652673
11717340
13173624
15897201
18348342
17438242
7811631
17677746
13116434
8327270
5596785
6634032
17549989
16164602
6554677
17150376
18419275
11337319
12794279
6458189
17093822
9682023
10224711
8610031
12274415
12992414
13438148
17328218
10608236
9429356
7205218
14669674
10214658
13247607
9643079
8807692
15288686
8833624
15121609
15882726
14242527
7405431
11183831
12545144
10513566
14158662
19459923
14778120
13425897
16611893
17169447
6508228
9645149
11883191
11313094
13241274
14461099
15432149
10886709
19151789
15283433
13453762
15799127
12682105
17018671
15982269
17156258
12024214
17223327
16306983
14856342
16404264
18605419
5206850
11733515
11193229
15603155
12774317
18014092
9102359
16666348
19152299
17290495
15029548
17005850
17586116
12526491
14421117
17384363
12091418
18187540
16319250
15171350
8619700
11692274
16711002
17761087
4977519
15042764
9567551
9984465
11947356
14344133
14702333
11383469
17783648
15551639
10253531
10858442
14012734
14388377
8436761
5989729
16685854
4793452
8151544
11343638
15292043
5011673
17732534
14081677
13219798
15642702
14157583
14496334
5422392
8751024
19370600
18584243
12669562
16878906
18700401
19702731
9548837
9857095
12774312
17875635
7904555
5591165
10212335
17932630
16651897
14994321
19228384
12142589
15510371
17383585
15037519
13355444
11439669
18701997
15195814
16490787
17285395
14454459
6527879
14020423
14235558
8019365
11337289
14131889
15311912
14328266
4349856
15864332
13528491
19110694
15913232
19011114
18292104
6156288
13617551
8092427
15477790
11694027
13549071
13848526
9560952
15226035
14627923
16683822
13525184
10282833
11748811
9732781
17662749
18243588
11057225
12488327
18771897
16539625
15942850
16952643
7816623
17634692
16251769
9927604
13055339
17421495
10303630
17396086
17191061
17065659
18262891
12030690
13194146
13682635
17068580
13794288
9050649
7146977
15988417
8715383
19106750
10513977
14011137
11394252
14753012
16474084
13599723
9124980
18591038
15420070
10390299
11393267
13695678
19494532
16444209
10843886
14983693
12972229
14970955
8189146
13071096
6470679
16280169
11463341
9798734
14135282
13905894
15423077
10122162
15069796
15548772
16113896
13560052
14697914
18222638
17047984
13480711
12322047
14624647
13552842
3568789
8521093
18350769
10687782
18897874
16025918
12529050
15967944
10565309
8953941
14181750
16383071
14071742
14570267
10690287
9228922
18078238
15877442
13848745
13162859
18656537
18143484
9080785
14003578
16395245
15754994
7037584
17624521
9496231
13489594
10998318
5006486
16732275
14079051
17545502
12061738
11860182
13419949
17939424
13131975
18610607
18719906
18635040
18505802
11382675
4830933
8220530
15911630
15025661
13719737
13020325
14775164
14514602
8471010
13459087
14331494
13817930
15799086
14899541
13993290
7036641
14914973
7333069
6290831
17551827
13634372
15768663
12892062
13392773
15407487
15605864
17863258
7546467
13311740
15226459
12974010
13350140
12609828
12101049
14671459
11254883
11208603
15292001
7754115
12091772
12820563
11681462
16005503
13664218
14484428
12613322
18680557
10461326
15460614
19192371
18486199
14570851
14655602
7899656
13271559
15223048
11608321
10885992
9233981
14048272
14923994
13564121
16385086
16193637
13888228
17055612
9089557
14918777
19755517
16312505
15008912
12153462
14867148
14885603
16096271
12237766
14940614
13072388
17068237
10110169
7787933
17079770
17372961
12372772
8619725
17806380
10411116
17936406
13946093
19141690
16831172
16393816
16023382
5118671
14358140
15042278
14895500
8585979
15578360
18750413
18356096
16150942
15551028
16839189
8986606
8242417
13822500
10306644
12153568
11002621
8699780
14395020
11194177
13120870
10405509
15323427
4531239
11659001
12724397
11042334
14178951
15267840
8270645
9996238
10339015
12008203
17435088
15565973
15872157
13862553
15165798
14353049
17777778
19331488
5267006
7251492
14210976
1303010
15992493
7304155
17248767
5196029
9648297
13905137
11639043
13369122
5937886
18156528
13760845
16088359
16511428
11825403
12830351
17131152
12558528
14463303
7600463
17354398
5355765
14931835
4456776
12476217
16430637
16148390
15733517
13159099
10269745
15685162
16291643
9463509
13394117
10936340
18919816
13506780
12052685
14485957
19217611
16943308
16259251
15079862
15300587
17922794
9868401
12748742
12998366
15949705
17014960
12954247
9602459
12352373
13569010
9344932
14572902
13160592
17032563
19169645
19112984
13332921
15608332
16083536
19239102
13636867
14510526
17168025
16774009
12323566
10228625
14271584
12323145
17265221
6299065
14582639
10988590
18021172
12949982
12736119
10391657
14200036
16963694
19480379
13522571
16667066
17765684
14126046
8926558
12492094
15175619
8668944
13538544
11038132
17134206
16263531
16443746
15912918
13459481
9880123
17545476
6806477
16205546
14344318
7877788
8923357
12208166
9526153
13604013
6148653
11576255
8227532
12516595
18037627
12745176
16072003
16685908
9158685
9598179
10620745
12735268
18509553
4907288
15332210
14805320
10415820
16338341
8533705
16412959
7084284
14140239
18989726
10351502
16352279
18245807
11515195
11516173
12823525
15160459
17902077
13861056
14931655
15113217
9734040
14231071
6908812
18262101
19055732
12673467
19101506
9718897
13406130
18336328
15219833
15871754
15118112
18522416
14194947
10952590
8030814
17067819
6872261
13899406
8703881
8103900
10909780
8338379
17743053
13652006
6529258
10883865
17509453
17220567
12967348
7493524
6604002
10693258
8854693
12919579
15646656
17951685
13585343
17272241
14239470
11957651
14240441
14013829
16762681
10132280
14458923
11850479
12950575
14760899
11787148
14469872
12237248
17424224
11256159
10560586
11773434
17026792
14621525
12418869
14890231
11510466
14725474
18823844
13076866
9603968
19387502
17656227
10769133
12032380
16434565
12690816
14400405
14326458
15931310
5058165
16998062
10860017
13541689
17556073
10961251
7223971
11902408
7388040
17748768
12135415
9362204
14573077
15849919
11645258
8848212
15452509
11247390
9969142
12004825
9517788
19374223
13496083
13695301
8811457
12591536
11652242
9062663
7982471
12217293
14612329
14111154
9774941
12168660
13768621
15363696
8595369
13733864
12990706
11553514
17497544
18664825
15618471
12142542
10876052
16883447
13328079
11283601
15805054
12408861
7768842
10148629
15817392
16923901
6112028
13332678
18441924
16436749
15267809
14829543
19973772
12150815
15128418
16265210
19757308
15617779
11708304
16922940
10689200
11851397
11417494
7721694
17330153
18126682
16449106
14513503
18253923
13197249
10394314
5694915
13703440
12709573
17110498
12615259
13581619
9484478
10142824
10909911
3448383
16896637
10551941
14764019
3957359
17112154
8482412
12475709
9667428
9081885
14175979
10785240
17154809
6569644
16291835
8983129
7560556
13032152
17234987
17629951
11441910
13977289
16872276
14565738
8032987
13832149
15187056
11552317
18552713
10767462
16978796
15173057
11618168
15493381
14463661
12611869
6600898
14618694
17105368
15541325
13032489
8676759
14387922
9870652
5175884
16330495
11710281
13491276
16002211
11645738
5257693
13375329
17373690
18509620
9308107
10445259
15776593
8727049
14047016
15529937
7813121
17537428
11206244
9157217
12787417
11033485
11911197
18690686
11295530
10342687
13863238
17545424
9124137
13667465
11220365
13998724
16135243
12378196
17097956
12803135
13822952
16201343
15935382
15026551
11259238
12782699
17195843
10191984
18212049
13636397
16041228
9411152
15404728
14521320
15110967
15080787
15607311
13927389
14912228
12705070
14948555
11907019
13071041
13088093
17230860
15364413
15105175
18541143
12997587
17690082
15200020
14517467
13930165
11905224
9104370
10168018
8164528
19086339
14197444
17250108
12294618
9477282
10845244
13725141
18221106
15608965
14903324
15780883
18060646
6539826
11732992
11395305
12988802
13522832
11929070
17815236
12297332
11412462
12424759
13773182
12046314
17321282
11034464
11389840
13697556
17431129
10213340
16669767
13889485
13103360
10699778
10687346
5259785
16444049
17109449
5763998
12196501
10256105
17502579
15407855
7627763
12468383
9989694
6676505
11667044
13380115
11623890
16049310
8701325
9443966
18290788
10695418
12692076
15021944
17369227
17773493
17127461
13646968
12049904
17433108
15184762
15294817
17993715
14049575
9655012
13720063
8904291
18080472
2544894
18734388
17089392
7784331
16808556
16003772
15277298
7007070
9092801
12865327
16298133
8327453
7810845
10110307
9099863
17428933
9495639
17282601
12204662
15529283
12174514
13477793
7874960
8208107
17327128
6979056
17030712
13889755
9611114
17324222
9521599
10638074
10437937
13699059
12106582
10011345
14261736
9466860
15880954
17370593
16936722
12507339
19247598
12513934
15566070
11534165
7273449
12219504
8052070
17774448
12305211
17464932
10403747
15798303
11513726
10289197
18970665
14165491
16730810
9040554
13097398
15579979
7170230
16280519
12000761
16548797
16166577
11195101
18933143
13635665
9077478
11731647
13173753
15789921
10493427
14785537
17519132
8855309
13848810
13985275
12355617
14626576
10130249
15043934
15321807
11489144
7432325
16407207
11190497
15086116
18413537
6354447
9237785
15139439
18756535
17158403
10242372
11137265
10197061
13208915
12710791
12586549
5899549
11714842
5252749
7773048
9506634
15527556
15433223
12564311
14396651
15524617
12130165
13880905
9037119
6770567
12614070
14378455
14982559
15872492
12125765
16856605
9865231
7832398
16959390
14206443
13755835
16728487
11153001
15540051
6942952
14320045
11855523
14624126
13496859
9680310
11448356
10202860
18332682
17677761
15181830
14323166
10467882
14216945
13681963
11741697
6970294
18856722
18148604
8863016
18858197
9246997
16007968
14879176
12781544
15915147
17508906
14894321
16559677
17465812
11409482
17381948
9531119
16255274
11886031
4910599
5762437
16260780
14254215
17316292
17960318
18644786
16237762
12302875
14639421
17424645
5762627
11865042
9394782
16916750
9767606
15679527
15244666
8344220
17818031
13302163
17091045
10121715
9592810
10304059
12079135
14407830
13981479
14001400
6291748
18533530
13366837
8190225
2514471
16810962
8656333
10104107
16542430
17624445
15466524
18303773
10229419
15574170
9356855
16408747
15494382
10256615
11215767
15108022
12899207
8700069
15142682
18562163
13984372
14554089
15212846
12207331
15815167
14467818
18424590
13368369
9332678
16817834
14042694
14160374
13530245
10513754
9421342
12509638
13974278
16914805
14978829
12147177
8620430
14962224
15474930
11658980
14855807
14732146
14637583
15788565
13756590
17526028
11669671
5712658
17958837
8658162
14837290
15299154
12582180
4820537
9335577
19234128
7176888
12921309
14198064
14939785
13167793
7618738
6914055
10799156
16840906
14023028
13432729
10659363
17175511
15173302
17983973
13384688
16071975
9970097
17111439
12271259
10754305
14845831
15525756
14487363
9502142
12767538
16847104
16464646
17184351
12625779
16784776
11644375
12353378
17707801
18793761
6957859
5264863
11950248
15058809
8089898
9314230
13263858
12178943
14787950
14371436
12022069
17063064
16458923
5641785
15907481
18094688
11319603
6676566
8311278
18955668
18589054
12468377
15726274
14617572
19471310
8365596
15840332
10816277
13587813
14129823
18160407
17651724
14445942
19661108
15571323
17294205
15612090
14741838
15755196
14695276
14559343
13234820
8383880
13897738
18358770
14469329
15097001
8509824
15989589
12584842
8471610
11717769
14421280
11048894
16639757
9389867
14590278
11126898
17686231
9075190
11480433
11778192
8702478
12576870
15740771
10547284
10951443
15977500
6466746
11654570
8854146
9297823
13935729
12358251
13054750
14073247
6587187
16031221
13295588
11754092
9230427
13483841
12267615
10942119
14180531
17370569
11406485
16433380
13830684
14408073
18051447
16352655
9340030
17428586
13893649
16214869
12962694
15546501
9330398
14177308
16841989
9376839
10797564
15091927
16566471
8158091
14865567
11585468
11152273
12100201
16995624
8680218
14475758
10679528
6885197
12746712
1246712
17603466
14615870
10224131
12183829
10519199
6541518
13547796
16329549
12168599
12831796
6876953
15190238
13997969
15368092
14699170
12819171
14837500
9205753
13200778
13360196
16342538
17186277
13148536
11825117
16762373
17202679
16839260
8915432
14796709
14405667
11391230
9416347
16451628
13415396
17386173
16083932
11549588
9324809
19572357
14501422
11625438
15128891
14537074
16778752
15090457
14319939
14475851
13997350
14686653
15421608
11041897
12551922
15281250
13780028
16634614
5521388
14067663
13877529
7528985
9925297
17030539
17549178
17448391
13250536
14215862
13841897
12229017
18454603
10619302
11640248
11786099
16297787
10859628
19188718
13018048
9317187
10833915
19268817
12014607
13981259
4527968
8379629
13079031
13407658
5131930
14210324
11876697
15222620
12190458
10872176
13265546
16123666
18926876
16898524
7670520
17014388
9627374
12197552
10297135
6950976
13286974
11947707
11066574
12142822
11709535
16028815
14087968
16060606
14688990
12844997
18788996
13812119
12782717
6716314
17562971
12782872
15859584
19027910
15767248
13617033
14018764
13824794
11091584
15493189
15557331
15709754
12252085
14338510
11497921
4270317
4062428
17132612
14089721
7154505
4801249
8634550
15577877
14498554
16831831
15842083
14038746
15350020
15376252
16195903
15173603
15639049
19050322
8959398
14574309
16479567
12741371
19640754
14586359
8658696
19207214
9751137
13967824
17883186
17216193
13009239
16080027
15024205
18037186
10106974
16985085
15948658
18782100
3608703
13407559
18850852
8624284
16111460
14076954
16800740
18096467
5878834
12741271
12897142
16729942
18311069
11445388
17473970
17273073
12256160
12563824
13818856
10485102
8773841
14740476
12816482
13091847
18068956
16136339
12858576
10502001
16171686
8418606
9132477
14804067
9883347
9302957
16913418
11996641
16130542
10968725
18372729
10951922
15228883
9761265
17599196
15287806
13365517
14093133
17578556
18725302
13874535
7732375
13120437
16011563
13861775
16916404
7719606
14782967
9249315
10222358
16522617
13669086
12798481
15104879
12670828
13281063
13313591
15426057
15689497
19252460
13245060
12740110
17806825
10066630
12139794
18602244
8104312
6318701
13711166
6824751
17674728
13718043
16289240
17583018
12629926
14674388
16758510
13018442
14159650
14518971
12210786
18945288
10130748
5106145
11465317
13322010
14030728
12315451
12467124
13012589
18182416
16261660
13339397
8700991
10156521
13796551
18804966
13711968
11347723
11450137
13048286
15561668
16014127
10080181
14564166
12654377
14044325
11449701
14660575
6970567
14777517
15843311
15261833
16302525
13108897
18136406
17561862
15023383
10207863
13791997
16075102
12498645
10929832
18366751
11309638
11515281
11296030
5564312
12385460
13793223
12161101
12267319
14587394
12171127
13469183
12222548
10511276
10483416
11525452
8788498
8343305
13924354
17437117
9227655
18437961
18881887
17305650
11027134
12410333
12550071
12777296
17822537
11446870
15953868
10442747
14391642
13561785
8018872
13217688
4241499
7393475
10386352
11649747
18507624
8765136
9649977
17801192
7526635
9344831
10319311
14177963
18838061
14635721
12446323
16931909
13912128
15966243
15104163
15436013
16170563
18285542
12630742
13137225
15375381
8178696
10880790
8305780
18735011
13652965
14578840
8842877
16609154
17046987
14977563
16530389
15999483
17205197
15029489
14141468
14941307
7677533
10657374
4722669
14705889
14525843
10200610
19161186
9540532
15119954
6439435
10013584
12022378
16846750
12383556
12170018
6193832
9062600
14245183
12378993
18476634
10680226
7784712
12669803
16518702
16398382
16073947
16988627
10348821
6883852
11752213
13636439
12570577
13278295
18485950
16663401
16642253
11988296
10951200
10399254
17211529
19167908
16379483
19033719
18096340
10239679
16197358
7261491
6065216
16071223
12258657
12384989
7653468
9108441
12631290
18892425
13834248
15990766
16394388
13478952
5722081
9220115
13888321
10847351
14980803
11557260
10011823
12184597
12447863
9343852
17719850
5129334
13535365
9352997
14764101
15552029
9259399
12157800
11492921
12404083
12326835
19027271
13561856
19021840
17239431
16729532
11678608
14416293
15153859
14709566
15106590
15388886
13230709
13653217
7243477
16016420
9378393
18238376
14075370
10629423
3272446
14002064
19135585
7808784
13477840
18548108
6728528
10545769
18726229
14830898
13277839
17496079
8149838
15336373
13405440
13229962
16161542
8677952
11489823
12320038
12406025
13404610
13537810
13697218
15799331
14733988
18403082
9940478
14660278
17274417
10813030
15224005
16061750
17676510
10134284
10213138
14542204
18040074
13126422
9645897
17734844
14771667
15685894
8404826
11795392
9709203
13371273
12590615
17847967
7440888
17189740
12068626
10850626
10840346
12355384
15456707
16004136
17198233
10814386
14829962
16288245
6951854
18276462
11404550
16070123
11559268
19497921
12695784
6868270
10578819
15014115
15217009
14638241
12711200
6732996
11160364
15739430
7040607
8047569
13399586
12103849
15615637
7145616
15888100
10259488
14082679
9125588
14066134
18573299
15024109
14703974
13255735
11869521
8565679
14381431
10343147
17527474
18568785
13887945
11984148
14969400
13679256
12958156
17739518
14100960
8118247
16994081
18838199
15937834
11752581
17522868
13988613
14511636
9772695
12436260
12177908
13369358
14918671
15673153
12741005
13590410
9896457
7458265
12995679
14030505
16192223
16993400
7442705
14699022
7974023
14360361
15579290
10179466
12943201
18413057
18500459
2491825
10461975
11368732
14394565
8218196
16087856
13461050
15127138
13417269
15151744
12668690
10117129
18880434
14309932
10622478
16425245
15202602
8263873
14142479
13071145
16031140
11839741
17873773
15979538
18050491
16498271
16307818
17673698
16833888
9952506
11868843
15457911
6846755
9532801
14659057
13782626
8669398
17231279
6523441
17724542
15252783
14731455
7262146
17738946
18580551
9875838
9823806
16895118
11702785
12076694
10242549
13625084
9017273
13356685
12325175
15969956
15136257
15610858
11262601
17479544
16160311
14283246
13845265
15399931
11499661
13953130
15966828
16186993
13730437
11709696
11725434
13480435
17330269
12824552
6656235
18176721
16030402
11648482
16503084
19327059
15562220
14225271
14036270
13989642
18345740
10271059
15500582
13000742
9084202
13333269
15502137
12820007
10337063
11401432
12566529
9376585
16190974
9810666
19371051
17941348
14987023
15397942
16734078
10660121
12736925
8352213
12547870
11097659
14179757
7626767
12268666
13607294
8312387
15793153
14723671
17324363
15684894
14886826
12994424
12844053
10482210
18953682
17314265
16017884
17722763
15575823
10146087
11937914
15701659
9600408
10039689
15466043
14396964
8066092
7975024
14410467
13636267
2527674
16770171
15896759
15424955
11782136
13216425
11311402
5108877
13838452
13485643
17933416
14071619
16043829
19136012
6390437
16341150
16209848
13601689
12371620
16829521
16776253
14188274
13485218
14047183
13453045
10817146
13938253
16799278
11534014
18062631
15623171
17465073
16450693
9483925
14526632
15656175
14276612
7615473
11546988
13104687
14449469
17862050
11735185
11306039
10951155
12799223
15316503
14213745
13075333
18517524
15975568
11523039
14808701
10973818
10489403
8950171
10984385
11943488
10632590
14969955
11240437
11179204
7479426
17922182
18999911
6742817
9347954
8167823
7692183
15699661
10931477
12485786
19001816
13848114
14403413
16557199
10652846
18060345
14532394
10451299
10013904
10864842
16374840
14627454
13352852
15001477
17336815
15961781
18946307
11672404
14927878
14399069
8423045
11410410
14482146
16676269
16747951
11809987
18653940
16530617
8501569
14640633
12419787
13276598
14865251
11894168
13359004
11074541
12607594
18440803
15556961
14265224
12200931
15652962
11850012
10689520
15140333
18909897
15913299
13665331
16466164
17877966
9086185
17829694
15736821
11044946
16326910
17966806
18380254
14125427
16017428
8917259
16924536
16646961
14342616
14788069
13788836
19044792
12507411
11437860
17038159
11745564
10874422
12520925
14956477
8567630
6134399
11839763
19189567
16924927
12342448
18595599
12121488
15042803
6486024
18402257
13556366
17614188
17022545
13400325
19234768
13250422
14099100
10598806
11913200
15885188
3126088
12150519
17009406
13224448
17528981
8544494
16097105
15672383
4972272
16441330
14165901
17557565
14944880
15997389
17087560
15999091
15551099
11434690
13954035
18578569
11048500
10491552
13174553
11067214
10563531
12171682
9133629
15344329
13410831
15136265
13728998
10413756
7910788
17567461
9973106
6385388
14231409
12169383
15936928
9920562
9912989
18803284
17695063
14670141
17504452
12673387
11667625
17636070
14536363
15826576
18464842
14549696
13402148
13210434
18448144
16587684
10624048
8443816
16835792
13904493
19701014
17629585
16727042
14090871
9923278
17387399
7501116
13882921
12958804
14935534
14956046
14884278
13229433
17499724
12830011
15912411
16781611
7478150
11939058
8047183
18322712
10329326
16071792
13276632
7542249
14652307
13601111
12136910
13953933
6804678
8179076
9983016
13411055
7557322
17667575
14983104
13539735
7131382
14049762
13092088
6389651
13984178
9911046
17383484
17520508
16648132
13153851
8932847
14958714
19390779
12341446
13461457
9339999
12913648
18744153
16417891
11638947
14754109
16959666
10517516
14411947
13904420
8933626
14495716
14998907
12928496
15263348
11091457
15765176
14698920
12547130
13861907
15830821
9189341
8334275
3689935
12908909
13788481
11139363
12720898
10051069
13348432
15912843
14680503
12239904
11756401
13835686
18284749
11560338
3171358
9139370
17447710
18459545
12566155
15845093
8078872
9571156
11163493
13000972
13008986
10637988
11985309
14798818
5309564
17859038
9923632
10358776
13290026
18863342
17793135
10915358
18868464
17730038
8580027
16927047
10901068
10639116
13388961
17805029
13260269
18355881
12794097
9544554
16383154
13735969
14113165
13736607
9419729
13914830
16873907
10127029
17015204
11606082
19075775
7854589
14201927
8861620
12614573
15541273
11590424
15080832
16810472
17091135
14261979
17146962
13664701
7715916
8124807
8906218
19209053
7517434
14725581
14338258
11738608
12355620
15834750
9640884
12621394
13652395
11997395
8321836
15794440
8191320
5735295
6110064
16830098
17084914
9204752
15140467
14138990
18606785
15931102
4177035
8702640
12700225
5612988
16523512
11890376
9139704
10952466
14857914
16198697
16186727
13515138
17426992
17726638
19155414
11305498
15167638
12758504
8216508
7247983
11703581
16858638
17450034
12405493
7200077
12777112
18156161
3130445
13900686
14922813
9925841
9978230
16372445
13424885
10322371
18539317
13479261
12306447
17595201
18690638
13913913
12725669
8888974
15781942
14064176
12882268
18608045
15425069
18673631
10507920
15048526
14810705
6010776
4161656
5241645
11259715
17675447
8757963
16985476
8042267
12721247
17831561
15789859
11612783
10435388
12693529
16580917
14964960
16742648
19735430
13179867
16566848
14029322
16156444
11749229
12842015
7091864
6898085
8099192
12885634
14101806
15508833
15922853
16831189
17771267
7170269
17731146
14022571
15562165
12943611
15605793
17280579
9123671
13621041
13671153
15802021
19442471
15283276
12538959
12171744
12938376
11704104
3382666
14960525
10707337
13822019
7895793
14797006
6412730
16370216
18130972
17158760
11561238
16730610
2796327
16381355
10548621
17073434
16126528
9175583
8246747
15175253
12281749
11202234
11009475
8922589
18956618
8828492
8323057
15769579
15333630
16010186
19449964
18813303
15055811
10761042
19308719
17437701
16762107
12750750
8991452
14532494
12374476
10433806
18571683
8296409
10046537
15335146
11816900
12741435
5191340
12878746
16501805
14670311
15246751
13572547
15550022
14327633
11202284
13156658
12149426
8901802
15441816
17176275
10947134
16888479
10188628
10930664
19470663
16144097
8448410
17293777
16134001
17561026
16068200
17336993
11675561
12277933
5349141
16710524
12322795
15040890
10135439
14107490
13079542
14706201
8029158
8835826
10713107
18323518
18732706
16864623
11753322
12144011
13964729
15202066
9582025
12938449
12478320
17819734
14981674
13787188
10895267
17301157
10715945
3881836
9141814
12387084
18356479
13946292
15692460
16029388
13216926
7231660
15698419
6616346
18130802
9829184
16203186
13037678
9821395
17999049
15822427
11067790
14444935
12129065
13331570
16764231
13755500
8266095
17734747
17966572
15668611
15955380
5869921
13498763
18754777
18954197
14895843
8274801
9869693
6100740
13823088
8950118
15140103
15029199
12079922
13191387
12646177
15885232
13943717
16067194
13866645
13097128
14804547
9626352
17137284
12158471
17851282
10667158
13586398
7079234
12218567
15210539
15609913
15471109
16161178
10544790
13801328
5566791
5050076
12359391
16794122
8223048
6134838
17912074
14794824
13682777
19507679
14947957
9158981
17991308
6288210
18914501
13830747
14679617
9641666
3915708
15476400
9705504
14976272
10424609
9934680
13333477
16818601
15512957
13097961
15397730
11853817
15759549
16874858
16819491
12755194
11755460
15056299
8282918
14804219
15951987
18234726
12268825
16917136
11727884
16552159
11918731
18721824
14982944
16718176
12317557
17195643
13500863
13931709
11544474
16057420
17426995
14672571
15553304
15942387
16281747
9585520
16556234
6933759
15723994
15743393
8768331
14856526
14142759
15072693
17315027
9503189
15305186
16633464
16539818
14601828
13442342
13970002
16194023
18164289
8836070
9014206
10594603
11028291
15204664
19478563
15725956
15255294
16086930
15914430
12051164
12280375
9401699
11768799
10424111
5749659
10395224
15062747
17039536
6745639
11839838
10222679
8129182
14418620
16001463
15855053
11393935
13921990
2649773
17004876
14805298
13468463
14092136
8347310
12590386
14880089
13594043
18312238
15337285
10778110
12182558
12677159
9842235
10682992
14484700
13092086
17657017
19039640
5651967
6040831
14120879
10298886
7751837
15900961
15776924
12005518
9560705
18327859
10804874
15506423
19696371
8647057
7134194
18146960
17531009
9484218
8843717
17636582
16120076
15082498
18835666
14370138
17083188
15287565
8241802
16938394
12599073
13234596
11079410
16777869
11030773
12810852
10957032
10766912
7401965
12544511
15766328
16208388
11100552
14675204
5766136
15057505
18037205
5830432
13120053
16057493
13355567
14078423
9422402
12317143
14757504
13703166
16017922
5002972
7983580
17161618
9759395
12220748
12397858
11998465
9908906
12538016
11408139
13046045
12623882
15488148
14978016
10634000
5057017
14231596
16129856
12872166
11039800
9930123
15877362
17698076
7771560
11023935
6663818
11667237
8608770
15153125
10087925
12240783
16019381
13879845
16642397
16881073
17925531
13923377
13674695
14368036
12683026
17481418
8596730
18204887
16550315
16079077
16872993
15375765
14829484
10095209
14854932
14581636
10527641
12924287
11681341
8730285
14498501
13271086
12056136
12155865
18672815
13108897
8694416
18696026
17509531
17487507
11619361
18451909
13157597
17635656
15968390
12699007
17029812
12019210
11705380
13241229
18055992
11073631
6182286
12596001
18295225
16441065
16853113
10690332
8406767
10508185
13417038
5407822
12881547
14991770
9823268
7580235
11325021
6976641
10604441
15871881
18502089
12158902
14650782
14345325
6374992
4313734
14334532
11881807
16733285
16038738
14832589
17734399
15435750
15462876
7402229
13869484
15380590
7289107
9821105
13202934
18245764
9616277
7442183
11567502
6419656
12644673
15546783
13222178
15502289
13424341
17242492
11779931
18162696
11518847
6747903
7584490
12475629
16214621
10105071
12807611
15264772
16963920
16617394
17856136
15073308
12102655
17555296
15789455
7313341
13208710
13914743
15188234
2799972
11840801
13002813
15093937
14981192
15313307
14072227
11637536
6512817
9500240
16324730
15824217
18158615
9637607
11871732
13083119
15422106
12150175
7616745
14991567
12517036
6496718
16703095
18912827
16853189
15283953
17527308
14117539
16809441
5981626
10445349
13594620
14066547
18483807
15663398
16004286
6202534
15471161
15381989
18849590
14945541
11893815
18534771
19508971
11467726
12470664
12128859
14551859
13225447
12210978
11945618
8567505
12725787
17267052
10060850
12057380
13928148
17018802
9359034
11127804
12650416
12142218
8215238
11988167
13319049
7385324
15781846
9800762
14318282
15021309
17662831
9834718
7971861
15932581
17606472
15916456
16500148
14690274
15136816
13089493
13575938
17307071
10912220
10930566
12918287
15798782
17436573
11100271
15556622
9672933
17057728
10702852
13152945
12837251
11856628
13421297
14918142
14319681
16210692
10716452
14121174
14304047
12963632
10780470
16410001
14182532
17409873
12719081
10792185
10802298
13122546
16552677
18562268
15018076
17771247
12033125
4550096
12306114
14193520
7103011
8716055
14366662
10980890
11614538
11368894
9794476
11208406
9424498
17529960
14470053
10671410
13245812
15974802
14888427
16066285
7203302
15148093
16530363
14122855
10192672
13351293
16432367
4755058
12031075
16418764
16977233
13827065
11973298
15163821
10370030
11658255
15547572
12009518
13376481
9932495
15259215
16870974
7687912
17549977
14420135
19119290
18090857
13151944
14064436
10747927
7774730
16508365
18426597
12884919
11514945
11562546
13330416
8722126
18296481
8730155
18169672
17420912
12828308
9767240
16225409
7032425
14611508
16524455
6662312
7233627
14554509
8949747
14647723
16875313
10603135
15393869
17546311
16065472
12752174
12172232
18890084
7383329
15988714
18301936
11987670
14430645
9726867
15513759
8796631
8628178
8498289
19536843
16168698
11332475
16738744
9226314
12383300
16756806
17759711
9618048
16060498
11982122
18969313
17511372
14632392
7356548
17924253
17062211
19939020
12885924
17386298
10935632
18503529
15332906
13863144
3243129
15689164
15688737
9173747
10568097
16862694
5362920
7019614
9732952
17858668
6979199
16628112
4253243
16187493
12582237
8993802
17125102
18031253
16026507
13263865
5527692
18585748
17117562
16765672
15825349
15458633
12183904
17699916
14929593
14152122
15936995
11900589
7459993
10587250
15410575
11736878
13648436
15433366
14281858
10365082
15100653
17474801
13792504
11727258
6349646
11118207
14704470
16849634
17823695
18123904
14141310
18451696
19325895
17074892
12969245
13257678
12665836
6388914
13350616
16786568
16218292
16055591
7579266
16367423
14521908
15330996
10498958
18557381
11352439
16858038
9181065
2106035
13221580
12583215
11812543
15611338
10704848
17391254
8504098
7996400
9185175
10833111
11670646
4838828
13828812
11708767
18838945
13431633
15169855
17999457
13489960
12166339
8769699
19182615
14886635
9867910
14931707
16361286
18756922
17527359
7350256
11741257
6224056
9499087
11776584
12211072
17511700
12913154
8633384
13272482
19508632
16505001
16739930
8144991
15558475
9276242
13696994
12516439
7746555
15231065
13132666
14121088
18332911
13622835
13845200
11666688
11055847
17937605
13683453
18568786
10708332
8800038
12709348
12049371
18507633
14529675
11878812
16403431
7043007
9211775
7892675
11269523
13997422
12477777
16375990
13030611
7194187
10131296
17716947
9747640
7614166
4443051
15315565
12895630
3397730
15312457
10469430
10647753
10683586
17441858
8958600
14432308
9853214
9626494
12609947
13566470
16219199
12352123
2671206
13219179
13161759
18105772
13877353
6789537
12357154
15598628
15639265
6936506
14446191
5615629
17902723
10035235
11399045
15210111
14698778
16327116
18728180
17189784
18389642
12323052
15260241
17038859
11067049
8547398
12970530
13247149
15211820
18931453
15287667
12876873
16574257
9286178
11340178
17753410
10523244
13906473
16412081
15517196
12867669
16209589
9109141
12041198
12855901
16358358
4323134
14733247
19762093
14124370
8792228
9100674
12350419
15196961
7704626
15486748
16757169
9462771
17887960
14271233
15196195
16859206
11736905
10642416
11823700
13747144
16507444
16310553
16412364
13399672
13067614
11026899
10083625
13117988
12427887
13067271
14480881
12502796
15322862
18230577
6833214
18326315
3223959
18114450
16262892
10892130
15770894
16479569
11249118
14661603
7126749
9055887
12488485
19610713
4383739
19104868
10575340
13942804
14719810
15763257
17159403
17599850
11940975
16034157
16304158
11124868
5482969
14808422
14121005
13950603
14664594
10595002
17658081
12368360
14041329
15442879
16122496
6418569
11783795
14553929
12240500
18750885
14962058
15805198
13400598
15764016
14153217
17827963
19864654
13651507
14945886
17286521
16519840
10782781
14656136
16505355
15752841
13600740
16080619
18240540
10324940
14740188
7215002
18276384
12264844
10949670
14427042
11888920
18197180
15731932
14165735
9020742
8736569
12283713
18344300
11473184
8072880
13095117
6491341
14200922
14637935
15649665
6852709
17741718
19733105
18187041
13973161
8255025
15496299
14988302
15908350
10328340
13554552
11946991
16942817
16602318
6443928
8404074
14949426
7444392
11668765
13303665
9563152
10595101
10594540
13850557
11428771
17125413
11098617
15822414
13911887
11103432
16949624
13343129
8282219
14868044
13371066
12945789
12385060
16843790
13350830
18926420
17435181
12636197
14738566
18337566
16000382
12867604
13570854
12181911
15951082
17285213
8965479
11204566
17040079
13808500
9469469
16773894
16178888
14614338
7664285
15164669
13031113
8024042
14524244
10628823
17257102
4074660
17847945
16385384
14477501
16623655
16583050
11020234
13333852
4632636
18378821
6401535
12307091
7780478
5701502
18971138
11707947
11167459
14779913
5528063
10936184
8023575
17144334
7990806
8371749
7165592
14566151
7843393
16661360
7344276
15667100
12678075
17626120
15123211
9727254
9239289
8634499
3282129
15850511
8011134
7643230
15773770
19267884
12129439
14589179
12440535
16394903
13960512
15062506
13813171
7964171
14066298
16809631
9646449
10272858
7664882
17447900
13668030
4324070
10374377
11212831
14237739
15307254
11468494
11780726
14082785
9121474
7115403
11513304
17193039
15430235
14412770
15127895
9348355
19398175
18370151
8864987
17115095
10578229
16627630
7285847
16234240
17833892
14524704
17989591
14920601
15172577
11807439
11799232
9821347
10051616
8652694
8874690
9083980
14662761
14743834
17806891
15827642
13276499
13754870
19962965
11950184
15987901
14571725
14551826
12664952
9491298
12649108
14448851
14808662
12882227
15552668
13788001
16077596
13408633
5640571
10144418
9118998
15764010
16223636
14290209
9899203
13237318
12118549
15607026
6535064
5520043
16893364
15251383
14568232
16733063
11126628
6808921
10804886
14177864
8279264
15723008
13907096
15333557
19250218
6888785
7176768
15931546
13493254
16635436
12641359
16502412
12590162
8998384
17168581
12289423
11616514
15345365
15882038
9923801
18754289
16527041
16198547
10092502
16641609
9674297
12769198
13794620
17332290
5775438
17063846
12177136
10339485
17775552
14605414
14788875
8202074
8850794
16127059
17395697
10004758
9333796
10634154
14367642
12049286
14252223
11455447
14078821
17037315
14103605
12644265
19782060
17768234
4530286
16102417
19357768
14698016
12636503
13518278
12457103
12839864
11679317
15389532
7953426
19161521
19703277
18879569
13201153
7588828
9545969
14508785
17377961
17817781
19219001
14878453
5640385
15521681
13627038
16885419
15249012
11507917
15361842
18356826
8645239
16025599
7919866
18443670
10786117
13507503
12089976
12812781
8494710
17607258
16829122
13204495
12233568
12354209
16092007
7112228
9026221
15120568
14589406
16242950
5192081
14408677
3218701
7954945
9119800
17183108
18613735
16086106
18445077
8841283
16731678
15202151
16278129
16509963
16634609
12678798
16557527
5527416
13235150
10859288
5601586
3577319
14048893
9533037
12880255
12938784
8150393
19625124
17785836
10285453
12924223
16502987
13104436
11319880
15745004
13597972
16039510
16257396
10867100
10548038
15297326
13174311
18585467
14470464
13042197
15043209
9539813
12029893
16353147
16486561
10967470
13846532
14189550
11195742
9162429
14584394
16522687
11157892
18616465
3427227
15681199
11738511
11354979
17802726
12659256
17842114
12852890
11127420
12874390
17473998
7502988
13722588
5740325
11864202
10993442
12387166
11567358
13973516
14248060
10834813
10994522
13676516
15364665
17216839
12680958
15490042
15665929
12521282
16319372
14946982
12580938
7084507
18286218
15457025
17146099
15562902
17930336
11137466
7619392
14371373
16650884
16181855
16280193
12219785
15118645
10018578
9243581
10677368
8939253
8379355
8530828
4264911
12638070
10471722
17597143
18794087
14441572
7053256
13719313
17375780
13672848
16975186
14795754
10676432
9124757
13092083
18754100
9886475
17639119
9599106
18822482
15417624
16092626
15745598
14216088
18378972
14850402
11405886
13502138
8285858
16533255
5366900
15094999
14025799
9874262
9487224
13928516
11624106
7921871
15874590
17414596
11585110
15885549
14670206
12425801
15505673
9916758
11623239
18496258
15761298
12530553
16801733
12170059
14764204
17022148
18030634
15979294
18788672
15597025
13212130
16967561
17257392
9825203
15968640
12269642
16232097
15656164
8435054
6228005
13123957
17760606
11867271
8061357
15117243
13023822
17387823
16100950
7629348
7019604
13945843
5813729
16683033
9995552
14082235
7175034
15814283
9044765
6142204
13917313
6793655
12039729
9757112
15800198
6405986
18542101
11769383
16789643
16274032
14906204
18776269
9387718
17262773
4933146
15175185
16844574
11716006
4916364
12760494
18346047
11210200
7666247
14135235
11968709
14314968
19534347
16632222
8611241
13018252
10332274
12663528
14496524
18493709
4272648
18841790
10806687
9274584
9913817
16413978
14601757
11385990
7312557
16592612
8630993
11888347
13004641
17098818
9133269
10428685
16045876
14900181
17736359
11141850
14834468
18751038
12242205
11991489
17780348
12595239
4397281
13610677
19966675
13377724
14091548
12627046
12166804
17855528
6969234
14049738
14329197
10760326
15989249
10604774
10749693
15672487
18867909
16349728
12742842
11407899
14876831
15300058
14088393
18162920
10989546
13587705
17069486
9724865
7063863
13563448
14466617
16330657
18460821
15735244
9613651
7549918
8287821
11222018
9718796
9134405
18424184
11292748
16679397
16525172
12131993
16728184
13713421
11995143
15883278
12585416
17342350
13274517
17537702
14239027
4691582
19367170
17621107
15943269
17843074
17477350
19615271
7574968
5139919
13746731
13340589
17348634
16951697
15248264
9306861
16442634
17298879
18770405
10222621
17676426
15945211
9182222
9479332
14707640
19319241
15771188
9441236
10021527
8464766
16956722
16609109
11043918
10754611
14523246
18330324
14080016
17960459
10969600
13745545
14758439
14262906
15223291
11767925
17193387
13253604
15070845
15845214
14323497
12403100
11064123
15809552
12200477
18670654
15792516
9468334
14784134
14972926
8956854
9493058
15950498
16725419
15155033
8270599
7998683
9715306
17924302
17371023
12317238
15285789
9003812
18947976
11171027
18477690
9411503
13405526
7074291
9616558
17658349
12942289
19269805
13135029
15547028
13165095
14985104
8947747
19196788
14266441
12416946
16156003
13794624
12233642
6913535
15440970
12582302
16999486
15689815
16481533
8484737
14983795
18279158
19349916
8698950
12106875
15691883
2654242
15405182
18551563
16361630
16768635
18090791
12825179
17769074
17090474
7549329
15856191
7751406
12725614
13936995
17246763
8883119
15871203
17398724
8589905
17414764
9353673
16190779
15460247
11181087
16397077
13334788
15541585
10216552
15505437
19585075
17712397
4814353
7488558
15625924
15344500
16785711
5800886
17771638
13388012
9272329
16083512
16652402
15572169
16638655
17055875
11330080
12823578
9999673
17702559
15646932
8409225
4550653
8022930
18743440
12769263
14068516
15677062
15693048
12730548
11684221
8470068
6327389
17356881
15878838
16448528
18405999
5015180
11941878
11221850
12157775
15775187
18150740
8555442
8930894
16697149
13375043
8969618
14775396
4882024
13538414
9348475
15710349
13992312
9966972
9766794
12392168
12354465
14204458
15706071
12994280
14956723
14634475
9939244
13867956
12301305
14252850
10236220
12490159
14485475
18535955
16805961
18897984
15503132
14521573
13444318
13376964
14956207
9326477
16005284
17565560
13480698
18174360
6269807
11458949
5022136
7959411
10459534
16757849
12786873
9787109
6284849
9160480
13745267
15844886
16013698
12698379
17270378
10884146
14869831
10331338
19868503
14197660
18093462
14943366
15797577
16797386
15054673
19100158
10767715
15061499
17617251
12470736
17380623
16620132
18229652
14740893
10829582
18554030
16276180
14339579
12968884
8933047
14203237
13872042
10647257
10742617
13453182
10942168
16639509
16914604
8351109
10767510
14230353
18482139
9748519
17793311
9862360
12992186
19428882
13347393
14992705
18407523
10420744
11881488
12028674
10106629
10831854
16557972
6296820
13867712
19399466
10982678
9361838
11211918
11110344
11630782
13717293
19024831
19220217
11161247
11609300
12873627
11041274
14867817
15124533
4330571
6614577
12396777
15346030
13909796
11303507
19537815
11203442
17249387
15281884
15325135
11036208
12944033
17659643
9957228
16445092
12829921
14923794
9668785
11680991
13931701
9115290
15438295
8187472
17221207
12853975
16691829
16722397
15967937
11837235
11126222
9649737
14249261
17237264
11382481
12511050
11818877
12534277
13489947
13400120
12842276
13759292
7978837
13934933
11667721
19566519
15616762
10875564
13307196
12996898
18493117
12831191
14275461
12530441
13195438
13449097
18690225
17388514
11964015
13632717
18958514
13258371
12210888
6269629
14298917
13132070
13790568
10225185
14145875
3709392
15466231
14913171
7840888
8466548
12832002
11700901
10774742
11557485
5464244
13510775
8988204
17776237
17766104
16562554
10042167
13562075
14321527
12830936
11997220
14948039
19111013
14162429
7345205
7770575
16321928
13300539
9275110
16758653
12578239
16118340
8196899
13508133
16099372
5935932
15175485
12103894
19074912
12672905
6879044
16618395
8500110
16960517
12661197
13588774
11410342
17262201
10093452
11135416
18070128
8167127
14896809
12010685
10428632
12764570
13930651
14128322
7883164
16345806
16631265
14268356
13820888
16724407
18802686
16362869
17992572
13007800
17500612
8747577
17679427
9041426
8705937
7846440
10153940
15280234
12492823
17310752
15309953
6684952
13440829
11355424
7100566
15760572
13870352
11430312
18513232
14893619
8370362
7435603
9757789
10202640
13252567
14198588
17020692
14763955
13570634
13058509
18483544
11830679
17581113
14755350
3492285
7349614
8637614
14203880
16145101
16305635
16476770
17292409
11169224
10199881
8560950
10059509
15068670
17550183
13736959
14450420
13374077
6049862
19160657
16368084
11693293
13518103
10614283
11834575
8069269
15875792
16094261
17334764
8967991
15479039
12445608
15828152
16117138
18109321
13949511
17476049
10186051
16478732
6867270
14528847
5579558
8239950
17555407
10106874
14861515
11184614
15733653
7644026
19572663
13978748
12970318
15583087
17863299
9396916
13962931
12280185
16467852
8708583
18163065
17047115
17507594
8482748
9991699
13920724
16865898
12443652
12447663
14772183
16251515
15822051
11277461
13870934
16240653
15489972
5872965
11146323
9950804
11797965
11612318
17563859
17130121
9514073
12828630
12571879
13040396
17176916
11463675
13277641
12082849
6032153
13697739
9080825
18597421
13594252
17225192
18399158
9278977
17980531
18148522
11794489
12731620
13291497
14074804
11447048
13547227
11252893
15619927
6101088
15859030
11440602
17851874
6289570
12326266
18070887
17153523
9456979
16517095
19147817
10388286
13362594
14493846
13728591
18263639
17187686
13897996
12176137
9434176
15531185
16598623
13566255
11831737
4976060
14060944
11274282
8221839
10772017
14652345
17043369
12008910
14940066
10950172
14052949
15350763
15339868
11360422
13375841
12101375
14658735
7046177
12298520
16620584
14385629
17576524
14078423
13233586
14505562
12762602
16589155
15060302
16875455
8631385
15992238
15524673
11649789
13743586
12945524
13102593
10354310
6312381
9441870
11738367
17668996
15954411
19199479
8687913
7668687
10035609
8877581
14187825
8794517
19788009
17726874
14008768
16053803
16425664
14293965
12232023
11662644
18880103
9919478
8566935
16195797
10736330
16598590
14710826
4371691
12834929
7861338
9972598
16067366
12813234
13654621
8834147
13179232
13936985
16869801
16534805
12207278
7929574
17922436
12927467
14508814
14397960
9720942
6148570
11678834
7423044
11696490
9957821
9405539
15066215
16164815
9174932
12929169
16105365
11325806
14499134
7144880
12139985
11041900
7599757
14768559
12196687
14407529
9357821
5800267
13298544
15428952
8816578
11525543
17303038
15811832
11168326
12803336
14605514
10479154
15947038
14030994
18843915
18694225
16011592
16327213
12625122
16311252
12797393
14398371
16181858
10955658
10149612
6231893
10489795
11877289
9234907
16267079
17749778
15285908
17996695
14691532
8739828
14048909
12879245
15007138
18716146
17704203
7621839
18185362
15124045
17856885
16148032
14860869
16538906
15545978
17380145
17060252
17183763
13231811
9526451
17895986
9145737
7164373
7867618
17524700
16361507
14674985
16653095
7697037
14678129
14970131
17757590
11927962
12243641
14652537
9608297
17198758
15886298
15072282
11980562
18490528
19711103
13955939
14059971
13195740
17559988
18144313
13753909
14437232
16187214
12967536
9486628
15521447
8574582
8958952
12878175
13639686
18021800
8765955
13789570
8935760
9091259
15095650
11281953
10564706
12793238
14146656
14132565
15594317
10511623
14373625
8097743
6834635
8374666
8173193
18571086
8465856
9345659
9377533
11654976
14393757
14733979
8809768
18463070
15438406
9389662
12015136
10214342
9754658
12739653
13631147
17321369
10030599
17308290
15779404
13431295
19254780
14902307
12649099
13981187
11681152
14669035
12198092
17225875
16357889
14317116
16325449
14981142
16204783
17970076
9735282
15576611
8133717
9631541
12992066
10180753
16266773
7380595
15434663
11386039
10581983
18776297
14748459
15961692
15684012
8841795
6959413
14709983
19865239
19291130
17375859
18226670
9964051
17101714
15586649
17835393
7290625
18145175
14354685
13574821
10498040
14416360
11399265
9916426
13842785
16104100
5965568
16231491
17611370
14639380
13095716
6687476
9433478
15267829
9419962
15343336
1919259
15729187
12160024
14086787
17538747
16990245
13631451
15849124
9093638
13508291
15819750
14925120
16613592
12582445
12109209
8574516
3607089
13223178
14386721
14368951
18640730
11385524
16002338
6102913
14966785
17325071
11727402
14367451
14789639
13039057
17663096
13433882
15975136
13041455
17972897
18453824
11758196
12605394
13808533
7923506
14661585
12841181
13892118
13985425
19047734
10124793
11057468
12457510
10342513
19381649
14838767
13774903
13508003
8682910
14656893
9416768
15548165
2407732
18299749
15865973
10185108
13909373
14294377
14250570
13603583
13974633
13196998
5810141
15421037
9834912
10073952
18161016
18331296
16549095
8513936
8397839
8514341
16559130
8611203
6578240
11154142
14628299
13955148
13436780
8383667
10879595
12470042
17065141
10460029
10910009
13995619
15929758
15484379
13340814
17203166
3978275
18111520
8177031
18240784
14949259
11932366
11310309
9494074
16023871
13356064
14153768
18588155
11817681
11443135
16002392
5537637
15103357
14758380
13608373
19057959
6551975
10447918
11526598
16262139
14967962
17503143
13853896
10441036
12067909
13188352
10996775
14875193
13030360
14335791
13562419
14824993
14101269
9525474
13390038
13902998
14548112
6635333
7511993
10316571
9303229
12680214
11719753
18593486
10223236
13043690
16092759
6775135
14031651
11240433
2987293
17942056
18085531
12109075
6812349
16803962
18131328
14156896
16392694
10526135
4493243
12368411
9428986
9267930
13638527
16966529
14998190
13758741
14871946
8249807
14749933
6718146
17607267
11624436
16562339
13314288
12238575
15660061
12570729
17353270
8980102
17776546
11791101
15377813
16304319
15757245
15640741
12073644
11535360
9749307
8031514
16723364
9151487
13389493
8184150
5236758
6575382
14922208
11578090
13765605
10222978
11506707
12955619
9982439
14991228
14725907
14289380
15369210
14018374
16590781
17578743
10259538
5806890
11165244
9293373
16385789
15478084
9675088
5957313
15292753
15543712
7625724
18041090
16305815
17693364
12401427
17503282
15928834
10728228
15552689
13914178
10821551
18111459
17027408
17034446
14595889
14589920
13931585
17342118
9478235
11000538
14839654
17532211
17655367
11580713
16176155
12093461
15097080
19684289
14441105
11911335
17968741
18724373
11833068
14501072
14449228
13030886
16355216
11193434
12196259
7126358
11305402
11381511
10930780
13111112
9722374
11478593
4040657
18178836
12526348
8131010
13165030
17693120
12201388
18871353
6336598
17580656
13175173
14677832
16181475
12108116
12656700
14082150
17638471
5212323
9354206
17060323
12647000
14317603
16933356
10411812
16979426
12557995
10128212
11203888
6788143
13734547
9455428
11530496
17407904
10743667
17730775
15912239
16368957
12834259
7865427
12408105
17885145
17440212
14139907
12809741
11648180
16361280
14519807
15832487
8473085
8275356
12409566
15350271
18927103
19411950
17835043
8186352
6901185
10524672
16091217
13733988
9089154
10669529
14247908
10660466
14967332
11873265
8943762
16172482
12082492
18728697
9388732
10044920
7854306
7804683
13409969
13906007
12590852
15440419
8895139
13260707
16051573
10924131
17431251
7645854
10746301
11861195
17416541
12654457
12391182
9591380
8042171
13730270
7054945
18479614
10054598
6831016
11883640
15223037
16277621
15897238
9065883
15291445
6638765
10438008
14515220
17580661
12522532
11658498
13216789
11063517
8775526
11734286
7120236
13950425
15438320
15869073
16060639
12009755
9437341
4756597
16628985
9857380
15187300
11356202
14936504
13556990
14739708
16041633
12256231
13563486
17942652
8166756
13183413
15465980
12205039
13522861
10988885
10199543
16638786
14388732
17671249
14918816
15757297
14864199
13265394
9148323
13800235
9692088
16540862
8467429
12371920
9143764
10790952
17141170
18310737
14125065
11467334
17417534
15159396
9517373
13207583
14820972
8909604
11668599
16450481
15785514
10273572
7475354
7833421
13458849
19371636
11377832
14583564
13920081
11100853
7890268
15448589
11473248
13459875
14703218
9775210
9371123
13552663
14358677
13738287
10231514
14980782
18582004
16431809
12305402
9317456
12002921
16300474
15322011
4953993
18286168
11767261
15450584
14875447
9413212
7140064
13795556
9974086
5750295
10418736
4982782
13654238
13578074
17659772
12924026
7506737
14867164
14678485
6445490
11849165
9075545
13187796
7483308
9179080
11542893
17558271
15790848
16923832
15030742
9153632
13982935
10815405
16378123
13395033
17695310
15216055
14321556
13588001
7584259
15256328
15458971
10380536
13930073
13617632
5277329
13548072
17988771
8583454
13026156
11650357
15876379
9417490
7614111
17384884
17348291
14569540
18769768
10084754
16055259
16352956
12207288
10504964
12486631
17524496
19380698
17841856
15140445
7504748
12892032
13734638
15914338
14086757
13626807
13388552
12407495
10911551
12986645
19788421
15331361
8207107
7627329
15836932
6722399
4908528
12628491
15183289
15721322
19486373
13918283
17949898
8258199
12327323
6633249
15696454
14766486
14930377
9372396
18373374
10282661
3851057
10824482
10203290
19655128
7808293
15491917
19460813
16754256
16211924
5520220
18088569
12614738
6328835
15067601
15394946
15841265
14103614
13216451
16716243
13231083
13432607
17880607
13062681
14513021
16719301
8962415
14642722
10884871
12077006
13271965
12341945
11791837
19622896
12614035
6660062
13447371
17888562
9844250
10023396
12195146
12790386
16700821
19297724
12030739
14742935
12142778
12252716
18818507
14434693
19658497
14746116
15117078
12518870
15393358
17639855
11201218
11710172
9566274
14071350
12778862
12547159
12944628
15110170
13976183
12563116
8283751
9211532
9495905
18294037
16592598
19224731
7762642
17385553
13520786
11787045
8291776
16945535
13909833
16679259
17216180
9876426
10642002
16478462
11052905
7954087
7482437
14148251
15902059
13276397
12775043
17254234
13719594
11197075
14364113
12565502
8478848
7913156
12658464
14270720
9287598
13099296
9572013
6815123
14673329
13321641
12939154
11683817
13440470
10153016
15946455
9336796
6485053
9545680
19374190
12943534
14530146
16862186
14795869
13603581
17513786
8503576
8632127
7247715
5667015
7828408
12091032
17853816
13336307
16691579
3663587
9013842
12114493
18132172
18850114
14328824
14484665
18436989
11876537
15473810
9057525
12394914
11112860
11590088
14531071
14982251
12933611
18430970
6561309
13930360
15120883
6798332
17061258
14250961
18548894
12886491
14387396
15572533
10372808
13249871
18084730
17919654
11747502
9154397
18373592
16250125
9479604
10789960
11204373
12389879
15533983
15698605
13404673
2816074
19336409
12448278
9472926
10601990
14177238
8148229
11555311
11065432
13867896
13682280
11581937
18362185
14444793
15166972
18267161
6892815
14587828
15016495
8978326
11302800
7368107
15752997
17730388
12372414
17277130
7908945
9071002
17794620
16588197
5774158
16378570
12273094
16731463
14484031
4805821
17262788
16103081
14859964
16746465
14466078
14785771
19452960
17636402
4603344
12660363
10272191
16185966
17657660
16753182
16194114
14117156
10710081
12509393
18131158
14105004
8996991
14092817
14142010
17355049
16595085
11466150
12264797
18320165
19695888
19486272
18138653
14714754
17792918
16057003
13942168
13807398
13591824
7648176
14271014
8285797
17520057
16851999
9972600
11463848
11641370
13139595
16616274
17671517
13060193
13062343
8441373
10703891
9549969
9301825
14386330
18383971
19366179
11637197
16945634
10727657
15934062
17855720
12955250
13107912
8863660
15107737
15297595
18083626
17230269
15315732
16288195
13486774
15457839
10550165
10602105
14664927
10359803
15123563
15145472
12180236
7904482
15861333
13142826
11244363
15927813
17549592
15786601
18188478
15597352
18818867
14468811
17255692
15966045
17004756
19847546
9807131
10755550
19065022
12099858
12555909
17275590
9466798
9665296
8367583
15929297
16494388
13385892
8832056
14272123
13910475
11131545
13971974
10619203
17162795
12141800
17978845
17124595
11153903
9277440
10225882
14975029
13300166
7525586
15643528
11387107
4659804
17421736
15488759
10030780
6391970
17193940
16291321
16830937
17652513
15972300
5230217
17840092
14117706
16700833
15266561
11960350
18763879
17942407
18932293
13869088
13626588
13687406
14310046
11337950
17151003
15781398
9791529
10987371
12039673
17038458
19336784
16078222
12180931
12551578
15788479
9045498
14573474
15909735
17391738
8505440
16405970
16913196
13949229
17790168
15626615
5306187
8890904
16357264
17608442
14403246
16301508
9488301
9624173
9631689
18758782
16757666
12748184
11514187
9146763
3946694
16378626
9726335
11174491
4657547
15402175
13085954
16167684
16353201
5171232
8998633
9858784
18655815
8212004
10404540
7720851
16663414
16076112
12877827
8189712
15147620
16547474
16608073
16706834
19395544
10944219
11610180
14584954
16018511
10902125
13388529
15213653
14458798
19140961
10427873
12026281
9100598
10685673
11055008
13098733
16405606
13010762
11558988
13795273
17229931
9477523
7169554
7771979
12916283
14799782
11027341
7786407
9851628
15354460
12316950
11214330
13254628
9150795
14882569
11891164
10942982
14179965
17443059
13001261
14083992
16433704
16320265
13289845
10018977
9475834
14385992
15608584
7997086
11975461
9825685
10784293
17845920
12297056
17744704
12903182
16600803
17526277
7926900
13951862
9154489
12763628
14970669
17728887
9467933
18081386
14669424
13889652
17735480
15851973
16670925
11684860
16957467
13948571
15026955
13188220
10794914
17070582
14571448
16866616
16801565
19324316
8049045
8677762
16889690
16803918
10739974
15453103
12337396
16977505
17070714
17830014
13696911
16479699
9475550
9862614
16428577
10990418
11435521
9117995
14199964
17770216
12488026
12533831
17367481
9255458
13042087
11008670
8626727
16444151
19257591
13709633
11173113
15532498
12772837
12978245
7888445
10996693
17416462
12647506
8735555
9187630
7486948
13600314
13794136
12726330
10077535
12170901
11116018
17282698
7749978
15941698
12670385
12982780
15856615
14717309
10072823
16417489
15099799
13048832
14361105
18798047
4442377
18372086
18738347
15770489
16011545
15908885
10680892
12614890
13693113
17137872
14722448
18953548
11599960
15892341
16277884
12301576
7746959
15143997
14953733
14924455
14646017
15129413
13549429
13222105
19221839
13777243
16575241
17742750
9203990
18194626
9034426
16167175
16794693
16393086
3456465
10676538
12586813
16063867
15069256
16290932
15551917
7791070
17396300
13769243
9980802
7354838
18992936
14795742
8216733
18031761
14970103
8182002
14575668
10912632
16481143
14870686
12068473
10469236
13908296
8835748
4454786
14987373
13003914
16726110
12563379
10815447
10669190
8392800
17640145
11050367
9968549
14037875
15526858
14642065
15288400
18264732
11491493
14997234
16385827
16970095
15552024
9794704
14249777
18654586
18700900
14765265
16263403
8531623
17423659
16052815
4361918
13301938
12017248
15597992
17319645
17451917
12972900
17109895
16235835
17533270
17389021
9875568
9936263
7074573
13912463
15743495
6779156
12433770
13888035
18387324
14128175
14537430
12864736
7029009
18557443
16614321
15069149
7943940
7023330
9174344
15693731
8710872
12231716
7474886
16308181
15371643
13620427
18616068
15827945
11355808
12418972
14001802
15793285
18013601
13030281
8969370
13323607
12462791
13931914
12633493
18210587
18206131
15434040
10719716
5684827
10338791
17442969
15911084
16753070
10658906
12533793
8602374
7974073
17726903
17858957
13711170
16581137
16584841
13685167
16076106
9323659
10093031
18180432
18950570
6753748
16050297
17893312
15905835
13927241
12840139
13398826
8105995
11031241
17303952
10207323
12309901
18122503
15215759
19769256
16564369
16563498
4701447
8022024
16944685
9703227
10776321
16045612
13451535
13548678
11062825
15912327
17595996
9990498
14869504
19140375
14748414
5891269
14838858
13033057
15670868
18104611
12366016
18844809
16598423
7272115
5995113
14978934
15632618
17694101
13640275
17116687
15738531
14797146
12141866
15545679
11137967
10818815
16287321
15306662
13713778
17335807
18718844
17195839
10806504
12690375
13628404
6665240
15894253
15431376
14025785
11763240
19637062
10970735
8764611
17053874
8715049
16842469
14958330
10904747
8219725
14131374
11757359
16487909
13657221
17502992
13971980
16168632
15939222
14326220
7694091
12514235
12072449
14247405
17810137
14668772
8891497
10658724
9239915
16708536
12568938
13220983
7967288
13616382
14271097
16324255
16026604
9503944
11650415
8887316
15611071
18750500
17174985
16046804
11272394
13387312
17471456
7618679
17873043
10133514
13478262
9262476
11936324
4923447
13622670
15666015
12041785
12681199
10325641
12688334
8449466
4772999
12545191
9994089
11013809
12264344
3178567
10683413
16164160
14364755
15356489
10460531
6346322
13320579
19188728
17044189
18422846
11988239
11991324
11795510
18022689
13053211
13361782
13397449
12915873
17960559
7752695
12991338
18478175
11947887
16782100
6355261
14165508
17783317
11107001
12628309
9485491
14422970
17537561
10968173
10125557
11895318
12295216
10226519
14830452
7365711
12256055
15151079
11245896
16871659
11430588
12251924
13169509
12944253
14827976
13641380
13461575
15393140
15227484
10322258
12731523
7830509
17597003
15724457
10457275
16301934
14805623
17194144
12404183
7765919
17382477
14639013
13716095
18596062
9937909
15919046
18506286
14411310
17281826
16991958
6007733
18515219
14122162
18477704
8597314
15204644
13300950
15136266
5081396
12438416
7901806
9488586
15712569
15222204
16200649
14443284
15967351
15248286
10520433
15034864
14491089
8223589
17109360
15994197
18392433
10377034
14634420
6338565
14803548
17768139
15735134
11252284
14226529
17552126
18299452
8590766
17186915
17918846
10886214
10426160
18795660
5949077
7360320
10750208
11716915
12338258
19525520
10992675
15691299
17748608
14825452
11700909
15826641
18525028
15272927
16107932
11743314
19162455
15247898
3939033
9818582
14638314
12573812
14109086
16532094
11345870
17350257
11850863
14543327
12909001
15791595
16149559
6863163
7818418
10377969
10064358
10412856
11163641
13772059
8824495
12224073
8342419
15320415
9181844
8336972
18338808
16618283
16408632
12700874
13688784
10976503
15147955
14095210
13500977
18562737
7762295
11805815
7992982
13060803
7296794
8821345
14882010
8341227
5404440
11442546
4353403
16220161
12834640
11632170
15800999
10695100
15560410
16430283
17981916
19624022
10485603
14587633
12216008
12028088
12094222
14945210
15853668
14877486
14151121
18078471
8641286
9832161
11642615
14165832
11099378
16416222
13549066
5380565
17267607
15930875
9993688
17215613
15578049
18882137
14167436
14261546
14689134
8018857
12177973
7263384
13023976
14225090
14195661
12337261
8515392
15369937
9539855
8820510
7775131
18039047
10832810
17739998
16862629
16031336
11836361
17184443
17248110
16997862
18770380
12127523
13815326
13014158
14411828
10191917
11257971
13502456
4361096
11730228
17967649
14256694
16091041
17199184
5271388
17985336
13557522
13026006
4404712
14019521
5557484
17937534
8236086
13536685
16688685
13096924
10533443
17926925
10686456
7364609
18506729
10400514
9308146
13854824
16292400
9998144
19197509
13666084
13339857
13337366
17429831
19008731
11046525
15111544
15561311
19232951
17776014
16334483
12212708
10909470
15322130
14884277
9725635
14371255
17463381
18621412
9502936
10574260
12143156
17202203
18346050
14914761
14397602
10158002
8298606
17827892
14656664
11404259
16559400
16866036
11879501
6942501
15435353
10445328
8801003
16852899
16368226
7772961
14079674
14199688
17092114
12151573
17550740
11986172
17430611
17518630
11505697
10006443
11168697
16807605
5202511
14777282
12204858
9439735
12641069
14884922
16873646
14515341
13892719
9700852
7804377
13014023
11570910
17010469
11323478
10286762
19734863
14585885
16013425
12724648
18363871
13235497
4477095
18115245
15077015
15448218
9552728
14737802
15658208
5284852
8852375
15858837
8751187
12194635
17174387
15887952
11613259
16023221
5151346
9359378
8756310
10466756
11799479
14198223
11263688
13656917
12894567
16642861
5845773
14647083
15646272
7694796
13616545
18723606
8478766
17637980
14691464
15391305
16993188
16098264
4995757
13665563
15809070
7580790
16789871
15475134
13522807
10850486
8195011
8251454
18566922
16381647
19671230
13502844
17192279
7351843
13827313
14890258
13975271
14738208
