14760412
15526763
7506095
15270145
13622925
13656957
10712624
12127856
13383560
11783596
7074825
14432100
7802822
17697033
15082492
16020324
16458474
11749552
12026307
13322172
14624896
13831012
15452412
4045084
9293016
10239534
15160704
8388102
13634431
12822726
10863096
10801836
11028514
11500275
18369405
10434885
16233415
15813319
14508806
14285786
18854888
11499907
14779148
10874572
12610778
14121538
13786694
10513214
14662425
7306380
12574434
10974210
17199352
16058539
13577557
14387961
17431675
18045283
12142863
19571715
14705287
18634293
15255560
13168007
17362076
16586377
15138283
15175085
14249746
19443592
11317278
14861463
11620749
17328434
15469345
14286511
16273825
13751117
16922436
7988099
13542751
14045348
9150624
13740443
16080658
10165904
6296483
10333261
10485672
4182863
8870863
19126080
13227066
16405654
14038135
13359274
14950128
14325067
16214692
16835999
11284331
12316811
16880135
15275242
18180611
10068187
18387511
6041909
10839971
16888657
8618146
10637717
8442741
11169287
13712119
10141923
12293625
15231629
13127517
14389790
9619908
7153790
17796420
11890214
10728230
13632409
11072255
8918761
17319687
10514490
15784885
18382678
11249288
11330804
13480559
17020139
8097780
10545533
14641744
18061735
4092568
16459240
18218101
16093755
18490333
13641370
17574029
8260958
9711283
17906016
16847275
14192911
2970950
18593364
15690588
11429557
17535536
13131586
18608423
13376491
16725850
16207483
8085912
4368517
11528384
7012787
14381701
10364191
12804571
15769855
18461180
11902611
10385154
16469680
12356153
10884588
14857378
14056966
15707499
7721631
10055543
12414260
15502740
9484932
11705571
12884585
15105084
17261293
15713114
14322160
10736842
12251143
16580208
10803532
9637017
15857657
13831695
5583418
12108257
15255544
13516076
17166208
7062619
19578306
14517046
18006899
12241134
14444294
11999271
11713863
10097331
15946503
14061064
10265025
13308449
14645412
15150566
10406194
19309184
17040377
15622849
10263999
15868734
10080220
13154825
18115166
16870396
11848777
14751221
10770359
17358758
5734463
17631401
13575946
12451378
17431299
11474297
17700283
17648044
16010942
7389195
12380865
11608077
14179929
12836078
14583885
15757966
14661920
13948739
15355482
7938662
6545992
18424291
17712020
17916422
11483080
8793027
17396741
18362153
9422920
10541995
15544926
11315696
6511429
18987147
16106147
17251790
10702675
5479576
8148667
8447187
15873779
16551283
19571520
17908538
6003541
16919909
17258180
17922351
14484879
15074553
15985842
16136721
10559601
9093564
13131488
16794469
4654132
15399959
16409472
16885499
11788448
7424400
14828109
14099716
9242099
9488108
14757831
11642071
6612735
6329636
6065735
12282009
14747764
12189606
15702680
7033570
16271341
17143068
18324441
14513917
12829848
7051062
19189105
15786046
8885667
10388094
16720599
15193109
9857339
14038786
9586947
4659691
10624887
15828539
18151920
13906330
14337369
4203273
15925444
11614029
8944724
7148936
15979898
3955715
7931307
14193704
7799390
11726906
12985414
15989057
7343543
12777957
16470047
11225190
4952680
6267334
14685193
8387211
8514328
15589361
16180685
13415704
5157779
13278457
11482142
3261934
8270169
17118938
10762290
15619856
15449133
17407418
17965610
18632390
13080439
16784062
16076364
9612726
13630790
9496898
15351408
14494951
16823553
16433971
16036600
13317040
12554326
14737561
14565584
15995777
16606105
7584288
10266198
12749403
16152367
16649275
8611135
8531065
15781847
13503126
9039979
2707994
11198995
18656995
18888789
16812726
19109795
13648492
6312374
19109438
15436122
12996848
11154899
14205811
10456387
13565751
10714061
7840778
11672345
12667531
8399924
11827182
14890016
2100415
6421229
16185446
12905268
15357472
9659430
16639959
7649385
12729506
8652401
14190330
16462041
17357302
11297495
12488225
13948612
13598828
15156493
7607505
9200338
6513663
8537928
12322879
9604497
19284003
16453799
17022683
10434932
16324384
10400012
16593088
19045712
15137739
14935128
16843981
14348645
10593842
13322027
14598787
14375187
16871488
15122744
16731900
16490348
15037065
18515109
10003457
7703412
18196983
13335987
16599128
14473061
15473550
6753700
12583091
18710516
9112466
11916344
10121692
5007470
14177782
9207706
9301707
10191281
10057920
13790106
11105174
17853896
13436952
14731779
17850151
14657419
16638537
5581476
5429243
8420555
10020261
14501041
10426591
12230431
9331189
15741919
7896866
17118357
8957772
10415731
11917521
18828401
15896763
18333026
17664253
15278059
13020696
10329719
10140955
11369964
12861337
14894674
8011124
11963636
12153175
9415766
16976968
14053731
12122581
14973552
13367603
11993779
17414877
14017802
18419025
10701659
7699547
17074033
12299259
13016479
19118490
15627076
17389723
11165843
12846831
7304656
12139132
6705278
15919974
14485939
16563014
7893179
15964623
12439409
15221003
19039174
15872892
16536457
6141306
17812845
8044400
11349367
14251968
13776038
13192818
17537276
10529491
13481962
17241490
10372532
14898691
7291252
13479653
15606353
9567015
15236288
11277703
8491825
16486643
15814499
11792681
17415862
18459321
16405656
19683196
7315205
14345840
13059807
13085946
13311933
12958204
11763901
17713762
10454367
11816479
16478647
14476794
14767513
6925472
14875250
11527690
7800039
9382948
10507279
11561596
17314899
17321489
10888580
16348273
9442571
7516151
12520532
10576138
16827830
15136870
7298993
16641168
14591192
13266373
10295556
15535300
11446777
11915413
8808392
10777966
18099715
9773543
10010218
9950886
6990621
17961995
18626786
18444190
9030647
5651603
10958124
13097472
19031334
15375594
15619928
14226251
17062581
15274806
11046986
15988733
16337000
13948428
13309014
13854454
14210885
9935217
10292390
11341977
16482023
13793065
13127205
16110197
6342344
14101136
10514034
14107308
13469254
13514334
15633287
9664730
18045921
13539778
11864879
14133794
19821787
16071463
8557273
18677898
14686104
17796171
11675941
16866846
15982423
4925469
16604115
16745787
6830510
13989215
12174893
18106567
9584074
13580263
17802039
10846516
12712961
9679269
12284328
17198176
12501236
11247057
9395097
17897999
15317047
13722419
11531943
16571546
11323880
16638224
9721699
15700968
10454060
15075022
13641500
15175465
13760787
8524855
12219494
13436615
15674759
15345479
3702220
9650999
15986770
12448613
6380414
14248915
16196039
9168569
11968393
15713782
12961629
8996920
12376826
11574783
10825408
13009231
13679373
11094723
4928454
17543181
8646380
12034644
16070167
11483638
15860797
10693088
9364524
17116851
14504648
13609556
12531540
10389111
9868431
16931251
16370670
16687710
14831828
9546966
15306718
16196654
6952631
19506676
13100878
9715230
13354784
7825918
14731473
17576757
8131328
8952655
14626886
11245233
14121499
8135907
11261034
14393090
13641337
18321235
11241464
13232448
12303729
16506826
13612231
13479509
12482070
10126987
15531341
13248132
7661827
8640771
14369822
9323477
16212296
18938337
17300568
9304963
12567410
7163703
19208912
13768507
10816521
18065889
9674238
12640052
15617154
18382175
12759694
12964904
14705727
14132129
8810494
17138283
14718433
6511417
10419732
8809915
16370644
15050029
13158846
10833307
12989009
9443392
10409400
19613317
9784945
16588304
12177941
17223010
14066992
11558814
9717080
11273452
15321096
9043923
14060999
16540532
14330772
15073698
14096052
9069245
13834485
11106598
10212817
14368238
15876963
16922234
15750751
17041331
18167442
12349910
11921160
11495708
10414961
12310916
11125859
11425416
9383314
11653122
19002801
14809742
16936209
14785166
9781264
2939553
16289140
15787441
17948648
18085130
12977204
16594675
12065025
12599761
15156741
11565083
7968665
17094472
14507567
18249879
14450046
9734603
6503550
16781753
18146595
9260087
15992322
13608937
11152850
11662748
16515325
11477785
17372910
15096803
6016877
8523273
19037049
9153683
6485459
14091056
14697879
17003000
7349499
14730438
14597106
14031536
11152154
19934940
11862476
15395968
15740363
15851080
9323375
15484616
6624844
12513200
8502455
8707619
12200761
19200912
9247380
8160182
13448391
8650392
15580419
11755838
11057421
17521520
16863814
14467801
11600669
11980250
17103220
18190628
7969661
10335377
14099090
12644205
18042408
13014604
16238548
13205600
7884018
15971740
19103496
11560519
12808907
18708278
18606246
9790148
17903954
15906832
10975193
16590844
5251946
9105249
19224333
18220244
17877807
9401987
8756897
12256947
10291193
12996945
17012596
16018314
15607296
11604013
16347969
16046730
12286948
11544764
12448921
17223418
12885992
15478974
16386919
10555812
12607890
9688792
13479328
15331452
12391683
14097435
11510981
6277530
14431015
17581110
10629100
4607804
16810706
17134063
12289450
19472118
5963644
16634797
19581847
11784804
7992432
10468276
5519780
15539982
17274248
14012645
6825024
12078644
17423885
11107740
10975059
10024013
14062738
12358115
14723967
9510710
4616213
15619006
18657593
16439467
6413053
11315128
18097430
11889454
12429243
11663675
10713456
16693436
13111257
15248768
15868851
16228184
10069469
14591996
16563415
14078542
11819747
8514970
16127516
15077492
9059517
12868981
14529089
16145568
18690316
13038991
12037737
9941520
16429409
17438222
15046268
12796739
15211256
14240902
18685986
14462463
19311745
15003892
10068539
12816248
19162320
17704662
15554851
6997135
8948040
14590104
9066122
16314878
15291944
12097271
15367276
14689425
11864884
9013249
11543184
14740710
18494738
6791930
16135349
13593305
16695810
13087369
16165913
16566954
14496505
9013313
15679826
18899993
8582252
15134864
14763115
18525939
15275947
12079495
17509961
18112857
11892015
14137456
15352889
15118931
16352257
12886439
16852082
7840552
5638930
7492041
7085188
17824132
12930231
14635520
14313438
8907142
10282257
7254021
17797994
17030484
13785407
17321993
10849149
11364638
11520017
9412300
13913790
14331659
6467560
10975718
9716988
17748396
15065096
10910702
17903667
15298530
12235104
10075044
16729010
8086971
12768715
13125796
15896216
16186883
15056689
18529373
14581145
7603034
13186382
16332624
17591414
15935682
15708410
8250207
11906106
10787621
7013241
8007322
11491381
18270341
18669384
13109921
6761360
14220909
5326357
13531617
7368053
14516880
13748523
7447346
12456826
7683878
15145264
8524840
12496961
16750392
15192725
9602148
8891233
10869146
13359850
13921425
15855348
10158024
7146087
10022304
10866458
8466659
13281725
12539086
11528287
6832865
11567495
14237600
18573609
9799658
16872930
6112740
9466439
2522476
9393036
11537187
16531770
14560698
10438342
3653607
16555316
14680900
14091993
6713683
8586946
16906648
16316638
10516418
12619575
14550681
10087882
13809538
14659533
19295076
4772540
6853711
13113406
11687019
14173704
10647690
8074959
12957005
15046658
9589055
15533163
17538913
17454650
10337778
13680614
7544917
12811493
18374866
12561672
18852187
16741298
15930499
8060378
11905444
10016978
13190011
13967770
14734048
18340994
14758212
18798576
17727565
17528446
5860129
16164883
10438774
17456832
17998617
14023361
10949087
15884561
16291252
10126718
11878764
3529765
9057875
9998564
13246438
7317083
15104100
15057556
10166494
9429438
15074620
15122516
18949564
6686916
11263551
14722085
13385050
9407095
17041291
19274333
19575276
11923038
9109350
14073287
6395407
11561171
13134847
16170730
14262372
14771299
16859808
13176346
11964829
16060995
14312222
7632715
8652091
17876297
13992026
16317803
16687511
15383913
12799954
18216356
17059465
8307387
13855522
10379731
12380607
9101741
16477412
13794817
2739810
17837506
17982336
14331365
14593907
14224937
12285356
10779314
18154887
8301001
14397848
19734143
12140166
12180360
12611877
15114921
12871481
14541475
15820542
16357527
8502015
16455558
17237241
14321386
15133466
16795391
14362046
17547119
6997167
11298422
13798512
17220784
10593730
12693028
9013991
8054935
14207147
11880690
10873693
19389871
9276010
13873602
16559897
8859188
15423647
11454843
7522772
16459462
6693649
16721187
16179475
13705959
7620200
17838431
10021629
17003047
14239246
13292870
17087793
14842155
10713225
5574944
9977787
5410686
15478960
16456938
18601764
9948323
14753042
11990407
11252358
11274331
14218655
16557461
18359661
13195564
10192949
18485079
17418282
11167663
14574080
18441321
11415959
17385247
16275078
11102507
18258358
8168936
12186326
17816026
10897475
12870940
15279454
14108791
18529175
17138414
16814664
13440806
9145988
10872842
13765921
17237805
13069510
12652429
8501664
10247804
11542095
17366492
10937597
15723427
13796235
17030267
10027480
5075040
7797642
12890921
14466650
13961921
17120408
13659940
16659530
9939425
8833182
6745626
10214267
15570257
19517877
11213603
18309241
4027939
14067323
15928197
16253785
9451957
18143796
8261156
13062673
9291126
7690140
13814214
8417489
16875942
17435690
15755656
17479914
17901575
13586625
8226371
12138665
15096718
11323957
15843145
15522281
7076374
13270037
15174710
9180818
17529428
12849242
9397122
14671240
14901691
15169112
6442796
10665509
10767762
18662891
19585705
18403063
15813153
3214580
15886738
11829821
11111400
10404326
17011940
13481425
18321617
15340014
13151080
10561064
8927899
13473009
12834397
11086269
9542223
10627067
10508501
16639713
9827869
12053955
15248220
11984765
14294809
3717809
16816056
16778602
12873853
15136659
13225549
5512427
8254642
12473584
6532406
13970593
12099316
9006492
10943506
8930163
11350109
15905291
11784274
12895833
14083201
8601767
15907295
18572985
14809278
15087879
16979395
17139914
10707780
15014360
11721938
6353398
6588674
16193933
12914187
10217603
17541802
18792766
9436012
14308088
15144501
17573055
16563514
15274817
12210757
6728480
15614014
12077028
9026108
17566534
8793895
18141806
10137697
17535981
16292202
7301895
12035093
8975749
11324031
7042447
17454052
14241560
11352049
18271149
4772013
12592806
12625571
14397288
16328269
13129674
15135710
11444918
14835171
12722041
15687919
8097968
16733293
16300113
12327342
16119946
18381227
8896801
12417045
18471848
18928957
14023130
8784227
6381837
11216716
10782067
12565436
15990613
11972067
17236091
8079770
10658357
18587093
10434800
15195969
16314957
14395745
17276389
9694100
10176465
18666245
9865816
12167518
13341293
13821828
14057228
11709532
14603054
6880022
9502134
16998939
16195795
9692173
10706871
18573801
11899251
9785356
15968130
14258334
11623976
15092286
15834608
13224384
15411969
13890976
19366070
13002726
13062744
5635992
16813588
16384688
16670279
16340292
14816686
14891331
4261290
14685318
10901790
17167948
7533218
16568046
16198471
15983428
18708798
12302369
1610491
9081708
17325177
18109096
14655380
9105932
17431543
17401419
17341283
12340206
19239744
17340019
10157574
7451769
12889591
11321093
14296341
13809340
12516671
6079549
16549481
7137706
16084267
16904614
13409715
17273533
7868088
15241376
14467127
11209926
12248201
17719169
10893186
11991851
8382333
11006466
17391268
18335255
12964984
16139865
15122755
14413885
13045579
16560360
10760228
12111352
14513336
15084673
13970301
16660920
10772878
6821695
11102775
5733915
18170651
11313692
9690547
11120940
13475985
9025169
18405131
16736980
6823122
16381186
5642892
17746590
9515301
11400032
16773008
16375207
13886755
9974670
14292394
9569845
9011824
14082512
11002860
14016514
16357862
8135434
12898472
14908435
13049980
12797943
13804179
16388457
16943220
13701856
9942372
15423718
15355124
15716454
11274662
15552379
15583399
19079007
19019793
13109658
9880237
16666708
11567739
15517133
17633801
13452308
14424922
8205185
17648381
11667399
15611434
15806741
15706218
17841798
11869187
9341304
16388245
17921231
12247544
11448256
12504973
16127030
10303113
11080248
17536020
16047428
9555644
12877687
11985138
10646296
12868765
16870297
16087637
13660872
8472569
8569573
16087795
15494072
13460181
6431979
14586227
11078868
12554785
13516479
11934098
15357659
12370372
16354775
19283796
14017014
13972441
15129255
12229440
6698299
17071185
19318756
14251016
17767979
13882610
17630228
19081557
16779261
14691331
11870873
8602339
10537727
11891721
16581579
14425890
14660791
12617881
12504470
17305916
14728194
17196738
16856297
17326449
15861859
8400975
15037819
13747902
16523123
15380827
16529834
11594982
7344638
15161858
14406311
13311173
18864683
16487156
16705594
8878947
12140764
16703499
17816274
10484396
3759984
14092612
18289162
10131844
14679246
16198695
2436615
18870513
4265054
17802237
15748915
11158111
11199248
13488048
16435781
10159104
6481557
15595329
15784505
12156518
17759991
16477586
14813706
14133742
17773672
15683679
16348528
8035642
12654866
19245720
13103765
11783363
12990633
11948694
11452259
14254472
14526017
5703542
14388401
13482482
12208118
8114911
12031912
16184362
15756454
9257352
13458225
12874524
13586658
15538484
16024573
18648669
13564195
13422164
6856918
17358160
13655384
16320426
18273359
16481674
10394117
15528357
12712712
10159043
17688990
3174786
10122229
13200904
10555040
13095857
13051368
19044186
17421482
11383137
15441412
17005571
18211349
15149194
7678605
4491787
6990745
13018106
12842926
15227972
12057099
16234923
15953258
15690709
14005668
12523782
13982552
13065281
6586405
11086502
17317938
13432403
15356046
14225422
10669265
8305027
16811679
10678750
14665483
12286798
15554405
18163672
17779908
9314234
12999193
12150077
11067321
14747416
8210619
8883020
16611995
15341277
4281390
10444991
15161197
12955383
14457714
10941988
10789275
14189171
9329663
9661998
18143275
8598864
16853004
17462831
18640362
17310156
7698505
12282129
14793602
15194864
17372808
16316675
12971037
7589514
10160854
17771954
18144756
10046741
7497288
12212182
15108942
8556581
12848505
16190788
18944631
10890704
14037893
11884129
14467304
6006033
11079550
13739913
13136884
11333688
18648409
11596107
18040042
8244001
16876927
16594964
11082070
16280470
15974102
10454457
9622780
19274365
10191944
15845675
17833511
13576553
4830216
11457201
11010096
11660601
18570258
13733267
6722378
12215891
9483050
9765426
14995117
8280193
18717726
17985064
15522357
11598243
11428601
16074367
6344597
14156359
9534145
16138341
13634599
9110118
13389298
9244736
17865296
17253965
14807267
13068690
7612501
10139690
13658951
11505592
12992254
10911241
15313089
7606443
14907181
16846323
18038036
10719702
12536898
14801871
13236289
17490760
8333971
11998589
18016542
11959587
18004607
6048413
9538411
6973535
16559356
11809379
11762339
11603085
7757361
17980964
17493644
10692484
13922592
5051681
8939563
11858829
15496568
13630668
8334732
13336165
14328198
12118142
8708336
11274518
13257009
14232475
15593629
13738242
9650330
15758005
15463685
13758539
16701579
13274824
16753402
16918941
14712084
15474353
12133853
18465578
14260891
11744225
14491094
5371848
12361765
10295339
11697224
14472012
16223850
7681824
16817647
14294410
9974836
9499339
14896675
15022109
18131197
15305435
17601832
9021843
17962504
11250340
10544340
7890469
15181692
11895996
14167659
14747787
14870176
17143597
15720970
14017806
7643315
13654590
10700379
9596393
15018052
5982300
9977097
15316102
17387620
15238564
12640563
14672009
15240477
7401310
17872439
10819591
18272141
8420243
11996248
17661518
14069492
14986957
13177735
17206824
17392519
10664759
10566314
19509325
12187729
16723836
13476401
14864903
17369179
16655414
16913763
13508646
9157941
14326981
15357416
14433335
10056367
14544372
8312924
6923500
13334263
7418872
16874884
12334104
16002512
11574966
15706620
17415643
15497046
11051507
18249864
4945253
6193218
12137574
15546220
12642380
11270932
16889869
9448894
16167372
19378881
6670908
14245277
14632373
17449992
19160068
15790079
16581792
18277417
16099463
10117696
10979613
15718291
18714557
8438435
16518910
8467671
12359678
14763911
16244633
9356705
6716307
5191271
9182874
7686323
14997739
13671525
16165719
17796814
15382777
4925129
10973803
14871343
11154204
15891516
12996206
18677593
18365267
12527529
8098035
17306807
14992223
18453545
12264141
12450924
17038618
14295284
17415418
7071904
16621865
16860105
14495558
17922152
10395757
10641700
18295587
12333814
15875674
14040274
13069071
13327593
9119082
14835208
18405404
11429229
15731444
7366325
12736861
13689775
14733303
8656660
15754718
15683573
13208429
11866505
16164275
13962912
13545437
19664421
15531718
12332699
7387656
15041654
14474149
11458923
12990257
16176727
10621935
11719755
10105382
8160745
14286667
16563972
14546433
18161750
14700329
16214181
10844729
17453225
12618847
9350013
15266071
13533625
5225459
8804470
8329233
14137321
10050703
15024440
7720883
8459112
7871352
9923413
5507616
9807459
14866618
11976461
13307744
14795577
13812895
12935156
12211713
14411837
10608633
13501423
16192295
17084424
10649186
14389164
12149482
11763347
13859971
9227996
13642650
8997955
16297863
11843589
13919677
11003435
9511989
9175891
6890720
11237431
18466280
15882165
13996342
8080105
14096321
12342604
17731603
17289864
19707093
9319083
17811188
8952266
14812924
17574754
7644590
9411843
13638907
14123333
12222036
17536293
19830842
8196401
18561391
17195753
17019781
14579758
12813007
14215928
12043851
14316185
18688674
16421090
9173937
12797398
12646303
13178750
17695320
4988886
16274678
5881219
12914101
11940824
17721544
18587084
11504480
16696632
11158396
13799860
15760846
10907902
12657279
12894825
10828550
14735821
9834415
9906356
12993709
4201459
12261888
17538353
10013217
13134848
17749501
16974913
10520301
14132517
10868669
15897294
8670048
16931143
12802611
17532478
9577800
7579083
13382574
10892040
13794298
14606970
12028958
16520761
11407865
14912626
15001627
15376243
14532791
9879018
8892986
17506029
14113778
12818518
11106035
19058661
17883650
8203562
15869832
15112795
10965061
16091494
15535569
11241634
8530612
17494884
14690508
9439912
16409195
15229855
11143089
7153803
18773396
15471902
11750855
6884100
14526154
10496458
9658563
14170702
16073234
10068688
18019773
15563146
16755736
19000893
14295533
14325780
14145630
14202741
12042704
14776378
18420821
16009630
5927616
14520500
15161080
10596639
9915294
15577643
15157544
17475404
13487498
18164878
10377878
17047311
11268605
15307197
13608946
15476089
6996793
8950314
13077805
17065522
5508717
12664585
9946259
13195287
12594912
14756827
10229017
15424608
9073182
16442434
8806728
16660179
19861804
18469815
19281417
17648882
17331678
14922426
11035786
7564074
10192581
10118751
15451035
19620942
16635758
17484722
12634368
13168984
17780686
12570115
13912555
13801694
11236205
16463701
15554143
8218428
11262162
15373925
10508456
12732951
15723566
11801006
14545377
10955645
11365036
14490511
16854314
12621200
12916072
16365095
16663397
10983975
13031438
13943583
11641452
18368417
18771629
14100809
15557654
18802043
10079975
14574637
14694445
12478397
15103793
9310941
14526260
7542022
15448666
10040737
13676116
14280649
15808194
18832070
10333858
14634778
15026739
16551012
16160293
15948813
10356720
11509386
5620390
17811800
15747679
13611932
10410662
12426339
9983525
15658661
8273822
3812712
6826949
11597220
10491623
15233177
12934136
15616100
13127734
14281066
15767072
16959311
18115105
8202912
11836363
9949760
9767250
17256580
13504333
11920094
12349093
14716288
16130133
6487045
11205588
19059470
8927636
19268668
13792864
19262571
16481233
18563520
15093666
14167702
16530180
13409819
16809604
13809714
6942387
16154832
14106635
17704279
10516246
19248012
18267688
5181643
16448511
15501323
15878732
14711258
9715946
8636256
18436428
17281843
10750007
4990003
11028768
12822192
11489078
11622254
8421226
14394072
15673192
13060898
9116757
6866830
11512051
13799621
10583449
17814160
13906994
9835369
16633529
16184728
13798226
12367365
14688473
11741154
11033765
14752751
14403098
13241393
15799891
15453435
13199509
12004762
10194661
6412608
13008678
16577997
14444865
7859587
17448521
16682409
14966783
13630511
11798507
15582566
9913627
12776222
9130667
9019488
8068596
13705706
7187588
7037346
17112054
15082195
16687840
12878525
18267030
7837634
14262820
16402265
16407680
5818924
9346913
14437995
11268279
17495189
18162166
8453721
6511219
10114733
13059861
12803793
19019439
11010716
16103072
12236857
13123004
14275580
5585971
19923675
15079562
11737979
12597898
12514144
7989489
16005496
13185565
14825385
11817122
17504254
17886547
8885566
18097099
15630473
9936076
17067114
9634448
15534716
19128386
6282546
9468660
14238904
12155546
8266535
15396486
12439820
11604722
15708931
14076571
10170126
12478917
17035039
12126808
10936174
11355842
12648861
15548480
18128702
14301870
11931389
4556258
14571019
15636639
10861773
8761026
18129298
15923662
15593519
14616444
15350198
12567824
16692781
13458751
17655902
15994317
17778927
13084806
9258159
15119242
18614806
18248359
9428136
13005355
13943226
16068060
8413743
8277807
14969095
13945371
16822868
9950594
11840058
17842689
6814862
15169623
6812545
16054062
7487722
6586650
15912844
14269974
8908034
4990908
11920246
13181295
15257305
14441005
6076605
6755104
11996255
10038254
10738009
17844204
12067536
18576338
16270424
14079801
13202830
11123456
3885379
14780856
10242532
13433798
11157806
14139939
17774166
13003212
15622049
8744575
18368272
17538762
13979793
18187737
8785376
8640811
10526339
14086218
12941619
15575823
9913581
14961064
7712419
11666834
15494226
9864644
14376474
13293943
17219596
11789639
17256294
11801405
14421697
12017340
16970327
17470167
12337579
17553338
15705396
19217696
13467674
10993726
15629679
6522896
13277660
11930335
19094582
14030990
11612544
15627063
10917360
18303427
11052754
7732587
17087506
15765342
14830674
16807128
17187952
6582408
18240407
13888505
14515904
9708376
6695618
11037314
16358943
18276562
5155923
17084918
17963101
10792924
15310784
11089810
13389992
13352420
15848449
14107630
16824875
13868103
12575949
15527272
16886180
14945283
15803177
16254264
15820304
6302391
13180102
15318820
7942952
17575149
14657682
15521672
9926977
17190643
13561172
8549509
8517688
7349388
5511735
15374009
14551283
8437376
18195442
12199716
8321081
10149815
9912971
12865853
8981349
14922873
10837926
15104160
14500552
11105005
17739252
13219425
17715521
10947622
13621787
15591063
17791764
14379270
14055272
11046595
14596098
14271763
13076861
16865169
14076869
12444794
4233077
3103946
14404813
16013067
13969573
7956880
13814505
19503283
6277074
6112637
16844105
12804276
14287597
9755324
8988020
18439437
6067172
19140657
12179713
17122522
12805543
18194509
16835912
8781504
12547813
14498996
14638567
4021389
10170131
11484279
18168812
9965510
10137683
13982395
17565005
9282219
7536578
8806300
11975263
9219143
8452802
15456490
14164925
5719903
16977420
6591490
18242933
7896467
7469141
13756838
16602477
18973538
10622372
8313162
11443741
10455819
12971836
12664924
16951107
13035546
12407336
12029409
13399140
9603130
9361030
12107211
13260140
11468849
13850240
12668635
17839749
13923537
10371962
12824479
11776957
16159422
18020551
10833017
12406057
17000818
16840864
10734614
16235503
14113202
16766730
11106983
17343362
15973961
15931153
11736021
12584732
6466476
14011403
13830353
17003481
5541403
9234543
7154018
13677458
4540404
11669356
9239832
14686250
16087234
17165480
13170931
4741900
13491354
12753777
15770685
10856572
12742204
14534550
18229085
17840992
16395491
12612702
15391498
7340552
11339934
15461355
13853096
14140945
13113085
12039204
14180743
16546494
16761007
14430990
11428694
10889682
12381045
17627001
10560171
17060765
6337680
9496300
17829813
12633995
17080212
12417403
15066794
15580979
19031145
9111454
13185756
14859320
17956870
16779291
12890512
13199922
11433710
16478553
9096219
14364355
16128759
18472108
4502487
11961374
19057884
13142156
18675402
9258596
12942254
16488424
5790524
16297157
16794312
14673901
18104789
9085063
17396702
12361760
15879499
17505457
16643170
15651116
11782533
11069490
11343515
15663319
12883162
15270508
10937715
15469115
14482368
5093508
19000765
13428774
18175442
15588979
13775631
18990725
8365325
11348006
11756153
13147133
9943918
14523487
7831315
12123303
19009322
12786117
19301572
16589524
11732210
12497624
12360440
18936402
16213982
11210532
5569748
17667124
13766937
13196090
15988206
18934885
16915704
10672155
13429634
13955637
14142017
16521951
10872238
12402520
17338043
14683323
18450210
10520846
8131599
17535311
17807260
5313997
15341128
8748755
14737731
14341529
9982777
19862805
12244489
13466996
8540718
7068338
9498247
12121575
9275495
17356200
13233111
14761023
16099392
18227374
16902575
14948647
12752919
17931492
16363664
16813572
11801673
10979499
17768353
9940655
13319307
18041333
13738845
7817162
15198940
15650136
15315372
12007738
11945769
15576144
14593495
17818568
15614825
14455711
12887831
16441377
8047476
14639440
15112653
15300025
12988822
7744554
5675610
18086649
17066694
19532064
16267530
12859672
6745931
12305515
15695401
15157880
16445943
16524524
16018275
12147571
11509587
14502610
18562005
17474030
17764348
11073419
16150758
14980888
18003379
7861966
15523130
12816092
7575655
17517466
18631070
14860349
15050082
13428348
16782745
15289482
14494211
13474140
11077218
13023295
7055489
9217841
8511831
13201020
8609947
17024492
12366324
17249394
17688285
12133916
12053964
17377197
10014241
14403321
11744226
16657891
13492899
13305619
12545136
13995148
1702221
12652973
16755757
15676619
11075643
14426098
4828860
4880840
13256982
17664104
7982141
17705293
17781950
17141896
10107369
8867043
14898626
8658700
8877839
3694964
16464267
18388245
12277039
14602034
11398702
12694651
15840427
17306550
12152648
9935590
8160828
16172428
13794877
4178122
16255033
10705544
16129260
16860217
14382250
10859738
11203066
12965824
19721276
17277777
8121143
17622117
12229732
12903548
16611744
11056474
14384405
4734744
12374436
7624744
18419331
14946244
10775490
17784518
16265923
10749533
9181825
13572574
14552002
15649913
13351453
11379774
9435578
17288614
15769380
16192850
11365903
15853048
16799258
10983271
7737474
17135762
15855745
10406642
10703658
10836559
15030125
15500192
11997987
8777166
11279209
10267294
15184297
16260772
15448886
17310346
16582379
16603987
7942637
17859999
12762830
15514202
10133138
11253856
11407818
6628323
14158114
11062380
9183675
17723039
14136245
12547343
11321597
13786570
14578532
10150293
16907850
15547419
8952710
10162133
16873457
19072955
15054345
9230915
18111034
11536916
16033509
13215267
17451196
13270692
8784067
16454844
18488780
17507893
12066312
10831364
9139779
12031885
16529666
17174510
5073001
18450423
14472725
15199426
14581160
11495093
14168784
17193443
14204711
19393938
13764518
10425710
8150946
14355104
13235405
14821120
16501296
11936520
11464292
11991988
16665917
12703465
11594545
10051097
14864511
17567189
10557747
15351998
13478967
13855723
12117640
13585668
12364319
13708625
9732207
14620452
16531007
13946293
16998144
16001642
17619977
9009371
12570599
11221889
13271213
15769789
16123614
17636860
11024962
18824345
17951920
13770916
19168539
15171367
18287886
17895240
16862456
16316875
11837155
17739186
9293771
6757779
13829371
16009153
17271861
9938674
12609469
15293280
13095553
13577095
16030477
14940389
13864388
15507389
12362411
15984674
12529190
15638853
7267719
13135930
16301203
9035435
16577249
15680848
10638692
6024318
14695942
17155493
11574829
9368824
7440424
18017576
13799744
16129272
15855986
14515977
6232030
12337237
10750828
14895620
10303094
15531303
12848065
7330182
10887252
10394962
16701092
5793390
17777470
15761801
13919268
13261668
17021664
18276898
15338075
12772344
4983690
17988996
13634670
15338861
12564728
17273611
17043766
15996553
13294476
13733345
17294765
15166785
12604672
8899987
13660704
12055856
15767277
11634629
17856518
17042190
13508684
10750845
12805009
12471210
11205790
12003095
14097016
14337623
16357758
19104696
15102692
16404622
17981240
16842169
11570347
15867039
11533044
7338632
8005706
14721185
14618768
7829706
9304737
14736329
11409164
8171964
8310690
16970650
7499530
16717616
10604875
18753781
16444821
4977882
14636249
18083719
17639159
8628520
19605068
10117721
17307889
8811276
12687843
9324044
17830312
10372748
12092867
19039869
11534021
14118919
15098150
14219721
17376750
16573889
17464464
14761928
16318794
19550206
6211360
14823812
18019490
13462353
15834272
11755628
13959827
14337947
14636191
18319979
12249027
10652703
12671043
10197459
12858197
13182342
11782408
15150000
11158943
12371235
17546048
12917941
12014520
9504990
15028174
17002739
9790689
11724716
15494131
13486430
14812295
15575109
15705435
16174590
12937111
19080546
11962081
10890598
14575649
14832235
5342403
12297268
15959325
5287290
11743418
16083507
14123533
15319725
8363378
16350849
3090575
13705558
15690671
9508455
12429067
9204264
7356190
13067418
18491066
7800647
10540086
15121827
11541601
15133741
10427965
9860468
19568946
12242521
10448924
6441755
15856768
14171427
17723925
14726436
15769299
18708163
11380835
12320272
13877251
14734020
12963626
16884612
8103770
16314095
16055984
14374911
17552758
12229865
18955040
5617247
13601957
11696507
17337583
18660742
19263092
9474963
10143928
18469417
11001377
18205077
5311982
17285177
16104771
14190820
14857350
8503300
17255850
15534654
14146839
16276721
10722157
10047703
10723700
18447200
11569676
16031341
15845907
9330614
10733210
15143633
11469413
12319100
11687539
12081717
13331013
14510487
15302459
15535425
11645029
13015682
12518410
18575498
10947184
16461849
15588646
16835770
18765109
11692934
16385209
10315111
13747458
13738775
14300845
14885849
16032385
12059401
16236234
18617874
11281062
16416341
17998644
8406825
11405639
14288731
16100359
3563256
13573635
19580552
16612405
11530505
11504926
12217705
11757759
7217977
10534510
14185238
10275138
19157601
11004897
12345578
6981954
14226005
9585634
16037955
5449999
5192892
4407363
17209254
11826398
13894644
12906539
17252945
13897625
16510591
14407544
13301504
5427550
13944911
11347358
13009622
11351682
14627100
13444323
17571563
4656558
19845556
12166194
17751132
10459485
13394912
15835257
13814075
12111769
11513907
15126962
13956188
14624379
17563137
16612869
18857783
9183856
10170110
7998938
5687058
14452223
6695882
15321731
8349503
8261870
13981657
12068459
13546448
14921479
7143786
16763928
8869010
16973570
9388666
12675638
7038615
12840067
16477090
15166395
15253293
14102303
18982042
13011563
16232506
13380609
16347106
11631400
11263489
16732968
14460165
16863256
12518172
9607083
14916032
17856111
16447359
15281478
15559685
15489539
5094630
10744135
15250561
18239169
13908619
13382560
8913844
9205843
9205619
7751539
11872292
11095083
13953940
16268978
11009573
16709274
11578229
16330536
17606881
13638065
13325858
9851598
17606550
15226030
10579897
13503450
9367577
15365593
12699815
8765468
17277395
14489453
13003727
12927682
19872038
11340342
12594069
17247262
14974091
9255292
15607693
16600956
16290795
16519065
11850617
10580037
12781792
12065958
8922830
9051787
4144972
12793524
19400374
14938596
15432624
6688996
12915330
19249849
14445048
15935343
15465981
15075478
10715844
12679368
14857261
10885941
15897078
13756114
18353624
4691417
6645463
2781400
10930783
14533257
9671261
18011122
10908522
10745334
10206530
4978523
16415623
13098868
15374798
9620346
17232743
12645771
14414410
4733855
14229163
8952540
11065031
15619426
19893865
15280218
14782301
7745415
13214161
15722573
14067677
18247747
5624797
10427533
11388925
8409587
15444693
15016326
8748455
6521369
14364577
16049523
3689972
13832177
10186607
13187007
6309823
13827076
15205650
15814349
17658656
17883456
16085642
15232586
6720493
13730768
14434117
12831175
11377546
12750799
11642459
17792151
3855033
14276217
18186718
15187600
13521110
11667559
15665242
17534366
14720704
19553445
15532005
13120648
16588942
5098419
7244493
18698164
9257696
5487829
9432585
12385149
12186709
17580360
18165668
12755932
11976562
10393555
5166541
15037570
12780293
14837243
12202546
13893907
17552630
2730289
17411754
15828706
9495462
15278340
15770173
6201809
19392516
10264372
14414146
7464890
16240007
13335786
13351070
4233601
14801434
14357465
5469635
19505979
8851135
11395386
13368981
10488276
8778210
18115104
16657551
14647741
14568181
6407354
11978467
15349355
12362513
13778375
16288120
6565615
18451265
19042719
8020175
19152330
14527358
14489137
14334963
18312195
8198417
9781648
18210064
13198360
16949773
18077100
13330019
8366270
11146821
15509166
14662887
8943613
8797110
2871627
13857408
12590576
10501394
6978909
17448694
17193941
12856733
10874201
15075814
15207284
17327228
17266858
15523885
9116192
16209532
8070506
16130446
5708744
15290350
12765726
19403196
10554701
12181016
11630438
11683945
9342288
16327388
11236955
17518443
17217263
14426779
5429599
15222906
9914737
16777191
17087638
7586116
7618389
15506628
9379291
15687352
17163933
13583557
13924723
8106274
10291199
12773461
17940915
16911277
12806444
13451152
9930278
14446261
14675249
9094201
14962307
15291259
13490837
12964982
14139076
8339484
10182649
11952147
12434080
14179098
10124179
11818429
15626491
15108492
12416136
18110834
15911615
7024661
17169860
18471758
7843484
17884562
16483043
10644207
14634586
10927043
19816287
12449907
15482585
8749017
14485181
16322188
14313755
12077459
13265258
17361549
17248594
13734309
15490061
8330398
14336442
9288059
11625882
17665421
12733782
18877850
9735645
11975373
15162706
11397128
16841865
12866284
12884964
18274487
4558628
11536858
15041870
12671376
18225035
14865730
10652783
13112103
13913691
15350289
15800755
19014744
16526594
8927831
13476053
9421566
16691337
15939333
16147773
8119621
15443604
7333947
11390952
17468898
14485619
13415642
13988005
18101819
11535703
16194170
3479277
9058255
17678814
7753836
13142447
13811539
17068636
14998000
11807067
16974332
12644123
14394020
16713032
15459132
15532454
14473445
17567828
13636115
13970425
13504406
15550224
13392053
17375899
6744465
12453783
17618586
11709620
11976735
16242046
11293609
18143136
16256531
11509725
13385144
17383925
10804909
13085661
14564877
11214971
13464180
10652077
15015539
17274481
5709748
13310653
18303558
15807860
7870944
9155014
18892980
12709642
6396320
16427840
7912863
15707002
13672610
14076746
8297903
10741738
15762601
9160571
13635966
7781721
16489471
14687884
18037247
16875429
13336745
12931671
10651565
16241818
11856930
15419191
12164717
8923433
9412571
5000325
12081068
9625456
15141422
12013012
18671457
9712030
16480790
14162785
19297613
15887721
17632954
12122790
13989662
15470555
13237768
7533889
10137243
16988028
18031315
12006433
8614598
16847293
12527654
18267217
10253999
7663367
10889200
10140761
12427561
14193210
8648500
13320368
9875030
13964764
14215498
10073794
15919090
14633802
14128072
17425087
11468506
10613382
5066303
11565428
17344355
12621489
18537477
12655819
10988718
17393812
13406101
15297080
13526963
4120464
16371923
15312635
16141992
13020836
14933914
15088153
14268267
10731916
8791231
15905516
10227860
18402188
14073080
10462329
16529849
12005158
15594259
10588602
9689181
8307187
17755046
14778340
12198708
18514825
15738643
13452505
16170559
17943594
16733916
14480659
17497805
18396076
15434058
14780763
13071898
13803216
15062366
11163629
14000490
17154472
7645982
16547070
18569500
12520131
16702899
12943148
16444342
18211851
14582140
16779666
13105146
14433272
17153770
14709848
17455732
8602549
11475902
16023818
8643380
11469168
16146064
14946241
9375299
15956908
8433600
12943192
10459401
17834590
10766729
18176119
14623819
11735959
14622244
15295620
13540099
14956016
14807750
16494384
15645389
7400390
5265075
13882676
8717657
13239429
12630352
16788457
9317165
9741483
15771488
16207395
17805138
12855230
17602455
9481794
13281440
8097861
10087740
11566831
12872828
15420887
13980507
16925149
15299551
11498798
16715061
16596872
15781435
12871514
18753432
11852085
18759721
14648217
12427713
6786880
16049822
15192609
19241590
17912083
15098242
12963058
16008079
17632801
14255579
14387471
8289070
17661061
14947912
8589335
11451932
16803087
4369517
15216832
19134753
19132035
15407314
14631755
17035284
18577411
10348237
12395173
19184436
14773452
19070160
18475615
3652868
15960194
12786767
17184137
7181242
10984711
16812498
15579520
7355495
7141240
14656204
16435765
7788347
7464338
13075741
11221419
6318331
15987507
14595709
9471344
8757955
13516211
12809987
3684015
11062872
14569394
16987381
9933338
15403464
15187557
14665414
15428994
13431089
9131993
18126511
17307585
16955177
15833282
17292241
15023702
16891728
15832973
17356883
14321685
13838621
17659353
15791322
14903426
10692188
10914766
9274506
18292513
14715646
17134994
10705829
9687221
10744919
10775614
15030393
8842565
7479226
16902329
14716302
16159998
8015084
17411737
12825811
14917159
11429312
10012321
11526818
11903851
17557282
15939196
15400526
13580954
17116642
10706046
13778878
15568785
14812280
16132331
10125114
12062383
19454115
7142139
13716204
15968809
13890460
12658742
9560112
15534041
6084034
8888183
10620457
9652906
14641031
12710441
18702767
19064786
17404872
15520129
15717861
18197300
19374408
15734991
14569824
3752818
15927254
9431094
16934335
12302545
14556322
15146294
13858193
10111732
15693001
4104015
11087064
7401286
11171795
5639969
16378671
17090326
10844727
11849102
6172186
13612083
14580791
14371966
16225316
8685410
17471054
13444027
15010063
18364015
10334521
11855387
7113034
13024662
15410729
15966589
10639152
12558764
7875101
4088408
16462255
15692819
18277356
10543122
9057192
6479278
13567801
6919248
15660773
16897055
14391344
15980633
11799020
7131780
15547990
16405183
7534329
14645857
15024601
14228116
17448362
17793224
14601255
12657683
12928630
13870613
14296951
17204378
15538050
12263038
11118031
11157318
13914654
19191732
10060648
13390287
18458621
16851514
15258981
11704878
17899612
7439188
14983541
16393920
14942891
10479202
9642036
11018910
9684102
15903056
16257186
16408660
10536387
14020088
18457328
17881486
12408990
15011983
16622252
11163106
18480181
7986982
13922751
12610661
12172224
9778406
10302444
15263563
13342853
12153562
14524996
16290643
18575693
14630148
16156014
6355299
17157471
17769891
11458145
8821660
18279073
11491348
15547791
12283399
12074412
7437433
12808883
15368572
10757497
15560527
18062333
14459710
10001528
18751654
16449593
11950218
16681128
17961276
18202132
14940745
8496062
12349908
15048000
12663874
15083480
16861894
14077186
15986953
18225776
14290945
18825797
9248074
17317428
14048812
13392487
14411005
7203943
14765764
17424474
15573950
8325990
11149982
16266001
8395802
15940298
14118180
12555350
11519626
18024282
13213312
3319243
9302930
15698480
12160220
15171666
16339654
16150664
15091020
15081840
8556565
17375214
10535684
13638288
7749967
14506586
14902155
8815304
3727628
16507367
16676724
14624604
13417381
19656796
16698797
13219125
13197699
16440224
12341282
14943996
11024172
15509077
18776461
18474786
7654645
11786534
11159279
8560185
14223608
8380121
14791122
17726179
12513607
17010236
16224806
11259109
16833721
13107596
14164904
15142470
5836789
12069189
16510969
8743881
15132821
14031411
7704578
17560920
15975116
7646049
12347192
8427104
14268989
12172353
15085334
18334017
9403226
13149781
12547522
18791960
17773778
10898136
16102011
9053303
12327924
17971481
18052688
10224393
12302600
9579867
8618748
11367305
8490346
8901928
10197867
5338269
9128532
12596537
10608635
11543728
15379541
7337447
14264675
12918569
18927995
16973010
15825567
16422626
7506865
14282183
12288395
11223227
4085668
7897520
8267473
12858642
15532229
16952843
10039095
9400814
9626134
5035651
9940546
14591251
15333171
10038314
4161502
15985533
12232980
16687811
15845270
7580996
11558474
10277802
13267911
15531251
14112856
10434882
5014664
16655699
10399142
8376622
10769857
14110666
8951779
14207917
7501140
12731969
8098905
12759392
17121149
16684051
9842258
17610160
17289501
15555396
10565851
3676637
13125642
10652232
10620721
16376015
12068943
15920011
4484133
17648806
18289988
17533346
13727116
16913613
7748016
6840748
3938934
11533160
12797612
18362924
8530577
11581172
9303254
14748405
11592212
18467097
16342717
17664731
13365043
18012174
18116743
12197286
14556147
13238076
11592918
12099797
10476348
14532036
16520098
16033654
9393555
9314773
19170849
16327749
3851042
7191760
18719495
14321791
13567144
8995338
18312187
9591644
11487868
13576322
16766489
16098789
12690961
13680275
12489001
18927347
18596425
12292913
3889753
9847160
14104885
15414147
13512626
15397501
17945060
19032752
17506181
16459706
5490705
10494518
8102645
8043322
16505450
13595490
18951907
13049238
10504222
17667827
14854217
11525047
18100938
10978308
14501825
14716415
15434664
13483004
13186210
7119799
7149856
15440696
14982206
11890281
8194465
11843383
9876481
8082529
16841387
13336215
9886930
15948787
19279519
9590610
13920873
8299700
16902617
17913033
17829142
11517504
12911537
18097481
6703823
6801517
12731119
8420415
15871897
17267792
12554514
11653382
15231011
16839370
11347019
12523683
13498475
14311930
4095144
18912168
16606891
10980355
12887263
12783875
19047780
12080162
12988963
15556333
11807985
17786398
14736162
11260224
14728091
13027198
12891881
13320154
10820613
11846451
14734415
10978866
11240552
11720260
5139574
12161315
12803103
11881830
14137289
12922423
9032444
9509383
13980853
14854480
15562420
14012657
9374538
16003063
18124832
16000744
13560332
8879212
17991758
10631736
16172847
15180750
15815238
12757365
15647562
17598347
9496884
12148970
12259870
17619518
14384444
12433374
16088571
17338511
14187621
15079543
11098152
17157564
17773886
8645518
15523095
17206286
7447755
6574150
12946483
16485956
9796733
12105937
19204749
17375363
12968117
16515525
10811175
13650564
3768699
11100413
12067448
10867098
5672275
19278627
12285410
10228157
13842170
8991635
7299119
8701147
16498298
13934902
15816979
13914470
17165626
13635692
9488375
13238944
11523501
10405589
8646357
18876398
8811256
16852114
12431503
7862932
9827085
7849294
15029044
14121269
17786616
15918939
13178454
16257482
12215749
14568855
16501272
13101457
18226168
14556503
16702474
8288374
14361868
15186396
11909590
12979760
6385646
16690380
11368866
18647278
13631024
11225055
18435166
18964370
15606874
16448410
13113025
16390995
11885673
14874542
16705488
16174861
12692181
16182593
10935948
12649496
16863725
16401975
17974081
8521835
14337766
11662646
12948391
5356374
16802747
9965286
12541569
10155449
12312309
13156659
15690413
8623504
9033067
13666577
13226900
18194127
17472560
13617202
16293393
17170086
19132201
16774936
16286691
11050106
14212966
10887486
9734112
7433067
13801395
16703995
7262475
7079793
8447256
15903344
13154157
14113632
15890568
16236920
11015238
15643641
7158910
14914473
12504123
10814209
14843833
14010943
16615687
16686847
12951722
18140135
12486997
14677393
8025334
6726528
10853009
12486335
5759930
11250586
12063960
10113861
9207615
14544511
19343720
16730330
14648530
19503528
8608019
14265039
13016937
13920961
10152834
14786661
8732940
17337767
9652441
5806616
15594929
12432942
8913599
13717406
13630837
17285172
13584856
7623094
15802576
17549814
11023086
18986415
10172477
17281283
14725903
11981545
19121522
15485090
9438057
16824992
17804042
15788210
7745181
9769913
14129942
19340184
18801588
16133361
14057668
15436880
15644911
17189966
16786752
8895743
13019848
18863552
6353026
10742620
16228798
10778126
13132865
6997863
10661668
12350236
18781669
18991871
13169641
2946078
18442371
8798457
17473673
15824575
12218544
18352375
9897993
9184885
14574287
6769865
7748812
11343851
8840876
11005910
14203428
13325998
9079348
14509313
5681712
17803904
14706973
15813196
15539273
8215850
12172448
11971720
12580797
5793923
15013268
10160813
16564149
10013265
18714097
13926850
14016858
18410921
16925041
13948852
8443180
10878641
9406613
12506374
7531465
15288943
13473413
18273220
15570354
10121182
13515431
14964660
13146945
10231859
7100195
9742046
10614409
14212828
8881420
9149644
10331695
16805022
11701739
8457847
17293935
6578939
18964604
9452618
17754468
12370445
13826797
16555507
12328052
5909778
12315809
19336306
16862572
16172063
10599742
16208666
13886834
5989402
12377822
19224725
8534266
14447084
9541543
14815167
13934789
12910614
15663450
12169124
14863468
17475245
13259647
9953210
9891736
16844215
15656493
9062094
16409709
15595915
11810527
14652921
9119854
15323623
15978032
18993004
6766892
3976341
8995072
15457472
6089849
14096779
11618217
12160044
16133378
12047051
16155771
17502813
16572067
14944224
15916586
7547236
19025817
11693031
11433626
12911748
18060854
8883454
19676467
17470064
12608960
5172442
12302789
19065726
16476959
15988074
17302054
19480633
15921335
12982942
15855569
13508903
8478172
14784153
14554198
14700078
15809689
18770958
7784870
18525019
15600723
12295116
18589438
15026721
10230314
11538750
15828489
14465648
15501652
14008551
12868489
18372491
18314343
9925898
13791730
18481206
14340433
9697777
7171555
10226470
16684604
11375599
12619465
12530554
9807932
16440801
19190851
19292558
12677820
11606350
9795730
10939827
12780611
14752570
13952557
10310571
12130609
6492761
7917379
13048512
18315852
12929424
15346749
10449064
12839068
17775116
8929782
9102404
18371758
3363190
10873084
16929701
16720735
15985404
10165523
18730734
12232333
9570440
16322146
18518733
6808941
10593531
14317406
9797547
9898229
14159460
10729086
12481561
16922072
18087251
14650233
17368649
13897258
11357796
12418857
14641637
11266415
16168589
8731747
18405273
9373503
9337054
7605864
17758045
15643566
17768186
11043183
16299683
13590455
14284305
6342531
17379330
9074560
2941044
17915657
11775328
16763219
7638926
17565597
10875942
14353127
12512920
12213039
15415187
6770503
4280439
10000422
8452907
13941433
11878535
13479393
11765978
15195293
14187907
11483886
11121017
6915521
11377598
19142340
4710677
14583985
15261939
12632930
18432947
15048976
16739213
13385802
18723898
12430081
12390249
12912795
7773090
12821993
3068425
17307596
18240274
9716538
16087008
14915571
11317092
18364172
16507651
8472029
15771967
8320345
11183234
11826150
8161074
14433091
13810457
9400750
7910875
12082467
17379929
17860975
14253536
16037344
7306260
17917667
17689623
5245128
14773784
18175948
13200212
11406352
12021570
13452122
14436433
13401787
13428633
14479933
18156522
11818048
12665276
12173129
11893627
12370585
12390290
9749867
9463451
7993917
17487421
15296800
14696230
11301618
14091285
14739661
10896198
14554372
14274673
7620452
11001412
12654601
13421882
15009226
17929757
14673098
14957148
9147171
17288787
9322419
12289854
12485291
9444571
12719033
6295615
13433814
17349141
15786314
18810991
14619238
13228736
17174754
10415224
16206676
14890790
5529756
11219789
13461578
18806224
17139783
6513064
13801890
11092362
11300100
14910757
14801012
12081637
9574662
18600468
7385151
7529525
18000310
7059346
16170769
9129124
15233608
9772427
13765104
15564718
13982518
11569768
7318191
12429823
16831026
14095476
16179916
16436853
6636858
14374806
17296195
14324922
11247112
16338159
15162407
14563245
7568662
19133084
18107235
15870952
19723395
13653091
11889051
5745633
14036107
15647295
18162649
15858903
11311734
17433120
14349668
9480665
7692930
16874911
13819741
14016164
12870316
7002206
14284948
19293772
7364867
5098740
4605255
11428544
11502289
14765526
15029826
18733389
14283599
17718179
17409265
11262045
17973658
12444108
8640485
18229188
19420985
5041291
8669057
15165443
13439231
14838558
15968119
9740167
9372954
16021883
18329794
13531689
10000651
11718680
7523833
9476760
15077758
10720854
12476701
14014597
12163604
7949559
15293553
12782827
12873252
6669714
13230994
17067073
7312188
7598731
11598560
12348685
17242170
15294831
19188412
14938717
13759973
11477551
17695809
11350476
8926806
11761241
11533540
13854141
16277250
15901348
10982355
7524658
6622003
16618931
12134085
12838273
14376896
16915845
14493715
13244287
10941556
15330056
10423413
16785773
16602902
9814998
15179233
8967138
18220348
17215285
14082322
11921390
12196912
10901317
13961551
13776338
17338087
13581179
17138769
13474320
17873137
17530326
19189495
8563654
11601636
16198902
9680627
14696081
18555752
16654327
16666946
16866599
19165435
18537507
10321031
16666868
14803782
19073480
16730027
12478720
11429383
14243358
15490344
16934227
10367221
16996879
14439237
10093374
14158404
15052889
14877032
12580208
13343602
17587244
16798945
12395406
16739051
15198333
17984603
14313022
13138140
10745431
8307714
14814293
12996452
15565159
7608492
15792022
15909986
12272944
9298061
12853706
14723738
9753568
16526510
12366204
9363464
11885375
6360335
5895585
14013152
15562452
14289280
15299977
15922308
7557301
15734578
12858623
15061926
12197931
6901015
12417887
16678318
16768499
17413619
16453402
11065885
17067223
19449431
12744117
15455346
16861416
6890579
14213525
15340021
17897587
14746984
9699225
16995898
14464998
18268266
11846651
12342514
5853478
8105998
18062639
18653399
18624883
14008059
13205597
12007803
18835423
15655160
16564288
17912142
10053236
16172758
16374279
8807803
9858018
17753148
10786352
16345075
8745683
7139682
13666069
17304977
6596775
17506786
12457381
12721672
12536992
17472953
17763627
16914948
9871279
15405811
16535653
8936099
16810600
6259939
12135191
11863016
13437167
11890510
11625401
13920694
18203187
12098737
11199853
16676254
5810306
14278708
13631137
9375658
8370154
12309059
10570205
16930425
13846104
13890346
13350101
10034227
16867396
8023048
12966046
11147112
10698846
18579167
15661421
12891457
7453498
16853123
17102152
11058830
12765483
9290456
12712924
17240916
8069312
14446698
14656747
10872975
10754982
3577350
13597424
11759655
15765047
18792067
15603573
12875364
8849890
16336450
12540856
6113243
10445954
13910768
13471441
11887573
16798790
14428138
5694748
13427793
17876067
8320198
15927209
15212829
12826083
18322363
18729162
9061704
8345032
6482330
17737043
15701460
18548376
11462456
16789166
11409128
14555871
10733637
15639755
12586488
11053391
10571864
14829819
16999472
14646327
13189106
19071579
13109378
7437474
19460794
13452072
10928667
16829640
17749970
7905748
14601413
6947151
12479689
9584455
14037178
14761295
16043314
13401099
8816261
12424735
13735546
12410946
14383085
17934878
8860806
8860243
16046693
17468970
15531537
13922201
16878797
16589428
18829259
16548344
16359707
10490398
10271474
12816029
11713813
14288395
11661479
10411482
13772605
17460028
12402272
13785037
13046750
15189456
16598796
15312528
9679729
9343421
13783092
6482450
17069733
7010849
10718572
14861288
15492176
13738911
13528926
7299599
15160118
4146156
17211050
16035182
11145976
19622271
16696681
10531845
6587586
9787444
19233096
10537790
19055979
14783807
15256591
15536072
16699316
15187696
14442298
16820974
9668713
8681280
17847233
14321478
15591593
10867461
12281074
13637715
9823706
15763997
10624371
12727910
14704556
11483311
13598030
17151484
9745079
15468123
13407693
9175360
15513913
13853853
17974232
12463967
5307154
6799351
7691815
14020835
10017586
16379040
18467383
7786929
13915477
9813480
6748833
7114627
16277200
15123709
18258508
12931816
15681123
15196022
5926165
16296092
18317920
17666809
8034472
16909358
14849269
14559679
13260772
10806924
12496008
8791221
15201835
13605138
17274044
15385634
17183069
12069894
5142975
17391306
11369830
7317820
12234633
9743060
19156911
3626019
16022126
5771685
16745753
10624713
13748108
8943429
14526463
4991608
13257433
13661313
17059336
8780082
14603432
9214295
14773398
6603792
15741941
5515343
15025354
15490473
16307730
18588510
6975633
16917266
17748566
8707574
11387717
16525003
7856420
18166143
14080132
15288704
16525972
8096920
14455151
10303907
14847771
14038367
18809580
12274438
14522548
15167190
13177089
13327096
9178229
17252341
13207769
11118874
10469741
13275394
9177504
12969532
14701369
11082882
13817677
15772831
6956470
16778370
10018283
12966559
14110403
16736190
17979630
12529421
12441983
14660956
13729794
16223954
17546257
9190978
12725107
16867967
7903708
8884766
14696282
10810182
14375250
13103436
17313732
18316330
15089858
13052157
16153663
10940724
16609453
16794264
18950134
17242317
3818092
15045582
12731985
12286863
17111777
14973777
17662518
14936838
14499159
16580079
13981117
19356105
11660048
14252176
13517934
8588887
10734157
14189524
15880306
12167386
17352271
15902499
14318792
13057976
18284153
12462820
13283547
17239148
19017357
18706464
11716701
18980534
7709989
6072007
9166103
14272860
12274383
7551056
11843202
9508382
15338505
10134550
14057040
17656900
11501202
13732912
11634438
17463738
15005958
15965363
10883757
10866390
13038830
15532787
11536776
15245389
16515168
7914763
17156066
16576102
17267886
14047470
9706132
18311368
10873997
16238710
6335493
7119378
10369454
15935852
14102760
16737326
6481473
8558472
8897122
15933678
8173415
16450174
16218206
15019408
17178306
12835982
8264497
12127430
9316921
15844734
9642907
19580707
11724701
10161822
15168586
9441187
7665783
11066205
12802334
17486028
9702345
18502172
13404201
16375229
6931383
6881188
9355196
15735069
16602990
17496958
16265281
13608407
12083169
16243771
9469783
12159442
16573383
14233714
8967387
19010829
8457557
13139518
12635753
4323553
16291542
8764202
14968888
13283275
9692190
16432062
11547231
9757556
10651289
17411350
13444151
18291681
11678356
16866167
16930839
15563523
13987471
18030273
15171047
12982025
18393148
8391920
16334359
16281932
17079766
9825596
17144741
16424670
12994999
9849283
14027126
13981861
9060234
15385890
13144068
18375699
3698007
14573509
9586864
10909136
12575093
10994444
16840682
11760637
15396714
12289701
18176129
10301706
16501851
13684977
14177749
12715939
15549217
14628227
14072565
10447203
8902783
16394994
7917767
16325884
12492213
14688233
17411912
16972434
17661287
14847795
10816297
17585853
15219408
11205622
19546993
16543118
10131301
8891519
9907555
11990467
11942921
15545391
17970687
7227238
8276704
4562827
10639557
18513006
15856525
13161294
14425814
10853412
12611401
18012342
6671114
17423430
16763336
10773944
10767057
18691436
16811591
6224623
12312830
11002501
19282864
17245633
9855185
13706514
9861289
12237676
11091591
14297403
13542905
6688999
17378297
15008951
10417800
15415211
17749332
15498856
11380017
3781863
11607092
12892763
13191092
7709901
2904662
11818215
17475624
13746000
11758858
12947466
16466433
16353303
15247251
12309306
10395812
19036745
8271104
16743344
14657266
10144873
17283582
6968623
9192950
14673760
9669670
14626154
16999845
14624045
14311871
10727766
15660727
15105316
11971954
9819698
11336524
13563743
13552493
16876374
15144472
10187998
11407114
14300273
16484520
13883419
16836811
19150709
12328626
16880143
17176145
15245654
18640390
18880093
12555662
10864919
16980487
15041798
12786872
11514747
6498119
8584655
15686188
17714148
16562145
14418669
14889288
18598985
14342157
13068431
15468588
19250111
7405899
9197706
14217681
17127183
15738183
11453016
14455706
14252770
14385353
17841010
15209461
7556551
16636949
8367425
8629729
13754246
6612264
17300296
15150124
12486244
12983527
16706302
6145309
15482214
9751517
14666882
13309763
14866632
16037770
16157892
15383618
5987016
5030838
17621567
14078303
15354171
4570595
11256605
7696474
3897287
16311642
10202044
12875926
15823839
10282527
16278909
17195650
6577869
19027990
14461509
14575629
15878738
17888687
17667107
16592965
15583935
13149896
5269535
10895331
9432479
15676580
13359484
8850411
9169856
13073843
17496339
15974512
16276412
12301122
11609487
10073200
11778273
16551506
12038943
17414154
6324909
12244419
14354257
14973789
11172534
6432916
17265185
5119616
13101431
16889927
13716605
12712078
19095967
11471092
10029885
14317201
14887900
12094299
18449954
14066123
17958429
8577030
17374585
14502153
17150279
14440239
10016736
13872237
10765476
5431102
18656733
13944150
12431982
9704782
12979558
13996451
6920461
17719133
10943558
9121349
15043227
11865254
5000582
15946141
10877247
16356483
14846250
15341418
14142604
12604392
13874699
15602402
17629346
8479363
13311347
15834564
17377294
5820394
6238900
13577140
11756938
16847766
10202003
18157035
12615506
17299792
12547624
10865354
9944453
12056496
10745402
12722910
13073755
8253656
10154510
13003750
18835039
16725614
16985441
16544838
13124108
10333168
18421087
8317884
11341693
13681360
12750403
13936910
6841179
9932018
11745955
9643798
17008240
17623666
7360199
13303714
10643201
7766715
14516404
13501256
15865891
10043512
11578289
5104843
15380169
13375311
16596735
11058466
13548087
13337024
13946548
17207469
15117236
17038954
9183109
12558294
17306900
19607210
16928942
16808425
13049532
14123728
16966676
8287838
19875507
7581970
11516292
17368488
17319381
8349445
8286587
13574809
19152173
16238851
14543948
9059853
18281665
11068862
17614349
19122677
13333929
10935618
13477258
17513997
15262821
17522767
17166591
14005295
12237313
12392486
16614439
13278722
11219488
14689252
17034360
16392669
6301907
15957028
16016061
12529876
16164146
14238488
13484572
13928620
17585069
15310520
11858764
15754634
15690908
11014603
15480472
14577338
11516134
10378674
18730279
9594228
10044724
5861498
14448347
12254056
13555847
18562617
19168912
12260144
10942326
13774640
10905711
12353182
12705006
10099754
11133229
15787412
19094109
13064315
10679152
8902916
18286683
15137334
17177032
13224356
14331167
15985504
15787830
11390138
8212707
16729579
12535183
14077355
16213457
15159735
18778803
13745607
12143678
17293102
13989151
12131138
14413491
9322938
13654369
17372545
6245547
14225473
11847740
18444022
15344547
7734571
7045460
13462079
10091493
15131363
16415904
3167831
13629135
8260771
17133332
11226506
11255504
19444387
15299034
15460666
16594193
18016932
19477727
16233816
13642419
17361714
15182053
14741424
19778932
6307618
14839981
12045760
15711173
6544232
14711196
16846439
17301243
17273691
18037595
5515230
11783406
18251205
6254176
11338256
8274221
17926377
10382493
16921082
14359030
15123481
16702809
17728856
9766543
13923351
14028486
15421061
5650829
18852735
13085425
13695508
17608639
17653695
17847707
15040965
9327271
10735795
15074020
16070147
9216955
13618164
14652462
8487634
16412020
17846768
11580959
12971264
15647535
14368793
18698157
12581117
7243269
17172263
13271938
13409999
14612890
11014803
18583593
17015159
14914693
16708358
16443938
13612000
12317434
18639206
2134156
9830497
17111261
6794966
11165323
16522598
8681348
15548064
12263954
11640799
15916053
15420578
16904399
9981143
12252427
18851513
13894700
12118898
17553615
16846651
15587969
18726405
10705641
12717688
11257226
10542020
14119463
9191848
12280173
15041672
15920948
15547387
16281476
8139730
15906616
12364049
17782242
13696427
18215225
11851667
8037811
12666277
11160089
16920856
15734097
15367823
11687855
10856580
18170680
13011760
15941767
9592592
13564670
18824810
12960029
11196436
18193039
8227821
14264918
13527526
9683033
5857236
9184430
14356025
13014033
11333783
15855540
8438088
16644249
17159025
11558529
16276691
9072382
16443952
14962054
14292253
17028000
14132635
9634136
18202818
9837153
14783769
3645984
9010047
13653230
5436090
13724540
10854533
15705763
9663082
16044408
17480275
13143697
12243140
19703773
15395117
12463977
13979067
13839396
13376698
13224563
15514379
11786114
16350057
15626465
17232503
13968225
18389355
13227309
14267867
15809287
14575342
17346722
14870691
17456622
14747539
14403177
12864824
14084530
12315920
10046274
13068038
14013158
12965222
14582321
11200990
13839930
14945459
16055415
13274290
10264633
9163427
12405499
11800394
6797728
14095066
5654174
11114649
10795361
17151876
18124598
15667960
8051356
14632495
11505720
14275303
6524083
17663008
11903183
15931133
15166826
7927338
16226169
17378907
7633203
14209034
17888853
17640249
9995905
14009672
12414848
15665165
18454449
14663703
16630670
11508202
10248624
17566420
16913247
8529620
16272650
18360466
12319129
10948212
15102142
16528164
14418394
14968301
16566972
18498221
11807621
15648526
15507229
17484250
17737430
4839671
7039699
14950339
16094081
13726149
16778364
14227682
8400392
11232787
12441275
13481376
15314362
12374708
13445605
11089895
12404474
16956436
11848947
14168019
16496111
16044683
12492895
11981653
9337205
8736876
18204904
11885552
5432233
4527243
13749071
19407401
10900165
13335812
14878405
8396884
9574274
14148478
12928388
8135175
9052422
3948002
12700955
13048010
7361589
15853835
16649938
13927476
13907524
10371676
10696617
17786465
15973949
17685130
11653939
14413070
12877127
14650913
10005073
19045568
19608913
8749182
8470417
12423658
18199469
19540601
14193676
12216407
18750004
12493462
5706029
13254872
1849817
16500003
9484659
14090037
17166922
17285383
15352383
17119540
14735060
15254971
11758584
9010210
11093731
15938614
17365719
6527570
13688638
19348291
9367886
10311689
15753904
14105601
13119593
5198149
13354573
13228395
9810153
12997475
17547224
14157918
15480203
12683831
14161503
16067421
12633203
17074856
17519231
15903572
17333747
11796579
11858163
11526491
14884469
15699256
11100917
14970366
16792234
17377123
16550199
15962546
13808791
9581759
16684714
6742236
16575180
15439239
18190094
17814457
15842343
12296089
9807937
13374770
17314064
13796352
17272212
16995485
12219740
14103660
13851290
16155333
14158607
16509497
17456691
12429866
15595059
13229932
18138007
12260958
16421751
15877025
7784245
19518095
17100171
17412743
13880069
14313721
13469591
15658112
2928299
11506000
15959696
16605829
14199785
15724689
11849926
6099591
14950088
16921355
9795599
11496601
13493916
11063707
17178821
12613397
10070634
6619759
13919031
12241270
10638843
13049113
18739753
17126842
8343958
7770015
8316331
12551589
11760447
8478211
16391876
10388140
8876765
15948393
14177409
16643737
13169963
6235823
10097889
15527595
9528365
14358335
16576681
17177525
13223924
12315094
14215904
18061008
18001550
16652251
10037237
14537938
17875060
17912969
11102633
18489274
5476916
17588111
12915465
7577696
15896478
16330871
11702499
11707082
12127339
8377050
15066350
10490041
13048379
16812229
11617507
9053083
7177785
15701332
18423529
14175272
8750840
6633004
9287271
12179084
12946892
11026108
10137306
16275079
16837410
13974399
7543928
12462216
13253646
18843051
13440578
14010534
13703607
15255728
17684847
17860815
19502679
14407348
17973086
11918498
9494002
18586099
17322582
11875837
15120727
17414573
17058886
13428274
10757780
18368751
17562520
9017369
14258267
15302463
19403165
13089052
13709782
11842361
13048559
16351936
9442162
13057129
14182991
16613262
17428153
18130451
9981611
5234634
8276373
10313298
17908506
15057202
13281336
17242272
12466415
16791854
15928965
6114075
11678042
8905344
15600969
19473916
10641763
16788552
17686894
17880111
12759133
17106927
9046543
7956218
19181001
17802825
10599221
14205109
9420988
12534479
7663158
17026853
12466085
13929442
17388428
19861109
18254835
17528533
5168514
17772035
17244205
6481616
14086165
18050671
7881529
10632176
15030878
10050259
15931230
19120740
11327230
14159847
13819854
15868960
11012559
17675251
16839167
16159518
18099499
18287032
15692128
9606449
5596045
12671528
11541164
14286314
13281381
13467310
8665004
17019777
9484832
13056526
10840154
13053467
16152436
10117531
18469522
17007248
13691947
11511247
13012953
13945189
15875286
17267756
17703656
12259589
8703635
15992666
17975654
18040831
11123453
12018442
7321547
11647350
9400851
9294236
10888108
15993385
13896444
12574676
7789509
12839513
15750812
16497010
18753595
11065060
11636095
14283909
13382785
11375571
13409685
9874037
10699063
14664570
16463558
13997035
12866921
14169564
4605145
12253579
9131411
13325001
11709766
14910931
11104312
10861300
11187596
9736051
15351576
5258323
12615806
18558989
13925856
12161614
17671646
13659381
19402374
15451692
11796692
11080250
17217770
14314052
14858522
16881251
14659231
12320063
17460103
15691715
14553091
15490318
9379348
7803985
16187480
13356236
9357696
15870782
9592434
9148836
14165286
8823720
11969842
16031425
14232810
17852635
16083297
6319184
6339961
11370943
5243122
4965057
14711240
16362526
18607307
18655184
14050238
10414612
10658799
8251747
9335882
14533104
11706368
8909666
16582890
16141534
16491954
9611578
19562291
18734154
17964719
14357561
14517527
12948511
6660121
7337485
13603924
15432764
6895615
16218846
17541540
11526781
17105531
17776767
11523834
13601789
13827391
18444572
14621280
16829871
16926042
14493414
18342539
17022424
18714786
14075215
13929218
14596248
13992077
16889928
8970684
11220272
17125272
13055932
13687347
13008977
10346221
11626066
5626286
11837306
12474675
9927670
16378236
17285701
11054748
9386773
5880761
10342232
16221797
11652321
10175403
6641876
7929390
18191039
13901639
17945262
9172381
18262423
13148423
11764367
16571988
14778122
18023744
16793208
16019661
13040290
17824326
15927521
11680300
10015326
13559147
18148785
6666521
10179880
13440522
13388140
14913596
8824536
11864005
11475123
16398069
12972379
18837228
6609529
12233972
9937066
11993544
13462074
12528354
12511136
16280807
6689079
13984949
14716610
7699431
14469562
16609883
8496727
11246984
11381470
7703722
13645460
13451651
6575115
15499946
8884260
15366925
18339986
15875847
13153154
15614747
16017252
11469113
10719735
13587127
9775823
19147300
15631506
7994550
13855674
13408129
7874394
13466735
14975379
15883918
18073242
14609116
11370099
19072936
17677915
12097896
14861133
10277990
16119788
8892231
13521500
16745988
12701576
13573842
14308543
15293748
17156701
17498492
6037923
5661678
10494204
11749406
7678794
17288171
9564580
11597090
16817122
10056167
14753967
13516603
7288983
16566274
19193156
10981639
9729870
12953420
10647977
9514469
14204872
13970981
14252616
14479460
14689748
13454036
13020985
15821815
16279060
11222105
15852429
19094615
16475683
19370898
13669646
11448907
13709946
13271956
11496204
16465429
10958770
16325224
14679781
12134242
17590322
15166134
16817706
5515717
15024166
8637694
8555540
11605756
9685284
4856646
17705096
15271464
8396070
17461839
17590385
17013935
8139699
16898304
9351350
15969067
9795572
10726547
13429056
11923732
16491530
16463441
17919750
18321672
11924246
11003363
17828757
5952833
9986430
18269718
14390223
16578299
13539895
16533204
7265911
16208942
10298509
13581832
15603515
10209745
13884516
10536257
11558978
9445346
14309801
12956129
12296844
17250769
10806777
18590346
14079806
13363571
16264565
9562545
14155567
17366684
17123758
14047254
10739854
7228473
11514289
18913239
13954071
15658126
16676320
17796307
17605578
10511469
13840608
15747793
17760184
13078529
13840596
15466030
12188759
15188612
9848388
18060831
15265541
12349985
16423722
8612984
16291408
13371341
15290552
15973604
17912000
12924053
18956664
13012381
15521423
7066823
5598058
11356484
13830394
12186668
7016483
11394179
17852572
11667850
16182620
15367274
11367032
17010963
7270667
11482305
8157705
10723587
9705863
12346472
16048053
18865787
17981057
5454635
12046991
18020784
14847852
14626756
18930152
16893411
13364448
16003228
14353918
11308016
14685271
11194370
11061862
12987521
10560762
17926727
13690478
11949552
13307841
11428895
17140971
7843305
16971423
16654947
16958355
12207274
9570408
13965512
13264212
14729591
17689236
9794278
10829724
13950662
15034888
15593258
18416474
12000476
13851121
8553069
11405697
15394199
15638426
13365348
13995819
16442498
16250267
7295300
13115923
15194017
17477721
10330284
13978200
13375312
6695995
14895678
15510847
7956495
12354234
11542551
16869258
18082250
14622112
15969443
18112411
11706804
10910557
14336050
13294990
12973938
13558893
17835812
16658987
15223846
7535391
12577344
13871317
14574458
18197383
15627319
9003552
12884290
14448429
14373048
13231148
17051254
18723015
13462151
16572257
14429648
12288008
10491159
11273130
10696287
14977158
13078414
13636060
18471408
14877576
13447129
18385073
12876513
10897772
10003175
14345831
15899864
10097654
14702334
11032646
10361521
9059610
15280768
7398290
7656832
7497076
13281699
13489146
13132262
12282675
11967105
8903487
15076699
14024232
11109079
5464615
15873977
18321831
13704432
14024069
13337051
15167972
9043956
15238429
14387351
13984188
12578409
7260499
18327673
8789271
16193742
14700888
14430094
17267692
10098921
16503582
10608230
17945938
12332011
16662176
15268916
6470434
11004126
7972342
8864559
14898509
7697816
14493577
17494175
12902741
11741721
11456523
5964698
19474971
12805027
18224883
7408157
17101669
17269735
13316272
15514313
13863774
6819836
13304111
12357111
13706236
12186808
14140037
12042524
13196272
16014972
15055300
15921730
8153913
10029233
13226050
18189798
14608342
16164269
15617081
14612562
12463985
17427978
5580350
10705683
18221305
15614515
18198509
14080162
11324387
11726159
13950742
11755009
14720911
13957440
13096621
15499952
18076018
17002254
14982908
7271915
11993086
11875497
17352006
13224356
15399363
14248587
15177241
15266474
15237821
12468400
15416740
12261388
18640124
7109242
17755995
17898156
16448667
10020411
19000178
12759286
13598362
10815677
10306193
8494676
17228650
16948952
7508661
15494333
9296453
10806472
12756917
17038183
13612103
15608435
15843821
3574038
18105398
11830665
12362548
15002471
15548776
14499032
13983877
12085221
18070951
9374755
14677635
13041817
18336383
16993897
17974696
14791745
17491183
14149927
9750396
12809496
10837793
15421290
15406308
9943614
16422380
10730109
12399772
15800086
12295253
16997616
8492272
7885860
15330549
13312015
12714327
9779947
14461956
13132887
16982152
7833241
12286389
7737401
9857248
14824447
18436038
18905216
18966904
16792134
14632560
12688146
16954385
14926420
14266382
16143864
14999378
16287655
15592063
13102888
16199710
14731530
11332876
18747965
8231157
10082111
9910854
16215424
10516580
10751904
17795924
4805780
11772809
11037837
13832877
10031065
15354335
16635209
14892159
17560561
9918598
15422485
9497460
16117114
16722851
16615762
7373616
13504919
8341715
18864779
10713849
16668449
13125387
19394360
13121856
16440402
12514523
18242328
15146375
11513903
9486766
14009636
13323370
11301234
17539682
12297656
13669832
16581817
14602384
15373563
7341513
10918435
12395227
15509348
17672996
13497101
15657289
17050536
14125244
16593251
12964994
10849250
7868843
15098196
7660938
14344382
7328064
16371355
15567882
9394010
15570619
10299398
14826755
10800464
13186779
13921413
14870292
10490924
19085287
11967328
15138380
16052482
14854900
15990082
15538307
15655952
10305010
19172412
7078755
18282816
9636751
17830292
7011140
8336822
6159496
11282499
9401231
7899395
14862132
11203375
18936179
15057567
15220803
16460480
6215943
12344217
17193217
14593304
7568642
13617269
16064198
13722645
19410478
16014772
18976114
18078337
16445235
7813253
18669004
15229410
12920100
7412148
12603533
15902417
16649701
15064546
13616237
9645291
5811465
17629432
12623237
13190885
13529889
16759249
11268738
11237830
14453297
12868559
10263701
7474366
17195412
16763067
14932778
5681842
12916827
17339830
9544618
12173528
16940520
18083413
10550505
16098211
12490468
13112220
18287331
14705483
4660542
13555511
6997696
16150990
11765233
7286899
18089270
18702748
18305549
11387545
17842640
12532000
15808989
9137377
19024898
16693971
16440934
8826918
7171601
15529120
14871412
17022194
15517854
4201955
15445491
14401342
13068203
12759934
8891673
18736990
17090048
8602745
11611581
2105301
13785099
8905947
15650493
15333607
16022290
16216144
3356153
14473697
11022355
16711999
9932248
11063492
18238747
10549496
8932379
13800417
11636462
14630608
18521289
3904727
17284358
4307678
10758118
18815607
9824413
15699846
18509224
12706384
9655984
10186613
15226593
15215752
9426960
14925850
13312886
13772681
13710302
11985579
14116506
15743581
17482901
18851333
14224178
17163898
15989828
7825484
16128655
11802193
12162678
16325450
16514302
17930672
11471720
11166511
9040931
13853566
17035789
13217162
10227482
9793063
13889307
12414534
7531095
15350533
17069630
18978408
14062839
11229988
19220906
10473549
11406641
12279742
11127400
12902546
18347935
15197181
8268685
12894280
9945656
11234815
8801535
16900236
13007378
16862684
11149245
13814162
16051677
17602074
14633250
13870286
8526751
13672819
11621654
17266255
13585749
8941771
15147672
13840449
8711957
13322578
11241663
14993681
16147614
14897993
14872372
14405978
7477137
10499764
10085866
15027319
8165194
12835945
12415769
11147695
13352453
14565142
15475217
9991162
12805639
17210303
8993463
16095611
12262038
9836225
16542252
13112743
13496414
13367379
18523351
3901306
11392305
7077249
18903251
5900054
17727182
14905107
15464086
14998493
6263209
13895935
8389540
13450366
17252099
10143670
17563807
11718066
14785542
7539122
7955991
10889479
9947347
17573337
11173322
17355889
12718355
15304517
7513121
14979722
17008740
10400664
19754989
10138042
12866901
16790372
11409687
13909896
11225392
14814697
16274737
15263224
13481923
19251536
10979081
9268234
4738736
18056392
11573519
13788316
13848423
11677322
9827902
18703616
16394222
19025676
13941006
17239990
11780471
6058334
14609444
7231511
11149882
14215067
15998072
5655313
17794456
10781028
11519740
12950982
17035187
15445596
14849229
18308473
12689584
14383051
19183811
8059669
9912238
14188723
16758052
14634004
8412734
16661488
14676639
16640553
12325077
15689462
14656759
11461824
13385096
12186650
13962896
16123583
7530860
15768352
13835494
15054532
16519674
15488480
6718216
15030336
15716847
14331403
11779216
14992966
11678152
14905407
15871583
13087085
15215270
16525404
15030750
18238491
17565212
16015843
5077548
16126527
16103472
13947843
17815664
8613959
14949467
19275965
16816007
14566345
18572669
15247140
12778864
6721022
9580481
13646412
11431998
12938369
11491281
17756776
13260584
8519599
14483134
12246248
17756994
15635580
13297233
15506684
15409459
14178968
16428356
16030839
11595624
13045886
8222505
5952021
15540624
13258098
15486615
14930718
5008704
8249663
12329034
12047005
17868158
12322067
16272480
14170396
15473107
15346193
16939216
16964203
15210472
10273152
10961164
8439356
6924882
12718160
11718959
17566268
15354087
11250906
8535238
5335159
11173593
17596590
14905282
11891743
14444208
13317696
12505925
18959973
17300681
8328420
9812507
15125387
16534563
7145216
13977091
16097930
11114519
14973968
11321877
16080452
17358419
13946216
16442657
14925584
15178756
8012321
12814878
13869661
16108058
14315300
10285724
16624702
18230722
13240831
10956366
15422119
13284142
11100674
12888458
14135228
15729776
9308297
18807089
11663048
17866134
15233179
15927428
13635944
16544323
17349126
16907470
12180677
16141201
15483338
15380753
17547958
16960396
13428326
19094138
16204365
11166298
14644907
15212512
14798680
15378640
18541007
10355543
19410567
18550167
9110421
12048504
17541979
18718140
15391368
12562543
10807425
14243117
10474156
17540198
17032181
12405841
15179793
11303671
14732160
17745475
15844377
13351687
12968624
14066887
12073627
15822987
4283509
10976961
10994126
15026654
16225772
14758884
8671875
13448512
10159773
16988619
16625140
17123892
9474398
16173912
19701854
13038280
8506513
17273678
11674757
18411657
11583287
13283975
9251861
12433147
13792799
4556553
14886552
14101537
13692388
11414984
8290568
17240210
15646232
13036578
4070710
12128752
15340365
9118581
17039482
11290788
15408039
10072541
13808547
9802815
13201611
12639945
14633828
16490157
5112900
17901670
15814890
18474896
17663474
14764199
8531500
14024380
14232361
18002074
16074560
14192156
17211391
12736246
8439626
12127162
17935301
16138392
17285521
14635759
16685639
7145399
11319304
17479566
9650880
15434088
14920649
17367610
6609982
17406387
14870209
9562619
18175704
11291622
16277600
13529187
10318129
15026883
15395356
12282444
4826445
3945860
18781249
10016675
11976399
15320038
13478377
13592596
14250533
15589144
13163848
10125039
11625405
11316838
12494644
4945103
16363698
13415068
14511753
4895584
10418636
15879638
15516376
16762928
13884669
9981558
15530438
12457371
11971069
14243189
14097784
15081893
6231787
19311781
10855575
16224594
8635734
15637250
9952489
13384833
15919414
18169578
15581516
16439023
18959359
14661499
15338320
10604881
12043470
13394933
7660542
12171258
9284290
14083714
16870706
14712025
14484365
15311560
18903845
15139197
13676755
16060574
17719743
12321613
14705695
3017671
14341988
12671735
9176735
17100803
9278557
8374730
10529345
12653617
15041104
12235887
18612705
13077750
15042690
14030780
16452832
12870178
16603859
18032665
4542133
17674728
14008746
14780525
15467840
9891287
8831473
15977277
13068799
9304298
13149622
13372019
16718595
10332574
11333961
14423312
17831840
13487190
9584799
9498354
17300837
17393046
14932359
9222215
17254769
14855685
15168355
17587353
11893448
13253515
16116531
16605589
17070040
5464703
16602895
12679053
15532076
18479934
17387178
14213494
13470518
16630249
7714191
13506645
18574351
16299237
11617623
5484649
12549901
18808073
17158814
13887109
13516248
9439669
19225688
17899012
11157671
16191789
9534796
18732036
18739038
16763692
9322839
15946853
14167832
14539975
12513087
16042517
5644307
13768206
10680612
9927193
15006554
15898099
16044892
16114130
16918647
16181194
12393849
14971877
12299262
16391579
13034345
18196177
9451257
13132699
11875344
14992155
9116068
16938640
14341511
13727737
11797224
10154096
10836657
13054876
12158920
9153715
14018751
16582551
18126425
7853424
13588935
15265044
12017562
16651132
13598040
16652893
9672461
16055071
16126275
15663275
15324388
17268730
16797933
14261462
17217157
9360107
17142620
19536658
18304959
17585179
5368676
10062376
14205893
13238094
11045660
17807733
10572521
15553422
16317489
9476123
6326512
13712363
10294450
13408525
9091699
19366397
19211557
15875716
16779366
12549763
9482135
8048699
16051148
15929908
13628788
14605440
17178065
19010290
6459438
16651174
15226923
9068876
13471921
10288289
14856588
7590236
12366949
12481747
17071175
14804465
14090684
15514071
17494401
16214338
9919662
14385392
14060782
14006908
16053654
17539766
16469216
16043270
15732730
7280795
17917370
7368212
10193868
17056752
4530621
14204255
8777620
15591206
14953581
11504102
14466060
12075071
10534942
9883611
19246042
15251363
10392707
16440394
12547043
16721551
17124731
14226773
10431005
10478708
16238870
17854934
14529297
7391014
10804983
14066319
11366137
8659942
13027473
8232768
12386711
12786604
9418253
15274798
11512033
14163168
16001786
13683672
14064794
17934559
7075292
17397078
18475463
14075473
11178661
7925092
8977335
12257407
12819107
18208056
16727681
12612637
13859752
17140694
17463533
17737001
16339274
16856181
12243761
13034967
9287020
15413801
11530797
10684108
9550447
8781787
9562027
15958571
19111289
18781950
11260737
10495703
15097921
17879728
8684379
11911205
7786086
9949836
12866627
13151000
11187395
10332558
15725545
18903036
17445103
3099851
17281406
12597036
17161555
18149157
18219260
12494069
16395697
17139146
13764022
18946815
13371121
14226851
16403379
15457186
7478873
14160979
10598697
11032693
13922135
10639208
18582866
12205020
15575177
15407020
8499206
16138063
12994380
16801947
13407479
18494310
11812486
12086937
15020667
5252474
17053361
11633939
16207452
15312958
14391868
13321244
14736420
12641117
15757591
18010932
8211199
17212723
15631076
13108296
9200655
5390156
14384947
9790124
7131635
13872059
10206204
17623168
11536323
14213954
7749862
17179466
18891042
12757151
9777764
11393804
14555331
17366892
11764799
19544144
9773288
9921754
5420939
14527989
10991693
13737348
14852778
9029212
12330729
14832431
17476585
17002058
10075847
10127389
15999272
13717339
14450945
16266917
17884947
18350320
16096445
15922784
18645218
16339289
11536794
4869383
15005704
17501095
12850881
15469276
9979404
11766768
17737201
13129372
16323134
17630148
15410175
10795720
17225399
13198194
17156921
11510234
8181723
12269724
9883128
16001477
18128744
19228368
14749641
13619922
11696263
13954628
10035802
15388662
7680394
11328244
14168315
10952701
12242795
13934969
14294870
11341252
10683128
14034101
10477982
11281688
11225912
11423359
13727812
14154533
11128240
13367616
16383012
14992813
11844752
14776236
16076945
16853366
10150150
7711787
17529998
15151677
11910879
17173110
9948862
13902039
16036111
15286176
18392784
17949718
12797469
17305690
8446273
15318851
19856993
7077886
16877298
17298066
14936815
14679465
10350649
13723371
17533796
15886053
13580776
10936796
17983032
9277185
12201626
18234941
8574803
7904645
14548929
15967756
17373300
17118476
14205989
9477036
7518221
9075629
15501176
16887678
14589695
10999659
9257208
15672341
14651594
19490280
12023120
15179001
4651662
11307693
18932429
12002824
13364084
16425143
14459143
15971213
12961207
16539152
19161864
10595958
13064402
14928804
14577195
11614279
14818022
9821343
11319986
14363841
19257195
7761646
13872114
16044438
13659655
16933289
13103651
18145504
7896045
12013131
16974786
11148643
5803561
6658453
10182649
7138096
14831387
7158783
11998310
18047271
11009199
17718332
15689955
14742867
13735134
6040911
9051720
18965796
16615419
16229790
15140799
5931350
15533810
5512685
11763145
10796816
17217718
12403300
8144293
9226115
18149260
15268971
11973115
18754006
11495043
13840888
6806329
13764848
11284321
17798452
15992858
10159050
16061526
14821064
17729469
5368539
16361247
15659720
13983038
12416463
15276948
9852725
16023334
3322747
13428565
14739316
12745952
14800391
11912275
19415243
10771389
10227819
16537899
13450055
17235578
11341124
17524659
13889275
7324840
11701315
17131877
13524523
12752655
12339781
12236344
15652625
12388726
4233438
15159374
14612033
15746760
17117467
16608973
7376358
9209297
18504250
16331747
15107390
12873963
6256753
12526235
8584496
15460451
12122258
13873647
16419564
18584677
9060866
6571143
18295155
13356546
6819692
15268540
17919736
16524248
16290095
18421092
15254404
17097589
14749600
4695226
17656135
7768473
11623934
17938944
13117825
8408289
11292017
10828069
13182857
8957708
14155693
13658485
11652673
13270155
11690273
16607899
8792375
13974592
16087402
13936861
18049741
14758111
14161313
9385932
17645144
10868117
12780428
14608252
10177434
14547789
16177567
10606053
17211409
8078146
16184447
12217195
8126167
14641538
18599831
12940547
16054013
9384780
15141294
17167936
14389452
14366802
18125095
8073624
13799501
10971218
17321863
13019247
15480441
12211263
7675859
16359322
17730942
16072731
7116069
11197954
9540375
15310339
2650579
8368273
8674963
7353992
12297884
17503436
11642202
19647249
11388185
17171884
19603796
11471261
8027604
16640174
8099704
10362440
18055118
12446613
18863585
11717229
16634019
14603338
15166755
10794553
13296768
11831709
13975598
18020205
14607066
16208597
9389853
15814435
17932342
12641050
18788968
13947872
18069610
7804671
9897737
18119411
16108396
13404198
17282560
16173578
11388896
13025034
8259513
19219324
19149225
2240007
17825360
4888337
9184155
4885890
14407326
14089042
12985541
14428557
10088123
11284764
8833130
13041510
10373075
11174917
13645613
13754628
15664290
11915960
7272952
9386802
13475074
16444758
3987571
15210667
8452595
12469939
13160788
14176647
11126817
19063387
13015018
12172584
15443475
18618278
16076188
16402430
12621593
15608088
17376133
16346113
16261340
12765560
15288387
18196892
14918402
5388285
16833186
13884719
9637856
17607196
11929263
12198182
13701149
17615463
14078214
8010921
10683803
11516503
13578034
17473215
13229778
6647704
16563732
16686378
18943640
5777354
7268183
15259990
16585695
11106376
13100456
17908997
18486150
10305525
8992110
12189751
8420674
13961248
11013134
10549571
18724455
9945801
12723664
12547548
10305261
14606185
16444842
13052886
17748482
14212825
19085912
9715408
12893034
16688621
15938452
6224285
12940683
16760546
14699943
15138859
6691308
15391116
15643369
17374794
12979128
14041409
17305634
10317195
10629133
11541785
13016386
16223338
17428394
18465287
13255005
14508412
12478105
9035653
9252616
16546298
15889183
16270875
14255762
16359571
14483350
12533366
13366754
14225289
8394804
17380386
18714049
16862293
11112568
16538766
12628169
12388589
14462455
16342520
15958088
18809630
13675607
19617836
9134465
10121491
9217522
5908794
18096812
14277576
13880632
17355763
13495088
14964377
17550960
12910751
17147316
16558300
9382212
14563407
13016184
17357845
15471141
13736070
10923817
6734387
8267280
14820530
15468338
8028749
12253376
11297582
13684304
10448379
15545300
10293608
8142469
12717606
7399908
15158686
8338213
15631163
18226494
16971233
9066873
5095674
14831448
12692412
6130796
17780378
16933257
15257855
11671871
16958597
12171911
7929243
15176531
14361716
17196902
13598732
11749917
15050924
14320548
16700763
17711276
13560880
10052273
10551932
13528560
13079011
14422364
12139051
17716418
13127022
14773918
15099330
4445858
14734394
14233204
17868785
19101166
11615028
8869091
13288871
19140439
11810878
17496835
10044417
11338181
19088149
16587337
11241501
17284650
11835640
14946228
12826195
4096334
15363533
13017877
18730238
14104787
13400387
14565641
15355016
17591533
11426239
4948555
10638227
14105315
9731184
5635246
15449326
15826308
3725827
7120797
14591728
8662191
15246086
13274256
12554939
9736100
15500187
13973142
17400501
