48
18721
555
517
251
18721
18721
878
48
323
878
18721
7872
18721
18721
623
18721
2749
58
18721
18721
260
18721
18721
18721
311
631
638
18721
278
314
18721
18721
1018
1217
18721
18721
18721
18721
18721
556
7872
18721
18721
224
326
18721
278
157
131
33
503
18721
248
12
18721
18721
1217
53
18721
242
244
55
238
131
2749
18721
79
18721
301
1217
78
18721
18721
18721
8
18721
17
18721
18721
18721
1063
1063
205
326
1018
44
18721
18721
153
6
56
131
1724
18721
18721
18721
18721
18721
18721
18721
39
1217
17
14
623
18721
2023
18721
18721
1808
18721
18721
55
205
18721
153
1997
18721
18721
18721
8
37
1045
43
18721
97
18721
18721
503
18721
18721
18721
18721
18721
18721
18721
197
18721
6
139
18721
18721
58
18721
121
18721
18721
157
18721
18721
39
497
18721
18721
18721
213
1217
18721
242
18721
121
218
18721
18721
396
260
556
18721
364
132
18721
31
18721
278
18721
37
18721
126
18721
18721
1
18721
18721
35
18721
18721
10
1
43
