129
234
176
355
128
1004
12
216
254
91
87
173
1771
159
465
274
357
21
127
1621
353
115
2183
423
46
3
1229
201
355
93
851
31
57
40
617
10
603
3079
193
7381
647
327
59
851
129
39
34
423
4
465
260
68
57
345
1046
40
12
1771
3
293
651
18
495
98
500
675
31
14
67
271
157
423
62
27
9
205
3025
167
92
16
50
260
157
128
512
209
236
590
44
39
3359
2350
512
514
226
54
176
7364
159
294
1621
203
82
82
572
256
147
7
27
17
353
17
173
173
66
62
44
572
176
6
203
12
274
71
294
21
590
101
96
353
82
234
293
293
495
31
345
326
4
216
2
465
572
62
10
1124
153
675
32
328
18
2171
216
4073
128
6569
280
115
117
7
655
3641
80
205
655
147
9181
57
10
514
71
31
524
101
176
293
3
31
1215
655
10
