133
19110
386
534
286
19110
19110
82
19110
133
133
19110
45
19110
191
23
19110
19110
108
19110
2095
19110
19110
285
19110
19110
19110
482
19110
142
30
19110
19110
59
19110
122
19110
19110
724
96
504
19110
724
18
59
1443
390
201
19110
19110
111
16
630
367
19110
19110
19110
68
19110
50
19110
85
19110
71
19110
319
18
39
19110
1344
19110
19110
361
19110
19110
299
158
19110
111
9
40
19110
30
161
19110
142
4
19110
19110
19110
19110
19110
299
19110
9
592
19110
3353
19110
19110
19110
19110
400
19110
19110
133
142
19110
19110
526
116
45
19110
19110
19110
1824
923
9
19110
19110
19110
19110
200
19110
19110
449
142
344
57
201
19110
19110
19110
19110
19110
19110
19110
18
19110
133
3
19110
19110
50
19110
50
45
19110
19110
19110
77
19110
62
19110
482
19110
573
5997
19110
19110
367
982
48
10923
361
724
19110
19110
504
19110
299
19110
19110
742
19110
77
62
19110
19110
19110
62
565
214
19110
74
19110
104
19110
19110
40
661
