90
670
145
195
163
896
9
1271
69
73
13
543
152
2242
29
293
866
14
643
9
405
115
163
13
1877
150
245
128
287
405
207
85
3559
215
275
129
2871
5
4824
57
46
14
18528
128
91
59
22
42
287
104
9
165
215
66
5028
73
308
216
322
397
66
193
73
255
279
716
78
307
49
432
153
68
75
216
193
11
68
43
251
9
9
2871
308
150
287
432
1052
216
78
209
239
248
293
2479
432
2227
322
1685
337
92
307
233
58
190
411
25
129
1122
1877
432
15
204
15
275
45
1594
105
46
235
121
5232
105
302
176
2199
83
90
408
104
21
204
128
878
543
353
322
170
159
322
75
225
29
255
21
2199
878
1877
7
150
878
405
165
30
691
414
2893
145
301
11
73
163
195
275
5028
1877
9768
152
405
207
173
145
1271
66
399
1
3
104
2479
293
58
643
896
