17020
17020
17020
253
17020
405
45
17020
126
17020
173
17020
17020
173
17020
17020
93
17020
17020
17020
1808
69
192
17020
16
17020
17020
121
219
17020
17020
17020
17020
555
17020
17020
17020
71
336
1898
71
17020
17020
4363
71
17020
192
2152
17020
17020
121
90
17020
326
985
17020
17020
17020
137
173
173
18
1833
1833
17020
17020
17020
17020
596
8436
4
17020
17020
954
369
134
17020
17020
17020
192
17020
17020
36
17020
17020
17020
63
17020
985
211
356
17020
17020
17020
17020
17020
17020
17020
17020
17020
17020
17020
1376
17020
17020
17020
17020
17020
17020
17020
537
17020
17020
17020
17020
8436
17020
10
369
209
17020
17020
17020
16836
92
555
17020
16
75
17020
39
477
926
17020
17020
17020
17020
61
12
17020
388
219
17020
17020
180
1898
17020
17020
36
17020
17020
66
17020
71
17020
4363
17020
17020
14
4473
126
17020
17020
17020
336
17020
1833
7
867
1376
26
477
4395
17020
137
17020
1938
17020
39
39
17020
17020
17020
265
537
17020
209
17020
985
75
321
17020
17020
2152
17020
39
