2345
438516
321
438516
438516
438516
438516
438516
575
2971
438516
438516
438516
438516
8495
438516
4973
154
98
3027
438516
438516
350
438516
1103
98
3348
438516
438516
438516
438516
438516
2133
438516
438516
438516
3592
438516
438516
191
647
438516
3720
2225
438516
5631
438516
2600
438516
78
98
761
438516
438516
3596
438516
34
154
137
438516
4222
438516
438516
438516
796
438516
28746
343
1019
438516
438516
438516
438516
2085
13
438516
2600
438516
438516
620
952
438516
438516
2226
438516
172
438516
438516
661
438516
2522
753
438516
2870
146
438516
438516
182
438516
4
438516
314
466
438516
394
438516
438516
438516
438516
438516
438516
438516
438516
362
438516
140
438516
1467
114
157
204
352
44
438516
438516
443
438516
13495
438516
438516
438516
438516
2467
308
929
1295
55
3390
2655
438516
4521
438516
438516
438516
2008
466
209
322
438516
438516
438516
1096
438516
2888
86
1640
87584
1578
41024
1097
438516
438516
5877
3915
566
438516
860
438516
438516
438516
973
270
438516
38
627
438516
301
6557
438516
438516
140
37601
438516
914
3867
2718
438516
908
438516
820
438516
221
438516
438516
438516
301
7212
438516
11330
18015
572
1685
715
2052
438516
438516
438516
438516
438516
117
235
438516
438516
438516
438516
438516
7312
438516
3140
438516
438516
438516
438516
438516
223
671
438516
873
438516
292
34
438516
192
438516
72
5158
1363
1348
438516
438516
548
1019
438516
438516
438516
933
438516
1482
2722
1295
438516
3035
438516
438516
1652
438516
438516
1266
438516
2113
529
438516
438516
438516
2008
4222
438516
438516
254
1336
412
438516
438516
438516
908
627
438516
438516
216
438516
438516
438516
1482
438516
438516
438516
138
8759
438516
760
438516
7146
438516
8495
438516
616
438516
438516
438516
438516
3511
308
438516
438516
438516
871
438516
438516
438516
437
438516
438516
1161
438516
438516
438516
438516
438516
2432
138
438516
438516
969
3103
1324
4222
1295
23408
438516
616
438516
1489
438516
2459
438516
438516
4521
438516
438516
5676
3338
619
438516
6821
438516
334
615
438516
627
438516
11292
438516
438516
438516
438516
146
438516
1813
11422
273
438516
264
49
438516
12515
2722
438516
1640
13833
550
3596
2718
438516
438516
438516
531
246
438516
438516
514
438516
438516
438516
343
438516
438516
438516
438516
2530
438516
1260
98
438516
871
61
438516
21
887
2300
28746
315
438516
438516
1319
1034
331
25
438516
438516
242
2746
438516
438516
2600
1082
438516
16441
438516
438516
404
438516
438516
438516
438516
219
888
975
66679
933
438516
98
2008
2432
438516
438516
1493
438516
51
438516
991
438516
209
438516
438516
326
1338
809
438516
3029
438516
301
438516
438516
438516
438516
2327
2634
461
438516
718
33619
438516
1873
438516
438516
1788
893
1659
221
7
718
25010
438516
438516
2331
991
438516
438516
529
529
761
438516
444
438516
438516
438516
138523
438516
2961
2824
438516
438516
872
438516
438516
438516
143
438516
661
438516
661
438516
438516
831
798
438516
438516
2624
438516
3596
420
438516
438516
13833
444
438516
815
746
671
2746
438516
438516
438516
292
2624
438516
91
438516
78
438516
438516
438516
1720
1588
438516
438516
438516
438516
438516
34897
16
1517
3720
238
438516
438516
438516
1824
438516
795
878
2033
86
1101
438516
234
438516
2432
219
438516
1544
438516
438516
438516
438516
4392
321
2522
438516
438516
1622
438516
438516
259
350
438516
438516
3505
438516
1675
243
3732
438516
438516
82
438516
6674
1518
438516
967
438516
977
438516
1103
46
5782
30
1180
23408
1302
550
1103
438516
438516
438516
438516
213
541
583
334
8275
860
2943
715
438516
438516
438516
438516
438516
438516
438516
871
438516
438516
2052
213
190
438516
438516
438516
7312
438516
438516
160
28746
438516
1897
438516
438516
438516
438516
438516
438516
310
438516
438516
17
438516
438516
7146
1319
438516
438516
438516
438516
377
438516
438516
377
438516
154
466
8495
184
438516
1019
28746
5064
438516
438516
438516
2429
35041
438516
1102
438516
11422
438516
760
7103
2634
438516
438516
438516
438516
602
3155
264
438516
438516
88
707
2561
998
1186
438516
438516
438516
23510
438516
438516
182
438516
438516
438516
438516
102
438516
438516
438516
438516
162
301
438516
251
933
438516
1542
438516
4899
102
3588
438516
438516
438516
438516
2459
438516
438516
2225
235
438516
438516
438516
438516
1019
23510
2302
438516
438516
438516
438516
7312
438516
2530
438516
3155
566
4899
137
16441
438516
51
109
438516
438516
438516
438516
438516
438516
438516
438516
438516
438516
438516
438516
438516
438516
438516
11330
718
438516
438516
438516
8
4222
438516
438516
795
294
4639
438516
438516
117
438516
438516
4555
438516
661
438516
1489
438516
1019
438516
438516
438516
2061
47
438516
438516
438516
438516
3931
438516
438516
343
126
2808
80
438516
1157
972
553
438516
190
6641
4467
438516
438516
438516
696
529
438516
8275
438516
438516
438516
438516
438516
969
1195
438516
438516
1161
438516
761
438516
438516
2052
3596
406
438516
438516
2464
3558
438516
438516
4392
1101
3596
321
438516
438516
438516
21
438516
1320
438516
1987
98
438516
438516
438516
4899
438516
973
438516
3187
438516
438516
438516
1607
438516
243
1853
1647
438516
438516
438516
438516
1101
192
438516
493
8
438516
438516
438516
7312
438516
39
438516
888
4222
216
438516
438516
438516
438516
1537
438516
4639
577
438516
438516
438516
451
438516
438516
438516
257
5782
438516
167
438516
350
301
438516
3338
172
1102
1154
107
438516
5631
438516
1987
1047
438516
438516
438516
3596
438516
438516
914
3732
