4434
2312
3209
3010
430
1700
600
13113
574
2771
4703
805
1700
3070
123
1391
19926
6676
531
221
223
1
324
452
573
1150
639
583
15228
506
34109
396
1134
3110
1225
8624
7555
5306
2029
53
50011
820
52
602
769
3779
1738
403
12691
5389
302
452
1165
3037
4716
1649
1185
1542
613
631
812
23
19254
1702
606
38
895
529
402
846
428
2384
7231
1959
228
4
78
232
93
77
291
262
9213
26490
5386
821
39332
6815
1965
1542
443
3636
730
2152
380
859
4076
2697
199
830
191
1861
32
18055
273
6863
1354
192
2719
1997
1150
1861
109
36
929
5743
10456
2364
385
422
543
3243
1702
1580
3037
51
1835
1702
5413
3070
214
43
908
1509
857
7540
480
8232
194
3916
6700
1662
4103
868
171
652
812
10224
820
4305
314
32970
906
810
25
405
621
3070
5128
10906
196
41717
194
449
7628
1181
44401
930
463
38
215
384
2308
370
767
428
585
574
486591
157
498
16336
771
283
1421
52
7231
499
157
612
45
895
728
801
2068
361
6815
1049
583
449
345
638
116
2152
7004
31
663
1510
199
6700
1382
1028
3225
7508
175
5093
174
4703
42
171
4663
783
910
1538
1900
1090
602
3086
129
43
26
1872
2413
157
6863
71
79
24
261
365
2151
318
822
639
23
838
1448
67
1722
949
8624
822
4103
265
16336
1225
728
983
5606
172752
32
380
1102
50011
69
3775
940
265
2016
16735
77
1002
1702
602
600
529
314
1177
218
6720
1964
367
5563
713
3363
219
365
306
155
385
523
225
89
639
3110
30
3451
1301
382
2701
143
571
14974
176
261
7556
30
640
1134
61
14
4976
12363
1900
8740
34
1644
193
2016
763
327
250
3916
19926
370
863
943
275
1158
13885
985
3019
20
859
697
8740
196
557
250
138
763
1872
1996
751
10966
7539
199
152
199
137
816
3636
573
805
919
543
499
5237
3070
41717
366
4133
172752
241
135
71
983
3668
10874
147
5525
3791
4149
9156
696
15228
1131
721
681
275
150
406
2422
541
27
450
43
821
1181
44401
91
621
1997
983
15228
12643
1029
17683
316
4720
111
820
78
111
219
5606
314
1644
318
191
95
571
6758
8845
192
500
606
2306
396
307
615
943
6700
4767
657
10942
870
383
1947
1892
1738
3257
3086
209
4633
220
10882
133
20700
17683
241
60
2413
884
523
61
779
221
1354
1434
0
235
1736
157
3257
1119
29939
56
10906
779
713
697
51
169
523
1935
316
3136
145
3367
209
15228
631
1859
10224
1425
2422
15499
34
1900
415
1102
232
43
2938
26
419
1872
457
2152
1186
79
19946
316
703
6846
234
199
2986
543
751
279
293
157
10882
13113
313
1662
370
1736
3721
541
779
753
1158
81
2071
231
805
12787
36
1223
41
3070
565
33894
27
1509
5809
655
822
16735
89
2118
1301
1384
474
155
315
4764
29
79
199
6433
2387
639
15128
588
82
187
13885
542
3209
5142
3872
16
11220
1185
1244
6433
1859
439
43961
367
1181
296
706
232
1035
816
2697
4413
176
1189
3363
2348
439
1177
1765
3440
483
2995
1327
141
35
486591
100
2205
146
13097
1042
6700
3677
13097
3791
978
5465
382
595
68
1395
1185
39
182
943
428
419
1711
1240
6758
1904
1719
1935
4646
109
600
663
14439
3209
2012
13885
164
1859
9156
6863
695
906
179
1959
142386
6722
599
417
255
4663
106
217
370
703
1227
387
333
604
376
25124
3367
273
1660
94
763
347
1732
307
53
1249
6700
415
39332
857
5334
3791
147
597
1409
2016
3455
218
1071
1961
322
1354
1869
673
84
6863
35
2014
341
3154
19154
323
139
313
3037
783
846
264
704
3225
1148
944
626
403
1608
118962
74
1192
541
3020
348
762
191
1861
1042
55
68
556
810
155
12787
376
1894
5441
1987
13841
1538
464
585
14758
779
8624
92
4634
246
203
861
572
1118
16735
1737
1378
667
415
51
17410
577
572
157
762
1995
663
199
4449
7316
186
127
2110
43
276
14974
820
329
818
159
133062
23
585
14668
179
779
366
571
985
2251
681
143
818
59
3460
224
25824
1036
137
1035
5128
8740
1327
1165
611
652
405
882
3775
21
25124
1102
437
639
69570
1189
10942
35
4764
5563
1327
366
3365
670
1510
367
2102
486591
189
841
1823
2102
335
16501
136
941
1140
67
541
4716
194
908
7518
5370
40709
2306
67
163
464
2071
402
118962
1835
1800
228
2096
655
3086
8276
1580
3243
2102
12655
211
11292
2008
377
1959
3367
68
604
8740
14668
325
1595
1219
203
541
12629
2104
5413
29939
4919
8
35
785
6863
10966
332
52
69570
4713
523
176
1702
1036
3474
3455
113
500
1042
155
1872
12643
523
7556
94
1816
3110
18835
4024
1249
3209
96
3455
947
1872
1165
248
597
5809
671
567
6852
168
52
1395
137
5809
422
1201
543
2995
185
13097
771
6676
223
15499
157
61
567
476
943
3775
93
5128
79
73
1395
762
273
2076
101
455
3363
399
944
250189
16501
