2856
484620
484620
484620
484620
484620
484620
484620
170
9829
6262
552
1115
1115
502
484620
14253
6545
484620
2343
169
484620
752
6179
484620
484620
484620
484620
3052
3435
1540
8967
484620
4561
484620
445
425
9829
484620
717
451
484620
484620
484620
484620
484620
337
11673
484620
484620
109
630
484620
484620
87
14
875
7216
2963
2612
14055
2012
484620
484620
1560
484620
677
484620
2672
484620
484620
484620
61
484620
272
484620
16
5106
46
1750
750
1683
256
484620
484620
484620
484620
696
484620
884
484620
944
1970
2343
484620
484620
484620
144
121
484620
8
1139
137
2856
484620
484620
484620
484620
185
743
484620
72
395
484620
484620
484620
1940
530
484620
484620
484620
484620
484620
484620
857
484620
484620
484620
484620
484620
1652
484620
1994
22
4561
669
484620
875
484620
462
2219
484620
8341
484620
484620
33
484620
1683
1762
484620
484620
484620
464
696
282
46
913
484620
2560
484620
484620
223
207
484620
484620
484620
5563
1049
80
484620
800
484620
484620
484620
484620
5709
484620
280
484620
1938
558
484620
11673
484620
1560
484620
271
484620
484620
484620
740
484620
484620
484620
484620
5599
484620
905
484620
484620
3579
7878
1441
57255
484620
121
905
484620
533
343
484620
258
815
664
717
39
484620
9712
484620
484620
484620
784
3032
484620
484620
484620
908
599
14055
4407
484620
339
69
484620
339
484620
3
306246
484620
4006
484620
484620
1994
484620
14
244
484620
484620
1146
416
484620
484620
484620
484620
484620
484620
484620
2570
484620
9829
484620
3151
484620
484620
2118
5581
109
1845
1783
857
131
484620
484620
723
87
484620
484620
484620
484620
46835
894
484620
131
154
3579
484620
484620
484620
484620
484620
6790
484620
310
484620
484620
3
484620
484620
462
59094
293
484620
484620
8967
484620
952
462
215
200
652
484620
534
484620
484620
689
395
5576
484620
7115
161
140
484620
1282
406
4817
484620
180809
5581
484620
484620
484620
484620
484620
1845
83
180
3151
740
484620
65
2219
753
484620
484620
484620
484620
343
484620
484620
484620
484620
484620
484620
484620
484620
115
484620
484620
484620
484620
316
484620
484620
484620
484620
8
484620
257
2858
915
5770
484620
484620
46
484620
484620
306
362
119
2208
484620
484620
19265
23
484620
484620
484620
484620
484620
484620
2560
484620
484620
484620
1049
484620
740
484620
14253
24200
942
2963
484620
484620
190
1065
140
484620
586
484620
1413
1018
1335
484620
233
1583
61
473
484620
484620
93
711
1527
484620
293
144
1340
484620
1249
484620
484620
2622
98
484620
1561
256
374
222
484620
15794
484620
484620
126
6227
484620
148
14055
33
24200
2355
484620
484620
72
3566
484620
484620
326
497
836
484620
484620
362
1540
484620
484620
14675
55434
37
234
484620
484620
484620
1260
484620
72
484620
484620
484620
15306
484620
527
484620
731
1440
1302
1146
3056
420
884
1146
484620
484620
711
484620
484620
1918
484620
378
484620
484620
484620
484620
5525
484620
1082
484620
374
16173
412
484620
731
484620
484620
484620
8591
484620
1115
484620
1109
5581
1634
484620
66
1298
191
5576
484620
484620
599
1501
593
484620
292
1440
53
2038
484620
1327
484620
44
11697
416
484620
646
1100
7198
6179
484620
21220
7750
484620
2140
926
484620
484620
356
484620
484620
484620
326
276
484620
484620
484620
283
6332
87
7878
484620
740
593
484620
484620
484620
484620
903
484620
49
278
484620
2960
484620
484620
484620
484620
484620
7170
484620
1133
484620
5058
52
301
3503
484620
652
256
134
4006
1157
5687
484620
484620
909
484620
484620
484620
134
484620
484620
484620
484620
809
282
484620
484620
484620
2118
303
5368
1583
370
484620
484620
484620
1049
875
6818
121
367
1028
484620
484620
170
2130
2385
304
484620
3579
1750
484620
513
1397
824
484620
179
484620
6227
180
484620
484620
484620
3306
484620
484620
484620
484620
1356
484620
784
484620
1269
926
2219
484620
2925
484620
5145
484620
451
2947
484620
484620
150
2858
484620
421
484620
22178
1540
420
6179
4672
137
510
484620
484620
14675
461
484620
484620
2707
1489
15272
484620
8967
484620
484620
484620
484620
484620
484620
484620
484620
484620
484620
1561
484620
484620
484620
502
1783
1379
484620
484620
445
5443
271
484620
484620
484620
1324
484620
484620
1180
484620
30398
484620
2960
364
484620
484620
484620
484620
484620
484620
484620
484620
1723
884
484620
484620
484620
22
1108
3566
49
484620
484620
484620
2052
154
3062
1558
1298
484620
484620
5115
484620
484620
630
484620
306
484620
484620
484620
232
484620
310
1049
268
696
484620
2038
484620
1115
84
142
6179
484620
484620
134
484620
484620
484620
484620
1489
356
484620
421
484620
21609
8341
392
484620
484620
4006
60
703
484620
484620
952
1723
484620
2991
484620
484620
2118
484620
484620
188
484620
2389
484620
11697
484620
484620
18670
2345
169
111
484620
484620
484620
484620
1540
484620
5115
908
784
484620
824
484620
2858
484620
1335
484620
49
4006
6685
484620
59094
484620
233
484620
484620
1583
484620
3390
484620
51
484620
484620
1298
84
484620
484620
484620
484620
484620
415
484620
577
484620
233
484620
5115
824
1546
1340
484620
484620
484620
232
484620
484620
2624
335
484620
144
646
484620
484620
484620
484620
83
1540
484620
484620
14274
324
484620
484620
7307
2385
2038
5581
117
484620
484620
119
1762
484620
2150
14
484620
484620
484620
484620
484620
309
484620
144
484620
484620
484620
484620
484620
450
2033
484620
1010
484620
484620
288
484620
484620
252
484620
1302
466
6328
484620
484620
375
19
484620
533
3629
484620
484620
590
484620
213
324
484620
288
282
144
484620
304
121
197
134
484620
484620
553
894
484620
9247
484620
484620
1088
484620
1112
1266
484620
5543
484620
107
484620
484620
484620
343
15306
484620
731
65
484620
484620
1723
484620
1335
411
322
350
484620
484620
1440
484620
104
