276
16
29
2994
13507
1142
3093
16802
592
1478
275
6555
2274
1506
157
283
5600
12839
1300
2999
1423
4751
308
39451
1280
3065
1090
5177
575
5857
158
346
206
1028
797
1414
728
610
3096
154
805
956
5076
1981
135
16856
926
5818
3161
27044
90
898
332
282
6860
298
902
702
2282
1481
111
1478
707
52
926
643
3215
1050
3043
2701
178
678
4476
3837
85
1737
554
52047
732
1142
3716
135
5661
1869
302
106
519
0
116
1236
94
5076
1494
4169
499
28
532
238
3096
3756
1235
116
1000
770
196
3910
574
4207
2292
70
3454
1700
2147
440
4423
82
161
1576
3096
707
69
804
308
12839
275
39
85
492
5152
15494
3108
811
1731
2289
1241
301
300
627
41
414
146
1910
386
282
544
330
2262
1289
1478
5853
343
909
770
453
122
1768
808
1266
1811
356
13507
3740
4315
3526
580
518
108
51
101
20428
1373
860
1000
197
618
1000
712
189
1373
2018
87844
18503
166
1240
220
200
2743
811
1703
1737
1373
340
776
338
322
568
84
11075
2701
3740
204
69
2053
4199
590
12440
5
8
33
186
5649
1039
12440
341
374
4260
5177
5853
2018
660
39
13
1321
6327
4707
122
6375
1595
651
599
8402
79
1595
574
483
543
469
7129
4145
2296
119
471
28394
104
13037
3223
4140
2149
38117
1261
1540
809
276
59
3500
239
14122
256
3233
704
12632
1516
1090
610
458
252031
50979
3187
1039
1731
39451
2999
1414
1039
57
2347
2963
22
180
1401
41
279
585
252031
707
1240
3194
707
179
3708
745
2274
772
419
1303
138
19
645
1494
16856
771
1079
24
22
409
40
1095
1150
809
12440
283
491
277
386
4884
1412
626
1303
271
1918
2636
287
27044
3187
99
492
20526
852
1412
279
16802
898
2999
1268
1595
15494
4882
2999
1079
114
111
4669
492
256
334
996
1371
11900
74021
65
1910
2312
1332
527
733
263
111
209
4465
1300
572
153
757
2386
535
613
25
1366
114
704
1464
239
38117
413
289
149
29
613
3500
1866
1074
1293
1540
902
7198
894
212
152
695
277
266
941
725
1496
1142
456490
14514
386
146
111
1391
39
725
244
1236
339
705
238
941
1142
111
2648
3888
2363
20227
166
776
554
677
327
255
3108
2644
1146
2139
935
197
1589
935
715
1906
218
3728
7527
380
1240
200
1150
5295
2797
2292
111
1010
3096
2963
409
1700
89
339
4140
22
20428
214
170
8922
203
1146
1703
5277
433
87844
2954
710
2998
50651
2211
1075
101
170
4515
211
3097
20227
413
3194
763
931
38
456
9
1156
133
450
1506
202
967
201
1988
657
1090
438
1225
1075
104
902
914
610
143
34277
157
166
52
824
1464
14348
157
259
14122
1891
163
297
6327
143
4700
2773
997
324
41
31
2364
1506
1142
1385
672
3518
844
811
2085
9
1923
845
232
4700
2994
39
259
2480
1420
301
2
592
902
269
3474
715
2207
1408
155
162
602
20428
3950
20428
1515
947
142
1506
1975
3910
1731
433
50979
275
174
1268
2
844
2386
39451
804
59053
4187
389
3492
662
121
471
38
47
3492
968
178
968
118
673
4169
395
2
1225
601
205
282
1300
3043
330
3500
4169
3740
1747
121
3998
401
422
3500
816
957
1080
606
412
1731
941
166
2143
276
376
498
5857
6534
4315
17
243
852
673
506
1226
498
714
154
3293
154
1357
772
2953
2963
543
42
369
5768
321
28394
136
310
2296
340
5150
6723
205
4641
16802
507
770
239
1357
311
45
297
73
66
1515
44
1321
592
728
753
2644
5150
74208
860
8503
450
1981
1510
290
1261
356
139
81
5448
2492
122
2
159
171
333
38
788
9684
4423
2820
1991
4140
254
773
1731
122
3261
111
665
138
3528
3756
2312
1369
101
50979
1321
1910
39451
961
1300
1767
230
5030
3223
2274
40
1201
2693
613
70
112
148
144
1464
967
157
323
2292
46
87844
1142
663
155
592
4680
745
5723
81
914
51853
660
798
3105
6916
18239
894
4465
17447
16802
684
212
254
874
585
1047
5899
386
518
94
34277
1369
124
3910
275
807
707
33
319
153
745
773
844
530
894
152
1268
587
1300
1010
200
714
5030
14514
8356
14514
654
2998
49355
869
845
1235
816
183
36
111
4145
2773
1769
43
389
173
2293
1595
300
908
914
844
111661
990
931
678
259
596
4882
5150
125
1811
70
276
303
472
51007
941
22868
87
2693
18987
604
12839
52047
87
1769
200
180
308
4884
3837
166
914
914
3
4680
382
34277
271
1767
4877
68
585
957
697
4877
195
122
16
101
2963
9684
2822
1150
6007
87844
336
157
309
5152
6840
885
369
8538
602
119
272
340
68
111661
585
710
15
16
4669
310
16802
3161
43
3223
112
99
1266
33
32
1358
3873
6534
2709
163
1229
640
4884
2648
52047
537
282
770
77
2292
289
2644
637
1881
996
2979
3500
159
996
419
4669
3187
770
684
733
7723
506
11167
585
2364
12
189
2289
957
1068
1623
1406
27044
2211
118
878
3215
27044
2370
4207
3065
84
2486
2274
1358
864
17063
2701
55
1767
458
757
4145
908
3518
6474
963
3740
523
601
909
1881
2286
131
7500
5152
2486
1988
26372
2999
2492
389
1767
2797
710
2147
5487
1018
702
1028
482
402
369
85
161
531
80228
2209
2963
1747
3223
901
5404
850
424
