439453
439453
439453
439453
362
439453
637
439453
439453
14182
2193
439453
163
2710
439453
731
439453
439453
439453
439453
439453
573
439453
121
1018
439453
551
439453
439453
439453
481
1291
439453
38
58787
439453
439453
439453
16846
439453
511
439453
439453
439453
3018
327
439453
439453
7549
4405
3020
136
439453
913
60
2969
1263
439453
29825
439453
439453
439453
544
439453
542
439453
7200
1348
2117
439453
715
439453
439453
64
1132
781
439453
5
3207
439453
3165
3929
439453
2949
1830
439453
2117
7549
439453
439453
439453
439453
439453
439453
439453
439453
439453
634
439453
249
9128
439453
4596
439453
439453
892
202
1044
1384
38
4986
857
439453
1581
439453
439453
796
439453
2428
439453
152
439453
439453
1581
291
439453
439453
439453
439453
4
439453
439453
88
439453
771
2003
439453
5669
11
458
2969
439453
439453
439453
439453
439453
439453
264
304
2251
4826
439453
439453
439453
439453
1310
6276
3681
439453
439453
4405
439453
4502
1207
781
1130
439453
439453
1861
439453
18
484
450
828
781
439453
862
564
439453
439453
745
2949
439453
439453
439453
679
44224
439453
4141
725
61
8231
3873
133
2053
631
5995
12236
439453
439453
1581
439453
5669
900
24
439453
439453
439453
375
439453
1523
5109
439453
6516
439453
29
439453
1687
439453
439453
81
997
439453
3107
2778
439453
331
439453
34
35
4630
439453
11212
439453
78
439453
439453
700
439453
439453
439453
439453
439453
390
118
439453
10321
439453
439453
207
439453
1837
500
396
358
271
439453
439453
439453
2544
439453
646
86
2185
1280
9185
16846
370
659
544
439453
927
1036
439453
439453
10321
1138
44
89
439453
439453
439453
573
439453
6099
439453
439453
439453
1837
439453
439453
439453
1949
439453
4826
439453
439453
18790
291
169
439453
1081
439453
439453
439453
81
439453
439453
309
439453
121
163840
55
439453
267
439453
439453
25921
845
320
845
439453
439453
309
439453
3344
439453
439453
439453
232
1290
439453
439453
439453
1764
439453
1166
439453
439453
439453
439453
439453
439453
439453
2267
287
439453
439453
68
439453
439453
439453
439453
439453
8365
439453
1840
439453
439453
439453
439453
439453
251
754
3942
439453
439453
148
350
439453
439453
439453
132
439453
2778
3552
439453
411
3344
439453
58787
14182
511
439453
439453
439453
4980
4082
481
56
439453
439453
439453
439453
439453
439453
439453
439453
662
439453
439453
439453
439453
439453
439453
439453
4405
226
713
212
117
305
2313
3433
439453
197
3433
439453
515
439453
1246
95
3929
439453
3552
439453
439453
174
439453
194
439453
3873
3107
439453
439453
2791
13252
693
439453
439453
18621
439453
320
439453
439453
18621
439453
1433
3873
439453
12236
4826
439453
439453
439453
5
1066
439453
439453
439453
439
439453
439453
439453
359
439453
439453
887
2518
439453
439453
439453
422
439453
439453
404
27
439453
439453
119
44794
439453
118
439453
439453
439453
439453
439453
439453
287
1066
439453
439453
439453
2375
6676
439453
439453
7767
1090
3929
1915
439453
29
311
864
439
2949
273
121
3018
439453
26
439453
95
439453
439453
5701
72
1351
439453
439453
1769
439453
12236
328
439453
8839
187
3929
439453
574
439453
439453
18790
287
439453
518
2628
845
1010
439453
439453
439453
439453
439453
439453
439453
439453
1044
439453
440
5018
3552
2758
4405
439453
439453
3681
439453
439453
439453
439453
439453
1884
439453
439453
439453
439453
439453
161
1669
1424
3552
11749
439453
439453
1830
735
439453
38
7200
439453
198
439453
439453
396
591
161
439453
439453
439453
198
439453
439453
203
245
542
439453
144
73
439453
3444
65
111
439453
439453
439453
439453
591
439453
439453
285
11484
9716
903
439453
177
2075
113
439453
1130
3929
439453
439453
232
439453
637
173
3444
439453
115
703
439453
390
882
289
7667
121
439453
439453
58
271
439453
71
439453
344
439453
541
251
439453
185324
4141
3889
439453
439453
439453
5398
2758
1352
439453
439453
439453
439453
439453
463
439453
439453
439453
439453
439453
173
439453
920
439453
4986
1684
439453
439453
1445
42
564
44224
439453
60
439453
15
2261
271
439453
439453
520
2949
371
439453
598
439453
439453
542
439453
439453
7957
4174
439453
169
439453
439453
105
16846
1494
2
17
528
1090
1611
439453
2053
358
297
1263
26122
156
910
453
439453
1433
822
439453
8231
14652
439453
439453
113
439453
1445
439453
126
439453
439453
439453
439453
439453
439453
32
439453
439453
1228
439453
439453
439453
344
105
1764
439453
9716
959
42
411
439453
439453
1915
439453
439453
439453
976
439453
439453
439453
34
439453
439453
1837
439453
439453
439453
210
59
439453
439453
11
439453
439453
439453
439453
29
439453
439453
439453
439453
1097
327
1611
42
3207
439453
439453
2850
4502
439453
439453
439453
439453
439453
439453
439453
115
439453
4952
4
439453
439453
439453
439453
3207
439453
439453
2395
439453
1769
404
439453
439453
6276
439453
148
202
2386
439453
500
358
439453
4082
1494
3165
439453
1949
1277
439453
439453
439453
1351
439453
470
439453
266
133
439453
439453
75
456
2053
2428
439453
439453
910
18621
439453
439453
439453
12552
439453
439453
456
439453
439453
439453
17
439453
439453
54170
520
756
4087
439453
439453
8231
439453
48
3165
100
540
3548
439453
78
439453
439453
2251
439453
439453
34
439453
4596
439453
439453
458
439453
3444
439453
337
256
439453
439453
11881
439453
667
950
1486
874
439453
997
882
439453
700
439453
439453
439453
1552
439453
439453
3344
439453
439453
439453
332
439453
439453
439453
8930
3433
439453
29
29825
194
439453
788
52
3020
439453
